<testsuites id="" name="" tests="144" failures="144" skipped="0" errors="0" time="2454.3149160000003">
<testsuite name="dashboard.spec.ts" timestamp="2025-06-16T14:04:51.086Z" hostname="desktop-chrome-1920" tests="9" failures="9" skipped="0" time="810.009" errors="0">
<testcase name="Dashboard Tests › should load dashboard page successfully" classname="dashboard.spec.ts" time="90.002">
<failure message="dashboard.spec.ts:18:7 should load dashboard page successfully" type="FAILURE">
<![CDATA[  [desktop-chrome-1920] › dashboard.spec.ts:18:7 › Dashboard Tests › should load dashboard page successfully 

    Test timeout of 30000ms exceeded while running "beforeEach" hook.

      2 |
      3 | test.describe('Dashboard Tests', () => {
    > 4 |   test.beforeEach(async ({ page }) => {
        |        ^
      5 |     // Set test mode header
      6 |     await page.setExtraHTTPHeaders({
      7 |       'x-test-mode': 'true'

        at /Users/thabonyembe/Documents/freeflow-app-9/tests/e2e/dashboard.spec.ts:4:8

    Error: expect(locator).toBeVisible()

    Locator: locator('[data-testid="dashboard-container"]')
    Expected: visible
    Received: hidden
    Call log:
      - expect.toBeVisible with timeout 5000ms
      - waiting for locator('[data-testid="dashboard-container"]')


      17 |
      18 |   test('should load dashboard page successfully', async ({ page }) => {
    > 19 |     await expect(page.locator('[data-testid="dashboard-container"]')).toBeVisible();
         |                                                                       ^
      20 |     await expect(page.locator('[data-testid="dashboard-title"]')).toHaveText('Dashboard');
      21 |   });
      22 |

        at /Users/thabonyembe/Documents/freeflow-app-9/tests/e2e/dashboard.spec.ts:19:71

    attachment #1: screenshot (image/png) ──────────────────────────────────────────────────────────
    test-results/dashboard-Dashboard-Tests-should-load-dashboard-page-successfully-desktop-chrome-1920/test-failed-1.png
    ────────────────────────────────────────────────────────────────────────────────────────────────

    attachment #2: video (video/webm) ──────────────────────────────────────────────────────────────
    test-results/dashboard-Dashboard-Tests-should-load-dashboard-page-successfully-desktop-chrome-1920/video.webm
    ────────────────────────────────────────────────────────────────────────────────────────────────

    attachment #3: screenshot (image/png) ──────────────────────────────────────────────────────────
    test-results/dashboard-Dashboard-Tests-should-load-dashboard-page-successfully-desktop-chrome-1920/test-failed-2.png
    ────────────────────────────────────────────────────────────────────────────────────────────────

    Retry #1 ───────────────────────────────────────────────────────────────────────────────────────

    Test timeout of 30000ms exceeded while running "beforeEach" hook.

      2 |
      3 | test.describe('Dashboard Tests', () => {
    > 4 |   test.beforeEach(async ({ page }) => {
        |        ^
      5 |     // Set test mode header
      6 |     await page.setExtraHTTPHeaders({
      7 |       'x-test-mode': 'true'

        at /Users/thabonyembe/Documents/freeflow-app-9/tests/e2e/dashboard.spec.ts:4:8

    Error: ENOENT: no such file or directory, open '/Users/thabonyembe/Documents/freeflow-app-9/test-results/.playwright-artifacts-4/41ad506fe820cd0156dab9b284f2b817.zip'


    attachment #1: screenshot (image/png) ──────────────────────────────────────────────────────────
    test-results/dashboard-Dashboard-Tests-should-load-dashboard-page-successfully-desktop-chrome-1920-retry1/test-failed-1.png
    ────────────────────────────────────────────────────────────────────────────────────────────────

    Retry #2 ───────────────────────────────────────────────────────────────────────────────────────

    Test timeout of 30000ms exceeded while running "beforeEach" hook.

      2 |
      3 | test.describe('Dashboard Tests', () => {
    > 4 |   test.beforeEach(async ({ page }) => {
        |        ^
      5 |     // Set test mode header
      6 |     await page.setExtraHTTPHeaders({
      7 |       'x-test-mode': 'true'

        at /Users/thabonyembe/Documents/freeflow-app-9/tests/e2e/dashboard.spec.ts:4:8

    Error: expect(locator).toBeVisible()

    Locator: locator('[data-testid="dashboard-container"]')
    Expected: visible
    Received: hidden
    Call log:
      - expect.toBeVisible with timeout 5000ms
      - waiting for locator('[data-testid="dashboard-container"]')


      17 |
      18 |   test('should load dashboard page successfully', async ({ page }) => {
    > 19 |     await expect(page.locator('[data-testid="dashboard-container"]')).toBeVisible();
         |                                                                       ^
      20 |     await expect(page.locator('[data-testid="dashboard-title"]')).toHaveText('Dashboard');
      21 |   });
      22 |

        at /Users/thabonyembe/Documents/freeflow-app-9/tests/e2e/dashboard.spec.ts:19:71

    attachment #1: screenshot (image/png) ──────────────────────────────────────────────────────────
    test-results/dashboard-Dashboard-Tests-should-load-dashboard-page-successfully-desktop-chrome-1920-retry2/test-failed-1.png
    ────────────────────────────────────────────────────────────────────────────────────────────────

    attachment #2: video (video/webm) ──────────────────────────────────────────────────────────────
    test-results/dashboard-Dashboard-Tests-should-load-dashboard-page-successfully-desktop-chrome-1920-retry2/video.webm
    ────────────────────────────────────────────────────────────────────────────────────────────────

    attachment #3: screenshot (image/png) ──────────────────────────────────────────────────────────
    test-results/dashboard-Dashboard-Tests-should-load-dashboard-page-successfully-desktop-chrome-1920-retry2/test-failed-2.png
    ────────────────────────────────────────────────────────────────────────────────────────────────
]]>
</failure>
<system-out>
<![CDATA[Dashboard title not found, continuing...

[[ATTACHMENT|dashboard-Dashboard-Tests-should-load-dashboard-page-successfully-desktop-chrome-1920/test-failed-1.png]]

[[ATTACHMENT|dashboard-Dashboard-Tests-should-load-dashboard-page-successfully-desktop-chrome-1920/video.webm]]

[[ATTACHMENT|dashboard-Dashboard-Tests-should-load-dashboard-page-successfully-desktop-chrome-1920/test-failed-2.png]]
Dashboard title not found, continuing...

[[ATTACHMENT|dashboard-Dashboard-Tests-should-load-dashboard-page-successfully-desktop-chrome-1920-retry1/test-failed-1.png]]
Dashboard title not found, continuing...

[[ATTACHMENT|dashboard-Dashboard-Tests-should-load-dashboard-page-successfully-desktop-chrome-1920-retry2/test-failed-1.png]]

[[ATTACHMENT|dashboard-Dashboard-Tests-should-load-dashboard-page-successfully-desktop-chrome-1920-retry2/video.webm]]

[[ATTACHMENT|dashboard-Dashboard-Tests-should-load-dashboard-page-successfully-desktop-chrome-1920-retry2/test-failed-2.png]]
]]>
</system-out>
<system-err>
<![CDATA[Internal error: fixture integrity at context
]]>
</system-err>
</testcase>
<testcase name="Dashboard Tests › should display dashboard stats" classname="dashboard.spec.ts" time="90">
<failure message="dashboard.spec.ts:23:7 should display dashboard stats" type="FAILURE">
<![CDATA[  [desktop-chrome-1920] › dashboard.spec.ts:23:7 › Dashboard Tests › should display dashboard stats 

    Test timeout of 30000ms exceeded while running "beforeEach" hook.

      2 |
      3 | test.describe('Dashboard Tests', () => {
    > 4 |   test.beforeEach(async ({ page }) => {
        |        ^
      5 |     // Set test mode header
      6 |     await page.setExtraHTTPHeaders({
      7 |       'x-test-mode': 'true'

        at /Users/thabonyembe/Documents/freeflow-app-9/tests/e2e/dashboard.spec.ts:4:8

    Error: expect(locator).toBeVisible()

    Locator: locator('[data-testid="stat-active-projects"]')
    Expected: visible
    Received: hidden
    Call log:
      - expect.toBeVisible with timeout 5000ms
      - waiting for locator('[data-testid="stat-active-projects"]')


      22 |
      23 |   test('should display dashboard stats', async ({ page }) => {
    > 24 |     await expect(page.locator('[data-testid="stat-active-projects"]')).toBeVisible();
         |                                                                        ^
      25 |     await expect(page.locator('[data-testid="stat-total-revenue"]')).toBeVisible();
      26 |     await expect(page.locator('[data-testid="stat-team-members"]')).toBeVisible();
      27 |     await expect(page.locator('[data-testid="stat-completed-tasks"]')).toBeVisible();

        at /Users/thabonyembe/Documents/freeflow-app-9/tests/e2e/dashboard.spec.ts:24:72

    attachment #1: screenshot (image/png) ──────────────────────────────────────────────────────────
    test-results/dashboard-Dashboard-Tests-should-display-dashboard-stats-desktop-chrome-1920/test-failed-1.png
    ────────────────────────────────────────────────────────────────────────────────────────────────

    attachment #2: video (video/webm) ──────────────────────────────────────────────────────────────
    test-results/dashboard-Dashboard-Tests-should-display-dashboard-stats-desktop-chrome-1920/video.webm
    ────────────────────────────────────────────────────────────────────────────────────────────────

    attachment #3: screenshot (image/png) ──────────────────────────────────────────────────────────
    test-results/dashboard-Dashboard-Tests-should-display-dashboard-stats-desktop-chrome-1920/test-failed-2.png
    ────────────────────────────────────────────────────────────────────────────────────────────────

    Retry #1 ───────────────────────────────────────────────────────────────────────────────────────

    Test timeout of 30000ms exceeded while running "beforeEach" hook.

      2 |
      3 | test.describe('Dashboard Tests', () => {
    > 4 |   test.beforeEach(async ({ page }) => {
        |        ^
      5 |     // Set test mode header
      6 |     await page.setExtraHTTPHeaders({
      7 |       'x-test-mode': 'true'

        at /Users/thabonyembe/Documents/freeflow-app-9/tests/e2e/dashboard.spec.ts:4:8

    Error: ENOENT: no such file or directory, open '/Users/thabonyembe/Documents/freeflow-app-9/test-results/.playwright-artifacts-5/4ec5246f230f084da88f26f5cae230e3.zip'


    attachment #1: screenshot (image/png) ──────────────────────────────────────────────────────────
    test-results/dashboard-Dashboard-Tests-should-display-dashboard-stats-desktop-chrome-1920-retry1/test-failed-1.png
    ────────────────────────────────────────────────────────────────────────────────────────────────

    Retry #2 ───────────────────────────────────────────────────────────────────────────────────────

    Test timeout of 30000ms exceeded while running "beforeEach" hook.

      2 |
      3 | test.describe('Dashboard Tests', () => {
    > 4 |   test.beforeEach(async ({ page }) => {
        |        ^
      5 |     // Set test mode header
      6 |     await page.setExtraHTTPHeaders({
      7 |       'x-test-mode': 'true'

        at /Users/thabonyembe/Documents/freeflow-app-9/tests/e2e/dashboard.spec.ts:4:8

    Error: expect(locator).toBeVisible()

    Locator: locator('[data-testid="stat-active-projects"]')
    Expected: visible
    Received: hidden
    Call log:
      - expect.toBeVisible with timeout 5000ms
      - waiting for locator('[data-testid="stat-active-projects"]')


      22 |
      23 |   test('should display dashboard stats', async ({ page }) => {
    > 24 |     await expect(page.locator('[data-testid="stat-active-projects"]')).toBeVisible();
         |                                                                        ^
      25 |     await expect(page.locator('[data-testid="stat-total-revenue"]')).toBeVisible();
      26 |     await expect(page.locator('[data-testid="stat-team-members"]')).toBeVisible();
      27 |     await expect(page.locator('[data-testid="stat-completed-tasks"]')).toBeVisible();

        at /Users/thabonyembe/Documents/freeflow-app-9/tests/e2e/dashboard.spec.ts:24:72

    attachment #1: screenshot (image/png) ──────────────────────────────────────────────────────────
    test-results/dashboard-Dashboard-Tests-should-display-dashboard-stats-desktop-chrome-1920-retry2/test-failed-1.png
    ────────────────────────────────────────────────────────────────────────────────────────────────

    attachment #2: video (video/webm) ──────────────────────────────────────────────────────────────
    test-results/dashboard-Dashboard-Tests-should-display-dashboard-stats-desktop-chrome-1920-retry2/video.webm
    ────────────────────────────────────────────────────────────────────────────────────────────────

    attachment #3: screenshot (image/png) ──────────────────────────────────────────────────────────
    test-results/dashboard-Dashboard-Tests-should-display-dashboard-stats-desktop-chrome-1920-retry2/test-failed-2.png
    ────────────────────────────────────────────────────────────────────────────────────────────────
]]>
</failure>
<system-out>
<![CDATA[Dashboard title not found, continuing...

[[ATTACHMENT|dashboard-Dashboard-Tests-should-display-dashboard-stats-desktop-chrome-1920/test-failed-1.png]]

[[ATTACHMENT|dashboard-Dashboard-Tests-should-display-dashboard-stats-desktop-chrome-1920/video.webm]]

[[ATTACHMENT|dashboard-Dashboard-Tests-should-display-dashboard-stats-desktop-chrome-1920/test-failed-2.png]]
Dashboard title not found, continuing...

[[ATTACHMENT|dashboard-Dashboard-Tests-should-display-dashboard-stats-desktop-chrome-1920-retry1/test-failed-1.png]]
Dashboard title not found, continuing...

[[ATTACHMENT|dashboard-Dashboard-Tests-should-display-dashboard-stats-desktop-chrome-1920-retry2/test-failed-1.png]]

[[ATTACHMENT|dashboard-Dashboard-Tests-should-display-dashboard-stats-desktop-chrome-1920-retry2/video.webm]]

[[ATTACHMENT|dashboard-Dashboard-Tests-should-display-dashboard-stats-desktop-chrome-1920-retry2/test-failed-2.png]]
]]>
</system-out>
</testcase>
<testcase name="Dashboard Tests › should have working navigation tabs" classname="dashboard.spec.ts" time="90">
<failure message="dashboard.spec.ts:30:7 should have working navigation tabs" type="FAILURE">
<![CDATA[  [desktop-chrome-1920] › dashboard.spec.ts:30:7 › Dashboard Tests › should have working navigation tabs 

    Test timeout of 30000ms exceeded while running "beforeEach" hook.

      2 |
      3 | test.describe('Dashboard Tests', () => {
    > 4 |   test.beforeEach(async ({ page }) => {
        |        ^
      5 |     // Set test mode header
      6 |     await page.setExtraHTTPHeaders({
      7 |       'x-test-mode': 'true'

        at /Users/thabonyembe/Documents/freeflow-app-9/tests/e2e/dashboard.spec.ts:4:8

    Error: expect(locator).toBeVisible()

    Locator: locator('[data-testid="dashboard-tabs"]')
    Expected: visible
    Received: hidden
    Call log:
      - expect.toBeVisible with timeout 5000ms
      - waiting for locator('[data-testid="dashboard-tabs"]')


      30 |   test('should have working navigation tabs', async ({ page }) => {
      31 |     const tabs = page.locator('[data-testid="dashboard-tabs"]');
    > 32 |     await expect(tabs).toBeVisible();
         |                        ^
      33 |     
      34 |     // Test Projects tab
      35 |     await page.click('[data-testid="projects-tab"]');

        at /Users/thabonyembe/Documents/freeflow-app-9/tests/e2e/dashboard.spec.ts:32:24

    attachment #1: screenshot (image/png) ──────────────────────────────────────────────────────────
    test-results/dashboard-Dashboard-Tests-should-have-working-navigation-tabs-desktop-chrome-1920/test-failed-1.png
    ────────────────────────────────────────────────────────────────────────────────────────────────

    attachment #2: video (video/webm) ──────────────────────────────────────────────────────────────
    test-results/dashboard-Dashboard-Tests-should-have-working-navigation-tabs-desktop-chrome-1920/video.webm
    ────────────────────────────────────────────────────────────────────────────────────────────────

    attachment #3: screenshot (image/png) ──────────────────────────────────────────────────────────
    test-results/dashboard-Dashboard-Tests-should-have-working-navigation-tabs-desktop-chrome-1920/test-failed-2.png
    ────────────────────────────────────────────────────────────────────────────────────────────────

    Retry #1 ───────────────────────────────────────────────────────────────────────────────────────

    Test timeout of 30000ms exceeded while running "beforeEach" hook.

      2 |
      3 | test.describe('Dashboard Tests', () => {
    > 4 |   test.beforeEach(async ({ page }) => {
        |        ^
      5 |     // Set test mode header
      6 |     await page.setExtraHTTPHeaders({
      7 |       'x-test-mode': 'true'

        at /Users/thabonyembe/Documents/freeflow-app-9/tests/e2e/dashboard.spec.ts:4:8

    Error: ENOENT: no such file or directory, open '/Users/thabonyembe/Documents/freeflow-app-9/test-results/.playwright-artifacts-6/8f24b3e5632f77df4112c84093e805a3.zip'


    attachment #1: screenshot (image/png) ──────────────────────────────────────────────────────────
    test-results/dashboard-Dashboard-Tests-should-have-working-navigation-tabs-desktop-chrome-1920-retry1/test-failed-1.png
    ────────────────────────────────────────────────────────────────────────────────────────────────

    Retry #2 ───────────────────────────────────────────────────────────────────────────────────────

    Test timeout of 30000ms exceeded while running "beforeEach" hook.

      2 |
      3 | test.describe('Dashboard Tests', () => {
    > 4 |   test.beforeEach(async ({ page }) => {
        |        ^
      5 |     // Set test mode header
      6 |     await page.setExtraHTTPHeaders({
      7 |       'x-test-mode': 'true'

        at /Users/thabonyembe/Documents/freeflow-app-9/tests/e2e/dashboard.spec.ts:4:8

    Error: expect(locator).toBeVisible()

    Locator: locator('[data-testid="dashboard-tabs"]')
    Expected: visible
    Received: hidden
    Call log:
      - expect.toBeVisible with timeout 5000ms
      - waiting for locator('[data-testid="dashboard-tabs"]')


      30 |   test('should have working navigation tabs', async ({ page }) => {
      31 |     const tabs = page.locator('[data-testid="dashboard-tabs"]');
    > 32 |     await expect(tabs).toBeVisible();
         |                        ^
      33 |     
      34 |     // Test Projects tab
      35 |     await page.click('[data-testid="projects-tab"]');

        at /Users/thabonyembe/Documents/freeflow-app-9/tests/e2e/dashboard.spec.ts:32:24

    attachment #1: screenshot (image/png) ──────────────────────────────────────────────────────────
    test-results/dashboard-Dashboard-Tests-should-have-working-navigation-tabs-desktop-chrome-1920-retry2/test-failed-1.png
    ────────────────────────────────────────────────────────────────────────────────────────────────

    attachment #2: video (video/webm) ──────────────────────────────────────────────────────────────
    test-results/dashboard-Dashboard-Tests-should-have-working-navigation-tabs-desktop-chrome-1920-retry2/video.webm
    ────────────────────────────────────────────────────────────────────────────────────────────────

    attachment #3: screenshot (image/png) ──────────────────────────────────────────────────────────
    test-results/dashboard-Dashboard-Tests-should-have-working-navigation-tabs-desktop-chrome-1920-retry2/test-failed-2.png
    ────────────────────────────────────────────────────────────────────────────────────────────────
]]>
</failure>
<system-out>
<![CDATA[Dashboard title not found, continuing...

[[ATTACHMENT|dashboard-Dashboard-Tests-should-have-working-navigation-tabs-desktop-chrome-1920/test-failed-1.png]]

[[ATTACHMENT|dashboard-Dashboard-Tests-should-have-working-navigation-tabs-desktop-chrome-1920/video.webm]]

[[ATTACHMENT|dashboard-Dashboard-Tests-should-have-working-navigation-tabs-desktop-chrome-1920/test-failed-2.png]]
Dashboard title not found, continuing...

[[ATTACHMENT|dashboard-Dashboard-Tests-should-have-working-navigation-tabs-desktop-chrome-1920-retry1/test-failed-1.png]]
Dashboard title not found, continuing...

[[ATTACHMENT|dashboard-Dashboard-Tests-should-have-working-navigation-tabs-desktop-chrome-1920-retry2/test-failed-1.png]]

[[ATTACHMENT|dashboard-Dashboard-Tests-should-have-working-navigation-tabs-desktop-chrome-1920-retry2/video.webm]]

[[ATTACHMENT|dashboard-Dashboard-Tests-should-have-working-navigation-tabs-desktop-chrome-1920-retry2/test-failed-2.png]]
]]>
</system-out>
</testcase>
<testcase name="Dashboard Tests › should display projects in Projects Hub" classname="dashboard.spec.ts" time="90.003">
<failure message="dashboard.spec.ts:51:7 should display projects in Projects Hub" type="FAILURE">
<![CDATA[  [desktop-chrome-1920] › dashboard.spec.ts:51:7 › Dashboard Tests › should display projects in Projects Hub 

    Test timeout of 30000ms exceeded while running "beforeEach" hook.

      2 |
      3 | test.describe('Dashboard Tests', () => {
    > 4 |   test.beforeEach(async ({ page }) => {
        |        ^
      5 |     // Set test mode header
      6 |     await page.setExtraHTTPHeaders({
      7 |       'x-test-mode': 'true'

        at /Users/thabonyembe/Documents/freeflow-app-9/tests/e2e/dashboard.spec.ts:4:8

    Error: page.click: Test ended.
    Call log:
      - waiting for locator('[data-testid="projects-tab"]')


      50 |
      51 |   test('should display projects in Projects Hub', async ({ page }) => {
    > 52 |     await page.click('[data-testid="projects-tab"]');
         |                ^
      53 |     await expect(page.locator('[data-testid="projects-hub"]')).toBeVisible();
      54 |     
      55 |     // Check for project items

        at /Users/thabonyembe/Documents/freeflow-app-9/tests/e2e/dashboard.spec.ts:52:16

    attachment #1: screenshot (image/png) ──────────────────────────────────────────────────────────
    test-results/dashboard-Dashboard-Tests-should-display-projects-in-Projects-Hub-desktop-chrome-1920/test-failed-1.png
    ────────────────────────────────────────────────────────────────────────────────────────────────

    attachment #2: video (video/webm) ──────────────────────────────────────────────────────────────
    test-results/dashboard-Dashboard-Tests-should-display-projects-in-Projects-Hub-desktop-chrome-1920/video.webm
    ────────────────────────────────────────────────────────────────────────────────────────────────

    attachment #3: screenshot (image/png) ──────────────────────────────────────────────────────────
    test-results/dashboard-Dashboard-Tests-should-display-projects-in-Projects-Hub-desktop-chrome-1920/test-failed-2.png
    ────────────────────────────────────────────────────────────────────────────────────────────────

    Retry #1 ───────────────────────────────────────────────────────────────────────────────────────

    Test timeout of 30000ms exceeded while running "beforeEach" hook.

      2 |
      3 | test.describe('Dashboard Tests', () => {
    > 4 |   test.beforeEach(async ({ page }) => {
        |        ^
      5 |     // Set test mode header
      6 |     await page.setExtraHTTPHeaders({
      7 |       'x-test-mode': 'true'

        at /Users/thabonyembe/Documents/freeflow-app-9/tests/e2e/dashboard.spec.ts:4:8

    Error: ENOENT: no such file or directory, open '/Users/thabonyembe/Documents/freeflow-app-9/test-results/.playwright-artifacts-7/08f67c6b216f6418845a2223dd2c5ee0.zip'


    attachment #1: screenshot (image/png) ──────────────────────────────────────────────────────────
    test-results/dashboard-Dashboard-Tests-should-display-projects-in-Projects-Hub-desktop-chrome-1920-retry1/test-failed-1.png
    ────────────────────────────────────────────────────────────────────────────────────────────────

    Retry #2 ───────────────────────────────────────────────────────────────────────────────────────

    Test timeout of 30000ms exceeded while running "beforeEach" hook.

      2 |
      3 | test.describe('Dashboard Tests', () => {
    > 4 |   test.beforeEach(async ({ page }) => {
        |        ^
      5 |     // Set test mode header
      6 |     await page.setExtraHTTPHeaders({
      7 |       'x-test-mode': 'true'

        at /Users/thabonyembe/Documents/freeflow-app-9/tests/e2e/dashboard.spec.ts:4:8

    Error: page.click: Test ended.
    Call log:
      - waiting for locator('[data-testid="projects-tab"]')


      50 |
      51 |   test('should display projects in Projects Hub', async ({ page }) => {
    > 52 |     await page.click('[data-testid="projects-tab"]');
         |                ^
      53 |     await expect(page.locator('[data-testid="projects-hub"]')).toBeVisible();
      54 |     
      55 |     // Check for project items

        at /Users/thabonyembe/Documents/freeflow-app-9/tests/e2e/dashboard.spec.ts:52:16

    attachment #1: screenshot (image/png) ──────────────────────────────────────────────────────────
    test-results/dashboard-Dashboard-Tests-should-display-projects-in-Projects-Hub-desktop-chrome-1920-retry2/test-failed-1.png
    ────────────────────────────────────────────────────────────────────────────────────────────────

    attachment #2: video (video/webm) ──────────────────────────────────────────────────────────────
    test-results/dashboard-Dashboard-Tests-should-display-projects-in-Projects-Hub-desktop-chrome-1920-retry2/video.webm
    ────────────────────────────────────────────────────────────────────────────────────────────────

    attachment #3: screenshot (image/png) ──────────────────────────────────────────────────────────
    test-results/dashboard-Dashboard-Tests-should-display-projects-in-Projects-Hub-desktop-chrome-1920-retry2/test-failed-2.png
    ────────────────────────────────────────────────────────────────────────────────────────────────
]]>
</failure>
<system-out>
<![CDATA[Dashboard title not found, continuing...

[[ATTACHMENT|dashboard-Dashboard-Tests-should-display-projects-in-Projects-Hub-desktop-chrome-1920/test-failed-1.png]]

[[ATTACHMENT|dashboard-Dashboard-Tests-should-display-projects-in-Projects-Hub-desktop-chrome-1920/video.webm]]

[[ATTACHMENT|dashboard-Dashboard-Tests-should-display-projects-in-Projects-Hub-desktop-chrome-1920/test-failed-2.png]]
Dashboard title not found, continuing...

[[ATTACHMENT|dashboard-Dashboard-Tests-should-display-projects-in-Projects-Hub-desktop-chrome-1920-retry1/test-failed-1.png]]
Dashboard title not found, continuing...

[[ATTACHMENT|dashboard-Dashboard-Tests-should-display-projects-in-Projects-Hub-desktop-chrome-1920-retry2/test-failed-1.png]]

[[ATTACHMENT|dashboard-Dashboard-Tests-should-display-projects-in-Projects-Hub-desktop-chrome-1920-retry2/video.webm]]

[[ATTACHMENT|dashboard-Dashboard-Tests-should-display-projects-in-Projects-Hub-desktop-chrome-1920-retry2/test-failed-2.png]]
]]>
</system-out>
<system-err>
<![CDATA[Internal error: fixture integrity at context
Internal error: fixture integrity at context
]]>
</system-err>
</testcase>
<testcase name="Dashboard Tests › should display team members with avatars" classname="dashboard.spec.ts" time="90.002">
<failure message="dashboard.spec.ts:61:7 should display team members with avatars" type="FAILURE">
<![CDATA[  [desktop-chrome-1920] › dashboard.spec.ts:61:7 › Dashboard Tests › should display team members with avatars 

    Test timeout of 30000ms exceeded while running "beforeEach" hook.

      2 |
      3 | test.describe('Dashboard Tests', () => {
    > 4 |   test.beforeEach(async ({ page }) => {
        |        ^
      5 |     // Set test mode header
      6 |     await page.setExtraHTTPHeaders({
      7 |       'x-test-mode': 'true'

        at /Users/thabonyembe/Documents/freeflow-app-9/tests/e2e/dashboard.spec.ts:4:8

    Error: page.click: Test ended.
    Call log:
      - waiting for locator('[data-testid="team-tab"]')


      60 |
      61 |   test('should display team members with avatars', async ({ page }) => {
    > 62 |     await page.click('[data-testid="team-tab"]');
         |                ^
      63 |     await expect(page.locator('[data-testid="team-hub"]')).toBeVisible();
      64 |     
      65 |     // Check team members

        at /Users/thabonyembe/Documents/freeflow-app-9/tests/e2e/dashboard.spec.ts:62:16

    attachment #1: screenshot (image/png) ──────────────────────────────────────────────────────────
    test-results/dashboard-Dashboard-Tests-should-display-team-members-with-avatars-desktop-chrome-1920/test-failed-1.png
    ────────────────────────────────────────────────────────────────────────────────────────────────

    attachment #2: video (video/webm) ──────────────────────────────────────────────────────────────
    test-results/dashboard-Dashboard-Tests-should-display-team-members-with-avatars-desktop-chrome-1920/video.webm
    ────────────────────────────────────────────────────────────────────────────────────────────────

    attachment #3: screenshot (image/png) ──────────────────────────────────────────────────────────
    test-results/dashboard-Dashboard-Tests-should-display-team-members-with-avatars-desktop-chrome-1920/test-failed-2.png
    ────────────────────────────────────────────────────────────────────────────────────────────────

    Retry #1 ───────────────────────────────────────────────────────────────────────────────────────

    Test timeout of 30000ms exceeded while running "beforeEach" hook.

      2 |
      3 | test.describe('Dashboard Tests', () => {
    > 4 |   test.beforeEach(async ({ page }) => {
        |        ^
      5 |     // Set test mode header
      6 |     await page.setExtraHTTPHeaders({
      7 |       'x-test-mode': 'true'

        at /Users/thabonyembe/Documents/freeflow-app-9/tests/e2e/dashboard.spec.ts:4:8

    Error: page.click: Test ended.
    Call log:
      - waiting for locator('[data-testid="team-tab"]')


      60 |
      61 |   test('should display team members with avatars', async ({ page }) => {
    > 62 |     await page.click('[data-testid="team-tab"]');
         |                ^
      63 |     await expect(page.locator('[data-testid="team-hub"]')).toBeVisible();
      64 |     
      65 |     // Check team members

        at /Users/thabonyembe/Documents/freeflow-app-9/tests/e2e/dashboard.spec.ts:62:16

    attachment #1: screenshot (image/png) ──────────────────────────────────────────────────────────
    test-results/dashboard-Dashboard-Tests-should-display-team-members-with-avatars-desktop-chrome-1920-retry1/test-failed-1.png
    ────────────────────────────────────────────────────────────────────────────────────────────────

    attachment #2: video (video/webm) ──────────────────────────────────────────────────────────────
    test-results/dashboard-Dashboard-Tests-should-display-team-members-with-avatars-desktop-chrome-1920-retry1/video.webm
    ────────────────────────────────────────────────────────────────────────────────────────────────

    attachment #3: screenshot (image/png) ──────────────────────────────────────────────────────────
    test-results/dashboard-Dashboard-Tests-should-display-team-members-with-avatars-desktop-chrome-1920-retry1/test-failed-2.png
    ────────────────────────────────────────────────────────────────────────────────────────────────

    attachment #4: trace (application/zip) ─────────────────────────────────────────────────────────
    test-results/dashboard-Dashboard-Tests-should-display-team-members-with-avatars-desktop-chrome-1920-retry1/trace.zip
    Usage:

        npx playwright show-trace test-results/dashboard-Dashboard-Tests-should-display-team-members-with-avatars-desktop-chrome-1920-retry1/trace.zip

    ────────────────────────────────────────────────────────────────────────────────────────────────

    Retry #2 ───────────────────────────────────────────────────────────────────────────────────────

    Test timeout of 30000ms exceeded while running "beforeEach" hook.

      2 |
      3 | test.describe('Dashboard Tests', () => {
    > 4 |   test.beforeEach(async ({ page }) => {
        |        ^
      5 |     // Set test mode header
      6 |     await page.setExtraHTTPHeaders({
      7 |       'x-test-mode': 'true'

        at /Users/thabonyembe/Documents/freeflow-app-9/tests/e2e/dashboard.spec.ts:4:8

    Error: page.click: Test ended.
    Call log:
      - waiting for locator('[data-testid="team-tab"]')


      60 |
      61 |   test('should display team members with avatars', async ({ page }) => {
    > 62 |     await page.click('[data-testid="team-tab"]');
         |                ^
      63 |     await expect(page.locator('[data-testid="team-hub"]')).toBeVisible();
      64 |     
      65 |     // Check team members

        at /Users/thabonyembe/Documents/freeflow-app-9/tests/e2e/dashboard.spec.ts:62:16

    attachment #1: screenshot (image/png) ──────────────────────────────────────────────────────────
    test-results/dashboard-Dashboard-Tests-should-display-team-members-with-avatars-desktop-chrome-1920-retry2/test-failed-1.png
    ────────────────────────────────────────────────────────────────────────────────────────────────

    attachment #2: video (video/webm) ──────────────────────────────────────────────────────────────
    test-results/dashboard-Dashboard-Tests-should-display-team-members-with-avatars-desktop-chrome-1920-retry2/video.webm
    ────────────────────────────────────────────────────────────────────────────────────────────────

    attachment #3: screenshot (image/png) ──────────────────────────────────────────────────────────
    test-results/dashboard-Dashboard-Tests-should-display-team-members-with-avatars-desktop-chrome-1920-retry2/test-failed-2.png
    ────────────────────────────────────────────────────────────────────────────────────────────────
]]>
</failure>
<system-out>
<![CDATA[Dashboard title not found, continuing...

[[ATTACHMENT|dashboard-Dashboard-Tests-should-display-team-members-with-avatars-desktop-chrome-1920/test-failed-1.png]]

[[ATTACHMENT|dashboard-Dashboard-Tests-should-display-team-members-with-avatars-desktop-chrome-1920/video.webm]]

[[ATTACHMENT|dashboard-Dashboard-Tests-should-display-team-members-with-avatars-desktop-chrome-1920/test-failed-2.png]]
Dashboard title not found, continuing...

[[ATTACHMENT|dashboard-Dashboard-Tests-should-display-team-members-with-avatars-desktop-chrome-1920-retry1/test-failed-1.png]]

[[ATTACHMENT|dashboard-Dashboard-Tests-should-display-team-members-with-avatars-desktop-chrome-1920-retry1/video.webm]]

[[ATTACHMENT|dashboard-Dashboard-Tests-should-display-team-members-with-avatars-desktop-chrome-1920-retry1/test-failed-2.png]]

[[ATTACHMENT|dashboard-Dashboard-Tests-should-display-team-members-with-avatars-desktop-chrome-1920-retry1/trace.zip]]
Dashboard title not found, continuing...

[[ATTACHMENT|dashboard-Dashboard-Tests-should-display-team-members-with-avatars-desktop-chrome-1920-retry2/test-failed-1.png]]

[[ATTACHMENT|dashboard-Dashboard-Tests-should-display-team-members-with-avatars-desktop-chrome-1920-retry2/video.webm]]

[[ATTACHMENT|dashboard-Dashboard-Tests-should-display-team-members-with-avatars-desktop-chrome-1920-retry2/test-failed-2.png]]
]]>
</system-out>
<system-err>
<![CDATA[Internal error: fixture integrity at context
Internal error: fixture integrity at context
]]>
</system-err>
</testcase>
<testcase name="Dashboard Tests › should handle new project button click" classname="dashboard.spec.ts" time="90.001">
<failure message="dashboard.spec.ts:73:7 should handle new project button click" type="FAILURE">
<![CDATA[  [desktop-chrome-1920] › dashboard.spec.ts:73:7 › Dashboard Tests › should handle new project button click 

    Test timeout of 30000ms exceeded while running "beforeEach" hook.

      2 |
      3 | test.describe('Dashboard Tests', () => {
    > 4 |   test.beforeEach(async ({ page }) => {
        |        ^
      5 |     // Set test mode header
      6 |     await page.setExtraHTTPHeaders({
      7 |       'x-test-mode': 'true'

        at /Users/thabonyembe/Documents/freeflow-app-9/tests/e2e/dashboard.spec.ts:4:8

    Error: expect(locator).toBeVisible()

    Locator: locator('[data-testid="new-project-button"]')
    Expected: visible
    Received: hidden
    Call log:
      - expect.toBeVisible with timeout 5000ms
      - waiting for locator('[data-testid="new-project-button"]')


      73 |   test('should handle new project button click', async ({ page }) => {
      74 |     const newProjectButton = page.locator('[data-testid="new-project-button"]');
    > 75 |     await expect(newProjectButton).toBeVisible();
         |                                    ^
      76 |     await expect(newProjectButton).toBeEnabled();
      77 |     
      78 |     // Click should be possible (actual navigation tested separately)

        at /Users/thabonyembe/Documents/freeflow-app-9/tests/e2e/dashboard.spec.ts:75:36

    attachment #1: screenshot (image/png) ──────────────────────────────────────────────────────────
    test-results/dashboard-Dashboard-Tests-should-handle-new-project-button-click-desktop-chrome-1920/test-failed-1.png
    ────────────────────────────────────────────────────────────────────────────────────────────────

    attachment #2: video (video/webm) ──────────────────────────────────────────────────────────────
    test-results/dashboard-Dashboard-Tests-should-handle-new-project-button-click-desktop-chrome-1920/video.webm
    ────────────────────────────────────────────────────────────────────────────────────────────────

    attachment #3: screenshot (image/png) ──────────────────────────────────────────────────────────
    test-results/dashboard-Dashboard-Tests-should-handle-new-project-button-click-desktop-chrome-1920/test-failed-2.png
    ────────────────────────────────────────────────────────────────────────────────────────────────

    Retry #1 ───────────────────────────────────────────────────────────────────────────────────────

    Test timeout of 30000ms exceeded while running "beforeEach" hook.

      2 |
      3 | test.describe('Dashboard Tests', () => {
    > 4 |   test.beforeEach(async ({ page }) => {
        |        ^
      5 |     // Set test mode header
      6 |     await page.setExtraHTTPHeaders({
      7 |       'x-test-mode': 'true'

        at /Users/thabonyembe/Documents/freeflow-app-9/tests/e2e/dashboard.spec.ts:4:8

    Error: expect(locator).toBeVisible()

    Locator: locator('[data-testid="new-project-button"]')
    Expected: visible
    Received: hidden
    Call log:
      - expect.toBeVisible with timeout 5000ms
      - waiting for locator('[data-testid="new-project-button"]')


      73 |   test('should handle new project button click', async ({ page }) => {
      74 |     const newProjectButton = page.locator('[data-testid="new-project-button"]');
    > 75 |     await expect(newProjectButton).toBeVisible();
         |                                    ^
      76 |     await expect(newProjectButton).toBeEnabled();
      77 |     
      78 |     // Click should be possible (actual navigation tested separately)

        at /Users/thabonyembe/Documents/freeflow-app-9/tests/e2e/dashboard.spec.ts:75:36

    attachment #1: screenshot (image/png) ──────────────────────────────────────────────────────────
    test-results/dashboard-Dashboard-Tests-should-handle-new-project-button-click-desktop-chrome-1920-retry1/test-failed-1.png
    ────────────────────────────────────────────────────────────────────────────────────────────────

    attachment #2: video (video/webm) ──────────────────────────────────────────────────────────────
    test-results/dashboard-Dashboard-Tests-should-handle-new-project-button-click-desktop-chrome-1920-retry1/video.webm
    ────────────────────────────────────────────────────────────────────────────────────────────────

    attachment #3: screenshot (image/png) ──────────────────────────────────────────────────────────
    test-results/dashboard-Dashboard-Tests-should-handle-new-project-button-click-desktop-chrome-1920-retry1/test-failed-2.png
    ────────────────────────────────────────────────────────────────────────────────────────────────

    attachment #4: trace (application/zip) ─────────────────────────────────────────────────────────
    test-results/dashboard-Dashboard-Tests-should-handle-new-project-button-click-desktop-chrome-1920-retry1/trace.zip
    Usage:

        npx playwright show-trace test-results/dashboard-Dashboard-Tests-should-handle-new-project-button-click-desktop-chrome-1920-retry1/trace.zip

    ────────────────────────────────────────────────────────────────────────────────────────────────

    Retry #2 ───────────────────────────────────────────────────────────────────────────────────────

    Test timeout of 30000ms exceeded while running "beforeEach" hook.

      2 |
      3 | test.describe('Dashboard Tests', () => {
    > 4 |   test.beforeEach(async ({ page }) => {
        |        ^
      5 |     // Set test mode header
      6 |     await page.setExtraHTTPHeaders({
      7 |       'x-test-mode': 'true'

        at /Users/thabonyembe/Documents/freeflow-app-9/tests/e2e/dashboard.spec.ts:4:8

    Error: expect(locator).toBeVisible()

    Locator: locator('[data-testid="new-project-button"]')
    Expected: visible
    Received: hidden
    Call log:
      - expect.toBeVisible with timeout 5000ms
      - waiting for locator('[data-testid="new-project-button"]')


      73 |   test('should handle new project button click', async ({ page }) => {
      74 |     const newProjectButton = page.locator('[data-testid="new-project-button"]');
    > 75 |     await expect(newProjectButton).toBeVisible();
         |                                    ^
      76 |     await expect(newProjectButton).toBeEnabled();
      77 |     
      78 |     // Click should be possible (actual navigation tested separately)

        at /Users/thabonyembe/Documents/freeflow-app-9/tests/e2e/dashboard.spec.ts:75:36

    attachment #1: screenshot (image/png) ──────────────────────────────────────────────────────────
    test-results/dashboard-Dashboard-Tests-should-handle-new-project-button-click-desktop-chrome-1920-retry2/test-failed-1.png
    ────────────────────────────────────────────────────────────────────────────────────────────────

    attachment #2: video (video/webm) ──────────────────────────────────────────────────────────────
    test-results/dashboard-Dashboard-Tests-should-handle-new-project-button-click-desktop-chrome-1920-retry2/video.webm
    ────────────────────────────────────────────────────────────────────────────────────────────────

    attachment #3: screenshot (image/png) ──────────────────────────────────────────────────────────
    test-results/dashboard-Dashboard-Tests-should-handle-new-project-button-click-desktop-chrome-1920-retry2/test-failed-2.png
    ────────────────────────────────────────────────────────────────────────────────────────────────
]]>
</failure>
<system-out>
<![CDATA[Dashboard title not found, continuing...

[[ATTACHMENT|dashboard-Dashboard-Tests-should-handle-new-project-button-click-desktop-chrome-1920/test-failed-1.png]]

[[ATTACHMENT|dashboard-Dashboard-Tests-should-handle-new-project-button-click-desktop-chrome-1920/video.webm]]

[[ATTACHMENT|dashboard-Dashboard-Tests-should-handle-new-project-button-click-desktop-chrome-1920/test-failed-2.png]]
Dashboard title not found, continuing...

[[ATTACHMENT|dashboard-Dashboard-Tests-should-handle-new-project-button-click-desktop-chrome-1920-retry1/test-failed-1.png]]

[[ATTACHMENT|dashboard-Dashboard-Tests-should-handle-new-project-button-click-desktop-chrome-1920-retry1/video.webm]]

[[ATTACHMENT|dashboard-Dashboard-Tests-should-handle-new-project-button-click-desktop-chrome-1920-retry1/test-failed-2.png]]

[[ATTACHMENT|dashboard-Dashboard-Tests-should-handle-new-project-button-click-desktop-chrome-1920-retry1/trace.zip]]
Dashboard title not found, continuing...

[[ATTACHMENT|dashboard-Dashboard-Tests-should-handle-new-project-button-click-desktop-chrome-1920-retry2/test-failed-1.png]]

[[ATTACHMENT|dashboard-Dashboard-Tests-should-handle-new-project-button-click-desktop-chrome-1920-retry2/video.webm]]

[[ATTACHMENT|dashboard-Dashboard-Tests-should-handle-new-project-button-click-desktop-chrome-1920-retry2/test-failed-2.png]]
]]>
</system-out>
<system-err>
<![CDATA[Internal error: fixture integrity at context
Internal error: fixture integrity at context
]]>
</system-err>
</testcase>
<testcase name="Dashboard Tests › should be responsive on mobile" classname="dashboard.spec.ts" time="90.001">
<failure message="dashboard.spec.ts:82:7 should be responsive on mobile" type="FAILURE">
<![CDATA[  [desktop-chrome-1920] › dashboard.spec.ts:82:7 › Dashboard Tests › should be responsive on mobile 

    Test timeout of 30000ms exceeded while running "beforeEach" hook.

      2 |
      3 | test.describe('Dashboard Tests', () => {
    > 4 |   test.beforeEach(async ({ page }) => {
        |        ^
      5 |     // Set test mode header
      6 |     await page.setExtraHTTPHeaders({
      7 |       'x-test-mode': 'true'

        at /Users/thabonyembe/Documents/freeflow-app-9/tests/e2e/dashboard.spec.ts:4:8

    Error: expect(locator).toBeVisible()

    Locator: locator('[data-testid="dashboard-container"]')
    Expected: visible
    Received: hidden
    Call log:
      - expect.toBeVisible with timeout 5000ms
      - waiting for locator('[data-testid="dashboard-container"]')


      83 |     await page.setViewportSize({ width: 375, height: 667 });
      84 |     
    > 85 |     await expect(page.locator('[data-testid="dashboard-container"]')).toBeVisible();
         |                                                                       ^
      86 |     await expect(page.locator('[data-testid="dashboard-title"]')).toBeVisible();
      87 |     
      88 |     // Stats should stack on mobile

        at /Users/thabonyembe/Documents/freeflow-app-9/tests/e2e/dashboard.spec.ts:85:71

    attachment #1: screenshot (image/png) ──────────────────────────────────────────────────────────
    test-results/dashboard-Dashboard-Tests-should-be-responsive-on-mobile-desktop-chrome-1920/test-failed-1.png
    ────────────────────────────────────────────────────────────────────────────────────────────────

    attachment #2: video (video/webm) ──────────────────────────────────────────────────────────────
    test-results/dashboard-Dashboard-Tests-should-be-responsive-on-mobile-desktop-chrome-1920/video.webm
    ────────────────────────────────────────────────────────────────────────────────────────────────

    attachment #3: screenshot (image/png) ──────────────────────────────────────────────────────────
    test-results/dashboard-Dashboard-Tests-should-be-responsive-on-mobile-desktop-chrome-1920/test-failed-2.png
    ────────────────────────────────────────────────────────────────────────────────────────────────

    Retry #1 ───────────────────────────────────────────────────────────────────────────────────────

    Test timeout of 30000ms exceeded while running "beforeEach" hook.

      2 |
      3 | test.describe('Dashboard Tests', () => {
    > 4 |   test.beforeEach(async ({ page }) => {
        |        ^
      5 |     // Set test mode header
      6 |     await page.setExtraHTTPHeaders({
      7 |       'x-test-mode': 'true'

        at /Users/thabonyembe/Documents/freeflow-app-9/tests/e2e/dashboard.spec.ts:4:8

    Error: expect(locator).toBeVisible()

    Locator: locator('[data-testid="dashboard-container"]')
    Expected: visible
    Received: hidden
    Call log:
      - expect.toBeVisible with timeout 5000ms
      - waiting for locator('[data-testid="dashboard-container"]')


      83 |     await page.setViewportSize({ width: 375, height: 667 });
      84 |     
    > 85 |     await expect(page.locator('[data-testid="dashboard-container"]')).toBeVisible();
         |                                                                       ^
      86 |     await expect(page.locator('[data-testid="dashboard-title"]')).toBeVisible();
      87 |     
      88 |     // Stats should stack on mobile

        at /Users/thabonyembe/Documents/freeflow-app-9/tests/e2e/dashboard.spec.ts:85:71

    attachment #1: screenshot (image/png) ──────────────────────────────────────────────────────────
    test-results/dashboard-Dashboard-Tests-should-be-responsive-on-mobile-desktop-chrome-1920-retry1/test-failed-1.png
    ────────────────────────────────────────────────────────────────────────────────────────────────

    attachment #2: video (video/webm) ──────────────────────────────────────────────────────────────
    test-results/dashboard-Dashboard-Tests-should-be-responsive-on-mobile-desktop-chrome-1920-retry1/video.webm
    ────────────────────────────────────────────────────────────────────────────────────────────────

    attachment #3: screenshot (image/png) ──────────────────────────────────────────────────────────
    test-results/dashboard-Dashboard-Tests-should-be-responsive-on-mobile-desktop-chrome-1920-retry1/test-failed-2.png
    ────────────────────────────────────────────────────────────────────────────────────────────────

    attachment #4: trace (application/zip) ─────────────────────────────────────────────────────────
    test-results/dashboard-Dashboard-Tests-should-be-responsive-on-mobile-desktop-chrome-1920-retry1/trace.zip
    Usage:

        npx playwright show-trace test-results/dashboard-Dashboard-Tests-should-be-responsive-on-mobile-desktop-chrome-1920-retry1/trace.zip

    ────────────────────────────────────────────────────────────────────────────────────────────────

    Retry #2 ───────────────────────────────────────────────────────────────────────────────────────

    Test timeout of 30000ms exceeded while running "beforeEach" hook.

      2 |
      3 | test.describe('Dashboard Tests', () => {
    > 4 |   test.beforeEach(async ({ page }) => {
        |        ^
      5 |     // Set test mode header
      6 |     await page.setExtraHTTPHeaders({
      7 |       'x-test-mode': 'true'

        at /Users/thabonyembe/Documents/freeflow-app-9/tests/e2e/dashboard.spec.ts:4:8

    Error: expect(locator).toBeVisible()

    Locator: locator('[data-testid="dashboard-container"]')
    Expected: visible
    Received: hidden
    Call log:
      - expect.toBeVisible with timeout 5000ms
      - waiting for locator('[data-testid="dashboard-container"]')


      83 |     await page.setViewportSize({ width: 375, height: 667 });
      84 |     
    > 85 |     await expect(page.locator('[data-testid="dashboard-container"]')).toBeVisible();
         |                                                                       ^
      86 |     await expect(page.locator('[data-testid="dashboard-title"]')).toBeVisible();
      87 |     
      88 |     // Stats should stack on mobile

        at /Users/thabonyembe/Documents/freeflow-app-9/tests/e2e/dashboard.spec.ts:85:71

    attachment #1: screenshot (image/png) ──────────────────────────────────────────────────────────
    test-results/dashboard-Dashboard-Tests-should-be-responsive-on-mobile-desktop-chrome-1920-retry2/test-failed-1.png
    ────────────────────────────────────────────────────────────────────────────────────────────────

    attachment #2: video (video/webm) ──────────────────────────────────────────────────────────────
    test-results/dashboard-Dashboard-Tests-should-be-responsive-on-mobile-desktop-chrome-1920-retry2/video.webm
    ────────────────────────────────────────────────────────────────────────────────────────────────

    attachment #3: screenshot (image/png) ──────────────────────────────────────────────────────────
    test-results/dashboard-Dashboard-Tests-should-be-responsive-on-mobile-desktop-chrome-1920-retry2/test-failed-2.png
    ────────────────────────────────────────────────────────────────────────────────────────────────
]]>
</failure>
<system-out>
<![CDATA[Dashboard title not found, continuing...

[[ATTACHMENT|dashboard-Dashboard-Tests-should-be-responsive-on-mobile-desktop-chrome-1920/test-failed-1.png]]

[[ATTACHMENT|dashboard-Dashboard-Tests-should-be-responsive-on-mobile-desktop-chrome-1920/video.webm]]

[[ATTACHMENT|dashboard-Dashboard-Tests-should-be-responsive-on-mobile-desktop-chrome-1920/test-failed-2.png]]
Dashboard title not found, continuing...

[[ATTACHMENT|dashboard-Dashboard-Tests-should-be-responsive-on-mobile-desktop-chrome-1920-retry1/test-failed-1.png]]

[[ATTACHMENT|dashboard-Dashboard-Tests-should-be-responsive-on-mobile-desktop-chrome-1920-retry1/video.webm]]

[[ATTACHMENT|dashboard-Dashboard-Tests-should-be-responsive-on-mobile-desktop-chrome-1920-retry1/test-failed-2.png]]

[[ATTACHMENT|dashboard-Dashboard-Tests-should-be-responsive-on-mobile-desktop-chrome-1920-retry1/trace.zip]]
Dashboard title not found, continuing...

[[ATTACHMENT|dashboard-Dashboard-Tests-should-be-responsive-on-mobile-desktop-chrome-1920-retry2/test-failed-1.png]]

[[ATTACHMENT|dashboard-Dashboard-Tests-should-be-responsive-on-mobile-desktop-chrome-1920-retry2/video.webm]]

[[ATTACHMENT|dashboard-Dashboard-Tests-should-be-responsive-on-mobile-desktop-chrome-1920-retry2/test-failed-2.png]]
]]>
</system-out>
<system-err>
<![CDATA[Internal error: fixture integrity at context
]]>
</system-err>
</testcase>
<testcase name="Dashboard Tests › should load team member avatars without 404 errors" classname="dashboard.spec.ts" time="90">
<failure message="dashboard.spec.ts:93:7 should load team member avatars without 404 errors" type="FAILURE">
<![CDATA[  [desktop-chrome-1920] › dashboard.spec.ts:93:7 › Dashboard Tests › should load team member avatars without 404 errors 

    Test timeout of 30000ms exceeded while running "beforeEach" hook.

      2 |
      3 | test.describe('Dashboard Tests', () => {
    > 4 |   test.beforeEach(async ({ page }) => {
        |        ^
      5 |     // Set test mode header
      6 |     await page.setExtraHTTPHeaders({
      7 |       'x-test-mode': 'true'

        at /Users/thabonyembe/Documents/freeflow-app-9/tests/e2e/dashboard.spec.ts:4:8

    Error: page.click: Test ended.
    Call log:
      - waiting for locator('[data-testid="team-tab"]')


      100 |     });
      101 |     
    > 102 |     await page.click('[data-testid="team-tab"]');
          |                ^
      103 |     await page.waitForTimeout(2000); // Wait for images to load
      104 |     
      105 |     expect(failedRequests).toHaveLength(0);

        at /Users/thabonyembe/Documents/freeflow-app-9/tests/e2e/dashboard.spec.ts:102:16

    attachment #1: screenshot (image/png) ──────────────────────────────────────────────────────────
    test-results/dashboard-Dashboard-Tests-should-load-team-member-avatars-without-404-errors-desktop-chrome-1920/test-failed-1.png
    ────────────────────────────────────────────────────────────────────────────────────────────────

    attachment #2: video (video/webm) ──────────────────────────────────────────────────────────────
    test-results/dashboard-Dashboard-Tests-should-load-team-member-avatars-without-404-errors-desktop-chrome-1920/video.webm
    ────────────────────────────────────────────────────────────────────────────────────────────────

    attachment #3: screenshot (image/png) ──────────────────────────────────────────────────────────
    test-results/dashboard-Dashboard-Tests-should-load-team-member-avatars-without-404-errors-desktop-chrome-1920/test-failed-2.png
    ────────────────────────────────────────────────────────────────────────────────────────────────

    Retry #1 ───────────────────────────────────────────────────────────────────────────────────────

    Test timeout of 30000ms exceeded while running "beforeEach" hook.

      2 |
      3 | test.describe('Dashboard Tests', () => {
    > 4 |   test.beforeEach(async ({ page }) => {
        |        ^
      5 |     // Set test mode header
      6 |     await page.setExtraHTTPHeaders({
      7 |       'x-test-mode': 'true'

        at /Users/thabonyembe/Documents/freeflow-app-9/tests/e2e/dashboard.spec.ts:4:8

    Error: page.click: Test ended.
    Call log:
      - waiting for locator('[data-testid="team-tab"]')


      100 |     });
      101 |     
    > 102 |     await page.click('[data-testid="team-tab"]');
          |                ^
      103 |     await page.waitForTimeout(2000); // Wait for images to load
      104 |     
      105 |     expect(failedRequests).toHaveLength(0);

        at /Users/thabonyembe/Documents/freeflow-app-9/tests/e2e/dashboard.spec.ts:102:16

    attachment #1: screenshot (image/png) ──────────────────────────────────────────────────────────
    test-results/dashboard-Dashboard-Tests-should-load-team-member-avatars-without-404-errors-desktop-chrome-1920-retry1/test-failed-1.png
    ────────────────────────────────────────────────────────────────────────────────────────────────

    attachment #2: video (video/webm) ──────────────────────────────────────────────────────────────
    test-results/dashboard-Dashboard-Tests-should-load-team-member-avatars-without-404-errors-desktop-chrome-1920-retry1/video.webm
    ────────────────────────────────────────────────────────────────────────────────────────────────

    attachment #3: screenshot (image/png) ──────────────────────────────────────────────────────────
    test-results/dashboard-Dashboard-Tests-should-load-team-member-avatars-without-404-errors-desktop-chrome-1920-retry1/test-failed-2.png
    ────────────────────────────────────────────────────────────────────────────────────────────────

    attachment #4: trace (application/zip) ─────────────────────────────────────────────────────────
    test-results/dashboard-Dashboard-Tests-should-load-team-member-avatars-without-404-errors-desktop-chrome-1920-retry1/trace.zip
    Usage:

        npx playwright show-trace test-results/dashboard-Dashboard-Tests-should-load-team-member-avatars-without-404-errors-desktop-chrome-1920-retry1/trace.zip

    ────────────────────────────────────────────────────────────────────────────────────────────────

    Retry #2 ───────────────────────────────────────────────────────────────────────────────────────

    Test timeout of 30000ms exceeded while running "beforeEach" hook.

      2 |
      3 | test.describe('Dashboard Tests', () => {
    > 4 |   test.beforeEach(async ({ page }) => {
        |        ^
      5 |     // Set test mode header
      6 |     await page.setExtraHTTPHeaders({
      7 |       'x-test-mode': 'true'

        at /Users/thabonyembe/Documents/freeflow-app-9/tests/e2e/dashboard.spec.ts:4:8

    Error: page.click: Test ended.
    Call log:
      - waiting for locator('[data-testid="team-tab"]')


      100 |     });
      101 |     
    > 102 |     await page.click('[data-testid="team-tab"]');
          |                ^
      103 |     await page.waitForTimeout(2000); // Wait for images to load
      104 |     
      105 |     expect(failedRequests).toHaveLength(0);

        at /Users/thabonyembe/Documents/freeflow-app-9/tests/e2e/dashboard.spec.ts:102:16

    attachment #1: screenshot (image/png) ──────────────────────────────────────────────────────────
    test-results/dashboard-Dashboard-Tests-should-load-team-member-avatars-without-404-errors-desktop-chrome-1920-retry2/test-failed-1.png
    ────────────────────────────────────────────────────────────────────────────────────────────────

    attachment #2: video (video/webm) ──────────────────────────────────────────────────────────────
    test-results/dashboard-Dashboard-Tests-should-load-team-member-avatars-without-404-errors-desktop-chrome-1920-retry2/video.webm
    ────────────────────────────────────────────────────────────────────────────────────────────────

    attachment #3: screenshot (image/png) ──────────────────────────────────────────────────────────
    test-results/dashboard-Dashboard-Tests-should-load-team-member-avatars-without-404-errors-desktop-chrome-1920-retry2/test-failed-2.png
    ────────────────────────────────────────────────────────────────────────────────────────────────
]]>
</failure>
<system-out>
<![CDATA[Dashboard title not found, continuing...

[[ATTACHMENT|dashboard-Dashboard-Tests-should-load-team-member-avatars-without-404-errors-desktop-chrome-1920/test-failed-1.png]]

[[ATTACHMENT|dashboard-Dashboard-Tests-should-load-team-member-avatars-without-404-errors-desktop-chrome-1920/video.webm]]

[[ATTACHMENT|dashboard-Dashboard-Tests-should-load-team-member-avatars-without-404-errors-desktop-chrome-1920/test-failed-2.png]]
Dashboard title not found, continuing...

[[ATTACHMENT|dashboard-Dashboard-Tests-should-load-team-member-avatars-without-404-errors-desktop-chrome-1920-retry1/test-failed-1.png]]

[[ATTACHMENT|dashboard-Dashboard-Tests-should-load-team-member-avatars-without-404-errors-desktop-chrome-1920-retry1/video.webm]]

[[ATTACHMENT|dashboard-Dashboard-Tests-should-load-team-member-avatars-without-404-errors-desktop-chrome-1920-retry1/test-failed-2.png]]

[[ATTACHMENT|dashboard-Dashboard-Tests-should-load-team-member-avatars-without-404-errors-desktop-chrome-1920-retry1/trace.zip]]
Dashboard title not found, continuing...

[[ATTACHMENT|dashboard-Dashboard-Tests-should-load-team-member-avatars-without-404-errors-desktop-chrome-1920-retry2/test-failed-1.png]]

[[ATTACHMENT|dashboard-Dashboard-Tests-should-load-team-member-avatars-without-404-errors-desktop-chrome-1920-retry2/video.webm]]

[[ATTACHMENT|dashboard-Dashboard-Tests-should-load-team-member-avatars-without-404-errors-desktop-chrome-1920-retry2/test-failed-2.png]]
]]>
</system-out>
<system-err>
<![CDATA[Internal error: fixture integrity at context
]]>
</system-err>
</testcase>
<testcase name="Dashboard Tests › should have proper accessibility labels" classname="dashboard.spec.ts" time="90">
<failure message="dashboard.spec.ts:108:7 should have proper accessibility labels" type="FAILURE">
<![CDATA[  [desktop-chrome-1920] › dashboard.spec.ts:108:7 › Dashboard Tests › should have proper accessibility labels 

    Test timeout of 30000ms exceeded while running "beforeEach" hook.

      2 |
      3 | test.describe('Dashboard Tests', () => {
    > 4 |   test.beforeEach(async ({ page }) => {
        |        ^
      5 |     // Set test mode header
      6 |     await page.setExtraHTTPHeaders({
      7 |       'x-test-mode': 'true'

        at /Users/thabonyembe/Documents/freeflow-app-9/tests/e2e/dashboard.spec.ts:4:8

    Error: expect(locator).toBeVisible()

    Locator: locator('h1[data-testid="dashboard-title"]')
    Expected: visible
    Received: hidden
    Call log:
      - expect.toBeVisible with timeout 5000ms
      - waiting for locator('h1[data-testid="dashboard-title"]')


      108 |   test('should have proper accessibility labels', async ({ page }) => {
      109 |     // Check for proper ARIA labels and semantic HTML
    > 110 |     await expect(page.locator('h1[data-testid="dashboard-title"]')).toBeVisible();
          |                                                                     ^
      111 |     
      112 |     // Navigation should be accessible
      113 |     const tabs = page.locator('[role="tablist"]');

        at /Users/thabonyembe/Documents/freeflow-app-9/tests/e2e/dashboard.spec.ts:110:69

    attachment #1: screenshot (image/png) ──────────────────────────────────────────────────────────
    test-results/dashboard-Dashboard-Tests-should-have-proper-accessibility-labels-desktop-chrome-1920/test-failed-1.png
    ────────────────────────────────────────────────────────────────────────────────────────────────

    attachment #2: video (video/webm) ──────────────────────────────────────────────────────────────
    test-results/dashboard-Dashboard-Tests-should-have-proper-accessibility-labels-desktop-chrome-1920/video.webm
    ────────────────────────────────────────────────────────────────────────────────────────────────

    attachment #3: screenshot (image/png) ──────────────────────────────────────────────────────────
    test-results/dashboard-Dashboard-Tests-should-have-proper-accessibility-labels-desktop-chrome-1920/test-failed-2.png
    ────────────────────────────────────────────────────────────────────────────────────────────────

    Retry #1 ───────────────────────────────────────────────────────────────────────────────────────

    Test timeout of 30000ms exceeded while running "beforeEach" hook.

      2 |
      3 | test.describe('Dashboard Tests', () => {
    > 4 |   test.beforeEach(async ({ page }) => {
        |        ^
      5 |     // Set test mode header
      6 |     await page.setExtraHTTPHeaders({
      7 |       'x-test-mode': 'true'

        at /Users/thabonyembe/Documents/freeflow-app-9/tests/e2e/dashboard.spec.ts:4:8

    Error: expect(locator).toBeVisible()

    Locator: locator('h1[data-testid="dashboard-title"]')
    Expected: visible
    Received: hidden
    Call log:
      - expect.toBeVisible with timeout 5000ms
      - waiting for locator('h1[data-testid="dashboard-title"]')


      108 |   test('should have proper accessibility labels', async ({ page }) => {
      109 |     // Check for proper ARIA labels and semantic HTML
    > 110 |     await expect(page.locator('h1[data-testid="dashboard-title"]')).toBeVisible();
          |                                                                     ^
      111 |     
      112 |     // Navigation should be accessible
      113 |     const tabs = page.locator('[role="tablist"]');

        at /Users/thabonyembe/Documents/freeflow-app-9/tests/e2e/dashboard.spec.ts:110:69

    attachment #1: screenshot (image/png) ──────────────────────────────────────────────────────────
    test-results/dashboard-Dashboard-Tests-should-have-proper-accessibility-labels-desktop-chrome-1920-retry1/test-failed-1.png
    ────────────────────────────────────────────────────────────────────────────────────────────────

    attachment #2: video (video/webm) ──────────────────────────────────────────────────────────────
    test-results/dashboard-Dashboard-Tests-should-have-proper-accessibility-labels-desktop-chrome-1920-retry1/video.webm
    ────────────────────────────────────────────────────────────────────────────────────────────────

    attachment #3: screenshot (image/png) ──────────────────────────────────────────────────────────
    test-results/dashboard-Dashboard-Tests-should-have-proper-accessibility-labels-desktop-chrome-1920-retry1/test-failed-2.png
    ────────────────────────────────────────────────────────────────────────────────────────────────

    attachment #4: trace (application/zip) ─────────────────────────────────────────────────────────
    test-results/dashboard-Dashboard-Tests-should-have-proper-accessibility-labels-desktop-chrome-1920-retry1/trace.zip
    Usage:

        npx playwright show-trace test-results/dashboard-Dashboard-Tests-should-have-proper-accessibility-labels-desktop-chrome-1920-retry1/trace.zip

    ────────────────────────────────────────────────────────────────────────────────────────────────

    Retry #2 ───────────────────────────────────────────────────────────────────────────────────────

    Test timeout of 30000ms exceeded while running "beforeEach" hook.

      2 |
      3 | test.describe('Dashboard Tests', () => {
    > 4 |   test.beforeEach(async ({ page }) => {
        |        ^
      5 |     // Set test mode header
      6 |     await page.setExtraHTTPHeaders({
      7 |       'x-test-mode': 'true'

        at /Users/thabonyembe/Documents/freeflow-app-9/tests/e2e/dashboard.spec.ts:4:8

    Error: expect(locator).toBeVisible()

    Locator: locator('h1[data-testid="dashboard-title"]')
    Expected: visible
    Received: hidden
    Call log:
      - expect.toBeVisible with timeout 5000ms
      - waiting for locator('h1[data-testid="dashboard-title"]')


      108 |   test('should have proper accessibility labels', async ({ page }) => {
      109 |     // Check for proper ARIA labels and semantic HTML
    > 110 |     await expect(page.locator('h1[data-testid="dashboard-title"]')).toBeVisible();
          |                                                                     ^
      111 |     
      112 |     // Navigation should be accessible
      113 |     const tabs = page.locator('[role="tablist"]');

        at /Users/thabonyembe/Documents/freeflow-app-9/tests/e2e/dashboard.spec.ts:110:69

    attachment #1: screenshot (image/png) ──────────────────────────────────────────────────────────
    test-results/dashboard-Dashboard-Tests-should-have-proper-accessibility-labels-desktop-chrome-1920-retry2/test-failed-1.png
    ────────────────────────────────────────────────────────────────────────────────────────────────

    attachment #2: video (video/webm) ──────────────────────────────────────────────────────────────
    test-results/dashboard-Dashboard-Tests-should-have-proper-accessibility-labels-desktop-chrome-1920-retry2/video.webm
    ────────────────────────────────────────────────────────────────────────────────────────────────

    attachment #3: screenshot (image/png) ──────────────────────────────────────────────────────────
    test-results/dashboard-Dashboard-Tests-should-have-proper-accessibility-labels-desktop-chrome-1920-retry2/test-failed-2.png
    ────────────────────────────────────────────────────────────────────────────────────────────────
]]>
</failure>
<system-out>
<![CDATA[Dashboard title not found, continuing...

[[ATTACHMENT|dashboard-Dashboard-Tests-should-have-proper-accessibility-labels-desktop-chrome-1920/test-failed-1.png]]

[[ATTACHMENT|dashboard-Dashboard-Tests-should-have-proper-accessibility-labels-desktop-chrome-1920/video.webm]]

[[ATTACHMENT|dashboard-Dashboard-Tests-should-have-proper-accessibility-labels-desktop-chrome-1920/test-failed-2.png]]
Dashboard title not found, continuing...

[[ATTACHMENT|dashboard-Dashboard-Tests-should-have-proper-accessibility-labels-desktop-chrome-1920-retry1/test-failed-1.png]]

[[ATTACHMENT|dashboard-Dashboard-Tests-should-have-proper-accessibility-labels-desktop-chrome-1920-retry1/video.webm]]

[[ATTACHMENT|dashboard-Dashboard-Tests-should-have-proper-accessibility-labels-desktop-chrome-1920-retry1/test-failed-2.png]]

[[ATTACHMENT|dashboard-Dashboard-Tests-should-have-proper-accessibility-labels-desktop-chrome-1920-retry1/trace.zip]]
Dashboard title not found, continuing...

[[ATTACHMENT|dashboard-Dashboard-Tests-should-have-proper-accessibility-labels-desktop-chrome-1920-retry2/test-failed-1.png]]

[[ATTACHMENT|dashboard-Dashboard-Tests-should-have-proper-accessibility-labels-desktop-chrome-1920-retry2/video.webm]]

[[ATTACHMENT|dashboard-Dashboard-Tests-should-have-proper-accessibility-labels-desktop-chrome-1920-retry2/test-failed-2.png]]
]]>
</system-out>
<system-err>
<![CDATA[Internal error: fixture integrity at context
]]>
</system-err>
</testcase>
</testsuite>
<testsuite name="dashboard.spec.ts" timestamp="2025-06-16T14:04:51.086Z" hostname="desktop-chrome-1366" tests="9" failures="9" skipped="0" time="810.01" errors="0">
<testcase name="Dashboard Tests › should load dashboard page successfully" classname="dashboard.spec.ts" time="90.002">
<failure message="dashboard.spec.ts:18:7 should load dashboard page successfully" type="FAILURE">
<![CDATA[  [desktop-chrome-1366] › dashboard.spec.ts:18:7 › Dashboard Tests › should load dashboard page successfully 

    Test timeout of 30000ms exceeded while running "beforeEach" hook.

      2 |
      3 | test.describe('Dashboard Tests', () => {
    > 4 |   test.beforeEach(async ({ page }) => {
        |        ^
      5 |     // Set test mode header
      6 |     await page.setExtraHTTPHeaders({
      7 |       'x-test-mode': 'true'

        at /Users/thabonyembe/Documents/freeflow-app-9/tests/e2e/dashboard.spec.ts:4:8

    Error: expect(locator).toBeVisible()

    Locator: locator('[data-testid="dashboard-container"]')
    Expected: visible
    Received: hidden
    Call log:
      - expect.toBeVisible with timeout 5000ms
      - waiting for locator('[data-testid="dashboard-container"]')


      17 |
      18 |   test('should load dashboard page successfully', async ({ page }) => {
    > 19 |     await expect(page.locator('[data-testid="dashboard-container"]')).toBeVisible();
         |                                                                       ^
      20 |     await expect(page.locator('[data-testid="dashboard-title"]')).toHaveText('Dashboard');
      21 |   });
      22 |

        at /Users/thabonyembe/Documents/freeflow-app-9/tests/e2e/dashboard.spec.ts:19:71

    attachment #1: screenshot (image/png) ──────────────────────────────────────────────────────────
    test-results/dashboard-Dashboard-Tests-should-load-dashboard-page-successfully-desktop-chrome-1366/test-failed-1.png
    ────────────────────────────────────────────────────────────────────────────────────────────────

    attachment #2: video (video/webm) ──────────────────────────────────────────────────────────────
    test-results/dashboard-Dashboard-Tests-should-load-dashboard-page-successfully-desktop-chrome-1366/video.webm
    ────────────────────────────────────────────────────────────────────────────────────────────────

    attachment #3: screenshot (image/png) ──────────────────────────────────────────────────────────
    test-results/dashboard-Dashboard-Tests-should-load-dashboard-page-successfully-desktop-chrome-1366/test-failed-2.png
    ────────────────────────────────────────────────────────────────────────────────────────────────

    Retry #1 ───────────────────────────────────────────────────────────────────────────────────────

    Test timeout of 30000ms exceeded while running "beforeEach" hook.

      2 |
      3 | test.describe('Dashboard Tests', () => {
    > 4 |   test.beforeEach(async ({ page }) => {
        |        ^
      5 |     // Set test mode header
      6 |     await page.setExtraHTTPHeaders({
      7 |       'x-test-mode': 'true'

        at /Users/thabonyembe/Documents/freeflow-app-9/tests/e2e/dashboard.spec.ts:4:8

    Error: expect(locator).toBeVisible()

    Locator: locator('[data-testid="dashboard-container"]')
    Expected: visible
    Received: hidden
    Call log:
      - expect.toBeVisible with timeout 5000ms
      - waiting for locator('[data-testid="dashboard-container"]')


      17 |
      18 |   test('should load dashboard page successfully', async ({ page }) => {
    > 19 |     await expect(page.locator('[data-testid="dashboard-container"]')).toBeVisible();
         |                                                                       ^
      20 |     await expect(page.locator('[data-testid="dashboard-title"]')).toHaveText('Dashboard');
      21 |   });
      22 |

        at /Users/thabonyembe/Documents/freeflow-app-9/tests/e2e/dashboard.spec.ts:19:71

    attachment #1: screenshot (image/png) ──────────────────────────────────────────────────────────
    test-results/dashboard-Dashboard-Tests-should-load-dashboard-page-successfully-desktop-chrome-1366-retry1/test-failed-1.png
    ────────────────────────────────────────────────────────────────────────────────────────────────

    attachment #2: video (video/webm) ──────────────────────────────────────────────────────────────
    test-results/dashboard-Dashboard-Tests-should-load-dashboard-page-successfully-desktop-chrome-1366-retry1/video.webm
    ────────────────────────────────────────────────────────────────────────────────────────────────

    attachment #3: screenshot (image/png) ──────────────────────────────────────────────────────────
    test-results/dashboard-Dashboard-Tests-should-load-dashboard-page-successfully-desktop-chrome-1366-retry1/test-failed-2.png
    ────────────────────────────────────────────────────────────────────────────────────────────────

    attachment #4: trace (application/zip) ─────────────────────────────────────────────────────────
    test-results/dashboard-Dashboard-Tests-should-load-dashboard-page-successfully-desktop-chrome-1366-retry1/trace.zip
    Usage:

        npx playwright show-trace test-results/dashboard-Dashboard-Tests-should-load-dashboard-page-successfully-desktop-chrome-1366-retry1/trace.zip

    ────────────────────────────────────────────────────────────────────────────────────────────────

    Retry #2 ───────────────────────────────────────────────────────────────────────────────────────

    Test timeout of 30000ms exceeded while running "beforeEach" hook.

      2 |
      3 | test.describe('Dashboard Tests', () => {
    > 4 |   test.beforeEach(async ({ page }) => {
        |        ^
      5 |     // Set test mode header
      6 |     await page.setExtraHTTPHeaders({
      7 |       'x-test-mode': 'true'

        at /Users/thabonyembe/Documents/freeflow-app-9/tests/e2e/dashboard.spec.ts:4:8

    Error: expect(locator).toBeVisible()

    Locator: locator('[data-testid="dashboard-container"]')
    Expected: visible
    Received: hidden
    Call log:
      - expect.toBeVisible with timeout 5000ms
      - waiting for locator('[data-testid="dashboard-container"]')


      17 |
      18 |   test('should load dashboard page successfully', async ({ page }) => {
    > 19 |     await expect(page.locator('[data-testid="dashboard-container"]')).toBeVisible();
         |                                                                       ^
      20 |     await expect(page.locator('[data-testid="dashboard-title"]')).toHaveText('Dashboard');
      21 |   });
      22 |

        at /Users/thabonyembe/Documents/freeflow-app-9/tests/e2e/dashboard.spec.ts:19:71

    attachment #1: screenshot (image/png) ──────────────────────────────────────────────────────────
    test-results/dashboard-Dashboard-Tests-should-load-dashboard-page-successfully-desktop-chrome-1366-retry2/test-failed-1.png
    ────────────────────────────────────────────────────────────────────────────────────────────────

    attachment #2: video (video/webm) ──────────────────────────────────────────────────────────────
    test-results/dashboard-Dashboard-Tests-should-load-dashboard-page-successfully-desktop-chrome-1366-retry2/video.webm
    ────────────────────────────────────────────────────────────────────────────────────────────────

    attachment #3: screenshot (image/png) ──────────────────────────────────────────────────────────
    test-results/dashboard-Dashboard-Tests-should-load-dashboard-page-successfully-desktop-chrome-1366-retry2/test-failed-2.png
    ────────────────────────────────────────────────────────────────────────────────────────────────
]]>
</failure>
<system-out>
<![CDATA[Dashboard title not found, continuing...

[[ATTACHMENT|dashboard-Dashboard-Tests-should-load-dashboard-page-successfully-desktop-chrome-1366/test-failed-1.png]]

[[ATTACHMENT|dashboard-Dashboard-Tests-should-load-dashboard-page-successfully-desktop-chrome-1366/video.webm]]

[[ATTACHMENT|dashboard-Dashboard-Tests-should-load-dashboard-page-successfully-desktop-chrome-1366/test-failed-2.png]]
Dashboard title not found, continuing...

[[ATTACHMENT|dashboard-Dashboard-Tests-should-load-dashboard-page-successfully-desktop-chrome-1366-retry1/test-failed-1.png]]

[[ATTACHMENT|dashboard-Dashboard-Tests-should-load-dashboard-page-successfully-desktop-chrome-1366-retry1/video.webm]]

[[ATTACHMENT|dashboard-Dashboard-Tests-should-load-dashboard-page-successfully-desktop-chrome-1366-retry1/test-failed-2.png]]

[[ATTACHMENT|dashboard-Dashboard-Tests-should-load-dashboard-page-successfully-desktop-chrome-1366-retry1/trace.zip]]
Dashboard title not found, continuing...

[[ATTACHMENT|dashboard-Dashboard-Tests-should-load-dashboard-page-successfully-desktop-chrome-1366-retry2/test-failed-1.png]]

[[ATTACHMENT|dashboard-Dashboard-Tests-should-load-dashboard-page-successfully-desktop-chrome-1366-retry2/video.webm]]

[[ATTACHMENT|dashboard-Dashboard-Tests-should-load-dashboard-page-successfully-desktop-chrome-1366-retry2/test-failed-2.png]]
]]>
</system-out>
<system-err>
<![CDATA[Internal error: fixture integrity at context
]]>
</system-err>
</testcase>
<testcase name="Dashboard Tests › should display dashboard stats" classname="dashboard.spec.ts" time="90.001">
<failure message="dashboard.spec.ts:23:7 should display dashboard stats" type="FAILURE">
<![CDATA[  [desktop-chrome-1366] › dashboard.spec.ts:23:7 › Dashboard Tests › should display dashboard stats 

    Test timeout of 30000ms exceeded while running "beforeEach" hook.

      2 |
      3 | test.describe('Dashboard Tests', () => {
    > 4 |   test.beforeEach(async ({ page }) => {
        |        ^
      5 |     // Set test mode header
      6 |     await page.setExtraHTTPHeaders({
      7 |       'x-test-mode': 'true'

        at /Users/thabonyembe/Documents/freeflow-app-9/tests/e2e/dashboard.spec.ts:4:8

    Error: expect(locator).toBeVisible()

    Locator: locator('[data-testid="stat-active-projects"]')
    Expected: visible
    Received: hidden
    Call log:
      - expect.toBeVisible with timeout 5000ms
      - waiting for locator('[data-testid="stat-active-projects"]')


      22 |
      23 |   test('should display dashboard stats', async ({ page }) => {
    > 24 |     await expect(page.locator('[data-testid="stat-active-projects"]')).toBeVisible();
         |                                                                        ^
      25 |     await expect(page.locator('[data-testid="stat-total-revenue"]')).toBeVisible();
      26 |     await expect(page.locator('[data-testid="stat-team-members"]')).toBeVisible();
      27 |     await expect(page.locator('[data-testid="stat-completed-tasks"]')).toBeVisible();

        at /Users/thabonyembe/Documents/freeflow-app-9/tests/e2e/dashboard.spec.ts:24:72

    attachment #1: screenshot (image/png) ──────────────────────────────────────────────────────────
    test-results/dashboard-Dashboard-Tests-should-display-dashboard-stats-desktop-chrome-1366/test-failed-1.png
    ────────────────────────────────────────────────────────────────────────────────────────────────

    attachment #2: video (video/webm) ──────────────────────────────────────────────────────────────
    test-results/dashboard-Dashboard-Tests-should-display-dashboard-stats-desktop-chrome-1366/video.webm
    ────────────────────────────────────────────────────────────────────────────────────────────────

    attachment #3: screenshot (image/png) ──────────────────────────────────────────────────────────
    test-results/dashboard-Dashboard-Tests-should-display-dashboard-stats-desktop-chrome-1366/test-failed-2.png
    ────────────────────────────────────────────────────────────────────────────────────────────────

    Retry #1 ───────────────────────────────────────────────────────────────────────────────────────

    Test timeout of 30000ms exceeded while running "beforeEach" hook.

      2 |
      3 | test.describe('Dashboard Tests', () => {
    > 4 |   test.beforeEach(async ({ page }) => {
        |        ^
      5 |     // Set test mode header
      6 |     await page.setExtraHTTPHeaders({
      7 |       'x-test-mode': 'true'

        at /Users/thabonyembe/Documents/freeflow-app-9/tests/e2e/dashboard.spec.ts:4:8

    Error: expect(locator).toBeVisible()

    Locator: locator('[data-testid="stat-active-projects"]')
    Expected: visible
    Received: hidden
    Call log:
      - expect.toBeVisible with timeout 5000ms
      - waiting for locator('[data-testid="stat-active-projects"]')


      22 |
      23 |   test('should display dashboard stats', async ({ page }) => {
    > 24 |     await expect(page.locator('[data-testid="stat-active-projects"]')).toBeVisible();
         |                                                                        ^
      25 |     await expect(page.locator('[data-testid="stat-total-revenue"]')).toBeVisible();
      26 |     await expect(page.locator('[data-testid="stat-team-members"]')).toBeVisible();
      27 |     await expect(page.locator('[data-testid="stat-completed-tasks"]')).toBeVisible();

        at /Users/thabonyembe/Documents/freeflow-app-9/tests/e2e/dashboard.spec.ts:24:72

    attachment #1: screenshot (image/png) ──────────────────────────────────────────────────────────
    test-results/dashboard-Dashboard-Tests-should-display-dashboard-stats-desktop-chrome-1366-retry1/test-failed-1.png
    ────────────────────────────────────────────────────────────────────────────────────────────────

    attachment #2: video (video/webm) ──────────────────────────────────────────────────────────────
    test-results/dashboard-Dashboard-Tests-should-display-dashboard-stats-desktop-chrome-1366-retry1/video.webm
    ────────────────────────────────────────────────────────────────────────────────────────────────

    attachment #3: screenshot (image/png) ──────────────────────────────────────────────────────────
    test-results/dashboard-Dashboard-Tests-should-display-dashboard-stats-desktop-chrome-1366-retry1/test-failed-2.png
    ────────────────────────────────────────────────────────────────────────────────────────────────

    attachment #4: trace (application/zip) ─────────────────────────────────────────────────────────
    test-results/dashboard-Dashboard-Tests-should-display-dashboard-stats-desktop-chrome-1366-retry1/trace.zip
    Usage:

        npx playwright show-trace test-results/dashboard-Dashboard-Tests-should-display-dashboard-stats-desktop-chrome-1366-retry1/trace.zip

    ────────────────────────────────────────────────────────────────────────────────────────────────

    Retry #2 ───────────────────────────────────────────────────────────────────────────────────────

    Test timeout of 30000ms exceeded while running "beforeEach" hook.

      2 |
      3 | test.describe('Dashboard Tests', () => {
    > 4 |   test.beforeEach(async ({ page }) => {
        |        ^
      5 |     // Set test mode header
      6 |     await page.setExtraHTTPHeaders({
      7 |       'x-test-mode': 'true'

        at /Users/thabonyembe/Documents/freeflow-app-9/tests/e2e/dashboard.spec.ts:4:8

    Error: expect(locator).toBeVisible()

    Locator: locator('[data-testid="stat-active-projects"]')
    Expected: visible
    Received: hidden
    Call log:
      - expect.toBeVisible with timeout 5000ms
      - waiting for locator('[data-testid="stat-active-projects"]')


      22 |
      23 |   test('should display dashboard stats', async ({ page }) => {
    > 24 |     await expect(page.locator('[data-testid="stat-active-projects"]')).toBeVisible();
         |                                                                        ^
      25 |     await expect(page.locator('[data-testid="stat-total-revenue"]')).toBeVisible();
      26 |     await expect(page.locator('[data-testid="stat-team-members"]')).toBeVisible();
      27 |     await expect(page.locator('[data-testid="stat-completed-tasks"]')).toBeVisible();

        at /Users/thabonyembe/Documents/freeflow-app-9/tests/e2e/dashboard.spec.ts:24:72

    attachment #1: screenshot (image/png) ──────────────────────────────────────────────────────────
    test-results/dashboard-Dashboard-Tests-should-display-dashboard-stats-desktop-chrome-1366-retry2/test-failed-1.png
    ────────────────────────────────────────────────────────────────────────────────────────────────

    attachment #2: video (video/webm) ──────────────────────────────────────────────────────────────
    test-results/dashboard-Dashboard-Tests-should-display-dashboard-stats-desktop-chrome-1366-retry2/video.webm
    ────────────────────────────────────────────────────────────────────────────────────────────────

    attachment #3: screenshot (image/png) ──────────────────────────────────────────────────────────
    test-results/dashboard-Dashboard-Tests-should-display-dashboard-stats-desktop-chrome-1366-retry2/test-failed-2.png
    ────────────────────────────────────────────────────────────────────────────────────────────────
]]>
</failure>
<system-out>
<![CDATA[Dashboard title not found, continuing...

[[ATTACHMENT|dashboard-Dashboard-Tests-should-display-dashboard-stats-desktop-chrome-1366/test-failed-1.png]]

[[ATTACHMENT|dashboard-Dashboard-Tests-should-display-dashboard-stats-desktop-chrome-1366/video.webm]]

[[ATTACHMENT|dashboard-Dashboard-Tests-should-display-dashboard-stats-desktop-chrome-1366/test-failed-2.png]]
Dashboard title not found, continuing...

[[ATTACHMENT|dashboard-Dashboard-Tests-should-display-dashboard-stats-desktop-chrome-1366-retry1/test-failed-1.png]]

[[ATTACHMENT|dashboard-Dashboard-Tests-should-display-dashboard-stats-desktop-chrome-1366-retry1/video.webm]]

[[ATTACHMENT|dashboard-Dashboard-Tests-should-display-dashboard-stats-desktop-chrome-1366-retry1/test-failed-2.png]]

[[ATTACHMENT|dashboard-Dashboard-Tests-should-display-dashboard-stats-desktop-chrome-1366-retry1/trace.zip]]
Dashboard title not found, continuing...

[[ATTACHMENT|dashboard-Dashboard-Tests-should-display-dashboard-stats-desktop-chrome-1366-retry2/test-failed-1.png]]

[[ATTACHMENT|dashboard-Dashboard-Tests-should-display-dashboard-stats-desktop-chrome-1366-retry2/video.webm]]

[[ATTACHMENT|dashboard-Dashboard-Tests-should-display-dashboard-stats-desktop-chrome-1366-retry2/test-failed-2.png]]
]]>
</system-out>
<system-err>
<![CDATA[Internal error: fixture integrity at context
]]>
</system-err>
</testcase>
<testcase name="Dashboard Tests › should have working navigation tabs" classname="dashboard.spec.ts" time="90.001">
<failure message="dashboard.spec.ts:30:7 should have working navigation tabs" type="FAILURE">
<![CDATA[  [desktop-chrome-1366] › dashboard.spec.ts:30:7 › Dashboard Tests › should have working navigation tabs 

    Test timeout of 30000ms exceeded while running "beforeEach" hook.

      2 |
      3 | test.describe('Dashboard Tests', () => {
    > 4 |   test.beforeEach(async ({ page }) => {
        |        ^
      5 |     // Set test mode header
      6 |     await page.setExtraHTTPHeaders({
      7 |       'x-test-mode': 'true'

        at /Users/thabonyembe/Documents/freeflow-app-9/tests/e2e/dashboard.spec.ts:4:8

    Error: expect(locator).toBeVisible()

    Locator: locator('[data-testid="dashboard-tabs"]')
    Expected: visible
    Received: hidden
    Call log:
      - expect.toBeVisible with timeout 5000ms
      - waiting for locator('[data-testid="dashboard-tabs"]')


      30 |   test('should have working navigation tabs', async ({ page }) => {
      31 |     const tabs = page.locator('[data-testid="dashboard-tabs"]');
    > 32 |     await expect(tabs).toBeVisible();
         |                        ^
      33 |     
      34 |     // Test Projects tab
      35 |     await page.click('[data-testid="projects-tab"]');

        at /Users/thabonyembe/Documents/freeflow-app-9/tests/e2e/dashboard.spec.ts:32:24

    attachment #1: screenshot (image/png) ──────────────────────────────────────────────────────────
    test-results/dashboard-Dashboard-Tests-should-have-working-navigation-tabs-desktop-chrome-1366/test-failed-1.png
    ────────────────────────────────────────────────────────────────────────────────────────────────

    attachment #2: video (video/webm) ──────────────────────────────────────────────────────────────
    test-results/dashboard-Dashboard-Tests-should-have-working-navigation-tabs-desktop-chrome-1366/video.webm
    ────────────────────────────────────────────────────────────────────────────────────────────────

    attachment #3: screenshot (image/png) ──────────────────────────────────────────────────────────
    test-results/dashboard-Dashboard-Tests-should-have-working-navigation-tabs-desktop-chrome-1366/test-failed-2.png
    ────────────────────────────────────────────────────────────────────────────────────────────────

    Retry #1 ───────────────────────────────────────────────────────────────────────────────────────

    Test timeout of 30000ms exceeded while running "beforeEach" hook.

      2 |
      3 | test.describe('Dashboard Tests', () => {
    > 4 |   test.beforeEach(async ({ page }) => {
        |        ^
      5 |     // Set test mode header
      6 |     await page.setExtraHTTPHeaders({
      7 |       'x-test-mode': 'true'

        at /Users/thabonyembe/Documents/freeflow-app-9/tests/e2e/dashboard.spec.ts:4:8

    Error: expect(locator).toBeVisible()

    Locator: locator('[data-testid="dashboard-tabs"]')
    Expected: visible
    Received: hidden
    Call log:
      - expect.toBeVisible with timeout 5000ms
      - waiting for locator('[data-testid="dashboard-tabs"]')


      30 |   test('should have working navigation tabs', async ({ page }) => {
      31 |     const tabs = page.locator('[data-testid="dashboard-tabs"]');
    > 32 |     await expect(tabs).toBeVisible();
         |                        ^
      33 |     
      34 |     // Test Projects tab
      35 |     await page.click('[data-testid="projects-tab"]');

        at /Users/thabonyembe/Documents/freeflow-app-9/tests/e2e/dashboard.spec.ts:32:24

    attachment #1: screenshot (image/png) ──────────────────────────────────────────────────────────
    test-results/dashboard-Dashboard-Tests-should-have-working-navigation-tabs-desktop-chrome-1366-retry1/test-failed-1.png
    ────────────────────────────────────────────────────────────────────────────────────────────────

    attachment #2: video (video/webm) ──────────────────────────────────────────────────────────────
    test-results/dashboard-Dashboard-Tests-should-have-working-navigation-tabs-desktop-chrome-1366-retry1/video.webm
    ────────────────────────────────────────────────────────────────────────────────────────────────

    attachment #3: screenshot (image/png) ──────────────────────────────────────────────────────────
    test-results/dashboard-Dashboard-Tests-should-have-working-navigation-tabs-desktop-chrome-1366-retry1/test-failed-2.png
    ────────────────────────────────────────────────────────────────────────────────────────────────

    attachment #4: trace (application/zip) ─────────────────────────────────────────────────────────
    test-results/dashboard-Dashboard-Tests-should-have-working-navigation-tabs-desktop-chrome-1366-retry1/trace.zip
    Usage:

        npx playwright show-trace test-results/dashboard-Dashboard-Tests-should-have-working-navigation-tabs-desktop-chrome-1366-retry1/trace.zip

    ────────────────────────────────────────────────────────────────────────────────────────────────

    Retry #2 ───────────────────────────────────────────────────────────────────────────────────────

    Test timeout of 30000ms exceeded while running "beforeEach" hook.

      2 |
      3 | test.describe('Dashboard Tests', () => {
    > 4 |   test.beforeEach(async ({ page }) => {
        |        ^
      5 |     // Set test mode header
      6 |     await page.setExtraHTTPHeaders({
      7 |       'x-test-mode': 'true'

        at /Users/thabonyembe/Documents/freeflow-app-9/tests/e2e/dashboard.spec.ts:4:8

    Error: expect(locator).toBeVisible()

    Locator: locator('[data-testid="dashboard-tabs"]')
    Expected: visible
    Received: hidden
    Call log:
      - expect.toBeVisible with timeout 5000ms
      - waiting for locator('[data-testid="dashboard-tabs"]')


      30 |   test('should have working navigation tabs', async ({ page }) => {
      31 |     const tabs = page.locator('[data-testid="dashboard-tabs"]');
    > 32 |     await expect(tabs).toBeVisible();
         |                        ^
      33 |     
      34 |     // Test Projects tab
      35 |     await page.click('[data-testid="projects-tab"]');

        at /Users/thabonyembe/Documents/freeflow-app-9/tests/e2e/dashboard.spec.ts:32:24

    attachment #1: screenshot (image/png) ──────────────────────────────────────────────────────────
    test-results/dashboard-Dashboard-Tests-should-have-working-navigation-tabs-desktop-chrome-1366-retry2/test-failed-1.png
    ────────────────────────────────────────────────────────────────────────────────────────────────

    attachment #2: video (video/webm) ──────────────────────────────────────────────────────────────
    test-results/dashboard-Dashboard-Tests-should-have-working-navigation-tabs-desktop-chrome-1366-retry2/video.webm
    ────────────────────────────────────────────────────────────────────────────────────────────────

    attachment #3: screenshot (image/png) ──────────────────────────────────────────────────────────
    test-results/dashboard-Dashboard-Tests-should-have-working-navigation-tabs-desktop-chrome-1366-retry2/test-failed-2.png
    ────────────────────────────────────────────────────────────────────────────────────────────────
]]>
</failure>
<system-out>
<![CDATA[Dashboard title not found, continuing...

[[ATTACHMENT|dashboard-Dashboard-Tests-should-have-working-navigation-tabs-desktop-chrome-1366/test-failed-1.png]]

[[ATTACHMENT|dashboard-Dashboard-Tests-should-have-working-navigation-tabs-desktop-chrome-1366/video.webm]]

[[ATTACHMENT|dashboard-Dashboard-Tests-should-have-working-navigation-tabs-desktop-chrome-1366/test-failed-2.png]]
Dashboard title not found, continuing...

[[ATTACHMENT|dashboard-Dashboard-Tests-should-have-working-navigation-tabs-desktop-chrome-1366-retry1/test-failed-1.png]]

[[ATTACHMENT|dashboard-Dashboard-Tests-should-have-working-navigation-tabs-desktop-chrome-1366-retry1/video.webm]]

[[ATTACHMENT|dashboard-Dashboard-Tests-should-have-working-navigation-tabs-desktop-chrome-1366-retry1/test-failed-2.png]]

[[ATTACHMENT|dashboard-Dashboard-Tests-should-have-working-navigation-tabs-desktop-chrome-1366-retry1/trace.zip]]
Dashboard title not found, continuing...

[[ATTACHMENT|dashboard-Dashboard-Tests-should-have-working-navigation-tabs-desktop-chrome-1366-retry2/test-failed-1.png]]

[[ATTACHMENT|dashboard-Dashboard-Tests-should-have-working-navigation-tabs-desktop-chrome-1366-retry2/video.webm]]

[[ATTACHMENT|dashboard-Dashboard-Tests-should-have-working-navigation-tabs-desktop-chrome-1366-retry2/test-failed-2.png]]
]]>
</system-out>
<system-err>
<![CDATA[Internal error: fixture integrity at context
]]>
</system-err>
</testcase>
<testcase name="Dashboard Tests › should display projects in Projects Hub" classname="dashboard.spec.ts" time="90.001">
<failure message="dashboard.spec.ts:51:7 should display projects in Projects Hub" type="FAILURE">
<![CDATA[  [desktop-chrome-1366] › dashboard.spec.ts:51:7 › Dashboard Tests › should display projects in Projects Hub 

    Test timeout of 30000ms exceeded while running "beforeEach" hook.

      2 |
      3 | test.describe('Dashboard Tests', () => {
    > 4 |   test.beforeEach(async ({ page }) => {
        |        ^
      5 |     // Set test mode header
      6 |     await page.setExtraHTTPHeaders({
      7 |       'x-test-mode': 'true'

        at /Users/thabonyembe/Documents/freeflow-app-9/tests/e2e/dashboard.spec.ts:4:8

    Error: page.click: Test ended.
    Call log:
      - waiting for locator('[data-testid="projects-tab"]')


      50 |
      51 |   test('should display projects in Projects Hub', async ({ page }) => {
    > 52 |     await page.click('[data-testid="projects-tab"]');
         |                ^
      53 |     await expect(page.locator('[data-testid="projects-hub"]')).toBeVisible();
      54 |     
      55 |     // Check for project items

        at /Users/thabonyembe/Documents/freeflow-app-9/tests/e2e/dashboard.spec.ts:52:16

    attachment #1: screenshot (image/png) ──────────────────────────────────────────────────────────
    test-results/dashboard-Dashboard-Tests-should-display-projects-in-Projects-Hub-desktop-chrome-1366/test-failed-1.png
    ────────────────────────────────────────────────────────────────────────────────────────────────

    attachment #2: video (video/webm) ──────────────────────────────────────────────────────────────
    test-results/dashboard-Dashboard-Tests-should-display-projects-in-Projects-Hub-desktop-chrome-1366/video.webm
    ────────────────────────────────────────────────────────────────────────────────────────────────

    attachment #3: screenshot (image/png) ──────────────────────────────────────────────────────────
    test-results/dashboard-Dashboard-Tests-should-display-projects-in-Projects-Hub-desktop-chrome-1366/test-failed-2.png
    ────────────────────────────────────────────────────────────────────────────────────────────────

    Retry #1 ───────────────────────────────────────────────────────────────────────────────────────

    Test timeout of 30000ms exceeded while running "beforeEach" hook.

      2 |
      3 | test.describe('Dashboard Tests', () => {
    > 4 |   test.beforeEach(async ({ page }) => {
        |        ^
      5 |     // Set test mode header
      6 |     await page.setExtraHTTPHeaders({
      7 |       'x-test-mode': 'true'

        at /Users/thabonyembe/Documents/freeflow-app-9/tests/e2e/dashboard.spec.ts:4:8

    Error: page.click: Test ended.
    Call log:
      - waiting for locator('[data-testid="projects-tab"]')


      50 |
      51 |   test('should display projects in Projects Hub', async ({ page }) => {
    > 52 |     await page.click('[data-testid="projects-tab"]');
         |                ^
      53 |     await expect(page.locator('[data-testid="projects-hub"]')).toBeVisible();
      54 |     
      55 |     // Check for project items

        at /Users/thabonyembe/Documents/freeflow-app-9/tests/e2e/dashboard.spec.ts:52:16

    attachment #1: screenshot (image/png) ──────────────────────────────────────────────────────────
    test-results/dashboard-Dashboard-Tests-should-display-projects-in-Projects-Hub-desktop-chrome-1366-retry1/test-failed-1.png
    ────────────────────────────────────────────────────────────────────────────────────────────────

    attachment #2: video (video/webm) ──────────────────────────────────────────────────────────────
    test-results/dashboard-Dashboard-Tests-should-display-projects-in-Projects-Hub-desktop-chrome-1366-retry1/video.webm
    ────────────────────────────────────────────────────────────────────────────────────────────────

    attachment #3: screenshot (image/png) ──────────────────────────────────────────────────────────
    test-results/dashboard-Dashboard-Tests-should-display-projects-in-Projects-Hub-desktop-chrome-1366-retry1/test-failed-2.png
    ────────────────────────────────────────────────────────────────────────────────────────────────

    attachment #4: trace (application/zip) ─────────────────────────────────────────────────────────
    test-results/dashboard-Dashboard-Tests-should-display-projects-in-Projects-Hub-desktop-chrome-1366-retry1/trace.zip
    Usage:

        npx playwright show-trace test-results/dashboard-Dashboard-Tests-should-display-projects-in-Projects-Hub-desktop-chrome-1366-retry1/trace.zip

    ────────────────────────────────────────────────────────────────────────────────────────────────

    Retry #2 ───────────────────────────────────────────────────────────────────────────────────────

    Test timeout of 30000ms exceeded while running "beforeEach" hook.

      2 |
      3 | test.describe('Dashboard Tests', () => {
    > 4 |   test.beforeEach(async ({ page }) => {
        |        ^
      5 |     // Set test mode header
      6 |     await page.setExtraHTTPHeaders({
      7 |       'x-test-mode': 'true'

        at /Users/thabonyembe/Documents/freeflow-app-9/tests/e2e/dashboard.spec.ts:4:8

    Error: page.click: Test ended.
    Call log:
      - waiting for locator('[data-testid="projects-tab"]')


      50 |
      51 |   test('should display projects in Projects Hub', async ({ page }) => {
    > 52 |     await page.click('[data-testid="projects-tab"]');
         |                ^
      53 |     await expect(page.locator('[data-testid="projects-hub"]')).toBeVisible();
      54 |     
      55 |     // Check for project items

        at /Users/thabonyembe/Documents/freeflow-app-9/tests/e2e/dashboard.spec.ts:52:16

    attachment #1: screenshot (image/png) ──────────────────────────────────────────────────────────
    test-results/dashboard-Dashboard-Tests-should-display-projects-in-Projects-Hub-desktop-chrome-1366-retry2/test-failed-1.png
    ────────────────────────────────────────────────────────────────────────────────────────────────

    attachment #2: video (video/webm) ──────────────────────────────────────────────────────────────
    test-results/dashboard-Dashboard-Tests-should-display-projects-in-Projects-Hub-desktop-chrome-1366-retry2/video.webm
    ────────────────────────────────────────────────────────────────────────────────────────────────

    attachment #3: screenshot (image/png) ──────────────────────────────────────────────────────────
    test-results/dashboard-Dashboard-Tests-should-display-projects-in-Projects-Hub-desktop-chrome-1366-retry2/test-failed-2.png
    ────────────────────────────────────────────────────────────────────────────────────────────────
]]>
</failure>
<system-out>
<![CDATA[Dashboard title not found, continuing...

[[ATTACHMENT|dashboard-Dashboard-Tests-should-display-projects-in-Projects-Hub-desktop-chrome-1366/test-failed-1.png]]

[[ATTACHMENT|dashboard-Dashboard-Tests-should-display-projects-in-Projects-Hub-desktop-chrome-1366/video.webm]]

[[ATTACHMENT|dashboard-Dashboard-Tests-should-display-projects-in-Projects-Hub-desktop-chrome-1366/test-failed-2.png]]
Dashboard title not found, continuing...

[[ATTACHMENT|dashboard-Dashboard-Tests-should-display-projects-in-Projects-Hub-desktop-chrome-1366-retry1/test-failed-1.png]]

[[ATTACHMENT|dashboard-Dashboard-Tests-should-display-projects-in-Projects-Hub-desktop-chrome-1366-retry1/video.webm]]

[[ATTACHMENT|dashboard-Dashboard-Tests-should-display-projects-in-Projects-Hub-desktop-chrome-1366-retry1/test-failed-2.png]]

[[ATTACHMENT|dashboard-Dashboard-Tests-should-display-projects-in-Projects-Hub-desktop-chrome-1366-retry1/trace.zip]]
Dashboard title not found, continuing...

[[ATTACHMENT|dashboard-Dashboard-Tests-should-display-projects-in-Projects-Hub-desktop-chrome-1366-retry2/test-failed-1.png]]

[[ATTACHMENT|dashboard-Dashboard-Tests-should-display-projects-in-Projects-Hub-desktop-chrome-1366-retry2/video.webm]]

[[ATTACHMENT|dashboard-Dashboard-Tests-should-display-projects-in-Projects-Hub-desktop-chrome-1366-retry2/test-failed-2.png]]
]]>
</system-out>
<system-err>
<![CDATA[Internal error: fixture integrity at context
]]>
</system-err>
</testcase>
<testcase name="Dashboard Tests › should display team members with avatars" classname="dashboard.spec.ts" time="90">
<failure message="dashboard.spec.ts:61:7 should display team members with avatars" type="FAILURE">
<![CDATA[  [desktop-chrome-1366] › dashboard.spec.ts:61:7 › Dashboard Tests › should display team members with avatars 

    Test timeout of 30000ms exceeded while running "beforeEach" hook.

      2 |
      3 | test.describe('Dashboard Tests', () => {
    > 4 |   test.beforeEach(async ({ page }) => {
        |        ^
      5 |     // Set test mode header
      6 |     await page.setExtraHTTPHeaders({
      7 |       'x-test-mode': 'true'

        at /Users/thabonyembe/Documents/freeflow-app-9/tests/e2e/dashboard.spec.ts:4:8

    Error: page.click: Test ended.
    Call log:
      - waiting for locator('[data-testid="team-tab"]')


      60 |
      61 |   test('should display team members with avatars', async ({ page }) => {
    > 62 |     await page.click('[data-testid="team-tab"]');
         |                ^
      63 |     await expect(page.locator('[data-testid="team-hub"]')).toBeVisible();
      64 |     
      65 |     // Check team members

        at /Users/thabonyembe/Documents/freeflow-app-9/tests/e2e/dashboard.spec.ts:62:16

    attachment #1: screenshot (image/png) ──────────────────────────────────────────────────────────
    test-results/dashboard-Dashboard-Tests-should-display-team-members-with-avatars-desktop-chrome-1366/test-failed-1.png
    ────────────────────────────────────────────────────────────────────────────────────────────────

    attachment #2: video (video/webm) ──────────────────────────────────────────────────────────────
    test-results/dashboard-Dashboard-Tests-should-display-team-members-with-avatars-desktop-chrome-1366/video.webm
    ────────────────────────────────────────────────────────────────────────────────────────────────

    attachment #3: screenshot (image/png) ──────────────────────────────────────────────────────────
    test-results/dashboard-Dashboard-Tests-should-display-team-members-with-avatars-desktop-chrome-1366/test-failed-2.png
    ────────────────────────────────────────────────────────────────────────────────────────────────

    Retry #1 ───────────────────────────────────────────────────────────────────────────────────────

    Test timeout of 30000ms exceeded while running "beforeEach" hook.

      2 |
      3 | test.describe('Dashboard Tests', () => {
    > 4 |   test.beforeEach(async ({ page }) => {
        |        ^
      5 |     // Set test mode header
      6 |     await page.setExtraHTTPHeaders({
      7 |       'x-test-mode': 'true'

        at /Users/thabonyembe/Documents/freeflow-app-9/tests/e2e/dashboard.spec.ts:4:8

    Error: page.click: Test ended.
    Call log:
      - waiting for locator('[data-testid="team-tab"]')


      60 |
      61 |   test('should display team members with avatars', async ({ page }) => {
    > 62 |     await page.click('[data-testid="team-tab"]');
         |                ^
      63 |     await expect(page.locator('[data-testid="team-hub"]')).toBeVisible();
      64 |     
      65 |     // Check team members

        at /Users/thabonyembe/Documents/freeflow-app-9/tests/e2e/dashboard.spec.ts:62:16

    attachment #1: screenshot (image/png) ──────────────────────────────────────────────────────────
    test-results/dashboard-Dashboard-Tests-should-display-team-members-with-avatars-desktop-chrome-1366-retry1/test-failed-1.png
    ────────────────────────────────────────────────────────────────────────────────────────────────

    attachment #2: video (video/webm) ──────────────────────────────────────────────────────────────
    test-results/dashboard-Dashboard-Tests-should-display-team-members-with-avatars-desktop-chrome-1366-retry1/video.webm
    ────────────────────────────────────────────────────────────────────────────────────────────────

    attachment #3: screenshot (image/png) ──────────────────────────────────────────────────────────
    test-results/dashboard-Dashboard-Tests-should-display-team-members-with-avatars-desktop-chrome-1366-retry1/test-failed-2.png
    ────────────────────────────────────────────────────────────────────────────────────────────────

    attachment #4: trace (application/zip) ─────────────────────────────────────────────────────────
    test-results/dashboard-Dashboard-Tests-should-display-team-members-with-avatars-desktop-chrome-1366-retry1/trace.zip
    Usage:

        npx playwright show-trace test-results/dashboard-Dashboard-Tests-should-display-team-members-with-avatars-desktop-chrome-1366-retry1/trace.zip

    ────────────────────────────────────────────────────────────────────────────────────────────────

    Retry #2 ───────────────────────────────────────────────────────────────────────────────────────

    Test timeout of 30000ms exceeded while running "beforeEach" hook.

      2 |
      3 | test.describe('Dashboard Tests', () => {
    > 4 |   test.beforeEach(async ({ page }) => {
        |        ^
      5 |     // Set test mode header
      6 |     await page.setExtraHTTPHeaders({
      7 |       'x-test-mode': 'true'

        at /Users/thabonyembe/Documents/freeflow-app-9/tests/e2e/dashboard.spec.ts:4:8

    Error: page.click: Test ended.
    Call log:
      - waiting for locator('[data-testid="team-tab"]')


      60 |
      61 |   test('should display team members with avatars', async ({ page }) => {
    > 62 |     await page.click('[data-testid="team-tab"]');
         |                ^
      63 |     await expect(page.locator('[data-testid="team-hub"]')).toBeVisible();
      64 |     
      65 |     // Check team members

        at /Users/thabonyembe/Documents/freeflow-app-9/tests/e2e/dashboard.spec.ts:62:16

    attachment #1: screenshot (image/png) ──────────────────────────────────────────────────────────
    test-results/dashboard-Dashboard-Tests-should-display-team-members-with-avatars-desktop-chrome-1366-retry2/test-failed-1.png
    ────────────────────────────────────────────────────────────────────────────────────────────────

    attachment #2: video (video/webm) ──────────────────────────────────────────────────────────────
    test-results/dashboard-Dashboard-Tests-should-display-team-members-with-avatars-desktop-chrome-1366-retry2/video.webm
    ────────────────────────────────────────────────────────────────────────────────────────────────

    attachment #3: screenshot (image/png) ──────────────────────────────────────────────────────────
    test-results/dashboard-Dashboard-Tests-should-display-team-members-with-avatars-desktop-chrome-1366-retry2/test-failed-2.png
    ────────────────────────────────────────────────────────────────────────────────────────────────
]]>
</failure>
<system-out>
<![CDATA[Dashboard title not found, continuing...

[[ATTACHMENT|dashboard-Dashboard-Tests-should-display-team-members-with-avatars-desktop-chrome-1366/test-failed-1.png]]

[[ATTACHMENT|dashboard-Dashboard-Tests-should-display-team-members-with-avatars-desktop-chrome-1366/video.webm]]

[[ATTACHMENT|dashboard-Dashboard-Tests-should-display-team-members-with-avatars-desktop-chrome-1366/test-failed-2.png]]
Dashboard title not found, continuing...

[[ATTACHMENT|dashboard-Dashboard-Tests-should-display-team-members-with-avatars-desktop-chrome-1366-retry1/test-failed-1.png]]

[[ATTACHMENT|dashboard-Dashboard-Tests-should-display-team-members-with-avatars-desktop-chrome-1366-retry1/video.webm]]

[[ATTACHMENT|dashboard-Dashboard-Tests-should-display-team-members-with-avatars-desktop-chrome-1366-retry1/test-failed-2.png]]

[[ATTACHMENT|dashboard-Dashboard-Tests-should-display-team-members-with-avatars-desktop-chrome-1366-retry1/trace.zip]]
Dashboard title not found, continuing...

[[ATTACHMENT|dashboard-Dashboard-Tests-should-display-team-members-with-avatars-desktop-chrome-1366-retry2/test-failed-1.png]]

[[ATTACHMENT|dashboard-Dashboard-Tests-should-display-team-members-with-avatars-desktop-chrome-1366-retry2/video.webm]]

[[ATTACHMENT|dashboard-Dashboard-Tests-should-display-team-members-with-avatars-desktop-chrome-1366-retry2/test-failed-2.png]]
]]>
</system-out>
<system-err>
<![CDATA[Internal error: fixture integrity at context
]]>
</system-err>
</testcase>
<testcase name="Dashboard Tests › should handle new project button click" classname="dashboard.spec.ts" time="90.001">
<failure message="dashboard.spec.ts:73:7 should handle new project button click" type="FAILURE">
<![CDATA[  [desktop-chrome-1366] › dashboard.spec.ts:73:7 › Dashboard Tests › should handle new project button click 

    Test timeout of 30000ms exceeded while running "beforeEach" hook.

      2 |
      3 | test.describe('Dashboard Tests', () => {
    > 4 |   test.beforeEach(async ({ page }) => {
        |        ^
      5 |     // Set test mode header
      6 |     await page.setExtraHTTPHeaders({
      7 |       'x-test-mode': 'true'

        at /Users/thabonyembe/Documents/freeflow-app-9/tests/e2e/dashboard.spec.ts:4:8

    Error: expect(locator).toBeVisible()

    Locator: locator('[data-testid="new-project-button"]')
    Expected: visible
    Received: hidden
    Call log:
      - expect.toBeVisible with timeout 5000ms
      - waiting for locator('[data-testid="new-project-button"]')


      73 |   test('should handle new project button click', async ({ page }) => {
      74 |     const newProjectButton = page.locator('[data-testid="new-project-button"]');
    > 75 |     await expect(newProjectButton).toBeVisible();
         |                                    ^
      76 |     await expect(newProjectButton).toBeEnabled();
      77 |     
      78 |     // Click should be possible (actual navigation tested separately)

        at /Users/thabonyembe/Documents/freeflow-app-9/tests/e2e/dashboard.spec.ts:75:36

    attachment #1: screenshot (image/png) ──────────────────────────────────────────────────────────
    test-results/dashboard-Dashboard-Tests-should-handle-new-project-button-click-desktop-chrome-1366/test-failed-1.png
    ────────────────────────────────────────────────────────────────────────────────────────────────

    attachment #2: video (video/webm) ──────────────────────────────────────────────────────────────
    test-results/dashboard-Dashboard-Tests-should-handle-new-project-button-click-desktop-chrome-1366/video.webm
    ────────────────────────────────────────────────────────────────────────────────────────────────

    attachment #3: screenshot (image/png) ──────────────────────────────────────────────────────────
    test-results/dashboard-Dashboard-Tests-should-handle-new-project-button-click-desktop-chrome-1366/test-failed-2.png
    ────────────────────────────────────────────────────────────────────────────────────────────────

    Retry #1 ───────────────────────────────────────────────────────────────────────────────────────

    Test timeout of 30000ms exceeded while running "beforeEach" hook.

      2 |
      3 | test.describe('Dashboard Tests', () => {
    > 4 |   test.beforeEach(async ({ page }) => {
        |        ^
      5 |     // Set test mode header
      6 |     await page.setExtraHTTPHeaders({
      7 |       'x-test-mode': 'true'

        at /Users/thabonyembe/Documents/freeflow-app-9/tests/e2e/dashboard.spec.ts:4:8

    Error: expect(locator).toBeVisible()

    Locator: locator('[data-testid="new-project-button"]')
    Expected: visible
    Received: hidden
    Call log:
      - expect.toBeVisible with timeout 5000ms
      - waiting for locator('[data-testid="new-project-button"]')


      73 |   test('should handle new project button click', async ({ page }) => {
      74 |     const newProjectButton = page.locator('[data-testid="new-project-button"]');
    > 75 |     await expect(newProjectButton).toBeVisible();
         |                                    ^
      76 |     await expect(newProjectButton).toBeEnabled();
      77 |     
      78 |     // Click should be possible (actual navigation tested separately)

        at /Users/thabonyembe/Documents/freeflow-app-9/tests/e2e/dashboard.spec.ts:75:36

    attachment #1: screenshot (image/png) ──────────────────────────────────────────────────────────
    test-results/dashboard-Dashboard-Tests-should-handle-new-project-button-click-desktop-chrome-1366-retry1/test-failed-1.png
    ────────────────────────────────────────────────────────────────────────────────────────────────

    attachment #2: video (video/webm) ──────────────────────────────────────────────────────────────
    test-results/dashboard-Dashboard-Tests-should-handle-new-project-button-click-desktop-chrome-1366-retry1/video.webm
    ────────────────────────────────────────────────────────────────────────────────────────────────

    attachment #3: screenshot (image/png) ──────────────────────────────────────────────────────────
    test-results/dashboard-Dashboard-Tests-should-handle-new-project-button-click-desktop-chrome-1366-retry1/test-failed-2.png
    ────────────────────────────────────────────────────────────────────────────────────────────────

    attachment #4: trace (application/zip) ─────────────────────────────────────────────────────────
    test-results/dashboard-Dashboard-Tests-should-handle-new-project-button-click-desktop-chrome-1366-retry1/trace.zip
    Usage:

        npx playwright show-trace test-results/dashboard-Dashboard-Tests-should-handle-new-project-button-click-desktop-chrome-1366-retry1/trace.zip

    ────────────────────────────────────────────────────────────────────────────────────────────────

    Retry #2 ───────────────────────────────────────────────────────────────────────────────────────

    Test timeout of 30000ms exceeded while running "beforeEach" hook.

      2 |
      3 | test.describe('Dashboard Tests', () => {
    > 4 |   test.beforeEach(async ({ page }) => {
        |        ^
      5 |     // Set test mode header
      6 |     await page.setExtraHTTPHeaders({
      7 |       'x-test-mode': 'true'

        at /Users/thabonyembe/Documents/freeflow-app-9/tests/e2e/dashboard.spec.ts:4:8

    Error: expect(locator).toBeVisible()

    Locator: locator('[data-testid="new-project-button"]')
    Expected: visible
    Received: hidden
    Call log:
      - expect.toBeVisible with timeout 5000ms
      - waiting for locator('[data-testid="new-project-button"]')


      73 |   test('should handle new project button click', async ({ page }) => {
      74 |     const newProjectButton = page.locator('[data-testid="new-project-button"]');
    > 75 |     await expect(newProjectButton).toBeVisible();
         |                                    ^
      76 |     await expect(newProjectButton).toBeEnabled();
      77 |     
      78 |     // Click should be possible (actual navigation tested separately)

        at /Users/thabonyembe/Documents/freeflow-app-9/tests/e2e/dashboard.spec.ts:75:36

    attachment #1: screenshot (image/png) ──────────────────────────────────────────────────────────
    test-results/dashboard-Dashboard-Tests-should-handle-new-project-button-click-desktop-chrome-1366-retry2/test-failed-1.png
    ────────────────────────────────────────────────────────────────────────────────────────────────

    attachment #2: video (video/webm) ──────────────────────────────────────────────────────────────
    test-results/dashboard-Dashboard-Tests-should-handle-new-project-button-click-desktop-chrome-1366-retry2/video.webm
    ────────────────────────────────────────────────────────────────────────────────────────────────

    attachment #3: screenshot (image/png) ──────────────────────────────────────────────────────────
    test-results/dashboard-Dashboard-Tests-should-handle-new-project-button-click-desktop-chrome-1366-retry2/test-failed-2.png
    ────────────────────────────────────────────────────────────────────────────────────────────────
]]>
</failure>
<system-out>
<![CDATA[Dashboard title not found, continuing...

[[ATTACHMENT|dashboard-Dashboard-Tests-should-handle-new-project-button-click-desktop-chrome-1366/test-failed-1.png]]

[[ATTACHMENT|dashboard-Dashboard-Tests-should-handle-new-project-button-click-desktop-chrome-1366/video.webm]]

[[ATTACHMENT|dashboard-Dashboard-Tests-should-handle-new-project-button-click-desktop-chrome-1366/test-failed-2.png]]
Dashboard title not found, continuing...

[[ATTACHMENT|dashboard-Dashboard-Tests-should-handle-new-project-button-click-desktop-chrome-1366-retry1/test-failed-1.png]]

[[ATTACHMENT|dashboard-Dashboard-Tests-should-handle-new-project-button-click-desktop-chrome-1366-retry1/video.webm]]

[[ATTACHMENT|dashboard-Dashboard-Tests-should-handle-new-project-button-click-desktop-chrome-1366-retry1/test-failed-2.png]]

[[ATTACHMENT|dashboard-Dashboard-Tests-should-handle-new-project-button-click-desktop-chrome-1366-retry1/trace.zip]]
Dashboard title not found, continuing...

[[ATTACHMENT|dashboard-Dashboard-Tests-should-handle-new-project-button-click-desktop-chrome-1366-retry2/test-failed-1.png]]

[[ATTACHMENT|dashboard-Dashboard-Tests-should-handle-new-project-button-click-desktop-chrome-1366-retry2/video.webm]]

[[ATTACHMENT|dashboard-Dashboard-Tests-should-handle-new-project-button-click-desktop-chrome-1366-retry2/test-failed-2.png]]
]]>
</system-out>
<system-err>
<![CDATA[Internal error: fixture integrity at context
Internal error: fixture integrity at context
]]>
</system-err>
</testcase>
<testcase name="Dashboard Tests › should be responsive on mobile" classname="dashboard.spec.ts" time="90.001">
<failure message="dashboard.spec.ts:82:7 should be responsive on mobile" type="FAILURE">
<![CDATA[  [desktop-chrome-1366] › dashboard.spec.ts:82:7 › Dashboard Tests › should be responsive on mobile 

    Test timeout of 30000ms exceeded while running "beforeEach" hook.

      2 |
      3 | test.describe('Dashboard Tests', () => {
    > 4 |   test.beforeEach(async ({ page }) => {
        |        ^
      5 |     // Set test mode header
      6 |     await page.setExtraHTTPHeaders({
      7 |       'x-test-mode': 'true'

        at /Users/thabonyembe/Documents/freeflow-app-9/tests/e2e/dashboard.spec.ts:4:8

    Error: expect(locator).toBeVisible()

    Locator: locator('[data-testid="dashboard-container"]')
    Expected: visible
    Received: hidden
    Call log:
      - expect.toBeVisible with timeout 5000ms
      - waiting for locator('[data-testid="dashboard-container"]')


      83 |     await page.setViewportSize({ width: 375, height: 667 });
      84 |     
    > 85 |     await expect(page.locator('[data-testid="dashboard-container"]')).toBeVisible();
         |                                                                       ^
      86 |     await expect(page.locator('[data-testid="dashboard-title"]')).toBeVisible();
      87 |     
      88 |     // Stats should stack on mobile

        at /Users/thabonyembe/Documents/freeflow-app-9/tests/e2e/dashboard.spec.ts:85:71

    attachment #1: screenshot (image/png) ──────────────────────────────────────────────────────────
    test-results/dashboard-Dashboard-Tests-should-be-responsive-on-mobile-desktop-chrome-1366/test-failed-1.png
    ────────────────────────────────────────────────────────────────────────────────────────────────

    attachment #2: video (video/webm) ──────────────────────────────────────────────────────────────
    test-results/dashboard-Dashboard-Tests-should-be-responsive-on-mobile-desktop-chrome-1366/video.webm
    ────────────────────────────────────────────────────────────────────────────────────────────────

    attachment #3: screenshot (image/png) ──────────────────────────────────────────────────────────
    test-results/dashboard-Dashboard-Tests-should-be-responsive-on-mobile-desktop-chrome-1366/test-failed-2.png
    ────────────────────────────────────────────────────────────────────────────────────────────────

    Retry #1 ───────────────────────────────────────────────────────────────────────────────────────

    Test timeout of 30000ms exceeded while running "beforeEach" hook.

      2 |
      3 | test.describe('Dashboard Tests', () => {
    > 4 |   test.beforeEach(async ({ page }) => {
        |        ^
      5 |     // Set test mode header
      6 |     await page.setExtraHTTPHeaders({
      7 |       'x-test-mode': 'true'

        at /Users/thabonyembe/Documents/freeflow-app-9/tests/e2e/dashboard.spec.ts:4:8

    Error: expect(locator).toBeVisible()

    Locator: locator('[data-testid="dashboard-container"]')
    Expected: visible
    Received: hidden
    Call log:
      - expect.toBeVisible with timeout 5000ms
      - waiting for locator('[data-testid="dashboard-container"]')


      83 |     await page.setViewportSize({ width: 375, height: 667 });
      84 |     
    > 85 |     await expect(page.locator('[data-testid="dashboard-container"]')).toBeVisible();
         |                                                                       ^
      86 |     await expect(page.locator('[data-testid="dashboard-title"]')).toBeVisible();
      87 |     
      88 |     // Stats should stack on mobile

        at /Users/thabonyembe/Documents/freeflow-app-9/tests/e2e/dashboard.spec.ts:85:71

    attachment #1: screenshot (image/png) ──────────────────────────────────────────────────────────
    test-results/dashboard-Dashboard-Tests-should-be-responsive-on-mobile-desktop-chrome-1366-retry1/test-failed-1.png
    ────────────────────────────────────────────────────────────────────────────────────────────────

    attachment #2: video (video/webm) ──────────────────────────────────────────────────────────────
    test-results/dashboard-Dashboard-Tests-should-be-responsive-on-mobile-desktop-chrome-1366-retry1/video.webm
    ────────────────────────────────────────────────────────────────────────────────────────────────

    attachment #3: screenshot (image/png) ──────────────────────────────────────────────────────────
    test-results/dashboard-Dashboard-Tests-should-be-responsive-on-mobile-desktop-chrome-1366-retry1/test-failed-2.png
    ────────────────────────────────────────────────────────────────────────────────────────────────

    attachment #4: trace (application/zip) ─────────────────────────────────────────────────────────
    test-results/dashboard-Dashboard-Tests-should-be-responsive-on-mobile-desktop-chrome-1366-retry1/trace.zip
    Usage:

        npx playwright show-trace test-results/dashboard-Dashboard-Tests-should-be-responsive-on-mobile-desktop-chrome-1366-retry1/trace.zip

    ────────────────────────────────────────────────────────────────────────────────────────────────

    Retry #2 ───────────────────────────────────────────────────────────────────────────────────────

    Test timeout of 30000ms exceeded while running "beforeEach" hook.

      2 |
      3 | test.describe('Dashboard Tests', () => {
    > 4 |   test.beforeEach(async ({ page }) => {
        |        ^
      5 |     // Set test mode header
      6 |     await page.setExtraHTTPHeaders({
      7 |       'x-test-mode': 'true'

        at /Users/thabonyembe/Documents/freeflow-app-9/tests/e2e/dashboard.spec.ts:4:8

    Error: expect(locator).toBeVisible()

    Locator: locator('[data-testid="dashboard-container"]')
    Expected: visible
    Received: hidden
    Call log:
      - expect.toBeVisible with timeout 5000ms
      - waiting for locator('[data-testid="dashboard-container"]')


      83 |     await page.setViewportSize({ width: 375, height: 667 });
      84 |     
    > 85 |     await expect(page.locator('[data-testid="dashboard-container"]')).toBeVisible();
         |                                                                       ^
      86 |     await expect(page.locator('[data-testid="dashboard-title"]')).toBeVisible();
      87 |     
      88 |     // Stats should stack on mobile

        at /Users/thabonyembe/Documents/freeflow-app-9/tests/e2e/dashboard.spec.ts:85:71

    attachment #1: screenshot (image/png) ──────────────────────────────────────────────────────────
    test-results/dashboard-Dashboard-Tests-should-be-responsive-on-mobile-desktop-chrome-1366-retry2/test-failed-1.png
    ────────────────────────────────────────────────────────────────────────────────────────────────

    attachment #2: video (video/webm) ──────────────────────────────────────────────────────────────
    test-results/dashboard-Dashboard-Tests-should-be-responsive-on-mobile-desktop-chrome-1366-retry2/video.webm
    ────────────────────────────────────────────────────────────────────────────────────────────────

    attachment #3: screenshot (image/png) ──────────────────────────────────────────────────────────
    test-results/dashboard-Dashboard-Tests-should-be-responsive-on-mobile-desktop-chrome-1366-retry2/test-failed-2.png
    ────────────────────────────────────────────────────────────────────────────────────────────────
]]>
</failure>
<system-out>
<![CDATA[Dashboard title not found, continuing...

[[ATTACHMENT|dashboard-Dashboard-Tests-should-be-responsive-on-mobile-desktop-chrome-1366/test-failed-1.png]]

[[ATTACHMENT|dashboard-Dashboard-Tests-should-be-responsive-on-mobile-desktop-chrome-1366/video.webm]]

[[ATTACHMENT|dashboard-Dashboard-Tests-should-be-responsive-on-mobile-desktop-chrome-1366/test-failed-2.png]]
Dashboard title not found, continuing...

[[ATTACHMENT|dashboard-Dashboard-Tests-should-be-responsive-on-mobile-desktop-chrome-1366-retry1/test-failed-1.png]]

[[ATTACHMENT|dashboard-Dashboard-Tests-should-be-responsive-on-mobile-desktop-chrome-1366-retry1/video.webm]]

[[ATTACHMENT|dashboard-Dashboard-Tests-should-be-responsive-on-mobile-desktop-chrome-1366-retry1/test-failed-2.png]]

[[ATTACHMENT|dashboard-Dashboard-Tests-should-be-responsive-on-mobile-desktop-chrome-1366-retry1/trace.zip]]
Dashboard title not found, continuing...

[[ATTACHMENT|dashboard-Dashboard-Tests-should-be-responsive-on-mobile-desktop-chrome-1366-retry2/test-failed-1.png]]

[[ATTACHMENT|dashboard-Dashboard-Tests-should-be-responsive-on-mobile-desktop-chrome-1366-retry2/video.webm]]

[[ATTACHMENT|dashboard-Dashboard-Tests-should-be-responsive-on-mobile-desktop-chrome-1366-retry2/test-failed-2.png]]
]]>
</system-out>
<system-err>
<![CDATA[Internal error: fixture integrity at context
]]>
</system-err>
</testcase>
<testcase name="Dashboard Tests › should load team member avatars without 404 errors" classname="dashboard.spec.ts" time="90.002">
<failure message="dashboard.spec.ts:93:7 should load team member avatars without 404 errors" type="FAILURE">
<![CDATA[  [desktop-chrome-1366] › dashboard.spec.ts:93:7 › Dashboard Tests › should load team member avatars without 404 errors 

    Test timeout of 30000ms exceeded while running "beforeEach" hook.

      2 |
      3 | test.describe('Dashboard Tests', () => {
    > 4 |   test.beforeEach(async ({ page }) => {
        |        ^
      5 |     // Set test mode header
      6 |     await page.setExtraHTTPHeaders({
      7 |       'x-test-mode': 'true'

        at /Users/thabonyembe/Documents/freeflow-app-9/tests/e2e/dashboard.spec.ts:4:8

    Error: page.click: Test ended.
    Call log:
      - waiting for locator('[data-testid="team-tab"]')


      100 |     });
      101 |     
    > 102 |     await page.click('[data-testid="team-tab"]');
          |                ^
      103 |     await page.waitForTimeout(2000); // Wait for images to load
      104 |     
      105 |     expect(failedRequests).toHaveLength(0);

        at /Users/thabonyembe/Documents/freeflow-app-9/tests/e2e/dashboard.spec.ts:102:16

    attachment #1: screenshot (image/png) ──────────────────────────────────────────────────────────
    test-results/dashboard-Dashboard-Tests-should-load-team-member-avatars-without-404-errors-desktop-chrome-1366/test-failed-1.png
    ────────────────────────────────────────────────────────────────────────────────────────────────

    attachment #2: video (video/webm) ──────────────────────────────────────────────────────────────
    test-results/dashboard-Dashboard-Tests-should-load-team-member-avatars-without-404-errors-desktop-chrome-1366/video.webm
    ────────────────────────────────────────────────────────────────────────────────────────────────

    attachment #3: screenshot (image/png) ──────────────────────────────────────────────────────────
    test-results/dashboard-Dashboard-Tests-should-load-team-member-avatars-without-404-errors-desktop-chrome-1366/test-failed-2.png
    ────────────────────────────────────────────────────────────────────────────────────────────────

    Retry #1 ───────────────────────────────────────────────────────────────────────────────────────

    Test timeout of 30000ms exceeded while running "beforeEach" hook.

      2 |
      3 | test.describe('Dashboard Tests', () => {
    > 4 |   test.beforeEach(async ({ page }) => {
        |        ^
      5 |     // Set test mode header
      6 |     await page.setExtraHTTPHeaders({
      7 |       'x-test-mode': 'true'

        at /Users/thabonyembe/Documents/freeflow-app-9/tests/e2e/dashboard.spec.ts:4:8

    Error: page.click: Test ended.
    Call log:
      - waiting for locator('[data-testid="team-tab"]')


      100 |     });
      101 |     
    > 102 |     await page.click('[data-testid="team-tab"]');
          |                ^
      103 |     await page.waitForTimeout(2000); // Wait for images to load
      104 |     
      105 |     expect(failedRequests).toHaveLength(0);

        at /Users/thabonyembe/Documents/freeflow-app-9/tests/e2e/dashboard.spec.ts:102:16

    attachment #1: screenshot (image/png) ──────────────────────────────────────────────────────────
    test-results/dashboard-Dashboard-Tests-should-load-team-member-avatars-without-404-errors-desktop-chrome-1366-retry1/test-failed-1.png
    ────────────────────────────────────────────────────────────────────────────────────────────────

    attachment #2: video (video/webm) ──────────────────────────────────────────────────────────────
    test-results/dashboard-Dashboard-Tests-should-load-team-member-avatars-without-404-errors-desktop-chrome-1366-retry1/video.webm
    ────────────────────────────────────────────────────────────────────────────────────────────────

    attachment #3: screenshot (image/png) ──────────────────────────────────────────────────────────
    test-results/dashboard-Dashboard-Tests-should-load-team-member-avatars-without-404-errors-desktop-chrome-1366-retry1/test-failed-2.png
    ────────────────────────────────────────────────────────────────────────────────────────────────

    attachment #4: trace (application/zip) ─────────────────────────────────────────────────────────
    test-results/dashboard-Dashboard-Tests-should-load-team-member-avatars-without-404-errors-desktop-chrome-1366-retry1/trace.zip
    Usage:

        npx playwright show-trace test-results/dashboard-Dashboard-Tests-should-load-team-member-avatars-without-404-errors-desktop-chrome-1366-retry1/trace.zip

    ────────────────────────────────────────────────────────────────────────────────────────────────

    Retry #2 ───────────────────────────────────────────────────────────────────────────────────────

    Test timeout of 30000ms exceeded while running "beforeEach" hook.

      2 |
      3 | test.describe('Dashboard Tests', () => {
    > 4 |   test.beforeEach(async ({ page }) => {
        |        ^
      5 |     // Set test mode header
      6 |     await page.setExtraHTTPHeaders({
      7 |       'x-test-mode': 'true'

        at /Users/thabonyembe/Documents/freeflow-app-9/tests/e2e/dashboard.spec.ts:4:8

    Error: page.click: Test ended.
    Call log:
      - waiting for locator('[data-testid="team-tab"]')


      100 |     });
      101 |     
    > 102 |     await page.click('[data-testid="team-tab"]');
          |                ^
      103 |     await page.waitForTimeout(2000); // Wait for images to load
      104 |     
      105 |     expect(failedRequests).toHaveLength(0);

        at /Users/thabonyembe/Documents/freeflow-app-9/tests/e2e/dashboard.spec.ts:102:16

    attachment #1: screenshot (image/png) ──────────────────────────────────────────────────────────
    test-results/dashboard-Dashboard-Tests-should-load-team-member-avatars-without-404-errors-desktop-chrome-1366-retry2/test-failed-1.png
    ────────────────────────────────────────────────────────────────────────────────────────────────

    attachment #2: video (video/webm) ──────────────────────────────────────────────────────────────
    test-results/dashboard-Dashboard-Tests-should-load-team-member-avatars-without-404-errors-desktop-chrome-1366-retry2/video.webm
    ────────────────────────────────────────────────────────────────────────────────────────────────

    attachment #3: screenshot (image/png) ──────────────────────────────────────────────────────────
    test-results/dashboard-Dashboard-Tests-should-load-team-member-avatars-without-404-errors-desktop-chrome-1366-retry2/test-failed-2.png
    ────────────────────────────────────────────────────────────────────────────────────────────────
]]>
</failure>
<system-out>
<![CDATA[Dashboard title not found, continuing...

[[ATTACHMENT|dashboard-Dashboard-Tests-should-load-team-member-avatars-without-404-errors-desktop-chrome-1366/test-failed-1.png]]

[[ATTACHMENT|dashboard-Dashboard-Tests-should-load-team-member-avatars-without-404-errors-desktop-chrome-1366/video.webm]]

[[ATTACHMENT|dashboard-Dashboard-Tests-should-load-team-member-avatars-without-404-errors-desktop-chrome-1366/test-failed-2.png]]
Dashboard title not found, continuing...

[[ATTACHMENT|dashboard-Dashboard-Tests-should-load-team-member-avatars-without-404-errors-desktop-chrome-1366-retry1/test-failed-1.png]]

[[ATTACHMENT|dashboard-Dashboard-Tests-should-load-team-member-avatars-without-404-errors-desktop-chrome-1366-retry1/video.webm]]

[[ATTACHMENT|dashboard-Dashboard-Tests-should-load-team-member-avatars-without-404-errors-desktop-chrome-1366-retry1/test-failed-2.png]]

[[ATTACHMENT|dashboard-Dashboard-Tests-should-load-team-member-avatars-without-404-errors-desktop-chrome-1366-retry1/trace.zip]]
Dashboard title not found, continuing...

[[ATTACHMENT|dashboard-Dashboard-Tests-should-load-team-member-avatars-without-404-errors-desktop-chrome-1366-retry2/test-failed-1.png]]

[[ATTACHMENT|dashboard-Dashboard-Tests-should-load-team-member-avatars-without-404-errors-desktop-chrome-1366-retry2/video.webm]]

[[ATTACHMENT|dashboard-Dashboard-Tests-should-load-team-member-avatars-without-404-errors-desktop-chrome-1366-retry2/test-failed-2.png]]
]]>
</system-out>
<system-err>
<![CDATA[Internal error: fixture integrity at context
Internal error: fixture integrity at context
]]>
</system-err>
</testcase>
<testcase name="Dashboard Tests › should have proper accessibility labels" classname="dashboard.spec.ts" time="90.001">
<failure message="dashboard.spec.ts:108:7 should have proper accessibility labels" type="FAILURE">
<![CDATA[  [desktop-chrome-1366] › dashboard.spec.ts:108:7 › Dashboard Tests › should have proper accessibility labels 

    Test timeout of 30000ms exceeded while running "beforeEach" hook.

      2 |
      3 | test.describe('Dashboard Tests', () => {
    > 4 |   test.beforeEach(async ({ page }) => {
        |        ^
      5 |     // Set test mode header
      6 |     await page.setExtraHTTPHeaders({
      7 |       'x-test-mode': 'true'

        at /Users/thabonyembe/Documents/freeflow-app-9/tests/e2e/dashboard.spec.ts:4:8

    Error: expect(locator).toBeVisible()

    Locator: locator('h1[data-testid="dashboard-title"]')
    Expected: visible
    Received: hidden
    Call log:
      - expect.toBeVisible with timeout 5000ms
      - waiting for locator('h1[data-testid="dashboard-title"]')


      108 |   test('should have proper accessibility labels', async ({ page }) => {
      109 |     // Check for proper ARIA labels and semantic HTML
    > 110 |     await expect(page.locator('h1[data-testid="dashboard-title"]')).toBeVisible();
          |                                                                     ^
      111 |     
      112 |     // Navigation should be accessible
      113 |     const tabs = page.locator('[role="tablist"]');

        at /Users/thabonyembe/Documents/freeflow-app-9/tests/e2e/dashboard.spec.ts:110:69

    attachment #1: screenshot (image/png) ──────────────────────────────────────────────────────────
    test-results/dashboard-Dashboard-Tests-should-have-proper-accessibility-labels-desktop-chrome-1366/test-failed-1.png
    ────────────────────────────────────────────────────────────────────────────────────────────────

    attachment #2: video (video/webm) ──────────────────────────────────────────────────────────────
    test-results/dashboard-Dashboard-Tests-should-have-proper-accessibility-labels-desktop-chrome-1366/video.webm
    ────────────────────────────────────────────────────────────────────────────────────────────────

    attachment #3: screenshot (image/png) ──────────────────────────────────────────────────────────
    test-results/dashboard-Dashboard-Tests-should-have-proper-accessibility-labels-desktop-chrome-1366/test-failed-2.png
    ────────────────────────────────────────────────────────────────────────────────────────────────

    Retry #1 ───────────────────────────────────────────────────────────────────────────────────────

    Test timeout of 30000ms exceeded while running "beforeEach" hook.

      2 |
      3 | test.describe('Dashboard Tests', () => {
    > 4 |   test.beforeEach(async ({ page }) => {
        |        ^
      5 |     // Set test mode header
      6 |     await page.setExtraHTTPHeaders({
      7 |       'x-test-mode': 'true'

        at /Users/thabonyembe/Documents/freeflow-app-9/tests/e2e/dashboard.spec.ts:4:8

    Error: expect(locator).toBeVisible()

    Locator: locator('h1[data-testid="dashboard-title"]')
    Expected: visible
    Received: hidden
    Call log:
      - expect.toBeVisible with timeout 5000ms
      - waiting for locator('h1[data-testid="dashboard-title"]')


      108 |   test('should have proper accessibility labels', async ({ page }) => {
      109 |     // Check for proper ARIA labels and semantic HTML
    > 110 |     await expect(page.locator('h1[data-testid="dashboard-title"]')).toBeVisible();
          |                                                                     ^
      111 |     
      112 |     // Navigation should be accessible
      113 |     const tabs = page.locator('[role="tablist"]');

        at /Users/thabonyembe/Documents/freeflow-app-9/tests/e2e/dashboard.spec.ts:110:69

    attachment #1: screenshot (image/png) ──────────────────────────────────────────────────────────
    test-results/dashboard-Dashboard-Tests-should-have-proper-accessibility-labels-desktop-chrome-1366-retry1/test-failed-1.png
    ────────────────────────────────────────────────────────────────────────────────────────────────

    attachment #2: video (video/webm) ──────────────────────────────────────────────────────────────
    test-results/dashboard-Dashboard-Tests-should-have-proper-accessibility-labels-desktop-chrome-1366-retry1/video.webm
    ────────────────────────────────────────────────────────────────────────────────────────────────

    attachment #3: screenshot (image/png) ──────────────────────────────────────────────────────────
    test-results/dashboard-Dashboard-Tests-should-have-proper-accessibility-labels-desktop-chrome-1366-retry1/test-failed-2.png
    ────────────────────────────────────────────────────────────────────────────────────────────────

    attachment #4: trace (application/zip) ─────────────────────────────────────────────────────────
    test-results/dashboard-Dashboard-Tests-should-have-proper-accessibility-labels-desktop-chrome-1366-retry1/trace.zip
    Usage:

        npx playwright show-trace test-results/dashboard-Dashboard-Tests-should-have-proper-accessibility-labels-desktop-chrome-1366-retry1/trace.zip

    ────────────────────────────────────────────────────────────────────────────────────────────────

    Retry #2 ───────────────────────────────────────────────────────────────────────────────────────

    Test timeout of 30000ms exceeded while running "beforeEach" hook.

      2 |
      3 | test.describe('Dashboard Tests', () => {
    > 4 |   test.beforeEach(async ({ page }) => {
        |        ^
      5 |     // Set test mode header
      6 |     await page.setExtraHTTPHeaders({
      7 |       'x-test-mode': 'true'

        at /Users/thabonyembe/Documents/freeflow-app-9/tests/e2e/dashboard.spec.ts:4:8

    Error: expect(locator).toBeVisible()

    Locator: locator('h1[data-testid="dashboard-title"]')
    Expected: visible
    Received: hidden
    Call log:
      - expect.toBeVisible with timeout 5000ms
      - waiting for locator('h1[data-testid="dashboard-title"]')


      108 |   test('should have proper accessibility labels', async ({ page }) => {
      109 |     // Check for proper ARIA labels and semantic HTML
    > 110 |     await expect(page.locator('h1[data-testid="dashboard-title"]')).toBeVisible();
          |                                                                     ^
      111 |     
      112 |     // Navigation should be accessible
      113 |     const tabs = page.locator('[role="tablist"]');

        at /Users/thabonyembe/Documents/freeflow-app-9/tests/e2e/dashboard.spec.ts:110:69

    attachment #1: screenshot (image/png) ──────────────────────────────────────────────────────────
    test-results/dashboard-Dashboard-Tests-should-have-proper-accessibility-labels-desktop-chrome-1366-retry2/test-failed-1.png
    ────────────────────────────────────────────────────────────────────────────────────────────────

    attachment #2: video (video/webm) ──────────────────────────────────────────────────────────────
    test-results/dashboard-Dashboard-Tests-should-have-proper-accessibility-labels-desktop-chrome-1366-retry2/video.webm
    ────────────────────────────────────────────────────────────────────────────────────────────────

    attachment #3: screenshot (image/png) ──────────────────────────────────────────────────────────
    test-results/dashboard-Dashboard-Tests-should-have-proper-accessibility-labels-desktop-chrome-1366-retry2/test-failed-2.png
    ────────────────────────────────────────────────────────────────────────────────────────────────
]]>
</failure>
<system-out>
<![CDATA[Dashboard title not found, continuing...

[[ATTACHMENT|dashboard-Dashboard-Tests-should-have-proper-accessibility-labels-desktop-chrome-1366/test-failed-1.png]]

[[ATTACHMENT|dashboard-Dashboard-Tests-should-have-proper-accessibility-labels-desktop-chrome-1366/video.webm]]

[[ATTACHMENT|dashboard-Dashboard-Tests-should-have-proper-accessibility-labels-desktop-chrome-1366/test-failed-2.png]]
Dashboard title not found, continuing...

[[ATTACHMENT|dashboard-Dashboard-Tests-should-have-proper-accessibility-labels-desktop-chrome-1366-retry1/test-failed-1.png]]

[[ATTACHMENT|dashboard-Dashboard-Tests-should-have-proper-accessibility-labels-desktop-chrome-1366-retry1/video.webm]]

[[ATTACHMENT|dashboard-Dashboard-Tests-should-have-proper-accessibility-labels-desktop-chrome-1366-retry1/test-failed-2.png]]

[[ATTACHMENT|dashboard-Dashboard-Tests-should-have-proper-accessibility-labels-desktop-chrome-1366-retry1/trace.zip]]
Dashboard title not found, continuing...

[[ATTACHMENT|dashboard-Dashboard-Tests-should-have-proper-accessibility-labels-desktop-chrome-1366-retry2/test-failed-1.png]]

[[ATTACHMENT|dashboard-Dashboard-Tests-should-have-proper-accessibility-labels-desktop-chrome-1366-retry2/video.webm]]

[[ATTACHMENT|dashboard-Dashboard-Tests-should-have-proper-accessibility-labels-desktop-chrome-1366-retry2/test-failed-2.png]]
]]>
</system-out>
<system-err>
<![CDATA[Internal error: fixture integrity at context
]]>
</system-err>
</testcase>
</testsuite>
<testsuite name="dashboard.spec.ts" timestamp="2025-06-16T14:04:51.086Z" hostname="desktop-firefox" tests="9" failures="9" skipped="0" time="810.005" errors="0">
<testcase name="Dashboard Tests › should load dashboard page successfully" classname="dashboard.spec.ts" time="90">
<failure message="dashboard.spec.ts:18:7 should load dashboard page successfully" type="FAILURE">
<![CDATA[  [desktop-firefox] › dashboard.spec.ts:18:7 › Dashboard Tests › should load dashboard page successfully 

    Test timeout of 30000ms exceeded while running "beforeEach" hook.

      2 |
      3 | test.describe('Dashboard Tests', () => {
    > 4 |   test.beforeEach(async ({ page }) => {
        |        ^
      5 |     // Set test mode header
      6 |     await page.setExtraHTTPHeaders({
      7 |       'x-test-mode': 'true'

        at /Users/thabonyembe/Documents/freeflow-app-9/tests/e2e/dashboard.spec.ts:4:8

    Error: browserContext.newPage: Test ended.


    attachment #1: screenshot (image/png) ──────────────────────────────────────────────────────────
    test-results/dashboard-Dashboard-Tests-should-load-dashboard-page-successfully-desktop-firefox/test-failed-1.png
    ────────────────────────────────────────────────────────────────────────────────────────────────

    attachment #2: video (video/webm) ──────────────────────────────────────────────────────────────
    test-results/dashboard-Dashboard-Tests-should-load-dashboard-page-successfully-desktop-firefox/video.webm
    ────────────────────────────────────────────────────────────────────────────────────────────────

    Retry #1 ───────────────────────────────────────────────────────────────────────────────────────

    Test timeout of 30000ms exceeded while running "beforeEach" hook.

      2 |
      3 | test.describe('Dashboard Tests', () => {
    > 4 |   test.beforeEach(async ({ page }) => {
        |        ^
      5 |     // Set test mode header
      6 |     await page.setExtraHTTPHeaders({
      7 |       'x-test-mode': 'true'

        at /Users/thabonyembe/Documents/freeflow-app-9/tests/e2e/dashboard.spec.ts:4:8

    Error: expect(locator).toBeVisible()

    Locator: locator('[data-testid="dashboard-container"]')
    Expected: visible
    Received: hidden
    Call log:
      - expect.toBeVisible with timeout 5000ms
      - waiting for locator('[data-testid="dashboard-container"]')


      17 |
      18 |   test('should load dashboard page successfully', async ({ page }) => {
    > 19 |     await expect(page.locator('[data-testid="dashboard-container"]')).toBeVisible();
         |                                                                       ^
      20 |     await expect(page.locator('[data-testid="dashboard-title"]')).toHaveText('Dashboard');
      21 |   });
      22 |

        at /Users/thabonyembe/Documents/freeflow-app-9/tests/e2e/dashboard.spec.ts:19:71

    attachment #1: screenshot (image/png) ──────────────────────────────────────────────────────────
    test-results/dashboard-Dashboard-Tests-should-load-dashboard-page-successfully-desktop-firefox-retry1/test-failed-1.png
    ────────────────────────────────────────────────────────────────────────────────────────────────

    attachment #2: video (video/webm) ──────────────────────────────────────────────────────────────
    test-results/dashboard-Dashboard-Tests-should-load-dashboard-page-successfully-desktop-firefox-retry1/video.webm
    ────────────────────────────────────────────────────────────────────────────────────────────────

    attachment #3: trace (application/zip) ─────────────────────────────────────────────────────────
    test-results/dashboard-Dashboard-Tests-should-load-dashboard-page-successfully-desktop-firefox-retry1/trace.zip
    Usage:

        npx playwright show-trace test-results/dashboard-Dashboard-Tests-should-load-dashboard-page-successfully-desktop-firefox-retry1/trace.zip

    ────────────────────────────────────────────────────────────────────────────────────────────────

    Retry #2 ───────────────────────────────────────────────────────────────────────────────────────

    Test timeout of 30000ms exceeded while running "beforeEach" hook.

      2 |
      3 | test.describe('Dashboard Tests', () => {
    > 4 |   test.beforeEach(async ({ page }) => {
        |        ^
      5 |     // Set test mode header
      6 |     await page.setExtraHTTPHeaders({
      7 |       'x-test-mode': 'true'

        at /Users/thabonyembe/Documents/freeflow-app-9/tests/e2e/dashboard.spec.ts:4:8

    Error: browserContext.newPage: Test ended.


    attachment #1: screenshot (image/png) ──────────────────────────────────────────────────────────
    test-results/dashboard-Dashboard-Tests-should-load-dashboard-page-successfully-desktop-firefox-retry2/test-failed-1.png
    ────────────────────────────────────────────────────────────────────────────────────────────────

    attachment #2: video (video/webm) ──────────────────────────────────────────────────────────────
    test-results/dashboard-Dashboard-Tests-should-load-dashboard-page-successfully-desktop-firefox-retry2/video.webm
    ────────────────────────────────────────────────────────────────────────────────────────────────
]]>
</failure>
<system-out>
<![CDATA[Dashboard title not found, continuing...

[[ATTACHMENT|dashboard-Dashboard-Tests-should-load-dashboard-page-successfully-desktop-firefox/test-failed-1.png]]

[[ATTACHMENT|dashboard-Dashboard-Tests-should-load-dashboard-page-successfully-desktop-firefox/video.webm]]
Dashboard title not found, continuing...

[[ATTACHMENT|dashboard-Dashboard-Tests-should-load-dashboard-page-successfully-desktop-firefox-retry1/test-failed-1.png]]

[[ATTACHMENT|dashboard-Dashboard-Tests-should-load-dashboard-page-successfully-desktop-firefox-retry1/video.webm]]

[[ATTACHMENT|dashboard-Dashboard-Tests-should-load-dashboard-page-successfully-desktop-firefox-retry1/trace.zip]]
Dashboard title not found, continuing...

[[ATTACHMENT|dashboard-Dashboard-Tests-should-load-dashboard-page-successfully-desktop-firefox-retry2/test-failed-1.png]]

[[ATTACHMENT|dashboard-Dashboard-Tests-should-load-dashboard-page-successfully-desktop-firefox-retry2/video.webm]]
]]>
</system-out>
<system-err>
<![CDATA[Internal error: fixture integrity at context
]]>
</system-err>
</testcase>
<testcase name="Dashboard Tests › should display dashboard stats" classname="dashboard.spec.ts" time="90.002">
<failure message="dashboard.spec.ts:23:7 should display dashboard stats" type="FAILURE">
<![CDATA[  [desktop-firefox] › dashboard.spec.ts:23:7 › Dashboard Tests › should display dashboard stats ────

    Test timeout of 30000ms exceeded while running "beforeEach" hook.

      2 |
      3 | test.describe('Dashboard Tests', () => {
    > 4 |   test.beforeEach(async ({ page }) => {
        |        ^
      5 |     // Set test mode header
      6 |     await page.setExtraHTTPHeaders({
      7 |       'x-test-mode': 'true'

        at /Users/thabonyembe/Documents/freeflow-app-9/tests/e2e/dashboard.spec.ts:4:8

    Error: browserContext.newPage: Test ended.


    attachment #1: screenshot (image/png) ──────────────────────────────────────────────────────────
    test-results/dashboard-Dashboard-Tests-should-display-dashboard-stats-desktop-firefox/test-failed-1.png
    ────────────────────────────────────────────────────────────────────────────────────────────────

    attachment #2: video (video/webm) ──────────────────────────────────────────────────────────────
    test-results/dashboard-Dashboard-Tests-should-display-dashboard-stats-desktop-firefox/video.webm
    ────────────────────────────────────────────────────────────────────────────────────────────────

    Retry #1 ───────────────────────────────────────────────────────────────────────────────────────

    Test timeout of 30000ms exceeded while running "beforeEach" hook.

      2 |
      3 | test.describe('Dashboard Tests', () => {
    > 4 |   test.beforeEach(async ({ page }) => {
        |        ^
      5 |     // Set test mode header
      6 |     await page.setExtraHTTPHeaders({
      7 |       'x-test-mode': 'true'

        at /Users/thabonyembe/Documents/freeflow-app-9/tests/e2e/dashboard.spec.ts:4:8

    Error: expect(locator).toBeVisible()

    Locator: locator('[data-testid="stat-active-projects"]')
    Expected: visible
    Received: hidden
    Call log:
      - expect.toBeVisible with timeout 5000ms
      - waiting for locator('[data-testid="stat-active-projects"]')


      22 |
      23 |   test('should display dashboard stats', async ({ page }) => {
    > 24 |     await expect(page.locator('[data-testid="stat-active-projects"]')).toBeVisible();
         |                                                                        ^
      25 |     await expect(page.locator('[data-testid="stat-total-revenue"]')).toBeVisible();
      26 |     await expect(page.locator('[data-testid="stat-team-members"]')).toBeVisible();
      27 |     await expect(page.locator('[data-testid="stat-completed-tasks"]')).toBeVisible();

        at /Users/thabonyembe/Documents/freeflow-app-9/tests/e2e/dashboard.spec.ts:24:72

    attachment #1: screenshot (image/png) ──────────────────────────────────────────────────────────
    test-results/dashboard-Dashboard-Tests-should-display-dashboard-stats-desktop-firefox-retry1/test-failed-1.png
    ────────────────────────────────────────────────────────────────────────────────────────────────

    attachment #2: video (video/webm) ──────────────────────────────────────────────────────────────
    test-results/dashboard-Dashboard-Tests-should-display-dashboard-stats-desktop-firefox-retry1/video.webm
    ────────────────────────────────────────────────────────────────────────────────────────────────

    attachment #3: trace (application/zip) ─────────────────────────────────────────────────────────
    test-results/dashboard-Dashboard-Tests-should-display-dashboard-stats-desktop-firefox-retry1/trace.zip
    Usage:

        npx playwright show-trace test-results/dashboard-Dashboard-Tests-should-display-dashboard-stats-desktop-firefox-retry1/trace.zip

    ────────────────────────────────────────────────────────────────────────────────────────────────

    Retry #2 ───────────────────────────────────────────────────────────────────────────────────────

    Test timeout of 30000ms exceeded while running "beforeEach" hook.

      2 |
      3 | test.describe('Dashboard Tests', () => {
    > 4 |   test.beforeEach(async ({ page }) => {
        |        ^
      5 |     // Set test mode header
      6 |     await page.setExtraHTTPHeaders({
      7 |       'x-test-mode': 'true'

        at /Users/thabonyembe/Documents/freeflow-app-9/tests/e2e/dashboard.spec.ts:4:8

    Error: browserContext.newPage: Test ended.


    attachment #1: screenshot (image/png) ──────────────────────────────────────────────────────────
    test-results/dashboard-Dashboard-Tests-should-display-dashboard-stats-desktop-firefox-retry2/test-failed-1.png
    ────────────────────────────────────────────────────────────────────────────────────────────────

    attachment #2: video (video/webm) ──────────────────────────────────────────────────────────────
    test-results/dashboard-Dashboard-Tests-should-display-dashboard-stats-desktop-firefox-retry2/video.webm
    ────────────────────────────────────────────────────────────────────────────────────────────────
]]>
</failure>
<system-out>
<![CDATA[Dashboard title not found, continuing...

[[ATTACHMENT|dashboard-Dashboard-Tests-should-display-dashboard-stats-desktop-firefox/test-failed-1.png]]

[[ATTACHMENT|dashboard-Dashboard-Tests-should-display-dashboard-stats-desktop-firefox/video.webm]]
Dashboard title not found, continuing...

[[ATTACHMENT|dashboard-Dashboard-Tests-should-display-dashboard-stats-desktop-firefox-retry1/test-failed-1.png]]

[[ATTACHMENT|dashboard-Dashboard-Tests-should-display-dashboard-stats-desktop-firefox-retry1/video.webm]]

[[ATTACHMENT|dashboard-Dashboard-Tests-should-display-dashboard-stats-desktop-firefox-retry1/trace.zip]]
Dashboard title not found, continuing...

[[ATTACHMENT|dashboard-Dashboard-Tests-should-display-dashboard-stats-desktop-firefox-retry2/test-failed-1.png]]

[[ATTACHMENT|dashboard-Dashboard-Tests-should-display-dashboard-stats-desktop-firefox-retry2/video.webm]]
]]>
</system-out>
<system-err>
<![CDATA[Internal error: fixture integrity at context
Internal error: fixture integrity at context
]]>
</system-err>
</testcase>
<testcase name="Dashboard Tests › should have working navigation tabs" classname="dashboard.spec.ts" time="90.001">
<failure message="dashboard.spec.ts:30:7 should have working navigation tabs" type="FAILURE">
<![CDATA[  [desktop-firefox] › dashboard.spec.ts:30:7 › Dashboard Tests › should have working navigation tabs 

    Test timeout of 30000ms exceeded while running "beforeEach" hook.

      2 |
      3 | test.describe('Dashboard Tests', () => {
    > 4 |   test.beforeEach(async ({ page }) => {
        |        ^
      5 |     // Set test mode header
      6 |     await page.setExtraHTTPHeaders({
      7 |       'x-test-mode': 'true'

        at /Users/thabonyembe/Documents/freeflow-app-9/tests/e2e/dashboard.spec.ts:4:8

    Error: browserContext.newPage: Test ended.


    attachment #1: screenshot (image/png) ──────────────────────────────────────────────────────────
    test-results/dashboard-Dashboard-Tests-should-have-working-navigation-tabs-desktop-firefox/test-failed-1.png
    ────────────────────────────────────────────────────────────────────────────────────────────────

    attachment #2: video (video/webm) ──────────────────────────────────────────────────────────────
    test-results/dashboard-Dashboard-Tests-should-have-working-navigation-tabs-desktop-firefox/video.webm
    ────────────────────────────────────────────────────────────────────────────────────────────────

    Retry #1 ───────────────────────────────────────────────────────────────────────────────────────

    Test timeout of 30000ms exceeded while running "beforeEach" hook.

      2 |
      3 | test.describe('Dashboard Tests', () => {
    > 4 |   test.beforeEach(async ({ page }) => {
        |        ^
      5 |     // Set test mode header
      6 |     await page.setExtraHTTPHeaders({
      7 |       'x-test-mode': 'true'

        at /Users/thabonyembe/Documents/freeflow-app-9/tests/e2e/dashboard.spec.ts:4:8

    Error: expect(locator).toBeVisible()

    Locator: locator('[data-testid="dashboard-tabs"]')
    Expected: visible
    Received: hidden
    Call log:
      - expect.toBeVisible with timeout 5000ms
      - waiting for locator('[data-testid="dashboard-tabs"]')


      30 |   test('should have working navigation tabs', async ({ page }) => {
      31 |     const tabs = page.locator('[data-testid="dashboard-tabs"]');
    > 32 |     await expect(tabs).toBeVisible();
         |                        ^
      33 |     
      34 |     // Test Projects tab
      35 |     await page.click('[data-testid="projects-tab"]');

        at /Users/thabonyembe/Documents/freeflow-app-9/tests/e2e/dashboard.spec.ts:32:24

    attachment #1: screenshot (image/png) ──────────────────────────────────────────────────────────
    test-results/dashboard-Dashboard-Tests-should-have-working-navigation-tabs-desktop-firefox-retry1/test-failed-1.png
    ────────────────────────────────────────────────────────────────────────────────────────────────

    attachment #2: video (video/webm) ──────────────────────────────────────────────────────────────
    test-results/dashboard-Dashboard-Tests-should-have-working-navigation-tabs-desktop-firefox-retry1/video.webm
    ────────────────────────────────────────────────────────────────────────────────────────────────

    attachment #3: trace (application/zip) ─────────────────────────────────────────────────────────
    test-results/dashboard-Dashboard-Tests-should-have-working-navigation-tabs-desktop-firefox-retry1/trace.zip
    Usage:

        npx playwright show-trace test-results/dashboard-Dashboard-Tests-should-have-working-navigation-tabs-desktop-firefox-retry1/trace.zip

    ────────────────────────────────────────────────────────────────────────────────────────────────

    Retry #2 ───────────────────────────────────────────────────────────────────────────────────────

    Test timeout of 30000ms exceeded while running "beforeEach" hook.

      2 |
      3 | test.describe('Dashboard Tests', () => {
    > 4 |   test.beforeEach(async ({ page }) => {
        |        ^
      5 |     // Set test mode header
      6 |     await page.setExtraHTTPHeaders({
      7 |       'x-test-mode': 'true'

        at /Users/thabonyembe/Documents/freeflow-app-9/tests/e2e/dashboard.spec.ts:4:8

    Error: browserContext.newPage: Test ended.


    attachment #1: screenshot (image/png) ──────────────────────────────────────────────────────────
    test-results/dashboard-Dashboard-Tests-should-have-working-navigation-tabs-desktop-firefox-retry2/test-failed-1.png
    ────────────────────────────────────────────────────────────────────────────────────────────────

    attachment #2: video (video/webm) ──────────────────────────────────────────────────────────────
    test-results/dashboard-Dashboard-Tests-should-have-working-navigation-tabs-desktop-firefox-retry2/video.webm
    ────────────────────────────────────────────────────────────────────────────────────────────────
]]>
</failure>
<system-out>
<![CDATA[Dashboard title not found, continuing...

[[ATTACHMENT|dashboard-Dashboard-Tests-should-have-working-navigation-tabs-desktop-firefox/test-failed-1.png]]

[[ATTACHMENT|dashboard-Dashboard-Tests-should-have-working-navigation-tabs-desktop-firefox/video.webm]]
Dashboard title not found, continuing...

[[ATTACHMENT|dashboard-Dashboard-Tests-should-have-working-navigation-tabs-desktop-firefox-retry1/test-failed-1.png]]

[[ATTACHMENT|dashboard-Dashboard-Tests-should-have-working-navigation-tabs-desktop-firefox-retry1/video.webm]]

[[ATTACHMENT|dashboard-Dashboard-Tests-should-have-working-navigation-tabs-desktop-firefox-retry1/trace.zip]]
Dashboard title not found, continuing...

[[ATTACHMENT|dashboard-Dashboard-Tests-should-have-working-navigation-tabs-desktop-firefox-retry2/test-failed-1.png]]

[[ATTACHMENT|dashboard-Dashboard-Tests-should-have-working-navigation-tabs-desktop-firefox-retry2/video.webm]]
]]>
</system-out>
<system-err>
<![CDATA[Internal error: fixture integrity at context
Internal error: fixture integrity at context
]]>
</system-err>
</testcase>
<testcase name="Dashboard Tests › should display projects in Projects Hub" classname="dashboard.spec.ts" time="90.001">
<failure message="dashboard.spec.ts:51:7 should display projects in Projects Hub" type="FAILURE">
<![CDATA[  [desktop-firefox] › dashboard.spec.ts:51:7 › Dashboard Tests › should display projects in Projects Hub 

    Test timeout of 30000ms exceeded while running "beforeEach" hook.

      2 |
      3 | test.describe('Dashboard Tests', () => {
    > 4 |   test.beforeEach(async ({ page }) => {
        |        ^
      5 |     // Set test mode header
      6 |     await page.setExtraHTTPHeaders({
      7 |       'x-test-mode': 'true'

        at /Users/thabonyembe/Documents/freeflow-app-9/tests/e2e/dashboard.spec.ts:4:8

    Error: browserContext.newPage: Test ended.


    attachment #1: screenshot (image/png) ──────────────────────────────────────────────────────────
    test-results/dashboard-Dashboard-Tests-should-display-projects-in-Projects-Hub-desktop-firefox/test-failed-1.png
    ────────────────────────────────────────────────────────────────────────────────────────────────

    attachment #2: video (video/webm) ──────────────────────────────────────────────────────────────
    test-results/dashboard-Dashboard-Tests-should-display-projects-in-Projects-Hub-desktop-firefox/video.webm
    ────────────────────────────────────────────────────────────────────────────────────────────────

    Retry #1 ───────────────────────────────────────────────────────────────────────────────────────

    Test timeout of 30000ms exceeded while running "beforeEach" hook.

      2 |
      3 | test.describe('Dashboard Tests', () => {
    > 4 |   test.beforeEach(async ({ page }) => {
        |        ^
      5 |     // Set test mode header
      6 |     await page.setExtraHTTPHeaders({
      7 |       'x-test-mode': 'true'

        at /Users/thabonyembe/Documents/freeflow-app-9/tests/e2e/dashboard.spec.ts:4:8

    Error: page.click: Test ended.
    Call log:
      - waiting for locator('[data-testid="projects-tab"]')


      50 |
      51 |   test('should display projects in Projects Hub', async ({ page }) => {
    > 52 |     await page.click('[data-testid="projects-tab"]');
         |                ^
      53 |     await expect(page.locator('[data-testid="projects-hub"]')).toBeVisible();
      54 |     
      55 |     // Check for project items

        at /Users/thabonyembe/Documents/freeflow-app-9/tests/e2e/dashboard.spec.ts:52:16

    attachment #1: screenshot (image/png) ──────────────────────────────────────────────────────────
    test-results/dashboard-Dashboard-Tests-should-display-projects-in-Projects-Hub-desktop-firefox-retry1/test-failed-1.png
    ────────────────────────────────────────────────────────────────────────────────────────────────

    attachment #2: video (video/webm) ──────────────────────────────────────────────────────────────
    test-results/dashboard-Dashboard-Tests-should-display-projects-in-Projects-Hub-desktop-firefox-retry1/video.webm
    ────────────────────────────────────────────────────────────────────────────────────────────────

    attachment #3: trace (application/zip) ─────────────────────────────────────────────────────────
    test-results/dashboard-Dashboard-Tests-should-display-projects-in-Projects-Hub-desktop-firefox-retry1/trace.zip
    Usage:

        npx playwright show-trace test-results/dashboard-Dashboard-Tests-should-display-projects-in-Projects-Hub-desktop-firefox-retry1/trace.zip

    ────────────────────────────────────────────────────────────────────────────────────────────────

    Retry #2 ───────────────────────────────────────────────────────────────────────────────────────

    Test timeout of 30000ms exceeded while running "beforeEach" hook.

      2 |
      3 | test.describe('Dashboard Tests', () => {
    > 4 |   test.beforeEach(async ({ page }) => {
        |        ^
      5 |     // Set test mode header
      6 |     await page.setExtraHTTPHeaders({
      7 |       'x-test-mode': 'true'

        at /Users/thabonyembe/Documents/freeflow-app-9/tests/e2e/dashboard.spec.ts:4:8

    Error: browserContext.newPage: Test ended.


    attachment #1: screenshot (image/png) ──────────────────────────────────────────────────────────
    test-results/dashboard-Dashboard-Tests-should-display-projects-in-Projects-Hub-desktop-firefox-retry2/test-failed-1.png
    ────────────────────────────────────────────────────────────────────────────────────────────────

    attachment #2: video (video/webm) ──────────────────────────────────────────────────────────────
    test-results/dashboard-Dashboard-Tests-should-display-projects-in-Projects-Hub-desktop-firefox-retry2/video.webm
    ────────────────────────────────────────────────────────────────────────────────────────────────
]]>
</failure>
<system-out>
<![CDATA[Dashboard title not found, continuing...

[[ATTACHMENT|dashboard-Dashboard-Tests-should-display-projects-in-Projects-Hub-desktop-firefox/test-failed-1.png]]

[[ATTACHMENT|dashboard-Dashboard-Tests-should-display-projects-in-Projects-Hub-desktop-firefox/video.webm]]
Dashboard title not found, continuing...

[[ATTACHMENT|dashboard-Dashboard-Tests-should-display-projects-in-Projects-Hub-desktop-firefox-retry1/test-failed-1.png]]

[[ATTACHMENT|dashboard-Dashboard-Tests-should-display-projects-in-Projects-Hub-desktop-firefox-retry1/video.webm]]

[[ATTACHMENT|dashboard-Dashboard-Tests-should-display-projects-in-Projects-Hub-desktop-firefox-retry1/trace.zip]]
Dashboard title not found, continuing...

[[ATTACHMENT|dashboard-Dashboard-Tests-should-display-projects-in-Projects-Hub-desktop-firefox-retry2/test-failed-1.png]]

[[ATTACHMENT|dashboard-Dashboard-Tests-should-display-projects-in-Projects-Hub-desktop-firefox-retry2/video.webm]]
]]>
</system-out>
<system-err>
<![CDATA[Internal error: fixture integrity at context
]]>
</system-err>
</testcase>
<testcase name="Dashboard Tests › should display team members with avatars" classname="dashboard.spec.ts" time="90">
<failure message="dashboard.spec.ts:61:7 should display team members with avatars" type="FAILURE">
<![CDATA[  [desktop-firefox] › dashboard.spec.ts:61:7 › Dashboard Tests › should display team members with avatars 

    Test timeout of 30000ms exceeded while running "beforeEach" hook.

      2 |
      3 | test.describe('Dashboard Tests', () => {
    > 4 |   test.beforeEach(async ({ page }) => {
        |        ^
      5 |     // Set test mode header
      6 |     await page.setExtraHTTPHeaders({
      7 |       'x-test-mode': 'true'

        at /Users/thabonyembe/Documents/freeflow-app-9/tests/e2e/dashboard.spec.ts:4:8

    Error: browserContext.newPage: Test ended.


    attachment #1: screenshot (image/png) ──────────────────────────────────────────────────────────
    test-results/dashboard-Dashboard-Tests-should-display-team-members-with-avatars-desktop-firefox/test-failed-1.png
    ────────────────────────────────────────────────────────────────────────────────────────────────

    attachment #2: video (video/webm) ──────────────────────────────────────────────────────────────
    test-results/dashboard-Dashboard-Tests-should-display-team-members-with-avatars-desktop-firefox/video.webm
    ────────────────────────────────────────────────────────────────────────────────────────────────

    Retry #1 ───────────────────────────────────────────────────────────────────────────────────────

    Test timeout of 30000ms exceeded while running "beforeEach" hook.

      2 |
      3 | test.describe('Dashboard Tests', () => {
    > 4 |   test.beforeEach(async ({ page }) => {
        |        ^
      5 |     // Set test mode header
      6 |     await page.setExtraHTTPHeaders({
      7 |       'x-test-mode': 'true'

        at /Users/thabonyembe/Documents/freeflow-app-9/tests/e2e/dashboard.spec.ts:4:8

    Error: page.click: Test ended.
    Browser logs:

    <launching> /Users/thabonyembe/Library/Caches/ms-playwright/firefox-1438/firefox/Nightly.app/Contents/MacOS/firefox -no-remote -headless -profile /var/folders/g0/h_vmczvs61jf4r7kzhq0ypg40000gn/T/playwright_firefoxdev_profile-dODCtk -juggler-pipe -silent
    <launched> pid=16771
    [pid=16771][err] *** You are running in headless mode.
    [pid=16771][out] console.warn: services.settings: Ignoring preference override of remote settings server
    [pid=16771][out] console.warn: services.settings: Allow by setting MOZ_REMOTE_SETTINGS_DEVTOOLS=1 in the environment
    [pid=16771][out] console.error: ({})
    [pid=16771][out] 
    [pid=16771][out] Juggler listening to the pipe
    [pid=16771][out] console.error: (new SyntaxError("XMLHttpRequest.open: '/buckets/monitor/collections/changes/changeset?collection=anti-tracking-url-decoration&bucket=main&_expected=0' is not a valid URL.", (void 0), 133))
    [pid=16771][out] console.error: (new SyntaxError("XMLHttpRequest.open: '/buckets/monitor/collections/changes/changeset?collection=query-stripping&bucket=main&_expected=0' is not a valid URL.", (void 0), 133))
    [pid=16771][out] console.error: (new SyntaxError("XMLHttpRequest.open: '/buckets/monitor/collections/changes/changeset?collection=fingerprinting-protection-overrides&bucket=main&_expected=0' is not a valid URL.", (void 0), 133))
    [pid=16771][out] console.error: (new SyntaxError("XMLHttpRequest.open: '/buckets/monitor/collections/changes/changeset?collection=partitioning-exempt-urls&bucket=main&_expected=0' is not a valid URL.", (void 0), 133))
    [pid=16771][out] console.error: (new SyntaxError("XMLHttpRequest.open: '/buckets/monitor/collections/changes/changeset?collection=hijack-blocklists&bucket=main&_expected=0' is not a valid URL.", (void 0), 133))
    [pid=16771][out] console.error: (new SyntaxError("XMLHttpRequest.open: '/buckets/monitor/collections/changes/changeset?collection=search-telemetry-v2&bucket=main&_expected=0' is not a valid URL.", (void 0), 133))
    [pid=16771][out] console.error: (new SyntaxError("XMLHttpRequest.open: '/buckets/monitor/collections/changes/changeset?collection=search-config&bucket=main&_expected=0' is not a valid URL.", (void 0), 133))
    [pid=16771][out] console.error: (new SyntaxError("XMLHttpRequest.open: '/buckets/monitor/collections/changes/changeset?collection=top-sites&bucket=main&_expected=0' is not a valid URL.", (void 0), 133))
    [pid=16771][out] console.error: (new SyntaxError("XMLHttpRequest.open: '/buckets/monitor/collections/changes/changeset?collection=top-sites&bucket=main&_expected=0' is not a valid URL.", (void 0), 133))
    [pid=16771][out] console.error: (new SyntaxError("XMLHttpRequest.open: '/buckets/monitor/collections/changes/changeset?collection=doh-providers&bucket=main&_expected=0' is not a valid URL.", (void 0), 133))
    [pid=16771][out] console.error: (new SyntaxError("XMLHttpRequest.open: '/buckets/monitor/collections/changes/changeset?collection=url-classifier-skip-urls&bucket=main&_expected=0' is not a valid URL.", (void 0), 133))
    [pid=16771][out] console.error: (new SyntaxError("XMLHttpRequest.open: '/buckets/monitor/collections/changes/changeset?collection=doh-config&bucket=main&_expected=0' is not a valid URL.", (void 0), 133))
    [pid=16771][out] console.error: (new SyntaxError("XMLHttpRequest.open: '/buckets/monitor/collections/changes/changeset?collection=message-groups&bucket=main&_expected=0' is not a valid URL.", (void 0), 133))
    [pid=16771][out] console.error: (new SyntaxError("XMLHttpRequest.open: '/buckets/monitor/collections/changes/changeset?collection=cfr&bucket=main&_expected=0' is not a valid URL.", (void 0), 133))
    [pid=16771][out] console.error: (new SyntaxError("XMLHttpRequest.open: '/buckets/monitor/collections/changes/changeset?collection=message-groups&bucket=main&_expected=0' is not a valid URL.", (void 0), 133))
    [pid=16771][out] console.error: (new SyntaxError("XMLHttpRequest.open: '/buckets/monitor/collections/changes/changeset?collection=whats-new-panel&bucket=main&_expected=0' is not a valid URL.", (void 0), 133))
    [pid=16771][err] JavaScript warning: resource://gre/modules/UpdateService.sys.mjs, line 3858: unreachable code after return statement
    [pid=16771][out] console.error: (new Error("Polling for changes failed: XMLHttpRequest.open: '/buckets/monitor/collections/changes/changeset?_expected=0' is not a valid URL..", "resource://services-settings/remote-settings.sys.mjs", 324))
    [pid=16771][err] JavaScript error: resource://gre/modules/PrivateBrowsingUtils.sys.mjs, line 19: TypeError: aWindow is null
    [pid=16771] <gracefully close start>
    Call log:
      - waiting for locator('[data-testid="team-tab"]')


      60 |
      61 |   test('should display team members with avatars', async ({ page }) => {
    > 62 |     await page.click('[data-testid="team-tab"]');
         |                ^
      63 |     await expect(page.locator('[data-testid="team-hub"]')).toBeVisible();
      64 |     
      65 |     // Check team members

        at /Users/thabonyembe/Documents/freeflow-app-9/tests/e2e/dashboard.spec.ts:62:16

    attachment #1: screenshot (image/png) ──────────────────────────────────────────────────────────
    test-results/dashboard-Dashboard-Tests-should-display-team-members-with-avatars-desktop-firefox-retry1/test-failed-1.png
    ────────────────────────────────────────────────────────────────────────────────────────────────

    attachment #2: video (video/webm) ──────────────────────────────────────────────────────────────
    test-results/dashboard-Dashboard-Tests-should-display-team-members-with-avatars-desktop-firefox-retry1/video.webm
    ────────────────────────────────────────────────────────────────────────────────────────────────

    attachment #3: trace (application/zip) ─────────────────────────────────────────────────────────
    test-results/dashboard-Dashboard-Tests-should-display-team-members-with-avatars-desktop-firefox-retry1/trace.zip
    Usage:

        npx playwright show-trace test-results/dashboard-Dashboard-Tests-should-display-team-members-with-avatars-desktop-firefox-retry1/trace.zip

    ────────────────────────────────────────────────────────────────────────────────────────────────

    Retry #2 ───────────────────────────────────────────────────────────────────────────────────────

    Test timeout of 30000ms exceeded while running "beforeEach" hook.

      2 |
      3 | test.describe('Dashboard Tests', () => {
    > 4 |   test.beforeEach(async ({ page }) => {
        |        ^
      5 |     // Set test mode header
      6 |     await page.setExtraHTTPHeaders({
      7 |       'x-test-mode': 'true'

        at /Users/thabonyembe/Documents/freeflow-app-9/tests/e2e/dashboard.spec.ts:4:8

    Error: browserContext.newPage: Test ended.


    attachment #1: screenshot (image/png) ──────────────────────────────────────────────────────────
    test-results/dashboard-Dashboard-Tests-should-display-team-members-with-avatars-desktop-firefox-retry2/test-failed-1.png
    ────────────────────────────────────────────────────────────────────────────────────────────────

    attachment #2: video (video/webm) ──────────────────────────────────────────────────────────────
    test-results/dashboard-Dashboard-Tests-should-display-team-members-with-avatars-desktop-firefox-retry2/video.webm
    ────────────────────────────────────────────────────────────────────────────────────────────────
]]>
</failure>
<system-out>
<![CDATA[Dashboard title not found, continuing...

[[ATTACHMENT|dashboard-Dashboard-Tests-should-display-team-members-with-avatars-desktop-firefox/test-failed-1.png]]

[[ATTACHMENT|dashboard-Dashboard-Tests-should-display-team-members-with-avatars-desktop-firefox/video.webm]]
Dashboard title not found, continuing...

[[ATTACHMENT|dashboard-Dashboard-Tests-should-display-team-members-with-avatars-desktop-firefox-retry1/test-failed-1.png]]

[[ATTACHMENT|dashboard-Dashboard-Tests-should-display-team-members-with-avatars-desktop-firefox-retry1/video.webm]]

[[ATTACHMENT|dashboard-Dashboard-Tests-should-display-team-members-with-avatars-desktop-firefox-retry1/trace.zip]]
Dashboard title not found, continuing...

[[ATTACHMENT|dashboard-Dashboard-Tests-should-display-team-members-with-avatars-desktop-firefox-retry2/test-failed-1.png]]

[[ATTACHMENT|dashboard-Dashboard-Tests-should-display-team-members-with-avatars-desktop-firefox-retry2/video.webm]]
]]>
</system-out>
</testcase>
<testcase name="Dashboard Tests › should handle new project button click" classname="dashboard.spec.ts" time="90.001">
<failure message="dashboard.spec.ts:73:7 should handle new project button click" type="FAILURE">
<![CDATA[  [desktop-firefox] › dashboard.spec.ts:73:7 › Dashboard Tests › should handle new project button click 

    Test timeout of 30000ms exceeded while running "beforeEach" hook.

      2 |
      3 | test.describe('Dashboard Tests', () => {
    > 4 |   test.beforeEach(async ({ page }) => {
        |        ^
      5 |     // Set test mode header
      6 |     await page.setExtraHTTPHeaders({
      7 |       'x-test-mode': 'true'

        at /Users/thabonyembe/Documents/freeflow-app-9/tests/e2e/dashboard.spec.ts:4:8

    Error: browserContext.newPage: Test ended.


    attachment #1: screenshot (image/png) ──────────────────────────────────────────────────────────
    test-results/dashboard-Dashboard-Tests-should-handle-new-project-button-click-desktop-firefox/test-failed-1.png
    ────────────────────────────────────────────────────────────────────────────────────────────────

    attachment #2: video (video/webm) ──────────────────────────────────────────────────────────────
    test-results/dashboard-Dashboard-Tests-should-handle-new-project-button-click-desktop-firefox/video.webm
    ────────────────────────────────────────────────────────────────────────────────────────────────

    Retry #1 ───────────────────────────────────────────────────────────────────────────────────────

    Test timeout of 30000ms exceeded while running "beforeEach" hook.

      2 |
      3 | test.describe('Dashboard Tests', () => {
    > 4 |   test.beforeEach(async ({ page }) => {
        |        ^
      5 |     // Set test mode header
      6 |     await page.setExtraHTTPHeaders({
      7 |       'x-test-mode': 'true'

        at /Users/thabonyembe/Documents/freeflow-app-9/tests/e2e/dashboard.spec.ts:4:8

    Error: expect(locator).toBeVisible()

    Locator: locator('[data-testid="new-project-button"]')
    Expected: visible
    Received: hidden
    Call log:
      - expect.toBeVisible with timeout 5000ms
      - waiting for locator('[data-testid="new-project-button"]')


      73 |   test('should handle new project button click', async ({ page }) => {
      74 |     const newProjectButton = page.locator('[data-testid="new-project-button"]');
    > 75 |     await expect(newProjectButton).toBeVisible();
         |                                    ^
      76 |     await expect(newProjectButton).toBeEnabled();
      77 |     
      78 |     // Click should be possible (actual navigation tested separately)

        at /Users/thabonyembe/Documents/freeflow-app-9/tests/e2e/dashboard.spec.ts:75:36

    attachment #1: screenshot (image/png) ──────────────────────────────────────────────────────────
    test-results/dashboard-Dashboard-Tests-should-handle-new-project-button-click-desktop-firefox-retry1/test-failed-1.png
    ────────────────────────────────────────────────────────────────────────────────────────────────

    attachment #2: video (video/webm) ──────────────────────────────────────────────────────────────
    test-results/dashboard-Dashboard-Tests-should-handle-new-project-button-click-desktop-firefox-retry1/video.webm
    ────────────────────────────────────────────────────────────────────────────────────────────────

    attachment #3: trace (application/zip) ─────────────────────────────────────────────────────────
    test-results/dashboard-Dashboard-Tests-should-handle-new-project-button-click-desktop-firefox-retry1/trace.zip
    Usage:

        npx playwright show-trace test-results/dashboard-Dashboard-Tests-should-handle-new-project-button-click-desktop-firefox-retry1/trace.zip

    ────────────────────────────────────────────────────────────────────────────────────────────────

    Retry #2 ───────────────────────────────────────────────────────────────────────────────────────

    Test timeout of 30000ms exceeded while running "beforeEach" hook.

      2 |
      3 | test.describe('Dashboard Tests', () => {
    > 4 |   test.beforeEach(async ({ page }) => {
        |        ^
      5 |     // Set test mode header
      6 |     await page.setExtraHTTPHeaders({
      7 |       'x-test-mode': 'true'

        at /Users/thabonyembe/Documents/freeflow-app-9/tests/e2e/dashboard.spec.ts:4:8

    Error: browserContext.newPage: Test ended.


    attachment #1: screenshot (image/png) ──────────────────────────────────────────────────────────
    test-results/dashboard-Dashboard-Tests-should-handle-new-project-button-click-desktop-firefox-retry2/test-failed-1.png
    ────────────────────────────────────────────────────────────────────────────────────────────────

    attachment #2: video (video/webm) ──────────────────────────────────────────────────────────────
    test-results/dashboard-Dashboard-Tests-should-handle-new-project-button-click-desktop-firefox-retry2/video.webm
    ────────────────────────────────────────────────────────────────────────────────────────────────
]]>
</failure>
<system-out>
<![CDATA[Dashboard title not found, continuing...

[[ATTACHMENT|dashboard-Dashboard-Tests-should-handle-new-project-button-click-desktop-firefox/test-failed-1.png]]

[[ATTACHMENT|dashboard-Dashboard-Tests-should-handle-new-project-button-click-desktop-firefox/video.webm]]
Dashboard title not found, continuing...

[[ATTACHMENT|dashboard-Dashboard-Tests-should-handle-new-project-button-click-desktop-firefox-retry1/test-failed-1.png]]

[[ATTACHMENT|dashboard-Dashboard-Tests-should-handle-new-project-button-click-desktop-firefox-retry1/video.webm]]

[[ATTACHMENT|dashboard-Dashboard-Tests-should-handle-new-project-button-click-desktop-firefox-retry1/trace.zip]]
Dashboard title not found, continuing...

[[ATTACHMENT|dashboard-Dashboard-Tests-should-handle-new-project-button-click-desktop-firefox-retry2/test-failed-1.png]]

[[ATTACHMENT|dashboard-Dashboard-Tests-should-handle-new-project-button-click-desktop-firefox-retry2/video.webm]]
]]>
</system-out>
<system-err>
<![CDATA[Internal error: fixture integrity at context
Internal error: fixture integrity at context
]]>
</system-err>
</testcase>
<testcase name="Dashboard Tests › should be responsive on mobile" classname="dashboard.spec.ts" time="90">
<failure message="dashboard.spec.ts:82:7 should be responsive on mobile" type="FAILURE">
<![CDATA[  [desktop-firefox] › dashboard.spec.ts:82:7 › Dashboard Tests › should be responsive on mobile ────

    Test timeout of 30000ms exceeded while running "beforeEach" hook.

      2 |
      3 | test.describe('Dashboard Tests', () => {
    > 4 |   test.beforeEach(async ({ page }) => {
        |        ^
      5 |     // Set test mode header
      6 |     await page.setExtraHTTPHeaders({
      7 |       'x-test-mode': 'true'

        at /Users/thabonyembe/Documents/freeflow-app-9/tests/e2e/dashboard.spec.ts:4:8

    Error: browserContext.newPage: Test ended.


    attachment #1: screenshot (image/png) ──────────────────────────────────────────────────────────
    test-results/dashboard-Dashboard-Tests-should-be-responsive-on-mobile-desktop-firefox/test-failed-1.png
    ────────────────────────────────────────────────────────────────────────────────────────────────

    attachment #2: video (video/webm) ──────────────────────────────────────────────────────────────
    test-results/dashboard-Dashboard-Tests-should-be-responsive-on-mobile-desktop-firefox/video.webm
    ────────────────────────────────────────────────────────────────────────────────────────────────

    Retry #1 ───────────────────────────────────────────────────────────────────────────────────────

    Test timeout of 30000ms exceeded while running "beforeEach" hook.

      2 |
      3 | test.describe('Dashboard Tests', () => {
    > 4 |   test.beforeEach(async ({ page }) => {
        |        ^
      5 |     // Set test mode header
      6 |     await page.setExtraHTTPHeaders({
      7 |       'x-test-mode': 'true'

        at /Users/thabonyembe/Documents/freeflow-app-9/tests/e2e/dashboard.spec.ts:4:8

    Error: expect(locator).toBeVisible()

    Locator: locator('[data-testid="dashboard-container"]')
    Expected: visible
    Received: hidden
    Call log:
      - expect.toBeVisible with timeout 5000ms
      - waiting for locator('[data-testid="dashboard-container"]')


      83 |     await page.setViewportSize({ width: 375, height: 667 });
      84 |     
    > 85 |     await expect(page.locator('[data-testid="dashboard-container"]')).toBeVisible();
         |                                                                       ^
      86 |     await expect(page.locator('[data-testid="dashboard-title"]')).toBeVisible();
      87 |     
      88 |     // Stats should stack on mobile

        at /Users/thabonyembe/Documents/freeflow-app-9/tests/e2e/dashboard.spec.ts:85:71

    attachment #1: screenshot (image/png) ──────────────────────────────────────────────────────────
    test-results/dashboard-Dashboard-Tests-should-be-responsive-on-mobile-desktop-firefox-retry1/test-failed-1.png
    ────────────────────────────────────────────────────────────────────────────────────────────────

    attachment #2: video (video/webm) ──────────────────────────────────────────────────────────────
    test-results/dashboard-Dashboard-Tests-should-be-responsive-on-mobile-desktop-firefox-retry1/video.webm
    ────────────────────────────────────────────────────────────────────────────────────────────────

    attachment #3: trace (application/zip) ─────────────────────────────────────────────────────────
    test-results/dashboard-Dashboard-Tests-should-be-responsive-on-mobile-desktop-firefox-retry1/trace.zip
    Usage:

        npx playwright show-trace test-results/dashboard-Dashboard-Tests-should-be-responsive-on-mobile-desktop-firefox-retry1/trace.zip

    ────────────────────────────────────────────────────────────────────────────────────────────────

    Retry #2 ───────────────────────────────────────────────────────────────────────────────────────

    Test timeout of 30000ms exceeded while running "beforeEach" hook.

      2 |
      3 | test.describe('Dashboard Tests', () => {
    > 4 |   test.beforeEach(async ({ page }) => {
        |        ^
      5 |     // Set test mode header
      6 |     await page.setExtraHTTPHeaders({
      7 |       'x-test-mode': 'true'

        at /Users/thabonyembe/Documents/freeflow-app-9/tests/e2e/dashboard.spec.ts:4:8

    Error: browserContext.newPage: Test ended.


    attachment #1: screenshot (image/png) ──────────────────────────────────────────────────────────
    test-results/dashboard-Dashboard-Tests-should-be-responsive-on-mobile-desktop-firefox-retry2/test-failed-1.png
    ────────────────────────────────────────────────────────────────────────────────────────────────

    attachment #2: video (video/webm) ──────────────────────────────────────────────────────────────
    test-results/dashboard-Dashboard-Tests-should-be-responsive-on-mobile-desktop-firefox-retry2/video.webm
    ────────────────────────────────────────────────────────────────────────────────────────────────
]]>
</failure>
<system-out>
<![CDATA[Dashboard title not found, continuing...

[[ATTACHMENT|dashboard-Dashboard-Tests-should-be-responsive-on-mobile-desktop-firefox/test-failed-1.png]]

[[ATTACHMENT|dashboard-Dashboard-Tests-should-be-responsive-on-mobile-desktop-firefox/video.webm]]
Dashboard title not found, continuing...

[[ATTACHMENT|dashboard-Dashboard-Tests-should-be-responsive-on-mobile-desktop-firefox-retry1/test-failed-1.png]]

[[ATTACHMENT|dashboard-Dashboard-Tests-should-be-responsive-on-mobile-desktop-firefox-retry1/video.webm]]

[[ATTACHMENT|dashboard-Dashboard-Tests-should-be-responsive-on-mobile-desktop-firefox-retry1/trace.zip]]
Dashboard title not found, continuing...

[[ATTACHMENT|dashboard-Dashboard-Tests-should-be-responsive-on-mobile-desktop-firefox-retry2/test-failed-1.png]]

[[ATTACHMENT|dashboard-Dashboard-Tests-should-be-responsive-on-mobile-desktop-firefox-retry2/video.webm]]
]]>
</system-out>
<system-err>
<![CDATA[Internal error: fixture integrity at context
]]>
</system-err>
</testcase>
<testcase name="Dashboard Tests › should load team member avatars without 404 errors" classname="dashboard.spec.ts" time="90">
<failure message="dashboard.spec.ts:93:7 should load team member avatars without 404 errors" type="FAILURE">
<![CDATA[  [desktop-firefox] › dashboard.spec.ts:93:7 › Dashboard Tests › should load team member avatars without 404 errors 

    Test timeout of 30000ms exceeded while running "beforeEach" hook.

      2 |
      3 | test.describe('Dashboard Tests', () => {
    > 4 |   test.beforeEach(async ({ page }) => {
        |        ^
      5 |     // Set test mode header
      6 |     await page.setExtraHTTPHeaders({
      7 |       'x-test-mode': 'true'

        at /Users/thabonyembe/Documents/freeflow-app-9/tests/e2e/dashboard.spec.ts:4:8

    Error: browserContext.newPage: Test ended.


    attachment #1: screenshot (image/png) ──────────────────────────────────────────────────────────
    test-results/dashboard-Dashboard-Tests-should-load-team-member-avatars-without-404-errors-desktop-firefox/test-failed-1.png
    ────────────────────────────────────────────────────────────────────────────────────────────────

    attachment #2: video (video/webm) ──────────────────────────────────────────────────────────────
    test-results/dashboard-Dashboard-Tests-should-load-team-member-avatars-without-404-errors-desktop-firefox/video.webm
    ────────────────────────────────────────────────────────────────────────────────────────────────

    Retry #1 ───────────────────────────────────────────────────────────────────────────────────────

    Test timeout of 30000ms exceeded while running "beforeEach" hook.

      2 |
      3 | test.describe('Dashboard Tests', () => {
    > 4 |   test.beforeEach(async ({ page }) => {
        |        ^
      5 |     // Set test mode header
      6 |     await page.setExtraHTTPHeaders({
      7 |       'x-test-mode': 'true'

        at /Users/thabonyembe/Documents/freeflow-app-9/tests/e2e/dashboard.spec.ts:4:8

    Error: page.click: Test ended.
    Call log:
      - waiting for locator('[data-testid="team-tab"]')


      100 |     });
      101 |     
    > 102 |     await page.click('[data-testid="team-tab"]');
          |                ^
      103 |     await page.waitForTimeout(2000); // Wait for images to load
      104 |     
      105 |     expect(failedRequests).toHaveLength(0);

        at /Users/thabonyembe/Documents/freeflow-app-9/tests/e2e/dashboard.spec.ts:102:16

    attachment #1: screenshot (image/png) ──────────────────────────────────────────────────────────
    test-results/dashboard-Dashboard-Tests-should-load-team-member-avatars-without-404-errors-desktop-firefox-retry1/test-failed-1.png
    ────────────────────────────────────────────────────────────────────────────────────────────────

    attachment #2: video (video/webm) ──────────────────────────────────────────────────────────────
    test-results/dashboard-Dashboard-Tests-should-load-team-member-avatars-without-404-errors-desktop-firefox-retry1/video.webm
    ────────────────────────────────────────────────────────────────────────────────────────────────

    attachment #3: trace (application/zip) ─────────────────────────────────────────────────────────
    test-results/dashboard-Dashboard-Tests-should-load-team-member-avatars-without-404-errors-desktop-firefox-retry1/trace.zip
    Usage:

        npx playwright show-trace test-results/dashboard-Dashboard-Tests-should-load-team-member-avatars-without-404-errors-desktop-firefox-retry1/trace.zip

    ────────────────────────────────────────────────────────────────────────────────────────────────

    Retry #2 ───────────────────────────────────────────────────────────────────────────────────────

    Test timeout of 30000ms exceeded while running "beforeEach" hook.

      2 |
      3 | test.describe('Dashboard Tests', () => {
    > 4 |   test.beforeEach(async ({ page }) => {
        |        ^
      5 |     // Set test mode header
      6 |     await page.setExtraHTTPHeaders({
      7 |       'x-test-mode': 'true'

        at /Users/thabonyembe/Documents/freeflow-app-9/tests/e2e/dashboard.spec.ts:4:8

    Error: browserContext.newPage: Test ended.


    attachment #1: screenshot (image/png) ──────────────────────────────────────────────────────────
    test-results/dashboard-Dashboard-Tests-should-load-team-member-avatars-without-404-errors-desktop-firefox-retry2/test-failed-1.png
    ────────────────────────────────────────────────────────────────────────────────────────────────

    attachment #2: video (video/webm) ──────────────────────────────────────────────────────────────
    test-results/dashboard-Dashboard-Tests-should-load-team-member-avatars-without-404-errors-desktop-firefox-retry2/video.webm
    ────────────────────────────────────────────────────────────────────────────────────────────────
]]>
</failure>
<system-out>
<![CDATA[Dashboard title not found, continuing...

[[ATTACHMENT|dashboard-Dashboard-Tests-should-load-team-member-avatars-without-404-errors-desktop-firefox/test-failed-1.png]]

[[ATTACHMENT|dashboard-Dashboard-Tests-should-load-team-member-avatars-without-404-errors-desktop-firefox/video.webm]]
Dashboard title not found, continuing...

[[ATTACHMENT|dashboard-Dashboard-Tests-should-load-team-member-avatars-without-404-errors-desktop-firefox-retry1/test-failed-1.png]]

[[ATTACHMENT|dashboard-Dashboard-Tests-should-load-team-member-avatars-without-404-errors-desktop-firefox-retry1/video.webm]]

[[ATTACHMENT|dashboard-Dashboard-Tests-should-load-team-member-avatars-without-404-errors-desktop-firefox-retry1/trace.zip]]
Dashboard title not found, continuing...

[[ATTACHMENT|dashboard-Dashboard-Tests-should-load-team-member-avatars-without-404-errors-desktop-firefox-retry2/test-failed-1.png]]

[[ATTACHMENT|dashboard-Dashboard-Tests-should-load-team-member-avatars-without-404-errors-desktop-firefox-retry2/video.webm]]
]]>
</system-out>
<system-err>
<![CDATA[Internal error: fixture integrity at context
]]>
</system-err>
</testcase>
<testcase name="Dashboard Tests › should have proper accessibility labels" classname="dashboard.spec.ts" time="90">
<failure message="dashboard.spec.ts:108:7 should have proper accessibility labels" type="FAILURE">
<![CDATA[  [desktop-firefox] › dashboard.spec.ts:108:7 › Dashboard Tests › should have proper accessibility labels 

    Test timeout of 30000ms exceeded while running "beforeEach" hook.

      2 |
      3 | test.describe('Dashboard Tests', () => {
    > 4 |   test.beforeEach(async ({ page }) => {
        |        ^
      5 |     // Set test mode header
      6 |     await page.setExtraHTTPHeaders({
      7 |       'x-test-mode': 'true'

        at /Users/thabonyembe/Documents/freeflow-app-9/tests/e2e/dashboard.spec.ts:4:8

    Error: browserContext.newPage: Test ended.


    attachment #1: screenshot (image/png) ──────────────────────────────────────────────────────────
    test-results/dashboard-Dashboard-Tests-should-have-proper-accessibility-labels-desktop-firefox/test-failed-1.png
    ────────────────────────────────────────────────────────────────────────────────────────────────

    attachment #2: video (video/webm) ──────────────────────────────────────────────────────────────
    test-results/dashboard-Dashboard-Tests-should-have-proper-accessibility-labels-desktop-firefox/video.webm
    ────────────────────────────────────────────────────────────────────────────────────────────────

    Retry #1 ───────────────────────────────────────────────────────────────────────────────────────

    Test timeout of 30000ms exceeded while running "beforeEach" hook.

      2 |
      3 | test.describe('Dashboard Tests', () => {
    > 4 |   test.beforeEach(async ({ page }) => {
        |        ^
      5 |     // Set test mode header
      6 |     await page.setExtraHTTPHeaders({
      7 |       'x-test-mode': 'true'

        at /Users/thabonyembe/Documents/freeflow-app-9/tests/e2e/dashboard.spec.ts:4:8

    Error: expect(locator).toBeVisible()

    Locator: locator('h1[data-testid="dashboard-title"]')
    Expected: visible
    Received: hidden
    Call log:
      - expect.toBeVisible with timeout 5000ms
      - waiting for locator('h1[data-testid="dashboard-title"]')


      108 |   test('should have proper accessibility labels', async ({ page }) => {
      109 |     // Check for proper ARIA labels and semantic HTML
    > 110 |     await expect(page.locator('h1[data-testid="dashboard-title"]')).toBeVisible();
          |                                                                     ^
      111 |     
      112 |     // Navigation should be accessible
      113 |     const tabs = page.locator('[role="tablist"]');

        at /Users/thabonyembe/Documents/freeflow-app-9/tests/e2e/dashboard.spec.ts:110:69

    attachment #1: screenshot (image/png) ──────────────────────────────────────────────────────────
    test-results/dashboard-Dashboard-Tests-should-have-proper-accessibility-labels-desktop-firefox-retry1/test-failed-1.png
    ────────────────────────────────────────────────────────────────────────────────────────────────

    attachment #2: video (video/webm) ──────────────────────────────────────────────────────────────
    test-results/dashboard-Dashboard-Tests-should-have-proper-accessibility-labels-desktop-firefox-retry1/video.webm
    ────────────────────────────────────────────────────────────────────────────────────────────────

    attachment #3: trace (application/zip) ─────────────────────────────────────────────────────────
    test-results/dashboard-Dashboard-Tests-should-have-proper-accessibility-labels-desktop-firefox-retry1/trace.zip
    Usage:

        npx playwright show-trace test-results/dashboard-Dashboard-Tests-should-have-proper-accessibility-labels-desktop-firefox-retry1/trace.zip

    ────────────────────────────────────────────────────────────────────────────────────────────────

    Retry #2 ───────────────────────────────────────────────────────────────────────────────────────

    Test timeout of 30000ms exceeded while running "beforeEach" hook.

      2 |
      3 | test.describe('Dashboard Tests', () => {
    > 4 |   test.beforeEach(async ({ page }) => {
        |        ^
      5 |     // Set test mode header
      6 |     await page.setExtraHTTPHeaders({
      7 |       'x-test-mode': 'true'

        at /Users/thabonyembe/Documents/freeflow-app-9/tests/e2e/dashboard.spec.ts:4:8

    Error: browserContext.newPage: Test ended.


    attachment #1: screenshot (image/png) ──────────────────────────────────────────────────────────
    test-results/dashboard-Dashboard-Tests-should-have-proper-accessibility-labels-desktop-firefox-retry2/test-failed-1.png
    ────────────────────────────────────────────────────────────────────────────────────────────────

    attachment #2: video (video/webm) ──────────────────────────────────────────────────────────────
    test-results/dashboard-Dashboard-Tests-should-have-proper-accessibility-labels-desktop-firefox-retry2/video.webm
    ────────────────────────────────────────────────────────────────────────────────────────────────
]]>
</failure>
<system-out>
<![CDATA[Dashboard title not found, continuing...

[[ATTACHMENT|dashboard-Dashboard-Tests-should-have-proper-accessibility-labels-desktop-firefox/test-failed-1.png]]

[[ATTACHMENT|dashboard-Dashboard-Tests-should-have-proper-accessibility-labels-desktop-firefox/video.webm]]
Dashboard title not found, continuing...

[[ATTACHMENT|dashboard-Dashboard-Tests-should-have-proper-accessibility-labels-desktop-firefox-retry1/test-failed-1.png]]

[[ATTACHMENT|dashboard-Dashboard-Tests-should-have-proper-accessibility-labels-desktop-firefox-retry1/video.webm]]

[[ATTACHMENT|dashboard-Dashboard-Tests-should-have-proper-accessibility-labels-desktop-firefox-retry1/trace.zip]]
Dashboard title not found, continuing...

[[ATTACHMENT|dashboard-Dashboard-Tests-should-have-proper-accessibility-labels-desktop-firefox-retry2/test-failed-1.png]]

[[ATTACHMENT|dashboard-Dashboard-Tests-should-have-proper-accessibility-labels-desktop-firefox-retry2/video.webm]]
]]>
</system-out>
<system-err>
<![CDATA[Internal error: fixture integrity at context
Internal error: fixture integrity at context
]]>
</system-err>
</testcase>
</testsuite>
<testsuite name="dashboard.spec.ts" timestamp="2025-06-16T14:04:51.086Z" hostname="desktop-webkit" tests="9" failures="9" skipped="0" time="810.016" errors="0">
<testcase name="Dashboard Tests › should load dashboard page successfully" classname="dashboard.spec.ts" time="90">
<failure message="dashboard.spec.ts:18:7 should load dashboard page successfully" type="FAILURE">
<![CDATA[  [desktop-webkit] › dashboard.spec.ts:18:7 › Dashboard Tests › should load dashboard page successfully 

    Test timeout of 30000ms exceeded while running "beforeEach" hook.

      2 |
      3 | test.describe('Dashboard Tests', () => {
    > 4 |   test.beforeEach(async ({ page }) => {
        |        ^
      5 |     // Set test mode header
      6 |     await page.setExtraHTTPHeaders({
      7 |       'x-test-mode': 'true'

        at /Users/thabonyembe/Documents/freeflow-app-9/tests/e2e/dashboard.spec.ts:4:8

    Error: browserContext.newPage: Test ended.


    attachment #1: screenshot (image/png) ──────────────────────────────────────────────────────────
    test-results/dashboard-Dashboard-Tests-should-load-dashboard-page-successfully-desktop-webkit/test-failed-1.png
    ────────────────────────────────────────────────────────────────────────────────────────────────

    attachment #2: video (video/webm) ──────────────────────────────────────────────────────────────
    test-results/dashboard-Dashboard-Tests-should-load-dashboard-page-successfully-desktop-webkit/video.webm
    ────────────────────────────────────────────────────────────────────────────────────────────────

    Retry #1 ───────────────────────────────────────────────────────────────────────────────────────

    Test timeout of 30000ms exceeded while running "beforeEach" hook.

      2 |
      3 | test.describe('Dashboard Tests', () => {
    > 4 |   test.beforeEach(async ({ page }) => {
        |        ^
      5 |     // Set test mode header
      6 |     await page.setExtraHTTPHeaders({
      7 |       'x-test-mode': 'true'

        at /Users/thabonyembe/Documents/freeflow-app-9/tests/e2e/dashboard.spec.ts:4:8

    Error: expect(locator).toBeVisible()

    Locator: locator('[data-testid="dashboard-container"]')
    Expected: visible
    Received: hidden
    Call log:
      - expect.toBeVisible with timeout 5000ms
      - waiting for locator('[data-testid="dashboard-container"]')


      17 |
      18 |   test('should load dashboard page successfully', async ({ page }) => {
    > 19 |     await expect(page.locator('[data-testid="dashboard-container"]')).toBeVisible();
         |                                                                       ^
      20 |     await expect(page.locator('[data-testid="dashboard-title"]')).toHaveText('Dashboard');
      21 |   });
      22 |

        at /Users/thabonyembe/Documents/freeflow-app-9/tests/e2e/dashboard.spec.ts:19:71

    attachment #1: screenshot (image/png) ──────────────────────────────────────────────────────────
    test-results/dashboard-Dashboard-Tests-should-load-dashboard-page-successfully-desktop-webkit-retry1/test-failed-1.png
    ────────────────────────────────────────────────────────────────────────────────────────────────

    attachment #2: video (video/webm) ──────────────────────────────────────────────────────────────
    test-results/dashboard-Dashboard-Tests-should-load-dashboard-page-successfully-desktop-webkit-retry1/video.webm
    ────────────────────────────────────────────────────────────────────────────────────────────────

    attachment #3: trace (application/zip) ─────────────────────────────────────────────────────────
    test-results/dashboard-Dashboard-Tests-should-load-dashboard-page-successfully-desktop-webkit-retry1/trace.zip
    Usage:

        npx playwright show-trace test-results/dashboard-Dashboard-Tests-should-load-dashboard-page-successfully-desktop-webkit-retry1/trace.zip

    ────────────────────────────────────────────────────────────────────────────────────────────────

    Retry #2 ───────────────────────────────────────────────────────────────────────────────────────

    Test timeout of 30000ms exceeded while running "beforeEach" hook.

      2 |
      3 | test.describe('Dashboard Tests', () => {
    > 4 |   test.beforeEach(async ({ page }) => {
        |        ^
      5 |     // Set test mode header
      6 |     await page.setExtraHTTPHeaders({
      7 |       'x-test-mode': 'true'

        at /Users/thabonyembe/Documents/freeflow-app-9/tests/e2e/dashboard.spec.ts:4:8

    Error: browserContext.newPage: Test ended.


    attachment #1: screenshot (image/png) ──────────────────────────────────────────────────────────
    test-results/dashboard-Dashboard-Tests-should-load-dashboard-page-successfully-desktop-webkit-retry2/test-failed-1.png
    ────────────────────────────────────────────────────────────────────────────────────────────────

    attachment #2: video (video/webm) ──────────────────────────────────────────────────────────────
    test-results/dashboard-Dashboard-Tests-should-load-dashboard-page-successfully-desktop-webkit-retry2/video.webm
    ────────────────────────────────────────────────────────────────────────────────────────────────
]]>
</failure>
<system-out>
<![CDATA[Dashboard title not found, continuing...

[[ATTACHMENT|dashboard-Dashboard-Tests-should-load-dashboard-page-successfully-desktop-webkit/test-failed-1.png]]

[[ATTACHMENT|dashboard-Dashboard-Tests-should-load-dashboard-page-successfully-desktop-webkit/video.webm]]
Dashboard title not found, continuing...

[[ATTACHMENT|dashboard-Dashboard-Tests-should-load-dashboard-page-successfully-desktop-webkit-retry1/test-failed-1.png]]

[[ATTACHMENT|dashboard-Dashboard-Tests-should-load-dashboard-page-successfully-desktop-webkit-retry1/video.webm]]

[[ATTACHMENT|dashboard-Dashboard-Tests-should-load-dashboard-page-successfully-desktop-webkit-retry1/trace.zip]]
Dashboard title not found, continuing...

[[ATTACHMENT|dashboard-Dashboard-Tests-should-load-dashboard-page-successfully-desktop-webkit-retry2/test-failed-1.png]]

[[ATTACHMENT|dashboard-Dashboard-Tests-should-load-dashboard-page-successfully-desktop-webkit-retry2/video.webm]]
]]>
</system-out>
<system-err>
<![CDATA[Internal error: fixture integrity at context
]]>
</system-err>
</testcase>
<testcase name="Dashboard Tests › should display dashboard stats" classname="dashboard.spec.ts" time="90.002">
<failure message="dashboard.spec.ts:23:7 should display dashboard stats" type="FAILURE">
<![CDATA[  [desktop-webkit] › dashboard.spec.ts:23:7 › Dashboard Tests › should display dashboard stats ─────

    Test timeout of 30000ms exceeded while running "beforeEach" hook.

      2 |
      3 | test.describe('Dashboard Tests', () => {
    > 4 |   test.beforeEach(async ({ page }) => {
        |        ^
      5 |     // Set test mode header
      6 |     await page.setExtraHTTPHeaders({
      7 |       'x-test-mode': 'true'

        at /Users/thabonyembe/Documents/freeflow-app-9/tests/e2e/dashboard.spec.ts:4:8

    Error: browserContext.newPage: Test ended.


    attachment #1: screenshot (image/png) ──────────────────────────────────────────────────────────
    test-results/dashboard-Dashboard-Tests-should-display-dashboard-stats-desktop-webkit/test-failed-1.png
    ────────────────────────────────────────────────────────────────────────────────────────────────

    attachment #2: video (video/webm) ──────────────────────────────────────────────────────────────
    test-results/dashboard-Dashboard-Tests-should-display-dashboard-stats-desktop-webkit/video.webm
    ────────────────────────────────────────────────────────────────────────────────────────────────

    Retry #1 ───────────────────────────────────────────────────────────────────────────────────────

    Test timeout of 30000ms exceeded while running "beforeEach" hook.

      2 |
      3 | test.describe('Dashboard Tests', () => {
    > 4 |   test.beforeEach(async ({ page }) => {
        |        ^
      5 |     // Set test mode header
      6 |     await page.setExtraHTTPHeaders({
      7 |       'x-test-mode': 'true'

        at /Users/thabonyembe/Documents/freeflow-app-9/tests/e2e/dashboard.spec.ts:4:8

    Error: expect(locator).toBeVisible()

    Locator: locator('[data-testid="stat-active-projects"]')
    Expected: visible
    Received: hidden
    Call log:
      - expect.toBeVisible with timeout 5000ms
      - waiting for locator('[data-testid="stat-active-projects"]')


      22 |
      23 |   test('should display dashboard stats', async ({ page }) => {
    > 24 |     await expect(page.locator('[data-testid="stat-active-projects"]')).toBeVisible();
         |                                                                        ^
      25 |     await expect(page.locator('[data-testid="stat-total-revenue"]')).toBeVisible();
      26 |     await expect(page.locator('[data-testid="stat-team-members"]')).toBeVisible();
      27 |     await expect(page.locator('[data-testid="stat-completed-tasks"]')).toBeVisible();

        at /Users/thabonyembe/Documents/freeflow-app-9/tests/e2e/dashboard.spec.ts:24:72

    attachment #1: screenshot (image/png) ──────────────────────────────────────────────────────────
    test-results/dashboard-Dashboard-Tests-should-display-dashboard-stats-desktop-webkit-retry1/test-failed-1.png
    ────────────────────────────────────────────────────────────────────────────────────────────────

    attachment #2: video (video/webm) ──────────────────────────────────────────────────────────────
    test-results/dashboard-Dashboard-Tests-should-display-dashboard-stats-desktop-webkit-retry1/video.webm
    ────────────────────────────────────────────────────────────────────────────────────────────────

    attachment #3: trace (application/zip) ─────────────────────────────────────────────────────────
    test-results/dashboard-Dashboard-Tests-should-display-dashboard-stats-desktop-webkit-retry1/trace.zip
    Usage:

        npx playwright show-trace test-results/dashboard-Dashboard-Tests-should-display-dashboard-stats-desktop-webkit-retry1/trace.zip

    ────────────────────────────────────────────────────────────────────────────────────────────────

    Retry #2 ───────────────────────────────────────────────────────────────────────────────────────

    Test timeout of 30000ms exceeded while running "beforeEach" hook.

      2 |
      3 | test.describe('Dashboard Tests', () => {
    > 4 |   test.beforeEach(async ({ page }) => {
        |        ^
      5 |     // Set test mode header
      6 |     await page.setExtraHTTPHeaders({
      7 |       'x-test-mode': 'true'

        at /Users/thabonyembe/Documents/freeflow-app-9/tests/e2e/dashboard.spec.ts:4:8

    Error: browserContext.newPage: Test ended.


    attachment #1: screenshot (image/png) ──────────────────────────────────────────────────────────
    test-results/dashboard-Dashboard-Tests-should-display-dashboard-stats-desktop-webkit-retry2/test-failed-1.png
    ────────────────────────────────────────────────────────────────────────────────────────────────

    attachment #2: video (video/webm) ──────────────────────────────────────────────────────────────
    test-results/dashboard-Dashboard-Tests-should-display-dashboard-stats-desktop-webkit-retry2/video.webm
    ────────────────────────────────────────────────────────────────────────────────────────────────
]]>
</failure>
<system-out>
<![CDATA[Dashboard title not found, continuing...

[[ATTACHMENT|dashboard-Dashboard-Tests-should-display-dashboard-stats-desktop-webkit/test-failed-1.png]]

[[ATTACHMENT|dashboard-Dashboard-Tests-should-display-dashboard-stats-desktop-webkit/video.webm]]
Dashboard title not found, continuing...

[[ATTACHMENT|dashboard-Dashboard-Tests-should-display-dashboard-stats-desktop-webkit-retry1/test-failed-1.png]]

[[ATTACHMENT|dashboard-Dashboard-Tests-should-display-dashboard-stats-desktop-webkit-retry1/video.webm]]

[[ATTACHMENT|dashboard-Dashboard-Tests-should-display-dashboard-stats-desktop-webkit-retry1/trace.zip]]
Dashboard title not found, continuing...

[[ATTACHMENT|dashboard-Dashboard-Tests-should-display-dashboard-stats-desktop-webkit-retry2/test-failed-1.png]]

[[ATTACHMENT|dashboard-Dashboard-Tests-should-display-dashboard-stats-desktop-webkit-retry2/video.webm]]
]]>
</system-out>
<system-err>
<![CDATA[Internal error: fixture integrity at context
Internal error: fixture integrity at context
]]>
</system-err>
</testcase>
<testcase name="Dashboard Tests › should have working navigation tabs" classname="dashboard.spec.ts" time="90.002">
<failure message="dashboard.spec.ts:30:7 should have working navigation tabs" type="FAILURE">
<![CDATA[  [desktop-webkit] › dashboard.spec.ts:30:7 › Dashboard Tests › should have working navigation tabs 

    Test timeout of 30000ms exceeded while running "beforeEach" hook.

      2 |
      3 | test.describe('Dashboard Tests', () => {
    > 4 |   test.beforeEach(async ({ page }) => {
        |        ^
      5 |     // Set test mode header
      6 |     await page.setExtraHTTPHeaders({
      7 |       'x-test-mode': 'true'

        at /Users/thabonyembe/Documents/freeflow-app-9/tests/e2e/dashboard.spec.ts:4:8

    Error: browserContext.newPage: Test ended.


    attachment #1: screenshot (image/png) ──────────────────────────────────────────────────────────
    test-results/dashboard-Dashboard-Tests-should-have-working-navigation-tabs-desktop-webkit/test-failed-1.png
    ────────────────────────────────────────────────────────────────────────────────────────────────

    attachment #2: video (video/webm) ──────────────────────────────────────────────────────────────
    test-results/dashboard-Dashboard-Tests-should-have-working-navigation-tabs-desktop-webkit/video.webm
    ────────────────────────────────────────────────────────────────────────────────────────────────

    Retry #1 ───────────────────────────────────────────────────────────────────────────────────────

    Test timeout of 30000ms exceeded while running "beforeEach" hook.

      2 |
      3 | test.describe('Dashboard Tests', () => {
    > 4 |   test.beforeEach(async ({ page }) => {
        |        ^
      5 |     // Set test mode header
      6 |     await page.setExtraHTTPHeaders({
      7 |       'x-test-mode': 'true'

        at /Users/thabonyembe/Documents/freeflow-app-9/tests/e2e/dashboard.spec.ts:4:8

    Error: expect(locator).toBeVisible()

    Locator: locator('[data-testid="dashboard-tabs"]')
    Expected: visible
    Received: hidden
    Call log:
      - expect.toBeVisible with timeout 5000ms
      - waiting for locator('[data-testid="dashboard-tabs"]')


      30 |   test('should have working navigation tabs', async ({ page }) => {
      31 |     const tabs = page.locator('[data-testid="dashboard-tabs"]');
    > 32 |     await expect(tabs).toBeVisible();
         |                        ^
      33 |     
      34 |     // Test Projects tab
      35 |     await page.click('[data-testid="projects-tab"]');

        at /Users/thabonyembe/Documents/freeflow-app-9/tests/e2e/dashboard.spec.ts:32:24

    attachment #1: screenshot (image/png) ──────────────────────────────────────────────────────────
    test-results/dashboard-Dashboard-Tests-should-have-working-navigation-tabs-desktop-webkit-retry1/test-failed-1.png
    ────────────────────────────────────────────────────────────────────────────────────────────────

    attachment #2: video (video/webm) ──────────────────────────────────────────────────────────────
    test-results/dashboard-Dashboard-Tests-should-have-working-navigation-tabs-desktop-webkit-retry1/video.webm
    ────────────────────────────────────────────────────────────────────────────────────────────────

    attachment #3: trace (application/zip) ─────────────────────────────────────────────────────────
    test-results/dashboard-Dashboard-Tests-should-have-working-navigation-tabs-desktop-webkit-retry1/trace.zip
    Usage:

        npx playwright show-trace test-results/dashboard-Dashboard-Tests-should-have-working-navigation-tabs-desktop-webkit-retry1/trace.zip

    ────────────────────────────────────────────────────────────────────────────────────────────────

    Retry #2 ───────────────────────────────────────────────────────────────────────────────────────

    Test timeout of 30000ms exceeded while running "beforeEach" hook.

      2 |
      3 | test.describe('Dashboard Tests', () => {
    > 4 |   test.beforeEach(async ({ page }) => {
        |        ^
      5 |     // Set test mode header
      6 |     await page.setExtraHTTPHeaders({
      7 |       'x-test-mode': 'true'

        at /Users/thabonyembe/Documents/freeflow-app-9/tests/e2e/dashboard.spec.ts:4:8

    Error: browserContext.newPage: Test ended.


    attachment #1: screenshot (image/png) ──────────────────────────────────────────────────────────
    test-results/dashboard-Dashboard-Tests-should-have-working-navigation-tabs-desktop-webkit-retry2/test-failed-1.png
    ────────────────────────────────────────────────────────────────────────────────────────────────

    attachment #2: video (video/webm) ──────────────────────────────────────────────────────────────
    test-results/dashboard-Dashboard-Tests-should-have-working-navigation-tabs-desktop-webkit-retry2/video.webm
    ────────────────────────────────────────────────────────────────────────────────────────────────
]]>
</failure>
<system-out>
<![CDATA[Dashboard title not found, continuing...

[[ATTACHMENT|dashboard-Dashboard-Tests-should-have-working-navigation-tabs-desktop-webkit/test-failed-1.png]]

[[ATTACHMENT|dashboard-Dashboard-Tests-should-have-working-navigation-tabs-desktop-webkit/video.webm]]
Dashboard title not found, continuing...

[[ATTACHMENT|dashboard-Dashboard-Tests-should-have-working-navigation-tabs-desktop-webkit-retry1/test-failed-1.png]]

[[ATTACHMENT|dashboard-Dashboard-Tests-should-have-working-navigation-tabs-desktop-webkit-retry1/video.webm]]

[[ATTACHMENT|dashboard-Dashboard-Tests-should-have-working-navigation-tabs-desktop-webkit-retry1/trace.zip]]
Dashboard title not found, continuing...

[[ATTACHMENT|dashboard-Dashboard-Tests-should-have-working-navigation-tabs-desktop-webkit-retry2/test-failed-1.png]]

[[ATTACHMENT|dashboard-Dashboard-Tests-should-have-working-navigation-tabs-desktop-webkit-retry2/video.webm]]
]]>
</system-out>
<system-err>
<![CDATA[Internal error: fixture integrity at context
Internal error: fixture integrity at context
]]>
</system-err>
</testcase>
<testcase name="Dashboard Tests › should display projects in Projects Hub" classname="dashboard.spec.ts" time="90">
<failure message="dashboard.spec.ts:51:7 should display projects in Projects Hub" type="FAILURE">
<![CDATA[  [desktop-webkit] › dashboard.spec.ts:51:7 › Dashboard Tests › should display projects in Projects Hub 

    Test timeout of 30000ms exceeded while running "beforeEach" hook.

      2 |
      3 | test.describe('Dashboard Tests', () => {
    > 4 |   test.beforeEach(async ({ page }) => {
        |        ^
      5 |     // Set test mode header
      6 |     await page.setExtraHTTPHeaders({
      7 |       'x-test-mode': 'true'

        at /Users/thabonyembe/Documents/freeflow-app-9/tests/e2e/dashboard.spec.ts:4:8

    Error: browserContext.newPage: Test ended.


    attachment #1: screenshot (image/png) ──────────────────────────────────────────────────────────
    test-results/dashboard-Dashboard-Tests-should-display-projects-in-Projects-Hub-desktop-webkit/test-failed-1.png
    ────────────────────────────────────────────────────────────────────────────────────────────────

    attachment #2: video (video/webm) ──────────────────────────────────────────────────────────────
    test-results/dashboard-Dashboard-Tests-should-display-projects-in-Projects-Hub-desktop-webkit/video.webm
    ────────────────────────────────────────────────────────────────────────────────────────────────

    Retry #1 ───────────────────────────────────────────────────────────────────────────────────────

    Test timeout of 30000ms exceeded while running "beforeEach" hook.

      2 |
      3 | test.describe('Dashboard Tests', () => {
    > 4 |   test.beforeEach(async ({ page }) => {
        |        ^
      5 |     // Set test mode header
      6 |     await page.setExtraHTTPHeaders({
      7 |       'x-test-mode': 'true'

        at /Users/thabonyembe/Documents/freeflow-app-9/tests/e2e/dashboard.spec.ts:4:8

    Error: page.click: Test ended.
    Call log:
      - waiting for locator('[data-testid="projects-tab"]')


      50 |
      51 |   test('should display projects in Projects Hub', async ({ page }) => {
    > 52 |     await page.click('[data-testid="projects-tab"]');
         |                ^
      53 |     await expect(page.locator('[data-testid="projects-hub"]')).toBeVisible();
      54 |     
      55 |     // Check for project items

        at /Users/thabonyembe/Documents/freeflow-app-9/tests/e2e/dashboard.spec.ts:52:16

    attachment #1: screenshot (image/png) ──────────────────────────────────────────────────────────
    test-results/dashboard-Dashboard-Tests-should-display-projects-in-Projects-Hub-desktop-webkit-retry1/test-failed-1.png
    ────────────────────────────────────────────────────────────────────────────────────────────────

    attachment #2: video (video/webm) ──────────────────────────────────────────────────────────────
    test-results/dashboard-Dashboard-Tests-should-display-projects-in-Projects-Hub-desktop-webkit-retry1/video.webm
    ────────────────────────────────────────────────────────────────────────────────────────────────

    attachment #3: trace (application/zip) ─────────────────────────────────────────────────────────
    test-results/dashboard-Dashboard-Tests-should-display-projects-in-Projects-Hub-desktop-webkit-retry1/trace.zip
    Usage:

        npx playwright show-trace test-results/dashboard-Dashboard-Tests-should-display-projects-in-Projects-Hub-desktop-webkit-retry1/trace.zip

    ────────────────────────────────────────────────────────────────────────────────────────────────

    Retry #2 ───────────────────────────────────────────────────────────────────────────────────────

    Test timeout of 30000ms exceeded while running "beforeEach" hook.

      2 |
      3 | test.describe('Dashboard Tests', () => {
    > 4 |   test.beforeEach(async ({ page }) => {
        |        ^
      5 |     // Set test mode header
      6 |     await page.setExtraHTTPHeaders({
      7 |       'x-test-mode': 'true'

        at /Users/thabonyembe/Documents/freeflow-app-9/tests/e2e/dashboard.spec.ts:4:8

    Error: browserContext.newPage: Test ended.


    attachment #1: screenshot (image/png) ──────────────────────────────────────────────────────────
    test-results/dashboard-Dashboard-Tests-should-display-projects-in-Projects-Hub-desktop-webkit-retry2/test-failed-1.png
    ────────────────────────────────────────────────────────────────────────────────────────────────

    attachment #2: video (video/webm) ──────────────────────────────────────────────────────────────
    test-results/dashboard-Dashboard-Tests-should-display-projects-in-Projects-Hub-desktop-webkit-retry2/video.webm
    ────────────────────────────────────────────────────────────────────────────────────────────────
]]>
</failure>
<system-out>
<![CDATA[Dashboard title not found, continuing...

[[ATTACHMENT|dashboard-Dashboard-Tests-should-display-projects-in-Projects-Hub-desktop-webkit/test-failed-1.png]]

[[ATTACHMENT|dashboard-Dashboard-Tests-should-display-projects-in-Projects-Hub-desktop-webkit/video.webm]]
Dashboard title not found, continuing...

[[ATTACHMENT|dashboard-Dashboard-Tests-should-display-projects-in-Projects-Hub-desktop-webkit-retry1/test-failed-1.png]]

[[ATTACHMENT|dashboard-Dashboard-Tests-should-display-projects-in-Projects-Hub-desktop-webkit-retry1/video.webm]]

[[ATTACHMENT|dashboard-Dashboard-Tests-should-display-projects-in-Projects-Hub-desktop-webkit-retry1/trace.zip]]
Dashboard title not found, continuing...

[[ATTACHMENT|dashboard-Dashboard-Tests-should-display-projects-in-Projects-Hub-desktop-webkit-retry2/test-failed-1.png]]

[[ATTACHMENT|dashboard-Dashboard-Tests-should-display-projects-in-Projects-Hub-desktop-webkit-retry2/video.webm]]
]]>
</system-out>
<system-err>
<![CDATA[Internal error: fixture integrity at context
]]>
</system-err>
</testcase>
<testcase name="Dashboard Tests › should display team members with avatars" classname="dashboard.spec.ts" time="90.001">
<failure message="dashboard.spec.ts:61:7 should display team members with avatars" type="FAILURE">
<![CDATA[  [desktop-webkit] › dashboard.spec.ts:61:7 › Dashboard Tests › should display team members with avatars 

    Test timeout of 30000ms exceeded while running "beforeEach" hook.

      2 |
      3 | test.describe('Dashboard Tests', () => {
    > 4 |   test.beforeEach(async ({ page }) => {
        |        ^
      5 |     // Set test mode header
      6 |     await page.setExtraHTTPHeaders({
      7 |       'x-test-mode': 'true'

        at /Users/thabonyembe/Documents/freeflow-app-9/tests/e2e/dashboard.spec.ts:4:8

    Error: browserContext.newPage: Test ended.


    attachment #1: screenshot (image/png) ──────────────────────────────────────────────────────────
    test-results/dashboard-Dashboard-Tests-should-display-team-members-with-avatars-desktop-webkit/test-failed-1.png
    ────────────────────────────────────────────────────────────────────────────────────────────────

    attachment #2: video (video/webm) ──────────────────────────────────────────────────────────────
    test-results/dashboard-Dashboard-Tests-should-display-team-members-with-avatars-desktop-webkit/video.webm
    ────────────────────────────────────────────────────────────────────────────────────────────────

    Retry #1 ───────────────────────────────────────────────────────────────────────────────────────

    Test timeout of 30000ms exceeded while running "beforeEach" hook.

      2 |
      3 | test.describe('Dashboard Tests', () => {
    > 4 |   test.beforeEach(async ({ page }) => {
        |        ^
      5 |     // Set test mode header
      6 |     await page.setExtraHTTPHeaders({
      7 |       'x-test-mode': 'true'

        at /Users/thabonyembe/Documents/freeflow-app-9/tests/e2e/dashboard.spec.ts:4:8

    Error: page.click: Test ended.
    Call log:
      - waiting for locator('[data-testid="team-tab"]')


      60 |
      61 |   test('should display team members with avatars', async ({ page }) => {
    > 62 |     await page.click('[data-testid="team-tab"]');
         |                ^
      63 |     await expect(page.locator('[data-testid="team-hub"]')).toBeVisible();
      64 |     
      65 |     // Check team members

        at /Users/thabonyembe/Documents/freeflow-app-9/tests/e2e/dashboard.spec.ts:62:16

    attachment #1: screenshot (image/png) ──────────────────────────────────────────────────────────
    test-results/dashboard-Dashboard-Tests-should-display-team-members-with-avatars-desktop-webkit-retry1/test-failed-1.png
    ────────────────────────────────────────────────────────────────────────────────────────────────

    attachment #2: video (video/webm) ──────────────────────────────────────────────────────────────
    test-results/dashboard-Dashboard-Tests-should-display-team-members-with-avatars-desktop-webkit-retry1/video.webm
    ────────────────────────────────────────────────────────────────────────────────────────────────

    attachment #3: trace (application/zip) ─────────────────────────────────────────────────────────
    test-results/dashboard-Dashboard-Tests-should-display-team-members-with-avatars-desktop-webkit-retry1/trace.zip
    Usage:

        npx playwright show-trace test-results/dashboard-Dashboard-Tests-should-display-team-members-with-avatars-desktop-webkit-retry1/trace.zip

    ────────────────────────────────────────────────────────────────────────────────────────────────

    Retry #2 ───────────────────────────────────────────────────────────────────────────────────────

    Test timeout of 30000ms exceeded while running "beforeEach" hook.

      2 |
      3 | test.describe('Dashboard Tests', () => {
    > 4 |   test.beforeEach(async ({ page }) => {
        |        ^
      5 |     // Set test mode header
      6 |     await page.setExtraHTTPHeaders({
      7 |       'x-test-mode': 'true'

        at /Users/thabonyembe/Documents/freeflow-app-9/tests/e2e/dashboard.spec.ts:4:8

    Error: browserContext.newPage: Test ended.


    attachment #1: screenshot (image/png) ──────────────────────────────────────────────────────────
    test-results/dashboard-Dashboard-Tests-should-display-team-members-with-avatars-desktop-webkit-retry2/test-failed-1.png
    ────────────────────────────────────────────────────────────────────────────────────────────────

    attachment #2: video (video/webm) ──────────────────────────────────────────────────────────────
    test-results/dashboard-Dashboard-Tests-should-display-team-members-with-avatars-desktop-webkit-retry2/video.webm
    ────────────────────────────────────────────────────────────────────────────────────────────────
]]>
</failure>
<system-out>
<![CDATA[Dashboard title not found, continuing...

[[ATTACHMENT|dashboard-Dashboard-Tests-should-display-team-members-with-avatars-desktop-webkit/test-failed-1.png]]

[[ATTACHMENT|dashboard-Dashboard-Tests-should-display-team-members-with-avatars-desktop-webkit/video.webm]]
Dashboard title not found, continuing...

[[ATTACHMENT|dashboard-Dashboard-Tests-should-display-team-members-with-avatars-desktop-webkit-retry1/test-failed-1.png]]

[[ATTACHMENT|dashboard-Dashboard-Tests-should-display-team-members-with-avatars-desktop-webkit-retry1/video.webm]]

[[ATTACHMENT|dashboard-Dashboard-Tests-should-display-team-members-with-avatars-desktop-webkit-retry1/trace.zip]]
Dashboard title not found, continuing...

[[ATTACHMENT|dashboard-Dashboard-Tests-should-display-team-members-with-avatars-desktop-webkit-retry2/test-failed-1.png]]

[[ATTACHMENT|dashboard-Dashboard-Tests-should-display-team-members-with-avatars-desktop-webkit-retry2/video.webm]]
]]>
</system-out>
</testcase>
<testcase name="Dashboard Tests › should handle new project button click" classname="dashboard.spec.ts" time="90.001">
<failure message="dashboard.spec.ts:73:7 should handle new project button click" type="FAILURE">
<![CDATA[  [desktop-webkit] › dashboard.spec.ts:73:7 › Dashboard Tests › should handle new project button click 

    Test timeout of 30000ms exceeded while running "beforeEach" hook.

      2 |
      3 | test.describe('Dashboard Tests', () => {
    > 4 |   test.beforeEach(async ({ page }) => {
        |        ^
      5 |     // Set test mode header
      6 |     await page.setExtraHTTPHeaders({
      7 |       'x-test-mode': 'true'

        at /Users/thabonyembe/Documents/freeflow-app-9/tests/e2e/dashboard.spec.ts:4:8

    Error: browserContext.newPage: Test ended.


    attachment #1: screenshot (image/png) ──────────────────────────────────────────────────────────
    test-results/dashboard-Dashboard-Tests-should-handle-new-project-button-click-desktop-webkit/test-failed-1.png
    ────────────────────────────────────────────────────────────────────────────────────────────────

    attachment #2: video (video/webm) ──────────────────────────────────────────────────────────────
    test-results/dashboard-Dashboard-Tests-should-handle-new-project-button-click-desktop-webkit/video.webm
    ────────────────────────────────────────────────────────────────────────────────────────────────

    Retry #1 ───────────────────────────────────────────────────────────────────────────────────────

    Test timeout of 30000ms exceeded while running "beforeEach" hook.

      2 |
      3 | test.describe('Dashboard Tests', () => {
    > 4 |   test.beforeEach(async ({ page }) => {
        |        ^
      5 |     // Set test mode header
      6 |     await page.setExtraHTTPHeaders({
      7 |       'x-test-mode': 'true'

        at /Users/thabonyembe/Documents/freeflow-app-9/tests/e2e/dashboard.spec.ts:4:8

    Error: expect(locator).toBeVisible()

    Locator: locator('[data-testid="new-project-button"]')
    Expected: visible
    Received: hidden
    Call log:
      - expect.toBeVisible with timeout 5000ms
      - waiting for locator('[data-testid="new-project-button"]')


      73 |   test('should handle new project button click', async ({ page }) => {
      74 |     const newProjectButton = page.locator('[data-testid="new-project-button"]');
    > 75 |     await expect(newProjectButton).toBeVisible();
         |                                    ^
      76 |     await expect(newProjectButton).toBeEnabled();
      77 |     
      78 |     // Click should be possible (actual navigation tested separately)

        at /Users/thabonyembe/Documents/freeflow-app-9/tests/e2e/dashboard.spec.ts:75:36

    attachment #1: screenshot (image/png) ──────────────────────────────────────────────────────────
    test-results/dashboard-Dashboard-Tests-should-handle-new-project-button-click-desktop-webkit-retry1/test-failed-1.png
    ────────────────────────────────────────────────────────────────────────────────────────────────

    attachment #2: video (video/webm) ──────────────────────────────────────────────────────────────
    test-results/dashboard-Dashboard-Tests-should-handle-new-project-button-click-desktop-webkit-retry1/video.webm
    ────────────────────────────────────────────────────────────────────────────────────────────────

    attachment #3: trace (application/zip) ─────────────────────────────────────────────────────────
    test-results/dashboard-Dashboard-Tests-should-handle-new-project-button-click-desktop-webkit-retry1/trace.zip
    Usage:

        npx playwright show-trace test-results/dashboard-Dashboard-Tests-should-handle-new-project-button-click-desktop-webkit-retry1/trace.zip

    ────────────────────────────────────────────────────────────────────────────────────────────────

    Retry #2 ───────────────────────────────────────────────────────────────────────────────────────

    Test timeout of 30000ms exceeded while running "beforeEach" hook.

      2 |
      3 | test.describe('Dashboard Tests', () => {
    > 4 |   test.beforeEach(async ({ page }) => {
        |        ^
      5 |     // Set test mode header
      6 |     await page.setExtraHTTPHeaders({
      7 |       'x-test-mode': 'true'

        at /Users/thabonyembe/Documents/freeflow-app-9/tests/e2e/dashboard.spec.ts:4:8

    Error: browserContext.newPage: Test ended.


    attachment #1: screenshot (image/png) ──────────────────────────────────────────────────────────
    test-results/dashboard-Dashboard-Tests-should-handle-new-project-button-click-desktop-webkit-retry2/test-failed-1.png
    ────────────────────────────────────────────────────────────────────────────────────────────────

    attachment #2: video (video/webm) ──────────────────────────────────────────────────────────────
    test-results/dashboard-Dashboard-Tests-should-handle-new-project-button-click-desktop-webkit-retry2/video.webm
    ────────────────────────────────────────────────────────────────────────────────────────────────
]]>
</failure>
<system-out>
<![CDATA[Dashboard title not found, continuing...

[[ATTACHMENT|dashboard-Dashboard-Tests-should-handle-new-project-button-click-desktop-webkit/test-failed-1.png]]

[[ATTACHMENT|dashboard-Dashboard-Tests-should-handle-new-project-button-click-desktop-webkit/video.webm]]
Dashboard title not found, continuing...

[[ATTACHMENT|dashboard-Dashboard-Tests-should-handle-new-project-button-click-desktop-webkit-retry1/test-failed-1.png]]

[[ATTACHMENT|dashboard-Dashboard-Tests-should-handle-new-project-button-click-desktop-webkit-retry1/video.webm]]

[[ATTACHMENT|dashboard-Dashboard-Tests-should-handle-new-project-button-click-desktop-webkit-retry1/trace.zip]]
Dashboard title not found, continuing...

[[ATTACHMENT|dashboard-Dashboard-Tests-should-handle-new-project-button-click-desktop-webkit-retry2/test-failed-1.png]]

[[ATTACHMENT|dashboard-Dashboard-Tests-should-handle-new-project-button-click-desktop-webkit-retry2/video.webm]]
]]>
</system-out>
<system-err>
<![CDATA[Internal error: fixture integrity at context
Internal error: fixture integrity at context
]]>
</system-err>
</testcase>
<testcase name="Dashboard Tests › should be responsive on mobile" classname="dashboard.spec.ts" time="90.007">
<failure message="dashboard.spec.ts:82:7 should be responsive on mobile" type="FAILURE">
<![CDATA[  [desktop-webkit] › dashboard.spec.ts:82:7 › Dashboard Tests › should be responsive on mobile ─────

    Test timeout of 30000ms exceeded while running "beforeEach" hook.

      2 |
      3 | test.describe('Dashboard Tests', () => {
    > 4 |   test.beforeEach(async ({ page }) => {
        |        ^
      5 |     // Set test mode header
      6 |     await page.setExtraHTTPHeaders({
      7 |       'x-test-mode': 'true'

        at /Users/thabonyembe/Documents/freeflow-app-9/tests/e2e/dashboard.spec.ts:4:8

    Error: browserContext.newPage: Test ended.


    attachment #1: screenshot (image/png) ──────────────────────────────────────────────────────────
    test-results/dashboard-Dashboard-Tests-should-be-responsive-on-mobile-desktop-webkit/test-failed-1.png
    ────────────────────────────────────────────────────────────────────────────────────────────────

    attachment #2: video (video/webm) ──────────────────────────────────────────────────────────────
    test-results/dashboard-Dashboard-Tests-should-be-responsive-on-mobile-desktop-webkit/video.webm
    ────────────────────────────────────────────────────────────────────────────────────────────────

    Retry #1 ───────────────────────────────────────────────────────────────────────────────────────

    Test timeout of 30000ms exceeded while running "beforeEach" hook.

      2 |
      3 | test.describe('Dashboard Tests', () => {
    > 4 |   test.beforeEach(async ({ page }) => {
        |        ^
      5 |     // Set test mode header
      6 |     await page.setExtraHTTPHeaders({
      7 |       'x-test-mode': 'true'

        at /Users/thabonyembe/Documents/freeflow-app-9/tests/e2e/dashboard.spec.ts:4:8

    Error: expect(locator).toBeVisible()

    Locator: locator('[data-testid="dashboard-container"]')
    Expected: visible
    Received: hidden
    Call log:
      - expect.toBeVisible with timeout 5000ms
      - waiting for locator('[data-testid="dashboard-container"]')


      83 |     await page.setViewportSize({ width: 375, height: 667 });
      84 |     
    > 85 |     await expect(page.locator('[data-testid="dashboard-container"]')).toBeVisible();
         |                                                                       ^
      86 |     await expect(page.locator('[data-testid="dashboard-title"]')).toBeVisible();
      87 |     
      88 |     // Stats should stack on mobile

        at /Users/thabonyembe/Documents/freeflow-app-9/tests/e2e/dashboard.spec.ts:85:71

    attachment #1: screenshot (image/png) ──────────────────────────────────────────────────────────
    test-results/dashboard-Dashboard-Tests-should-be-responsive-on-mobile-desktop-webkit-retry1/test-failed-1.png
    ────────────────────────────────────────────────────────────────────────────────────────────────

    attachment #2: video (video/webm) ──────────────────────────────────────────────────────────────
    test-results/dashboard-Dashboard-Tests-should-be-responsive-on-mobile-desktop-webkit-retry1/video.webm
    ────────────────────────────────────────────────────────────────────────────────────────────────

    attachment #3: trace (application/zip) ─────────────────────────────────────────────────────────
    test-results/dashboard-Dashboard-Tests-should-be-responsive-on-mobile-desktop-webkit-retry1/trace.zip
    Usage:

        npx playwright show-trace test-results/dashboard-Dashboard-Tests-should-be-responsive-on-mobile-desktop-webkit-retry1/trace.zip

    ────────────────────────────────────────────────────────────────────────────────────────────────

    Retry #2 ───────────────────────────────────────────────────────────────────────────────────────

    Test timeout of 30000ms exceeded while running "beforeEach" hook.

      2 |
      3 | test.describe('Dashboard Tests', () => {
    > 4 |   test.beforeEach(async ({ page }) => {
        |        ^
      5 |     // Set test mode header
      6 |     await page.setExtraHTTPHeaders({
      7 |       'x-test-mode': 'true'

        at /Users/thabonyembe/Documents/freeflow-app-9/tests/e2e/dashboard.spec.ts:4:8

    Error: browserContext.newPage: Test ended.


    attachment #1: screenshot (image/png) ──────────────────────────────────────────────────────────
    test-results/dashboard-Dashboard-Tests-should-be-responsive-on-mobile-desktop-webkit-retry2/test-failed-1.png
    ────────────────────────────────────────────────────────────────────────────────────────────────

    attachment #2: video (video/webm) ──────────────────────────────────────────────────────────────
    test-results/dashboard-Dashboard-Tests-should-be-responsive-on-mobile-desktop-webkit-retry2/video.webm
    ────────────────────────────────────────────────────────────────────────────────────────────────
]]>
</failure>
<system-out>
<![CDATA[Dashboard title not found, continuing...

[[ATTACHMENT|dashboard-Dashboard-Tests-should-be-responsive-on-mobile-desktop-webkit/test-failed-1.png]]

[[ATTACHMENT|dashboard-Dashboard-Tests-should-be-responsive-on-mobile-desktop-webkit/video.webm]]
Dashboard title not found, continuing...

[[ATTACHMENT|dashboard-Dashboard-Tests-should-be-responsive-on-mobile-desktop-webkit-retry1/test-failed-1.png]]

[[ATTACHMENT|dashboard-Dashboard-Tests-should-be-responsive-on-mobile-desktop-webkit-retry1/video.webm]]

[[ATTACHMENT|dashboard-Dashboard-Tests-should-be-responsive-on-mobile-desktop-webkit-retry1/trace.zip]]
Dashboard title not found, continuing...

[[ATTACHMENT|dashboard-Dashboard-Tests-should-be-responsive-on-mobile-desktop-webkit-retry2/test-failed-1.png]]

[[ATTACHMENT|dashboard-Dashboard-Tests-should-be-responsive-on-mobile-desktop-webkit-retry2/video.webm]]
]]>
</system-out>
<system-err>
<![CDATA[Internal error: fixture integrity at context
Internal error: fixture integrity at context
]]>
</system-err>
</testcase>
<testcase name="Dashboard Tests › should load team member avatars without 404 errors" classname="dashboard.spec.ts" time="90.002">
<failure message="dashboard.spec.ts:93:7 should load team member avatars without 404 errors" type="FAILURE">
<![CDATA[  [desktop-webkit] › dashboard.spec.ts:93:7 › Dashboard Tests › should load team member avatars without 404 errors 

    Test timeout of 30000ms exceeded while running "beforeEach" hook.

      2 |
      3 | test.describe('Dashboard Tests', () => {
    > 4 |   test.beforeEach(async ({ page }) => {
        |        ^
      5 |     // Set test mode header
      6 |     await page.setExtraHTTPHeaders({
      7 |       'x-test-mode': 'true'

        at /Users/thabonyembe/Documents/freeflow-app-9/tests/e2e/dashboard.spec.ts:4:8

    Error: browserContext.newPage: Test ended.


    attachment #1: screenshot (image/png) ──────────────────────────────────────────────────────────
    test-results/dashboard-Dashboard-Tests-should-load-team-member-avatars-without-404-errors-desktop-webkit/test-failed-1.png
    ────────────────────────────────────────────────────────────────────────────────────────────────

    attachment #2: video (video/webm) ──────────────────────────────────────────────────────────────
    test-results/dashboard-Dashboard-Tests-should-load-team-member-avatars-without-404-errors-desktop-webkit/video.webm
    ────────────────────────────────────────────────────────────────────────────────────────────────

    Retry #1 ───────────────────────────────────────────────────────────────────────────────────────

    Test timeout of 30000ms exceeded while running "beforeEach" hook.

      2 |
      3 | test.describe('Dashboard Tests', () => {
    > 4 |   test.beforeEach(async ({ page }) => {
        |        ^
      5 |     // Set test mode header
      6 |     await page.setExtraHTTPHeaders({
      7 |       'x-test-mode': 'true'

        at /Users/thabonyembe/Documents/freeflow-app-9/tests/e2e/dashboard.spec.ts:4:8

    Error: page.click: Test ended.
    Call log:
      - waiting for locator('[data-testid="team-tab"]')


      100 |     });
      101 |     
    > 102 |     await page.click('[data-testid="team-tab"]');
          |                ^
      103 |     await page.waitForTimeout(2000); // Wait for images to load
      104 |     
      105 |     expect(failedRequests).toHaveLength(0);

        at /Users/thabonyembe/Documents/freeflow-app-9/tests/e2e/dashboard.spec.ts:102:16

    attachment #1: screenshot (image/png) ──────────────────────────────────────────────────────────
    test-results/dashboard-Dashboard-Tests-should-load-team-member-avatars-without-404-errors-desktop-webkit-retry1/test-failed-1.png
    ────────────────────────────────────────────────────────────────────────────────────────────────

    attachment #2: video (video/webm) ──────────────────────────────────────────────────────────────
    test-results/dashboard-Dashboard-Tests-should-load-team-member-avatars-without-404-errors-desktop-webkit-retry1/video.webm
    ────────────────────────────────────────────────────────────────────────────────────────────────

    attachment #3: trace (application/zip) ─────────────────────────────────────────────────────────
    test-results/dashboard-Dashboard-Tests-should-load-team-member-avatars-without-404-errors-desktop-webkit-retry1/trace.zip
    Usage:

        npx playwright show-trace test-results/dashboard-Dashboard-Tests-should-load-team-member-avatars-without-404-errors-desktop-webkit-retry1/trace.zip

    ────────────────────────────────────────────────────────────────────────────────────────────────

    Retry #2 ───────────────────────────────────────────────────────────────────────────────────────

    Test timeout of 30000ms exceeded while running "beforeEach" hook.

      2 |
      3 | test.describe('Dashboard Tests', () => {
    > 4 |   test.beforeEach(async ({ page }) => {
        |        ^
      5 |     // Set test mode header
      6 |     await page.setExtraHTTPHeaders({
      7 |       'x-test-mode': 'true'

        at /Users/thabonyembe/Documents/freeflow-app-9/tests/e2e/dashboard.spec.ts:4:8

    Error: browserContext.newPage: Test ended.


    attachment #1: screenshot (image/png) ──────────────────────────────────────────────────────────
    test-results/dashboard-Dashboard-Tests-should-load-team-member-avatars-without-404-errors-desktop-webkit-retry2/test-failed-1.png
    ────────────────────────────────────────────────────────────────────────────────────────────────

    attachment #2: video (video/webm) ──────────────────────────────────────────────────────────────
    test-results/dashboard-Dashboard-Tests-should-load-team-member-avatars-without-404-errors-desktop-webkit-retry2/video.webm
    ────────────────────────────────────────────────────────────────────────────────────────────────
]]>
</failure>
<system-out>
<![CDATA[Dashboard title not found, continuing...

[[ATTACHMENT|dashboard-Dashboard-Tests-should-load-team-member-avatars-without-404-errors-desktop-webkit/test-failed-1.png]]

[[ATTACHMENT|dashboard-Dashboard-Tests-should-load-team-member-avatars-without-404-errors-desktop-webkit/video.webm]]
Dashboard title not found, continuing...

[[ATTACHMENT|dashboard-Dashboard-Tests-should-load-team-member-avatars-without-404-errors-desktop-webkit-retry1/test-failed-1.png]]

[[ATTACHMENT|dashboard-Dashboard-Tests-should-load-team-member-avatars-without-404-errors-desktop-webkit-retry1/video.webm]]

[[ATTACHMENT|dashboard-Dashboard-Tests-should-load-team-member-avatars-without-404-errors-desktop-webkit-retry1/trace.zip]]
Dashboard title not found, continuing...

[[ATTACHMENT|dashboard-Dashboard-Tests-should-load-team-member-avatars-without-404-errors-desktop-webkit-retry2/test-failed-1.png]]

[[ATTACHMENT|dashboard-Dashboard-Tests-should-load-team-member-avatars-without-404-errors-desktop-webkit-retry2/video.webm]]
]]>
</system-out>
</testcase>
<testcase name="Dashboard Tests › should have proper accessibility labels" classname="dashboard.spec.ts" time="90.001">
<failure message="dashboard.spec.ts:108:7 should have proper accessibility labels" type="FAILURE">
<![CDATA[  [desktop-webkit] › dashboard.spec.ts:108:7 › Dashboard Tests › should have proper accessibility labels 

    Test timeout of 30000ms exceeded while running "beforeEach" hook.

      2 |
      3 | test.describe('Dashboard Tests', () => {
    > 4 |   test.beforeEach(async ({ page }) => {
        |        ^
      5 |     // Set test mode header
      6 |     await page.setExtraHTTPHeaders({
      7 |       'x-test-mode': 'true'

        at /Users/thabonyembe/Documents/freeflow-app-9/tests/e2e/dashboard.spec.ts:4:8

    Error: browserContext.newPage: Test ended.


    attachment #1: screenshot (image/png) ──────────────────────────────────────────────────────────
    test-results/dashboard-Dashboard-Tests-should-have-proper-accessibility-labels-desktop-webkit/test-failed-1.png
    ────────────────────────────────────────────────────────────────────────────────────────────────

    attachment #2: video (video/webm) ──────────────────────────────────────────────────────────────
    test-results/dashboard-Dashboard-Tests-should-have-proper-accessibility-labels-desktop-webkit/video.webm
    ────────────────────────────────────────────────────────────────────────────────────────────────

    Retry #1 ───────────────────────────────────────────────────────────────────────────────────────

    Test timeout of 30000ms exceeded while running "beforeEach" hook.

      2 |
      3 | test.describe('Dashboard Tests', () => {
    > 4 |   test.beforeEach(async ({ page }) => {
        |        ^
      5 |     // Set test mode header
      6 |     await page.setExtraHTTPHeaders({
      7 |       'x-test-mode': 'true'

        at /Users/thabonyembe/Documents/freeflow-app-9/tests/e2e/dashboard.spec.ts:4:8

    Error: expect(locator).toBeVisible()

    Locator: locator('h1[data-testid="dashboard-title"]')
    Expected: visible
    Received: hidden
    Call log:
      - expect.toBeVisible with timeout 5000ms
      - waiting for locator('h1[data-testid="dashboard-title"]')


      108 |   test('should have proper accessibility labels', async ({ page }) => {
      109 |     // Check for proper ARIA labels and semantic HTML
    > 110 |     await expect(page.locator('h1[data-testid="dashboard-title"]')).toBeVisible();
          |                                                                     ^
      111 |     
      112 |     // Navigation should be accessible
      113 |     const tabs = page.locator('[role="tablist"]');

        at /Users/thabonyembe/Documents/freeflow-app-9/tests/e2e/dashboard.spec.ts:110:69

    attachment #1: screenshot (image/png) ──────────────────────────────────────────────────────────
    test-results/dashboard-Dashboard-Tests-should-have-proper-accessibility-labels-desktop-webkit-retry1/test-failed-1.png
    ────────────────────────────────────────────────────────────────────────────────────────────────

    attachment #2: video (video/webm) ──────────────────────────────────────────────────────────────
    test-results/dashboard-Dashboard-Tests-should-have-proper-accessibility-labels-desktop-webkit-retry1/video.webm
    ────────────────────────────────────────────────────────────────────────────────────────────────

    attachment #3: trace (application/zip) ─────────────────────────────────────────────────────────
    test-results/dashboard-Dashboard-Tests-should-have-proper-accessibility-labels-desktop-webkit-retry1/trace.zip
    Usage:

        npx playwright show-trace test-results/dashboard-Dashboard-Tests-should-have-proper-accessibility-labels-desktop-webkit-retry1/trace.zip

    ────────────────────────────────────────────────────────────────────────────────────────────────

    Retry #2 ───────────────────────────────────────────────────────────────────────────────────────

    Test timeout of 30000ms exceeded while running "beforeEach" hook.

      2 |
      3 | test.describe('Dashboard Tests', () => {
    > 4 |   test.beforeEach(async ({ page }) => {
        |        ^
      5 |     // Set test mode header
      6 |     await page.setExtraHTTPHeaders({
      7 |       'x-test-mode': 'true'

        at /Users/thabonyembe/Documents/freeflow-app-9/tests/e2e/dashboard.spec.ts:4:8

    Error: browserContext.newPage: Test ended.


    attachment #1: screenshot (image/png) ──────────────────────────────────────────────────────────
    test-results/dashboard-Dashboard-Tests-should-have-proper-accessibility-labels-desktop-webkit-retry2/test-failed-1.png
    ────────────────────────────────────────────────────────────────────────────────────────────────

    attachment #2: video (video/webm) ──────────────────────────────────────────────────────────────
    test-results/dashboard-Dashboard-Tests-should-have-proper-accessibility-labels-desktop-webkit-retry2/video.webm
    ────────────────────────────────────────────────────────────────────────────────────────────────
]]>
</failure>
<system-out>
<![CDATA[Dashboard title not found, continuing...

[[ATTACHMENT|dashboard-Dashboard-Tests-should-have-proper-accessibility-labels-desktop-webkit/test-failed-1.png]]

[[ATTACHMENT|dashboard-Dashboard-Tests-should-have-proper-accessibility-labels-desktop-webkit/video.webm]]
Dashboard title not found, continuing...

[[ATTACHMENT|dashboard-Dashboard-Tests-should-have-proper-accessibility-labels-desktop-webkit-retry1/test-failed-1.png]]

[[ATTACHMENT|dashboard-Dashboard-Tests-should-have-proper-accessibility-labels-desktop-webkit-retry1/video.webm]]

[[ATTACHMENT|dashboard-Dashboard-Tests-should-have-proper-accessibility-labels-desktop-webkit-retry1/trace.zip]]
Dashboard title not found, continuing...

[[ATTACHMENT|dashboard-Dashboard-Tests-should-have-proper-accessibility-labels-desktop-webkit-retry2/test-failed-1.png]]

[[ATTACHMENT|dashboard-Dashboard-Tests-should-have-proper-accessibility-labels-desktop-webkit-retry2/video.webm]]
]]>
</system-out>
<system-err>
<![CDATA[Internal error: fixture integrity at context
]]>
</system-err>
</testcase>
</testsuite>
<testsuite name="dashboard.spec.ts" timestamp="2025-06-16T14:04:51.086Z" hostname="tablet-ipad-pro" tests="9" failures="9" skipped="0" time="810.014" errors="0">
<testcase name="Dashboard Tests › should load dashboard page successfully" classname="dashboard.spec.ts" time="90.003">
<failure message="dashboard.spec.ts:18:7 should load dashboard page successfully" type="FAILURE">
<![CDATA[  [tablet-ipad-pro] › dashboard.spec.ts:18:7 › Dashboard Tests › should load dashboard page successfully 

    Test timeout of 30000ms exceeded while running "beforeEach" hook.

      2 |
      3 | test.describe('Dashboard Tests', () => {
    > 4 |   test.beforeEach(async ({ page }) => {
        |        ^
      5 |     // Set test mode header
      6 |     await page.setExtraHTTPHeaders({
      7 |       'x-test-mode': 'true'

        at /Users/thabonyembe/Documents/freeflow-app-9/tests/e2e/dashboard.spec.ts:4:8

    Error: expect(locator).toBeVisible()

    Locator: locator('[data-testid="dashboard-container"]')
    Expected: visible
    Received: hidden
    Call log:
      - expect.toBeVisible with timeout 5000ms
      - waiting for locator('[data-testid="dashboard-container"]')


      17 |
      18 |   test('should load dashboard page successfully', async ({ page }) => {
    > 19 |     await expect(page.locator('[data-testid="dashboard-container"]')).toBeVisible();
         |                                                                       ^
      20 |     await expect(page.locator('[data-testid="dashboard-title"]')).toHaveText('Dashboard');
      21 |   });
      22 |

        at /Users/thabonyembe/Documents/freeflow-app-9/tests/e2e/dashboard.spec.ts:19:71

    attachment #1: screenshot (image/png) ──────────────────────────────────────────────────────────
    test-results/dashboard-Dashboard-Tests-should-load-dashboard-page-successfully-tablet-ipad-pro/test-failed-1.png
    ────────────────────────────────────────────────────────────────────────────────────────────────

    attachment #2: video (video/webm) ──────────────────────────────────────────────────────────────
    test-results/dashboard-Dashboard-Tests-should-load-dashboard-page-successfully-tablet-ipad-pro/video.webm
    ────────────────────────────────────────────────────────────────────────────────────────────────

    attachment #3: screenshot (image/png) ──────────────────────────────────────────────────────────
    test-results/dashboard-Dashboard-Tests-should-load-dashboard-page-successfully-tablet-ipad-pro/test-failed-2.png
    ────────────────────────────────────────────────────────────────────────────────────────────────

    Retry #1 ───────────────────────────────────────────────────────────────────────────────────────

    Test timeout of 30000ms exceeded while running "beforeEach" hook.

      2 |
      3 | test.describe('Dashboard Tests', () => {
    > 4 |   test.beforeEach(async ({ page }) => {
        |        ^
      5 |     // Set test mode header
      6 |     await page.setExtraHTTPHeaders({
      7 |       'x-test-mode': 'true'

        at /Users/thabonyembe/Documents/freeflow-app-9/tests/e2e/dashboard.spec.ts:4:8

    Error: expect(locator).toBeVisible()

    Locator: locator('[data-testid="dashboard-container"]')
    Expected: visible
    Received: hidden
    Call log:
      - expect.toBeVisible with timeout 5000ms
      - waiting for locator('[data-testid="dashboard-container"]')


      17 |
      18 |   test('should load dashboard page successfully', async ({ page }) => {
    > 19 |     await expect(page.locator('[data-testid="dashboard-container"]')).toBeVisible();
         |                                                                       ^
      20 |     await expect(page.locator('[data-testid="dashboard-title"]')).toHaveText('Dashboard');
      21 |   });
      22 |

        at /Users/thabonyembe/Documents/freeflow-app-9/tests/e2e/dashboard.spec.ts:19:71

    attachment #1: screenshot (image/png) ──────────────────────────────────────────────────────────
    test-results/dashboard-Dashboard-Tests-should-load-dashboard-page-successfully-tablet-ipad-pro-retry1/test-failed-1.png
    ────────────────────────────────────────────────────────────────────────────────────────────────

    attachment #2: video (video/webm) ──────────────────────────────────────────────────────────────
    test-results/dashboard-Dashboard-Tests-should-load-dashboard-page-successfully-tablet-ipad-pro-retry1/video.webm
    ────────────────────────────────────────────────────────────────────────────────────────────────

    attachment #3: screenshot (image/png) ──────────────────────────────────────────────────────────
    test-results/dashboard-Dashboard-Tests-should-load-dashboard-page-successfully-tablet-ipad-pro-retry1/test-failed-2.png
    ────────────────────────────────────────────────────────────────────────────────────────────────

    attachment #4: trace (application/zip) ─────────────────────────────────────────────────────────
    test-results/dashboard-Dashboard-Tests-should-load-dashboard-page-successfully-tablet-ipad-pro-retry1/trace.zip
    Usage:

        npx playwright show-trace test-results/dashboard-Dashboard-Tests-should-load-dashboard-page-successfully-tablet-ipad-pro-retry1/trace.zip

    ────────────────────────────────────────────────────────────────────────────────────────────────

    Retry #2 ───────────────────────────────────────────────────────────────────────────────────────

    Test timeout of 30000ms exceeded while running "beforeEach" hook.

      2 |
      3 | test.describe('Dashboard Tests', () => {
    > 4 |   test.beforeEach(async ({ page }) => {
        |        ^
      5 |     // Set test mode header
      6 |     await page.setExtraHTTPHeaders({
      7 |       'x-test-mode': 'true'

        at /Users/thabonyembe/Documents/freeflow-app-9/tests/e2e/dashboard.spec.ts:4:8

    Error: expect(locator).toBeVisible()

    Locator: locator('[data-testid="dashboard-container"]')
    Expected: visible
    Received: hidden
    Call log:
      - expect.toBeVisible with timeout 5000ms
      - waiting for locator('[data-testid="dashboard-container"]')


      17 |
      18 |   test('should load dashboard page successfully', async ({ page }) => {
    > 19 |     await expect(page.locator('[data-testid="dashboard-container"]')).toBeVisible();
         |                                                                       ^
      20 |     await expect(page.locator('[data-testid="dashboard-title"]')).toHaveText('Dashboard');
      21 |   });
      22 |

        at /Users/thabonyembe/Documents/freeflow-app-9/tests/e2e/dashboard.spec.ts:19:71

    attachment #1: screenshot (image/png) ──────────────────────────────────────────────────────────
    test-results/dashboard-Dashboard-Tests-should-load-dashboard-page-successfully-tablet-ipad-pro-retry2/test-failed-1.png
    ────────────────────────────────────────────────────────────────────────────────────────────────

    attachment #2: video (video/webm) ──────────────────────────────────────────────────────────────
    test-results/dashboard-Dashboard-Tests-should-load-dashboard-page-successfully-tablet-ipad-pro-retry2/video.webm
    ────────────────────────────────────────────────────────────────────────────────────────────────

    attachment #3: screenshot (image/png) ──────────────────────────────────────────────────────────
    test-results/dashboard-Dashboard-Tests-should-load-dashboard-page-successfully-tablet-ipad-pro-retry2/test-failed-2.png
    ────────────────────────────────────────────────────────────────────────────────────────────────
]]>
</failure>
<system-out>
<![CDATA[Dashboard title not found, continuing...

[[ATTACHMENT|dashboard-Dashboard-Tests-should-load-dashboard-page-successfully-tablet-ipad-pro/test-failed-1.png]]

[[ATTACHMENT|dashboard-Dashboard-Tests-should-load-dashboard-page-successfully-tablet-ipad-pro/video.webm]]

[[ATTACHMENT|dashboard-Dashboard-Tests-should-load-dashboard-page-successfully-tablet-ipad-pro/test-failed-2.png]]
Dashboard title not found, continuing...

[[ATTACHMENT|dashboard-Dashboard-Tests-should-load-dashboard-page-successfully-tablet-ipad-pro-retry1/test-failed-1.png]]

[[ATTACHMENT|dashboard-Dashboard-Tests-should-load-dashboard-page-successfully-tablet-ipad-pro-retry1/video.webm]]

[[ATTACHMENT|dashboard-Dashboard-Tests-should-load-dashboard-page-successfully-tablet-ipad-pro-retry1/test-failed-2.png]]

[[ATTACHMENT|dashboard-Dashboard-Tests-should-load-dashboard-page-successfully-tablet-ipad-pro-retry1/trace.zip]]
Dashboard title not found, continuing...

[[ATTACHMENT|dashboard-Dashboard-Tests-should-load-dashboard-page-successfully-tablet-ipad-pro-retry2/test-failed-1.png]]

[[ATTACHMENT|dashboard-Dashboard-Tests-should-load-dashboard-page-successfully-tablet-ipad-pro-retry2/video.webm]]

[[ATTACHMENT|dashboard-Dashboard-Tests-should-load-dashboard-page-successfully-tablet-ipad-pro-retry2/test-failed-2.png]]
]]>
</system-out>
<system-err>
<![CDATA[Internal error: fixture integrity at context
Internal error: fixture integrity at context
]]>
</system-err>
</testcase>
<testcase name="Dashboard Tests › should display dashboard stats" classname="dashboard.spec.ts" time="90.002">
<failure message="dashboard.spec.ts:23:7 should display dashboard stats" type="FAILURE">
<![CDATA[  [tablet-ipad-pro] › dashboard.spec.ts:23:7 › Dashboard Tests › should display dashboard stats ────

    Test timeout of 30000ms exceeded while running "beforeEach" hook.

      2 |
      3 | test.describe('Dashboard Tests', () => {
    > 4 |   test.beforeEach(async ({ page }) => {
        |        ^
      5 |     // Set test mode header
      6 |     await page.setExtraHTTPHeaders({
      7 |       'x-test-mode': 'true'

        at /Users/thabonyembe/Documents/freeflow-app-9/tests/e2e/dashboard.spec.ts:4:8

    Error: expect(locator).toBeVisible()

    Locator: locator('[data-testid="stat-active-projects"]')
    Expected: visible
    Received: hidden
    Call log:
      - expect.toBeVisible with timeout 5000ms
      - waiting for locator('[data-testid="stat-active-projects"]')


      22 |
      23 |   test('should display dashboard stats', async ({ page }) => {
    > 24 |     await expect(page.locator('[data-testid="stat-active-projects"]')).toBeVisible();
         |                                                                        ^
      25 |     await expect(page.locator('[data-testid="stat-total-revenue"]')).toBeVisible();
      26 |     await expect(page.locator('[data-testid="stat-team-members"]')).toBeVisible();
      27 |     await expect(page.locator('[data-testid="stat-completed-tasks"]')).toBeVisible();

        at /Users/thabonyembe/Documents/freeflow-app-9/tests/e2e/dashboard.spec.ts:24:72

    attachment #1: screenshot (image/png) ──────────────────────────────────────────────────────────
    test-results/dashboard-Dashboard-Tests-should-display-dashboard-stats-tablet-ipad-pro/test-failed-1.png
    ────────────────────────────────────────────────────────────────────────────────────────────────

    attachment #2: video (video/webm) ──────────────────────────────────────────────────────────────
    test-results/dashboard-Dashboard-Tests-should-display-dashboard-stats-tablet-ipad-pro/video.webm
    ────────────────────────────────────────────────────────────────────────────────────────────────

    attachment #3: screenshot (image/png) ──────────────────────────────────────────────────────────
    test-results/dashboard-Dashboard-Tests-should-display-dashboard-stats-tablet-ipad-pro/test-failed-2.png
    ────────────────────────────────────────────────────────────────────────────────────────────────

    Retry #1 ───────────────────────────────────────────────────────────────────────────────────────

    Test timeout of 30000ms exceeded while running "beforeEach" hook.

      2 |
      3 | test.describe('Dashboard Tests', () => {
    > 4 |   test.beforeEach(async ({ page }) => {
        |        ^
      5 |     // Set test mode header
      6 |     await page.setExtraHTTPHeaders({
      7 |       'x-test-mode': 'true'

        at /Users/thabonyembe/Documents/freeflow-app-9/tests/e2e/dashboard.spec.ts:4:8

    Error: expect(locator).toBeVisible()

    Locator: locator('[data-testid="stat-active-projects"]')
    Expected: visible
    Received: hidden
    Call log:
      - expect.toBeVisible with timeout 5000ms
      - waiting for locator('[data-testid="stat-active-projects"]')


      22 |
      23 |   test('should display dashboard stats', async ({ page }) => {
    > 24 |     await expect(page.locator('[data-testid="stat-active-projects"]')).toBeVisible();
         |                                                                        ^
      25 |     await expect(page.locator('[data-testid="stat-total-revenue"]')).toBeVisible();
      26 |     await expect(page.locator('[data-testid="stat-team-members"]')).toBeVisible();
      27 |     await expect(page.locator('[data-testid="stat-completed-tasks"]')).toBeVisible();

        at /Users/thabonyembe/Documents/freeflow-app-9/tests/e2e/dashboard.spec.ts:24:72

    attachment #1: screenshot (image/png) ──────────────────────────────────────────────────────────
    test-results/dashboard-Dashboard-Tests-should-display-dashboard-stats-tablet-ipad-pro-retry1/test-failed-1.png
    ────────────────────────────────────────────────────────────────────────────────────────────────

    attachment #2: video (video/webm) ──────────────────────────────────────────────────────────────
    test-results/dashboard-Dashboard-Tests-should-display-dashboard-stats-tablet-ipad-pro-retry1/video.webm
    ────────────────────────────────────────────────────────────────────────────────────────────────

    attachment #3: screenshot (image/png) ──────────────────────────────────────────────────────────
    test-results/dashboard-Dashboard-Tests-should-display-dashboard-stats-tablet-ipad-pro-retry1/test-failed-2.png
    ────────────────────────────────────────────────────────────────────────────────────────────────

    attachment #4: trace (application/zip) ─────────────────────────────────────────────────────────
    test-results/dashboard-Dashboard-Tests-should-display-dashboard-stats-tablet-ipad-pro-retry1/trace.zip
    Usage:

        npx playwright show-trace test-results/dashboard-Dashboard-Tests-should-display-dashboard-stats-tablet-ipad-pro-retry1/trace.zip

    ────────────────────────────────────────────────────────────────────────────────────────────────

    Retry #2 ───────────────────────────────────────────────────────────────────────────────────────

    Test timeout of 30000ms exceeded while running "beforeEach" hook.

      2 |
      3 | test.describe('Dashboard Tests', () => {
    > 4 |   test.beforeEach(async ({ page }) => {
        |        ^
      5 |     // Set test mode header
      6 |     await page.setExtraHTTPHeaders({
      7 |       'x-test-mode': 'true'

        at /Users/thabonyembe/Documents/freeflow-app-9/tests/e2e/dashboard.spec.ts:4:8

    Error: expect(locator).toBeVisible()

    Locator: locator('[data-testid="stat-active-projects"]')
    Expected: visible
    Received: hidden
    Call log:
      - expect.toBeVisible with timeout 5000ms
      - waiting for locator('[data-testid="stat-active-projects"]')


      22 |
      23 |   test('should display dashboard stats', async ({ page }) => {
    > 24 |     await expect(page.locator('[data-testid="stat-active-projects"]')).toBeVisible();
         |                                                                        ^
      25 |     await expect(page.locator('[data-testid="stat-total-revenue"]')).toBeVisible();
      26 |     await expect(page.locator('[data-testid="stat-team-members"]')).toBeVisible();
      27 |     await expect(page.locator('[data-testid="stat-completed-tasks"]')).toBeVisible();

        at /Users/thabonyembe/Documents/freeflow-app-9/tests/e2e/dashboard.spec.ts:24:72

    attachment #1: screenshot (image/png) ──────────────────────────────────────────────────────────
    test-results/dashboard-Dashboard-Tests-should-display-dashboard-stats-tablet-ipad-pro-retry2/test-failed-1.png
    ────────────────────────────────────────────────────────────────────────────────────────────────

    attachment #2: video (video/webm) ──────────────────────────────────────────────────────────────
    test-results/dashboard-Dashboard-Tests-should-display-dashboard-stats-tablet-ipad-pro-retry2/video.webm
    ────────────────────────────────────────────────────────────────────────────────────────────────

    attachment #3: screenshot (image/png) ──────────────────────────────────────────────────────────
    test-results/dashboard-Dashboard-Tests-should-display-dashboard-stats-tablet-ipad-pro-retry2/test-failed-2.png
    ────────────────────────────────────────────────────────────────────────────────────────────────
]]>
</failure>
<system-out>
<![CDATA[Dashboard title not found, continuing...

[[ATTACHMENT|dashboard-Dashboard-Tests-should-display-dashboard-stats-tablet-ipad-pro/test-failed-1.png]]

[[ATTACHMENT|dashboard-Dashboard-Tests-should-display-dashboard-stats-tablet-ipad-pro/video.webm]]

[[ATTACHMENT|dashboard-Dashboard-Tests-should-display-dashboard-stats-tablet-ipad-pro/test-failed-2.png]]
Dashboard title not found, continuing...

[[ATTACHMENT|dashboard-Dashboard-Tests-should-display-dashboard-stats-tablet-ipad-pro-retry1/test-failed-1.png]]

[[ATTACHMENT|dashboard-Dashboard-Tests-should-display-dashboard-stats-tablet-ipad-pro-retry1/video.webm]]

[[ATTACHMENT|dashboard-Dashboard-Tests-should-display-dashboard-stats-tablet-ipad-pro-retry1/test-failed-2.png]]

[[ATTACHMENT|dashboard-Dashboard-Tests-should-display-dashboard-stats-tablet-ipad-pro-retry1/trace.zip]]
Dashboard title not found, continuing...

[[ATTACHMENT|dashboard-Dashboard-Tests-should-display-dashboard-stats-tablet-ipad-pro-retry2/test-failed-1.png]]

[[ATTACHMENT|dashboard-Dashboard-Tests-should-display-dashboard-stats-tablet-ipad-pro-retry2/video.webm]]

[[ATTACHMENT|dashboard-Dashboard-Tests-should-display-dashboard-stats-tablet-ipad-pro-retry2/test-failed-2.png]]
]]>
</system-out>
<system-err>
<![CDATA[Internal error: fixture integrity at context
]]>
</system-err>
</testcase>
<testcase name="Dashboard Tests › should have working navigation tabs" classname="dashboard.spec.ts" time="90.001">
<failure message="dashboard.spec.ts:30:7 should have working navigation tabs" type="FAILURE">
<![CDATA[  [tablet-ipad-pro] › dashboard.spec.ts:30:7 › Dashboard Tests › should have working navigation tabs 

    Test timeout of 30000ms exceeded while running "beforeEach" hook.

      2 |
      3 | test.describe('Dashboard Tests', () => {
    > 4 |   test.beforeEach(async ({ page }) => {
        |        ^
      5 |     // Set test mode header
      6 |     await page.setExtraHTTPHeaders({
      7 |       'x-test-mode': 'true'

        at /Users/thabonyembe/Documents/freeflow-app-9/tests/e2e/dashboard.spec.ts:4:8

    Error: expect(locator).toBeVisible()

    Locator: locator('[data-testid="dashboard-tabs"]')
    Expected: visible
    Received: hidden
    Call log:
      - expect.toBeVisible with timeout 5000ms
      - waiting for locator('[data-testid="dashboard-tabs"]')


      30 |   test('should have working navigation tabs', async ({ page }) => {
      31 |     const tabs = page.locator('[data-testid="dashboard-tabs"]');
    > 32 |     await expect(tabs).toBeVisible();
         |                        ^
      33 |     
      34 |     // Test Projects tab
      35 |     await page.click('[data-testid="projects-tab"]');

        at /Users/thabonyembe/Documents/freeflow-app-9/tests/e2e/dashboard.spec.ts:32:24

    attachment #1: screenshot (image/png) ──────────────────────────────────────────────────────────
    test-results/dashboard-Dashboard-Tests-should-have-working-navigation-tabs-tablet-ipad-pro/test-failed-1.png
    ────────────────────────────────────────────────────────────────────────────────────────────────

    attachment #2: video (video/webm) ──────────────────────────────────────────────────────────────
    test-results/dashboard-Dashboard-Tests-should-have-working-navigation-tabs-tablet-ipad-pro/video.webm
    ────────────────────────────────────────────────────────────────────────────────────────────────

    attachment #3: screenshot (image/png) ──────────────────────────────────────────────────────────
    test-results/dashboard-Dashboard-Tests-should-have-working-navigation-tabs-tablet-ipad-pro/test-failed-2.png
    ────────────────────────────────────────────────────────────────────────────────────────────────

    Retry #1 ───────────────────────────────────────────────────────────────────────────────────────

    Test timeout of 30000ms exceeded while running "beforeEach" hook.

      2 |
      3 | test.describe('Dashboard Tests', () => {
    > 4 |   test.beforeEach(async ({ page }) => {
        |        ^
      5 |     // Set test mode header
      6 |     await page.setExtraHTTPHeaders({
      7 |       'x-test-mode': 'true'

        at /Users/thabonyembe/Documents/freeflow-app-9/tests/e2e/dashboard.spec.ts:4:8

    Error: expect(locator).toBeVisible()

    Locator: locator('[data-testid="dashboard-tabs"]')
    Expected: visible
    Received: hidden
    Call log:
      - expect.toBeVisible with timeout 5000ms
      - waiting for locator('[data-testid="dashboard-tabs"]')


      30 |   test('should have working navigation tabs', async ({ page }) => {
      31 |     const tabs = page.locator('[data-testid="dashboard-tabs"]');
    > 32 |     await expect(tabs).toBeVisible();
         |                        ^
      33 |     
      34 |     // Test Projects tab
      35 |     await page.click('[data-testid="projects-tab"]');

        at /Users/thabonyembe/Documents/freeflow-app-9/tests/e2e/dashboard.spec.ts:32:24

    attachment #1: screenshot (image/png) ──────────────────────────────────────────────────────────
    test-results/dashboard-Dashboard-Tests-should-have-working-navigation-tabs-tablet-ipad-pro-retry1/test-failed-1.png
    ────────────────────────────────────────────────────────────────────────────────────────────────

    attachment #2: video (video/webm) ──────────────────────────────────────────────────────────────
    test-results/dashboard-Dashboard-Tests-should-have-working-navigation-tabs-tablet-ipad-pro-retry1/video.webm
    ────────────────────────────────────────────────────────────────────────────────────────────────

    attachment #3: screenshot (image/png) ──────────────────────────────────────────────────────────
    test-results/dashboard-Dashboard-Tests-should-have-working-navigation-tabs-tablet-ipad-pro-retry1/test-failed-2.png
    ────────────────────────────────────────────────────────────────────────────────────────────────

    attachment #4: trace (application/zip) ─────────────────────────────────────────────────────────
    test-results/dashboard-Dashboard-Tests-should-have-working-navigation-tabs-tablet-ipad-pro-retry1/trace.zip
    Usage:

        npx playwright show-trace test-results/dashboard-Dashboard-Tests-should-have-working-navigation-tabs-tablet-ipad-pro-retry1/trace.zip

    ────────────────────────────────────────────────────────────────────────────────────────────────

    Retry #2 ───────────────────────────────────────────────────────────────────────────────────────

    Test timeout of 30000ms exceeded while running "beforeEach" hook.

      2 |
      3 | test.describe('Dashboard Tests', () => {
    > 4 |   test.beforeEach(async ({ page }) => {
        |        ^
      5 |     // Set test mode header
      6 |     await page.setExtraHTTPHeaders({
      7 |       'x-test-mode': 'true'

        at /Users/thabonyembe/Documents/freeflow-app-9/tests/e2e/dashboard.spec.ts:4:8

    Error: expect(locator).toBeVisible()

    Locator: locator('[data-testid="dashboard-tabs"]')
    Expected: visible
    Received: hidden
    Call log:
      - expect.toBeVisible with timeout 5000ms
      - waiting for locator('[data-testid="dashboard-tabs"]')


      30 |   test('should have working navigation tabs', async ({ page }) => {
      31 |     const tabs = page.locator('[data-testid="dashboard-tabs"]');
    > 32 |     await expect(tabs).toBeVisible();
         |                        ^
      33 |     
      34 |     // Test Projects tab
      35 |     await page.click('[data-testid="projects-tab"]');

        at /Users/thabonyembe/Documents/freeflow-app-9/tests/e2e/dashboard.spec.ts:32:24

    attachment #1: screenshot (image/png) ──────────────────────────────────────────────────────────
    test-results/dashboard-Dashboard-Tests-should-have-working-navigation-tabs-tablet-ipad-pro-retry2/test-failed-1.png
    ────────────────────────────────────────────────────────────────────────────────────────────────

    attachment #2: video (video/webm) ──────────────────────────────────────────────────────────────
    test-results/dashboard-Dashboard-Tests-should-have-working-navigation-tabs-tablet-ipad-pro-retry2/video.webm
    ────────────────────────────────────────────────────────────────────────────────────────────────

    attachment #3: screenshot (image/png) ──────────────────────────────────────────────────────────
    test-results/dashboard-Dashboard-Tests-should-have-working-navigation-tabs-tablet-ipad-pro-retry2/test-failed-2.png
    ────────────────────────────────────────────────────────────────────────────────────────────────
]]>
</failure>
<system-out>
<![CDATA[Dashboard title not found, continuing...

[[ATTACHMENT|dashboard-Dashboard-Tests-should-have-working-navigation-tabs-tablet-ipad-pro/test-failed-1.png]]

[[ATTACHMENT|dashboard-Dashboard-Tests-should-have-working-navigation-tabs-tablet-ipad-pro/video.webm]]

[[ATTACHMENT|dashboard-Dashboard-Tests-should-have-working-navigation-tabs-tablet-ipad-pro/test-failed-2.png]]
Dashboard title not found, continuing...

[[ATTACHMENT|dashboard-Dashboard-Tests-should-have-working-navigation-tabs-tablet-ipad-pro-retry1/test-failed-1.png]]

[[ATTACHMENT|dashboard-Dashboard-Tests-should-have-working-navigation-tabs-tablet-ipad-pro-retry1/video.webm]]

[[ATTACHMENT|dashboard-Dashboard-Tests-should-have-working-navigation-tabs-tablet-ipad-pro-retry1/test-failed-2.png]]

[[ATTACHMENT|dashboard-Dashboard-Tests-should-have-working-navigation-tabs-tablet-ipad-pro-retry1/trace.zip]]
Dashboard title not found, continuing...

[[ATTACHMENT|dashboard-Dashboard-Tests-should-have-working-navigation-tabs-tablet-ipad-pro-retry2/test-failed-1.png]]

[[ATTACHMENT|dashboard-Dashboard-Tests-should-have-working-navigation-tabs-tablet-ipad-pro-retry2/video.webm]]

[[ATTACHMENT|dashboard-Dashboard-Tests-should-have-working-navigation-tabs-tablet-ipad-pro-retry2/test-failed-2.png]]
]]>
</system-out>
</testcase>
<testcase name="Dashboard Tests › should display projects in Projects Hub" classname="dashboard.spec.ts" time="90.003">
<failure message="dashboard.spec.ts:51:7 should display projects in Projects Hub" type="FAILURE">
<![CDATA[  [tablet-ipad-pro] › dashboard.spec.ts:51:7 › Dashboard Tests › should display projects in Projects Hub 

    Test timeout of 30000ms exceeded while running "beforeEach" hook.

      2 |
      3 | test.describe('Dashboard Tests', () => {
    > 4 |   test.beforeEach(async ({ page }) => {
        |        ^
      5 |     // Set test mode header
      6 |     await page.setExtraHTTPHeaders({
      7 |       'x-test-mode': 'true'

        at /Users/thabonyembe/Documents/freeflow-app-9/tests/e2e/dashboard.spec.ts:4:8

    Error: page.click: Test ended.
    Call log:
      - waiting for locator('[data-testid="projects-tab"]')


      50 |
      51 |   test('should display projects in Projects Hub', async ({ page }) => {
    > 52 |     await page.click('[data-testid="projects-tab"]');
         |                ^
      53 |     await expect(page.locator('[data-testid="projects-hub"]')).toBeVisible();
      54 |     
      55 |     // Check for project items

        at /Users/thabonyembe/Documents/freeflow-app-9/tests/e2e/dashboard.spec.ts:52:16

    attachment #1: screenshot (image/png) ──────────────────────────────────────────────────────────
    test-results/dashboard-Dashboard-Tests-should-display-projects-in-Projects-Hub-tablet-ipad-pro/test-failed-1.png
    ────────────────────────────────────────────────────────────────────────────────────────────────

    attachment #2: video (video/webm) ──────────────────────────────────────────────────────────────
    test-results/dashboard-Dashboard-Tests-should-display-projects-in-Projects-Hub-tablet-ipad-pro/video.webm
    ────────────────────────────────────────────────────────────────────────────────────────────────

    attachment #3: screenshot (image/png) ──────────────────────────────────────────────────────────
    test-results/dashboard-Dashboard-Tests-should-display-projects-in-Projects-Hub-tablet-ipad-pro/test-failed-2.png
    ────────────────────────────────────────────────────────────────────────────────────────────────

    Retry #1 ───────────────────────────────────────────────────────────────────────────────────────

    Test timeout of 30000ms exceeded while running "beforeEach" hook.

      2 |
      3 | test.describe('Dashboard Tests', () => {
    > 4 |   test.beforeEach(async ({ page }) => {
        |        ^
      5 |     // Set test mode header
      6 |     await page.setExtraHTTPHeaders({
      7 |       'x-test-mode': 'true'

        at /Users/thabonyembe/Documents/freeflow-app-9/tests/e2e/dashboard.spec.ts:4:8

    Error: page.click: Test ended.
    Call log:
      - waiting for locator('[data-testid="projects-tab"]')


      50 |
      51 |   test('should display projects in Projects Hub', async ({ page }) => {
    > 52 |     await page.click('[data-testid="projects-tab"]');
         |                ^
      53 |     await expect(page.locator('[data-testid="projects-hub"]')).toBeVisible();
      54 |     
      55 |     // Check for project items

        at /Users/thabonyembe/Documents/freeflow-app-9/tests/e2e/dashboard.spec.ts:52:16

    attachment #1: screenshot (image/png) ──────────────────────────────────────────────────────────
    test-results/dashboard-Dashboard-Tests-should-display-projects-in-Projects-Hub-tablet-ipad-pro-retry1/test-failed-1.png
    ────────────────────────────────────────────────────────────────────────────────────────────────

    attachment #2: video (video/webm) ──────────────────────────────────────────────────────────────
    test-results/dashboard-Dashboard-Tests-should-display-projects-in-Projects-Hub-tablet-ipad-pro-retry1/video.webm
    ────────────────────────────────────────────────────────────────────────────────────────────────

    attachment #3: screenshot (image/png) ──────────────────────────────────────────────────────────
    test-results/dashboard-Dashboard-Tests-should-display-projects-in-Projects-Hub-tablet-ipad-pro-retry1/test-failed-2.png
    ────────────────────────────────────────────────────────────────────────────────────────────────

    attachment #4: trace (application/zip) ─────────────────────────────────────────────────────────
    test-results/dashboard-Dashboard-Tests-should-display-projects-in-Projects-Hub-tablet-ipad-pro-retry1/trace.zip
    Usage:

        npx playwright show-trace test-results/dashboard-Dashboard-Tests-should-display-projects-in-Projects-Hub-tablet-ipad-pro-retry1/trace.zip

    ────────────────────────────────────────────────────────────────────────────────────────────────

    Retry #2 ───────────────────────────────────────────────────────────────────────────────────────

    Test timeout of 30000ms exceeded while running "beforeEach" hook.

      2 |
      3 | test.describe('Dashboard Tests', () => {
    > 4 |   test.beforeEach(async ({ page }) => {
        |        ^
      5 |     // Set test mode header
      6 |     await page.setExtraHTTPHeaders({
      7 |       'x-test-mode': 'true'

        at /Users/thabonyembe/Documents/freeflow-app-9/tests/e2e/dashboard.spec.ts:4:8

    Error: page.click: Test ended.
    Call log:
      - waiting for locator('[data-testid="projects-tab"]')


      50 |
      51 |   test('should display projects in Projects Hub', async ({ page }) => {
    > 52 |     await page.click('[data-testid="projects-tab"]');
         |                ^
      53 |     await expect(page.locator('[data-testid="projects-hub"]')).toBeVisible();
      54 |     
      55 |     // Check for project items

        at /Users/thabonyembe/Documents/freeflow-app-9/tests/e2e/dashboard.spec.ts:52:16

    attachment #1: screenshot (image/png) ──────────────────────────────────────────────────────────
    test-results/dashboard-Dashboard-Tests-should-display-projects-in-Projects-Hub-tablet-ipad-pro-retry2/test-failed-1.png
    ────────────────────────────────────────────────────────────────────────────────────────────────

    attachment #2: video (video/webm) ──────────────────────────────────────────────────────────────
    test-results/dashboard-Dashboard-Tests-should-display-projects-in-Projects-Hub-tablet-ipad-pro-retry2/video.webm
    ────────────────────────────────────────────────────────────────────────────────────────────────

    attachment #3: screenshot (image/png) ──────────────────────────────────────────────────────────
    test-results/dashboard-Dashboard-Tests-should-display-projects-in-Projects-Hub-tablet-ipad-pro-retry2/test-failed-2.png
    ────────────────────────────────────────────────────────────────────────────────────────────────
]]>
</failure>
<system-out>
<![CDATA[Dashboard title not found, continuing...

[[ATTACHMENT|dashboard-Dashboard-Tests-should-display-projects-in-Projects-Hub-tablet-ipad-pro/test-failed-1.png]]

[[ATTACHMENT|dashboard-Dashboard-Tests-should-display-projects-in-Projects-Hub-tablet-ipad-pro/video.webm]]

[[ATTACHMENT|dashboard-Dashboard-Tests-should-display-projects-in-Projects-Hub-tablet-ipad-pro/test-failed-2.png]]
Dashboard title not found, continuing...

[[ATTACHMENT|dashboard-Dashboard-Tests-should-display-projects-in-Projects-Hub-tablet-ipad-pro-retry1/test-failed-1.png]]

[[ATTACHMENT|dashboard-Dashboard-Tests-should-display-projects-in-Projects-Hub-tablet-ipad-pro-retry1/video.webm]]

[[ATTACHMENT|dashboard-Dashboard-Tests-should-display-projects-in-Projects-Hub-tablet-ipad-pro-retry1/test-failed-2.png]]

[[ATTACHMENT|dashboard-Dashboard-Tests-should-display-projects-in-Projects-Hub-tablet-ipad-pro-retry1/trace.zip]]
Dashboard title not found, continuing...

[[ATTACHMENT|dashboard-Dashboard-Tests-should-display-projects-in-Projects-Hub-tablet-ipad-pro-retry2/test-failed-1.png]]

[[ATTACHMENT|dashboard-Dashboard-Tests-should-display-projects-in-Projects-Hub-tablet-ipad-pro-retry2/video.webm]]

[[ATTACHMENT|dashboard-Dashboard-Tests-should-display-projects-in-Projects-Hub-tablet-ipad-pro-retry2/test-failed-2.png]]
]]>
</system-out>
<system-err>
<![CDATA[Internal error: fixture integrity at context
Internal error: fixture integrity at context
Internal error: fixture integrity at context
]]>
</system-err>
</testcase>
<testcase name="Dashboard Tests › should display team members with avatars" classname="dashboard.spec.ts" time="90">
<failure message="dashboard.spec.ts:61:7 should display team members with avatars" type="FAILURE">
<![CDATA[  [tablet-ipad-pro] › dashboard.spec.ts:61:7 › Dashboard Tests › should display team members with avatars 

    Test timeout of 30000ms exceeded while running "beforeEach" hook.

      2 |
      3 | test.describe('Dashboard Tests', () => {
    > 4 |   test.beforeEach(async ({ page }) => {
        |        ^
      5 |     // Set test mode header
      6 |     await page.setExtraHTTPHeaders({
      7 |       'x-test-mode': 'true'

        at /Users/thabonyembe/Documents/freeflow-app-9/tests/e2e/dashboard.spec.ts:4:8

    Error: page.click: Test ended.
    Call log:
      - waiting for locator('[data-testid="team-tab"]')


      60 |
      61 |   test('should display team members with avatars', async ({ page }) => {
    > 62 |     await page.click('[data-testid="team-tab"]');
         |                ^
      63 |     await expect(page.locator('[data-testid="team-hub"]')).toBeVisible();
      64 |     
      65 |     // Check team members

        at /Users/thabonyembe/Documents/freeflow-app-9/tests/e2e/dashboard.spec.ts:62:16

    attachment #1: screenshot (image/png) ──────────────────────────────────────────────────────────
    test-results/dashboard-Dashboard-Tests-should-display-team-members-with-avatars-tablet-ipad-pro/test-failed-1.png
    ────────────────────────────────────────────────────────────────────────────────────────────────

    attachment #2: video (video/webm) ──────────────────────────────────────────────────────────────
    test-results/dashboard-Dashboard-Tests-should-display-team-members-with-avatars-tablet-ipad-pro/video.webm
    ────────────────────────────────────────────────────────────────────────────────────────────────

    attachment #3: screenshot (image/png) ──────────────────────────────────────────────────────────
    test-results/dashboard-Dashboard-Tests-should-display-team-members-with-avatars-tablet-ipad-pro/test-failed-2.png
    ────────────────────────────────────────────────────────────────────────────────────────────────

    Retry #1 ───────────────────────────────────────────────────────────────────────────────────────

    Test timeout of 30000ms exceeded while running "beforeEach" hook.

      2 |
      3 | test.describe('Dashboard Tests', () => {
    > 4 |   test.beforeEach(async ({ page }) => {
        |        ^
      5 |     // Set test mode header
      6 |     await page.setExtraHTTPHeaders({
      7 |       'x-test-mode': 'true'

        at /Users/thabonyembe/Documents/freeflow-app-9/tests/e2e/dashboard.spec.ts:4:8

    Error: page.click: Test ended.
    Call log:
      - waiting for locator('[data-testid="team-tab"]')


      60 |
      61 |   test('should display team members with avatars', async ({ page }) => {
    > 62 |     await page.click('[data-testid="team-tab"]');
         |                ^
      63 |     await expect(page.locator('[data-testid="team-hub"]')).toBeVisible();
      64 |     
      65 |     // Check team members

        at /Users/thabonyembe/Documents/freeflow-app-9/tests/e2e/dashboard.spec.ts:62:16

    attachment #1: screenshot (image/png) ──────────────────────────────────────────────────────────
    test-results/dashboard-Dashboard-Tests-should-display-team-members-with-avatars-tablet-ipad-pro-retry1/test-failed-1.png
    ────────────────────────────────────────────────────────────────────────────────────────────────

    attachment #2: video (video/webm) ──────────────────────────────────────────────────────────────
    test-results/dashboard-Dashboard-Tests-should-display-team-members-with-avatars-tablet-ipad-pro-retry1/video.webm
    ────────────────────────────────────────────────────────────────────────────────────────────────

    attachment #3: screenshot (image/png) ──────────────────────────────────────────────────────────
    test-results/dashboard-Dashboard-Tests-should-display-team-members-with-avatars-tablet-ipad-pro-retry1/test-failed-2.png
    ────────────────────────────────────────────────────────────────────────────────────────────────

    attachment #4: trace (application/zip) ─────────────────────────────────────────────────────────
    test-results/dashboard-Dashboard-Tests-should-display-team-members-with-avatars-tablet-ipad-pro-retry1/trace.zip
    Usage:

        npx playwright show-trace test-results/dashboard-Dashboard-Tests-should-display-team-members-with-avatars-tablet-ipad-pro-retry1/trace.zip

    ────────────────────────────────────────────────────────────────────────────────────────────────

    Retry #2 ───────────────────────────────────────────────────────────────────────────────────────

    Test timeout of 30000ms exceeded while running "beforeEach" hook.

      2 |
      3 | test.describe('Dashboard Tests', () => {
    > 4 |   test.beforeEach(async ({ page }) => {
        |        ^
      5 |     // Set test mode header
      6 |     await page.setExtraHTTPHeaders({
      7 |       'x-test-mode': 'true'

        at /Users/thabonyembe/Documents/freeflow-app-9/tests/e2e/dashboard.spec.ts:4:8

    Error: page.click: Test ended.
    Call log:
      - waiting for locator('[data-testid="team-tab"]')


      60 |
      61 |   test('should display team members with avatars', async ({ page }) => {
    > 62 |     await page.click('[data-testid="team-tab"]');
         |                ^
      63 |     await expect(page.locator('[data-testid="team-hub"]')).toBeVisible();
      64 |     
      65 |     // Check team members

        at /Users/thabonyembe/Documents/freeflow-app-9/tests/e2e/dashboard.spec.ts:62:16

    attachment #1: screenshot (image/png) ──────────────────────────────────────────────────────────
    test-results/dashboard-Dashboard-Tests-should-display-team-members-with-avatars-tablet-ipad-pro-retry2/test-failed-1.png
    ────────────────────────────────────────────────────────────────────────────────────────────────

    attachment #2: video (video/webm) ──────────────────────────────────────────────────────────────
    test-results/dashboard-Dashboard-Tests-should-display-team-members-with-avatars-tablet-ipad-pro-retry2/video.webm
    ────────────────────────────────────────────────────────────────────────────────────────────────

    attachment #3: screenshot (image/png) ──────────────────────────────────────────────────────────
    test-results/dashboard-Dashboard-Tests-should-display-team-members-with-avatars-tablet-ipad-pro-retry2/test-failed-2.png
    ────────────────────────────────────────────────────────────────────────────────────────────────
]]>
</failure>
<system-out>
<![CDATA[Dashboard title not found, continuing...

[[ATTACHMENT|dashboard-Dashboard-Tests-should-display-team-members-with-avatars-tablet-ipad-pro/test-failed-1.png]]

[[ATTACHMENT|dashboard-Dashboard-Tests-should-display-team-members-with-avatars-tablet-ipad-pro/video.webm]]

[[ATTACHMENT|dashboard-Dashboard-Tests-should-display-team-members-with-avatars-tablet-ipad-pro/test-failed-2.png]]
Dashboard title not found, continuing...

[[ATTACHMENT|dashboard-Dashboard-Tests-should-display-team-members-with-avatars-tablet-ipad-pro-retry1/test-failed-1.png]]

[[ATTACHMENT|dashboard-Dashboard-Tests-should-display-team-members-with-avatars-tablet-ipad-pro-retry1/video.webm]]

[[ATTACHMENT|dashboard-Dashboard-Tests-should-display-team-members-with-avatars-tablet-ipad-pro-retry1/test-failed-2.png]]

[[ATTACHMENT|dashboard-Dashboard-Tests-should-display-team-members-with-avatars-tablet-ipad-pro-retry1/trace.zip]]
Dashboard title not found, continuing...

[[ATTACHMENT|dashboard-Dashboard-Tests-should-display-team-members-with-avatars-tablet-ipad-pro-retry2/test-failed-1.png]]

[[ATTACHMENT|dashboard-Dashboard-Tests-should-display-team-members-with-avatars-tablet-ipad-pro-retry2/video.webm]]

[[ATTACHMENT|dashboard-Dashboard-Tests-should-display-team-members-with-avatars-tablet-ipad-pro-retry2/test-failed-2.png]]
]]>
</system-out>
<system-err>
<![CDATA[Internal error: fixture integrity at context
Internal error: fixture integrity at context
]]>
</system-err>
</testcase>
<testcase name="Dashboard Tests › should handle new project button click" classname="dashboard.spec.ts" time="90">
<failure message="dashboard.spec.ts:73:7 should handle new project button click" type="FAILURE">
<![CDATA[  [tablet-ipad-pro] › dashboard.spec.ts:73:7 › Dashboard Tests › should handle new project button click 

    Test timeout of 30000ms exceeded while running "beforeEach" hook.

      2 |
      3 | test.describe('Dashboard Tests', () => {
    > 4 |   test.beforeEach(async ({ page }) => {
        |        ^
      5 |     // Set test mode header
      6 |     await page.setExtraHTTPHeaders({
      7 |       'x-test-mode': 'true'

        at /Users/thabonyembe/Documents/freeflow-app-9/tests/e2e/dashboard.spec.ts:4:8

    Error: expect(locator).toBeVisible()

    Locator: locator('[data-testid="new-project-button"]')
    Expected: visible
    Received: hidden
    Call log:
      - expect.toBeVisible with timeout 5000ms
      - waiting for locator('[data-testid="new-project-button"]')


      73 |   test('should handle new project button click', async ({ page }) => {
      74 |     const newProjectButton = page.locator('[data-testid="new-project-button"]');
    > 75 |     await expect(newProjectButton).toBeVisible();
         |                                    ^
      76 |     await expect(newProjectButton).toBeEnabled();
      77 |     
      78 |     // Click should be possible (actual navigation tested separately)

        at /Users/thabonyembe/Documents/freeflow-app-9/tests/e2e/dashboard.spec.ts:75:36

    attachment #1: screenshot (image/png) ──────────────────────────────────────────────────────────
    test-results/dashboard-Dashboard-Tests-should-handle-new-project-button-click-tablet-ipad-pro/test-failed-1.png
    ────────────────────────────────────────────────────────────────────────────────────────────────

    attachment #2: video (video/webm) ──────────────────────────────────────────────────────────────
    test-results/dashboard-Dashboard-Tests-should-handle-new-project-button-click-tablet-ipad-pro/video.webm
    ────────────────────────────────────────────────────────────────────────────────────────────────

    attachment #3: screenshot (image/png) ──────────────────────────────────────────────────────────
    test-results/dashboard-Dashboard-Tests-should-handle-new-project-button-click-tablet-ipad-pro/test-failed-2.png
    ────────────────────────────────────────────────────────────────────────────────────────────────

    Retry #1 ───────────────────────────────────────────────────────────────────────────────────────

    Test timeout of 30000ms exceeded while running "beforeEach" hook.

      2 |
      3 | test.describe('Dashboard Tests', () => {
    > 4 |   test.beforeEach(async ({ page }) => {
        |        ^
      5 |     // Set test mode header
      6 |     await page.setExtraHTTPHeaders({
      7 |       'x-test-mode': 'true'

        at /Users/thabonyembe/Documents/freeflow-app-9/tests/e2e/dashboard.spec.ts:4:8

    Error: expect(locator).toBeVisible()

    Locator: locator('[data-testid="new-project-button"]')
    Expected: visible
    Received: hidden
    Call log:
      - expect.toBeVisible with timeout 5000ms
      - waiting for locator('[data-testid="new-project-button"]')


      73 |   test('should handle new project button click', async ({ page }) => {
      74 |     const newProjectButton = page.locator('[data-testid="new-project-button"]');
    > 75 |     await expect(newProjectButton).toBeVisible();
         |                                    ^
      76 |     await expect(newProjectButton).toBeEnabled();
      77 |     
      78 |     // Click should be possible (actual navigation tested separately)

        at /Users/thabonyembe/Documents/freeflow-app-9/tests/e2e/dashboard.spec.ts:75:36

    attachment #1: screenshot (image/png) ──────────────────────────────────────────────────────────
    test-results/dashboard-Dashboard-Tests-should-handle-new-project-button-click-tablet-ipad-pro-retry1/test-failed-1.png
    ────────────────────────────────────────────────────────────────────────────────────────────────

    attachment #2: video (video/webm) ──────────────────────────────────────────────────────────────
    test-results/dashboard-Dashboard-Tests-should-handle-new-project-button-click-tablet-ipad-pro-retry1/video.webm
    ────────────────────────────────────────────────────────────────────────────────────────────────

    attachment #3: screenshot (image/png) ──────────────────────────────────────────────────────────
    test-results/dashboard-Dashboard-Tests-should-handle-new-project-button-click-tablet-ipad-pro-retry1/test-failed-2.png
    ────────────────────────────────────────────────────────────────────────────────────────────────

    attachment #4: trace (application/zip) ─────────────────────────────────────────────────────────
    test-results/dashboard-Dashboard-Tests-should-handle-new-project-button-click-tablet-ipad-pro-retry1/trace.zip
    Usage:

        npx playwright show-trace test-results/dashboard-Dashboard-Tests-should-handle-new-project-button-click-tablet-ipad-pro-retry1/trace.zip

    ────────────────────────────────────────────────────────────────────────────────────────────────

    Retry #2 ───────────────────────────────────────────────────────────────────────────────────────

    Test timeout of 30000ms exceeded while running "beforeEach" hook.

      2 |
      3 | test.describe('Dashboard Tests', () => {
    > 4 |   test.beforeEach(async ({ page }) => {
        |        ^
      5 |     // Set test mode header
      6 |     await page.setExtraHTTPHeaders({
      7 |       'x-test-mode': 'true'

        at /Users/thabonyembe/Documents/freeflow-app-9/tests/e2e/dashboard.spec.ts:4:8

    Error: expect(locator).toBeVisible()

    Locator: locator('[data-testid="new-project-button"]')
    Expected: visible
    Received: hidden
    Call log:
      - expect.toBeVisible with timeout 5000ms
      - waiting for locator('[data-testid="new-project-button"]')


      73 |   test('should handle new project button click', async ({ page }) => {
      74 |     const newProjectButton = page.locator('[data-testid="new-project-button"]');
    > 75 |     await expect(newProjectButton).toBeVisible();
         |                                    ^
      76 |     await expect(newProjectButton).toBeEnabled();
      77 |     
      78 |     // Click should be possible (actual navigation tested separately)

        at /Users/thabonyembe/Documents/freeflow-app-9/tests/e2e/dashboard.spec.ts:75:36

    attachment #1: screenshot (image/png) ──────────────────────────────────────────────────────────
    test-results/dashboard-Dashboard-Tests-should-handle-new-project-button-click-tablet-ipad-pro-retry2/test-failed-1.png
    ────────────────────────────────────────────────────────────────────────────────────────────────

    attachment #2: video (video/webm) ──────────────────────────────────────────────────────────────
    test-results/dashboard-Dashboard-Tests-should-handle-new-project-button-click-tablet-ipad-pro-retry2/video.webm
    ────────────────────────────────────────────────────────────────────────────────────────────────

    attachment #3: screenshot (image/png) ──────────────────────────────────────────────────────────
    test-results/dashboard-Dashboard-Tests-should-handle-new-project-button-click-tablet-ipad-pro-retry2/test-failed-2.png
    ────────────────────────────────────────────────────────────────────────────────────────────────
]]>
</failure>
<system-out>
<![CDATA[Dashboard title not found, continuing...

[[ATTACHMENT|dashboard-Dashboard-Tests-should-handle-new-project-button-click-tablet-ipad-pro/test-failed-1.png]]

[[ATTACHMENT|dashboard-Dashboard-Tests-should-handle-new-project-button-click-tablet-ipad-pro/video.webm]]

[[ATTACHMENT|dashboard-Dashboard-Tests-should-handle-new-project-button-click-tablet-ipad-pro/test-failed-2.png]]
Dashboard title not found, continuing...

[[ATTACHMENT|dashboard-Dashboard-Tests-should-handle-new-project-button-click-tablet-ipad-pro-retry1/test-failed-1.png]]

[[ATTACHMENT|dashboard-Dashboard-Tests-should-handle-new-project-button-click-tablet-ipad-pro-retry1/video.webm]]

[[ATTACHMENT|dashboard-Dashboard-Tests-should-handle-new-project-button-click-tablet-ipad-pro-retry1/test-failed-2.png]]

[[ATTACHMENT|dashboard-Dashboard-Tests-should-handle-new-project-button-click-tablet-ipad-pro-retry1/trace.zip]]
Dashboard title not found, continuing...

[[ATTACHMENT|dashboard-Dashboard-Tests-should-handle-new-project-button-click-tablet-ipad-pro-retry2/test-failed-1.png]]

[[ATTACHMENT|dashboard-Dashboard-Tests-should-handle-new-project-button-click-tablet-ipad-pro-retry2/video.webm]]

[[ATTACHMENT|dashboard-Dashboard-Tests-should-handle-new-project-button-click-tablet-ipad-pro-retry2/test-failed-2.png]]
]]>
</system-out>
</testcase>
<testcase name="Dashboard Tests › should be responsive on mobile" classname="dashboard.spec.ts" time="90.003">
<failure message="dashboard.spec.ts:82:7 should be responsive on mobile" type="FAILURE">
<![CDATA[  [tablet-ipad-pro] › dashboard.spec.ts:82:7 › Dashboard Tests › should be responsive on mobile ────

    Test timeout of 30000ms exceeded while running "beforeEach" hook.

      2 |
      3 | test.describe('Dashboard Tests', () => {
    > 4 |   test.beforeEach(async ({ page }) => {
        |        ^
      5 |     // Set test mode header
      6 |     await page.setExtraHTTPHeaders({
      7 |       'x-test-mode': 'true'

        at /Users/thabonyembe/Documents/freeflow-app-9/tests/e2e/dashboard.spec.ts:4:8

    Error: expect(locator).toBeVisible()

    Locator: locator('[data-testid="dashboard-container"]')
    Expected: visible
    Received: hidden
    Call log:
      - expect.toBeVisible with timeout 5000ms
      - waiting for locator('[data-testid="dashboard-container"]')


      83 |     await page.setViewportSize({ width: 375, height: 667 });
      84 |     
    > 85 |     await expect(page.locator('[data-testid="dashboard-container"]')).toBeVisible();
         |                                                                       ^
      86 |     await expect(page.locator('[data-testid="dashboard-title"]')).toBeVisible();
      87 |     
      88 |     // Stats should stack on mobile

        at /Users/thabonyembe/Documents/freeflow-app-9/tests/e2e/dashboard.spec.ts:85:71

    attachment #1: screenshot (image/png) ──────────────────────────────────────────────────────────
    test-results/dashboard-Dashboard-Tests-should-be-responsive-on-mobile-tablet-ipad-pro/test-failed-1.png
    ────────────────────────────────────────────────────────────────────────────────────────────────

    attachment #2: video (video/webm) ──────────────────────────────────────────────────────────────
    test-results/dashboard-Dashboard-Tests-should-be-responsive-on-mobile-tablet-ipad-pro/video.webm
    ────────────────────────────────────────────────────────────────────────────────────────────────

    attachment #3: screenshot (image/png) ──────────────────────────────────────────────────────────
    test-results/dashboard-Dashboard-Tests-should-be-responsive-on-mobile-tablet-ipad-pro/test-failed-2.png
    ────────────────────────────────────────────────────────────────────────────────────────────────

    Retry #1 ───────────────────────────────────────────────────────────────────────────────────────

    Test timeout of 30000ms exceeded while running "beforeEach" hook.

      2 |
      3 | test.describe('Dashboard Tests', () => {
    > 4 |   test.beforeEach(async ({ page }) => {
        |        ^
      5 |     // Set test mode header
      6 |     await page.setExtraHTTPHeaders({
      7 |       'x-test-mode': 'true'

        at /Users/thabonyembe/Documents/freeflow-app-9/tests/e2e/dashboard.spec.ts:4:8

    Error: expect(locator).toBeVisible()

    Locator: locator('[data-testid="dashboard-container"]')
    Expected: visible
    Received: hidden
    Call log:
      - expect.toBeVisible with timeout 5000ms
      - waiting for locator('[data-testid="dashboard-container"]')


      83 |     await page.setViewportSize({ width: 375, height: 667 });
      84 |     
    > 85 |     await expect(page.locator('[data-testid="dashboard-container"]')).toBeVisible();
         |                                                                       ^
      86 |     await expect(page.locator('[data-testid="dashboard-title"]')).toBeVisible();
      87 |     
      88 |     // Stats should stack on mobile

        at /Users/thabonyembe/Documents/freeflow-app-9/tests/e2e/dashboard.spec.ts:85:71

    attachment #1: screenshot (image/png) ──────────────────────────────────────────────────────────
    test-results/dashboard-Dashboard-Tests-should-be-responsive-on-mobile-tablet-ipad-pro-retry1/test-failed-1.png
    ────────────────────────────────────────────────────────────────────────────────────────────────

    attachment #2: video (video/webm) ──────────────────────────────────────────────────────────────
    test-results/dashboard-Dashboard-Tests-should-be-responsive-on-mobile-tablet-ipad-pro-retry1/video.webm
    ────────────────────────────────────────────────────────────────────────────────────────────────

    attachment #3: screenshot (image/png) ──────────────────────────────────────────────────────────
    test-results/dashboard-Dashboard-Tests-should-be-responsive-on-mobile-tablet-ipad-pro-retry1/test-failed-2.png
    ────────────────────────────────────────────────────────────────────────────────────────────────

    attachment #4: trace (application/zip) ─────────────────────────────────────────────────────────
    test-results/dashboard-Dashboard-Tests-should-be-responsive-on-mobile-tablet-ipad-pro-retry1/trace.zip
    Usage:

        npx playwright show-trace test-results/dashboard-Dashboard-Tests-should-be-responsive-on-mobile-tablet-ipad-pro-retry1/trace.zip

    ────────────────────────────────────────────────────────────────────────────────────────────────

    Retry #2 ───────────────────────────────────────────────────────────────────────────────────────

    Test timeout of 30000ms exceeded while running "beforeEach" hook.

      2 |
      3 | test.describe('Dashboard Tests', () => {
    > 4 |   test.beforeEach(async ({ page }) => {
        |        ^
      5 |     // Set test mode header
      6 |     await page.setExtraHTTPHeaders({
      7 |       'x-test-mode': 'true'

        at /Users/thabonyembe/Documents/freeflow-app-9/tests/e2e/dashboard.spec.ts:4:8

    Error: expect(locator).toBeVisible()

    Locator: locator('[data-testid="dashboard-container"]')
    Expected: visible
    Received: hidden
    Call log:
      - expect.toBeVisible with timeout 5000ms
      - waiting for locator('[data-testid="dashboard-container"]')


      83 |     await page.setViewportSize({ width: 375, height: 667 });
      84 |     
    > 85 |     await expect(page.locator('[data-testid="dashboard-container"]')).toBeVisible();
         |                                                                       ^
      86 |     await expect(page.locator('[data-testid="dashboard-title"]')).toBeVisible();
      87 |     
      88 |     // Stats should stack on mobile

        at /Users/thabonyembe/Documents/freeflow-app-9/tests/e2e/dashboard.spec.ts:85:71

    attachment #1: screenshot (image/png) ──────────────────────────────────────────────────────────
    test-results/dashboard-Dashboard-Tests-should-be-responsive-on-mobile-tablet-ipad-pro-retry2/test-failed-1.png
    ────────────────────────────────────────────────────────────────────────────────────────────────

    attachment #2: video (video/webm) ──────────────────────────────────────────────────────────────
    test-results/dashboard-Dashboard-Tests-should-be-responsive-on-mobile-tablet-ipad-pro-retry2/video.webm
    ────────────────────────────────────────────────────────────────────────────────────────────────

    attachment #3: screenshot (image/png) ──────────────────────────────────────────────────────────
    test-results/dashboard-Dashboard-Tests-should-be-responsive-on-mobile-tablet-ipad-pro-retry2/test-failed-2.png
    ────────────────────────────────────────────────────────────────────────────────────────────────
]]>
</failure>
<system-out>
<![CDATA[Dashboard title not found, continuing...

[[ATTACHMENT|dashboard-Dashboard-Tests-should-be-responsive-on-mobile-tablet-ipad-pro/test-failed-1.png]]

[[ATTACHMENT|dashboard-Dashboard-Tests-should-be-responsive-on-mobile-tablet-ipad-pro/video.webm]]

[[ATTACHMENT|dashboard-Dashboard-Tests-should-be-responsive-on-mobile-tablet-ipad-pro/test-failed-2.png]]
Dashboard title not found, continuing...

[[ATTACHMENT|dashboard-Dashboard-Tests-should-be-responsive-on-mobile-tablet-ipad-pro-retry1/test-failed-1.png]]

[[ATTACHMENT|dashboard-Dashboard-Tests-should-be-responsive-on-mobile-tablet-ipad-pro-retry1/video.webm]]

[[ATTACHMENT|dashboard-Dashboard-Tests-should-be-responsive-on-mobile-tablet-ipad-pro-retry1/test-failed-2.png]]

[[ATTACHMENT|dashboard-Dashboard-Tests-should-be-responsive-on-mobile-tablet-ipad-pro-retry1/trace.zip]]
Dashboard title not found, continuing...

[[ATTACHMENT|dashboard-Dashboard-Tests-should-be-responsive-on-mobile-tablet-ipad-pro-retry2/test-failed-1.png]]

[[ATTACHMENT|dashboard-Dashboard-Tests-should-be-responsive-on-mobile-tablet-ipad-pro-retry2/video.webm]]

[[ATTACHMENT|dashboard-Dashboard-Tests-should-be-responsive-on-mobile-tablet-ipad-pro-retry2/test-failed-2.png]]
]]>
</system-out>
<system-err>
<![CDATA[Internal error: fixture integrity at context
Internal error: fixture integrity at context
]]>
</system-err>
</testcase>
<testcase name="Dashboard Tests › should load team member avatars without 404 errors" classname="dashboard.spec.ts" time="90">
<failure message="dashboard.spec.ts:93:7 should load team member avatars without 404 errors" type="FAILURE">
<![CDATA[  [tablet-ipad-pro] › dashboard.spec.ts:93:7 › Dashboard Tests › should load team member avatars without 404 errors 

    Test timeout of 30000ms exceeded while running "beforeEach" hook.

      2 |
      3 | test.describe('Dashboard Tests', () => {
    > 4 |   test.beforeEach(async ({ page }) => {
        |        ^
      5 |     // Set test mode header
      6 |     await page.setExtraHTTPHeaders({
      7 |       'x-test-mode': 'true'

        at /Users/thabonyembe/Documents/freeflow-app-9/tests/e2e/dashboard.spec.ts:4:8

    Error: page.click: Test ended.
    Call log:
      - waiting for locator('[data-testid="team-tab"]')


      100 |     });
      101 |     
    > 102 |     await page.click('[data-testid="team-tab"]');
          |                ^
      103 |     await page.waitForTimeout(2000); // Wait for images to load
      104 |     
      105 |     expect(failedRequests).toHaveLength(0);

        at /Users/thabonyembe/Documents/freeflow-app-9/tests/e2e/dashboard.spec.ts:102:16

    attachment #1: screenshot (image/png) ──────────────────────────────────────────────────────────
    test-results/dashboard-Dashboard-Tests-should-load-team-member-avatars-without-404-errors-tablet-ipad-pro/test-failed-1.png
    ────────────────────────────────────────────────────────────────────────────────────────────────

    attachment #2: video (video/webm) ──────────────────────────────────────────────────────────────
    test-results/dashboard-Dashboard-Tests-should-load-team-member-avatars-without-404-errors-tablet-ipad-pro/video.webm
    ────────────────────────────────────────────────────────────────────────────────────────────────

    attachment #3: screenshot (image/png) ──────────────────────────────────────────────────────────
    test-results/dashboard-Dashboard-Tests-should-load-team-member-avatars-without-404-errors-tablet-ipad-pro/test-failed-2.png
    ────────────────────────────────────────────────────────────────────────────────────────────────

    Retry #1 ───────────────────────────────────────────────────────────────────────────────────────

    Test timeout of 30000ms exceeded while running "beforeEach" hook.

      2 |
      3 | test.describe('Dashboard Tests', () => {
    > 4 |   test.beforeEach(async ({ page }) => {
        |        ^
      5 |     // Set test mode header
      6 |     await page.setExtraHTTPHeaders({
      7 |       'x-test-mode': 'true'

        at /Users/thabonyembe/Documents/freeflow-app-9/tests/e2e/dashboard.spec.ts:4:8

    Error: page.click: Test ended.
    Call log:
      - waiting for locator('[data-testid="team-tab"]')


      100 |     });
      101 |     
    > 102 |     await page.click('[data-testid="team-tab"]');
          |                ^
      103 |     await page.waitForTimeout(2000); // Wait for images to load
      104 |     
      105 |     expect(failedRequests).toHaveLength(0);

        at /Users/thabonyembe/Documents/freeflow-app-9/tests/e2e/dashboard.spec.ts:102:16

    attachment #1: screenshot (image/png) ──────────────────────────────────────────────────────────
    test-results/dashboard-Dashboard-Tests-should-load-team-member-avatars-without-404-errors-tablet-ipad-pro-retry1/test-failed-1.png
    ────────────────────────────────────────────────────────────────────────────────────────────────

    attachment #2: video (video/webm) ──────────────────────────────────────────────────────────────
    test-results/dashboard-Dashboard-Tests-should-load-team-member-avatars-without-404-errors-tablet-ipad-pro-retry1/video.webm
    ────────────────────────────────────────────────────────────────────────────────────────────────

    attachment #3: screenshot (image/png) ──────────────────────────────────────────────────────────
    test-results/dashboard-Dashboard-Tests-should-load-team-member-avatars-without-404-errors-tablet-ipad-pro-retry1/test-failed-2.png
    ────────────────────────────────────────────────────────────────────────────────────────────────

    attachment #4: trace (application/zip) ─────────────────────────────────────────────────────────
    test-results/dashboard-Dashboard-Tests-should-load-team-member-avatars-without-404-errors-tablet-ipad-pro-retry1/trace.zip
    Usage:

        npx playwright show-trace test-results/dashboard-Dashboard-Tests-should-load-team-member-avatars-without-404-errors-tablet-ipad-pro-retry1/trace.zip

    ────────────────────────────────────────────────────────────────────────────────────────────────

    Retry #2 ───────────────────────────────────────────────────────────────────────────────────────

    Test timeout of 30000ms exceeded while running "beforeEach" hook.

      2 |
      3 | test.describe('Dashboard Tests', () => {
    > 4 |   test.beforeEach(async ({ page }) => {
        |        ^
      5 |     // Set test mode header
      6 |     await page.setExtraHTTPHeaders({
      7 |       'x-test-mode': 'true'

        at /Users/thabonyembe/Documents/freeflow-app-9/tests/e2e/dashboard.spec.ts:4:8

    Error: page.click: Test ended.
    Call log:
      - waiting for locator('[data-testid="team-tab"]')


      100 |     });
      101 |     
    > 102 |     await page.click('[data-testid="team-tab"]');
          |                ^
      103 |     await page.waitForTimeout(2000); // Wait for images to load
      104 |     
      105 |     expect(failedRequests).toHaveLength(0);

        at /Users/thabonyembe/Documents/freeflow-app-9/tests/e2e/dashboard.spec.ts:102:16

    attachment #1: screenshot (image/png) ──────────────────────────────────────────────────────────
    test-results/dashboard-Dashboard-Tests-should-load-team-member-avatars-without-404-errors-tablet-ipad-pro-retry2/test-failed-1.png
    ────────────────────────────────────────────────────────────────────────────────────────────────

    attachment #2: video (video/webm) ──────────────────────────────────────────────────────────────
    test-results/dashboard-Dashboard-Tests-should-load-team-member-avatars-without-404-errors-tablet-ipad-pro-retry2/video.webm
    ────────────────────────────────────────────────────────────────────────────────────────────────

    attachment #3: screenshot (image/png) ──────────────────────────────────────────────────────────
    test-results/dashboard-Dashboard-Tests-should-load-team-member-avatars-without-404-errors-tablet-ipad-pro-retry2/test-failed-2.png
    ────────────────────────────────────────────────────────────────────────────────────────────────
]]>
</failure>
<system-out>
<![CDATA[Dashboard title not found, continuing...

[[ATTACHMENT|dashboard-Dashboard-Tests-should-load-team-member-avatars-without-404-errors-tablet-ipad-pro/test-failed-1.png]]

[[ATTACHMENT|dashboard-Dashboard-Tests-should-load-team-member-avatars-without-404-errors-tablet-ipad-pro/video.webm]]

[[ATTACHMENT|dashboard-Dashboard-Tests-should-load-team-member-avatars-without-404-errors-tablet-ipad-pro/test-failed-2.png]]
Dashboard title not found, continuing...

[[ATTACHMENT|dashboard-Dashboard-Tests-should-load-team-member-avatars-without-404-errors-tablet-ipad-pro-retry1/test-failed-1.png]]

[[ATTACHMENT|dashboard-Dashboard-Tests-should-load-team-member-avatars-without-404-errors-tablet-ipad-pro-retry1/video.webm]]

[[ATTACHMENT|dashboard-Dashboard-Tests-should-load-team-member-avatars-without-404-errors-tablet-ipad-pro-retry1/test-failed-2.png]]

[[ATTACHMENT|dashboard-Dashboard-Tests-should-load-team-member-avatars-without-404-errors-tablet-ipad-pro-retry1/trace.zip]]
Dashboard title not found, continuing...

[[ATTACHMENT|dashboard-Dashboard-Tests-should-load-team-member-avatars-without-404-errors-tablet-ipad-pro-retry2/test-failed-1.png]]

[[ATTACHMENT|dashboard-Dashboard-Tests-should-load-team-member-avatars-without-404-errors-tablet-ipad-pro-retry2/video.webm]]

[[ATTACHMENT|dashboard-Dashboard-Tests-should-load-team-member-avatars-without-404-errors-tablet-ipad-pro-retry2/test-failed-2.png]]
]]>
</system-out>
</testcase>
<testcase name="Dashboard Tests › should have proper accessibility labels" classname="dashboard.spec.ts" time="90.002">
<failure message="dashboard.spec.ts:108:7 should have proper accessibility labels" type="FAILURE">
<![CDATA[  [tablet-ipad-pro] › dashboard.spec.ts:108:7 › Dashboard Tests › should have proper accessibility labels 

    Test timeout of 30000ms exceeded while running "beforeEach" hook.

      2 |
      3 | test.describe('Dashboard Tests', () => {
    > 4 |   test.beforeEach(async ({ page }) => {
        |        ^
      5 |     // Set test mode header
      6 |     await page.setExtraHTTPHeaders({
      7 |       'x-test-mode': 'true'

        at /Users/thabonyembe/Documents/freeflow-app-9/tests/e2e/dashboard.spec.ts:4:8

    Error: expect(locator).toBeVisible()

    Locator: locator('h1[data-testid="dashboard-title"]')
    Expected: visible
    Received: hidden
    Call log:
      - expect.toBeVisible with timeout 5000ms
      - waiting for locator('h1[data-testid="dashboard-title"]')


      108 |   test('should have proper accessibility labels', async ({ page }) => {
      109 |     // Check for proper ARIA labels and semantic HTML
    > 110 |     await expect(page.locator('h1[data-testid="dashboard-title"]')).toBeVisible();
          |                                                                     ^
      111 |     
      112 |     // Navigation should be accessible
      113 |     const tabs = page.locator('[role="tablist"]');

        at /Users/thabonyembe/Documents/freeflow-app-9/tests/e2e/dashboard.spec.ts:110:69

    attachment #1: screenshot (image/png) ──────────────────────────────────────────────────────────
    test-results/dashboard-Dashboard-Tests-should-have-proper-accessibility-labels-tablet-ipad-pro/test-failed-1.png
    ────────────────────────────────────────────────────────────────────────────────────────────────

    attachment #2: video (video/webm) ──────────────────────────────────────────────────────────────
    test-results/dashboard-Dashboard-Tests-should-have-proper-accessibility-labels-tablet-ipad-pro/video.webm
    ────────────────────────────────────────────────────────────────────────────────────────────────

    attachment #3: screenshot (image/png) ──────────────────────────────────────────────────────────
    test-results/dashboard-Dashboard-Tests-should-have-proper-accessibility-labels-tablet-ipad-pro/test-failed-2.png
    ────────────────────────────────────────────────────────────────────────────────────────────────

    Retry #1 ───────────────────────────────────────────────────────────────────────────────────────

    Test timeout of 30000ms exceeded while running "beforeEach" hook.

      2 |
      3 | test.describe('Dashboard Tests', () => {
    > 4 |   test.beforeEach(async ({ page }) => {
        |        ^
      5 |     // Set test mode header
      6 |     await page.setExtraHTTPHeaders({
      7 |       'x-test-mode': 'true'

        at /Users/thabonyembe/Documents/freeflow-app-9/tests/e2e/dashboard.spec.ts:4:8

    Error: expect(locator).toBeVisible()

    Locator: locator('h1[data-testid="dashboard-title"]')
    Expected: visible
    Received: hidden
    Call log:
      - expect.toBeVisible with timeout 5000ms
      - waiting for locator('h1[data-testid="dashboard-title"]')


      108 |   test('should have proper accessibility labels', async ({ page }) => {
      109 |     // Check for proper ARIA labels and semantic HTML
    > 110 |     await expect(page.locator('h1[data-testid="dashboard-title"]')).toBeVisible();
          |                                                                     ^
      111 |     
      112 |     // Navigation should be accessible
      113 |     const tabs = page.locator('[role="tablist"]');

        at /Users/thabonyembe/Documents/freeflow-app-9/tests/e2e/dashboard.spec.ts:110:69

    attachment #1: screenshot (image/png) ──────────────────────────────────────────────────────────
    test-results/dashboard-Dashboard-Tests-should-have-proper-accessibility-labels-tablet-ipad-pro-retry1/test-failed-1.png
    ────────────────────────────────────────────────────────────────────────────────────────────────

    attachment #2: video (video/webm) ──────────────────────────────────────────────────────────────
    test-results/dashboard-Dashboard-Tests-should-have-proper-accessibility-labels-tablet-ipad-pro-retry1/video.webm
    ────────────────────────────────────────────────────────────────────────────────────────────────

    attachment #3: screenshot (image/png) ──────────────────────────────────────────────────────────
    test-results/dashboard-Dashboard-Tests-should-have-proper-accessibility-labels-tablet-ipad-pro-retry1/test-failed-2.png
    ────────────────────────────────────────────────────────────────────────────────────────────────

    attachment #4: trace (application/zip) ─────────────────────────────────────────────────────────
    test-results/dashboard-Dashboard-Tests-should-have-proper-accessibility-labels-tablet-ipad-pro-retry1/trace.zip
    Usage:

        npx playwright show-trace test-results/dashboard-Dashboard-Tests-should-have-proper-accessibility-labels-tablet-ipad-pro-retry1/trace.zip

    ────────────────────────────────────────────────────────────────────────────────────────────────

    Retry #2 ───────────────────────────────────────────────────────────────────────────────────────

    Test timeout of 30000ms exceeded while running "beforeEach" hook.

      2 |
      3 | test.describe('Dashboard Tests', () => {
    > 4 |   test.beforeEach(async ({ page }) => {
        |        ^
      5 |     // Set test mode header
      6 |     await page.setExtraHTTPHeaders({
      7 |       'x-test-mode': 'true'

        at /Users/thabonyembe/Documents/freeflow-app-9/tests/e2e/dashboard.spec.ts:4:8

    Error: expect(locator).toBeVisible()

    Locator: locator('h1[data-testid="dashboard-title"]')
    Expected: visible
    Received: hidden
    Call log:
      - expect.toBeVisible with timeout 5000ms
      - waiting for locator('h1[data-testid="dashboard-title"]')


      108 |   test('should have proper accessibility labels', async ({ page }) => {
      109 |     // Check for proper ARIA labels and semantic HTML
    > 110 |     await expect(page.locator('h1[data-testid="dashboard-title"]')).toBeVisible();
          |                                                                     ^
      111 |     
      112 |     // Navigation should be accessible
      113 |     const tabs = page.locator('[role="tablist"]');

        at /Users/thabonyembe/Documents/freeflow-app-9/tests/e2e/dashboard.spec.ts:110:69

    attachment #1: screenshot (image/png) ──────────────────────────────────────────────────────────
    test-results/dashboard-Dashboard-Tests-should-have-proper-accessibility-labels-tablet-ipad-pro-retry2/test-failed-1.png
    ────────────────────────────────────────────────────────────────────────────────────────────────

    attachment #2: video (video/webm) ──────────────────────────────────────────────────────────────
    test-results/dashboard-Dashboard-Tests-should-have-proper-accessibility-labels-tablet-ipad-pro-retry2/video.webm
    ────────────────────────────────────────────────────────────────────────────────────────────────

    attachment #3: screenshot (image/png) ──────────────────────────────────────────────────────────
    test-results/dashboard-Dashboard-Tests-should-have-proper-accessibility-labels-tablet-ipad-pro-retry2/test-failed-2.png
    ────────────────────────────────────────────────────────────────────────────────────────────────
]]>
</failure>
<system-out>
<![CDATA[Dashboard title not found, continuing...

[[ATTACHMENT|dashboard-Dashboard-Tests-should-have-proper-accessibility-labels-tablet-ipad-pro/test-failed-1.png]]

[[ATTACHMENT|dashboard-Dashboard-Tests-should-have-proper-accessibility-labels-tablet-ipad-pro/video.webm]]

[[ATTACHMENT|dashboard-Dashboard-Tests-should-have-proper-accessibility-labels-tablet-ipad-pro/test-failed-2.png]]
Dashboard title not found, continuing...

[[ATTACHMENT|dashboard-Dashboard-Tests-should-have-proper-accessibility-labels-tablet-ipad-pro-retry1/test-failed-1.png]]

[[ATTACHMENT|dashboard-Dashboard-Tests-should-have-proper-accessibility-labels-tablet-ipad-pro-retry1/video.webm]]

[[ATTACHMENT|dashboard-Dashboard-Tests-should-have-proper-accessibility-labels-tablet-ipad-pro-retry1/test-failed-2.png]]

[[ATTACHMENT|dashboard-Dashboard-Tests-should-have-proper-accessibility-labels-tablet-ipad-pro-retry1/trace.zip]]
Dashboard title not found, continuing...

[[ATTACHMENT|dashboard-Dashboard-Tests-should-have-proper-accessibility-labels-tablet-ipad-pro-retry2/test-failed-1.png]]

[[ATTACHMENT|dashboard-Dashboard-Tests-should-have-proper-accessibility-labels-tablet-ipad-pro-retry2/video.webm]]

[[ATTACHMENT|dashboard-Dashboard-Tests-should-have-proper-accessibility-labels-tablet-ipad-pro-retry2/test-failed-2.png]]
]]>
</system-out>
<system-err>
<![CDATA[Internal error: fixture integrity at context
Internal error: fixture integrity at context
]]>
</system-err>
</testcase>
</testsuite>
<testsuite name="dashboard.spec.ts" timestamp="2025-06-16T14:04:51.086Z" hostname="tablet-surface-pro" tests="9" failures="9" skipped="0" time="810.017" errors="0">
<testcase name="Dashboard Tests › should load dashboard page successfully" classname="dashboard.spec.ts" time="90.004">
<failure message="dashboard.spec.ts:18:7 should load dashboard page successfully" type="FAILURE">
<![CDATA[  [tablet-surface-pro] › dashboard.spec.ts:18:7 › Dashboard Tests › should load dashboard page successfully 

    Test timeout of 30000ms exceeded while running "beforeEach" hook.

      2 |
      3 | test.describe('Dashboard Tests', () => {
    > 4 |   test.beforeEach(async ({ page }) => {
        |        ^
      5 |     // Set test mode header
      6 |     await page.setExtraHTTPHeaders({
      7 |       'x-test-mode': 'true'

        at /Users/thabonyembe/Documents/freeflow-app-9/tests/e2e/dashboard.spec.ts:4:8

    Error: expect(locator).toBeVisible()

    Locator: locator('[data-testid="dashboard-container"]')
    Expected: visible
    Received: hidden
    Call log:
      - expect.toBeVisible with timeout 5000ms
      - waiting for locator('[data-testid="dashboard-container"]')


      17 |
      18 |   test('should load dashboard page successfully', async ({ page }) => {
    > 19 |     await expect(page.locator('[data-testid="dashboard-container"]')).toBeVisible();
         |                                                                       ^
      20 |     await expect(page.locator('[data-testid="dashboard-title"]')).toHaveText('Dashboard');
      21 |   });
      22 |

        at /Users/thabonyembe/Documents/freeflow-app-9/tests/e2e/dashboard.spec.ts:19:71

    attachment #1: screenshot (image/png) ──────────────────────────────────────────────────────────
    test-results/dashboard-Dashboard-Tests-should-load-dashboard-page-successfully-tablet-surface-pro/test-failed-1.png
    ────────────────────────────────────────────────────────────────────────────────────────────────

    attachment #2: video (video/webm) ──────────────────────────────────────────────────────────────
    test-results/dashboard-Dashboard-Tests-should-load-dashboard-page-successfully-tablet-surface-pro/video.webm
    ────────────────────────────────────────────────────────────────────────────────────────────────

    attachment #3: screenshot (image/png) ──────────────────────────────────────────────────────────
    test-results/dashboard-Dashboard-Tests-should-load-dashboard-page-successfully-tablet-surface-pro/test-failed-2.png
    ────────────────────────────────────────────────────────────────────────────────────────────────

    Retry #1 ───────────────────────────────────────────────────────────────────────────────────────

    Test timeout of 30000ms exceeded while running "beforeEach" hook.

      2 |
      3 | test.describe('Dashboard Tests', () => {
    > 4 |   test.beforeEach(async ({ page }) => {
        |        ^
      5 |     // Set test mode header
      6 |     await page.setExtraHTTPHeaders({
      7 |       'x-test-mode': 'true'

        at /Users/thabonyembe/Documents/freeflow-app-9/tests/e2e/dashboard.spec.ts:4:8

    Error: expect(locator).toBeVisible()

    Locator: locator('[data-testid="dashboard-container"]')
    Expected: visible
    Received: hidden
    Call log:
      - expect.toBeVisible with timeout 5000ms
      - waiting for locator('[data-testid="dashboard-container"]')


      17 |
      18 |   test('should load dashboard page successfully', async ({ page }) => {
    > 19 |     await expect(page.locator('[data-testid="dashboard-container"]')).toBeVisible();
         |                                                                       ^
      20 |     await expect(page.locator('[data-testid="dashboard-title"]')).toHaveText('Dashboard');
      21 |   });
      22 |

        at /Users/thabonyembe/Documents/freeflow-app-9/tests/e2e/dashboard.spec.ts:19:71

    attachment #1: screenshot (image/png) ──────────────────────────────────────────────────────────
    test-results/dashboard-Dashboard-Tests-should-load-dashboard-page-successfully-tablet-surface-pro-retry1/test-failed-1.png
    ────────────────────────────────────────────────────────────────────────────────────────────────

    attachment #2: video (video/webm) ──────────────────────────────────────────────────────────────
    test-results/dashboard-Dashboard-Tests-should-load-dashboard-page-successfully-tablet-surface-pro-retry1/video.webm
    ────────────────────────────────────────────────────────────────────────────────────────────────

    attachment #3: screenshot (image/png) ──────────────────────────────────────────────────────────
    test-results/dashboard-Dashboard-Tests-should-load-dashboard-page-successfully-tablet-surface-pro-retry1/test-failed-2.png
    ────────────────────────────────────────────────────────────────────────────────────────────────

    attachment #4: trace (application/zip) ─────────────────────────────────────────────────────────
    test-results/dashboard-Dashboard-Tests-should-load-dashboard-page-successfully-tablet-surface-pro-retry1/trace.zip
    Usage:

        npx playwright show-trace test-results/dashboard-Dashboard-Tests-should-load-dashboard-page-successfully-tablet-surface-pro-retry1/trace.zip

    ────────────────────────────────────────────────────────────────────────────────────────────────

    Retry #2 ───────────────────────────────────────────────────────────────────────────────────────

    Test timeout of 30000ms exceeded while running "beforeEach" hook.

      2 |
      3 | test.describe('Dashboard Tests', () => {
    > 4 |   test.beforeEach(async ({ page }) => {
        |        ^
      5 |     // Set test mode header
      6 |     await page.setExtraHTTPHeaders({
      7 |       'x-test-mode': 'true'

        at /Users/thabonyembe/Documents/freeflow-app-9/tests/e2e/dashboard.spec.ts:4:8

    Error: expect(locator).toBeVisible()

    Locator: locator('[data-testid="dashboard-container"]')
    Expected: visible
    Received: hidden
    Call log:
      - expect.toBeVisible with timeout 5000ms
      - waiting for locator('[data-testid="dashboard-container"]')


      17 |
      18 |   test('should load dashboard page successfully', async ({ page }) => {
    > 19 |     await expect(page.locator('[data-testid="dashboard-container"]')).toBeVisible();
         |                                                                       ^
      20 |     await expect(page.locator('[data-testid="dashboard-title"]')).toHaveText('Dashboard');
      21 |   });
      22 |

        at /Users/thabonyembe/Documents/freeflow-app-9/tests/e2e/dashboard.spec.ts:19:71

    attachment #1: screenshot (image/png) ──────────────────────────────────────────────────────────
    test-results/dashboard-Dashboard-Tests-should-load-dashboard-page-successfully-tablet-surface-pro-retry2/test-failed-1.png
    ────────────────────────────────────────────────────────────────────────────────────────────────

    attachment #2: video (video/webm) ──────────────────────────────────────────────────────────────
    test-results/dashboard-Dashboard-Tests-should-load-dashboard-page-successfully-tablet-surface-pro-retry2/video.webm
    ────────────────────────────────────────────────────────────────────────────────────────────────

    attachment #3: screenshot (image/png) ──────────────────────────────────────────────────────────
    test-results/dashboard-Dashboard-Tests-should-load-dashboard-page-successfully-tablet-surface-pro-retry2/test-failed-2.png
    ────────────────────────────────────────────────────────────────────────────────────────────────
]]>
</failure>
<system-out>
<![CDATA[Dashboard title not found, continuing...

[[ATTACHMENT|dashboard-Dashboard-Tests-should-load-dashboard-page-successfully-tablet-surface-pro/test-failed-1.png]]

[[ATTACHMENT|dashboard-Dashboard-Tests-should-load-dashboard-page-successfully-tablet-surface-pro/video.webm]]

[[ATTACHMENT|dashboard-Dashboard-Tests-should-load-dashboard-page-successfully-tablet-surface-pro/test-failed-2.png]]
Dashboard title not found, continuing...

[[ATTACHMENT|dashboard-Dashboard-Tests-should-load-dashboard-page-successfully-tablet-surface-pro-retry1/test-failed-1.png]]

[[ATTACHMENT|dashboard-Dashboard-Tests-should-load-dashboard-page-successfully-tablet-surface-pro-retry1/video.webm]]

[[ATTACHMENT|dashboard-Dashboard-Tests-should-load-dashboard-page-successfully-tablet-surface-pro-retry1/test-failed-2.png]]

[[ATTACHMENT|dashboard-Dashboard-Tests-should-load-dashboard-page-successfully-tablet-surface-pro-retry1/trace.zip]]
Dashboard title not found, continuing...

[[ATTACHMENT|dashboard-Dashboard-Tests-should-load-dashboard-page-successfully-tablet-surface-pro-retry2/test-failed-1.png]]

[[ATTACHMENT|dashboard-Dashboard-Tests-should-load-dashboard-page-successfully-tablet-surface-pro-retry2/video.webm]]

[[ATTACHMENT|dashboard-Dashboard-Tests-should-load-dashboard-page-successfully-tablet-surface-pro-retry2/test-failed-2.png]]
]]>
</system-out>
<system-err>
<![CDATA[Internal error: fixture integrity at context
Internal error: fixture integrity at context
]]>
</system-err>
</testcase>
<testcase name="Dashboard Tests › should display dashboard stats" classname="dashboard.spec.ts" time="90.001">
<failure message="dashboard.spec.ts:23:7 should display dashboard stats" type="FAILURE">
<![CDATA[  [tablet-surface-pro] › dashboard.spec.ts:23:7 › Dashboard Tests › should display dashboard stats ─

    Test timeout of 30000ms exceeded while running "beforeEach" hook.

      2 |
      3 | test.describe('Dashboard Tests', () => {
    > 4 |   test.beforeEach(async ({ page }) => {
        |        ^
      5 |     // Set test mode header
      6 |     await page.setExtraHTTPHeaders({
      7 |       'x-test-mode': 'true'

        at /Users/thabonyembe/Documents/freeflow-app-9/tests/e2e/dashboard.spec.ts:4:8

    Error: expect(locator).toBeVisible()

    Locator: locator('[data-testid="stat-active-projects"]')
    Expected: visible
    Received: hidden
    Call log:
      - expect.toBeVisible with timeout 5000ms
      - waiting for locator('[data-testid="stat-active-projects"]')


      22 |
      23 |   test('should display dashboard stats', async ({ page }) => {
    > 24 |     await expect(page.locator('[data-testid="stat-active-projects"]')).toBeVisible();
         |                                                                        ^
      25 |     await expect(page.locator('[data-testid="stat-total-revenue"]')).toBeVisible();
      26 |     await expect(page.locator('[data-testid="stat-team-members"]')).toBeVisible();
      27 |     await expect(page.locator('[data-testid="stat-completed-tasks"]')).toBeVisible();

        at /Users/thabonyembe/Documents/freeflow-app-9/tests/e2e/dashboard.spec.ts:24:72

    attachment #1: screenshot (image/png) ──────────────────────────────────────────────────────────
    test-results/dashboard-Dashboard-Tests-should-display-dashboard-stats-tablet-surface-pro/test-failed-1.png
    ────────────────────────────────────────────────────────────────────────────────────────────────

    attachment #2: video (video/webm) ──────────────────────────────────────────────────────────────
    test-results/dashboard-Dashboard-Tests-should-display-dashboard-stats-tablet-surface-pro/video.webm
    ────────────────────────────────────────────────────────────────────────────────────────────────

    attachment #3: screenshot (image/png) ──────────────────────────────────────────────────────────
    test-results/dashboard-Dashboard-Tests-should-display-dashboard-stats-tablet-surface-pro/test-failed-2.png
    ────────────────────────────────────────────────────────────────────────────────────────────────

    Retry #1 ───────────────────────────────────────────────────────────────────────────────────────

    Test timeout of 30000ms exceeded while running "beforeEach" hook.

      2 |
      3 | test.describe('Dashboard Tests', () => {
    > 4 |   test.beforeEach(async ({ page }) => {
        |        ^
      5 |     // Set test mode header
      6 |     await page.setExtraHTTPHeaders({
      7 |       'x-test-mode': 'true'

        at /Users/thabonyembe/Documents/freeflow-app-9/tests/e2e/dashboard.spec.ts:4:8

    Error: expect(locator).toBeVisible()

    Locator: locator('[data-testid="stat-active-projects"]')
    Expected: visible
    Received: hidden
    Call log:
      - expect.toBeVisible with timeout 5000ms
      - waiting for locator('[data-testid="stat-active-projects"]')


      22 |
      23 |   test('should display dashboard stats', async ({ page }) => {
    > 24 |     await expect(page.locator('[data-testid="stat-active-projects"]')).toBeVisible();
         |                                                                        ^
      25 |     await expect(page.locator('[data-testid="stat-total-revenue"]')).toBeVisible();
      26 |     await expect(page.locator('[data-testid="stat-team-members"]')).toBeVisible();
      27 |     await expect(page.locator('[data-testid="stat-completed-tasks"]')).toBeVisible();

        at /Users/thabonyembe/Documents/freeflow-app-9/tests/e2e/dashboard.spec.ts:24:72

    attachment #1: screenshot (image/png) ──────────────────────────────────────────────────────────
    test-results/dashboard-Dashboard-Tests-should-display-dashboard-stats-tablet-surface-pro-retry1/test-failed-1.png
    ────────────────────────────────────────────────────────────────────────────────────────────────

    attachment #2: video (video/webm) ──────────────────────────────────────────────────────────────
    test-results/dashboard-Dashboard-Tests-should-display-dashboard-stats-tablet-surface-pro-retry1/video.webm
    ────────────────────────────────────────────────────────────────────────────────────────────────

    attachment #3: screenshot (image/png) ──────────────────────────────────────────────────────────
    test-results/dashboard-Dashboard-Tests-should-display-dashboard-stats-tablet-surface-pro-retry1/test-failed-2.png
    ────────────────────────────────────────────────────────────────────────────────────────────────

    attachment #4: trace (application/zip) ─────────────────────────────────────────────────────────
    test-results/dashboard-Dashboard-Tests-should-display-dashboard-stats-tablet-surface-pro-retry1/trace.zip
    Usage:

        npx playwright show-trace test-results/dashboard-Dashboard-Tests-should-display-dashboard-stats-tablet-surface-pro-retry1/trace.zip

    ────────────────────────────────────────────────────────────────────────────────────────────────

    Retry #2 ───────────────────────────────────────────────────────────────────────────────────────

    Test timeout of 30000ms exceeded while running "beforeEach" hook.

      2 |
      3 | test.describe('Dashboard Tests', () => {
    > 4 |   test.beforeEach(async ({ page }) => {
        |        ^
      5 |     // Set test mode header
      6 |     await page.setExtraHTTPHeaders({
      7 |       'x-test-mode': 'true'

        at /Users/thabonyembe/Documents/freeflow-app-9/tests/e2e/dashboard.spec.ts:4:8

    Error: expect(locator).toBeVisible()

    Locator: locator('[data-testid="stat-active-projects"]')
    Expected: visible
    Received: hidden
    Call log:
      - expect.toBeVisible with timeout 5000ms
      - waiting for locator('[data-testid="stat-active-projects"]')


      22 |
      23 |   test('should display dashboard stats', async ({ page }) => {
    > 24 |     await expect(page.locator('[data-testid="stat-active-projects"]')).toBeVisible();
         |                                                                        ^
      25 |     await expect(page.locator('[data-testid="stat-total-revenue"]')).toBeVisible();
      26 |     await expect(page.locator('[data-testid="stat-team-members"]')).toBeVisible();
      27 |     await expect(page.locator('[data-testid="stat-completed-tasks"]')).toBeVisible();

        at /Users/thabonyembe/Documents/freeflow-app-9/tests/e2e/dashboard.spec.ts:24:72

    attachment #1: screenshot (image/png) ──────────────────────────────────────────────────────────
    test-results/dashboard-Dashboard-Tests-should-display-dashboard-stats-tablet-surface-pro-retry2/test-failed-1.png
    ────────────────────────────────────────────────────────────────────────────────────────────────

    attachment #2: video (video/webm) ──────────────────────────────────────────────────────────────
    test-results/dashboard-Dashboard-Tests-should-display-dashboard-stats-tablet-surface-pro-retry2/video.webm
    ────────────────────────────────────────────────────────────────────────────────────────────────

    attachment #3: screenshot (image/png) ──────────────────────────────────────────────────────────
    test-results/dashboard-Dashboard-Tests-should-display-dashboard-stats-tablet-surface-pro-retry2/test-failed-2.png
    ────────────────────────────────────────────────────────────────────────────────────────────────
]]>
</failure>
<system-out>
<![CDATA[Dashboard title not found, continuing...

[[ATTACHMENT|dashboard-Dashboard-Tests-should-display-dashboard-stats-tablet-surface-pro/test-failed-1.png]]

[[ATTACHMENT|dashboard-Dashboard-Tests-should-display-dashboard-stats-tablet-surface-pro/video.webm]]

[[ATTACHMENT|dashboard-Dashboard-Tests-should-display-dashboard-stats-tablet-surface-pro/test-failed-2.png]]
Dashboard title not found, continuing...

[[ATTACHMENT|dashboard-Dashboard-Tests-should-display-dashboard-stats-tablet-surface-pro-retry1/test-failed-1.png]]

[[ATTACHMENT|dashboard-Dashboard-Tests-should-display-dashboard-stats-tablet-surface-pro-retry1/video.webm]]

[[ATTACHMENT|dashboard-Dashboard-Tests-should-display-dashboard-stats-tablet-surface-pro-retry1/test-failed-2.png]]

[[ATTACHMENT|dashboard-Dashboard-Tests-should-display-dashboard-stats-tablet-surface-pro-retry1/trace.zip]]
Dashboard title not found, continuing...

[[ATTACHMENT|dashboard-Dashboard-Tests-should-display-dashboard-stats-tablet-surface-pro-retry2/test-failed-1.png]]

[[ATTACHMENT|dashboard-Dashboard-Tests-should-display-dashboard-stats-tablet-surface-pro-retry2/video.webm]]

[[ATTACHMENT|dashboard-Dashboard-Tests-should-display-dashboard-stats-tablet-surface-pro-retry2/test-failed-2.png]]
]]>
</system-out>
<system-err>
<![CDATA[Internal error: fixture integrity at context
]]>
</system-err>
</testcase>
<testcase name="Dashboard Tests › should have working navigation tabs" classname="dashboard.spec.ts" time="90.001">
<failure message="dashboard.spec.ts:30:7 should have working navigation tabs" type="FAILURE">
<![CDATA[  [tablet-surface-pro] › dashboard.spec.ts:30:7 › Dashboard Tests › should have working navigation tabs 

    Test timeout of 30000ms exceeded while running "beforeEach" hook.

      2 |
      3 | test.describe('Dashboard Tests', () => {
    > 4 |   test.beforeEach(async ({ page }) => {
        |        ^
      5 |     // Set test mode header
      6 |     await page.setExtraHTTPHeaders({
      7 |       'x-test-mode': 'true'

        at /Users/thabonyembe/Documents/freeflow-app-9/tests/e2e/dashboard.spec.ts:4:8

    Error: expect(locator).toBeVisible()

    Locator: locator('[data-testid="dashboard-tabs"]')
    Expected: visible
    Received: hidden
    Call log:
      - expect.toBeVisible with timeout 5000ms
      - waiting for locator('[data-testid="dashboard-tabs"]')


      30 |   test('should have working navigation tabs', async ({ page }) => {
      31 |     const tabs = page.locator('[data-testid="dashboard-tabs"]');
    > 32 |     await expect(tabs).toBeVisible();
         |                        ^
      33 |     
      34 |     // Test Projects tab
      35 |     await page.click('[data-testid="projects-tab"]');

        at /Users/thabonyembe/Documents/freeflow-app-9/tests/e2e/dashboard.spec.ts:32:24

    attachment #1: screenshot (image/png) ──────────────────────────────────────────────────────────
    test-results/dashboard-Dashboard-Tests-should-have-working-navigation-tabs-tablet-surface-pro/test-failed-1.png
    ────────────────────────────────────────────────────────────────────────────────────────────────

    attachment #2: video (video/webm) ──────────────────────────────────────────────────────────────
    test-results/dashboard-Dashboard-Tests-should-have-working-navigation-tabs-tablet-surface-pro/video.webm
    ────────────────────────────────────────────────────────────────────────────────────────────────

    attachment #3: screenshot (image/png) ──────────────────────────────────────────────────────────
    test-results/dashboard-Dashboard-Tests-should-have-working-navigation-tabs-tablet-surface-pro/test-failed-2.png
    ────────────────────────────────────────────────────────────────────────────────────────────────

    Retry #1 ───────────────────────────────────────────────────────────────────────────────────────

    Test timeout of 30000ms exceeded while running "beforeEach" hook.

      2 |
      3 | test.describe('Dashboard Tests', () => {
    > 4 |   test.beforeEach(async ({ page }) => {
        |        ^
      5 |     // Set test mode header
      6 |     await page.setExtraHTTPHeaders({
      7 |       'x-test-mode': 'true'

        at /Users/thabonyembe/Documents/freeflow-app-9/tests/e2e/dashboard.spec.ts:4:8

    Error: expect(locator).toBeVisible()

    Locator: locator('[data-testid="dashboard-tabs"]')
    Expected: visible
    Received: hidden
    Call log:
      - expect.toBeVisible with timeout 5000ms
      - waiting for locator('[data-testid="dashboard-tabs"]')


      30 |   test('should have working navigation tabs', async ({ page }) => {
      31 |     const tabs = page.locator('[data-testid="dashboard-tabs"]');
    > 32 |     await expect(tabs).toBeVisible();
         |                        ^
      33 |     
      34 |     // Test Projects tab
      35 |     await page.click('[data-testid="projects-tab"]');

        at /Users/thabonyembe/Documents/freeflow-app-9/tests/e2e/dashboard.spec.ts:32:24

    attachment #1: screenshot (image/png) ──────────────────────────────────────────────────────────
    test-results/dashboard-Dashboard-Tests-should-have-working-navigation-tabs-tablet-surface-pro-retry1/test-failed-1.png
    ────────────────────────────────────────────────────────────────────────────────────────────────

    attachment #2: video (video/webm) ──────────────────────────────────────────────────────────────
    test-results/dashboard-Dashboard-Tests-should-have-working-navigation-tabs-tablet-surface-pro-retry1/video.webm
    ────────────────────────────────────────────────────────────────────────────────────────────────

    attachment #3: screenshot (image/png) ──────────────────────────────────────────────────────────
    test-results/dashboard-Dashboard-Tests-should-have-working-navigation-tabs-tablet-surface-pro-retry1/test-failed-2.png
    ────────────────────────────────────────────────────────────────────────────────────────────────

    attachment #4: trace (application/zip) ─────────────────────────────────────────────────────────
    test-results/dashboard-Dashboard-Tests-should-have-working-navigation-tabs-tablet-surface-pro-retry1/trace.zip
    Usage:

        npx playwright show-trace test-results/dashboard-Dashboard-Tests-should-have-working-navigation-tabs-tablet-surface-pro-retry1/trace.zip

    ────────────────────────────────────────────────────────────────────────────────────────────────

    Retry #2 ───────────────────────────────────────────────────────────────────────────────────────

    Test timeout of 30000ms exceeded while running "beforeEach" hook.

      2 |
      3 | test.describe('Dashboard Tests', () => {
    > 4 |   test.beforeEach(async ({ page }) => {
        |        ^
      5 |     // Set test mode header
      6 |     await page.setExtraHTTPHeaders({
      7 |       'x-test-mode': 'true'

        at /Users/thabonyembe/Documents/freeflow-app-9/tests/e2e/dashboard.spec.ts:4:8

    Error: expect(locator).toBeVisible()

    Locator: locator('[data-testid="dashboard-tabs"]')
    Expected: visible
    Received: hidden
    Call log:
      - expect.toBeVisible with timeout 5000ms
      - waiting for locator('[data-testid="dashboard-tabs"]')


      30 |   test('should have working navigation tabs', async ({ page }) => {
      31 |     const tabs = page.locator('[data-testid="dashboard-tabs"]');
    > 32 |     await expect(tabs).toBeVisible();
         |                        ^
      33 |     
      34 |     // Test Projects tab
      35 |     await page.click('[data-testid="projects-tab"]');

        at /Users/thabonyembe/Documents/freeflow-app-9/tests/e2e/dashboard.spec.ts:32:24

    attachment #1: screenshot (image/png) ──────────────────────────────────────────────────────────
    test-results/dashboard-Dashboard-Tests-should-have-working-navigation-tabs-tablet-surface-pro-retry2/test-failed-1.png
    ────────────────────────────────────────────────────────────────────────────────────────────────

    attachment #2: video (video/webm) ──────────────────────────────────────────────────────────────
    test-results/dashboard-Dashboard-Tests-should-have-working-navigation-tabs-tablet-surface-pro-retry2/video.webm
    ────────────────────────────────────────────────────────────────────────────────────────────────

    attachment #3: screenshot (image/png) ──────────────────────────────────────────────────────────
    test-results/dashboard-Dashboard-Tests-should-have-working-navigation-tabs-tablet-surface-pro-retry2/test-failed-2.png
    ────────────────────────────────────────────────────────────────────────────────────────────────
]]>
</failure>
<system-out>
<![CDATA[Dashboard title not found, continuing...

[[ATTACHMENT|dashboard-Dashboard-Tests-should-have-working-navigation-tabs-tablet-surface-pro/test-failed-1.png]]

[[ATTACHMENT|dashboard-Dashboard-Tests-should-have-working-navigation-tabs-tablet-surface-pro/video.webm]]

[[ATTACHMENT|dashboard-Dashboard-Tests-should-have-working-navigation-tabs-tablet-surface-pro/test-failed-2.png]]
Dashboard title not found, continuing...

[[ATTACHMENT|dashboard-Dashboard-Tests-should-have-working-navigation-tabs-tablet-surface-pro-retry1/test-failed-1.png]]

[[ATTACHMENT|dashboard-Dashboard-Tests-should-have-working-navigation-tabs-tablet-surface-pro-retry1/video.webm]]

[[ATTACHMENT|dashboard-Dashboard-Tests-should-have-working-navigation-tabs-tablet-surface-pro-retry1/test-failed-2.png]]

[[ATTACHMENT|dashboard-Dashboard-Tests-should-have-working-navigation-tabs-tablet-surface-pro-retry1/trace.zip]]
Dashboard title not found, continuing...

[[ATTACHMENT|dashboard-Dashboard-Tests-should-have-working-navigation-tabs-tablet-surface-pro-retry2/test-failed-1.png]]

[[ATTACHMENT|dashboard-Dashboard-Tests-should-have-working-navigation-tabs-tablet-surface-pro-retry2/video.webm]]

[[ATTACHMENT|dashboard-Dashboard-Tests-should-have-working-navigation-tabs-tablet-surface-pro-retry2/test-failed-2.png]]
]]>
</system-out>
<system-err>
<![CDATA[Internal error: fixture integrity at context
]]>
</system-err>
</testcase>
<testcase name="Dashboard Tests › should display projects in Projects Hub" classname="dashboard.spec.ts" time="90.001">
<failure message="dashboard.spec.ts:51:7 should display projects in Projects Hub" type="FAILURE">
<![CDATA[  [tablet-surface-pro] › dashboard.spec.ts:51:7 › Dashboard Tests › should display projects in Projects Hub 

    Test timeout of 30000ms exceeded while running "beforeEach" hook.

      2 |
      3 | test.describe('Dashboard Tests', () => {
    > 4 |   test.beforeEach(async ({ page }) => {
        |        ^
      5 |     // Set test mode header
      6 |     await page.setExtraHTTPHeaders({
      7 |       'x-test-mode': 'true'

        at /Users/thabonyembe/Documents/freeflow-app-9/tests/e2e/dashboard.spec.ts:4:8

    Error: page.click: Test ended.
    Call log:
      - waiting for locator('[data-testid="projects-tab"]')


      50 |
      51 |   test('should display projects in Projects Hub', async ({ page }) => {
    > 52 |     await page.click('[data-testid="projects-tab"]');
         |                ^
      53 |     await expect(page.locator('[data-testid="projects-hub"]')).toBeVisible();
      54 |     
      55 |     // Check for project items

        at /Users/thabonyembe/Documents/freeflow-app-9/tests/e2e/dashboard.spec.ts:52:16

    attachment #1: screenshot (image/png) ──────────────────────────────────────────────────────────
    test-results/dashboard-Dashboard-Tests-should-display-projects-in-Projects-Hub-tablet-surface-pro/test-failed-1.png
    ────────────────────────────────────────────────────────────────────────────────────────────────

    attachment #2: video (video/webm) ──────────────────────────────────────────────────────────────
    test-results/dashboard-Dashboard-Tests-should-display-projects-in-Projects-Hub-tablet-surface-pro/video.webm
    ────────────────────────────────────────────────────────────────────────────────────────────────

    attachment #3: screenshot (image/png) ──────────────────────────────────────────────────────────
    test-results/dashboard-Dashboard-Tests-should-display-projects-in-Projects-Hub-tablet-surface-pro/test-failed-2.png
    ────────────────────────────────────────────────────────────────────────────────────────────────

    Retry #1 ───────────────────────────────────────────────────────────────────────────────────────

    Test timeout of 30000ms exceeded while running "beforeEach" hook.

      2 |
      3 | test.describe('Dashboard Tests', () => {
    > 4 |   test.beforeEach(async ({ page }) => {
        |        ^
      5 |     // Set test mode header
      6 |     await page.setExtraHTTPHeaders({
      7 |       'x-test-mode': 'true'

        at /Users/thabonyembe/Documents/freeflow-app-9/tests/e2e/dashboard.spec.ts:4:8

    Error: page.click: Test ended.
    Call log:
      - waiting for locator('[data-testid="projects-tab"]')


      50 |
      51 |   test('should display projects in Projects Hub', async ({ page }) => {
    > 52 |     await page.click('[data-testid="projects-tab"]');
         |                ^
      53 |     await expect(page.locator('[data-testid="projects-hub"]')).toBeVisible();
      54 |     
      55 |     // Check for project items

        at /Users/thabonyembe/Documents/freeflow-app-9/tests/e2e/dashboard.spec.ts:52:16

    attachment #1: screenshot (image/png) ──────────────────────────────────────────────────────────
    test-results/dashboard-Dashboard-Tests-should-display-projects-in-Projects-Hub-tablet-surface-pro-retry1/test-failed-1.png
    ────────────────────────────────────────────────────────────────────────────────────────────────

    attachment #2: video (video/webm) ──────────────────────────────────────────────────────────────
    test-results/dashboard-Dashboard-Tests-should-display-projects-in-Projects-Hub-tablet-surface-pro-retry1/video.webm
    ────────────────────────────────────────────────────────────────────────────────────────────────

    attachment #3: screenshot (image/png) ──────────────────────────────────────────────────────────
    test-results/dashboard-Dashboard-Tests-should-display-projects-in-Projects-Hub-tablet-surface-pro-retry1/test-failed-2.png
    ────────────────────────────────────────────────────────────────────────────────────────────────

    attachment #4: trace (application/zip) ─────────────────────────────────────────────────────────
    test-results/dashboard-Dashboard-Tests-should-display-projects-in-Projects-Hub-tablet-surface-pro-retry1/trace.zip
    Usage:

        npx playwright show-trace test-results/dashboard-Dashboard-Tests-should-display-projects-in-Projects-Hub-tablet-surface-pro-retry1/trace.zip

    ────────────────────────────────────────────────────────────────────────────────────────────────

    Retry #2 ───────────────────────────────────────────────────────────────────────────────────────

    Test timeout of 30000ms exceeded while running "beforeEach" hook.

      2 |
      3 | test.describe('Dashboard Tests', () => {
    > 4 |   test.beforeEach(async ({ page }) => {
        |        ^
      5 |     // Set test mode header
      6 |     await page.setExtraHTTPHeaders({
      7 |       'x-test-mode': 'true'

        at /Users/thabonyembe/Documents/freeflow-app-9/tests/e2e/dashboard.spec.ts:4:8

    Error: page.click: Test ended.
    Call log:
      - waiting for locator('[data-testid="projects-tab"]')


      50 |
      51 |   test('should display projects in Projects Hub', async ({ page }) => {
    > 52 |     await page.click('[data-testid="projects-tab"]');
         |                ^
      53 |     await expect(page.locator('[data-testid="projects-hub"]')).toBeVisible();
      54 |     
      55 |     // Check for project items

        at /Users/thabonyembe/Documents/freeflow-app-9/tests/e2e/dashboard.spec.ts:52:16

    attachment #1: screenshot (image/png) ──────────────────────────────────────────────────────────
    test-results/dashboard-Dashboard-Tests-should-display-projects-in-Projects-Hub-tablet-surface-pro-retry2/test-failed-1.png
    ────────────────────────────────────────────────────────────────────────────────────────────────

    attachment #2: video (video/webm) ──────────────────────────────────────────────────────────────
    test-results/dashboard-Dashboard-Tests-should-display-projects-in-Projects-Hub-tablet-surface-pro-retry2/video.webm
    ────────────────────────────────────────────────────────────────────────────────────────────────

    attachment #3: screenshot (image/png) ──────────────────────────────────────────────────────────
    test-results/dashboard-Dashboard-Tests-should-display-projects-in-Projects-Hub-tablet-surface-pro-retry2/test-failed-2.png
    ────────────────────────────────────────────────────────────────────────────────────────────────
]]>
</failure>
<system-out>
<![CDATA[Dashboard title not found, continuing...

[[ATTACHMENT|dashboard-Dashboard-Tests-should-display-projects-in-Projects-Hub-tablet-surface-pro/test-failed-1.png]]

[[ATTACHMENT|dashboard-Dashboard-Tests-should-display-projects-in-Projects-Hub-tablet-surface-pro/video.webm]]

[[ATTACHMENT|dashboard-Dashboard-Tests-should-display-projects-in-Projects-Hub-tablet-surface-pro/test-failed-2.png]]
Dashboard title not found, continuing...

[[ATTACHMENT|dashboard-Dashboard-Tests-should-display-projects-in-Projects-Hub-tablet-surface-pro-retry1/test-failed-1.png]]

[[ATTACHMENT|dashboard-Dashboard-Tests-should-display-projects-in-Projects-Hub-tablet-surface-pro-retry1/video.webm]]

[[ATTACHMENT|dashboard-Dashboard-Tests-should-display-projects-in-Projects-Hub-tablet-surface-pro-retry1/test-failed-2.png]]

[[ATTACHMENT|dashboard-Dashboard-Tests-should-display-projects-in-Projects-Hub-tablet-surface-pro-retry1/trace.zip]]
Dashboard title not found, continuing...

[[ATTACHMENT|dashboard-Dashboard-Tests-should-display-projects-in-Projects-Hub-tablet-surface-pro-retry2/test-failed-1.png]]

[[ATTACHMENT|dashboard-Dashboard-Tests-should-display-projects-in-Projects-Hub-tablet-surface-pro-retry2/video.webm]]

[[ATTACHMENT|dashboard-Dashboard-Tests-should-display-projects-in-Projects-Hub-tablet-surface-pro-retry2/test-failed-2.png]]
]]>
</system-out>
<system-err>
<![CDATA[Internal error: fixture integrity at context
]]>
</system-err>
</testcase>
<testcase name="Dashboard Tests › should display team members with avatars" classname="dashboard.spec.ts" time="90.001">
<failure message="dashboard.spec.ts:61:7 should display team members with avatars" type="FAILURE">
<![CDATA[  [tablet-surface-pro] › dashboard.spec.ts:61:7 › Dashboard Tests › should display team members with avatars 

    Test timeout of 30000ms exceeded while running "beforeEach" hook.

      2 |
      3 | test.describe('Dashboard Tests', () => {
    > 4 |   test.beforeEach(async ({ page }) => {
        |        ^
      5 |     // Set test mode header
      6 |     await page.setExtraHTTPHeaders({
      7 |       'x-test-mode': 'true'

        at /Users/thabonyembe/Documents/freeflow-app-9/tests/e2e/dashboard.spec.ts:4:8

    Error: page.click: Test ended.
    Call log:
      - waiting for locator('[data-testid="team-tab"]')


      60 |
      61 |   test('should display team members with avatars', async ({ page }) => {
    > 62 |     await page.click('[data-testid="team-tab"]');
         |                ^
      63 |     await expect(page.locator('[data-testid="team-hub"]')).toBeVisible();
      64 |     
      65 |     // Check team members

        at /Users/thabonyembe/Documents/freeflow-app-9/tests/e2e/dashboard.spec.ts:62:16

    attachment #1: screenshot (image/png) ──────────────────────────────────────────────────────────
    test-results/dashboard-Dashboard-Tests-should-display-team-members-with-avatars-tablet-surface-pro/test-failed-1.png
    ────────────────────────────────────────────────────────────────────────────────────────────────

    attachment #2: video (video/webm) ──────────────────────────────────────────────────────────────
    test-results/dashboard-Dashboard-Tests-should-display-team-members-with-avatars-tablet-surface-pro/video.webm
    ────────────────────────────────────────────────────────────────────────────────────────────────

    attachment #3: screenshot (image/png) ──────────────────────────────────────────────────────────
    test-results/dashboard-Dashboard-Tests-should-display-team-members-with-avatars-tablet-surface-pro/test-failed-2.png
    ────────────────────────────────────────────────────────────────────────────────────────────────

    Retry #1 ───────────────────────────────────────────────────────────────────────────────────────

    Test timeout of 30000ms exceeded while running "beforeEach" hook.

      2 |
      3 | test.describe('Dashboard Tests', () => {
    > 4 |   test.beforeEach(async ({ page }) => {
        |        ^
      5 |     // Set test mode header
      6 |     await page.setExtraHTTPHeaders({
      7 |       'x-test-mode': 'true'

        at /Users/thabonyembe/Documents/freeflow-app-9/tests/e2e/dashboard.spec.ts:4:8

    Error: page.click: Test ended.
    Call log:
      - waiting for locator('[data-testid="team-tab"]')


      60 |
      61 |   test('should display team members with avatars', async ({ page }) => {
    > 62 |     await page.click('[data-testid="team-tab"]');
         |                ^
      63 |     await expect(page.locator('[data-testid="team-hub"]')).toBeVisible();
      64 |     
      65 |     // Check team members

        at /Users/thabonyembe/Documents/freeflow-app-9/tests/e2e/dashboard.spec.ts:62:16

    attachment #1: screenshot (image/png) ──────────────────────────────────────────────────────────
    test-results/dashboard-Dashboard-Tests-should-display-team-members-with-avatars-tablet-surface-pro-retry1/test-failed-1.png
    ────────────────────────────────────────────────────────────────────────────────────────────────

    attachment #2: video (video/webm) ──────────────────────────────────────────────────────────────
    test-results/dashboard-Dashboard-Tests-should-display-team-members-with-avatars-tablet-surface-pro-retry1/video.webm
    ────────────────────────────────────────────────────────────────────────────────────────────────

    attachment #3: screenshot (image/png) ──────────────────────────────────────────────────────────
    test-results/dashboard-Dashboard-Tests-should-display-team-members-with-avatars-tablet-surface-pro-retry1/test-failed-2.png
    ────────────────────────────────────────────────────────────────────────────────────────────────

    attachment #4: trace (application/zip) ─────────────────────────────────────────────────────────
    test-results/dashboard-Dashboard-Tests-should-display-team-members-with-avatars-tablet-surface-pro-retry1/trace.zip
    Usage:

        npx playwright show-trace test-results/dashboard-Dashboard-Tests-should-display-team-members-with-avatars-tablet-surface-pro-retry1/trace.zip

    ────────────────────────────────────────────────────────────────────────────────────────────────

    Retry #2 ───────────────────────────────────────────────────────────────────────────────────────

    Test timeout of 30000ms exceeded while running "beforeEach" hook.

      2 |
      3 | test.describe('Dashboard Tests', () => {
    > 4 |   test.beforeEach(async ({ page }) => {
        |        ^
      5 |     // Set test mode header
      6 |     await page.setExtraHTTPHeaders({
      7 |       'x-test-mode': 'true'

        at /Users/thabonyembe/Documents/freeflow-app-9/tests/e2e/dashboard.spec.ts:4:8

    Error: page.click: Test ended.
    Call log:
      - waiting for locator('[data-testid="team-tab"]')


      60 |
      61 |   test('should display team members with avatars', async ({ page }) => {
    > 62 |     await page.click('[data-testid="team-tab"]');
         |                ^
      63 |     await expect(page.locator('[data-testid="team-hub"]')).toBeVisible();
      64 |     
      65 |     // Check team members

        at /Users/thabonyembe/Documents/freeflow-app-9/tests/e2e/dashboard.spec.ts:62:16

    attachment #1: screenshot (image/png) ──────────────────────────────────────────────────────────
    test-results/dashboard-Dashboard-Tests-should-display-team-members-with-avatars-tablet-surface-pro-retry2/test-failed-1.png
    ────────────────────────────────────────────────────────────────────────────────────────────────

    attachment #2: video (video/webm) ──────────────────────────────────────────────────────────────
    test-results/dashboard-Dashboard-Tests-should-display-team-members-with-avatars-tablet-surface-pro-retry2/video.webm
    ────────────────────────────────────────────────────────────────────────────────────────────────

    attachment #3: screenshot (image/png) ──────────────────────────────────────────────────────────
    test-results/dashboard-Dashboard-Tests-should-display-team-members-with-avatars-tablet-surface-pro-retry2/test-failed-2.png
    ────────────────────────────────────────────────────────────────────────────────────────────────
]]>
</failure>
<system-out>
<![CDATA[Dashboard title not found, continuing...

[[ATTACHMENT|dashboard-Dashboard-Tests-should-display-team-members-with-avatars-tablet-surface-pro/test-failed-1.png]]

[[ATTACHMENT|dashboard-Dashboard-Tests-should-display-team-members-with-avatars-tablet-surface-pro/video.webm]]

[[ATTACHMENT|dashboard-Dashboard-Tests-should-display-team-members-with-avatars-tablet-surface-pro/test-failed-2.png]]
Dashboard title not found, continuing...

[[ATTACHMENT|dashboard-Dashboard-Tests-should-display-team-members-with-avatars-tablet-surface-pro-retry1/test-failed-1.png]]

[[ATTACHMENT|dashboard-Dashboard-Tests-should-display-team-members-with-avatars-tablet-surface-pro-retry1/video.webm]]

[[ATTACHMENT|dashboard-Dashboard-Tests-should-display-team-members-with-avatars-tablet-surface-pro-retry1/test-failed-2.png]]

[[ATTACHMENT|dashboard-Dashboard-Tests-should-display-team-members-with-avatars-tablet-surface-pro-retry1/trace.zip]]
Dashboard title not found, continuing...

[[ATTACHMENT|dashboard-Dashboard-Tests-should-display-team-members-with-avatars-tablet-surface-pro-retry2/test-failed-1.png]]

[[ATTACHMENT|dashboard-Dashboard-Tests-should-display-team-members-with-avatars-tablet-surface-pro-retry2/video.webm]]

[[ATTACHMENT|dashboard-Dashboard-Tests-should-display-team-members-with-avatars-tablet-surface-pro-retry2/test-failed-2.png]]
]]>
</system-out>
<system-err>
<![CDATA[Internal error: fixture integrity at context
]]>
</system-err>
</testcase>
<testcase name="Dashboard Tests › should handle new project button click" classname="dashboard.spec.ts" time="90.001">
<failure message="dashboard.spec.ts:73:7 should handle new project button click" type="FAILURE">
<![CDATA[  [tablet-surface-pro] › dashboard.spec.ts:73:7 › Dashboard Tests › should handle new project button click 

    Test timeout of 30000ms exceeded while running "beforeEach" hook.

      2 |
      3 | test.describe('Dashboard Tests', () => {
    > 4 |   test.beforeEach(async ({ page }) => {
        |        ^
      5 |     // Set test mode header
      6 |     await page.setExtraHTTPHeaders({
      7 |       'x-test-mode': 'true'

        at /Users/thabonyembe/Documents/freeflow-app-9/tests/e2e/dashboard.spec.ts:4:8

    Error: expect(locator).toBeVisible()

    Locator: locator('[data-testid="new-project-button"]')
    Expected: visible
    Received: hidden
    Call log:
      - expect.toBeVisible with timeout 5000ms
      - waiting for locator('[data-testid="new-project-button"]')


      73 |   test('should handle new project button click', async ({ page }) => {
      74 |     const newProjectButton = page.locator('[data-testid="new-project-button"]');
    > 75 |     await expect(newProjectButton).toBeVisible();
         |                                    ^
      76 |     await expect(newProjectButton).toBeEnabled();
      77 |     
      78 |     // Click should be possible (actual navigation tested separately)

        at /Users/thabonyembe/Documents/freeflow-app-9/tests/e2e/dashboard.spec.ts:75:36

    attachment #1: screenshot (image/png) ──────────────────────────────────────────────────────────
    test-results/dashboard-Dashboard-Tests-should-handle-new-project-button-click-tablet-surface-pro/test-failed-1.png
    ────────────────────────────────────────────────────────────────────────────────────────────────

    attachment #2: video (video/webm) ──────────────────────────────────────────────────────────────
    test-results/dashboard-Dashboard-Tests-should-handle-new-project-button-click-tablet-surface-pro/video.webm
    ────────────────────────────────────────────────────────────────────────────────────────────────

    attachment #3: screenshot (image/png) ──────────────────────────────────────────────────────────
    test-results/dashboard-Dashboard-Tests-should-handle-new-project-button-click-tablet-surface-pro/test-failed-2.png
    ────────────────────────────────────────────────────────────────────────────────────────────────

    Retry #1 ───────────────────────────────────────────────────────────────────────────────────────

    Test timeout of 30000ms exceeded while running "beforeEach" hook.

      2 |
      3 | test.describe('Dashboard Tests', () => {
    > 4 |   test.beforeEach(async ({ page }) => {
        |        ^
      5 |     // Set test mode header
      6 |     await page.setExtraHTTPHeaders({
      7 |       'x-test-mode': 'true'

        at /Users/thabonyembe/Documents/freeflow-app-9/tests/e2e/dashboard.spec.ts:4:8

    Error: expect(locator).toBeVisible()

    Locator: locator('[data-testid="new-project-button"]')
    Expected: visible
    Received: hidden
    Call log:
      - expect.toBeVisible with timeout 5000ms
      - waiting for locator('[data-testid="new-project-button"]')


      73 |   test('should handle new project button click', async ({ page }) => {
      74 |     const newProjectButton = page.locator('[data-testid="new-project-button"]');
    > 75 |     await expect(newProjectButton).toBeVisible();
         |                                    ^
      76 |     await expect(newProjectButton).toBeEnabled();
      77 |     
      78 |     // Click should be possible (actual navigation tested separately)

        at /Users/thabonyembe/Documents/freeflow-app-9/tests/e2e/dashboard.spec.ts:75:36

    attachment #1: screenshot (image/png) ──────────────────────────────────────────────────────────
    test-results/dashboard-Dashboard-Tests-should-handle-new-project-button-click-tablet-surface-pro-retry1/test-failed-1.png
    ────────────────────────────────────────────────────────────────────────────────────────────────

    attachment #2: video (video/webm) ──────────────────────────────────────────────────────────────
    test-results/dashboard-Dashboard-Tests-should-handle-new-project-button-click-tablet-surface-pro-retry1/video.webm
    ────────────────────────────────────────────────────────────────────────────────────────────────

    attachment #3: screenshot (image/png) ──────────────────────────────────────────────────────────
    test-results/dashboard-Dashboard-Tests-should-handle-new-project-button-click-tablet-surface-pro-retry1/test-failed-2.png
    ────────────────────────────────────────────────────────────────────────────────────────────────

    attachment #4: trace (application/zip) ─────────────────────────────────────────────────────────
    test-results/dashboard-Dashboard-Tests-should-handle-new-project-button-click-tablet-surface-pro-retry1/trace.zip
    Usage:

        npx playwright show-trace test-results/dashboard-Dashboard-Tests-should-handle-new-project-button-click-tablet-surface-pro-retry1/trace.zip

    ────────────────────────────────────────────────────────────────────────────────────────────────

    Retry #2 ───────────────────────────────────────────────────────────────────────────────────────

    Test timeout of 30000ms exceeded while running "beforeEach" hook.

      2 |
      3 | test.describe('Dashboard Tests', () => {
    > 4 |   test.beforeEach(async ({ page }) => {
        |        ^
      5 |     // Set test mode header
      6 |     await page.setExtraHTTPHeaders({
      7 |       'x-test-mode': 'true'

        at /Users/thabonyembe/Documents/freeflow-app-9/tests/e2e/dashboard.spec.ts:4:8

    Error: expect(locator).toBeVisible()

    Locator: locator('[data-testid="new-project-button"]')
    Expected: visible
    Received: hidden
    Call log:
      - expect.toBeVisible with timeout 5000ms
      - waiting for locator('[data-testid="new-project-button"]')


      73 |   test('should handle new project button click', async ({ page }) => {
      74 |     const newProjectButton = page.locator('[data-testid="new-project-button"]');
    > 75 |     await expect(newProjectButton).toBeVisible();
         |                                    ^
      76 |     await expect(newProjectButton).toBeEnabled();
      77 |     
      78 |     // Click should be possible (actual navigation tested separately)

        at /Users/thabonyembe/Documents/freeflow-app-9/tests/e2e/dashboard.spec.ts:75:36

    attachment #1: screenshot (image/png) ──────────────────────────────────────────────────────────
    test-results/dashboard-Dashboard-Tests-should-handle-new-project-button-click-tablet-surface-pro-retry2/test-failed-1.png
    ────────────────────────────────────────────────────────────────────────────────────────────────

    attachment #2: video (video/webm) ──────────────────────────────────────────────────────────────
    test-results/dashboard-Dashboard-Tests-should-handle-new-project-button-click-tablet-surface-pro-retry2/video.webm
    ────────────────────────────────────────────────────────────────────────────────────────────────

    attachment #3: screenshot (image/png) ──────────────────────────────────────────────────────────
    test-results/dashboard-Dashboard-Tests-should-handle-new-project-button-click-tablet-surface-pro-retry2/test-failed-2.png
    ────────────────────────────────────────────────────────────────────────────────────────────────
]]>
</failure>
<system-out>
<![CDATA[Dashboard title not found, continuing...

[[ATTACHMENT|dashboard-Dashboard-Tests-should-handle-new-project-button-click-tablet-surface-pro/test-failed-1.png]]

[[ATTACHMENT|dashboard-Dashboard-Tests-should-handle-new-project-button-click-tablet-surface-pro/video.webm]]

[[ATTACHMENT|dashboard-Dashboard-Tests-should-handle-new-project-button-click-tablet-surface-pro/test-failed-2.png]]
Dashboard title not found, continuing...

[[ATTACHMENT|dashboard-Dashboard-Tests-should-handle-new-project-button-click-tablet-surface-pro-retry1/test-failed-1.png]]

[[ATTACHMENT|dashboard-Dashboard-Tests-should-handle-new-project-button-click-tablet-surface-pro-retry1/video.webm]]

[[ATTACHMENT|dashboard-Dashboard-Tests-should-handle-new-project-button-click-tablet-surface-pro-retry1/test-failed-2.png]]

[[ATTACHMENT|dashboard-Dashboard-Tests-should-handle-new-project-button-click-tablet-surface-pro-retry1/trace.zip]]
Dashboard title not found, continuing...

[[ATTACHMENT|dashboard-Dashboard-Tests-should-handle-new-project-button-click-tablet-surface-pro-retry2/test-failed-1.png]]

[[ATTACHMENT|dashboard-Dashboard-Tests-should-handle-new-project-button-click-tablet-surface-pro-retry2/video.webm]]

[[ATTACHMENT|dashboard-Dashboard-Tests-should-handle-new-project-button-click-tablet-surface-pro-retry2/test-failed-2.png]]
]]>
</system-out>
<system-err>
<![CDATA[Internal error: fixture integrity at context
]]>
</system-err>
</testcase>
<testcase name="Dashboard Tests › should be responsive on mobile" classname="dashboard.spec.ts" time="90.002">
<failure message="dashboard.spec.ts:82:7 should be responsive on mobile" type="FAILURE">
<![CDATA[  [tablet-surface-pro] › dashboard.spec.ts:82:7 › Dashboard Tests › should be responsive on mobile ─

    Test timeout of 30000ms exceeded while running "beforeEach" hook.

      2 |
      3 | test.describe('Dashboard Tests', () => {
    > 4 |   test.beforeEach(async ({ page }) => {
        |        ^
      5 |     // Set test mode header
      6 |     await page.setExtraHTTPHeaders({
      7 |       'x-test-mode': 'true'

        at /Users/thabonyembe/Documents/freeflow-app-9/tests/e2e/dashboard.spec.ts:4:8

    Error: expect(locator).toBeVisible()

    Locator: locator('[data-testid="dashboard-container"]')
    Expected: visible
    Received: hidden
    Call log:
      - expect.toBeVisible with timeout 5000ms
      - waiting for locator('[data-testid="dashboard-container"]')


      83 |     await page.setViewportSize({ width: 375, height: 667 });
      84 |     
    > 85 |     await expect(page.locator('[data-testid="dashboard-container"]')).toBeVisible();
         |                                                                       ^
      86 |     await expect(page.locator('[data-testid="dashboard-title"]')).toBeVisible();
      87 |     
      88 |     // Stats should stack on mobile

        at /Users/thabonyembe/Documents/freeflow-app-9/tests/e2e/dashboard.spec.ts:85:71

    attachment #1: screenshot (image/png) ──────────────────────────────────────────────────────────
    test-results/dashboard-Dashboard-Tests-should-be-responsive-on-mobile-tablet-surface-pro/test-failed-1.png
    ────────────────────────────────────────────────────────────────────────────────────────────────

    attachment #2: video (video/webm) ──────────────────────────────────────────────────────────────
    test-results/dashboard-Dashboard-Tests-should-be-responsive-on-mobile-tablet-surface-pro/video.webm
    ────────────────────────────────────────────────────────────────────────────────────────────────

    attachment #3: screenshot (image/png) ──────────────────────────────────────────────────────────
    test-results/dashboard-Dashboard-Tests-should-be-responsive-on-mobile-tablet-surface-pro/test-failed-2.png
    ────────────────────────────────────────────────────────────────────────────────────────────────

    Retry #1 ───────────────────────────────────────────────────────────────────────────────────────

    Test timeout of 30000ms exceeded while running "beforeEach" hook.

      2 |
      3 | test.describe('Dashboard Tests', () => {
    > 4 |   test.beforeEach(async ({ page }) => {
        |        ^
      5 |     // Set test mode header
      6 |     await page.setExtraHTTPHeaders({
      7 |       'x-test-mode': 'true'

        at /Users/thabonyembe/Documents/freeflow-app-9/tests/e2e/dashboard.spec.ts:4:8

    Error: expect(locator).toBeVisible()

    Locator: locator('[data-testid="dashboard-container"]')
    Expected: visible
    Received: hidden
    Call log:
      - expect.toBeVisible with timeout 5000ms
      - waiting for locator('[data-testid="dashboard-container"]')


      83 |     await page.setViewportSize({ width: 375, height: 667 });
      84 |     
    > 85 |     await expect(page.locator('[data-testid="dashboard-container"]')).toBeVisible();
         |                                                                       ^
      86 |     await expect(page.locator('[data-testid="dashboard-title"]')).toBeVisible();
      87 |     
      88 |     // Stats should stack on mobile

        at /Users/thabonyembe/Documents/freeflow-app-9/tests/e2e/dashboard.spec.ts:85:71

    attachment #1: screenshot (image/png) ──────────────────────────────────────────────────────────
    test-results/dashboard-Dashboard-Tests-should-be-responsive-on-mobile-tablet-surface-pro-retry1/test-failed-1.png
    ────────────────────────────────────────────────────────────────────────────────────────────────

    attachment #2: video (video/webm) ──────────────────────────────────────────────────────────────
    test-results/dashboard-Dashboard-Tests-should-be-responsive-on-mobile-tablet-surface-pro-retry1/video.webm
    ────────────────────────────────────────────────────────────────────────────────────────────────

    attachment #3: screenshot (image/png) ──────────────────────────────────────────────────────────
    test-results/dashboard-Dashboard-Tests-should-be-responsive-on-mobile-tablet-surface-pro-retry1/test-failed-2.png
    ────────────────────────────────────────────────────────────────────────────────────────────────

    attachment #4: trace (application/zip) ─────────────────────────────────────────────────────────
    test-results/dashboard-Dashboard-Tests-should-be-responsive-on-mobile-tablet-surface-pro-retry1/trace.zip
    Usage:

        npx playwright show-trace test-results/dashboard-Dashboard-Tests-should-be-responsive-on-mobile-tablet-surface-pro-retry1/trace.zip

    ────────────────────────────────────────────────────────────────────────────────────────────────

    Retry #2 ───────────────────────────────────────────────────────────────────────────────────────

    Test timeout of 30000ms exceeded while running "beforeEach" hook.

      2 |
      3 | test.describe('Dashboard Tests', () => {
    > 4 |   test.beforeEach(async ({ page }) => {
        |        ^
      5 |     // Set test mode header
      6 |     await page.setExtraHTTPHeaders({
      7 |       'x-test-mode': 'true'

        at /Users/thabonyembe/Documents/freeflow-app-9/tests/e2e/dashboard.spec.ts:4:8

    Error: expect(locator).toBeVisible()

    Locator: locator('[data-testid="dashboard-container"]')
    Expected: visible
    Received: hidden
    Call log:
      - expect.toBeVisible with timeout 5000ms
      - waiting for locator('[data-testid="dashboard-container"]')


      83 |     await page.setViewportSize({ width: 375, height: 667 });
      84 |     
    > 85 |     await expect(page.locator('[data-testid="dashboard-container"]')).toBeVisible();
         |                                                                       ^
      86 |     await expect(page.locator('[data-testid="dashboard-title"]')).toBeVisible();
      87 |     
      88 |     // Stats should stack on mobile

        at /Users/thabonyembe/Documents/freeflow-app-9/tests/e2e/dashboard.spec.ts:85:71

    attachment #1: screenshot (image/png) ──────────────────────────────────────────────────────────
    test-results/dashboard-Dashboard-Tests-should-be-responsive-on-mobile-tablet-surface-pro-retry2/test-failed-1.png
    ────────────────────────────────────────────────────────────────────────────────────────────────

    attachment #2: video (video/webm) ──────────────────────────────────────────────────────────────
    test-results/dashboard-Dashboard-Tests-should-be-responsive-on-mobile-tablet-surface-pro-retry2/video.webm
    ────────────────────────────────────────────────────────────────────────────────────────────────

    attachment #3: screenshot (image/png) ──────────────────────────────────────────────────────────
    test-results/dashboard-Dashboard-Tests-should-be-responsive-on-mobile-tablet-surface-pro-retry2/test-failed-2.png
    ────────────────────────────────────────────────────────────────────────────────────────────────
]]>
</failure>
<system-out>
<![CDATA[Dashboard title not found, continuing...

[[ATTACHMENT|dashboard-Dashboard-Tests-should-be-responsive-on-mobile-tablet-surface-pro/test-failed-1.png]]

[[ATTACHMENT|dashboard-Dashboard-Tests-should-be-responsive-on-mobile-tablet-surface-pro/video.webm]]

[[ATTACHMENT|dashboard-Dashboard-Tests-should-be-responsive-on-mobile-tablet-surface-pro/test-failed-2.png]]
Dashboard title not found, continuing...

[[ATTACHMENT|dashboard-Dashboard-Tests-should-be-responsive-on-mobile-tablet-surface-pro-retry1/test-failed-1.png]]

[[ATTACHMENT|dashboard-Dashboard-Tests-should-be-responsive-on-mobile-tablet-surface-pro-retry1/video.webm]]

[[ATTACHMENT|dashboard-Dashboard-Tests-should-be-responsive-on-mobile-tablet-surface-pro-retry1/test-failed-2.png]]

[[ATTACHMENT|dashboard-Dashboard-Tests-should-be-responsive-on-mobile-tablet-surface-pro-retry1/trace.zip]]
Dashboard title not found, continuing...

[[ATTACHMENT|dashboard-Dashboard-Tests-should-be-responsive-on-mobile-tablet-surface-pro-retry2/test-failed-1.png]]

[[ATTACHMENT|dashboard-Dashboard-Tests-should-be-responsive-on-mobile-tablet-surface-pro-retry2/video.webm]]

[[ATTACHMENT|dashboard-Dashboard-Tests-should-be-responsive-on-mobile-tablet-surface-pro-retry2/test-failed-2.png]]
]]>
</system-out>
<system-err>
<![CDATA[Internal error: fixture integrity at context
]]>
</system-err>
</testcase>
<testcase name="Dashboard Tests › should load team member avatars without 404 errors" classname="dashboard.spec.ts" time="90.002">
<failure message="dashboard.spec.ts:93:7 should load team member avatars without 404 errors" type="FAILURE">
<![CDATA[  [tablet-surface-pro] › dashboard.spec.ts:93:7 › Dashboard Tests › should load team member avatars without 404 errors 

    Test timeout of 30000ms exceeded while running "beforeEach" hook.

      2 |
      3 | test.describe('Dashboard Tests', () => {
    > 4 |   test.beforeEach(async ({ page }) => {
        |        ^
      5 |     // Set test mode header
      6 |     await page.setExtraHTTPHeaders({
      7 |       'x-test-mode': 'true'

        at /Users/thabonyembe/Documents/freeflow-app-9/tests/e2e/dashboard.spec.ts:4:8

    Error: page.click: Test ended.
    Call log:
      - waiting for locator('[data-testid="team-tab"]')


      100 |     });
      101 |     
    > 102 |     await page.click('[data-testid="team-tab"]');
          |                ^
      103 |     await page.waitForTimeout(2000); // Wait for images to load
      104 |     
      105 |     expect(failedRequests).toHaveLength(0);

        at /Users/thabonyembe/Documents/freeflow-app-9/tests/e2e/dashboard.spec.ts:102:16

    attachment #1: screenshot (image/png) ──────────────────────────────────────────────────────────
    test-results/dashboard-Dashboard-Tests-should-load-team-member-avatars-without-404-errors-tablet-surface-pro/test-failed-1.png
    ────────────────────────────────────────────────────────────────────────────────────────────────

    attachment #2: video (video/webm) ──────────────────────────────────────────────────────────────
    test-results/dashboard-Dashboard-Tests-should-load-team-member-avatars-without-404-errors-tablet-surface-pro/video.webm
    ────────────────────────────────────────────────────────────────────────────────────────────────

    attachment #3: screenshot (image/png) ──────────────────────────────────────────────────────────
    test-results/dashboard-Dashboard-Tests-should-load-team-member-avatars-without-404-errors-tablet-surface-pro/test-failed-2.png
    ────────────────────────────────────────────────────────────────────────────────────────────────

    Retry #1 ───────────────────────────────────────────────────────────────────────────────────────

    Test timeout of 30000ms exceeded while running "beforeEach" hook.

      2 |
      3 | test.describe('Dashboard Tests', () => {
    > 4 |   test.beforeEach(async ({ page }) => {
        |        ^
      5 |     // Set test mode header
      6 |     await page.setExtraHTTPHeaders({
      7 |       'x-test-mode': 'true'

        at /Users/thabonyembe/Documents/freeflow-app-9/tests/e2e/dashboard.spec.ts:4:8

    Error: page.click: Test ended.
    Call log:
      - waiting for locator('[data-testid="team-tab"]')


      100 |     });
      101 |     
    > 102 |     await page.click('[data-testid="team-tab"]');
          |                ^
      103 |     await page.waitForTimeout(2000); // Wait for images to load
      104 |     
      105 |     expect(failedRequests).toHaveLength(0);

        at /Users/thabonyembe/Documents/freeflow-app-9/tests/e2e/dashboard.spec.ts:102:16

    attachment #1: screenshot (image/png) ──────────────────────────────────────────────────────────
    test-results/dashboard-Dashboard-Tests-should-load-team-member-avatars-without-404-errors-tablet-surface-pro-retry1/test-failed-1.png
    ────────────────────────────────────────────────────────────────────────────────────────────────

    attachment #2: video (video/webm) ──────────────────────────────────────────────────────────────
    test-results/dashboard-Dashboard-Tests-should-load-team-member-avatars-without-404-errors-tablet-surface-pro-retry1/video.webm
    ────────────────────────────────────────────────────────────────────────────────────────────────

    attachment #3: screenshot (image/png) ──────────────────────────────────────────────────────────
    test-results/dashboard-Dashboard-Tests-should-load-team-member-avatars-without-404-errors-tablet-surface-pro-retry1/test-failed-2.png
    ────────────────────────────────────────────────────────────────────────────────────────────────

    attachment #4: trace (application/zip) ─────────────────────────────────────────────────────────
    test-results/dashboard-Dashboard-Tests-should-load-team-member-avatars-without-404-errors-tablet-surface-pro-retry1/trace.zip
    Usage:

        npx playwright show-trace test-results/dashboard-Dashboard-Tests-should-load-team-member-avatars-without-404-errors-tablet-surface-pro-retry1/trace.zip

    ────────────────────────────────────────────────────────────────────────────────────────────────

    Retry #2 ───────────────────────────────────────────────────────────────────────────────────────

    Test timeout of 30000ms exceeded while running "beforeEach" hook.

      2 |
      3 | test.describe('Dashboard Tests', () => {
    > 4 |   test.beforeEach(async ({ page }) => {
        |        ^
      5 |     // Set test mode header
      6 |     await page.setExtraHTTPHeaders({
      7 |       'x-test-mode': 'true'

        at /Users/thabonyembe/Documents/freeflow-app-9/tests/e2e/dashboard.spec.ts:4:8

    Error: page.click: Test ended.
    Call log:
      - waiting for locator('[data-testid="team-tab"]')


      100 |     });
      101 |     
    > 102 |     await page.click('[data-testid="team-tab"]');
          |                ^
      103 |     await page.waitForTimeout(2000); // Wait for images to load
      104 |     
      105 |     expect(failedRequests).toHaveLength(0);

        at /Users/thabonyembe/Documents/freeflow-app-9/tests/e2e/dashboard.spec.ts:102:16

    attachment #1: screenshot (image/png) ──────────────────────────────────────────────────────────
    test-results/dashboard-Dashboard-Tests-should-load-team-member-avatars-without-404-errors-tablet-surface-pro-retry2/test-failed-1.png
    ────────────────────────────────────────────────────────────────────────────────────────────────

    attachment #2: video (video/webm) ──────────────────────────────────────────────────────────────
    test-results/dashboard-Dashboard-Tests-should-load-team-member-avatars-without-404-errors-tablet-surface-pro-retry2/video.webm
    ────────────────────────────────────────────────────────────────────────────────────────────────

    attachment #3: screenshot (image/png) ──────────────────────────────────────────────────────────
    test-results/dashboard-Dashboard-Tests-should-load-team-member-avatars-without-404-errors-tablet-surface-pro-retry2/test-failed-2.png
    ────────────────────────────────────────────────────────────────────────────────────────────────
]]>
</failure>
<system-out>
<![CDATA[Dashboard title not found, continuing...

[[ATTACHMENT|dashboard-Dashboard-Tests-should-load-team-member-avatars-without-404-errors-tablet-surface-pro/test-failed-1.png]]

[[ATTACHMENT|dashboard-Dashboard-Tests-should-load-team-member-avatars-without-404-errors-tablet-surface-pro/video.webm]]

[[ATTACHMENT|dashboard-Dashboard-Tests-should-load-team-member-avatars-without-404-errors-tablet-surface-pro/test-failed-2.png]]
Dashboard title not found, continuing...

[[ATTACHMENT|dashboard-Dashboard-Tests-should-load-team-member-avatars-without-404-errors-tablet-surface-pro-retry1/test-failed-1.png]]

[[ATTACHMENT|dashboard-Dashboard-Tests-should-load-team-member-avatars-without-404-errors-tablet-surface-pro-retry1/video.webm]]

[[ATTACHMENT|dashboard-Dashboard-Tests-should-load-team-member-avatars-without-404-errors-tablet-surface-pro-retry1/test-failed-2.png]]

[[ATTACHMENT|dashboard-Dashboard-Tests-should-load-team-member-avatars-without-404-errors-tablet-surface-pro-retry1/trace.zip]]
Dashboard title not found, continuing...

[[ATTACHMENT|dashboard-Dashboard-Tests-should-load-team-member-avatars-without-404-errors-tablet-surface-pro-retry2/test-failed-1.png]]

[[ATTACHMENT|dashboard-Dashboard-Tests-should-load-team-member-avatars-without-404-errors-tablet-surface-pro-retry2/video.webm]]

[[ATTACHMENT|dashboard-Dashboard-Tests-should-load-team-member-avatars-without-404-errors-tablet-surface-pro-retry2/test-failed-2.png]]
]]>
</system-out>
</testcase>
<testcase name="Dashboard Tests › should have proper accessibility labels" classname="dashboard.spec.ts" time="90.004">
<failure message="dashboard.spec.ts:108:7 should have proper accessibility labels" type="FAILURE">
<![CDATA[  [tablet-surface-pro] › dashboard.spec.ts:108:7 › Dashboard Tests › should have proper accessibility labels 

    Test timeout of 30000ms exceeded while running "beforeEach" hook.

      2 |
      3 | test.describe('Dashboard Tests', () => {
    > 4 |   test.beforeEach(async ({ page }) => {
        |        ^
      5 |     // Set test mode header
      6 |     await page.setExtraHTTPHeaders({
      7 |       'x-test-mode': 'true'

        at /Users/thabonyembe/Documents/freeflow-app-9/tests/e2e/dashboard.spec.ts:4:8

    Error: expect(locator).toBeVisible()

    Locator: locator('h1[data-testid="dashboard-title"]')
    Expected: visible
    Received: hidden
    Call log:
      - expect.toBeVisible with timeout 5000ms
      - waiting for locator('h1[data-testid="dashboard-title"]')


      108 |   test('should have proper accessibility labels', async ({ page }) => {
      109 |     // Check for proper ARIA labels and semantic HTML
    > 110 |     await expect(page.locator('h1[data-testid="dashboard-title"]')).toBeVisible();
          |                                                                     ^
      111 |     
      112 |     // Navigation should be accessible
      113 |     const tabs = page.locator('[role="tablist"]');

        at /Users/thabonyembe/Documents/freeflow-app-9/tests/e2e/dashboard.spec.ts:110:69

    attachment #1: screenshot (image/png) ──────────────────────────────────────────────────────────
    test-results/dashboard-Dashboard-Tests-should-have-proper-accessibility-labels-tablet-surface-pro/test-failed-1.png
    ────────────────────────────────────────────────────────────────────────────────────────────────

    attachment #2: video (video/webm) ──────────────────────────────────────────────────────────────
    test-results/dashboard-Dashboard-Tests-should-have-proper-accessibility-labels-tablet-surface-pro/video.webm
    ────────────────────────────────────────────────────────────────────────────────────────────────

    attachment #3: screenshot (image/png) ──────────────────────────────────────────────────────────
    test-results/dashboard-Dashboard-Tests-should-have-proper-accessibility-labels-tablet-surface-pro/test-failed-2.png
    ────────────────────────────────────────────────────────────────────────────────────────────────

    Retry #1 ───────────────────────────────────────────────────────────────────────────────────────

    Test timeout of 30000ms exceeded while running "beforeEach" hook.

      2 |
      3 | test.describe('Dashboard Tests', () => {
    > 4 |   test.beforeEach(async ({ page }) => {
        |        ^
      5 |     // Set test mode header
      6 |     await page.setExtraHTTPHeaders({
      7 |       'x-test-mode': 'true'

        at /Users/thabonyembe/Documents/freeflow-app-9/tests/e2e/dashboard.spec.ts:4:8

    Error: expect(locator).toBeVisible()

    Locator: locator('h1[data-testid="dashboard-title"]')
    Expected: visible
    Received: hidden
    Call log:
      - expect.toBeVisible with timeout 5000ms
      - waiting for locator('h1[data-testid="dashboard-title"]')


      108 |   test('should have proper accessibility labels', async ({ page }) => {
      109 |     // Check for proper ARIA labels and semantic HTML
    > 110 |     await expect(page.locator('h1[data-testid="dashboard-title"]')).toBeVisible();
          |                                                                     ^
      111 |     
      112 |     // Navigation should be accessible
      113 |     const tabs = page.locator('[role="tablist"]');

        at /Users/thabonyembe/Documents/freeflow-app-9/tests/e2e/dashboard.spec.ts:110:69

    attachment #1: screenshot (image/png) ──────────────────────────────────────────────────────────
    test-results/dashboard-Dashboard-Tests-should-have-proper-accessibility-labels-tablet-surface-pro-retry1/test-failed-1.png
    ────────────────────────────────────────────────────────────────────────────────────────────────

    attachment #2: video (video/webm) ──────────────────────────────────────────────────────────────
    test-results/dashboard-Dashboard-Tests-should-have-proper-accessibility-labels-tablet-surface-pro-retry1/video.webm
    ────────────────────────────────────────────────────────────────────────────────────────────────

    attachment #3: screenshot (image/png) ──────────────────────────────────────────────────────────
    test-results/dashboard-Dashboard-Tests-should-have-proper-accessibility-labels-tablet-surface-pro-retry1/test-failed-2.png
    ────────────────────────────────────────────────────────────────────────────────────────────────

    attachment #4: trace (application/zip) ─────────────────────────────────────────────────────────
    test-results/dashboard-Dashboard-Tests-should-have-proper-accessibility-labels-tablet-surface-pro-retry1/trace.zip
    Usage:

        npx playwright show-trace test-results/dashboard-Dashboard-Tests-should-have-proper-accessibility-labels-tablet-surface-pro-retry1/trace.zip

    ────────────────────────────────────────────────────────────────────────────────────────────────

    Retry #2 ───────────────────────────────────────────────────────────────────────────────────────

    Test timeout of 30000ms exceeded while running "beforeEach" hook.

      2 |
      3 | test.describe('Dashboard Tests', () => {
    > 4 |   test.beforeEach(async ({ page }) => {
        |        ^
      5 |     // Set test mode header
      6 |     await page.setExtraHTTPHeaders({
      7 |       'x-test-mode': 'true'

        at /Users/thabonyembe/Documents/freeflow-app-9/tests/e2e/dashboard.spec.ts:4:8

    Error: expect(locator).toBeVisible()

    Locator: locator('h1[data-testid="dashboard-title"]')
    Expected: visible
    Received: hidden
    Call log:
      - expect.toBeVisible with timeout 5000ms
      - waiting for locator('h1[data-testid="dashboard-title"]')


      108 |   test('should have proper accessibility labels', async ({ page }) => {
      109 |     // Check for proper ARIA labels and semantic HTML
    > 110 |     await expect(page.locator('h1[data-testid="dashboard-title"]')).toBeVisible();
          |                                                                     ^
      111 |     
      112 |     // Navigation should be accessible
      113 |     const tabs = page.locator('[role="tablist"]');

        at /Users/thabonyembe/Documents/freeflow-app-9/tests/e2e/dashboard.spec.ts:110:69

    attachment #1: screenshot (image/png) ──────────────────────────────────────────────────────────
    test-results/dashboard-Dashboard-Tests-should-have-proper-accessibility-labels-tablet-surface-pro-retry2/test-failed-1.png
    ────────────────────────────────────────────────────────────────────────────────────────────────

    attachment #2: video (video/webm) ──────────────────────────────────────────────────────────────
    test-results/dashboard-Dashboard-Tests-should-have-proper-accessibility-labels-tablet-surface-pro-retry2/video.webm
    ────────────────────────────────────────────────────────────────────────────────────────────────

    attachment #3: screenshot (image/png) ──────────────────────────────────────────────────────────
    test-results/dashboard-Dashboard-Tests-should-have-proper-accessibility-labels-tablet-surface-pro-retry2/test-failed-2.png
    ────────────────────────────────────────────────────────────────────────────────────────────────
]]>
</failure>
<system-out>
<![CDATA[Dashboard title not found, continuing...

[[ATTACHMENT|dashboard-Dashboard-Tests-should-have-proper-accessibility-labels-tablet-surface-pro/test-failed-1.png]]

[[ATTACHMENT|dashboard-Dashboard-Tests-should-have-proper-accessibility-labels-tablet-surface-pro/video.webm]]

[[ATTACHMENT|dashboard-Dashboard-Tests-should-have-proper-accessibility-labels-tablet-surface-pro/test-failed-2.png]]
Dashboard title not found, continuing...

[[ATTACHMENT|dashboard-Dashboard-Tests-should-have-proper-accessibility-labels-tablet-surface-pro-retry1/test-failed-1.png]]

[[ATTACHMENT|dashboard-Dashboard-Tests-should-have-proper-accessibility-labels-tablet-surface-pro-retry1/video.webm]]

[[ATTACHMENT|dashboard-Dashboard-Tests-should-have-proper-accessibility-labels-tablet-surface-pro-retry1/test-failed-2.png]]

[[ATTACHMENT|dashboard-Dashboard-Tests-should-have-proper-accessibility-labels-tablet-surface-pro-retry1/trace.zip]]
Dashboard title not found, continuing...

[[ATTACHMENT|dashboard-Dashboard-Tests-should-have-proper-accessibility-labels-tablet-surface-pro-retry2/test-failed-1.png]]

[[ATTACHMENT|dashboard-Dashboard-Tests-should-have-proper-accessibility-labels-tablet-surface-pro-retry2/video.webm]]

[[ATTACHMENT|dashboard-Dashboard-Tests-should-have-proper-accessibility-labels-tablet-surface-pro-retry2/test-failed-2.png]]
]]>
</system-out>
<system-err>
<![CDATA[Internal error: fixture integrity at context
Internal error: fixture integrity at context
Internal error: fixture integrity at context
]]>
</system-err>
</testcase>
</testsuite>
<testsuite name="dashboard.spec.ts" timestamp="2025-06-16T14:04:51.086Z" hostname="tablet-ipad" tests="9" failures="9" skipped="0" time="810.021" errors="0">
<testcase name="Dashboard Tests › should load dashboard page successfully" classname="dashboard.spec.ts" time="90.003">
<failure message="dashboard.spec.ts:18:7 should load dashboard page successfully" type="FAILURE">
<![CDATA[  [tablet-ipad] › dashboard.spec.ts:18:7 › Dashboard Tests › should load dashboard page successfully 

    Test timeout of 30000ms exceeded while running "beforeEach" hook.

      2 |
      3 | test.describe('Dashboard Tests', () => {
    > 4 |   test.beforeEach(async ({ page }) => {
        |        ^
      5 |     // Set test mode header
      6 |     await page.setExtraHTTPHeaders({
      7 |       'x-test-mode': 'true'

        at /Users/thabonyembe/Documents/freeflow-app-9/tests/e2e/dashboard.spec.ts:4:8

    Error: expect(locator).toBeVisible()

    Locator: locator('[data-testid="dashboard-container"]')
    Expected: visible
    Received: hidden
    Call log:
      - expect.toBeVisible with timeout 5000ms
      - waiting for locator('[data-testid="dashboard-container"]')


      17 |
      18 |   test('should load dashboard page successfully', async ({ page }) => {
    > 19 |     await expect(page.locator('[data-testid="dashboard-container"]')).toBeVisible();
         |                                                                       ^
      20 |     await expect(page.locator('[data-testid="dashboard-title"]')).toHaveText('Dashboard');
      21 |   });
      22 |

        at /Users/thabonyembe/Documents/freeflow-app-9/tests/e2e/dashboard.spec.ts:19:71

    attachment #1: screenshot (image/png) ──────────────────────────────────────────────────────────
    test-results/dashboard-Dashboard-Tests-should-load-dashboard-page-successfully-tablet-ipad/test-failed-1.png
    ────────────────────────────────────────────────────────────────────────────────────────────────

    attachment #2: video (video/webm) ──────────────────────────────────────────────────────────────
    test-results/dashboard-Dashboard-Tests-should-load-dashboard-page-successfully-tablet-ipad/video.webm
    ────────────────────────────────────────────────────────────────────────────────────────────────

    attachment #3: screenshot (image/png) ──────────────────────────────────────────────────────────
    test-results/dashboard-Dashboard-Tests-should-load-dashboard-page-successfully-tablet-ipad/test-failed-2.png
    ────────────────────────────────────────────────────────────────────────────────────────────────

    Retry #1 ───────────────────────────────────────────────────────────────────────────────────────

    Test timeout of 30000ms exceeded while running "beforeEach" hook.

      2 |
      3 | test.describe('Dashboard Tests', () => {
    > 4 |   test.beforeEach(async ({ page }) => {
        |        ^
      5 |     // Set test mode header
      6 |     await page.setExtraHTTPHeaders({
      7 |       'x-test-mode': 'true'

        at /Users/thabonyembe/Documents/freeflow-app-9/tests/e2e/dashboard.spec.ts:4:8

    Error: expect(locator).toBeVisible()

    Locator: locator('[data-testid="dashboard-container"]')
    Expected: visible
    Received: hidden
    Call log:
      - expect.toBeVisible with timeout 5000ms
      - waiting for locator('[data-testid="dashboard-container"]')


      17 |
      18 |   test('should load dashboard page successfully', async ({ page }) => {
    > 19 |     await expect(page.locator('[data-testid="dashboard-container"]')).toBeVisible();
         |                                                                       ^
      20 |     await expect(page.locator('[data-testid="dashboard-title"]')).toHaveText('Dashboard');
      21 |   });
      22 |

        at /Users/thabonyembe/Documents/freeflow-app-9/tests/e2e/dashboard.spec.ts:19:71

    attachment #1: screenshot (image/png) ──────────────────────────────────────────────────────────
    test-results/dashboard-Dashboard-Tests-should-load-dashboard-page-successfully-tablet-ipad-retry1/test-failed-1.png
    ────────────────────────────────────────────────────────────────────────────────────────────────

    attachment #2: video (video/webm) ──────────────────────────────────────────────────────────────
    test-results/dashboard-Dashboard-Tests-should-load-dashboard-page-successfully-tablet-ipad-retry1/video.webm
    ────────────────────────────────────────────────────────────────────────────────────────────────

    attachment #3: screenshot (image/png) ──────────────────────────────────────────────────────────
    test-results/dashboard-Dashboard-Tests-should-load-dashboard-page-successfully-tablet-ipad-retry1/test-failed-2.png
    ────────────────────────────────────────────────────────────────────────────────────────────────

    attachment #4: trace (application/zip) ─────────────────────────────────────────────────────────
    test-results/dashboard-Dashboard-Tests-should-load-dashboard-page-successfully-tablet-ipad-retry1/trace.zip
    Usage:

        npx playwright show-trace test-results/dashboard-Dashboard-Tests-should-load-dashboard-page-successfully-tablet-ipad-retry1/trace.zip

    ────────────────────────────────────────────────────────────────────────────────────────────────

    Retry #2 ───────────────────────────────────────────────────────────────────────────────────────

    Test timeout of 30000ms exceeded while running "beforeEach" hook.

      2 |
      3 | test.describe('Dashboard Tests', () => {
    > 4 |   test.beforeEach(async ({ page }) => {
        |        ^
      5 |     // Set test mode header
      6 |     await page.setExtraHTTPHeaders({
      7 |       'x-test-mode': 'true'

        at /Users/thabonyembe/Documents/freeflow-app-9/tests/e2e/dashboard.spec.ts:4:8

    Error: expect(locator).toBeVisible()

    Locator: locator('[data-testid="dashboard-container"]')
    Expected: visible
    Received: hidden
    Call log:
      - expect.toBeVisible with timeout 5000ms
      - waiting for locator('[data-testid="dashboard-container"]')


      17 |
      18 |   test('should load dashboard page successfully', async ({ page }) => {
    > 19 |     await expect(page.locator('[data-testid="dashboard-container"]')).toBeVisible();
         |                                                                       ^
      20 |     await expect(page.locator('[data-testid="dashboard-title"]')).toHaveText('Dashboard');
      21 |   });
      22 |

        at /Users/thabonyembe/Documents/freeflow-app-9/tests/e2e/dashboard.spec.ts:19:71

    attachment #1: screenshot (image/png) ──────────────────────────────────────────────────────────
    test-results/dashboard-Dashboard-Tests-should-load-dashboard-page-successfully-tablet-ipad-retry2/test-failed-1.png
    ────────────────────────────────────────────────────────────────────────────────────────────────

    attachment #2: video (video/webm) ──────────────────────────────────────────────────────────────
    test-results/dashboard-Dashboard-Tests-should-load-dashboard-page-successfully-tablet-ipad-retry2/video.webm
    ────────────────────────────────────────────────────────────────────────────────────────────────

    attachment #3: screenshot (image/png) ──────────────────────────────────────────────────────────
    test-results/dashboard-Dashboard-Tests-should-load-dashboard-page-successfully-tablet-ipad-retry2/test-failed-2.png
    ────────────────────────────────────────────────────────────────────────────────────────────────
]]>
</failure>
<system-out>
<![CDATA[Dashboard title not found, continuing...

[[ATTACHMENT|dashboard-Dashboard-Tests-should-load-dashboard-page-successfully-tablet-ipad/test-failed-1.png]]

[[ATTACHMENT|dashboard-Dashboard-Tests-should-load-dashboard-page-successfully-tablet-ipad/video.webm]]

[[ATTACHMENT|dashboard-Dashboard-Tests-should-load-dashboard-page-successfully-tablet-ipad/test-failed-2.png]]
Dashboard title not found, continuing...

[[ATTACHMENT|dashboard-Dashboard-Tests-should-load-dashboard-page-successfully-tablet-ipad-retry1/test-failed-1.png]]

[[ATTACHMENT|dashboard-Dashboard-Tests-should-load-dashboard-page-successfully-tablet-ipad-retry1/video.webm]]

[[ATTACHMENT|dashboard-Dashboard-Tests-should-load-dashboard-page-successfully-tablet-ipad-retry1/test-failed-2.png]]

[[ATTACHMENT|dashboard-Dashboard-Tests-should-load-dashboard-page-successfully-tablet-ipad-retry1/trace.zip]]
Dashboard title not found, continuing...

[[ATTACHMENT|dashboard-Dashboard-Tests-should-load-dashboard-page-successfully-tablet-ipad-retry2/test-failed-1.png]]

[[ATTACHMENT|dashboard-Dashboard-Tests-should-load-dashboard-page-successfully-tablet-ipad-retry2/video.webm]]

[[ATTACHMENT|dashboard-Dashboard-Tests-should-load-dashboard-page-successfully-tablet-ipad-retry2/test-failed-2.png]]
]]>
</system-out>
<system-err>
<![CDATA[Internal error: fixture integrity at context
]]>
</system-err>
</testcase>
<testcase name="Dashboard Tests › should display dashboard stats" classname="dashboard.spec.ts" time="90.006">
<failure message="dashboard.spec.ts:23:7 should display dashboard stats" type="FAILURE">
<![CDATA[  [tablet-ipad] › dashboard.spec.ts:23:7 › Dashboard Tests › should display dashboard stats ────────

    Test timeout of 30000ms exceeded while running "beforeEach" hook.

      2 |
      3 | test.describe('Dashboard Tests', () => {
    > 4 |   test.beforeEach(async ({ page }) => {
        |        ^
      5 |     // Set test mode header
      6 |     await page.setExtraHTTPHeaders({
      7 |       'x-test-mode': 'true'

        at /Users/thabonyembe/Documents/freeflow-app-9/tests/e2e/dashboard.spec.ts:4:8

    Error: expect(locator).toBeVisible()

    Locator: locator('[data-testid="stat-active-projects"]')
    Expected: visible
    Received: hidden
    Call log:
      - expect.toBeVisible with timeout 5000ms
      - waiting for locator('[data-testid="stat-active-projects"]')


      22 |
      23 |   test('should display dashboard stats', async ({ page }) => {
    > 24 |     await expect(page.locator('[data-testid="stat-active-projects"]')).toBeVisible();
         |                                                                        ^
      25 |     await expect(page.locator('[data-testid="stat-total-revenue"]')).toBeVisible();
      26 |     await expect(page.locator('[data-testid="stat-team-members"]')).toBeVisible();
      27 |     await expect(page.locator('[data-testid="stat-completed-tasks"]')).toBeVisible();

        at /Users/thabonyembe/Documents/freeflow-app-9/tests/e2e/dashboard.spec.ts:24:72

    attachment #1: screenshot (image/png) ──────────────────────────────────────────────────────────
    test-results/dashboard-Dashboard-Tests-should-display-dashboard-stats-tablet-ipad/test-failed-1.png
    ────────────────────────────────────────────────────────────────────────────────────────────────

    attachment #2: video (video/webm) ──────────────────────────────────────────────────────────────
    test-results/dashboard-Dashboard-Tests-should-display-dashboard-stats-tablet-ipad/video.webm
    ────────────────────────────────────────────────────────────────────────────────────────────────

    attachment #3: screenshot (image/png) ──────────────────────────────────────────────────────────
    test-results/dashboard-Dashboard-Tests-should-display-dashboard-stats-tablet-ipad/test-failed-2.png
    ────────────────────────────────────────────────────────────────────────────────────────────────

    Retry #1 ───────────────────────────────────────────────────────────────────────────────────────

    Test timeout of 30000ms exceeded while running "beforeEach" hook.

      2 |
      3 | test.describe('Dashboard Tests', () => {
    > 4 |   test.beforeEach(async ({ page }) => {
        |        ^
      5 |     // Set test mode header
      6 |     await page.setExtraHTTPHeaders({
      7 |       'x-test-mode': 'true'

        at /Users/thabonyembe/Documents/freeflow-app-9/tests/e2e/dashboard.spec.ts:4:8

    Error: expect(locator).toBeVisible()

    Locator: locator('[data-testid="stat-active-projects"]')
    Expected: visible
    Received: hidden
    Call log:
      - expect.toBeVisible with timeout 5000ms
      - waiting for locator('[data-testid="stat-active-projects"]')


      22 |
      23 |   test('should display dashboard stats', async ({ page }) => {
    > 24 |     await expect(page.locator('[data-testid="stat-active-projects"]')).toBeVisible();
         |                                                                        ^
      25 |     await expect(page.locator('[data-testid="stat-total-revenue"]')).toBeVisible();
      26 |     await expect(page.locator('[data-testid="stat-team-members"]')).toBeVisible();
      27 |     await expect(page.locator('[data-testid="stat-completed-tasks"]')).toBeVisible();

        at /Users/thabonyembe/Documents/freeflow-app-9/tests/e2e/dashboard.spec.ts:24:72

    attachment #1: screenshot (image/png) ──────────────────────────────────────────────────────────
    test-results/dashboard-Dashboard-Tests-should-display-dashboard-stats-tablet-ipad-retry1/test-failed-1.png
    ────────────────────────────────────────────────────────────────────────────────────────────────

    attachment #2: video (video/webm) ──────────────────────────────────────────────────────────────
    test-results/dashboard-Dashboard-Tests-should-display-dashboard-stats-tablet-ipad-retry1/video.webm
    ────────────────────────────────────────────────────────────────────────────────────────────────

    attachment #3: screenshot (image/png) ──────────────────────────────────────────────────────────
    test-results/dashboard-Dashboard-Tests-should-display-dashboard-stats-tablet-ipad-retry1/test-failed-2.png
    ────────────────────────────────────────────────────────────────────────────────────────────────

    attachment #4: trace (application/zip) ─────────────────────────────────────────────────────────
    test-results/dashboard-Dashboard-Tests-should-display-dashboard-stats-tablet-ipad-retry1/trace.zip
    Usage:

        npx playwright show-trace test-results/dashboard-Dashboard-Tests-should-display-dashboard-stats-tablet-ipad-retry1/trace.zip

    ────────────────────────────────────────────────────────────────────────────────────────────────

    Retry #2 ───────────────────────────────────────────────────────────────────────────────────────

    Test timeout of 30000ms exceeded while running "beforeEach" hook.

      2 |
      3 | test.describe('Dashboard Tests', () => {
    > 4 |   test.beforeEach(async ({ page }) => {
        |        ^
      5 |     // Set test mode header
      6 |     await page.setExtraHTTPHeaders({
      7 |       'x-test-mode': 'true'

        at /Users/thabonyembe/Documents/freeflow-app-9/tests/e2e/dashboard.spec.ts:4:8

    Error: expect(locator).toBeVisible()

    Locator: locator('[data-testid="stat-active-projects"]')
    Expected: visible
    Received: hidden
    Call log:
      - expect.toBeVisible with timeout 5000ms
      - waiting for locator('[data-testid="stat-active-projects"]')


      22 |
      23 |   test('should display dashboard stats', async ({ page }) => {
    > 24 |     await expect(page.locator('[data-testid="stat-active-projects"]')).toBeVisible();
         |                                                                        ^
      25 |     await expect(page.locator('[data-testid="stat-total-revenue"]')).toBeVisible();
      26 |     await expect(page.locator('[data-testid="stat-team-members"]')).toBeVisible();
      27 |     await expect(page.locator('[data-testid="stat-completed-tasks"]')).toBeVisible();

        at /Users/thabonyembe/Documents/freeflow-app-9/tests/e2e/dashboard.spec.ts:24:72

    attachment #1: screenshot (image/png) ──────────────────────────────────────────────────────────
    test-results/dashboard-Dashboard-Tests-should-display-dashboard-stats-tablet-ipad-retry2/test-failed-1.png
    ────────────────────────────────────────────────────────────────────────────────────────────────

    attachment #2: video (video/webm) ──────────────────────────────────────────────────────────────
    test-results/dashboard-Dashboard-Tests-should-display-dashboard-stats-tablet-ipad-retry2/video.webm
    ────────────────────────────────────────────────────────────────────────────────────────────────

    attachment #3: screenshot (image/png) ──────────────────────────────────────────────────────────
    test-results/dashboard-Dashboard-Tests-should-display-dashboard-stats-tablet-ipad-retry2/test-failed-2.png
    ────────────────────────────────────────────────────────────────────────────────────────────────
]]>
</failure>
<system-out>
<![CDATA[Dashboard title not found, continuing...

[[ATTACHMENT|dashboard-Dashboard-Tests-should-display-dashboard-stats-tablet-ipad/test-failed-1.png]]

[[ATTACHMENT|dashboard-Dashboard-Tests-should-display-dashboard-stats-tablet-ipad/video.webm]]

[[ATTACHMENT|dashboard-Dashboard-Tests-should-display-dashboard-stats-tablet-ipad/test-failed-2.png]]
Dashboard title not found, continuing...

[[ATTACHMENT|dashboard-Dashboard-Tests-should-display-dashboard-stats-tablet-ipad-retry1/test-failed-1.png]]

[[ATTACHMENT|dashboard-Dashboard-Tests-should-display-dashboard-stats-tablet-ipad-retry1/video.webm]]

[[ATTACHMENT|dashboard-Dashboard-Tests-should-display-dashboard-stats-tablet-ipad-retry1/test-failed-2.png]]

[[ATTACHMENT|dashboard-Dashboard-Tests-should-display-dashboard-stats-tablet-ipad-retry1/trace.zip]]
Dashboard title not found, continuing...

[[ATTACHMENT|dashboard-Dashboard-Tests-should-display-dashboard-stats-tablet-ipad-retry2/test-failed-1.png]]

[[ATTACHMENT|dashboard-Dashboard-Tests-should-display-dashboard-stats-tablet-ipad-retry2/video.webm]]

[[ATTACHMENT|dashboard-Dashboard-Tests-should-display-dashboard-stats-tablet-ipad-retry2/test-failed-2.png]]
]]>
</system-out>
<system-err>
<![CDATA[Internal error: fixture integrity at context
Internal error: fixture integrity at context
]]>
</system-err>
</testcase>
<testcase name="Dashboard Tests › should have working navigation tabs" classname="dashboard.spec.ts" time="90">
<failure message="dashboard.spec.ts:30:7 should have working navigation tabs" type="FAILURE">
<![CDATA[  [tablet-ipad] › dashboard.spec.ts:30:7 › Dashboard Tests › should have working navigation tabs ───

    Test timeout of 30000ms exceeded while running "beforeEach" hook.

      2 |
      3 | test.describe('Dashboard Tests', () => {
    > 4 |   test.beforeEach(async ({ page }) => {
        |        ^
      5 |     // Set test mode header
      6 |     await page.setExtraHTTPHeaders({
      7 |       'x-test-mode': 'true'

        at /Users/thabonyembe/Documents/freeflow-app-9/tests/e2e/dashboard.spec.ts:4:8

    Error: expect(locator).toBeVisible()

    Locator: locator('[data-testid="dashboard-tabs"]')
    Expected: visible
    Received: hidden
    Call log:
      - expect.toBeVisible with timeout 5000ms
      - waiting for locator('[data-testid="dashboard-tabs"]')


      30 |   test('should have working navigation tabs', async ({ page }) => {
      31 |     const tabs = page.locator('[data-testid="dashboard-tabs"]');
    > 32 |     await expect(tabs).toBeVisible();
         |                        ^
      33 |     
      34 |     // Test Projects tab
      35 |     await page.click('[data-testid="projects-tab"]');

        at /Users/thabonyembe/Documents/freeflow-app-9/tests/e2e/dashboard.spec.ts:32:24

    attachment #1: screenshot (image/png) ──────────────────────────────────────────────────────────
    test-results/dashboard-Dashboard-Tests-should-have-working-navigation-tabs-tablet-ipad/test-failed-1.png
    ────────────────────────────────────────────────────────────────────────────────────────────────

    attachment #2: video (video/webm) ──────────────────────────────────────────────────────────────
    test-results/dashboard-Dashboard-Tests-should-have-working-navigation-tabs-tablet-ipad/video.webm
    ────────────────────────────────────────────────────────────────────────────────────────────────

    attachment #3: screenshot (image/png) ──────────────────────────────────────────────────────────
    test-results/dashboard-Dashboard-Tests-should-have-working-navigation-tabs-tablet-ipad/test-failed-2.png
    ────────────────────────────────────────────────────────────────────────────────────────────────

    Retry #1 ───────────────────────────────────────────────────────────────────────────────────────

    Test timeout of 30000ms exceeded while running "beforeEach" hook.

      2 |
      3 | test.describe('Dashboard Tests', () => {
    > 4 |   test.beforeEach(async ({ page }) => {
        |        ^
      5 |     // Set test mode header
      6 |     await page.setExtraHTTPHeaders({
      7 |       'x-test-mode': 'true'

        at /Users/thabonyembe/Documents/freeflow-app-9/tests/e2e/dashboard.spec.ts:4:8

    Error: expect(locator).toBeVisible()

    Locator: locator('[data-testid="dashboard-tabs"]')
    Expected: visible
    Received: hidden
    Call log:
      - expect.toBeVisible with timeout 5000ms
      - waiting for locator('[data-testid="dashboard-tabs"]')


      30 |   test('should have working navigation tabs', async ({ page }) => {
      31 |     const tabs = page.locator('[data-testid="dashboard-tabs"]');
    > 32 |     await expect(tabs).toBeVisible();
         |                        ^
      33 |     
      34 |     // Test Projects tab
      35 |     await page.click('[data-testid="projects-tab"]');

        at /Users/thabonyembe/Documents/freeflow-app-9/tests/e2e/dashboard.spec.ts:32:24

    attachment #1: screenshot (image/png) ──────────────────────────────────────────────────────────
    test-results/dashboard-Dashboard-Tests-should-have-working-navigation-tabs-tablet-ipad-retry1/test-failed-1.png
    ────────────────────────────────────────────────────────────────────────────────────────────────

    attachment #2: video (video/webm) ──────────────────────────────────────────────────────────────
    test-results/dashboard-Dashboard-Tests-should-have-working-navigation-tabs-tablet-ipad-retry1/video.webm
    ────────────────────────────────────────────────────────────────────────────────────────────────

    attachment #3: screenshot (image/png) ──────────────────────────────────────────────────────────
    test-results/dashboard-Dashboard-Tests-should-have-working-navigation-tabs-tablet-ipad-retry1/test-failed-2.png
    ────────────────────────────────────────────────────────────────────────────────────────────────

    attachment #4: trace (application/zip) ─────────────────────────────────────────────────────────
    test-results/dashboard-Dashboard-Tests-should-have-working-navigation-tabs-tablet-ipad-retry1/trace.zip
    Usage:

        npx playwright show-trace test-results/dashboard-Dashboard-Tests-should-have-working-navigation-tabs-tablet-ipad-retry1/trace.zip

    ────────────────────────────────────────────────────────────────────────────────────────────────

    Retry #2 ───────────────────────────────────────────────────────────────────────────────────────

    Test timeout of 30000ms exceeded while running "beforeEach" hook.

      2 |
      3 | test.describe('Dashboard Tests', () => {
    > 4 |   test.beforeEach(async ({ page }) => {
        |        ^
      5 |     // Set test mode header
      6 |     await page.setExtraHTTPHeaders({
      7 |       'x-test-mode': 'true'

        at /Users/thabonyembe/Documents/freeflow-app-9/tests/e2e/dashboard.spec.ts:4:8

    Error: expect(locator).toBeVisible()

    Locator: locator('[data-testid="dashboard-tabs"]')
    Expected: visible
    Received: hidden
    Call log:
      - expect.toBeVisible with timeout 5000ms
      - waiting for locator('[data-testid="dashboard-tabs"]')


      30 |   test('should have working navigation tabs', async ({ page }) => {
      31 |     const tabs = page.locator('[data-testid="dashboard-tabs"]');
    > 32 |     await expect(tabs).toBeVisible();
         |                        ^
      33 |     
      34 |     // Test Projects tab
      35 |     await page.click('[data-testid="projects-tab"]');

        at /Users/thabonyembe/Documents/freeflow-app-9/tests/e2e/dashboard.spec.ts:32:24

    attachment #1: screenshot (image/png) ──────────────────────────────────────────────────────────
    test-results/dashboard-Dashboard-Tests-should-have-working-navigation-tabs-tablet-ipad-retry2/test-failed-1.png
    ────────────────────────────────────────────────────────────────────────────────────────────────

    attachment #2: video (video/webm) ──────────────────────────────────────────────────────────────
    test-results/dashboard-Dashboard-Tests-should-have-working-navigation-tabs-tablet-ipad-retry2/video.webm
    ────────────────────────────────────────────────────────────────────────────────────────────────

    attachment #3: screenshot (image/png) ──────────────────────────────────────────────────────────
    test-results/dashboard-Dashboard-Tests-should-have-working-navigation-tabs-tablet-ipad-retry2/test-failed-2.png
    ────────────────────────────────────────────────────────────────────────────────────────────────
]]>
</failure>
<system-out>
<![CDATA[Dashboard title not found, continuing...

[[ATTACHMENT|dashboard-Dashboard-Tests-should-have-working-navigation-tabs-tablet-ipad/test-failed-1.png]]

[[ATTACHMENT|dashboard-Dashboard-Tests-should-have-working-navigation-tabs-tablet-ipad/video.webm]]

[[ATTACHMENT|dashboard-Dashboard-Tests-should-have-working-navigation-tabs-tablet-ipad/test-failed-2.png]]
Dashboard title not found, continuing...

[[ATTACHMENT|dashboard-Dashboard-Tests-should-have-working-navigation-tabs-tablet-ipad-retry1/test-failed-1.png]]

[[ATTACHMENT|dashboard-Dashboard-Tests-should-have-working-navigation-tabs-tablet-ipad-retry1/video.webm]]

[[ATTACHMENT|dashboard-Dashboard-Tests-should-have-working-navigation-tabs-tablet-ipad-retry1/test-failed-2.png]]

[[ATTACHMENT|dashboard-Dashboard-Tests-should-have-working-navigation-tabs-tablet-ipad-retry1/trace.zip]]
Dashboard title not found, continuing...

[[ATTACHMENT|dashboard-Dashboard-Tests-should-have-working-navigation-tabs-tablet-ipad-retry2/test-failed-1.png]]

[[ATTACHMENT|dashboard-Dashboard-Tests-should-have-working-navigation-tabs-tablet-ipad-retry2/video.webm]]

[[ATTACHMENT|dashboard-Dashboard-Tests-should-have-working-navigation-tabs-tablet-ipad-retry2/test-failed-2.png]]
]]>
</system-out>
<system-err>
<![CDATA[Internal error: fixture integrity at context
]]>
</system-err>
</testcase>
<testcase name="Dashboard Tests › should display projects in Projects Hub" classname="dashboard.spec.ts" time="90.002">
<failure message="dashboard.spec.ts:51:7 should display projects in Projects Hub" type="FAILURE">
<![CDATA[  [tablet-ipad] › dashboard.spec.ts:51:7 › Dashboard Tests › should display projects in Projects Hub 

    Test timeout of 30000ms exceeded while running "beforeEach" hook.

      2 |
      3 | test.describe('Dashboard Tests', () => {
    > 4 |   test.beforeEach(async ({ page }) => {
        |        ^
      5 |     // Set test mode header
      6 |     await page.setExtraHTTPHeaders({
      7 |       'x-test-mode': 'true'

        at /Users/thabonyembe/Documents/freeflow-app-9/tests/e2e/dashboard.spec.ts:4:8

    Error: page.click: Test ended.
    Call log:
      - waiting for locator('[data-testid="projects-tab"]')


      50 |
      51 |   test('should display projects in Projects Hub', async ({ page }) => {
    > 52 |     await page.click('[data-testid="projects-tab"]');
         |                ^
      53 |     await expect(page.locator('[data-testid="projects-hub"]')).toBeVisible();
      54 |     
      55 |     // Check for project items

        at /Users/thabonyembe/Documents/freeflow-app-9/tests/e2e/dashboard.spec.ts:52:16

    attachment #1: screenshot (image/png) ──────────────────────────────────────────────────────────
    test-results/dashboard-Dashboard-Tests-should-display-projects-in-Projects-Hub-tablet-ipad/test-failed-1.png
    ────────────────────────────────────────────────────────────────────────────────────────────────

    attachment #2: video (video/webm) ──────────────────────────────────────────────────────────────
    test-results/dashboard-Dashboard-Tests-should-display-projects-in-Projects-Hub-tablet-ipad/video.webm
    ────────────────────────────────────────────────────────────────────────────────────────────────

    attachment #3: screenshot (image/png) ──────────────────────────────────────────────────────────
    test-results/dashboard-Dashboard-Tests-should-display-projects-in-Projects-Hub-tablet-ipad/test-failed-2.png
    ────────────────────────────────────────────────────────────────────────────────────────────────

    Retry #1 ───────────────────────────────────────────────────────────────────────────────────────

    Test timeout of 30000ms exceeded while running "beforeEach" hook.

      2 |
      3 | test.describe('Dashboard Tests', () => {
    > 4 |   test.beforeEach(async ({ page }) => {
        |        ^
      5 |     // Set test mode header
      6 |     await page.setExtraHTTPHeaders({
      7 |       'x-test-mode': 'true'

        at /Users/thabonyembe/Documents/freeflow-app-9/tests/e2e/dashboard.spec.ts:4:8

    Error: page.click: Test ended.
    Call log:
      - waiting for locator('[data-testid="projects-tab"]')


      50 |
      51 |   test('should display projects in Projects Hub', async ({ page }) => {
    > 52 |     await page.click('[data-testid="projects-tab"]');
         |                ^
      53 |     await expect(page.locator('[data-testid="projects-hub"]')).toBeVisible();
      54 |     
      55 |     // Check for project items

        at /Users/thabonyembe/Documents/freeflow-app-9/tests/e2e/dashboard.spec.ts:52:16

    attachment #1: screenshot (image/png) ──────────────────────────────────────────────────────────
    test-results/dashboard-Dashboard-Tests-should-display-projects-in-Projects-Hub-tablet-ipad-retry1/test-failed-1.png
    ────────────────────────────────────────────────────────────────────────────────────────────────

    attachment #2: video (video/webm) ──────────────────────────────────────────────────────────────
    test-results/dashboard-Dashboard-Tests-should-display-projects-in-Projects-Hub-tablet-ipad-retry1/video.webm
    ────────────────────────────────────────────────────────────────────────────────────────────────

    attachment #3: screenshot (image/png) ──────────────────────────────────────────────────────────
    test-results/dashboard-Dashboard-Tests-should-display-projects-in-Projects-Hub-tablet-ipad-retry1/test-failed-2.png
    ────────────────────────────────────────────────────────────────────────────────────────────────

    attachment #4: trace (application/zip) ─────────────────────────────────────────────────────────
    test-results/dashboard-Dashboard-Tests-should-display-projects-in-Projects-Hub-tablet-ipad-retry1/trace.zip
    Usage:

        npx playwright show-trace test-results/dashboard-Dashboard-Tests-should-display-projects-in-Projects-Hub-tablet-ipad-retry1/trace.zip

    ────────────────────────────────────────────────────────────────────────────────────────────────

    Retry #2 ───────────────────────────────────────────────────────────────────────────────────────

    Test timeout of 30000ms exceeded while running "beforeEach" hook.

      2 |
      3 | test.describe('Dashboard Tests', () => {
    > 4 |   test.beforeEach(async ({ page }) => {
        |        ^
      5 |     // Set test mode header
      6 |     await page.setExtraHTTPHeaders({
      7 |       'x-test-mode': 'true'

        at /Users/thabonyembe/Documents/freeflow-app-9/tests/e2e/dashboard.spec.ts:4:8

    Error: page.click: Test ended.
    Call log:
      - waiting for locator('[data-testid="projects-tab"]')


      50 |
      51 |   test('should display projects in Projects Hub', async ({ page }) => {
    > 52 |     await page.click('[data-testid="projects-tab"]');
         |                ^
      53 |     await expect(page.locator('[data-testid="projects-hub"]')).toBeVisible();
      54 |     
      55 |     // Check for project items

        at /Users/thabonyembe/Documents/freeflow-app-9/tests/e2e/dashboard.spec.ts:52:16

    attachment #1: screenshot (image/png) ──────────────────────────────────────────────────────────
    test-results/dashboard-Dashboard-Tests-should-display-projects-in-Projects-Hub-tablet-ipad-retry2/test-failed-1.png
    ────────────────────────────────────────────────────────────────────────────────────────────────

    attachment #2: video (video/webm) ──────────────────────────────────────────────────────────────
    test-results/dashboard-Dashboard-Tests-should-display-projects-in-Projects-Hub-tablet-ipad-retry2/video.webm
    ────────────────────────────────────────────────────────────────────────────────────────────────

    attachment #3: screenshot (image/png) ──────────────────────────────────────────────────────────
    test-results/dashboard-Dashboard-Tests-should-display-projects-in-Projects-Hub-tablet-ipad-retry2/test-failed-2.png
    ────────────────────────────────────────────────────────────────────────────────────────────────
]]>
</failure>
<system-out>
<![CDATA[Dashboard title not found, continuing...

[[ATTACHMENT|dashboard-Dashboard-Tests-should-display-projects-in-Projects-Hub-tablet-ipad/test-failed-1.png]]

[[ATTACHMENT|dashboard-Dashboard-Tests-should-display-projects-in-Projects-Hub-tablet-ipad/video.webm]]

[[ATTACHMENT|dashboard-Dashboard-Tests-should-display-projects-in-Projects-Hub-tablet-ipad/test-failed-2.png]]
Dashboard title not found, continuing...

[[ATTACHMENT|dashboard-Dashboard-Tests-should-display-projects-in-Projects-Hub-tablet-ipad-retry1/test-failed-1.png]]

[[ATTACHMENT|dashboard-Dashboard-Tests-should-display-projects-in-Projects-Hub-tablet-ipad-retry1/video.webm]]

[[ATTACHMENT|dashboard-Dashboard-Tests-should-display-projects-in-Projects-Hub-tablet-ipad-retry1/test-failed-2.png]]

[[ATTACHMENT|dashboard-Dashboard-Tests-should-display-projects-in-Projects-Hub-tablet-ipad-retry1/trace.zip]]
Dashboard title not found, continuing...

[[ATTACHMENT|dashboard-Dashboard-Tests-should-display-projects-in-Projects-Hub-tablet-ipad-retry2/test-failed-1.png]]

[[ATTACHMENT|dashboard-Dashboard-Tests-should-display-projects-in-Projects-Hub-tablet-ipad-retry2/video.webm]]

[[ATTACHMENT|dashboard-Dashboard-Tests-should-display-projects-in-Projects-Hub-tablet-ipad-retry2/test-failed-2.png]]
]]>
</system-out>
<system-err>
<![CDATA[Internal error: fixture integrity at context
Internal error: fixture integrity at context
]]>
</system-err>
</testcase>
<testcase name="Dashboard Tests › should display team members with avatars" classname="dashboard.spec.ts" time="90.001">
<failure message="dashboard.spec.ts:61:7 should display team members with avatars" type="FAILURE">
<![CDATA[  [tablet-ipad] › dashboard.spec.ts:61:7 › Dashboard Tests › should display team members with avatars 

    Test timeout of 30000ms exceeded while running "beforeEach" hook.

      2 |
      3 | test.describe('Dashboard Tests', () => {
    > 4 |   test.beforeEach(async ({ page }) => {
        |        ^
      5 |     // Set test mode header
      6 |     await page.setExtraHTTPHeaders({
      7 |       'x-test-mode': 'true'

        at /Users/thabonyembe/Documents/freeflow-app-9/tests/e2e/dashboard.spec.ts:4:8

    Error: page.click: Test ended.
    Call log:
      - waiting for locator('[data-testid="team-tab"]')


      60 |
      61 |   test('should display team members with avatars', async ({ page }) => {
    > 62 |     await page.click('[data-testid="team-tab"]');
         |                ^
      63 |     await expect(page.locator('[data-testid="team-hub"]')).toBeVisible();
      64 |     
      65 |     // Check team members

        at /Users/thabonyembe/Documents/freeflow-app-9/tests/e2e/dashboard.spec.ts:62:16

    attachment #1: screenshot (image/png) ──────────────────────────────────────────────────────────
    test-results/dashboard-Dashboard-Tests-should-display-team-members-with-avatars-tablet-ipad/test-failed-1.png
    ────────────────────────────────────────────────────────────────────────────────────────────────

    attachment #2: video (video/webm) ──────────────────────────────────────────────────────────────
    test-results/dashboard-Dashboard-Tests-should-display-team-members-with-avatars-tablet-ipad/video.webm
    ────────────────────────────────────────────────────────────────────────────────────────────────

    attachment #3: screenshot (image/png) ──────────────────────────────────────────────────────────
    test-results/dashboard-Dashboard-Tests-should-display-team-members-with-avatars-tablet-ipad/test-failed-2.png
    ────────────────────────────────────────────────────────────────────────────────────────────────

    Retry #1 ───────────────────────────────────────────────────────────────────────────────────────

    Test timeout of 30000ms exceeded while running "beforeEach" hook.

      2 |
      3 | test.describe('Dashboard Tests', () => {
    > 4 |   test.beforeEach(async ({ page }) => {
        |        ^
      5 |     // Set test mode header
      6 |     await page.setExtraHTTPHeaders({
      7 |       'x-test-mode': 'true'

        at /Users/thabonyembe/Documents/freeflow-app-9/tests/e2e/dashboard.spec.ts:4:8

    Error: page.click: Test ended.
    Call log:
      - waiting for locator('[data-testid="team-tab"]')


      60 |
      61 |   test('should display team members with avatars', async ({ page }) => {
    > 62 |     await page.click('[data-testid="team-tab"]');
         |                ^
      63 |     await expect(page.locator('[data-testid="team-hub"]')).toBeVisible();
      64 |     
      65 |     // Check team members

        at /Users/thabonyembe/Documents/freeflow-app-9/tests/e2e/dashboard.spec.ts:62:16

    attachment #1: screenshot (image/png) ──────────────────────────────────────────────────────────
    test-results/dashboard-Dashboard-Tests-should-display-team-members-with-avatars-tablet-ipad-retry1/test-failed-1.png
    ────────────────────────────────────────────────────────────────────────────────────────────────

    attachment #2: video (video/webm) ──────────────────────────────────────────────────────────────
    test-results/dashboard-Dashboard-Tests-should-display-team-members-with-avatars-tablet-ipad-retry1/video.webm
    ────────────────────────────────────────────────────────────────────────────────────────────────

    attachment #3: screenshot (image/png) ──────────────────────────────────────────────────────────
    test-results/dashboard-Dashboard-Tests-should-display-team-members-with-avatars-tablet-ipad-retry1/test-failed-2.png
    ────────────────────────────────────────────────────────────────────────────────────────────────

    attachment #4: trace (application/zip) ─────────────────────────────────────────────────────────
    test-results/dashboard-Dashboard-Tests-should-display-team-members-with-avatars-tablet-ipad-retry1/trace.zip
    Usage:

        npx playwright show-trace test-results/dashboard-Dashboard-Tests-should-display-team-members-with-avatars-tablet-ipad-retry1/trace.zip

    ────────────────────────────────────────────────────────────────────────────────────────────────

    Retry #2 ───────────────────────────────────────────────────────────────────────────────────────

    Test timeout of 30000ms exceeded while running "beforeEach" hook.

      2 |
      3 | test.describe('Dashboard Tests', () => {
    > 4 |   test.beforeEach(async ({ page }) => {
        |        ^
      5 |     // Set test mode header
      6 |     await page.setExtraHTTPHeaders({
      7 |       'x-test-mode': 'true'

        at /Users/thabonyembe/Documents/freeflow-app-9/tests/e2e/dashboard.spec.ts:4:8

    Error: page.click: Test ended.
    Call log:
      - waiting for locator('[data-testid="team-tab"]')


      60 |
      61 |   test('should display team members with avatars', async ({ page }) => {
    > 62 |     await page.click('[data-testid="team-tab"]');
         |                ^
      63 |     await expect(page.locator('[data-testid="team-hub"]')).toBeVisible();
      64 |     
      65 |     // Check team members

        at /Users/thabonyembe/Documents/freeflow-app-9/tests/e2e/dashboard.spec.ts:62:16

    attachment #1: screenshot (image/png) ──────────────────────────────────────────────────────────
    test-results/dashboard-Dashboard-Tests-should-display-team-members-with-avatars-tablet-ipad-retry2/test-failed-1.png
    ────────────────────────────────────────────────────────────────────────────────────────────────

    attachment #2: video (video/webm) ──────────────────────────────────────────────────────────────
    test-results/dashboard-Dashboard-Tests-should-display-team-members-with-avatars-tablet-ipad-retry2/video.webm
    ────────────────────────────────────────────────────────────────────────────────────────────────

    attachment #3: screenshot (image/png) ──────────────────────────────────────────────────────────
    test-results/dashboard-Dashboard-Tests-should-display-team-members-with-avatars-tablet-ipad-retry2/test-failed-2.png
    ────────────────────────────────────────────────────────────────────────────────────────────────
]]>
</failure>
<system-out>
<![CDATA[Dashboard title not found, continuing...

[[ATTACHMENT|dashboard-Dashboard-Tests-should-display-team-members-with-avatars-tablet-ipad/test-failed-1.png]]

[[ATTACHMENT|dashboard-Dashboard-Tests-should-display-team-members-with-avatars-tablet-ipad/video.webm]]

[[ATTACHMENT|dashboard-Dashboard-Tests-should-display-team-members-with-avatars-tablet-ipad/test-failed-2.png]]
Dashboard title not found, continuing...

[[ATTACHMENT|dashboard-Dashboard-Tests-should-display-team-members-with-avatars-tablet-ipad-retry1/test-failed-1.png]]

[[ATTACHMENT|dashboard-Dashboard-Tests-should-display-team-members-with-avatars-tablet-ipad-retry1/video.webm]]

[[ATTACHMENT|dashboard-Dashboard-Tests-should-display-team-members-with-avatars-tablet-ipad-retry1/test-failed-2.png]]

[[ATTACHMENT|dashboard-Dashboard-Tests-should-display-team-members-with-avatars-tablet-ipad-retry1/trace.zip]]
Dashboard title not found, continuing...

[[ATTACHMENT|dashboard-Dashboard-Tests-should-display-team-members-with-avatars-tablet-ipad-retry2/test-failed-1.png]]

[[ATTACHMENT|dashboard-Dashboard-Tests-should-display-team-members-with-avatars-tablet-ipad-retry2/video.webm]]

[[ATTACHMENT|dashboard-Dashboard-Tests-should-display-team-members-with-avatars-tablet-ipad-retry2/test-failed-2.png]]
]]>
</system-out>
</testcase>
<testcase name="Dashboard Tests › should handle new project button click" classname="dashboard.spec.ts" time="90.003">
<failure message="dashboard.spec.ts:73:7 should handle new project button click" type="FAILURE">
<![CDATA[  [tablet-ipad] › dashboard.spec.ts:73:7 › Dashboard Tests › should handle new project button click 

    Test timeout of 30000ms exceeded while running "beforeEach" hook.

      2 |
      3 | test.describe('Dashboard Tests', () => {
    > 4 |   test.beforeEach(async ({ page }) => {
        |        ^
      5 |     // Set test mode header
      6 |     await page.setExtraHTTPHeaders({
      7 |       'x-test-mode': 'true'

        at /Users/thabonyembe/Documents/freeflow-app-9/tests/e2e/dashboard.spec.ts:4:8

    Error: expect(locator).toBeVisible()

    Locator: locator('[data-testid="new-project-button"]')
    Expected: visible
    Received: hidden
    Call log:
      - expect.toBeVisible with timeout 5000ms
      - waiting for locator('[data-testid="new-project-button"]')


      73 |   test('should handle new project button click', async ({ page }) => {
      74 |     const newProjectButton = page.locator('[data-testid="new-project-button"]');
    > 75 |     await expect(newProjectButton).toBeVisible();
         |                                    ^
      76 |     await expect(newProjectButton).toBeEnabled();
      77 |     
      78 |     // Click should be possible (actual navigation tested separately)

        at /Users/thabonyembe/Documents/freeflow-app-9/tests/e2e/dashboard.spec.ts:75:36

    attachment #1: screenshot (image/png) ──────────────────────────────────────────────────────────
    test-results/dashboard-Dashboard-Tests-should-handle-new-project-button-click-tablet-ipad/test-failed-1.png
    ────────────────────────────────────────────────────────────────────────────────────────────────

    attachment #2: video (video/webm) ──────────────────────────────────────────────────────────────
    test-results/dashboard-Dashboard-Tests-should-handle-new-project-button-click-tablet-ipad/video.webm
    ────────────────────────────────────────────────────────────────────────────────────────────────

    attachment #3: screenshot (image/png) ──────────────────────────────────────────────────────────
    test-results/dashboard-Dashboard-Tests-should-handle-new-project-button-click-tablet-ipad/test-failed-2.png
    ────────────────────────────────────────────────────────────────────────────────────────────────

    Retry #1 ───────────────────────────────────────────────────────────────────────────────────────

    Test timeout of 30000ms exceeded while running "beforeEach" hook.

      2 |
      3 | test.describe('Dashboard Tests', () => {
    > 4 |   test.beforeEach(async ({ page }) => {
        |        ^
      5 |     // Set test mode header
      6 |     await page.setExtraHTTPHeaders({
      7 |       'x-test-mode': 'true'

        at /Users/thabonyembe/Documents/freeflow-app-9/tests/e2e/dashboard.spec.ts:4:8

    Error: expect(locator).toBeVisible()

    Locator: locator('[data-testid="new-project-button"]')
    Expected: visible
    Received: hidden
    Call log:
      - expect.toBeVisible with timeout 5000ms
      - waiting for locator('[data-testid="new-project-button"]')


      73 |   test('should handle new project button click', async ({ page }) => {
      74 |     const newProjectButton = page.locator('[data-testid="new-project-button"]');
    > 75 |     await expect(newProjectButton).toBeVisible();
         |                                    ^
      76 |     await expect(newProjectButton).toBeEnabled();
      77 |     
      78 |     // Click should be possible (actual navigation tested separately)

        at /Users/thabonyembe/Documents/freeflow-app-9/tests/e2e/dashboard.spec.ts:75:36

    attachment #1: screenshot (image/png) ──────────────────────────────────────────────────────────
    test-results/dashboard-Dashboard-Tests-should-handle-new-project-button-click-tablet-ipad-retry1/test-failed-1.png
    ────────────────────────────────────────────────────────────────────────────────────────────────

    attachment #2: video (video/webm) ──────────────────────────────────────────────────────────────
    test-results/dashboard-Dashboard-Tests-should-handle-new-project-button-click-tablet-ipad-retry1/video.webm
    ────────────────────────────────────────────────────────────────────────────────────────────────

    attachment #3: screenshot (image/png) ──────────────────────────────────────────────────────────
    test-results/dashboard-Dashboard-Tests-should-handle-new-project-button-click-tablet-ipad-retry1/test-failed-2.png
    ────────────────────────────────────────────────────────────────────────────────────────────────

    attachment #4: trace (application/zip) ─────────────────────────────────────────────────────────
    test-results/dashboard-Dashboard-Tests-should-handle-new-project-button-click-tablet-ipad-retry1/trace.zip
    Usage:

        npx playwright show-trace test-results/dashboard-Dashboard-Tests-should-handle-new-project-button-click-tablet-ipad-retry1/trace.zip

    ────────────────────────────────────────────────────────────────────────────────────────────────

    Retry #2 ───────────────────────────────────────────────────────────────────────────────────────

    Test timeout of 30000ms exceeded while running "beforeEach" hook.

      2 |
      3 | test.describe('Dashboard Tests', () => {
    > 4 |   test.beforeEach(async ({ page }) => {
        |        ^
      5 |     // Set test mode header
      6 |     await page.setExtraHTTPHeaders({
      7 |       'x-test-mode': 'true'

        at /Users/thabonyembe/Documents/freeflow-app-9/tests/e2e/dashboard.spec.ts:4:8

    Error: expect(locator).toBeVisible()

    Locator: locator('[data-testid="new-project-button"]')
    Expected: visible
    Received: hidden
    Call log:
      - expect.toBeVisible with timeout 5000ms
      - waiting for locator('[data-testid="new-project-button"]')


      73 |   test('should handle new project button click', async ({ page }) => {
      74 |     const newProjectButton = page.locator('[data-testid="new-project-button"]');
    > 75 |     await expect(newProjectButton).toBeVisible();
         |                                    ^
      76 |     await expect(newProjectButton).toBeEnabled();
      77 |     
      78 |     // Click should be possible (actual navigation tested separately)

        at /Users/thabonyembe/Documents/freeflow-app-9/tests/e2e/dashboard.spec.ts:75:36

    attachment #1: screenshot (image/png) ──────────────────────────────────────────────────────────
    test-results/dashboard-Dashboard-Tests-should-handle-new-project-button-click-tablet-ipad-retry2/test-failed-1.png
    ────────────────────────────────────────────────────────────────────────────────────────────────

    attachment #2: video (video/webm) ──────────────────────────────────────────────────────────────
    test-results/dashboard-Dashboard-Tests-should-handle-new-project-button-click-tablet-ipad-retry2/video.webm
    ────────────────────────────────────────────────────────────────────────────────────────────────

    attachment #3: screenshot (image/png) ──────────────────────────────────────────────────────────
    test-results/dashboard-Dashboard-Tests-should-handle-new-project-button-click-tablet-ipad-retry2/test-failed-2.png
    ────────────────────────────────────────────────────────────────────────────────────────────────
]]>
</failure>
<system-out>
<![CDATA[Dashboard title not found, continuing...

[[ATTACHMENT|dashboard-Dashboard-Tests-should-handle-new-project-button-click-tablet-ipad/test-failed-1.png]]

[[ATTACHMENT|dashboard-Dashboard-Tests-should-handle-new-project-button-click-tablet-ipad/video.webm]]

[[ATTACHMENT|dashboard-Dashboard-Tests-should-handle-new-project-button-click-tablet-ipad/test-failed-2.png]]
Dashboard title not found, continuing...

[[ATTACHMENT|dashboard-Dashboard-Tests-should-handle-new-project-button-click-tablet-ipad-retry1/test-failed-1.png]]

[[ATTACHMENT|dashboard-Dashboard-Tests-should-handle-new-project-button-click-tablet-ipad-retry1/video.webm]]

[[ATTACHMENT|dashboard-Dashboard-Tests-should-handle-new-project-button-click-tablet-ipad-retry1/test-failed-2.png]]

[[ATTACHMENT|dashboard-Dashboard-Tests-should-handle-new-project-button-click-tablet-ipad-retry1/trace.zip]]
Dashboard title not found, continuing...

[[ATTACHMENT|dashboard-Dashboard-Tests-should-handle-new-project-button-click-tablet-ipad-retry2/test-failed-1.png]]

[[ATTACHMENT|dashboard-Dashboard-Tests-should-handle-new-project-button-click-tablet-ipad-retry2/video.webm]]

[[ATTACHMENT|dashboard-Dashboard-Tests-should-handle-new-project-button-click-tablet-ipad-retry2/test-failed-2.png]]
]]>
</system-out>
<system-err>
<![CDATA[Internal error: fixture integrity at context
Internal error: fixture integrity at context
]]>
</system-err>
</testcase>
<testcase name="Dashboard Tests › should be responsive on mobile" classname="dashboard.spec.ts" time="90.002">
<failure message="dashboard.spec.ts:82:7 should be responsive on mobile" type="FAILURE">
<![CDATA[  [tablet-ipad] › dashboard.spec.ts:82:7 › Dashboard Tests › should be responsive on mobile ────────

    Test timeout of 30000ms exceeded while running "beforeEach" hook.

      2 |
      3 | test.describe('Dashboard Tests', () => {
    > 4 |   test.beforeEach(async ({ page }) => {
        |        ^
      5 |     // Set test mode header
      6 |     await page.setExtraHTTPHeaders({
      7 |       'x-test-mode': 'true'

        at /Users/thabonyembe/Documents/freeflow-app-9/tests/e2e/dashboard.spec.ts:4:8

    Error: expect(locator).toBeVisible()

    Locator: locator('[data-testid="dashboard-container"]')
    Expected: visible
    Received: hidden
    Call log:
      - expect.toBeVisible with timeout 5000ms
      - waiting for locator('[data-testid="dashboard-container"]')


      83 |     await page.setViewportSize({ width: 375, height: 667 });
      84 |     
    > 85 |     await expect(page.locator('[data-testid="dashboard-container"]')).toBeVisible();
         |                                                                       ^
      86 |     await expect(page.locator('[data-testid="dashboard-title"]')).toBeVisible();
      87 |     
      88 |     // Stats should stack on mobile

        at /Users/thabonyembe/Documents/freeflow-app-9/tests/e2e/dashboard.spec.ts:85:71

    attachment #1: screenshot (image/png) ──────────────────────────────────────────────────────────
    test-results/dashboard-Dashboard-Tests-should-be-responsive-on-mobile-tablet-ipad/test-failed-1.png
    ────────────────────────────────────────────────────────────────────────────────────────────────

    attachment #2: video (video/webm) ──────────────────────────────────────────────────────────────
    test-results/dashboard-Dashboard-Tests-should-be-responsive-on-mobile-tablet-ipad/video.webm
    ────────────────────────────────────────────────────────────────────────────────────────────────

    attachment #3: screenshot (image/png) ──────────────────────────────────────────────────────────
    test-results/dashboard-Dashboard-Tests-should-be-responsive-on-mobile-tablet-ipad/test-failed-2.png
    ────────────────────────────────────────────────────────────────────────────────────────────────

    Retry #1 ───────────────────────────────────────────────────────────────────────────────────────

    Test timeout of 30000ms exceeded while running "beforeEach" hook.

      2 |
      3 | test.describe('Dashboard Tests', () => {
    > 4 |   test.beforeEach(async ({ page }) => {
        |        ^
      5 |     // Set test mode header
      6 |     await page.setExtraHTTPHeaders({
      7 |       'x-test-mode': 'true'

        at /Users/thabonyembe/Documents/freeflow-app-9/tests/e2e/dashboard.spec.ts:4:8

    Error: expect(locator).toBeVisible()

    Locator: locator('[data-testid="dashboard-container"]')
    Expected: visible
    Received: hidden
    Call log:
      - expect.toBeVisible with timeout 5000ms
      - waiting for locator('[data-testid="dashboard-container"]')


      83 |     await page.setViewportSize({ width: 375, height: 667 });
      84 |     
    > 85 |     await expect(page.locator('[data-testid="dashboard-container"]')).toBeVisible();
         |                                                                       ^
      86 |     await expect(page.locator('[data-testid="dashboard-title"]')).toBeVisible();
      87 |     
      88 |     // Stats should stack on mobile

        at /Users/thabonyembe/Documents/freeflow-app-9/tests/e2e/dashboard.spec.ts:85:71

    attachment #1: screenshot (image/png) ──────────────────────────────────────────────────────────
    test-results/dashboard-Dashboard-Tests-should-be-responsive-on-mobile-tablet-ipad-retry1/test-failed-1.png
    ────────────────────────────────────────────────────────────────────────────────────────────────

    attachment #2: video (video/webm) ──────────────────────────────────────────────────────────────
    test-results/dashboard-Dashboard-Tests-should-be-responsive-on-mobile-tablet-ipad-retry1/video.webm
    ────────────────────────────────────────────────────────────────────────────────────────────────

    attachment #3: screenshot (image/png) ──────────────────────────────────────────────────────────
    test-results/dashboard-Dashboard-Tests-should-be-responsive-on-mobile-tablet-ipad-retry1/test-failed-2.png
    ────────────────────────────────────────────────────────────────────────────────────────────────

    attachment #4: trace (application/zip) ─────────────────────────────────────────────────────────
    test-results/dashboard-Dashboard-Tests-should-be-responsive-on-mobile-tablet-ipad-retry1/trace.zip
    Usage:

        npx playwright show-trace test-results/dashboard-Dashboard-Tests-should-be-responsive-on-mobile-tablet-ipad-retry1/trace.zip

    ────────────────────────────────────────────────────────────────────────────────────────────────

    Retry #2 ───────────────────────────────────────────────────────────────────────────────────────

    Test timeout of 30000ms exceeded while running "beforeEach" hook.

      2 |
      3 | test.describe('Dashboard Tests', () => {
    > 4 |   test.beforeEach(async ({ page }) => {
        |        ^
      5 |     // Set test mode header
      6 |     await page.setExtraHTTPHeaders({
      7 |       'x-test-mode': 'true'

        at /Users/thabonyembe/Documents/freeflow-app-9/tests/e2e/dashboard.spec.ts:4:8

    Error: expect(locator).toBeVisible()

    Locator: locator('[data-testid="dashboard-container"]')
    Expected: visible
    Received: hidden
    Call log:
      - expect.toBeVisible with timeout 5000ms
      - waiting for locator('[data-testid="dashboard-container"]')


      83 |     await page.setViewportSize({ width: 375, height: 667 });
      84 |     
    > 85 |     await expect(page.locator('[data-testid="dashboard-container"]')).toBeVisible();
         |                                                                       ^
      86 |     await expect(page.locator('[data-testid="dashboard-title"]')).toBeVisible();
      87 |     
      88 |     // Stats should stack on mobile

        at /Users/thabonyembe/Documents/freeflow-app-9/tests/e2e/dashboard.spec.ts:85:71

    attachment #1: screenshot (image/png) ──────────────────────────────────────────────────────────
    test-results/dashboard-Dashboard-Tests-should-be-responsive-on-mobile-tablet-ipad-retry2/test-failed-1.png
    ────────────────────────────────────────────────────────────────────────────────────────────────

    attachment #2: video (video/webm) ──────────────────────────────────────────────────────────────
    test-results/dashboard-Dashboard-Tests-should-be-responsive-on-mobile-tablet-ipad-retry2/video.webm
    ────────────────────────────────────────────────────────────────────────────────────────────────

    attachment #3: screenshot (image/png) ──────────────────────────────────────────────────────────
    test-results/dashboard-Dashboard-Tests-should-be-responsive-on-mobile-tablet-ipad-retry2/test-failed-2.png
    ────────────────────────────────────────────────────────────────────────────────────────────────
]]>
</failure>
<system-out>
<![CDATA[Dashboard title not found, continuing...

[[ATTACHMENT|dashboard-Dashboard-Tests-should-be-responsive-on-mobile-tablet-ipad/test-failed-1.png]]

[[ATTACHMENT|dashboard-Dashboard-Tests-should-be-responsive-on-mobile-tablet-ipad/video.webm]]

[[ATTACHMENT|dashboard-Dashboard-Tests-should-be-responsive-on-mobile-tablet-ipad/test-failed-2.png]]
Dashboard title not found, continuing...

[[ATTACHMENT|dashboard-Dashboard-Tests-should-be-responsive-on-mobile-tablet-ipad-retry1/test-failed-1.png]]

[[ATTACHMENT|dashboard-Dashboard-Tests-should-be-responsive-on-mobile-tablet-ipad-retry1/video.webm]]

[[ATTACHMENT|dashboard-Dashboard-Tests-should-be-responsive-on-mobile-tablet-ipad-retry1/test-failed-2.png]]

[[ATTACHMENT|dashboard-Dashboard-Tests-should-be-responsive-on-mobile-tablet-ipad-retry1/trace.zip]]
Dashboard title not found, continuing...

[[ATTACHMENT|dashboard-Dashboard-Tests-should-be-responsive-on-mobile-tablet-ipad-retry2/test-failed-1.png]]

[[ATTACHMENT|dashboard-Dashboard-Tests-should-be-responsive-on-mobile-tablet-ipad-retry2/video.webm]]

[[ATTACHMENT|dashboard-Dashboard-Tests-should-be-responsive-on-mobile-tablet-ipad-retry2/test-failed-2.png]]
]]>
</system-out>
<system-err>
<![CDATA[Internal error: fixture integrity at context
Internal error: fixture integrity at context
]]>
</system-err>
</testcase>
<testcase name="Dashboard Tests › should load team member avatars without 404 errors" classname="dashboard.spec.ts" time="90.002">
<failure message="dashboard.spec.ts:93:7 should load team member avatars without 404 errors" type="FAILURE">
<![CDATA[  [tablet-ipad] › dashboard.spec.ts:93:7 › Dashboard Tests › should load team member avatars without 404 errors 

    Test timeout of 30000ms exceeded while running "beforeEach" hook.

      2 |
      3 | test.describe('Dashboard Tests', () => {
    > 4 |   test.beforeEach(async ({ page }) => {
        |        ^
      5 |     // Set test mode header
      6 |     await page.setExtraHTTPHeaders({
      7 |       'x-test-mode': 'true'

        at /Users/thabonyembe/Documents/freeflow-app-9/tests/e2e/dashboard.spec.ts:4:8

    Error: page.click: Test ended.
    Call log:
      - waiting for locator('[data-testid="team-tab"]')


      100 |     });
      101 |     
    > 102 |     await page.click('[data-testid="team-tab"]');
          |                ^
      103 |     await page.waitForTimeout(2000); // Wait for images to load
      104 |     
      105 |     expect(failedRequests).toHaveLength(0);

        at /Users/thabonyembe/Documents/freeflow-app-9/tests/e2e/dashboard.spec.ts:102:16

    attachment #1: screenshot (image/png) ──────────────────────────────────────────────────────────
    test-results/dashboard-Dashboard-Tests-should-load-team-member-avatars-without-404-errors-tablet-ipad/test-failed-1.png
    ────────────────────────────────────────────────────────────────────────────────────────────────

    attachment #2: video (video/webm) ──────────────────────────────────────────────────────────────
    test-results/dashboard-Dashboard-Tests-should-load-team-member-avatars-without-404-errors-tablet-ipad/video.webm
    ────────────────────────────────────────────────────────────────────────────────────────────────

    attachment #3: screenshot (image/png) ──────────────────────────────────────────────────────────
    test-results/dashboard-Dashboard-Tests-should-load-team-member-avatars-without-404-errors-tablet-ipad/test-failed-2.png
    ────────────────────────────────────────────────────────────────────────────────────────────────

    Retry #1 ───────────────────────────────────────────────────────────────────────────────────────

    Test timeout of 30000ms exceeded while running "beforeEach" hook.

      2 |
      3 | test.describe('Dashboard Tests', () => {
    > 4 |   test.beforeEach(async ({ page }) => {
        |        ^
      5 |     // Set test mode header
      6 |     await page.setExtraHTTPHeaders({
      7 |       'x-test-mode': 'true'

        at /Users/thabonyembe/Documents/freeflow-app-9/tests/e2e/dashboard.spec.ts:4:8

    Error: page.click: Test ended.
    Call log:
      - waiting for locator('[data-testid="team-tab"]')


      100 |     });
      101 |     
    > 102 |     await page.click('[data-testid="team-tab"]');
          |                ^
      103 |     await page.waitForTimeout(2000); // Wait for images to load
      104 |     
      105 |     expect(failedRequests).toHaveLength(0);

        at /Users/thabonyembe/Documents/freeflow-app-9/tests/e2e/dashboard.spec.ts:102:16

    attachment #1: screenshot (image/png) ──────────────────────────────────────────────────────────
    test-results/dashboard-Dashboard-Tests-should-load-team-member-avatars-without-404-errors-tablet-ipad-retry1/test-failed-1.png
    ────────────────────────────────────────────────────────────────────────────────────────────────

    attachment #2: video (video/webm) ──────────────────────────────────────────────────────────────
    test-results/dashboard-Dashboard-Tests-should-load-team-member-avatars-without-404-errors-tablet-ipad-retry1/video.webm
    ────────────────────────────────────────────────────────────────────────────────────────────────

    attachment #3: screenshot (image/png) ──────────────────────────────────────────────────────────
    test-results/dashboard-Dashboard-Tests-should-load-team-member-avatars-without-404-errors-tablet-ipad-retry1/test-failed-2.png
    ────────────────────────────────────────────────────────────────────────────────────────────────

    attachment #4: trace (application/zip) ─────────────────────────────────────────────────────────
    test-results/dashboard-Dashboard-Tests-should-load-team-member-avatars-without-404-errors-tablet-ipad-retry1/trace.zip
    Usage:

        npx playwright show-trace test-results/dashboard-Dashboard-Tests-should-load-team-member-avatars-without-404-errors-tablet-ipad-retry1/trace.zip

    ────────────────────────────────────────────────────────────────────────────────────────────────

    Retry #2 ───────────────────────────────────────────────────────────────────────────────────────

    Test timeout of 30000ms exceeded while running "beforeEach" hook.

      2 |
      3 | test.describe('Dashboard Tests', () => {
    > 4 |   test.beforeEach(async ({ page }) => {
        |        ^
      5 |     // Set test mode header
      6 |     await page.setExtraHTTPHeaders({
      7 |       'x-test-mode': 'true'

        at /Users/thabonyembe/Documents/freeflow-app-9/tests/e2e/dashboard.spec.ts:4:8

    Error: page.click: Test ended.
    Call log:
      - waiting for locator('[data-testid="team-tab"]')


      100 |     });
      101 |     
    > 102 |     await page.click('[data-testid="team-tab"]');
          |                ^
      103 |     await page.waitForTimeout(2000); // Wait for images to load
      104 |     
      105 |     expect(failedRequests).toHaveLength(0);

        at /Users/thabonyembe/Documents/freeflow-app-9/tests/e2e/dashboard.spec.ts:102:16

    attachment #1: screenshot (image/png) ──────────────────────────────────────────────────────────
    test-results/dashboard-Dashboard-Tests-should-load-team-member-avatars-without-404-errors-tablet-ipad-retry2/test-failed-1.png
    ────────────────────────────────────────────────────────────────────────────────────────────────

    attachment #2: video (video/webm) ──────────────────────────────────────────────────────────────
    test-results/dashboard-Dashboard-Tests-should-load-team-member-avatars-without-404-errors-tablet-ipad-retry2/video.webm
    ────────────────────────────────────────────────────────────────────────────────────────────────

    attachment #3: screenshot (image/png) ──────────────────────────────────────────────────────────
    test-results/dashboard-Dashboard-Tests-should-load-team-member-avatars-without-404-errors-tablet-ipad-retry2/test-failed-2.png
    ────────────────────────────────────────────────────────────────────────────────────────────────
]]>
</failure>
<system-out>
<![CDATA[Dashboard title not found, continuing...

[[ATTACHMENT|dashboard-Dashboard-Tests-should-load-team-member-avatars-without-404-errors-tablet-ipad/test-failed-1.png]]

[[ATTACHMENT|dashboard-Dashboard-Tests-should-load-team-member-avatars-without-404-errors-tablet-ipad/video.webm]]

[[ATTACHMENT|dashboard-Dashboard-Tests-should-load-team-member-avatars-without-404-errors-tablet-ipad/test-failed-2.png]]
Dashboard title not found, continuing...

[[ATTACHMENT|dashboard-Dashboard-Tests-should-load-team-member-avatars-without-404-errors-tablet-ipad-retry1/test-failed-1.png]]

[[ATTACHMENT|dashboard-Dashboard-Tests-should-load-team-member-avatars-without-404-errors-tablet-ipad-retry1/video.webm]]

[[ATTACHMENT|dashboard-Dashboard-Tests-should-load-team-member-avatars-without-404-errors-tablet-ipad-retry1/test-failed-2.png]]

[[ATTACHMENT|dashboard-Dashboard-Tests-should-load-team-member-avatars-without-404-errors-tablet-ipad-retry1/trace.zip]]
Dashboard title not found, continuing...

[[ATTACHMENT|dashboard-Dashboard-Tests-should-load-team-member-avatars-without-404-errors-tablet-ipad-retry2/test-failed-1.png]]

[[ATTACHMENT|dashboard-Dashboard-Tests-should-load-team-member-avatars-without-404-errors-tablet-ipad-retry2/video.webm]]

[[ATTACHMENT|dashboard-Dashboard-Tests-should-load-team-member-avatars-without-404-errors-tablet-ipad-retry2/test-failed-2.png]]
]]>
</system-out>
<system-err>
<![CDATA[Internal error: fixture integrity at context
Internal error: fixture integrity at context
]]>
</system-err>
</testcase>
<testcase name="Dashboard Tests › should have proper accessibility labels" classname="dashboard.spec.ts" time="90.002">
<failure message="dashboard.spec.ts:108:7 should have proper accessibility labels" type="FAILURE">
<![CDATA[  [tablet-ipad] › dashboard.spec.ts:108:7 › Dashboard Tests › should have proper accessibility labels 

    Test timeout of 30000ms exceeded while running "beforeEach" hook.

      2 |
      3 | test.describe('Dashboard Tests', () => {
    > 4 |   test.beforeEach(async ({ page }) => {
        |        ^
      5 |     // Set test mode header
      6 |     await page.setExtraHTTPHeaders({
      7 |       'x-test-mode': 'true'

        at /Users/thabonyembe/Documents/freeflow-app-9/tests/e2e/dashboard.spec.ts:4:8

    Error: expect(locator).toBeVisible()

    Locator: locator('h1[data-testid="dashboard-title"]')
    Expected: visible
    Received: hidden
    Call log:
      - expect.toBeVisible with timeout 5000ms
      - waiting for locator('h1[data-testid="dashboard-title"]')


      108 |   test('should have proper accessibility labels', async ({ page }) => {
      109 |     // Check for proper ARIA labels and semantic HTML
    > 110 |     await expect(page.locator('h1[data-testid="dashboard-title"]')).toBeVisible();
          |                                                                     ^
      111 |     
      112 |     // Navigation should be accessible
      113 |     const tabs = page.locator('[role="tablist"]');

        at /Users/thabonyembe/Documents/freeflow-app-9/tests/e2e/dashboard.spec.ts:110:69

    attachment #1: screenshot (image/png) ──────────────────────────────────────────────────────────
    test-results/dashboard-Dashboard-Tests-should-have-proper-accessibility-labels-tablet-ipad/test-failed-1.png
    ────────────────────────────────────────────────────────────────────────────────────────────────

    attachment #2: video (video/webm) ──────────────────────────────────────────────────────────────
    test-results/dashboard-Dashboard-Tests-should-have-proper-accessibility-labels-tablet-ipad/video.webm
    ────────────────────────────────────────────────────────────────────────────────────────────────

    attachment #3: screenshot (image/png) ──────────────────────────────────────────────────────────
    test-results/dashboard-Dashboard-Tests-should-have-proper-accessibility-labels-tablet-ipad/test-failed-2.png
    ────────────────────────────────────────────────────────────────────────────────────────────────

    Retry #1 ───────────────────────────────────────────────────────────────────────────────────────

    Test timeout of 30000ms exceeded while running "beforeEach" hook.

      2 |
      3 | test.describe('Dashboard Tests', () => {
    > 4 |   test.beforeEach(async ({ page }) => {
        |        ^
      5 |     // Set test mode header
      6 |     await page.setExtraHTTPHeaders({
      7 |       'x-test-mode': 'true'

        at /Users/thabonyembe/Documents/freeflow-app-9/tests/e2e/dashboard.spec.ts:4:8

    Error: expect(locator).toBeVisible()

    Locator: locator('h1[data-testid="dashboard-title"]')
    Expected: visible
    Received: hidden
    Call log:
      - expect.toBeVisible with timeout 5000ms
      - waiting for locator('h1[data-testid="dashboard-title"]')


      108 |   test('should have proper accessibility labels', async ({ page }) => {
      109 |     // Check for proper ARIA labels and semantic HTML
    > 110 |     await expect(page.locator('h1[data-testid="dashboard-title"]')).toBeVisible();
          |                                                                     ^
      111 |     
      112 |     // Navigation should be accessible
      113 |     const tabs = page.locator('[role="tablist"]');

        at /Users/thabonyembe/Documents/freeflow-app-9/tests/e2e/dashboard.spec.ts:110:69

    attachment #1: screenshot (image/png) ──────────────────────────────────────────────────────────
    test-results/dashboard-Dashboard-Tests-should-have-proper-accessibility-labels-tablet-ipad-retry1/test-failed-1.png
    ────────────────────────────────────────────────────────────────────────────────────────────────

    attachment #2: video (video/webm) ──────────────────────────────────────────────────────────────
    test-results/dashboard-Dashboard-Tests-should-have-proper-accessibility-labels-tablet-ipad-retry1/video.webm
    ────────────────────────────────────────────────────────────────────────────────────────────────

    attachment #3: screenshot (image/png) ──────────────────────────────────────────────────────────
    test-results/dashboard-Dashboard-Tests-should-have-proper-accessibility-labels-tablet-ipad-retry1/test-failed-2.png
    ────────────────────────────────────────────────────────────────────────────────────────────────

    attachment #4: trace (application/zip) ─────────────────────────────────────────────────────────
    test-results/dashboard-Dashboard-Tests-should-have-proper-accessibility-labels-tablet-ipad-retry1/trace.zip
    Usage:

        npx playwright show-trace test-results/dashboard-Dashboard-Tests-should-have-proper-accessibility-labels-tablet-ipad-retry1/trace.zip

    ────────────────────────────────────────────────────────────────────────────────────────────────

    Retry #2 ───────────────────────────────────────────────────────────────────────────────────────

    Test timeout of 30000ms exceeded while running "beforeEach" hook.

      2 |
      3 | test.describe('Dashboard Tests', () => {
    > 4 |   test.beforeEach(async ({ page }) => {
        |        ^
      5 |     // Set test mode header
      6 |     await page.setExtraHTTPHeaders({
      7 |       'x-test-mode': 'true'

        at /Users/thabonyembe/Documents/freeflow-app-9/tests/e2e/dashboard.spec.ts:4:8

    Error: expect(locator).toBeVisible()

    Locator: locator('h1[data-testid="dashboard-title"]')
    Expected: visible
    Received: hidden
    Call log:
      - expect.toBeVisible with timeout 5000ms
      - waiting for locator('h1[data-testid="dashboard-title"]')


      108 |   test('should have proper accessibility labels', async ({ page }) => {
      109 |     // Check for proper ARIA labels and semantic HTML
    > 110 |     await expect(page.locator('h1[data-testid="dashboard-title"]')).toBeVisible();
          |                                                                     ^
      111 |     
      112 |     // Navigation should be accessible
      113 |     const tabs = page.locator('[role="tablist"]');

        at /Users/thabonyembe/Documents/freeflow-app-9/tests/e2e/dashboard.spec.ts:110:69

    attachment #1: screenshot (image/png) ──────────────────────────────────────────────────────────
    test-results/dashboard-Dashboard-Tests-should-have-proper-accessibility-labels-tablet-ipad-retry2/test-failed-1.png
    ────────────────────────────────────────────────────────────────────────────────────────────────

    attachment #2: video (video/webm) ──────────────────────────────────────────────────────────────
    test-results/dashboard-Dashboard-Tests-should-have-proper-accessibility-labels-tablet-ipad-retry2/video.webm
    ────────────────────────────────────────────────────────────────────────────────────────────────

    attachment #3: screenshot (image/png) ──────────────────────────────────────────────────────────
    test-results/dashboard-Dashboard-Tests-should-have-proper-accessibility-labels-tablet-ipad-retry2/test-failed-2.png
    ────────────────────────────────────────────────────────────────────────────────────────────────
]]>
</failure>
<system-out>
<![CDATA[Dashboard title not found, continuing...

[[ATTACHMENT|dashboard-Dashboard-Tests-should-have-proper-accessibility-labels-tablet-ipad/test-failed-1.png]]

[[ATTACHMENT|dashboard-Dashboard-Tests-should-have-proper-accessibility-labels-tablet-ipad/video.webm]]

[[ATTACHMENT|dashboard-Dashboard-Tests-should-have-proper-accessibility-labels-tablet-ipad/test-failed-2.png]]
Dashboard title not found, continuing...

[[ATTACHMENT|dashboard-Dashboard-Tests-should-have-proper-accessibility-labels-tablet-ipad-retry1/test-failed-1.png]]

[[ATTACHMENT|dashboard-Dashboard-Tests-should-have-proper-accessibility-labels-tablet-ipad-retry1/video.webm]]

[[ATTACHMENT|dashboard-Dashboard-Tests-should-have-proper-accessibility-labels-tablet-ipad-retry1/test-failed-2.png]]

[[ATTACHMENT|dashboard-Dashboard-Tests-should-have-proper-accessibility-labels-tablet-ipad-retry1/trace.zip]]
Dashboard title not found, continuing...

[[ATTACHMENT|dashboard-Dashboard-Tests-should-have-proper-accessibility-labels-tablet-ipad-retry2/test-failed-1.png]]

[[ATTACHMENT|dashboard-Dashboard-Tests-should-have-proper-accessibility-labels-tablet-ipad-retry2/video.webm]]

[[ATTACHMENT|dashboard-Dashboard-Tests-should-have-proper-accessibility-labels-tablet-ipad-retry2/test-failed-2.png]]
]]>
</system-out>
<system-err>
<![CDATA[Internal error: fixture integrity at context
]]>
</system-err>
</testcase>
</testsuite>
<testsuite name="dashboard.spec.ts" timestamp="2025-06-16T14:04:51.086Z" hostname="tablet-android" tests="9" failures="9" skipped="0" time="810.018" errors="0">
<testcase name="Dashboard Tests › should load dashboard page successfully" classname="dashboard.spec.ts" time="90.004">
<failure message="dashboard.spec.ts:18:7 should load dashboard page successfully" type="FAILURE">
<![CDATA[  [tablet-android] › dashboard.spec.ts:18:7 › Dashboard Tests › should load dashboard page successfully 

    Test timeout of 30000ms exceeded while running "beforeEach" hook.

      2 |
      3 | test.describe('Dashboard Tests', () => {
    > 4 |   test.beforeEach(async ({ page }) => {
        |        ^
      5 |     // Set test mode header
      6 |     await page.setExtraHTTPHeaders({
      7 |       'x-test-mode': 'true'

        at /Users/thabonyembe/Documents/freeflow-app-9/tests/e2e/dashboard.spec.ts:4:8

    Error: browserContext.newPage: Test ended.


    attachment #1: screenshot (image/png) ──────────────────────────────────────────────────────────
    test-results/dashboard-Dashboard-Tests-should-load-dashboard-page-successfully-tablet-android/test-failed-1.png
    ────────────────────────────────────────────────────────────────────────────────────────────────

    attachment #2: video (video/webm) ──────────────────────────────────────────────────────────────
    test-results/dashboard-Dashboard-Tests-should-load-dashboard-page-successfully-tablet-android/video.webm
    ────────────────────────────────────────────────────────────────────────────────────────────────

    Retry #1 ───────────────────────────────────────────────────────────────────────────────────────

    Test timeout of 30000ms exceeded while running "beforeEach" hook.

      2 |
      3 | test.describe('Dashboard Tests', () => {
    > 4 |   test.beforeEach(async ({ page }) => {
        |        ^
      5 |     // Set test mode header
      6 |     await page.setExtraHTTPHeaders({
      7 |       'x-test-mode': 'true'

        at /Users/thabonyembe/Documents/freeflow-app-9/tests/e2e/dashboard.spec.ts:4:8

    Error: expect(locator).toBeVisible()

    Locator: locator('[data-testid="dashboard-container"]')
    Expected: visible
    Received: hidden
    Call log:
      - expect.toBeVisible with timeout 5000ms
      - waiting for locator('[data-testid="dashboard-container"]')


      17 |
      18 |   test('should load dashboard page successfully', async ({ page }) => {
    > 19 |     await expect(page.locator('[data-testid="dashboard-container"]')).toBeVisible();
         |                                                                       ^
      20 |     await expect(page.locator('[data-testid="dashboard-title"]')).toHaveText('Dashboard');
      21 |   });
      22 |

        at /Users/thabonyembe/Documents/freeflow-app-9/tests/e2e/dashboard.spec.ts:19:71

    attachment #1: screenshot (image/png) ──────────────────────────────────────────────────────────
    test-results/dashboard-Dashboard-Tests-should-load-dashboard-page-successfully-tablet-android-retry1/test-failed-1.png
    ────────────────────────────────────────────────────────────────────────────────────────────────

    attachment #2: video (video/webm) ──────────────────────────────────────────────────────────────
    test-results/dashboard-Dashboard-Tests-should-load-dashboard-page-successfully-tablet-android-retry1/video.webm
    ────────────────────────────────────────────────────────────────────────────────────────────────

    attachment #3: screenshot (image/png) ──────────────────────────────────────────────────────────
    test-results/dashboard-Dashboard-Tests-should-load-dashboard-page-successfully-tablet-android-retry1/test-failed-2.png
    ────────────────────────────────────────────────────────────────────────────────────────────────

    attachment #4: trace (application/zip) ─────────────────────────────────────────────────────────
    test-results/dashboard-Dashboard-Tests-should-load-dashboard-page-successfully-tablet-android-retry1/trace.zip
    Usage:

        npx playwright show-trace test-results/dashboard-Dashboard-Tests-should-load-dashboard-page-successfully-tablet-android-retry1/trace.zip

    ────────────────────────────────────────────────────────────────────────────────────────────────

    Retry #2 ───────────────────────────────────────────────────────────────────────────────────────

    Test timeout of 30000ms exceeded while running "beforeEach" hook.

      2 |
      3 | test.describe('Dashboard Tests', () => {
    > 4 |   test.beforeEach(async ({ page }) => {
        |        ^
      5 |     // Set test mode header
      6 |     await page.setExtraHTTPHeaders({
      7 |       'x-test-mode': 'true'

        at /Users/thabonyembe/Documents/freeflow-app-9/tests/e2e/dashboard.spec.ts:4:8

    Error: expect(locator).toBeVisible()

    Locator: locator('[data-testid="dashboard-container"]')
    Expected: visible
    Received: hidden
    Call log:
      - expect.toBeVisible with timeout 5000ms
      - waiting for locator('[data-testid="dashboard-container"]')


      17 |
      18 |   test('should load dashboard page successfully', async ({ page }) => {
    > 19 |     await expect(page.locator('[data-testid="dashboard-container"]')).toBeVisible();
         |                                                                       ^
      20 |     await expect(page.locator('[data-testid="dashboard-title"]')).toHaveText('Dashboard');
      21 |   });
      22 |

        at /Users/thabonyembe/Documents/freeflow-app-9/tests/e2e/dashboard.spec.ts:19:71

    attachment #1: screenshot (image/png) ──────────────────────────────────────────────────────────
    test-results/dashboard-Dashboard-Tests-should-load-dashboard-page-successfully-tablet-android-retry2/test-failed-1.png
    ────────────────────────────────────────────────────────────────────────────────────────────────

    attachment #2: video (video/webm) ──────────────────────────────────────────────────────────────
    test-results/dashboard-Dashboard-Tests-should-load-dashboard-page-successfully-tablet-android-retry2/video.webm
    ────────────────────────────────────────────────────────────────────────────────────────────────

    attachment #3: screenshot (image/png) ──────────────────────────────────────────────────────────
    test-results/dashboard-Dashboard-Tests-should-load-dashboard-page-successfully-tablet-android-retry2/test-failed-2.png
    ────────────────────────────────────────────────────────────────────────────────────────────────
]]>
</failure>
<system-out>
<![CDATA[Dashboard title not found, continuing...

[[ATTACHMENT|dashboard-Dashboard-Tests-should-load-dashboard-page-successfully-tablet-android/test-failed-1.png]]

[[ATTACHMENT|dashboard-Dashboard-Tests-should-load-dashboard-page-successfully-tablet-android/video.webm]]
Dashboard title not found, continuing...

[[ATTACHMENT|dashboard-Dashboard-Tests-should-load-dashboard-page-successfully-tablet-android-retry1/test-failed-1.png]]

[[ATTACHMENT|dashboard-Dashboard-Tests-should-load-dashboard-page-successfully-tablet-android-retry1/video.webm]]

[[ATTACHMENT|dashboard-Dashboard-Tests-should-load-dashboard-page-successfully-tablet-android-retry1/test-failed-2.png]]

[[ATTACHMENT|dashboard-Dashboard-Tests-should-load-dashboard-page-successfully-tablet-android-retry1/trace.zip]]
Dashboard title not found, continuing...

[[ATTACHMENT|dashboard-Dashboard-Tests-should-load-dashboard-page-successfully-tablet-android-retry2/test-failed-1.png]]

[[ATTACHMENT|dashboard-Dashboard-Tests-should-load-dashboard-page-successfully-tablet-android-retry2/video.webm]]

[[ATTACHMENT|dashboard-Dashboard-Tests-should-load-dashboard-page-successfully-tablet-android-retry2/test-failed-2.png]]
]]>
</system-out>
<system-err>
<![CDATA[Internal error: fixture integrity at context
]]>
</system-err>
</testcase>
<testcase name="Dashboard Tests › should display dashboard stats" classname="dashboard.spec.ts" time="90.001">
<failure message="dashboard.spec.ts:23:7 should display dashboard stats" type="FAILURE">
<![CDATA[  [tablet-android] › dashboard.spec.ts:23:7 › Dashboard Tests › should display dashboard stats ─────

    Test timeout of 30000ms exceeded while running "beforeEach" hook.

      2 |
      3 | test.describe('Dashboard Tests', () => {
    > 4 |   test.beforeEach(async ({ page }) => {
        |        ^
      5 |     // Set test mode header
      6 |     await page.setExtraHTTPHeaders({
      7 |       'x-test-mode': 'true'

        at /Users/thabonyembe/Documents/freeflow-app-9/tests/e2e/dashboard.spec.ts:4:8

    Error: expect(locator).toBeVisible()

    Locator: locator('[data-testid="stat-active-projects"]')
    Expected: visible
    Received: hidden
    Call log:
      - expect.toBeVisible with timeout 5000ms
      - waiting for locator('[data-testid="stat-active-projects"]')


      22 |
      23 |   test('should display dashboard stats', async ({ page }) => {
    > 24 |     await expect(page.locator('[data-testid="stat-active-projects"]')).toBeVisible();
         |                                                                        ^
      25 |     await expect(page.locator('[data-testid="stat-total-revenue"]')).toBeVisible();
      26 |     await expect(page.locator('[data-testid="stat-team-members"]')).toBeVisible();
      27 |     await expect(page.locator('[data-testid="stat-completed-tasks"]')).toBeVisible();

        at /Users/thabonyembe/Documents/freeflow-app-9/tests/e2e/dashboard.spec.ts:24:72

    attachment #1: screenshot (image/png) ──────────────────────────────────────────────────────────
    test-results/dashboard-Dashboard-Tests-should-display-dashboard-stats-tablet-android/test-failed-1.png
    ────────────────────────────────────────────────────────────────────────────────────────────────

    attachment #2: video (video/webm) ──────────────────────────────────────────────────────────────
    test-results/dashboard-Dashboard-Tests-should-display-dashboard-stats-tablet-android/video.webm
    ────────────────────────────────────────────────────────────────────────────────────────────────

    attachment #3: screenshot (image/png) ──────────────────────────────────────────────────────────
    test-results/dashboard-Dashboard-Tests-should-display-dashboard-stats-tablet-android/test-failed-2.png
    ────────────────────────────────────────────────────────────────────────────────────────────────

    Retry #1 ───────────────────────────────────────────────────────────────────────────────────────

    Test timeout of 30000ms exceeded while running "beforeEach" hook.

      2 |
      3 | test.describe('Dashboard Tests', () => {
    > 4 |   test.beforeEach(async ({ page }) => {
        |        ^
      5 |     // Set test mode header
      6 |     await page.setExtraHTTPHeaders({
      7 |       'x-test-mode': 'true'

        at /Users/thabonyembe/Documents/freeflow-app-9/tests/e2e/dashboard.spec.ts:4:8

    Error: expect(locator).toBeVisible()

    Locator: locator('[data-testid="stat-active-projects"]')
    Expected: visible
    Received: hidden
    Call log:
      - expect.toBeVisible with timeout 5000ms
      - waiting for locator('[data-testid="stat-active-projects"]')


      22 |
      23 |   test('should display dashboard stats', async ({ page }) => {
    > 24 |     await expect(page.locator('[data-testid="stat-active-projects"]')).toBeVisible();
         |                                                                        ^
      25 |     await expect(page.locator('[data-testid="stat-total-revenue"]')).toBeVisible();
      26 |     await expect(page.locator('[data-testid="stat-team-members"]')).toBeVisible();
      27 |     await expect(page.locator('[data-testid="stat-completed-tasks"]')).toBeVisible();

        at /Users/thabonyembe/Documents/freeflow-app-9/tests/e2e/dashboard.spec.ts:24:72

    attachment #1: screenshot (image/png) ──────────────────────────────────────────────────────────
    test-results/dashboard-Dashboard-Tests-should-display-dashboard-stats-tablet-android-retry1/test-failed-1.png
    ────────────────────────────────────────────────────────────────────────────────────────────────

    attachment #2: video (video/webm) ──────────────────────────────────────────────────────────────
    test-results/dashboard-Dashboard-Tests-should-display-dashboard-stats-tablet-android-retry1/video.webm
    ────────────────────────────────────────────────────────────────────────────────────────────────

    attachment #3: screenshot (image/png) ──────────────────────────────────────────────────────────
    test-results/dashboard-Dashboard-Tests-should-display-dashboard-stats-tablet-android-retry1/test-failed-2.png
    ────────────────────────────────────────────────────────────────────────────────────────────────

    attachment #4: trace (application/zip) ─────────────────────────────────────────────────────────
    test-results/dashboard-Dashboard-Tests-should-display-dashboard-stats-tablet-android-retry1/trace.zip
    Usage:

        npx playwright show-trace test-results/dashboard-Dashboard-Tests-should-display-dashboard-stats-tablet-android-retry1/trace.zip

    ────────────────────────────────────────────────────────────────────────────────────────────────

    Retry #2 ───────────────────────────────────────────────────────────────────────────────────────

    Test timeout of 30000ms exceeded while running "beforeEach" hook.

      2 |
      3 | test.describe('Dashboard Tests', () => {
    > 4 |   test.beforeEach(async ({ page }) => {
        |        ^
      5 |     // Set test mode header
      6 |     await page.setExtraHTTPHeaders({
      7 |       'x-test-mode': 'true'

        at /Users/thabonyembe/Documents/freeflow-app-9/tests/e2e/dashboard.spec.ts:4:8

    Error: expect(locator).toBeVisible()

    Locator: locator('[data-testid="stat-active-projects"]')
    Expected: visible
    Received: hidden
    Call log:
      - expect.toBeVisible with timeout 5000ms
      - waiting for locator('[data-testid="stat-active-projects"]')


      22 |
      23 |   test('should display dashboard stats', async ({ page }) => {
    > 24 |     await expect(page.locator('[data-testid="stat-active-projects"]')).toBeVisible();
         |                                                                        ^
      25 |     await expect(page.locator('[data-testid="stat-total-revenue"]')).toBeVisible();
      26 |     await expect(page.locator('[data-testid="stat-team-members"]')).toBeVisible();
      27 |     await expect(page.locator('[data-testid="stat-completed-tasks"]')).toBeVisible();

        at /Users/thabonyembe/Documents/freeflow-app-9/tests/e2e/dashboard.spec.ts:24:72

    attachment #1: screenshot (image/png) ──────────────────────────────────────────────────────────
    test-results/dashboard-Dashboard-Tests-should-display-dashboard-stats-tablet-android-retry2/test-failed-1.png
    ────────────────────────────────────────────────────────────────────────────────────────────────

    attachment #2: video (video/webm) ──────────────────────────────────────────────────────────────
    test-results/dashboard-Dashboard-Tests-should-display-dashboard-stats-tablet-android-retry2/video.webm
    ────────────────────────────────────────────────────────────────────────────────────────────────

    attachment #3: screenshot (image/png) ──────────────────────────────────────────────────────────
    test-results/dashboard-Dashboard-Tests-should-display-dashboard-stats-tablet-android-retry2/test-failed-2.png
    ────────────────────────────────────────────────────────────────────────────────────────────────
]]>
</failure>
<system-out>
<![CDATA[Dashboard title not found, continuing...

[[ATTACHMENT|dashboard-Dashboard-Tests-should-display-dashboard-stats-tablet-android/test-failed-1.png]]

[[ATTACHMENT|dashboard-Dashboard-Tests-should-display-dashboard-stats-tablet-android/video.webm]]

[[ATTACHMENT|dashboard-Dashboard-Tests-should-display-dashboard-stats-tablet-android/test-failed-2.png]]
Dashboard title not found, continuing...

[[ATTACHMENT|dashboard-Dashboard-Tests-should-display-dashboard-stats-tablet-android-retry1/test-failed-1.png]]

[[ATTACHMENT|dashboard-Dashboard-Tests-should-display-dashboard-stats-tablet-android-retry1/video.webm]]

[[ATTACHMENT|dashboard-Dashboard-Tests-should-display-dashboard-stats-tablet-android-retry1/test-failed-2.png]]

[[ATTACHMENT|dashboard-Dashboard-Tests-should-display-dashboard-stats-tablet-android-retry1/trace.zip]]
Dashboard title not found, continuing...

[[ATTACHMENT|dashboard-Dashboard-Tests-should-display-dashboard-stats-tablet-android-retry2/test-failed-1.png]]

[[ATTACHMENT|dashboard-Dashboard-Tests-should-display-dashboard-stats-tablet-android-retry2/video.webm]]

[[ATTACHMENT|dashboard-Dashboard-Tests-should-display-dashboard-stats-tablet-android-retry2/test-failed-2.png]]
]]>
</system-out>
<system-err>
<![CDATA[Internal error: fixture integrity at context
Internal error: fixture integrity at context
]]>
</system-err>
</testcase>
<testcase name="Dashboard Tests › should have working navigation tabs" classname="dashboard.spec.ts" time="90.005">
<failure message="dashboard.spec.ts:30:7 should have working navigation tabs" type="FAILURE">
<![CDATA[  [tablet-android] › dashboard.spec.ts:30:7 › Dashboard Tests › should have working navigation tabs 

    Test timeout of 30000ms exceeded while running "beforeEach" hook.

      2 |
      3 | test.describe('Dashboard Tests', () => {
    > 4 |   test.beforeEach(async ({ page }) => {
        |        ^
      5 |     // Set test mode header
      6 |     await page.setExtraHTTPHeaders({
      7 |       'x-test-mode': 'true'

        at /Users/thabonyembe/Documents/freeflow-app-9/tests/e2e/dashboard.spec.ts:4:8

    Error: expect(locator).toBeVisible()

    Locator: locator('[data-testid="dashboard-tabs"]')
    Expected: visible
    Received: hidden
    Call log:
      - expect.toBeVisible with timeout 5000ms
      - waiting for locator('[data-testid="dashboard-tabs"]')


      30 |   test('should have working navigation tabs', async ({ page }) => {
      31 |     const tabs = page.locator('[data-testid="dashboard-tabs"]');
    > 32 |     await expect(tabs).toBeVisible();
         |                        ^
      33 |     
      34 |     // Test Projects tab
      35 |     await page.click('[data-testid="projects-tab"]');

        at /Users/thabonyembe/Documents/freeflow-app-9/tests/e2e/dashboard.spec.ts:32:24

    attachment #1: screenshot (image/png) ──────────────────────────────────────────────────────────
    test-results/dashboard-Dashboard-Tests-should-have-working-navigation-tabs-tablet-android/test-failed-1.png
    ────────────────────────────────────────────────────────────────────────────────────────────────

    attachment #2: video (video/webm) ──────────────────────────────────────────────────────────────
    test-results/dashboard-Dashboard-Tests-should-have-working-navigation-tabs-tablet-android/video.webm
    ────────────────────────────────────────────────────────────────────────────────────────────────

    attachment #3: screenshot (image/png) ──────────────────────────────────────────────────────────
    test-results/dashboard-Dashboard-Tests-should-have-working-navigation-tabs-tablet-android/test-failed-2.png
    ────────────────────────────────────────────────────────────────────────────────────────────────

    Retry #1 ───────────────────────────────────────────────────────────────────────────────────────

    Test timeout of 30000ms exceeded while running "beforeEach" hook.

      2 |
      3 | test.describe('Dashboard Tests', () => {
    > 4 |   test.beforeEach(async ({ page }) => {
        |        ^
      5 |     // Set test mode header
      6 |     await page.setExtraHTTPHeaders({
      7 |       'x-test-mode': 'true'

        at /Users/thabonyembe/Documents/freeflow-app-9/tests/e2e/dashboard.spec.ts:4:8

    Error: expect(locator).toBeVisible()

    Locator: locator('[data-testid="dashboard-tabs"]')
    Expected: visible
    Received: hidden
    Call log:
      - expect.toBeVisible with timeout 5000ms
      - waiting for locator('[data-testid="dashboard-tabs"]')


      30 |   test('should have working navigation tabs', async ({ page }) => {
      31 |     const tabs = page.locator('[data-testid="dashboard-tabs"]');
    > 32 |     await expect(tabs).toBeVisible();
         |                        ^
      33 |     
      34 |     // Test Projects tab
      35 |     await page.click('[data-testid="projects-tab"]');

        at /Users/thabonyembe/Documents/freeflow-app-9/tests/e2e/dashboard.spec.ts:32:24

    attachment #1: screenshot (image/png) ──────────────────────────────────────────────────────────
    test-results/dashboard-Dashboard-Tests-should-have-working-navigation-tabs-tablet-android-retry1/test-failed-1.png
    ────────────────────────────────────────────────────────────────────────────────────────────────

    attachment #2: video (video/webm) ──────────────────────────────────────────────────────────────
    test-results/dashboard-Dashboard-Tests-should-have-working-navigation-tabs-tablet-android-retry1/video.webm
    ────────────────────────────────────────────────────────────────────────────────────────────────

    attachment #3: screenshot (image/png) ──────────────────────────────────────────────────────────
    test-results/dashboard-Dashboard-Tests-should-have-working-navigation-tabs-tablet-android-retry1/test-failed-2.png
    ────────────────────────────────────────────────────────────────────────────────────────────────

    attachment #4: trace (application/zip) ─────────────────────────────────────────────────────────
    test-results/dashboard-Dashboard-Tests-should-have-working-navigation-tabs-tablet-android-retry1/trace.zip
    Usage:

        npx playwright show-trace test-results/dashboard-Dashboard-Tests-should-have-working-navigation-tabs-tablet-android-retry1/trace.zip

    ────────────────────────────────────────────────────────────────────────────────────────────────

    Retry #2 ───────────────────────────────────────────────────────────────────────────────────────

    Test timeout of 30000ms exceeded while running "beforeEach" hook.

      2 |
      3 | test.describe('Dashboard Tests', () => {
    > 4 |   test.beforeEach(async ({ page }) => {
        |        ^
      5 |     // Set test mode header
      6 |     await page.setExtraHTTPHeaders({
      7 |       'x-test-mode': 'true'

        at /Users/thabonyembe/Documents/freeflow-app-9/tests/e2e/dashboard.spec.ts:4:8

    Error: expect(locator).toBeVisible()

    Locator: locator('[data-testid="dashboard-tabs"]')
    Expected: visible
    Received: hidden
    Call log:
      - expect.toBeVisible with timeout 5000ms
      - waiting for locator('[data-testid="dashboard-tabs"]')


      30 |   test('should have working navigation tabs', async ({ page }) => {
      31 |     const tabs = page.locator('[data-testid="dashboard-tabs"]');
    > 32 |     await expect(tabs).toBeVisible();
         |                        ^
      33 |     
      34 |     // Test Projects tab
      35 |     await page.click('[data-testid="projects-tab"]');

        at /Users/thabonyembe/Documents/freeflow-app-9/tests/e2e/dashboard.spec.ts:32:24

    attachment #1: screenshot (image/png) ──────────────────────────────────────────────────────────
    test-results/dashboard-Dashboard-Tests-should-have-working-navigation-tabs-tablet-android-retry2/test-failed-1.png
    ────────────────────────────────────────────────────────────────────────────────────────────────

    attachment #2: video (video/webm) ──────────────────────────────────────────────────────────────
    test-results/dashboard-Dashboard-Tests-should-have-working-navigation-tabs-tablet-android-retry2/video.webm
    ────────────────────────────────────────────────────────────────────────────────────────────────

    attachment #3: screenshot (image/png) ──────────────────────────────────────────────────────────
    test-results/dashboard-Dashboard-Tests-should-have-working-navigation-tabs-tablet-android-retry2/test-failed-2.png
    ────────────────────────────────────────────────────────────────────────────────────────────────
]]>
</failure>
<system-out>
<![CDATA[Dashboard title not found, continuing...

[[ATTACHMENT|dashboard-Dashboard-Tests-should-have-working-navigation-tabs-tablet-android/test-failed-1.png]]

[[ATTACHMENT|dashboard-Dashboard-Tests-should-have-working-navigation-tabs-tablet-android/video.webm]]

[[ATTACHMENT|dashboard-Dashboard-Tests-should-have-working-navigation-tabs-tablet-android/test-failed-2.png]]
Dashboard title not found, continuing...

[[ATTACHMENT|dashboard-Dashboard-Tests-should-have-working-navigation-tabs-tablet-android-retry1/test-failed-1.png]]

[[ATTACHMENT|dashboard-Dashboard-Tests-should-have-working-navigation-tabs-tablet-android-retry1/video.webm]]

[[ATTACHMENT|dashboard-Dashboard-Tests-should-have-working-navigation-tabs-tablet-android-retry1/test-failed-2.png]]

[[ATTACHMENT|dashboard-Dashboard-Tests-should-have-working-navigation-tabs-tablet-android-retry1/trace.zip]]
Dashboard title not found, continuing...

[[ATTACHMENT|dashboard-Dashboard-Tests-should-have-working-navigation-tabs-tablet-android-retry2/test-failed-1.png]]

[[ATTACHMENT|dashboard-Dashboard-Tests-should-have-working-navigation-tabs-tablet-android-retry2/video.webm]]

[[ATTACHMENT|dashboard-Dashboard-Tests-should-have-working-navigation-tabs-tablet-android-retry2/test-failed-2.png]]
]]>
</system-out>
<system-err>
<![CDATA[Internal error: fixture integrity at context
Internal error: fixture integrity at context
]]>
</system-err>
</testcase>
<testcase name="Dashboard Tests › should display projects in Projects Hub" classname="dashboard.spec.ts" time="90.003">
<failure message="dashboard.spec.ts:51:7 should display projects in Projects Hub" type="FAILURE">
<![CDATA[  [tablet-android] › dashboard.spec.ts:51:7 › Dashboard Tests › should display projects in Projects Hub 

    Test timeout of 30000ms exceeded while running "beforeEach" hook.

      2 |
      3 | test.describe('Dashboard Tests', () => {
    > 4 |   test.beforeEach(async ({ page }) => {
        |        ^
      5 |     // Set test mode header
      6 |     await page.setExtraHTTPHeaders({
      7 |       'x-test-mode': 'true'

        at /Users/thabonyembe/Documents/freeflow-app-9/tests/e2e/dashboard.spec.ts:4:8

    Error: page.click: Test ended.
    Call log:
      - waiting for locator('[data-testid="projects-tab"]')


      50 |
      51 |   test('should display projects in Projects Hub', async ({ page }) => {
    > 52 |     await page.click('[data-testid="projects-tab"]');
         |                ^
      53 |     await expect(page.locator('[data-testid="projects-hub"]')).toBeVisible();
      54 |     
      55 |     // Check for project items

        at /Users/thabonyembe/Documents/freeflow-app-9/tests/e2e/dashboard.spec.ts:52:16

    attachment #1: screenshot (image/png) ──────────────────────────────────────────────────────────
    test-results/dashboard-Dashboard-Tests-should-display-projects-in-Projects-Hub-tablet-android/test-failed-1.png
    ────────────────────────────────────────────────────────────────────────────────────────────────

    attachment #2: video (video/webm) ──────────────────────────────────────────────────────────────
    test-results/dashboard-Dashboard-Tests-should-display-projects-in-Projects-Hub-tablet-android/video.webm
    ────────────────────────────────────────────────────────────────────────────────────────────────

    attachment #3: screenshot (image/png) ──────────────────────────────────────────────────────────
    test-results/dashboard-Dashboard-Tests-should-display-projects-in-Projects-Hub-tablet-android/test-failed-2.png
    ────────────────────────────────────────────────────────────────────────────────────────────────

    Retry #1 ───────────────────────────────────────────────────────────────────────────────────────

    Test timeout of 30000ms exceeded while running "beforeEach" hook.

      2 |
      3 | test.describe('Dashboard Tests', () => {
    > 4 |   test.beforeEach(async ({ page }) => {
        |        ^
      5 |     // Set test mode header
      6 |     await page.setExtraHTTPHeaders({
      7 |       'x-test-mode': 'true'

        at /Users/thabonyembe/Documents/freeflow-app-9/tests/e2e/dashboard.spec.ts:4:8

    Error: page.click: Test ended.
    Call log:
      - waiting for locator('[data-testid="projects-tab"]')


      50 |
      51 |   test('should display projects in Projects Hub', async ({ page }) => {
    > 52 |     await page.click('[data-testid="projects-tab"]');
         |                ^
      53 |     await expect(page.locator('[data-testid="projects-hub"]')).toBeVisible();
      54 |     
      55 |     // Check for project items

        at /Users/thabonyembe/Documents/freeflow-app-9/tests/e2e/dashboard.spec.ts:52:16

    attachment #1: screenshot (image/png) ──────────────────────────────────────────────────────────
    test-results/dashboard-Dashboard-Tests-should-display-projects-in-Projects-Hub-tablet-android-retry1/test-failed-1.png
    ────────────────────────────────────────────────────────────────────────────────────────────────

    attachment #2: video (video/webm) ──────────────────────────────────────────────────────────────
    test-results/dashboard-Dashboard-Tests-should-display-projects-in-Projects-Hub-tablet-android-retry1/video.webm
    ────────────────────────────────────────────────────────────────────────────────────────────────

    attachment #3: screenshot (image/png) ──────────────────────────────────────────────────────────
    test-results/dashboard-Dashboard-Tests-should-display-projects-in-Projects-Hub-tablet-android-retry1/test-failed-2.png
    ────────────────────────────────────────────────────────────────────────────────────────────────

    attachment #4: trace (application/zip) ─────────────────────────────────────────────────────────
    test-results/dashboard-Dashboard-Tests-should-display-projects-in-Projects-Hub-tablet-android-retry1/trace.zip
    Usage:

        npx playwright show-trace test-results/dashboard-Dashboard-Tests-should-display-projects-in-Projects-Hub-tablet-android-retry1/trace.zip

    ────────────────────────────────────────────────────────────────────────────────────────────────

    Retry #2 ───────────────────────────────────────────────────────────────────────────────────────

    Test timeout of 30000ms exceeded while running "beforeEach" hook.

      2 |
      3 | test.describe('Dashboard Tests', () => {
    > 4 |   test.beforeEach(async ({ page }) => {
        |        ^
      5 |     // Set test mode header
      6 |     await page.setExtraHTTPHeaders({
      7 |       'x-test-mode': 'true'

        at /Users/thabonyembe/Documents/freeflow-app-9/tests/e2e/dashboard.spec.ts:4:8

    Error: page.click: Test ended.
    Call log:
      - waiting for locator('[data-testid="projects-tab"]')


      50 |
      51 |   test('should display projects in Projects Hub', async ({ page }) => {
    > 52 |     await page.click('[data-testid="projects-tab"]');
         |                ^
      53 |     await expect(page.locator('[data-testid="projects-hub"]')).toBeVisible();
      54 |     
      55 |     // Check for project items

        at /Users/thabonyembe/Documents/freeflow-app-9/tests/e2e/dashboard.spec.ts:52:16

    attachment #1: screenshot (image/png) ──────────────────────────────────────────────────────────
    test-results/dashboard-Dashboard-Tests-should-display-projects-in-Projects-Hub-tablet-android-retry2/test-failed-1.png
    ────────────────────────────────────────────────────────────────────────────────────────────────

    attachment #2: video (video/webm) ──────────────────────────────────────────────────────────────
    test-results/dashboard-Dashboard-Tests-should-display-projects-in-Projects-Hub-tablet-android-retry2/video.webm
    ────────────────────────────────────────────────────────────────────────────────────────────────

    attachment #3: screenshot (image/png) ──────────────────────────────────────────────────────────
    test-results/dashboard-Dashboard-Tests-should-display-projects-in-Projects-Hub-tablet-android-retry2/test-failed-2.png
    ────────────────────────────────────────────────────────────────────────────────────────────────
]]>
</failure>
<system-out>
<![CDATA[Dashboard title not found, continuing...

[[ATTACHMENT|dashboard-Dashboard-Tests-should-display-projects-in-Projects-Hub-tablet-android/test-failed-1.png]]

[[ATTACHMENT|dashboard-Dashboard-Tests-should-display-projects-in-Projects-Hub-tablet-android/video.webm]]

[[ATTACHMENT|dashboard-Dashboard-Tests-should-display-projects-in-Projects-Hub-tablet-android/test-failed-2.png]]
Dashboard title not found, continuing...

[[ATTACHMENT|dashboard-Dashboard-Tests-should-display-projects-in-Projects-Hub-tablet-android-retry1/test-failed-1.png]]

[[ATTACHMENT|dashboard-Dashboard-Tests-should-display-projects-in-Projects-Hub-tablet-android-retry1/video.webm]]

[[ATTACHMENT|dashboard-Dashboard-Tests-should-display-projects-in-Projects-Hub-tablet-android-retry1/test-failed-2.png]]

[[ATTACHMENT|dashboard-Dashboard-Tests-should-display-projects-in-Projects-Hub-tablet-android-retry1/trace.zip]]
Dashboard title not found, continuing...

[[ATTACHMENT|dashboard-Dashboard-Tests-should-display-projects-in-Projects-Hub-tablet-android-retry2/test-failed-1.png]]

[[ATTACHMENT|dashboard-Dashboard-Tests-should-display-projects-in-Projects-Hub-tablet-android-retry2/video.webm]]

[[ATTACHMENT|dashboard-Dashboard-Tests-should-display-projects-in-Projects-Hub-tablet-android-retry2/test-failed-2.png]]
]]>
</system-out>
<system-err>
<![CDATA[Internal error: fixture integrity at context
Internal error: fixture integrity at context
]]>
</system-err>
</testcase>
<testcase name="Dashboard Tests › should display team members with avatars" classname="dashboard.spec.ts" time="90.002">
<failure message="dashboard.spec.ts:61:7 should display team members with avatars" type="FAILURE">
<![CDATA[  [tablet-android] › dashboard.spec.ts:61:7 › Dashboard Tests › should display team members with avatars 

    Test timeout of 30000ms exceeded while running "beforeEach" hook.

      2 |
      3 | test.describe('Dashboard Tests', () => {
    > 4 |   test.beforeEach(async ({ page }) => {
        |        ^
      5 |     // Set test mode header
      6 |     await page.setExtraHTTPHeaders({
      7 |       'x-test-mode': 'true'

        at /Users/thabonyembe/Documents/freeflow-app-9/tests/e2e/dashboard.spec.ts:4:8

    Error: page.click: Test ended.
    Call log:
      - waiting for locator('[data-testid="team-tab"]')


      60 |
      61 |   test('should display team members with avatars', async ({ page }) => {
    > 62 |     await page.click('[data-testid="team-tab"]');
         |                ^
      63 |     await expect(page.locator('[data-testid="team-hub"]')).toBeVisible();
      64 |     
      65 |     // Check team members

        at /Users/thabonyembe/Documents/freeflow-app-9/tests/e2e/dashboard.spec.ts:62:16

    attachment #1: screenshot (image/png) ──────────────────────────────────────────────────────────
    test-results/dashboard-Dashboard-Tests-should-display-team-members-with-avatars-tablet-android/test-failed-1.png
    ────────────────────────────────────────────────────────────────────────────────────────────────

    attachment #2: video (video/webm) ──────────────────────────────────────────────────────────────
    test-results/dashboard-Dashboard-Tests-should-display-team-members-with-avatars-tablet-android/video.webm
    ────────────────────────────────────────────────────────────────────────────────────────────────

    attachment #3: screenshot (image/png) ──────────────────────────────────────────────────────────
    test-results/dashboard-Dashboard-Tests-should-display-team-members-with-avatars-tablet-android/test-failed-2.png
    ────────────────────────────────────────────────────────────────────────────────────────────────

    Retry #1 ───────────────────────────────────────────────────────────────────────────────────────

    Test timeout of 30000ms exceeded while running "beforeEach" hook.

      2 |
      3 | test.describe('Dashboard Tests', () => {
    > 4 |   test.beforeEach(async ({ page }) => {
        |        ^
      5 |     // Set test mode header
      6 |     await page.setExtraHTTPHeaders({
      7 |       'x-test-mode': 'true'

        at /Users/thabonyembe/Documents/freeflow-app-9/tests/e2e/dashboard.spec.ts:4:8

    Error: page.click: Test ended.
    Call log:
      - waiting for locator('[data-testid="team-tab"]')


      60 |
      61 |   test('should display team members with avatars', async ({ page }) => {
    > 62 |     await page.click('[data-testid="team-tab"]');
         |                ^
      63 |     await expect(page.locator('[data-testid="team-hub"]')).toBeVisible();
      64 |     
      65 |     // Check team members

        at /Users/thabonyembe/Documents/freeflow-app-9/tests/e2e/dashboard.spec.ts:62:16

    attachment #1: screenshot (image/png) ──────────────────────────────────────────────────────────
    test-results/dashboard-Dashboard-Tests-should-display-team-members-with-avatars-tablet-android-retry1/test-failed-1.png
    ────────────────────────────────────────────────────────────────────────────────────────────────

    attachment #2: video (video/webm) ──────────────────────────────────────────────────────────────
    test-results/dashboard-Dashboard-Tests-should-display-team-members-with-avatars-tablet-android-retry1/video.webm
    ────────────────────────────────────────────────────────────────────────────────────────────────

    attachment #3: screenshot (image/png) ──────────────────────────────────────────────────────────
    test-results/dashboard-Dashboard-Tests-should-display-team-members-with-avatars-tablet-android-retry1/test-failed-2.png
    ────────────────────────────────────────────────────────────────────────────────────────────────

    attachment #4: trace (application/zip) ─────────────────────────────────────────────────────────
    test-results/dashboard-Dashboard-Tests-should-display-team-members-with-avatars-tablet-android-retry1/trace.zip
    Usage:

        npx playwright show-trace test-results/dashboard-Dashboard-Tests-should-display-team-members-with-avatars-tablet-android-retry1/trace.zip

    ────────────────────────────────────────────────────────────────────────────────────────────────

    Retry #2 ───────────────────────────────────────────────────────────────────────────────────────

    Test timeout of 30000ms exceeded while running "beforeEach" hook.

      2 |
      3 | test.describe('Dashboard Tests', () => {
    > 4 |   test.beforeEach(async ({ page }) => {
        |        ^
      5 |     // Set test mode header
      6 |     await page.setExtraHTTPHeaders({
      7 |       'x-test-mode': 'true'

        at /Users/thabonyembe/Documents/freeflow-app-9/tests/e2e/dashboard.spec.ts:4:8

    Error: page.click: Test ended.
    Call log:
      - waiting for locator('[data-testid="team-tab"]')


      60 |
      61 |   test('should display team members with avatars', async ({ page }) => {
    > 62 |     await page.click('[data-testid="team-tab"]');
         |                ^
      63 |     await expect(page.locator('[data-testid="team-hub"]')).toBeVisible();
      64 |     
      65 |     // Check team members

        at /Users/thabonyembe/Documents/freeflow-app-9/tests/e2e/dashboard.spec.ts:62:16

    attachment #1: screenshot (image/png) ──────────────────────────────────────────────────────────
    test-results/dashboard-Dashboard-Tests-should-display-team-members-with-avatars-tablet-android-retry2/test-failed-1.png
    ────────────────────────────────────────────────────────────────────────────────────────────────

    attachment #2: video (video/webm) ──────────────────────────────────────────────────────────────
    test-results/dashboard-Dashboard-Tests-should-display-team-members-with-avatars-tablet-android-retry2/video.webm
    ────────────────────────────────────────────────────────────────────────────────────────────────

    attachment #3: screenshot (image/png) ──────────────────────────────────────────────────────────
    test-results/dashboard-Dashboard-Tests-should-display-team-members-with-avatars-tablet-android-retry2/test-failed-2.png
    ────────────────────────────────────────────────────────────────────────────────────────────────
]]>
</failure>
<system-out>
<![CDATA[Dashboard title not found, continuing...

[[ATTACHMENT|dashboard-Dashboard-Tests-should-display-team-members-with-avatars-tablet-android/test-failed-1.png]]

[[ATTACHMENT|dashboard-Dashboard-Tests-should-display-team-members-with-avatars-tablet-android/video.webm]]

[[ATTACHMENT|dashboard-Dashboard-Tests-should-display-team-members-with-avatars-tablet-android/test-failed-2.png]]
Dashboard title not found, continuing...

[[ATTACHMENT|dashboard-Dashboard-Tests-should-display-team-members-with-avatars-tablet-android-retry1/test-failed-1.png]]

[[ATTACHMENT|dashboard-Dashboard-Tests-should-display-team-members-with-avatars-tablet-android-retry1/video.webm]]

[[ATTACHMENT|dashboard-Dashboard-Tests-should-display-team-members-with-avatars-tablet-android-retry1/test-failed-2.png]]

[[ATTACHMENT|dashboard-Dashboard-Tests-should-display-team-members-with-avatars-tablet-android-retry1/trace.zip]]
Dashboard title not found, continuing...

[[ATTACHMENT|dashboard-Dashboard-Tests-should-display-team-members-with-avatars-tablet-android-retry2/test-failed-1.png]]

[[ATTACHMENT|dashboard-Dashboard-Tests-should-display-team-members-with-avatars-tablet-android-retry2/video.webm]]

[[ATTACHMENT|dashboard-Dashboard-Tests-should-display-team-members-with-avatars-tablet-android-retry2/test-failed-2.png]]
]]>
</system-out>
<system-err>
<![CDATA[Internal error: fixture integrity at context
Internal error: fixture integrity at context
Internal error: fixture integrity at context
]]>
</system-err>
</testcase>
<testcase name="Dashboard Tests › should handle new project button click" classname="dashboard.spec.ts" time="90">
<failure message="dashboard.spec.ts:73:7 should handle new project button click" type="FAILURE">
<![CDATA[  [tablet-android] › dashboard.spec.ts:73:7 › Dashboard Tests › should handle new project button click 

    Test timeout of 30000ms exceeded while running "beforeEach" hook.

      2 |
      3 | test.describe('Dashboard Tests', () => {
    > 4 |   test.beforeEach(async ({ page }) => {
        |        ^
      5 |     // Set test mode header
      6 |     await page.setExtraHTTPHeaders({
      7 |       'x-test-mode': 'true'

        at /Users/thabonyembe/Documents/freeflow-app-9/tests/e2e/dashboard.spec.ts:4:8

    Error: expect(locator).toBeVisible()

    Locator: locator('[data-testid="new-project-button"]')
    Expected: visible
    Received: hidden
    Call log:
      - expect.toBeVisible with timeout 5000ms
      - waiting for locator('[data-testid="new-project-button"]')


      73 |   test('should handle new project button click', async ({ page }) => {
      74 |     const newProjectButton = page.locator('[data-testid="new-project-button"]');
    > 75 |     await expect(newProjectButton).toBeVisible();
         |                                    ^
      76 |     await expect(newProjectButton).toBeEnabled();
      77 |     
      78 |     // Click should be possible (actual navigation tested separately)

        at /Users/thabonyembe/Documents/freeflow-app-9/tests/e2e/dashboard.spec.ts:75:36

    attachment #1: screenshot (image/png) ──────────────────────────────────────────────────────────
    test-results/dashboard-Dashboard-Tests-should-handle-new-project-button-click-tablet-android/test-failed-1.png
    ────────────────────────────────────────────────────────────────────────────────────────────────

    attachment #2: video (video/webm) ──────────────────────────────────────────────────────────────
    test-results/dashboard-Dashboard-Tests-should-handle-new-project-button-click-tablet-android/video.webm
    ────────────────────────────────────────────────────────────────────────────────────────────────

    attachment #3: screenshot (image/png) ──────────────────────────────────────────────────────────
    test-results/dashboard-Dashboard-Tests-should-handle-new-project-button-click-tablet-android/test-failed-2.png
    ────────────────────────────────────────────────────────────────────────────────────────────────

    Retry #1 ───────────────────────────────────────────────────────────────────────────────────────

    Test timeout of 30000ms exceeded while running "beforeEach" hook.

      2 |
      3 | test.describe('Dashboard Tests', () => {
    > 4 |   test.beforeEach(async ({ page }) => {
        |        ^
      5 |     // Set test mode header
      6 |     await page.setExtraHTTPHeaders({
      7 |       'x-test-mode': 'true'

        at /Users/thabonyembe/Documents/freeflow-app-9/tests/e2e/dashboard.spec.ts:4:8

    Error: expect(locator).toBeVisible()

    Locator: locator('[data-testid="new-project-button"]')
    Expected: visible
    Received: hidden
    Call log:
      - expect.toBeVisible with timeout 5000ms
      - waiting for locator('[data-testid="new-project-button"]')


      73 |   test('should handle new project button click', async ({ page }) => {
      74 |     const newProjectButton = page.locator('[data-testid="new-project-button"]');
    > 75 |     await expect(newProjectButton).toBeVisible();
         |                                    ^
      76 |     await expect(newProjectButton).toBeEnabled();
      77 |     
      78 |     // Click should be possible (actual navigation tested separately)

        at /Users/thabonyembe/Documents/freeflow-app-9/tests/e2e/dashboard.spec.ts:75:36

    attachment #1: screenshot (image/png) ──────────────────────────────────────────────────────────
    test-results/dashboard-Dashboard-Tests-should-handle-new-project-button-click-tablet-android-retry1/test-failed-1.png
    ────────────────────────────────────────────────────────────────────────────────────────────────

    attachment #2: video (video/webm) ──────────────────────────────────────────────────────────────
    test-results/dashboard-Dashboard-Tests-should-handle-new-project-button-click-tablet-android-retry1/video.webm
    ────────────────────────────────────────────────────────────────────────────────────────────────

    attachment #3: screenshot (image/png) ──────────────────────────────────────────────────────────
    test-results/dashboard-Dashboard-Tests-should-handle-new-project-button-click-tablet-android-retry1/test-failed-2.png
    ────────────────────────────────────────────────────────────────────────────────────────────────

    attachment #4: trace (application/zip) ─────────────────────────────────────────────────────────
    test-results/dashboard-Dashboard-Tests-should-handle-new-project-button-click-tablet-android-retry1/trace.zip
    Usage:

        npx playwright show-trace test-results/dashboard-Dashboard-Tests-should-handle-new-project-button-click-tablet-android-retry1/trace.zip

    ────────────────────────────────────────────────────────────────────────────────────────────────

    Retry #2 ───────────────────────────────────────────────────────────────────────────────────────

    Test timeout of 30000ms exceeded while running "beforeEach" hook.

      2 |
      3 | test.describe('Dashboard Tests', () => {
    > 4 |   test.beforeEach(async ({ page }) => {
        |        ^
      5 |     // Set test mode header
      6 |     await page.setExtraHTTPHeaders({
      7 |       'x-test-mode': 'true'

        at /Users/thabonyembe/Documents/freeflow-app-9/tests/e2e/dashboard.spec.ts:4:8

    Error: expect(locator).toBeVisible()

    Locator: locator('[data-testid="new-project-button"]')
    Expected: visible
    Received: hidden
    Call log:
      - expect.toBeVisible with timeout 5000ms
      - waiting for locator('[data-testid="new-project-button"]')


      73 |   test('should handle new project button click', async ({ page }) => {
      74 |     const newProjectButton = page.locator('[data-testid="new-project-button"]');
    > 75 |     await expect(newProjectButton).toBeVisible();
         |                                    ^
      76 |     await expect(newProjectButton).toBeEnabled();
      77 |     
      78 |     // Click should be possible (actual navigation tested separately)

        at /Users/thabonyembe/Documents/freeflow-app-9/tests/e2e/dashboard.spec.ts:75:36

    attachment #1: screenshot (image/png) ──────────────────────────────────────────────────────────
    test-results/dashboard-Dashboard-Tests-should-handle-new-project-button-click-tablet-android-retry2/test-failed-1.png
    ────────────────────────────────────────────────────────────────────────────────────────────────

    attachment #2: video (video/webm) ──────────────────────────────────────────────────────────────
    test-results/dashboard-Dashboard-Tests-should-handle-new-project-button-click-tablet-android-retry2/video.webm
    ────────────────────────────────────────────────────────────────────────────────────────────────

    attachment #3: screenshot (image/png) ──────────────────────────────────────────────────────────
    test-results/dashboard-Dashboard-Tests-should-handle-new-project-button-click-tablet-android-retry2/test-failed-2.png
    ────────────────────────────────────────────────────────────────────────────────────────────────
]]>
</failure>
<system-out>
<![CDATA[Dashboard title not found, continuing...

[[ATTACHMENT|dashboard-Dashboard-Tests-should-handle-new-project-button-click-tablet-android/test-failed-1.png]]

[[ATTACHMENT|dashboard-Dashboard-Tests-should-handle-new-project-button-click-tablet-android/video.webm]]

[[ATTACHMENT|dashboard-Dashboard-Tests-should-handle-new-project-button-click-tablet-android/test-failed-2.png]]
Dashboard title not found, continuing...

[[ATTACHMENT|dashboard-Dashboard-Tests-should-handle-new-project-button-click-tablet-android-retry1/test-failed-1.png]]

[[ATTACHMENT|dashboard-Dashboard-Tests-should-handle-new-project-button-click-tablet-android-retry1/video.webm]]

[[ATTACHMENT|dashboard-Dashboard-Tests-should-handle-new-project-button-click-tablet-android-retry1/test-failed-2.png]]

[[ATTACHMENT|dashboard-Dashboard-Tests-should-handle-new-project-button-click-tablet-android-retry1/trace.zip]]
Dashboard title not found, continuing...

[[ATTACHMENT|dashboard-Dashboard-Tests-should-handle-new-project-button-click-tablet-android-retry2/test-failed-1.png]]

[[ATTACHMENT|dashboard-Dashboard-Tests-should-handle-new-project-button-click-tablet-android-retry2/video.webm]]

[[ATTACHMENT|dashboard-Dashboard-Tests-should-handle-new-project-button-click-tablet-android-retry2/test-failed-2.png]]
]]>
</system-out>
<system-err>
<![CDATA[Internal error: fixture integrity at context
]]>
</system-err>
</testcase>
<testcase name="Dashboard Tests › should be responsive on mobile" classname="dashboard.spec.ts" time="90">
<failure message="dashboard.spec.ts:82:7 should be responsive on mobile" type="FAILURE">
<![CDATA[  [tablet-android] › dashboard.spec.ts:82:7 › Dashboard Tests › should be responsive on mobile ─────

    Test timeout of 30000ms exceeded while running "beforeEach" hook.

      2 |
      3 | test.describe('Dashboard Tests', () => {
    > 4 |   test.beforeEach(async ({ page }) => {
        |        ^
      5 |     // Set test mode header
      6 |     await page.setExtraHTTPHeaders({
      7 |       'x-test-mode': 'true'

        at /Users/thabonyembe/Documents/freeflow-app-9/tests/e2e/dashboard.spec.ts:4:8

    Error: expect(locator).toBeVisible()

    Locator: locator('[data-testid="dashboard-container"]')
    Expected: visible
    Received: hidden
    Call log:
      - expect.toBeVisible with timeout 5000ms
      - waiting for locator('[data-testid="dashboard-container"]')


      83 |     await page.setViewportSize({ width: 375, height: 667 });
      84 |     
    > 85 |     await expect(page.locator('[data-testid="dashboard-container"]')).toBeVisible();
         |                                                                       ^
      86 |     await expect(page.locator('[data-testid="dashboard-title"]')).toBeVisible();
      87 |     
      88 |     // Stats should stack on mobile

        at /Users/thabonyembe/Documents/freeflow-app-9/tests/e2e/dashboard.spec.ts:85:71

    attachment #1: screenshot (image/png) ──────────────────────────────────────────────────────────
    test-results/dashboard-Dashboard-Tests-should-be-responsive-on-mobile-tablet-android/test-failed-1.png
    ────────────────────────────────────────────────────────────────────────────────────────────────

    attachment #2: video (video/webm) ──────────────────────────────────────────────────────────────
    test-results/dashboard-Dashboard-Tests-should-be-responsive-on-mobile-tablet-android/video.webm
    ────────────────────────────────────────────────────────────────────────────────────────────────

    attachment #3: screenshot (image/png) ──────────────────────────────────────────────────────────
    test-results/dashboard-Dashboard-Tests-should-be-responsive-on-mobile-tablet-android/test-failed-2.png
    ────────────────────────────────────────────────────────────────────────────────────────────────

    Retry #1 ───────────────────────────────────────────────────────────────────────────────────────

    Test timeout of 30000ms exceeded while running "beforeEach" hook.

      2 |
      3 | test.describe('Dashboard Tests', () => {
    > 4 |   test.beforeEach(async ({ page }) => {
        |        ^
      5 |     // Set test mode header
      6 |     await page.setExtraHTTPHeaders({
      7 |       'x-test-mode': 'true'

        at /Users/thabonyembe/Documents/freeflow-app-9/tests/e2e/dashboard.spec.ts:4:8

    Error: expect(locator).toBeVisible()

    Locator: locator('[data-testid="dashboard-container"]')
    Expected: visible
    Received: hidden
    Call log:
      - expect.toBeVisible with timeout 5000ms
      - waiting for locator('[data-testid="dashboard-container"]')


      83 |     await page.setViewportSize({ width: 375, height: 667 });
      84 |     
    > 85 |     await expect(page.locator('[data-testid="dashboard-container"]')).toBeVisible();
         |                                                                       ^
      86 |     await expect(page.locator('[data-testid="dashboard-title"]')).toBeVisible();
      87 |     
      88 |     // Stats should stack on mobile

        at /Users/thabonyembe/Documents/freeflow-app-9/tests/e2e/dashboard.spec.ts:85:71

    attachment #1: screenshot (image/png) ──────────────────────────────────────────────────────────
    test-results/dashboard-Dashboard-Tests-should-be-responsive-on-mobile-tablet-android-retry1/test-failed-1.png
    ────────────────────────────────────────────────────────────────────────────────────────────────

    attachment #2: video (video/webm) ──────────────────────────────────────────────────────────────
    test-results/dashboard-Dashboard-Tests-should-be-responsive-on-mobile-tablet-android-retry1/video.webm
    ────────────────────────────────────────────────────────────────────────────────────────────────

    attachment #3: screenshot (image/png) ──────────────────────────────────────────────────────────
    test-results/dashboard-Dashboard-Tests-should-be-responsive-on-mobile-tablet-android-retry1/test-failed-2.png
    ────────────────────────────────────────────────────────────────────────────────────────────────

    attachment #4: trace (application/zip) ─────────────────────────────────────────────────────────
    test-results/dashboard-Dashboard-Tests-should-be-responsive-on-mobile-tablet-android-retry1/trace.zip
    Usage:

        npx playwright show-trace test-results/dashboard-Dashboard-Tests-should-be-responsive-on-mobile-tablet-android-retry1/trace.zip

    ────────────────────────────────────────────────────────────────────────────────────────────────

    Retry #2 ───────────────────────────────────────────────────────────────────────────────────────

    Test timeout of 30000ms exceeded while running "beforeEach" hook.

      2 |
      3 | test.describe('Dashboard Tests', () => {
    > 4 |   test.beforeEach(async ({ page }) => {
        |        ^
      5 |     // Set test mode header
      6 |     await page.setExtraHTTPHeaders({
      7 |       'x-test-mode': 'true'

        at /Users/thabonyembe/Documents/freeflow-app-9/tests/e2e/dashboard.spec.ts:4:8

    Error: expect(locator).toBeVisible()

    Locator: locator('[data-testid="dashboard-container"]')
    Expected: visible
    Received: hidden
    Call log:
      - expect.toBeVisible with timeout 5000ms
      - waiting for locator('[data-testid="dashboard-container"]')


      83 |     await page.setViewportSize({ width: 375, height: 667 });
      84 |     
    > 85 |     await expect(page.locator('[data-testid="dashboard-container"]')).toBeVisible();
         |                                                                       ^
      86 |     await expect(page.locator('[data-testid="dashboard-title"]')).toBeVisible();
      87 |     
      88 |     // Stats should stack on mobile

        at /Users/thabonyembe/Documents/freeflow-app-9/tests/e2e/dashboard.spec.ts:85:71

    attachment #1: screenshot (image/png) ──────────────────────────────────────────────────────────
    test-results/dashboard-Dashboard-Tests-should-be-responsive-on-mobile-tablet-android-retry2/test-failed-1.png
    ────────────────────────────────────────────────────────────────────────────────────────────────

    attachment #2: video (video/webm) ──────────────────────────────────────────────────────────────
    test-results/dashboard-Dashboard-Tests-should-be-responsive-on-mobile-tablet-android-retry2/video.webm
    ────────────────────────────────────────────────────────────────────────────────────────────────

    attachment #3: screenshot (image/png) ──────────────────────────────────────────────────────────
    test-results/dashboard-Dashboard-Tests-should-be-responsive-on-mobile-tablet-android-retry2/test-failed-2.png
    ────────────────────────────────────────────────────────────────────────────────────────────────
]]>
</failure>
<system-out>
<![CDATA[Dashboard title not found, continuing...

[[ATTACHMENT|dashboard-Dashboard-Tests-should-be-responsive-on-mobile-tablet-android/test-failed-1.png]]

[[ATTACHMENT|dashboard-Dashboard-Tests-should-be-responsive-on-mobile-tablet-android/video.webm]]

[[ATTACHMENT|dashboard-Dashboard-Tests-should-be-responsive-on-mobile-tablet-android/test-failed-2.png]]
Dashboard title not found, continuing...

[[ATTACHMENT|dashboard-Dashboard-Tests-should-be-responsive-on-mobile-tablet-android-retry1/test-failed-1.png]]

[[ATTACHMENT|dashboard-Dashboard-Tests-should-be-responsive-on-mobile-tablet-android-retry1/video.webm]]

[[ATTACHMENT|dashboard-Dashboard-Tests-should-be-responsive-on-mobile-tablet-android-retry1/test-failed-2.png]]

[[ATTACHMENT|dashboard-Dashboard-Tests-should-be-responsive-on-mobile-tablet-android-retry1/trace.zip]]
Dashboard title not found, continuing...

[[ATTACHMENT|dashboard-Dashboard-Tests-should-be-responsive-on-mobile-tablet-android-retry2/test-failed-1.png]]

[[ATTACHMENT|dashboard-Dashboard-Tests-should-be-responsive-on-mobile-tablet-android-retry2/video.webm]]

[[ATTACHMENT|dashboard-Dashboard-Tests-should-be-responsive-on-mobile-tablet-android-retry2/test-failed-2.png]]
]]>
</system-out>
</testcase>
<testcase name="Dashboard Tests › should load team member avatars without 404 errors" classname="dashboard.spec.ts" time="90">
<failure message="dashboard.spec.ts:93:7 should load team member avatars without 404 errors" type="FAILURE">
<![CDATA[  [tablet-android] › dashboard.spec.ts:93:7 › Dashboard Tests › should load team member avatars without 404 errors 

    Test timeout of 30000ms exceeded while running "beforeEach" hook.

      2 |
      3 | test.describe('Dashboard Tests', () => {
    > 4 |   test.beforeEach(async ({ page }) => {
        |        ^
      5 |     // Set test mode header
      6 |     await page.setExtraHTTPHeaders({
      7 |       'x-test-mode': 'true'

        at /Users/thabonyembe/Documents/freeflow-app-9/tests/e2e/dashboard.spec.ts:4:8

    Error: page.click: Test ended.
    Call log:
      - waiting for locator('[data-testid="team-tab"]')


      100 |     });
      101 |     
    > 102 |     await page.click('[data-testid="team-tab"]');
          |                ^
      103 |     await page.waitForTimeout(2000); // Wait for images to load
      104 |     
      105 |     expect(failedRequests).toHaveLength(0);

        at /Users/thabonyembe/Documents/freeflow-app-9/tests/e2e/dashboard.spec.ts:102:16

    attachment #1: screenshot (image/png) ──────────────────────────────────────────────────────────
    test-results/dashboard-Dashboard-Tests-should-load-team-member-avatars-without-404-errors-tablet-android/test-failed-1.png
    ────────────────────────────────────────────────────────────────────────────────────────────────

    attachment #2: video (video/webm) ──────────────────────────────────────────────────────────────
    test-results/dashboard-Dashboard-Tests-should-load-team-member-avatars-without-404-errors-tablet-android/video.webm
    ────────────────────────────────────────────────────────────────────────────────────────────────

    attachment #3: screenshot (image/png) ──────────────────────────────────────────────────────────
    test-results/dashboard-Dashboard-Tests-should-load-team-member-avatars-without-404-errors-tablet-android/test-failed-2.png
    ────────────────────────────────────────────────────────────────────────────────────────────────

    Retry #1 ───────────────────────────────────────────────────────────────────────────────────────

    Test timeout of 30000ms exceeded while running "beforeEach" hook.

      2 |
      3 | test.describe('Dashboard Tests', () => {
    > 4 |   test.beforeEach(async ({ page }) => {
        |        ^
      5 |     // Set test mode header
      6 |     await page.setExtraHTTPHeaders({
      7 |       'x-test-mode': 'true'

        at /Users/thabonyembe/Documents/freeflow-app-9/tests/e2e/dashboard.spec.ts:4:8

    Error: page.click: Test ended.
    Call log:
      - waiting for locator('[data-testid="team-tab"]')


      100 |     });
      101 |     
    > 102 |     await page.click('[data-testid="team-tab"]');
          |                ^
      103 |     await page.waitForTimeout(2000); // Wait for images to load
      104 |     
      105 |     expect(failedRequests).toHaveLength(0);

        at /Users/thabonyembe/Documents/freeflow-app-9/tests/e2e/dashboard.spec.ts:102:16

    attachment #1: screenshot (image/png) ──────────────────────────────────────────────────────────
    test-results/dashboard-Dashboard-Tests-should-load-team-member-avatars-without-404-errors-tablet-android-retry1/test-failed-1.png
    ────────────────────────────────────────────────────────────────────────────────────────────────

    attachment #2: video (video/webm) ──────────────────────────────────────────────────────────────
    test-results/dashboard-Dashboard-Tests-should-load-team-member-avatars-without-404-errors-tablet-android-retry1/video.webm
    ────────────────────────────────────────────────────────────────────────────────────────────────

    attachment #3: screenshot (image/png) ──────────────────────────────────────────────────────────
    test-results/dashboard-Dashboard-Tests-should-load-team-member-avatars-without-404-errors-tablet-android-retry1/test-failed-2.png
    ────────────────────────────────────────────────────────────────────────────────────────────────

    attachment #4: trace (application/zip) ─────────────────────────────────────────────────────────
    test-results/dashboard-Dashboard-Tests-should-load-team-member-avatars-without-404-errors-tablet-android-retry1/trace.zip
    Usage:

        npx playwright show-trace test-results/dashboard-Dashboard-Tests-should-load-team-member-avatars-without-404-errors-tablet-android-retry1/trace.zip

    ────────────────────────────────────────────────────────────────────────────────────────────────

    Retry #2 ───────────────────────────────────────────────────────────────────────────────────────

    Test timeout of 30000ms exceeded while running "beforeEach" hook.

      2 |
      3 | test.describe('Dashboard Tests', () => {
    > 4 |   test.beforeEach(async ({ page }) => {
        |        ^
      5 |     // Set test mode header
      6 |     await page.setExtraHTTPHeaders({
      7 |       'x-test-mode': 'true'

        at /Users/thabonyembe/Documents/freeflow-app-9/tests/e2e/dashboard.spec.ts:4:8

    Error: page.click: Test ended.
    Call log:
      - waiting for locator('[data-testid="team-tab"]')


      100 |     });
      101 |     
    > 102 |     await page.click('[data-testid="team-tab"]');
          |                ^
      103 |     await page.waitForTimeout(2000); // Wait for images to load
      104 |     
      105 |     expect(failedRequests).toHaveLength(0);

        at /Users/thabonyembe/Documents/freeflow-app-9/tests/e2e/dashboard.spec.ts:102:16

    attachment #1: screenshot (image/png) ──────────────────────────────────────────────────────────
    test-results/dashboard-Dashboard-Tests-should-load-team-member-avatars-without-404-errors-tablet-android-retry2/test-failed-1.png
    ────────────────────────────────────────────────────────────────────────────────────────────────

    attachment #2: video (video/webm) ──────────────────────────────────────────────────────────────
    test-results/dashboard-Dashboard-Tests-should-load-team-member-avatars-without-404-errors-tablet-android-retry2/video.webm
    ────────────────────────────────────────────────────────────────────────────────────────────────

    attachment #3: screenshot (image/png) ──────────────────────────────────────────────────────────
    test-results/dashboard-Dashboard-Tests-should-load-team-member-avatars-without-404-errors-tablet-android-retry2/test-failed-2.png
    ────────────────────────────────────────────────────────────────────────────────────────────────
]]>
</failure>
<system-out>
<![CDATA[Dashboard title not found, continuing...

[[ATTACHMENT|dashboard-Dashboard-Tests-should-load-team-member-avatars-without-404-errors-tablet-android/test-failed-1.png]]

[[ATTACHMENT|dashboard-Dashboard-Tests-should-load-team-member-avatars-without-404-errors-tablet-android/video.webm]]

[[ATTACHMENT|dashboard-Dashboard-Tests-should-load-team-member-avatars-without-404-errors-tablet-android/test-failed-2.png]]
Dashboard title not found, continuing...

[[ATTACHMENT|dashboard-Dashboard-Tests-should-load-team-member-avatars-without-404-errors-tablet-android-retry1/test-failed-1.png]]

[[ATTACHMENT|dashboard-Dashboard-Tests-should-load-team-member-avatars-without-404-errors-tablet-android-retry1/video.webm]]

[[ATTACHMENT|dashboard-Dashboard-Tests-should-load-team-member-avatars-without-404-errors-tablet-android-retry1/test-failed-2.png]]

[[ATTACHMENT|dashboard-Dashboard-Tests-should-load-team-member-avatars-without-404-errors-tablet-android-retry1/trace.zip]]
Dashboard title not found, continuing...

[[ATTACHMENT|dashboard-Dashboard-Tests-should-load-team-member-avatars-without-404-errors-tablet-android-retry2/test-failed-1.png]]

[[ATTACHMENT|dashboard-Dashboard-Tests-should-load-team-member-avatars-without-404-errors-tablet-android-retry2/video.webm]]

[[ATTACHMENT|dashboard-Dashboard-Tests-should-load-team-member-avatars-without-404-errors-tablet-android-retry2/test-failed-2.png]]
]]>
</system-out>
<system-err>
<![CDATA[Internal error: fixture integrity at context
]]>
</system-err>
</testcase>
<testcase name="Dashboard Tests › should have proper accessibility labels" classname="dashboard.spec.ts" time="90.003">
<failure message="dashboard.spec.ts:108:7 should have proper accessibility labels" type="FAILURE">
<![CDATA[  [tablet-android] › dashboard.spec.ts:108:7 › Dashboard Tests › should have proper accessibility labels 

    Test timeout of 30000ms exceeded while running "beforeEach" hook.

      2 |
      3 | test.describe('Dashboard Tests', () => {
    > 4 |   test.beforeEach(async ({ page }) => {
        |        ^
      5 |     // Set test mode header
      6 |     await page.setExtraHTTPHeaders({
      7 |       'x-test-mode': 'true'

        at /Users/thabonyembe/Documents/freeflow-app-9/tests/e2e/dashboard.spec.ts:4:8

    Error: expect(locator).toBeVisible()

    Locator: locator('h1[data-testid="dashboard-title"]')
    Expected: visible
    Received: hidden
    Call log:
      - expect.toBeVisible with timeout 5000ms
      - waiting for locator('h1[data-testid="dashboard-title"]')


      108 |   test('should have proper accessibility labels', async ({ page }) => {
      109 |     // Check for proper ARIA labels and semantic HTML
    > 110 |     await expect(page.locator('h1[data-testid="dashboard-title"]')).toBeVisible();
          |                                                                     ^
      111 |     
      112 |     // Navigation should be accessible
      113 |     const tabs = page.locator('[role="tablist"]');

        at /Users/thabonyembe/Documents/freeflow-app-9/tests/e2e/dashboard.spec.ts:110:69

    attachment #1: screenshot (image/png) ──────────────────────────────────────────────────────────
    test-results/dashboard-Dashboard-Tests-should-have-proper-accessibility-labels-tablet-android/test-failed-1.png
    ────────────────────────────────────────────────────────────────────────────────────────────────

    attachment #2: video (video/webm) ──────────────────────────────────────────────────────────────
    test-results/dashboard-Dashboard-Tests-should-have-proper-accessibility-labels-tablet-android/video.webm
    ────────────────────────────────────────────────────────────────────────────────────────────────

    attachment #3: screenshot (image/png) ──────────────────────────────────────────────────────────
    test-results/dashboard-Dashboard-Tests-should-have-proper-accessibility-labels-tablet-android/test-failed-2.png
    ────────────────────────────────────────────────────────────────────────────────────────────────

    Retry #1 ───────────────────────────────────────────────────────────────────────────────────────

    Test timeout of 30000ms exceeded while running "beforeEach" hook.

      2 |
      3 | test.describe('Dashboard Tests', () => {
    > 4 |   test.beforeEach(async ({ page }) => {
        |        ^
      5 |     // Set test mode header
      6 |     await page.setExtraHTTPHeaders({
      7 |       'x-test-mode': 'true'

        at /Users/thabonyembe/Documents/freeflow-app-9/tests/e2e/dashboard.spec.ts:4:8

    Error: expect(locator).toBeVisible()

    Locator: locator('h1[data-testid="dashboard-title"]')
    Expected: visible
    Received: hidden
    Call log:
      - expect.toBeVisible with timeout 5000ms
      - waiting for locator('h1[data-testid="dashboard-title"]')


      108 |   test('should have proper accessibility labels', async ({ page }) => {
      109 |     // Check for proper ARIA labels and semantic HTML
    > 110 |     await expect(page.locator('h1[data-testid="dashboard-title"]')).toBeVisible();
          |                                                                     ^
      111 |     
      112 |     // Navigation should be accessible
      113 |     const tabs = page.locator('[role="tablist"]');

        at /Users/thabonyembe/Documents/freeflow-app-9/tests/e2e/dashboard.spec.ts:110:69

    attachment #1: screenshot (image/png) ──────────────────────────────────────────────────────────
    test-results/dashboard-Dashboard-Tests-should-have-proper-accessibility-labels-tablet-android-retry1/test-failed-1.png
    ────────────────────────────────────────────────────────────────────────────────────────────────

    attachment #2: video (video/webm) ──────────────────────────────────────────────────────────────
    test-results/dashboard-Dashboard-Tests-should-have-proper-accessibility-labels-tablet-android-retry1/video.webm
    ────────────────────────────────────────────────────────────────────────────────────────────────

    attachment #3: screenshot (image/png) ──────────────────────────────────────────────────────────
    test-results/dashboard-Dashboard-Tests-should-have-proper-accessibility-labels-tablet-android-retry1/test-failed-2.png
    ────────────────────────────────────────────────────────────────────────────────────────────────

    attachment #4: trace (application/zip) ─────────────────────────────────────────────────────────
    test-results/dashboard-Dashboard-Tests-should-have-proper-accessibility-labels-tablet-android-retry1/trace.zip
    Usage:

        npx playwright show-trace test-results/dashboard-Dashboard-Tests-should-have-proper-accessibility-labels-tablet-android-retry1/trace.zip

    ────────────────────────────────────────────────────────────────────────────────────────────────

    Retry #2 ───────────────────────────────────────────────────────────────────────────────────────

    Test timeout of 30000ms exceeded while running "beforeEach" hook.

      2 |
      3 | test.describe('Dashboard Tests', () => {
    > 4 |   test.beforeEach(async ({ page }) => {
        |        ^
      5 |     // Set test mode header
      6 |     await page.setExtraHTTPHeaders({
      7 |       'x-test-mode': 'true'

        at /Users/thabonyembe/Documents/freeflow-app-9/tests/e2e/dashboard.spec.ts:4:8

    Error: expect(locator).toBeVisible()

    Locator: locator('h1[data-testid="dashboard-title"]')
    Expected: visible
    Received: hidden
    Call log:
      - expect.toBeVisible with timeout 5000ms
      - waiting for locator('h1[data-testid="dashboard-title"]')


      108 |   test('should have proper accessibility labels', async ({ page }) => {
      109 |     // Check for proper ARIA labels and semantic HTML
    > 110 |     await expect(page.locator('h1[data-testid="dashboard-title"]')).toBeVisible();
          |                                                                     ^
      111 |     
      112 |     // Navigation should be accessible
      113 |     const tabs = page.locator('[role="tablist"]');

        at /Users/thabonyembe/Documents/freeflow-app-9/tests/e2e/dashboard.spec.ts:110:69

    attachment #1: screenshot (image/png) ──────────────────────────────────────────────────────────
    test-results/dashboard-Dashboard-Tests-should-have-proper-accessibility-labels-tablet-android-retry2/test-failed-1.png
    ────────────────────────────────────────────────────────────────────────────────────────────────

    attachment #2: video (video/webm) ──────────────────────────────────────────────────────────────
    test-results/dashboard-Dashboard-Tests-should-have-proper-accessibility-labels-tablet-android-retry2/video.webm
    ────────────────────────────────────────────────────────────────────────────────────────────────

    attachment #3: screenshot (image/png) ──────────────────────────────────────────────────────────
    test-results/dashboard-Dashboard-Tests-should-have-proper-accessibility-labels-tablet-android-retry2/test-failed-2.png
    ────────────────────────────────────────────────────────────────────────────────────────────────
]]>
</failure>
<system-out>
<![CDATA[Dashboard title not found, continuing...

[[ATTACHMENT|dashboard-Dashboard-Tests-should-have-proper-accessibility-labels-tablet-android/test-failed-1.png]]

[[ATTACHMENT|dashboard-Dashboard-Tests-should-have-proper-accessibility-labels-tablet-android/video.webm]]

[[ATTACHMENT|dashboard-Dashboard-Tests-should-have-proper-accessibility-labels-tablet-android/test-failed-2.png]]
Dashboard title not found, continuing...

[[ATTACHMENT|dashboard-Dashboard-Tests-should-have-proper-accessibility-labels-tablet-android-retry1/test-failed-1.png]]

[[ATTACHMENT|dashboard-Dashboard-Tests-should-have-proper-accessibility-labels-tablet-android-retry1/video.webm]]

[[ATTACHMENT|dashboard-Dashboard-Tests-should-have-proper-accessibility-labels-tablet-android-retry1/test-failed-2.png]]

[[ATTACHMENT|dashboard-Dashboard-Tests-should-have-proper-accessibility-labels-tablet-android-retry1/trace.zip]]
Dashboard title not found, continuing...

[[ATTACHMENT|dashboard-Dashboard-Tests-should-have-proper-accessibility-labels-tablet-android-retry2/test-failed-1.png]]

[[ATTACHMENT|dashboard-Dashboard-Tests-should-have-proper-accessibility-labels-tablet-android-retry2/video.webm]]

[[ATTACHMENT|dashboard-Dashboard-Tests-should-have-proper-accessibility-labels-tablet-android-retry2/test-failed-2.png]]
]]>
</system-out>
<system-err>
<![CDATA[Internal error: fixture integrity at context
Internal error: fixture integrity at context
]]>
</system-err>
</testcase>
</testsuite>
<testsuite name="dashboard.spec.ts" timestamp="2025-06-16T14:04:51.086Z" hostname="mobile-iphone-14-pro-max" tests="9" failures="9" skipped="0" time="810.013" errors="0">
<testcase name="Dashboard Tests › should load dashboard page successfully" classname="dashboard.spec.ts" time="90">
<failure message="dashboard.spec.ts:18:7 should load dashboard page successfully" type="FAILURE">
<![CDATA[  [mobile-iphone-14-pro-max] › dashboard.spec.ts:18:7 › Dashboard Tests › should load dashboard page successfully 

    Test timeout of 30000ms exceeded while running "beforeEach" hook.

      2 |
      3 | test.describe('Dashboard Tests', () => {
    > 4 |   test.beforeEach(async ({ page }) => {
        |        ^
      5 |     // Set test mode header
      6 |     await page.setExtraHTTPHeaders({
      7 |       'x-test-mode': 'true'

        at /Users/thabonyembe/Documents/freeflow-app-9/tests/e2e/dashboard.spec.ts:4:8

    Error: browserContext.newPage: Test ended.


    attachment #1: screenshot (image/png) ──────────────────────────────────────────────────────────
    test-results/dashboard-Dashboard-Tests-should-load-dashboard-page-successfully-mobile-iphone-14-pro-max/test-failed-1.png
    ────────────────────────────────────────────────────────────────────────────────────────────────

    attachment #2: video (video/webm) ──────────────────────────────────────────────────────────────
    test-results/dashboard-Dashboard-Tests-should-load-dashboard-page-successfully-mobile-iphone-14-pro-max/video.webm
    ────────────────────────────────────────────────────────────────────────────────────────────────

    Retry #1 ───────────────────────────────────────────────────────────────────────────────────────

    Test timeout of 30000ms exceeded while running "beforeEach" hook.

      2 |
      3 | test.describe('Dashboard Tests', () => {
    > 4 |   test.beforeEach(async ({ page }) => {
        |        ^
      5 |     // Set test mode header
      6 |     await page.setExtraHTTPHeaders({
      7 |       'x-test-mode': 'true'

        at /Users/thabonyembe/Documents/freeflow-app-9/tests/e2e/dashboard.spec.ts:4:8

    Error: browserContext.newPage: Test ended.


    attachment #1: screenshot (image/png) ──────────────────────────────────────────────────────────
    test-results/dashboard-Dashboard-Tests-should-load-dashboard-page-successfully-mobile-iphone-14-pro-max-retry1/test-failed-1.png
    ────────────────────────────────────────────────────────────────────────────────────────────────

    attachment #2: video (video/webm) ──────────────────────────────────────────────────────────────
    test-results/dashboard-Dashboard-Tests-should-load-dashboard-page-successfully-mobile-iphone-14-pro-max-retry1/video.webm
    ────────────────────────────────────────────────────────────────────────────────────────────────

    attachment #3: trace (application/zip) ─────────────────────────────────────────────────────────
    test-results/dashboard-Dashboard-Tests-should-load-dashboard-page-successfully-mobile-iphone-14-pro-max-retry1/trace.zip
    Usage:

        npx playwright show-trace test-results/dashboard-Dashboard-Tests-should-load-dashboard-page-successfully-mobile-iphone-14-pro-max-retry1/trace.zip

    ────────────────────────────────────────────────────────────────────────────────────────────────

    Retry #2 ───────────────────────────────────────────────────────────────────────────────────────

    Test timeout of 30000ms exceeded while running "beforeEach" hook.

      2 |
      3 | test.describe('Dashboard Tests', () => {
    > 4 |   test.beforeEach(async ({ page }) => {
        |        ^
      5 |     // Set test mode header
      6 |     await page.setExtraHTTPHeaders({
      7 |       'x-test-mode': 'true'

        at /Users/thabonyembe/Documents/freeflow-app-9/tests/e2e/dashboard.spec.ts:4:8

    Error: browserContext.newPage: Test ended.


    attachment #1: screenshot (image/png) ──────────────────────────────────────────────────────────
    test-results/dashboard-Dashboard-Tests-should-load-dashboard-page-successfully-mobile-iphone-14-pro-max-retry2/test-failed-1.png
    ────────────────────────────────────────────────────────────────────────────────────────────────

    attachment #2: video (video/webm) ──────────────────────────────────────────────────────────────
    test-results/dashboard-Dashboard-Tests-should-load-dashboard-page-successfully-mobile-iphone-14-pro-max-retry2/video.webm
    ────────────────────────────────────────────────────────────────────────────────────────────────
]]>
</failure>
<system-out>
<![CDATA[Dashboard title not found, continuing...

[[ATTACHMENT|dashboard-Dashboard-Tests-should-load-dashboard-page-successfully-mobile-iphone-14-pro-max/test-failed-1.png]]

[[ATTACHMENT|dashboard-Dashboard-Tests-should-load-dashboard-page-successfully-mobile-iphone-14-pro-max/video.webm]]
Dashboard title not found, continuing...

[[ATTACHMENT|dashboard-Dashboard-Tests-should-load-dashboard-page-successfully-mobile-iphone-14-pro-max-retry1/test-failed-1.png]]

[[ATTACHMENT|dashboard-Dashboard-Tests-should-load-dashboard-page-successfully-mobile-iphone-14-pro-max-retry1/video.webm]]

[[ATTACHMENT|dashboard-Dashboard-Tests-should-load-dashboard-page-successfully-mobile-iphone-14-pro-max-retry1/trace.zip]]
Dashboard title not found, continuing...

[[ATTACHMENT|dashboard-Dashboard-Tests-should-load-dashboard-page-successfully-mobile-iphone-14-pro-max-retry2/test-failed-1.png]]

[[ATTACHMENT|dashboard-Dashboard-Tests-should-load-dashboard-page-successfully-mobile-iphone-14-pro-max-retry2/video.webm]]
]]>
</system-out>
<system-err>
<![CDATA[Internal error: fixture integrity at context
Internal error: fixture integrity at context
]]>
</system-err>
</testcase>
<testcase name="Dashboard Tests › should display dashboard stats" classname="dashboard.spec.ts" time="90">
<failure message="dashboard.spec.ts:23:7 should display dashboard stats" type="FAILURE">
<![CDATA[  [mobile-iphone-14-pro-max] › dashboard.spec.ts:23:7 › Dashboard Tests › should display dashboard stats 

    Test timeout of 30000ms exceeded while running "beforeEach" hook.

      2 |
      3 | test.describe('Dashboard Tests', () => {
    > 4 |   test.beforeEach(async ({ page }) => {
        |        ^
      5 |     // Set test mode header
      6 |     await page.setExtraHTTPHeaders({
      7 |       'x-test-mode': 'true'

        at /Users/thabonyembe/Documents/freeflow-app-9/tests/e2e/dashboard.spec.ts:4:8

    Error: browserContext.newPage: Test ended.


    attachment #1: screenshot (image/png) ──────────────────────────────────────────────────────────
    test-results/dashboard-Dashboard-Tests-should-display-dashboard-stats-mobile-iphone-14-pro-max/test-failed-1.png
    ────────────────────────────────────────────────────────────────────────────────────────────────

    attachment #2: video (video/webm) ──────────────────────────────────────────────────────────────
    test-results/dashboard-Dashboard-Tests-should-display-dashboard-stats-mobile-iphone-14-pro-max/video.webm
    ────────────────────────────────────────────────────────────────────────────────────────────────

    Retry #1 ───────────────────────────────────────────────────────────────────────────────────────

    Test timeout of 30000ms exceeded while running "beforeEach" hook.

      2 |
      3 | test.describe('Dashboard Tests', () => {
    > 4 |   test.beforeEach(async ({ page }) => {
        |        ^
      5 |     // Set test mode header
      6 |     await page.setExtraHTTPHeaders({
      7 |       'x-test-mode': 'true'

        at /Users/thabonyembe/Documents/freeflow-app-9/tests/e2e/dashboard.spec.ts:4:8

    Error: expect(locator).toBeVisible()

    Locator: locator('[data-testid="stat-active-projects"]')
    Expected: visible
    Received: hidden
    Call log:
      - expect.toBeVisible with timeout 5000ms
      - waiting for locator('[data-testid="stat-active-projects"]')


      22 |
      23 |   test('should display dashboard stats', async ({ page }) => {
    > 24 |     await expect(page.locator('[data-testid="stat-active-projects"]')).toBeVisible();
         |                                                                        ^
      25 |     await expect(page.locator('[data-testid="stat-total-revenue"]')).toBeVisible();
      26 |     await expect(page.locator('[data-testid="stat-team-members"]')).toBeVisible();
      27 |     await expect(page.locator('[data-testid="stat-completed-tasks"]')).toBeVisible();

        at /Users/thabonyembe/Documents/freeflow-app-9/tests/e2e/dashboard.spec.ts:24:72

    attachment #1: screenshot (image/png) ──────────────────────────────────────────────────────────
    test-results/dashboard-Dashboard-Tests-should-display-dashboard-stats-mobile-iphone-14-pro-max-retry1/test-failed-1.png
    ────────────────────────────────────────────────────────────────────────────────────────────────

    attachment #2: video (video/webm) ──────────────────────────────────────────────────────────────
    test-results/dashboard-Dashboard-Tests-should-display-dashboard-stats-mobile-iphone-14-pro-max-retry1/video.webm
    ────────────────────────────────────────────────────────────────────────────────────────────────

    attachment #3: trace (application/zip) ─────────────────────────────────────────────────────────
    test-results/dashboard-Dashboard-Tests-should-display-dashboard-stats-mobile-iphone-14-pro-max-retry1/trace.zip
    Usage:

        npx playwright show-trace test-results/dashboard-Dashboard-Tests-should-display-dashboard-stats-mobile-iphone-14-pro-max-retry1/trace.zip

    ────────────────────────────────────────────────────────────────────────────────────────────────

    Retry #2 ───────────────────────────────────────────────────────────────────────────────────────

    Test timeout of 30000ms exceeded while running "beforeEach" hook.

      2 |
      3 | test.describe('Dashboard Tests', () => {
    > 4 |   test.beforeEach(async ({ page }) => {
        |        ^
      5 |     // Set test mode header
      6 |     await page.setExtraHTTPHeaders({
      7 |       'x-test-mode': 'true'

        at /Users/thabonyembe/Documents/freeflow-app-9/tests/e2e/dashboard.spec.ts:4:8

    Error: browserContext.newPage: Test ended.


    attachment #1: screenshot (image/png) ──────────────────────────────────────────────────────────
    test-results/dashboard-Dashboard-Tests-should-display-dashboard-stats-mobile-iphone-14-pro-max-retry2/test-failed-1.png
    ────────────────────────────────────────────────────────────────────────────────────────────────

    attachment #2: video (video/webm) ──────────────────────────────────────────────────────────────
    test-results/dashboard-Dashboard-Tests-should-display-dashboard-stats-mobile-iphone-14-pro-max-retry2/video.webm
    ────────────────────────────────────────────────────────────────────────────────────────────────
]]>
</failure>
<system-out>
<![CDATA[Dashboard title not found, continuing...

[[ATTACHMENT|dashboard-Dashboard-Tests-should-display-dashboard-stats-mobile-iphone-14-pro-max/test-failed-1.png]]

[[ATTACHMENT|dashboard-Dashboard-Tests-should-display-dashboard-stats-mobile-iphone-14-pro-max/video.webm]]
Dashboard title not found, continuing...

[[ATTACHMENT|dashboard-Dashboard-Tests-should-display-dashboard-stats-mobile-iphone-14-pro-max-retry1/test-failed-1.png]]

[[ATTACHMENT|dashboard-Dashboard-Tests-should-display-dashboard-stats-mobile-iphone-14-pro-max-retry1/video.webm]]

[[ATTACHMENT|dashboard-Dashboard-Tests-should-display-dashboard-stats-mobile-iphone-14-pro-max-retry1/trace.zip]]
Dashboard title not found, continuing...

[[ATTACHMENT|dashboard-Dashboard-Tests-should-display-dashboard-stats-mobile-iphone-14-pro-max-retry2/test-failed-1.png]]

[[ATTACHMENT|dashboard-Dashboard-Tests-should-display-dashboard-stats-mobile-iphone-14-pro-max-retry2/video.webm]]
]]>
</system-out>
</testcase>
<testcase name="Dashboard Tests › should have working navigation tabs" classname="dashboard.spec.ts" time="90">
<failure message="dashboard.spec.ts:30:7 should have working navigation tabs" type="FAILURE">
<![CDATA[  [mobile-iphone-14-pro-max] › dashboard.spec.ts:30:7 › Dashboard Tests › should have working navigation tabs 

    Test timeout of 30000ms exceeded while running "beforeEach" hook.

      2 |
      3 | test.describe('Dashboard Tests', () => {
    > 4 |   test.beforeEach(async ({ page }) => {
        |        ^
      5 |     // Set test mode header
      6 |     await page.setExtraHTTPHeaders({
      7 |       'x-test-mode': 'true'

        at /Users/thabonyembe/Documents/freeflow-app-9/tests/e2e/dashboard.spec.ts:4:8

    Error: browserContext.newPage: Test ended.


    attachment #1: screenshot (image/png) ──────────────────────────────────────────────────────────
    test-results/dashboard-Dashboard-Tests-should-have-working-navigation-tabs-mobile-iphone-14-pro-max/test-failed-1.png
    ────────────────────────────────────────────────────────────────────────────────────────────────

    attachment #2: video (video/webm) ──────────────────────────────────────────────────────────────
    test-results/dashboard-Dashboard-Tests-should-have-working-navigation-tabs-mobile-iphone-14-pro-max/video.webm
    ────────────────────────────────────────────────────────────────────────────────────────────────

    Retry #1 ───────────────────────────────────────────────────────────────────────────────────────

    Test timeout of 30000ms exceeded while running "beforeEach" hook.

      2 |
      3 | test.describe('Dashboard Tests', () => {
    > 4 |   test.beforeEach(async ({ page }) => {
        |        ^
      5 |     // Set test mode header
      6 |     await page.setExtraHTTPHeaders({
      7 |       'x-test-mode': 'true'

        at /Users/thabonyembe/Documents/freeflow-app-9/tests/e2e/dashboard.spec.ts:4:8

    Error: expect(locator).toBeVisible()

    Locator: locator('[data-testid="dashboard-tabs"]')
    Expected: visible
    Received: hidden
    Call log:
      - expect.toBeVisible with timeout 5000ms
      - waiting for locator('[data-testid="dashboard-tabs"]')


      30 |   test('should have working navigation tabs', async ({ page }) => {
      31 |     const tabs = page.locator('[data-testid="dashboard-tabs"]');
    > 32 |     await expect(tabs).toBeVisible();
         |                        ^
      33 |     
      34 |     // Test Projects tab
      35 |     await page.click('[data-testid="projects-tab"]');

        at /Users/thabonyembe/Documents/freeflow-app-9/tests/e2e/dashboard.spec.ts:32:24

    attachment #1: screenshot (image/png) ──────────────────────────────────────────────────────────
    test-results/dashboard-Dashboard-Tests-should-have-working-navigation-tabs-mobile-iphone-14-pro-max-retry1/test-failed-1.png
    ────────────────────────────────────────────────────────────────────────────────────────────────

    attachment #2: video (video/webm) ──────────────────────────────────────────────────────────────
    test-results/dashboard-Dashboard-Tests-should-have-working-navigation-tabs-mobile-iphone-14-pro-max-retry1/video.webm
    ────────────────────────────────────────────────────────────────────────────────────────────────

    attachment #3: trace (application/zip) ─────────────────────────────────────────────────────────
    test-results/dashboard-Dashboard-Tests-should-have-working-navigation-tabs-mobile-iphone-14-pro-max-retry1/trace.zip
    Usage:

        npx playwright show-trace test-results/dashboard-Dashboard-Tests-should-have-working-navigation-tabs-mobile-iphone-14-pro-max-retry1/trace.zip

    ────────────────────────────────────────────────────────────────────────────────────────────────

    Retry #2 ───────────────────────────────────────────────────────────────────────────────────────

    Test timeout of 30000ms exceeded while running "beforeEach" hook.

      2 |
      3 | test.describe('Dashboard Tests', () => {
    > 4 |   test.beforeEach(async ({ page }) => {
        |        ^
      5 |     // Set test mode header
      6 |     await page.setExtraHTTPHeaders({
      7 |       'x-test-mode': 'true'

        at /Users/thabonyembe/Documents/freeflow-app-9/tests/e2e/dashboard.spec.ts:4:8

    Error: browserContext.newPage: Test ended.


    attachment #1: screenshot (image/png) ──────────────────────────────────────────────────────────
    test-results/dashboard-Dashboard-Tests-should-have-working-navigation-tabs-mobile-iphone-14-pro-max-retry2/test-failed-1.png
    ────────────────────────────────────────────────────────────────────────────────────────────────

    attachment #2: video (video/webm) ──────────────────────────────────────────────────────────────
    test-results/dashboard-Dashboard-Tests-should-have-working-navigation-tabs-mobile-iphone-14-pro-max-retry2/video.webm
    ────────────────────────────────────────────────────────────────────────────────────────────────
]]>
</failure>
<system-out>
<![CDATA[Dashboard title not found, continuing...

[[ATTACHMENT|dashboard-Dashboard-Tests-should-have-working-navigation-tabs-mobile-iphone-14-pro-max/test-failed-1.png]]

[[ATTACHMENT|dashboard-Dashboard-Tests-should-have-working-navigation-tabs-mobile-iphone-14-pro-max/video.webm]]
Dashboard title not found, continuing...

[[ATTACHMENT|dashboard-Dashboard-Tests-should-have-working-navigation-tabs-mobile-iphone-14-pro-max-retry1/test-failed-1.png]]

[[ATTACHMENT|dashboard-Dashboard-Tests-should-have-working-navigation-tabs-mobile-iphone-14-pro-max-retry1/video.webm]]

[[ATTACHMENT|dashboard-Dashboard-Tests-should-have-working-navigation-tabs-mobile-iphone-14-pro-max-retry1/trace.zip]]
Dashboard title not found, continuing...

[[ATTACHMENT|dashboard-Dashboard-Tests-should-have-working-navigation-tabs-mobile-iphone-14-pro-max-retry2/test-failed-1.png]]

[[ATTACHMENT|dashboard-Dashboard-Tests-should-have-working-navigation-tabs-mobile-iphone-14-pro-max-retry2/video.webm]]
]]>
</system-out>
<system-err>
<![CDATA[Internal error: fixture integrity at context
Internal error: fixture integrity at context
Internal error: fixture integrity at context
]]>
</system-err>
</testcase>
<testcase name="Dashboard Tests › should display projects in Projects Hub" classname="dashboard.spec.ts" time="90.007">
<failure message="dashboard.spec.ts:51:7 should display projects in Projects Hub" type="FAILURE">
<![CDATA[  [mobile-iphone-14-pro-max] › dashboard.spec.ts:51:7 › Dashboard Tests › should display projects in Projects Hub 

    Test timeout of 30000ms exceeded while running "beforeEach" hook.

      2 |
      3 | test.describe('Dashboard Tests', () => {
    > 4 |   test.beforeEach(async ({ page }) => {
        |        ^
      5 |     // Set test mode header
      6 |     await page.setExtraHTTPHeaders({
      7 |       'x-test-mode': 'true'

        at /Users/thabonyembe/Documents/freeflow-app-9/tests/e2e/dashboard.spec.ts:4:8

    Error: browserContext.newPage: Test ended.


    attachment #1: screenshot (image/png) ──────────────────────────────────────────────────────────
    test-results/dashboard-Dashboard-Tests-should-display-projects-in-Projects-Hub-mobile-iphone-14-pro-max/test-failed-1.png
    ────────────────────────────────────────────────────────────────────────────────────────────────

    attachment #2: video (video/webm) ──────────────────────────────────────────────────────────────
    test-results/dashboard-Dashboard-Tests-should-display-projects-in-Projects-Hub-mobile-iphone-14-pro-max/video.webm
    ────────────────────────────────────────────────────────────────────────────────────────────────

    Retry #1 ───────────────────────────────────────────────────────────────────────────────────────

    Test timeout of 30000ms exceeded while running "beforeEach" hook.

      2 |
      3 | test.describe('Dashboard Tests', () => {
    > 4 |   test.beforeEach(async ({ page }) => {
        |        ^
      5 |     // Set test mode header
      6 |     await page.setExtraHTTPHeaders({
      7 |       'x-test-mode': 'true'

        at /Users/thabonyembe/Documents/freeflow-app-9/tests/e2e/dashboard.spec.ts:4:8

    Error: page.click: Test ended.
    Call log:
      - waiting for locator('[data-testid="projects-tab"]')


      50 |
      51 |   test('should display projects in Projects Hub', async ({ page }) => {
    > 52 |     await page.click('[data-testid="projects-tab"]');
         |                ^
      53 |     await expect(page.locator('[data-testid="projects-hub"]')).toBeVisible();
      54 |     
      55 |     // Check for project items

        at /Users/thabonyembe/Documents/freeflow-app-9/tests/e2e/dashboard.spec.ts:52:16

    attachment #1: screenshot (image/png) ──────────────────────────────────────────────────────────
    test-results/dashboard-Dashboard-Tests-should-display-projects-in-Projects-Hub-mobile-iphone-14-pro-max-retry1/test-failed-1.png
    ────────────────────────────────────────────────────────────────────────────────────────────────

    attachment #2: video (video/webm) ──────────────────────────────────────────────────────────────
    test-results/dashboard-Dashboard-Tests-should-display-projects-in-Projects-Hub-mobile-iphone-14-pro-max-retry1/video.webm
    ────────────────────────────────────────────────────────────────────────────────────────────────

    attachment #3: trace (application/zip) ─────────────────────────────────────────────────────────
    test-results/dashboard-Dashboard-Tests-should-display-projects-in-Projects-Hub-mobile-iphone-14-pro-max-retry1/trace.zip
    Usage:

        npx playwright show-trace test-results/dashboard-Dashboard-Tests-should-display-projects-in-Projects-Hub-mobile-iphone-14-pro-max-retry1/trace.zip

    ────────────────────────────────────────────────────────────────────────────────────────────────

    Retry #2 ───────────────────────────────────────────────────────────────────────────────────────

    Test timeout of 30000ms exceeded while running "beforeEach" hook.

      2 |
      3 | test.describe('Dashboard Tests', () => {
    > 4 |   test.beforeEach(async ({ page }) => {
        |        ^
      5 |     // Set test mode header
      6 |     await page.setExtraHTTPHeaders({
      7 |       'x-test-mode': 'true'

        at /Users/thabonyembe/Documents/freeflow-app-9/tests/e2e/dashboard.spec.ts:4:8

    Error: browserContext.newPage: Test ended.


    attachment #1: screenshot (image/png) ──────────────────────────────────────────────────────────
    test-results/dashboard-Dashboard-Tests-should-display-projects-in-Projects-Hub-mobile-iphone-14-pro-max-retry2/test-failed-1.png
    ────────────────────────────────────────────────────────────────────────────────────────────────

    attachment #2: video (video/webm) ──────────────────────────────────────────────────────────────
    test-results/dashboard-Dashboard-Tests-should-display-projects-in-Projects-Hub-mobile-iphone-14-pro-max-retry2/video.webm
    ────────────────────────────────────────────────────────────────────────────────────────────────
]]>
</failure>
<system-out>
<![CDATA[Dashboard title not found, continuing...

[[ATTACHMENT|dashboard-Dashboard-Tests-should-display-projects-in-Projects-Hub-mobile-iphone-14-pro-max/test-failed-1.png]]

[[ATTACHMENT|dashboard-Dashboard-Tests-should-display-projects-in-Projects-Hub-mobile-iphone-14-pro-max/video.webm]]
Dashboard title not found, continuing...

[[ATTACHMENT|dashboard-Dashboard-Tests-should-display-projects-in-Projects-Hub-mobile-iphone-14-pro-max-retry1/test-failed-1.png]]

[[ATTACHMENT|dashboard-Dashboard-Tests-should-display-projects-in-Projects-Hub-mobile-iphone-14-pro-max-retry1/video.webm]]

[[ATTACHMENT|dashboard-Dashboard-Tests-should-display-projects-in-Projects-Hub-mobile-iphone-14-pro-max-retry1/trace.zip]]
Dashboard title not found, continuing...

[[ATTACHMENT|dashboard-Dashboard-Tests-should-display-projects-in-Projects-Hub-mobile-iphone-14-pro-max-retry2/test-failed-1.png]]

[[ATTACHMENT|dashboard-Dashboard-Tests-should-display-projects-in-Projects-Hub-mobile-iphone-14-pro-max-retry2/video.webm]]
]]>
</system-out>
<system-err>
<![CDATA[Internal error: fixture integrity at context
Internal error: fixture integrity at context
]]>
</system-err>
</testcase>
<testcase name="Dashboard Tests › should display team members with avatars" classname="dashboard.spec.ts" time="90.002">
<failure message="dashboard.spec.ts:61:7 should display team members with avatars" type="FAILURE">
<![CDATA[  [mobile-iphone-14-pro-max] › dashboard.spec.ts:61:7 › Dashboard Tests › should display team members with avatars 

    Test timeout of 30000ms exceeded while running "beforeEach" hook.

      2 |
      3 | test.describe('Dashboard Tests', () => {
    > 4 |   test.beforeEach(async ({ page }) => {
        |        ^
      5 |     // Set test mode header
      6 |     await page.setExtraHTTPHeaders({
      7 |       'x-test-mode': 'true'

        at /Users/thabonyembe/Documents/freeflow-app-9/tests/e2e/dashboard.spec.ts:4:8

    Error: browserContext.newPage: Test ended.


    attachment #1: screenshot (image/png) ──────────────────────────────────────────────────────────
    test-results/dashboard-Dashboard-Tests-should-display-team-members-with-avatars-mobile-iphone-14-pro-max/test-failed-1.png
    ────────────────────────────────────────────────────────────────────────────────────────────────

    attachment #2: video (video/webm) ──────────────────────────────────────────────────────────────
    test-results/dashboard-Dashboard-Tests-should-display-team-members-with-avatars-mobile-iphone-14-pro-max/video.webm
    ────────────────────────────────────────────────────────────────────────────────────────────────

    Retry #1 ───────────────────────────────────────────────────────────────────────────────────────

    Test timeout of 30000ms exceeded while running "beforeEach" hook.

      2 |
      3 | test.describe('Dashboard Tests', () => {
    > 4 |   test.beforeEach(async ({ page }) => {
        |        ^
      5 |     // Set test mode header
      6 |     await page.setExtraHTTPHeaders({
      7 |       'x-test-mode': 'true'

        at /Users/thabonyembe/Documents/freeflow-app-9/tests/e2e/dashboard.spec.ts:4:8

    Error: browserContext.newPage: Test ended.


    attachment #1: screenshot (image/png) ──────────────────────────────────────────────────────────
    test-results/dashboard-Dashboard-Tests-should-display-team-members-with-avatars-mobile-iphone-14-pro-max-retry1/test-failed-1.png
    ────────────────────────────────────────────────────────────────────────────────────────────────

    attachment #2: video (video/webm) ──────────────────────────────────────────────────────────────
    test-results/dashboard-Dashboard-Tests-should-display-team-members-with-avatars-mobile-iphone-14-pro-max-retry1/video.webm
    ────────────────────────────────────────────────────────────────────────────────────────────────

    attachment #3: trace (application/zip) ─────────────────────────────────────────────────────────
    test-results/dashboard-Dashboard-Tests-should-display-team-members-with-avatars-mobile-iphone-14-pro-max-retry1/trace.zip
    Usage:

        npx playwright show-trace test-results/dashboard-Dashboard-Tests-should-display-team-members-with-avatars-mobile-iphone-14-pro-max-retry1/trace.zip

    ────────────────────────────────────────────────────────────────────────────────────────────────

    Retry #2 ───────────────────────────────────────────────────────────────────────────────────────

    Test timeout of 30000ms exceeded while running "beforeEach" hook.

      2 |
      3 | test.describe('Dashboard Tests', () => {
    > 4 |   test.beforeEach(async ({ page }) => {
        |        ^
      5 |     // Set test mode header
      6 |     await page.setExtraHTTPHeaders({
      7 |       'x-test-mode': 'true'

        at /Users/thabonyembe/Documents/freeflow-app-9/tests/e2e/dashboard.spec.ts:4:8

    Error: browserContext.newPage: Test ended.


    attachment #1: screenshot (image/png) ──────────────────────────────────────────────────────────
    test-results/dashboard-Dashboard-Tests-should-display-team-members-with-avatars-mobile-iphone-14-pro-max-retry2/test-failed-1.png
    ────────────────────────────────────────────────────────────────────────────────────────────────

    attachment #2: video (video/webm) ──────────────────────────────────────────────────────────────
    test-results/dashboard-Dashboard-Tests-should-display-team-members-with-avatars-mobile-iphone-14-pro-max-retry2/video.webm
    ────────────────────────────────────────────────────────────────────────────────────────────────
]]>
</failure>
<system-out>
<![CDATA[Dashboard title not found, continuing...

[[ATTACHMENT|dashboard-Dashboard-Tests-should-display-team-members-with-avatars-mobile-iphone-14-pro-max/test-failed-1.png]]

[[ATTACHMENT|dashboard-Dashboard-Tests-should-display-team-members-with-avatars-mobile-iphone-14-pro-max/video.webm]]
Dashboard title not found, continuing...

[[ATTACHMENT|dashboard-Dashboard-Tests-should-display-team-members-with-avatars-mobile-iphone-14-pro-max-retry1/test-failed-1.png]]

[[ATTACHMENT|dashboard-Dashboard-Tests-should-display-team-members-with-avatars-mobile-iphone-14-pro-max-retry1/video.webm]]

[[ATTACHMENT|dashboard-Dashboard-Tests-should-display-team-members-with-avatars-mobile-iphone-14-pro-max-retry1/trace.zip]]
Dashboard title not found, continuing...

[[ATTACHMENT|dashboard-Dashboard-Tests-should-display-team-members-with-avatars-mobile-iphone-14-pro-max-retry2/test-failed-1.png]]

[[ATTACHMENT|dashboard-Dashboard-Tests-should-display-team-members-with-avatars-mobile-iphone-14-pro-max-retry2/video.webm]]
]]>
</system-out>
<system-err>
<![CDATA[Internal error: fixture integrity at context
Internal error: fixture integrity at context
Internal error: fixture integrity at context
]]>
</system-err>
</testcase>
<testcase name="Dashboard Tests › should handle new project button click" classname="dashboard.spec.ts" time="90.004">
<failure message="dashboard.spec.ts:73:7 should handle new project button click" type="FAILURE">
<![CDATA[  [mobile-iphone-14-pro-max] › dashboard.spec.ts:73:7 › Dashboard Tests › should handle new project button click 

    Test timeout of 30000ms exceeded while running "beforeEach" hook.

      2 |
      3 | test.describe('Dashboard Tests', () => {
    > 4 |   test.beforeEach(async ({ page }) => {
        |        ^
      5 |     // Set test mode header
      6 |     await page.setExtraHTTPHeaders({
      7 |       'x-test-mode': 'true'

        at /Users/thabonyembe/Documents/freeflow-app-9/tests/e2e/dashboard.spec.ts:4:8

    Error: browserContext.newPage: Test ended.


    attachment #1: screenshot (image/png) ──────────────────────────────────────────────────────────
    test-results/dashboard-Dashboard-Tests-should-handle-new-project-button-click-mobile-iphone-14-pro-max/test-failed-1.png
    ────────────────────────────────────────────────────────────────────────────────────────────────

    attachment #2: video (video/webm) ──────────────────────────────────────────────────────────────
    test-results/dashboard-Dashboard-Tests-should-handle-new-project-button-click-mobile-iphone-14-pro-max/video.webm
    ────────────────────────────────────────────────────────────────────────────────────────────────

    Retry #1 ───────────────────────────────────────────────────────────────────────────────────────

    Test timeout of 30000ms exceeded while running "beforeEach" hook.

      2 |
      3 | test.describe('Dashboard Tests', () => {
    > 4 |   test.beforeEach(async ({ page }) => {
        |        ^
      5 |     // Set test mode header
      6 |     await page.setExtraHTTPHeaders({
      7 |       'x-test-mode': 'true'

        at /Users/thabonyembe/Documents/freeflow-app-9/tests/e2e/dashboard.spec.ts:4:8

    Error: expect(locator).toBeVisible()

    Locator: locator('[data-testid="new-project-button"]')
    Expected: visible
    Received: hidden
    Call log:
      - expect.toBeVisible with timeout 5000ms
      - waiting for locator('[data-testid="new-project-button"]')


      73 |   test('should handle new project button click', async ({ page }) => {
      74 |     const newProjectButton = page.locator('[data-testid="new-project-button"]');
    > 75 |     await expect(newProjectButton).toBeVisible();
         |                                    ^
      76 |     await expect(newProjectButton).toBeEnabled();
      77 |     
      78 |     // Click should be possible (actual navigation tested separately)

        at /Users/thabonyembe/Documents/freeflow-app-9/tests/e2e/dashboard.spec.ts:75:36

    attachment #1: screenshot (image/png) ──────────────────────────────────────────────────────────
    test-results/dashboard-Dashboard-Tests-should-handle-new-project-button-click-mobile-iphone-14-pro-max-retry1/test-failed-1.png
    ────────────────────────────────────────────────────────────────────────────────────────────────

    attachment #2: video (video/webm) ──────────────────────────────────────────────────────────────
    test-results/dashboard-Dashboard-Tests-should-handle-new-project-button-click-mobile-iphone-14-pro-max-retry1/video.webm
    ────────────────────────────────────────────────────────────────────────────────────────────────

    attachment #3: trace (application/zip) ─────────────────────────────────────────────────────────
    test-results/dashboard-Dashboard-Tests-should-handle-new-project-button-click-mobile-iphone-14-pro-max-retry1/trace.zip
    Usage:

        npx playwright show-trace test-results/dashboard-Dashboard-Tests-should-handle-new-project-button-click-mobile-iphone-14-pro-max-retry1/trace.zip

    ────────────────────────────────────────────────────────────────────────────────────────────────

    Retry #2 ───────────────────────────────────────────────────────────────────────────────────────

    Test timeout of 30000ms exceeded while running "beforeEach" hook.

      2 |
      3 | test.describe('Dashboard Tests', () => {
    > 4 |   test.beforeEach(async ({ page }) => {
        |        ^
      5 |     // Set test mode header
      6 |     await page.setExtraHTTPHeaders({
      7 |       'x-test-mode': 'true'

        at /Users/thabonyembe/Documents/freeflow-app-9/tests/e2e/dashboard.spec.ts:4:8

    Error: browserContext.newPage: Test ended.


    attachment #1: screenshot (image/png) ──────────────────────────────────────────────────────────
    test-results/dashboard-Dashboard-Tests-should-handle-new-project-button-click-mobile-iphone-14-pro-max-retry2/test-failed-1.png
    ────────────────────────────────────────────────────────────────────────────────────────────────

    attachment #2: video (video/webm) ──────────────────────────────────────────────────────────────
    test-results/dashboard-Dashboard-Tests-should-handle-new-project-button-click-mobile-iphone-14-pro-max-retry2/video.webm
    ────────────────────────────────────────────────────────────────────────────────────────────────
]]>
</failure>
<system-out>
<![CDATA[Dashboard title not found, continuing...

[[ATTACHMENT|dashboard-Dashboard-Tests-should-handle-new-project-button-click-mobile-iphone-14-pro-max/test-failed-1.png]]

[[ATTACHMENT|dashboard-Dashboard-Tests-should-handle-new-project-button-click-mobile-iphone-14-pro-max/video.webm]]
Dashboard title not found, continuing...

[[ATTACHMENT|dashboard-Dashboard-Tests-should-handle-new-project-button-click-mobile-iphone-14-pro-max-retry1/test-failed-1.png]]

[[ATTACHMENT|dashboard-Dashboard-Tests-should-handle-new-project-button-click-mobile-iphone-14-pro-max-retry1/video.webm]]

[[ATTACHMENT|dashboard-Dashboard-Tests-should-handle-new-project-button-click-mobile-iphone-14-pro-max-retry1/trace.zip]]
Dashboard title not found, continuing...

[[ATTACHMENT|dashboard-Dashboard-Tests-should-handle-new-project-button-click-mobile-iphone-14-pro-max-retry2/test-failed-1.png]]

[[ATTACHMENT|dashboard-Dashboard-Tests-should-handle-new-project-button-click-mobile-iphone-14-pro-max-retry2/video.webm]]
]]>
</system-out>
<system-err>
<![CDATA[Internal error: fixture integrity at context
Internal error: fixture integrity at context
]]>
</system-err>
</testcase>
<testcase name="Dashboard Tests › should be responsive on mobile" classname="dashboard.spec.ts" time="90">
<failure message="dashboard.spec.ts:82:7 should be responsive on mobile" type="FAILURE">
<![CDATA[  [mobile-iphone-14-pro-max] › dashboard.spec.ts:82:7 › Dashboard Tests › should be responsive on mobile 

    Test timeout of 30000ms exceeded while running "beforeEach" hook.

      2 |
      3 | test.describe('Dashboard Tests', () => {
    > 4 |   test.beforeEach(async ({ page }) => {
        |        ^
      5 |     // Set test mode header
      6 |     await page.setExtraHTTPHeaders({
      7 |       'x-test-mode': 'true'

        at /Users/thabonyembe/Documents/freeflow-app-9/tests/e2e/dashboard.spec.ts:4:8

    Error: browserContext.newPage: Test ended.


    attachment #1: screenshot (image/png) ──────────────────────────────────────────────────────────
    test-results/dashboard-Dashboard-Tests-should-be-responsive-on-mobile-mobile-iphone-14-pro-max/test-failed-1.png
    ────────────────────────────────────────────────────────────────────────────────────────────────

    attachment #2: video (video/webm) ──────────────────────────────────────────────────────────────
    test-results/dashboard-Dashboard-Tests-should-be-responsive-on-mobile-mobile-iphone-14-pro-max/video.webm
    ────────────────────────────────────────────────────────────────────────────────────────────────

    Retry #1 ───────────────────────────────────────────────────────────────────────────────────────

    Test timeout of 30000ms exceeded while running "beforeEach" hook.

      2 |
      3 | test.describe('Dashboard Tests', () => {
    > 4 |   test.beforeEach(async ({ page }) => {
        |        ^
      5 |     // Set test mode header
      6 |     await page.setExtraHTTPHeaders({
      7 |       'x-test-mode': 'true'

        at /Users/thabonyembe/Documents/freeflow-app-9/tests/e2e/dashboard.spec.ts:4:8

    Error: expect(locator).toBeVisible()

    Locator: locator('[data-testid="dashboard-container"]')
    Expected: visible
    Received: hidden
    Call log:
      - expect.toBeVisible with timeout 5000ms
      - waiting for locator('[data-testid="dashboard-container"]')


      83 |     await page.setViewportSize({ width: 375, height: 667 });
      84 |     
    > 85 |     await expect(page.locator('[data-testid="dashboard-container"]')).toBeVisible();
         |                                                                       ^
      86 |     await expect(page.locator('[data-testid="dashboard-title"]')).toBeVisible();
      87 |     
      88 |     // Stats should stack on mobile

        at /Users/thabonyembe/Documents/freeflow-app-9/tests/e2e/dashboard.spec.ts:85:71

    attachment #1: screenshot (image/png) ──────────────────────────────────────────────────────────
    test-results/dashboard-Dashboard-Tests-should-be-responsive-on-mobile-mobile-iphone-14-pro-max-retry1/test-failed-1.png
    ────────────────────────────────────────────────────────────────────────────────────────────────

    attachment #2: video (video/webm) ──────────────────────────────────────────────────────────────
    test-results/dashboard-Dashboard-Tests-should-be-responsive-on-mobile-mobile-iphone-14-pro-max-retry1/video.webm
    ────────────────────────────────────────────────────────────────────────────────────────────────

    attachment #3: trace (application/zip) ─────────────────────────────────────────────────────────
    test-results/dashboard-Dashboard-Tests-should-be-responsive-on-mobile-mobile-iphone-14-pro-max-retry1/trace.zip
    Usage:

        npx playwright show-trace test-results/dashboard-Dashboard-Tests-should-be-responsive-on-mobile-mobile-iphone-14-pro-max-retry1/trace.zip

    ────────────────────────────────────────────────────────────────────────────────────────────────

    Retry #2 ───────────────────────────────────────────────────────────────────────────────────────

    Test timeout of 30000ms exceeded while running "beforeEach" hook.

      2 |
      3 | test.describe('Dashboard Tests', () => {
    > 4 |   test.beforeEach(async ({ page }) => {
        |        ^
      5 |     // Set test mode header
      6 |     await page.setExtraHTTPHeaders({
      7 |       'x-test-mode': 'true'

        at /Users/thabonyembe/Documents/freeflow-app-9/tests/e2e/dashboard.spec.ts:4:8

    Error: browserContext.newPage: Test ended.


    attachment #1: screenshot (image/png) ──────────────────────────────────────────────────────────
    test-results/dashboard-Dashboard-Tests-should-be-responsive-on-mobile-mobile-iphone-14-pro-max-retry2/test-failed-1.png
    ────────────────────────────────────────────────────────────────────────────────────────────────

    attachment #2: video (video/webm) ──────────────────────────────────────────────────────────────
    test-results/dashboard-Dashboard-Tests-should-be-responsive-on-mobile-mobile-iphone-14-pro-max-retry2/video.webm
    ────────────────────────────────────────────────────────────────────────────────────────────────
]]>
</failure>
<system-out>
<![CDATA[Dashboard title not found, continuing...

[[ATTACHMENT|dashboard-Dashboard-Tests-should-be-responsive-on-mobile-mobile-iphone-14-pro-max/test-failed-1.png]]

[[ATTACHMENT|dashboard-Dashboard-Tests-should-be-responsive-on-mobile-mobile-iphone-14-pro-max/video.webm]]
Dashboard title not found, continuing...

[[ATTACHMENT|dashboard-Dashboard-Tests-should-be-responsive-on-mobile-mobile-iphone-14-pro-max-retry1/test-failed-1.png]]

[[ATTACHMENT|dashboard-Dashboard-Tests-should-be-responsive-on-mobile-mobile-iphone-14-pro-max-retry1/video.webm]]

[[ATTACHMENT|dashboard-Dashboard-Tests-should-be-responsive-on-mobile-mobile-iphone-14-pro-max-retry1/trace.zip]]
Dashboard title not found, continuing...

[[ATTACHMENT|dashboard-Dashboard-Tests-should-be-responsive-on-mobile-mobile-iphone-14-pro-max-retry2/test-failed-1.png]]

[[ATTACHMENT|dashboard-Dashboard-Tests-should-be-responsive-on-mobile-mobile-iphone-14-pro-max-retry2/video.webm]]
]]>
</system-out>
<system-err>
<![CDATA[Internal error: fixture integrity at context
Internal error: fixture integrity at context
]]>
</system-err>
</testcase>
<testcase name="Dashboard Tests › should load team member avatars without 404 errors" classname="dashboard.spec.ts" time="89.999">
<failure message="dashboard.spec.ts:93:7 should load team member avatars without 404 errors" type="FAILURE">
<![CDATA[  [mobile-iphone-14-pro-max] › dashboard.spec.ts:93:7 › Dashboard Tests › should load team member avatars without 404 errors 

    Test timeout of 30000ms exceeded while running "beforeEach" hook.

      2 |
      3 | test.describe('Dashboard Tests', () => {
    > 4 |   test.beforeEach(async ({ page }) => {
        |        ^
      5 |     // Set test mode header
      6 |     await page.setExtraHTTPHeaders({
      7 |       'x-test-mode': 'true'

        at /Users/thabonyembe/Documents/freeflow-app-9/tests/e2e/dashboard.spec.ts:4:8

    Error: browserContext.newPage: Test ended.


    attachment #1: screenshot (image/png) ──────────────────────────────────────────────────────────
    test-results/dashboard-Dashboard-Tests-should-load-team-member-avatars-without-404-errors-mobile-iphone-14-pro-max/test-failed-1.png
    ────────────────────────────────────────────────────────────────────────────────────────────────

    attachment #2: video (video/webm) ──────────────────────────────────────────────────────────────
    test-results/dashboard-Dashboard-Tests-should-load-team-member-avatars-without-404-errors-mobile-iphone-14-pro-max/video.webm
    ────────────────────────────────────────────────────────────────────────────────────────────────

    Retry #1 ───────────────────────────────────────────────────────────────────────────────────────

    Test timeout of 30000ms exceeded while running "beforeEach" hook.

      2 |
      3 | test.describe('Dashboard Tests', () => {
    > 4 |   test.beforeEach(async ({ page }) => {
        |        ^
      5 |     // Set test mode header
      6 |     await page.setExtraHTTPHeaders({
      7 |       'x-test-mode': 'true'

        at /Users/thabonyembe/Documents/freeflow-app-9/tests/e2e/dashboard.spec.ts:4:8

    Error: page.click: Test ended.
    Call log:
      - waiting for locator('[data-testid="team-tab"]')


      100 |     });
      101 |     
    > 102 |     await page.click('[data-testid="team-tab"]');
          |                ^
      103 |     await page.waitForTimeout(2000); // Wait for images to load
      104 |     
      105 |     expect(failedRequests).toHaveLength(0);

        at /Users/thabonyembe/Documents/freeflow-app-9/tests/e2e/dashboard.spec.ts:102:16

    attachment #1: screenshot (image/png) ──────────────────────────────────────────────────────────
    test-results/dashboard-Dashboard-Tests-should-load-team-member-avatars-without-404-errors-mobile-iphone-14-pro-max-retry1/test-failed-1.png
    ────────────────────────────────────────────────────────────────────────────────────────────────

    attachment #2: video (video/webm) ──────────────────────────────────────────────────────────────
    test-results/dashboard-Dashboard-Tests-should-load-team-member-avatars-without-404-errors-mobile-iphone-14-pro-max-retry1/video.webm
    ────────────────────────────────────────────────────────────────────────────────────────────────

    attachment #3: trace (application/zip) ─────────────────────────────────────────────────────────
    test-results/dashboard-Dashboard-Tests-should-load-team-member-avatars-without-404-errors-mobile-iphone-14-pro-max-retry1/trace.zip
    Usage:

        npx playwright show-trace test-results/dashboard-Dashboard-Tests-should-load-team-member-avatars-without-404-errors-mobile-iphone-14-pro-max-retry1/trace.zip

    ────────────────────────────────────────────────────────────────────────────────────────────────

    Retry #2 ───────────────────────────────────────────────────────────────────────────────────────

    Test timeout of 30000ms exceeded while running "beforeEach" hook.

      2 |
      3 | test.describe('Dashboard Tests', () => {
    > 4 |   test.beforeEach(async ({ page }) => {
        |        ^
      5 |     // Set test mode header
      6 |     await page.setExtraHTTPHeaders({
      7 |       'x-test-mode': 'true'

        at /Users/thabonyembe/Documents/freeflow-app-9/tests/e2e/dashboard.spec.ts:4:8

    Error: browserContext.newPage: Test ended.


    attachment #1: screenshot (image/png) ──────────────────────────────────────────────────────────
    test-results/dashboard-Dashboard-Tests-should-load-team-member-avatars-without-404-errors-mobile-iphone-14-pro-max-retry2/test-failed-1.png
    ────────────────────────────────────────────────────────────────────────────────────────────────

    attachment #2: video (video/webm) ──────────────────────────────────────────────────────────────
    test-results/dashboard-Dashboard-Tests-should-load-team-member-avatars-without-404-errors-mobile-iphone-14-pro-max-retry2/video.webm
    ────────────────────────────────────────────────────────────────────────────────────────────────
]]>
</failure>
<system-out>
<![CDATA[Dashboard title not found, continuing...

[[ATTACHMENT|dashboard-Dashboard-Tests-should-load-team-member-avatars-without-404-errors-mobile-iphone-14-pro-max/test-failed-1.png]]

[[ATTACHMENT|dashboard-Dashboard-Tests-should-load-team-member-avatars-without-404-errors-mobile-iphone-14-pro-max/video.webm]]
Dashboard title not found, continuing...

[[ATTACHMENT|dashboard-Dashboard-Tests-should-load-team-member-avatars-without-404-errors-mobile-iphone-14-pro-max-retry1/test-failed-1.png]]

[[ATTACHMENT|dashboard-Dashboard-Tests-should-load-team-member-avatars-without-404-errors-mobile-iphone-14-pro-max-retry1/video.webm]]

[[ATTACHMENT|dashboard-Dashboard-Tests-should-load-team-member-avatars-without-404-errors-mobile-iphone-14-pro-max-retry1/trace.zip]]
Dashboard title not found, continuing...

[[ATTACHMENT|dashboard-Dashboard-Tests-should-load-team-member-avatars-without-404-errors-mobile-iphone-14-pro-max-retry2/test-failed-1.png]]

[[ATTACHMENT|dashboard-Dashboard-Tests-should-load-team-member-avatars-without-404-errors-mobile-iphone-14-pro-max-retry2/video.webm]]
]]>
</system-out>
<system-err>
<![CDATA[Internal error: fixture integrity at context
Internal error: fixture integrity at context
]]>
</system-err>
</testcase>
<testcase name="Dashboard Tests › should have proper accessibility labels" classname="dashboard.spec.ts" time="90.001">
<failure message="dashboard.spec.ts:108:7 should have proper accessibility labels" type="FAILURE">
<![CDATA[  [mobile-iphone-14-pro-max] › dashboard.spec.ts:108:7 › Dashboard Tests › should have proper accessibility labels 

    Test timeout of 30000ms exceeded while running "beforeEach" hook.

      2 |
      3 | test.describe('Dashboard Tests', () => {
    > 4 |   test.beforeEach(async ({ page }) => {
        |        ^
      5 |     // Set test mode header
      6 |     await page.setExtraHTTPHeaders({
      7 |       'x-test-mode': 'true'

        at /Users/thabonyembe/Documents/freeflow-app-9/tests/e2e/dashboard.spec.ts:4:8

    Error: browserContext.newPage: Test ended.


    attachment #1: screenshot (image/png) ──────────────────────────────────────────────────────────
    test-results/dashboard-Dashboard-Tests-should-have-proper-accessibility-labels-mobile-iphone-14-pro-max/test-failed-1.png
    ────────────────────────────────────────────────────────────────────────────────────────────────

    attachment #2: video (video/webm) ──────────────────────────────────────────────────────────────
    test-results/dashboard-Dashboard-Tests-should-have-proper-accessibility-labels-mobile-iphone-14-pro-max/video.webm
    ────────────────────────────────────────────────────────────────────────────────────────────────

    Retry #1 ───────────────────────────────────────────────────────────────────────────────────────

    Test timeout of 30000ms exceeded while running "beforeEach" hook.

      2 |
      3 | test.describe('Dashboard Tests', () => {
    > 4 |   test.beforeEach(async ({ page }) => {
        |        ^
      5 |     // Set test mode header
      6 |     await page.setExtraHTTPHeaders({
      7 |       'x-test-mode': 'true'

        at /Users/thabonyembe/Documents/freeflow-app-9/tests/e2e/dashboard.spec.ts:4:8

    Error: browserContext.newPage: Test ended.


    attachment #1: screenshot (image/png) ──────────────────────────────────────────────────────────
    test-results/dashboard-Dashboard-Tests-should-have-proper-accessibility-labels-mobile-iphone-14-pro-max-retry1/test-failed-1.png
    ────────────────────────────────────────────────────────────────────────────────────────────────

    attachment #2: video (video/webm) ──────────────────────────────────────────────────────────────
    test-results/dashboard-Dashboard-Tests-should-have-proper-accessibility-labels-mobile-iphone-14-pro-max-retry1/video.webm
    ────────────────────────────────────────────────────────────────────────────────────────────────

    attachment #3: trace (application/zip) ─────────────────────────────────────────────────────────
    test-results/dashboard-Dashboard-Tests-should-have-proper-accessibility-labels-mobile-iphone-14-pro-max-retry1/trace.zip
    Usage:

        npx playwright show-trace test-results/dashboard-Dashboard-Tests-should-have-proper-accessibility-labels-mobile-iphone-14-pro-max-retry1/trace.zip

    ────────────────────────────────────────────────────────────────────────────────────────────────

    Retry #2 ───────────────────────────────────────────────────────────────────────────────────────

    Test timeout of 30000ms exceeded while running "beforeEach" hook.

      2 |
      3 | test.describe('Dashboard Tests', () => {
    > 4 |   test.beforeEach(async ({ page }) => {
        |        ^
      5 |     // Set test mode header
      6 |     await page.setExtraHTTPHeaders({
      7 |       'x-test-mode': 'true'

        at /Users/thabonyembe/Documents/freeflow-app-9/tests/e2e/dashboard.spec.ts:4:8

    Error: browserContext.newPage: Test ended.


    attachment #1: screenshot (image/png) ──────────────────────────────────────────────────────────
    test-results/dashboard-Dashboard-Tests-should-have-proper-accessibility-labels-mobile-iphone-14-pro-max-retry2/test-failed-1.png
    ────────────────────────────────────────────────────────────────────────────────────────────────

    attachment #2: video (video/webm) ──────────────────────────────────────────────────────────────
    test-results/dashboard-Dashboard-Tests-should-have-proper-accessibility-labels-mobile-iphone-14-pro-max-retry2/video.webm
    ────────────────────────────────────────────────────────────────────────────────────────────────
]]>
</failure>
<system-out>
<![CDATA[Dashboard title not found, continuing...

[[ATTACHMENT|dashboard-Dashboard-Tests-should-have-proper-accessibility-labels-mobile-iphone-14-pro-max/test-failed-1.png]]

[[ATTACHMENT|dashboard-Dashboard-Tests-should-have-proper-accessibility-labels-mobile-iphone-14-pro-max/video.webm]]
Dashboard title not found, continuing...

[[ATTACHMENT|dashboard-Dashboard-Tests-should-have-proper-accessibility-labels-mobile-iphone-14-pro-max-retry1/test-failed-1.png]]

[[ATTACHMENT|dashboard-Dashboard-Tests-should-have-proper-accessibility-labels-mobile-iphone-14-pro-max-retry1/video.webm]]

[[ATTACHMENT|dashboard-Dashboard-Tests-should-have-proper-accessibility-labels-mobile-iphone-14-pro-max-retry1/trace.zip]]
Dashboard title not found, continuing...

[[ATTACHMENT|dashboard-Dashboard-Tests-should-have-proper-accessibility-labels-mobile-iphone-14-pro-max-retry2/test-failed-1.png]]

[[ATTACHMENT|dashboard-Dashboard-Tests-should-have-proper-accessibility-labels-mobile-iphone-14-pro-max-retry2/video.webm]]
]]>
</system-out>
<system-err>
<![CDATA[Internal error: fixture integrity at context
Internal error: fixture integrity at context
]]>
</system-err>
</testcase>
</testsuite>
<testsuite name="dashboard.spec.ts" timestamp="2025-06-16T14:04:51.086Z" hostname="mobile-pixel-7-pro" tests="9" failures="9" skipped="0" time="810.006" errors="0">
<testcase name="Dashboard Tests › should load dashboard page successfully" classname="dashboard.spec.ts" time="90.002">
<failure message="dashboard.spec.ts:18:7 should load dashboard page successfully" type="FAILURE">
<![CDATA[  [mobile-pixel-7-pro] › dashboard.spec.ts:18:7 › Dashboard Tests › should load dashboard page successfully 

    Test timeout of 30000ms exceeded while running "beforeEach" hook.

      2 |
      3 | test.describe('Dashboard Tests', () => {
    > 4 |   test.beforeEach(async ({ page }) => {
        |        ^
      5 |     // Set test mode header
      6 |     await page.setExtraHTTPHeaders({
      7 |       'x-test-mode': 'true'

        at /Users/thabonyembe/Documents/freeflow-app-9/tests/e2e/dashboard.spec.ts:4:8

    Error: expect(locator).toBeVisible()

    Locator: locator('[data-testid="dashboard-container"]')
    Expected: visible
    Received: hidden
    Call log:
      - expect.toBeVisible with timeout 5000ms
      - waiting for locator('[data-testid="dashboard-container"]')


      17 |
      18 |   test('should load dashboard page successfully', async ({ page }) => {
    > 19 |     await expect(page.locator('[data-testid="dashboard-container"]')).toBeVisible();
         |                                                                       ^
      20 |     await expect(page.locator('[data-testid="dashboard-title"]')).toHaveText('Dashboard');
      21 |   });
      22 |

        at /Users/thabonyembe/Documents/freeflow-app-9/tests/e2e/dashboard.spec.ts:19:71

    attachment #1: screenshot (image/png) ──────────────────────────────────────────────────────────
    test-results/dashboard-Dashboard-Tests-should-load-dashboard-page-successfully-mobile-pixel-7-pro/test-failed-1.png
    ────────────────────────────────────────────────────────────────────────────────────────────────

    attachment #2: video (video/webm) ──────────────────────────────────────────────────────────────
    test-results/dashboard-Dashboard-Tests-should-load-dashboard-page-successfully-mobile-pixel-7-pro/video.webm
    ────────────────────────────────────────────────────────────────────────────────────────────────

    attachment #3: screenshot (image/png) ──────────────────────────────────────────────────────────
    test-results/dashboard-Dashboard-Tests-should-load-dashboard-page-successfully-mobile-pixel-7-pro/test-failed-2.png
    ────────────────────────────────────────────────────────────────────────────────────────────────

    Retry #1 ───────────────────────────────────────────────────────────────────────────────────────

    Test timeout of 30000ms exceeded while running "beforeEach" hook.

      2 |
      3 | test.describe('Dashboard Tests', () => {
    > 4 |   test.beforeEach(async ({ page }) => {
        |        ^
      5 |     // Set test mode header
      6 |     await page.setExtraHTTPHeaders({
      7 |       'x-test-mode': 'true'

        at /Users/thabonyembe/Documents/freeflow-app-9/tests/e2e/dashboard.spec.ts:4:8

    Error: expect(locator).toBeVisible()

    Locator: locator('[data-testid="dashboard-container"]')
    Expected: visible
    Received: hidden
    Call log:
      - expect.toBeVisible with timeout 5000ms
      - waiting for locator('[data-testid="dashboard-container"]')


      17 |
      18 |   test('should load dashboard page successfully', async ({ page }) => {
    > 19 |     await expect(page.locator('[data-testid="dashboard-container"]')).toBeVisible();
         |                                                                       ^
      20 |     await expect(page.locator('[data-testid="dashboard-title"]')).toHaveText('Dashboard');
      21 |   });
      22 |

        at /Users/thabonyembe/Documents/freeflow-app-9/tests/e2e/dashboard.spec.ts:19:71

    attachment #1: screenshot (image/png) ──────────────────────────────────────────────────────────
    test-results/dashboard-Dashboard-Tests-should-load-dashboard-page-successfully-mobile-pixel-7-pro-retry1/test-failed-1.png
    ────────────────────────────────────────────────────────────────────────────────────────────────

    attachment #2: video (video/webm) ──────────────────────────────────────────────────────────────
    test-results/dashboard-Dashboard-Tests-should-load-dashboard-page-successfully-mobile-pixel-7-pro-retry1/video.webm
    ────────────────────────────────────────────────────────────────────────────────────────────────

    attachment #3: screenshot (image/png) ──────────────────────────────────────────────────────────
    test-results/dashboard-Dashboard-Tests-should-load-dashboard-page-successfully-mobile-pixel-7-pro-retry1/test-failed-2.png
    ────────────────────────────────────────────────────────────────────────────────────────────────

    attachment #4: trace (application/zip) ─────────────────────────────────────────────────────────
    test-results/dashboard-Dashboard-Tests-should-load-dashboard-page-successfully-mobile-pixel-7-pro-retry1/trace.zip
    Usage:

        npx playwright show-trace test-results/dashboard-Dashboard-Tests-should-load-dashboard-page-successfully-mobile-pixel-7-pro-retry1/trace.zip

    ────────────────────────────────────────────────────────────────────────────────────────────────

    Retry #2 ───────────────────────────────────────────────────────────────────────────────────────

    Test timeout of 30000ms exceeded while running "beforeEach" hook.

      2 |
      3 | test.describe('Dashboard Tests', () => {
    > 4 |   test.beforeEach(async ({ page }) => {
        |        ^
      5 |     // Set test mode header
      6 |     await page.setExtraHTTPHeaders({
      7 |       'x-test-mode': 'true'

        at /Users/thabonyembe/Documents/freeflow-app-9/tests/e2e/dashboard.spec.ts:4:8

    Error: expect(locator).toBeVisible()

    Locator: locator('[data-testid="dashboard-container"]')
    Expected: visible
    Received: hidden
    Call log:
      - expect.toBeVisible with timeout 5000ms
      - waiting for locator('[data-testid="dashboard-container"]')


      17 |
      18 |   test('should load dashboard page successfully', async ({ page }) => {
    > 19 |     await expect(page.locator('[data-testid="dashboard-container"]')).toBeVisible();
         |                                                                       ^
      20 |     await expect(page.locator('[data-testid="dashboard-title"]')).toHaveText('Dashboard');
      21 |   });
      22 |

        at /Users/thabonyembe/Documents/freeflow-app-9/tests/e2e/dashboard.spec.ts:19:71

    attachment #1: screenshot (image/png) ──────────────────────────────────────────────────────────
    test-results/dashboard-Dashboard-Tests-should-load-dashboard-page-successfully-mobile-pixel-7-pro-retry2/test-failed-1.png
    ────────────────────────────────────────────────────────────────────────────────────────────────

    attachment #2: video (video/webm) ──────────────────────────────────────────────────────────────
    test-results/dashboard-Dashboard-Tests-should-load-dashboard-page-successfully-mobile-pixel-7-pro-retry2/video.webm
    ────────────────────────────────────────────────────────────────────────────────────────────────

    attachment #3: screenshot (image/png) ──────────────────────────────────────────────────────────
    test-results/dashboard-Dashboard-Tests-should-load-dashboard-page-successfully-mobile-pixel-7-pro-retry2/test-failed-2.png
    ────────────────────────────────────────────────────────────────────────────────────────────────
]]>
</failure>
<system-out>
<![CDATA[Dashboard title not found, continuing...

[[ATTACHMENT|dashboard-Dashboard-Tests-should-load-dashboard-page-successfully-mobile-pixel-7-pro/test-failed-1.png]]

[[ATTACHMENT|dashboard-Dashboard-Tests-should-load-dashboard-page-successfully-mobile-pixel-7-pro/video.webm]]

[[ATTACHMENT|dashboard-Dashboard-Tests-should-load-dashboard-page-successfully-mobile-pixel-7-pro/test-failed-2.png]]
Dashboard title not found, continuing...

[[ATTACHMENT|dashboard-Dashboard-Tests-should-load-dashboard-page-successfully-mobile-pixel-7-pro-retry1/test-failed-1.png]]

[[ATTACHMENT|dashboard-Dashboard-Tests-should-load-dashboard-page-successfully-mobile-pixel-7-pro-retry1/video.webm]]

[[ATTACHMENT|dashboard-Dashboard-Tests-should-load-dashboard-page-successfully-mobile-pixel-7-pro-retry1/test-failed-2.png]]

[[ATTACHMENT|dashboard-Dashboard-Tests-should-load-dashboard-page-successfully-mobile-pixel-7-pro-retry1/trace.zip]]
Dashboard title not found, continuing...

[[ATTACHMENT|dashboard-Dashboard-Tests-should-load-dashboard-page-successfully-mobile-pixel-7-pro-retry2/test-failed-1.png]]

[[ATTACHMENT|dashboard-Dashboard-Tests-should-load-dashboard-page-successfully-mobile-pixel-7-pro-retry2/video.webm]]

[[ATTACHMENT|dashboard-Dashboard-Tests-should-load-dashboard-page-successfully-mobile-pixel-7-pro-retry2/test-failed-2.png]]
]]>
</system-out>
<system-err>
<![CDATA[Internal error: fixture integrity at context
]]>
</system-err>
</testcase>
<testcase name="Dashboard Tests › should display dashboard stats" classname="dashboard.spec.ts" time="90">
<failure message="dashboard.spec.ts:23:7 should display dashboard stats" type="FAILURE">
<![CDATA[  [mobile-pixel-7-pro] › dashboard.spec.ts:23:7 › Dashboard Tests › should display dashboard stats ─

    Test timeout of 30000ms exceeded while running "beforeEach" hook.

      2 |
      3 | test.describe('Dashboard Tests', () => {
    > 4 |   test.beforeEach(async ({ page }) => {
        |        ^
      5 |     // Set test mode header
      6 |     await page.setExtraHTTPHeaders({
      7 |       'x-test-mode': 'true'

        at /Users/thabonyembe/Documents/freeflow-app-9/tests/e2e/dashboard.spec.ts:4:8

    Error: expect(locator).toBeVisible()

    Locator: locator('[data-testid="stat-active-projects"]')
    Expected: visible
    Received: hidden
    Call log:
      - expect.toBeVisible with timeout 5000ms
      - waiting for locator('[data-testid="stat-active-projects"]')


      22 |
      23 |   test('should display dashboard stats', async ({ page }) => {
    > 24 |     await expect(page.locator('[data-testid="stat-active-projects"]')).toBeVisible();
         |                                                                        ^
      25 |     await expect(page.locator('[data-testid="stat-total-revenue"]')).toBeVisible();
      26 |     await expect(page.locator('[data-testid="stat-team-members"]')).toBeVisible();
      27 |     await expect(page.locator('[data-testid="stat-completed-tasks"]')).toBeVisible();

        at /Users/thabonyembe/Documents/freeflow-app-9/tests/e2e/dashboard.spec.ts:24:72

    attachment #1: screenshot (image/png) ──────────────────────────────────────────────────────────
    test-results/dashboard-Dashboard-Tests-should-display-dashboard-stats-mobile-pixel-7-pro/test-failed-1.png
    ────────────────────────────────────────────────────────────────────────────────────────────────

    attachment #2: video (video/webm) ──────────────────────────────────────────────────────────────
    test-results/dashboard-Dashboard-Tests-should-display-dashboard-stats-mobile-pixel-7-pro/video.webm
    ────────────────────────────────────────────────────────────────────────────────────────────────

    attachment #3: screenshot (image/png) ──────────────────────────────────────────────────────────
    test-results/dashboard-Dashboard-Tests-should-display-dashboard-stats-mobile-pixel-7-pro/test-failed-2.png
    ────────────────────────────────────────────────────────────────────────────────────────────────

    Retry #1 ───────────────────────────────────────────────────────────────────────────────────────

    Test timeout of 30000ms exceeded while running "beforeEach" hook.

      2 |
      3 | test.describe('Dashboard Tests', () => {
    > 4 |   test.beforeEach(async ({ page }) => {
        |        ^
      5 |     // Set test mode header
      6 |     await page.setExtraHTTPHeaders({
      7 |       'x-test-mode': 'true'

        at /Users/thabonyembe/Documents/freeflow-app-9/tests/e2e/dashboard.spec.ts:4:8

    Error: expect(locator).toBeVisible()

    Locator: locator('[data-testid="stat-active-projects"]')
    Expected: visible
    Received: hidden
    Call log:
      - expect.toBeVisible with timeout 5000ms
      - waiting for locator('[data-testid="stat-active-projects"]')


      22 |
      23 |   test('should display dashboard stats', async ({ page }) => {
    > 24 |     await expect(page.locator('[data-testid="stat-active-projects"]')).toBeVisible();
         |                                                                        ^
      25 |     await expect(page.locator('[data-testid="stat-total-revenue"]')).toBeVisible();
      26 |     await expect(page.locator('[data-testid="stat-team-members"]')).toBeVisible();
      27 |     await expect(page.locator('[data-testid="stat-completed-tasks"]')).toBeVisible();

        at /Users/thabonyembe/Documents/freeflow-app-9/tests/e2e/dashboard.spec.ts:24:72

    attachment #1: screenshot (image/png) ──────────────────────────────────────────────────────────
    test-results/dashboard-Dashboard-Tests-should-display-dashboard-stats-mobile-pixel-7-pro-retry1/test-failed-1.png
    ────────────────────────────────────────────────────────────────────────────────────────────────

    attachment #2: video (video/webm) ──────────────────────────────────────────────────────────────
    test-results/dashboard-Dashboard-Tests-should-display-dashboard-stats-mobile-pixel-7-pro-retry1/video.webm
    ────────────────────────────────────────────────────────────────────────────────────────────────

    attachment #3: screenshot (image/png) ──────────────────────────────────────────────────────────
    test-results/dashboard-Dashboard-Tests-should-display-dashboard-stats-mobile-pixel-7-pro-retry1/test-failed-2.png
    ────────────────────────────────────────────────────────────────────────────────────────────────

    attachment #4: trace (application/zip) ─────────────────────────────────────────────────────────
    test-results/dashboard-Dashboard-Tests-should-display-dashboard-stats-mobile-pixel-7-pro-retry1/trace.zip
    Usage:

        npx playwright show-trace test-results/dashboard-Dashboard-Tests-should-display-dashboard-stats-mobile-pixel-7-pro-retry1/trace.zip

    ────────────────────────────────────────────────────────────────────────────────────────────────

    Retry #2 ───────────────────────────────────────────────────────────────────────────────────────

    Test timeout of 30000ms exceeded while running "beforeEach" hook.

      2 |
      3 | test.describe('Dashboard Tests', () => {
    > 4 |   test.beforeEach(async ({ page }) => {
        |        ^
      5 |     // Set test mode header
      6 |     await page.setExtraHTTPHeaders({
      7 |       'x-test-mode': 'true'

        at /Users/thabonyembe/Documents/freeflow-app-9/tests/e2e/dashboard.spec.ts:4:8

    Error: expect(locator).toBeVisible()

    Locator: locator('[data-testid="stat-active-projects"]')
    Expected: visible
    Received: hidden
    Call log:
      - expect.toBeVisible with timeout 5000ms
      - waiting for locator('[data-testid="stat-active-projects"]')


      22 |
      23 |   test('should display dashboard stats', async ({ page }) => {
    > 24 |     await expect(page.locator('[data-testid="stat-active-projects"]')).toBeVisible();
         |                                                                        ^
      25 |     await expect(page.locator('[data-testid="stat-total-revenue"]')).toBeVisible();
      26 |     await expect(page.locator('[data-testid="stat-team-members"]')).toBeVisible();
      27 |     await expect(page.locator('[data-testid="stat-completed-tasks"]')).toBeVisible();

        at /Users/thabonyembe/Documents/freeflow-app-9/tests/e2e/dashboard.spec.ts:24:72

    attachment #1: screenshot (image/png) ──────────────────────────────────────────────────────────
    test-results/dashboard-Dashboard-Tests-should-display-dashboard-stats-mobile-pixel-7-pro-retry2/test-failed-1.png
    ────────────────────────────────────────────────────────────────────────────────────────────────

    attachment #2: video (video/webm) ──────────────────────────────────────────────────────────────
    test-results/dashboard-Dashboard-Tests-should-display-dashboard-stats-mobile-pixel-7-pro-retry2/video.webm
    ────────────────────────────────────────────────────────────────────────────────────────────────

    attachment #3: screenshot (image/png) ──────────────────────────────────────────────────────────
    test-results/dashboard-Dashboard-Tests-should-display-dashboard-stats-mobile-pixel-7-pro-retry2/test-failed-2.png
    ────────────────────────────────────────────────────────────────────────────────────────────────
]]>
</failure>
<system-out>
<![CDATA[Dashboard title not found, continuing...

[[ATTACHMENT|dashboard-Dashboard-Tests-should-display-dashboard-stats-mobile-pixel-7-pro/test-failed-1.png]]

[[ATTACHMENT|dashboard-Dashboard-Tests-should-display-dashboard-stats-mobile-pixel-7-pro/video.webm]]

[[ATTACHMENT|dashboard-Dashboard-Tests-should-display-dashboard-stats-mobile-pixel-7-pro/test-failed-2.png]]
Dashboard title not found, continuing...

[[ATTACHMENT|dashboard-Dashboard-Tests-should-display-dashboard-stats-mobile-pixel-7-pro-retry1/test-failed-1.png]]

[[ATTACHMENT|dashboard-Dashboard-Tests-should-display-dashboard-stats-mobile-pixel-7-pro-retry1/video.webm]]

[[ATTACHMENT|dashboard-Dashboard-Tests-should-display-dashboard-stats-mobile-pixel-7-pro-retry1/test-failed-2.png]]

[[ATTACHMENT|dashboard-Dashboard-Tests-should-display-dashboard-stats-mobile-pixel-7-pro-retry1/trace.zip]]
Dashboard title not found, continuing...

[[ATTACHMENT|dashboard-Dashboard-Tests-should-display-dashboard-stats-mobile-pixel-7-pro-retry2/test-failed-1.png]]

[[ATTACHMENT|dashboard-Dashboard-Tests-should-display-dashboard-stats-mobile-pixel-7-pro-retry2/video.webm]]

[[ATTACHMENT|dashboard-Dashboard-Tests-should-display-dashboard-stats-mobile-pixel-7-pro-retry2/test-failed-2.png]]
]]>
</system-out>
<system-err>
<![CDATA[Internal error: fixture integrity at context
]]>
</system-err>
</testcase>
<testcase name="Dashboard Tests › should have working navigation tabs" classname="dashboard.spec.ts" time="90.001">
<failure message="dashboard.spec.ts:30:7 should have working navigation tabs" type="FAILURE">
<![CDATA[  [mobile-pixel-7-pro] › dashboard.spec.ts:30:7 › Dashboard Tests › should have working navigation tabs 

    Test timeout of 30000ms exceeded while running "beforeEach" hook.

      2 |
      3 | test.describe('Dashboard Tests', () => {
    > 4 |   test.beforeEach(async ({ page }) => {
        |        ^
      5 |     // Set test mode header
      6 |     await page.setExtraHTTPHeaders({
      7 |       'x-test-mode': 'true'

        at /Users/thabonyembe/Documents/freeflow-app-9/tests/e2e/dashboard.spec.ts:4:8

    Error: expect(locator).toBeVisible()

    Locator: locator('[data-testid="dashboard-tabs"]')
    Expected: visible
    Received: hidden
    Call log:
      - expect.toBeVisible with timeout 5000ms
      - waiting for locator('[data-testid="dashboard-tabs"]')


      30 |   test('should have working navigation tabs', async ({ page }) => {
      31 |     const tabs = page.locator('[data-testid="dashboard-tabs"]');
    > 32 |     await expect(tabs).toBeVisible();
         |                        ^
      33 |     
      34 |     // Test Projects tab
      35 |     await page.click('[data-testid="projects-tab"]');

        at /Users/thabonyembe/Documents/freeflow-app-9/tests/e2e/dashboard.spec.ts:32:24

    attachment #1: screenshot (image/png) ──────────────────────────────────────────────────────────
    test-results/dashboard-Dashboard-Tests-should-have-working-navigation-tabs-mobile-pixel-7-pro/test-failed-1.png
    ────────────────────────────────────────────────────────────────────────────────────────────────

    attachment #2: video (video/webm) ──────────────────────────────────────────────────────────────
    test-results/dashboard-Dashboard-Tests-should-have-working-navigation-tabs-mobile-pixel-7-pro/video.webm
    ────────────────────────────────────────────────────────────────────────────────────────────────

    attachment #3: screenshot (image/png) ──────────────────────────────────────────────────────────
    test-results/dashboard-Dashboard-Tests-should-have-working-navigation-tabs-mobile-pixel-7-pro/test-failed-2.png
    ────────────────────────────────────────────────────────────────────────────────────────────────

    Retry #1 ───────────────────────────────────────────────────────────────────────────────────────

    Test timeout of 30000ms exceeded while running "beforeEach" hook.

      2 |
      3 | test.describe('Dashboard Tests', () => {
    > 4 |   test.beforeEach(async ({ page }) => {
        |        ^
      5 |     // Set test mode header
      6 |     await page.setExtraHTTPHeaders({
      7 |       'x-test-mode': 'true'

        at /Users/thabonyembe/Documents/freeflow-app-9/tests/e2e/dashboard.spec.ts:4:8

    Error: expect(locator).toBeVisible()

    Locator: locator('[data-testid="dashboard-tabs"]')
    Expected: visible
    Received: hidden
    Call log:
      - expect.toBeVisible with timeout 5000ms
      - waiting for locator('[data-testid="dashboard-tabs"]')


      30 |   test('should have working navigation tabs', async ({ page }) => {
      31 |     const tabs = page.locator('[data-testid="dashboard-tabs"]');
    > 32 |     await expect(tabs).toBeVisible();
         |                        ^
      33 |     
      34 |     // Test Projects tab
      35 |     await page.click('[data-testid="projects-tab"]');

        at /Users/thabonyembe/Documents/freeflow-app-9/tests/e2e/dashboard.spec.ts:32:24

    attachment #1: screenshot (image/png) ──────────────────────────────────────────────────────────
    test-results/dashboard-Dashboard-Tests-should-have-working-navigation-tabs-mobile-pixel-7-pro-retry1/test-failed-1.png
    ────────────────────────────────────────────────────────────────────────────────────────────────

    attachment #2: video (video/webm) ──────────────────────────────────────────────────────────────
    test-results/dashboard-Dashboard-Tests-should-have-working-navigation-tabs-mobile-pixel-7-pro-retry1/video.webm
    ────────────────────────────────────────────────────────────────────────────────────────────────

    attachment #3: screenshot (image/png) ──────────────────────────────────────────────────────────
    test-results/dashboard-Dashboard-Tests-should-have-working-navigation-tabs-mobile-pixel-7-pro-retry1/test-failed-2.png
    ────────────────────────────────────────────────────────────────────────────────────────────────

    attachment #4: trace (application/zip) ─────────────────────────────────────────────────────────
    test-results/dashboard-Dashboard-Tests-should-have-working-navigation-tabs-mobile-pixel-7-pro-retry1/trace.zip
    Usage:

        npx playwright show-trace test-results/dashboard-Dashboard-Tests-should-have-working-navigation-tabs-mobile-pixel-7-pro-retry1/trace.zip

    ────────────────────────────────────────────────────────────────────────────────────────────────

    Retry #2 ───────────────────────────────────────────────────────────────────────────────────────

    Test timeout of 30000ms exceeded while running "beforeEach" hook.

      2 |
      3 | test.describe('Dashboard Tests', () => {
    > 4 |   test.beforeEach(async ({ page }) => {
        |        ^
      5 |     // Set test mode header
      6 |     await page.setExtraHTTPHeaders({
      7 |       'x-test-mode': 'true'

        at /Users/thabonyembe/Documents/freeflow-app-9/tests/e2e/dashboard.spec.ts:4:8

    Error: expect(locator).toBeVisible()

    Locator: locator('[data-testid="dashboard-tabs"]')
    Expected: visible
    Received: hidden
    Call log:
      - expect.toBeVisible with timeout 5000ms
      - waiting for locator('[data-testid="dashboard-tabs"]')


      30 |   test('should have working navigation tabs', async ({ page }) => {
      31 |     const tabs = page.locator('[data-testid="dashboard-tabs"]');
    > 32 |     await expect(tabs).toBeVisible();
         |                        ^
      33 |     
      34 |     // Test Projects tab
      35 |     await page.click('[data-testid="projects-tab"]');

        at /Users/thabonyembe/Documents/freeflow-app-9/tests/e2e/dashboard.spec.ts:32:24

    attachment #1: screenshot (image/png) ──────────────────────────────────────────────────────────
    test-results/dashboard-Dashboard-Tests-should-have-working-navigation-tabs-mobile-pixel-7-pro-retry2/test-failed-1.png
    ────────────────────────────────────────────────────────────────────────────────────────────────

    attachment #2: video (video/webm) ──────────────────────────────────────────────────────────────
    test-results/dashboard-Dashboard-Tests-should-have-working-navigation-tabs-mobile-pixel-7-pro-retry2/video.webm
    ────────────────────────────────────────────────────────────────────────────────────────────────

    attachment #3: screenshot (image/png) ──────────────────────────────────────────────────────────
    test-results/dashboard-Dashboard-Tests-should-have-working-navigation-tabs-mobile-pixel-7-pro-retry2/test-failed-2.png
    ────────────────────────────────────────────────────────────────────────────────────────────────
]]>
</failure>
<system-out>
<![CDATA[Dashboard title not found, continuing...

[[ATTACHMENT|dashboard-Dashboard-Tests-should-have-working-navigation-tabs-mobile-pixel-7-pro/test-failed-1.png]]

[[ATTACHMENT|dashboard-Dashboard-Tests-should-have-working-navigation-tabs-mobile-pixel-7-pro/video.webm]]

[[ATTACHMENT|dashboard-Dashboard-Tests-should-have-working-navigation-tabs-mobile-pixel-7-pro/test-failed-2.png]]
Dashboard title not found, continuing...

[[ATTACHMENT|dashboard-Dashboard-Tests-should-have-working-navigation-tabs-mobile-pixel-7-pro-retry1/test-failed-1.png]]

[[ATTACHMENT|dashboard-Dashboard-Tests-should-have-working-navigation-tabs-mobile-pixel-7-pro-retry1/video.webm]]

[[ATTACHMENT|dashboard-Dashboard-Tests-should-have-working-navigation-tabs-mobile-pixel-7-pro-retry1/test-failed-2.png]]

[[ATTACHMENT|dashboard-Dashboard-Tests-should-have-working-navigation-tabs-mobile-pixel-7-pro-retry1/trace.zip]]
Dashboard title not found, continuing...

[[ATTACHMENT|dashboard-Dashboard-Tests-should-have-working-navigation-tabs-mobile-pixel-7-pro-retry2/test-failed-1.png]]

[[ATTACHMENT|dashboard-Dashboard-Tests-should-have-working-navigation-tabs-mobile-pixel-7-pro-retry2/video.webm]]

[[ATTACHMENT|dashboard-Dashboard-Tests-should-have-working-navigation-tabs-mobile-pixel-7-pro-retry2/test-failed-2.png]]
]]>
</system-out>
<system-err>
<![CDATA[Internal error: fixture integrity at context
]]>
</system-err>
</testcase>
<testcase name="Dashboard Tests › should display projects in Projects Hub" classname="dashboard.spec.ts" time="90.001">
<failure message="dashboard.spec.ts:51:7 should display projects in Projects Hub" type="FAILURE">
<![CDATA[  [mobile-pixel-7-pro] › dashboard.spec.ts:51:7 › Dashboard Tests › should display projects in Projects Hub 

    Test timeout of 30000ms exceeded while running "beforeEach" hook.

      2 |
      3 | test.describe('Dashboard Tests', () => {
    > 4 |   test.beforeEach(async ({ page }) => {
        |        ^
      5 |     // Set test mode header
      6 |     await page.setExtraHTTPHeaders({
      7 |       'x-test-mode': 'true'

        at /Users/thabonyembe/Documents/freeflow-app-9/tests/e2e/dashboard.spec.ts:4:8

    Error: page.click: Test ended.
    Call log:
      - waiting for locator('[data-testid="projects-tab"]')


      50 |
      51 |   test('should display projects in Projects Hub', async ({ page }) => {
    > 52 |     await page.click('[data-testid="projects-tab"]');
         |                ^
      53 |     await expect(page.locator('[data-testid="projects-hub"]')).toBeVisible();
      54 |     
      55 |     // Check for project items

        at /Users/thabonyembe/Documents/freeflow-app-9/tests/e2e/dashboard.spec.ts:52:16

    attachment #1: screenshot (image/png) ──────────────────────────────────────────────────────────
    test-results/dashboard-Dashboard-Tests-should-display-projects-in-Projects-Hub-mobile-pixel-7-pro/test-failed-1.png
    ────────────────────────────────────────────────────────────────────────────────────────────────

    attachment #2: video (video/webm) ──────────────────────────────────────────────────────────────
    test-results/dashboard-Dashboard-Tests-should-display-projects-in-Projects-Hub-mobile-pixel-7-pro/video.webm
    ────────────────────────────────────────────────────────────────────────────────────────────────

    attachment #3: screenshot (image/png) ──────────────────────────────────────────────────────────
    test-results/dashboard-Dashboard-Tests-should-display-projects-in-Projects-Hub-mobile-pixel-7-pro/test-failed-2.png
    ────────────────────────────────────────────────────────────────────────────────────────────────

    Retry #1 ───────────────────────────────────────────────────────────────────────────────────────

    Test timeout of 30000ms exceeded while running "beforeEach" hook.

      2 |
      3 | test.describe('Dashboard Tests', () => {
    > 4 |   test.beforeEach(async ({ page }) => {
        |        ^
      5 |     // Set test mode header
      6 |     await page.setExtraHTTPHeaders({
      7 |       'x-test-mode': 'true'

        at /Users/thabonyembe/Documents/freeflow-app-9/tests/e2e/dashboard.spec.ts:4:8

    Error: page.click: Test ended.
    Call log:
      - waiting for locator('[data-testid="projects-tab"]')


      50 |
      51 |   test('should display projects in Projects Hub', async ({ page }) => {
    > 52 |     await page.click('[data-testid="projects-tab"]');
         |                ^
      53 |     await expect(page.locator('[data-testid="projects-hub"]')).toBeVisible();
      54 |     
      55 |     // Check for project items

        at /Users/thabonyembe/Documents/freeflow-app-9/tests/e2e/dashboard.spec.ts:52:16

    attachment #1: screenshot (image/png) ──────────────────────────────────────────────────────────
    test-results/dashboard-Dashboard-Tests-should-display-projects-in-Projects-Hub-mobile-pixel-7-pro-retry1/test-failed-1.png
    ────────────────────────────────────────────────────────────────────────────────────────────────

    attachment #2: video (video/webm) ──────────────────────────────────────────────────────────────
    test-results/dashboard-Dashboard-Tests-should-display-projects-in-Projects-Hub-mobile-pixel-7-pro-retry1/video.webm
    ────────────────────────────────────────────────────────────────────────────────────────────────

    attachment #3: screenshot (image/png) ──────────────────────────────────────────────────────────
    test-results/dashboard-Dashboard-Tests-should-display-projects-in-Projects-Hub-mobile-pixel-7-pro-retry1/test-failed-2.png
    ────────────────────────────────────────────────────────────────────────────────────────────────

    attachment #4: trace (application/zip) ─────────────────────────────────────────────────────────
    test-results/dashboard-Dashboard-Tests-should-display-projects-in-Projects-Hub-mobile-pixel-7-pro-retry1/trace.zip
    Usage:

        npx playwright show-trace test-results/dashboard-Dashboard-Tests-should-display-projects-in-Projects-Hub-mobile-pixel-7-pro-retry1/trace.zip

    ────────────────────────────────────────────────────────────────────────────────────────────────

    Retry #2 ───────────────────────────────────────────────────────────────────────────────────────

    Test timeout of 30000ms exceeded while running "beforeEach" hook.

      2 |
      3 | test.describe('Dashboard Tests', () => {
    > 4 |   test.beforeEach(async ({ page }) => {
        |        ^
      5 |     // Set test mode header
      6 |     await page.setExtraHTTPHeaders({
      7 |       'x-test-mode': 'true'

        at /Users/thabonyembe/Documents/freeflow-app-9/tests/e2e/dashboard.spec.ts:4:8

    Error: page.click: Test ended.
    Call log:
      - waiting for locator('[data-testid="projects-tab"]')


      50 |
      51 |   test('should display projects in Projects Hub', async ({ page }) => {
    > 52 |     await page.click('[data-testid="projects-tab"]');
         |                ^
      53 |     await expect(page.locator('[data-testid="projects-hub"]')).toBeVisible();
      54 |     
      55 |     // Check for project items

        at /Users/thabonyembe/Documents/freeflow-app-9/tests/e2e/dashboard.spec.ts:52:16

    attachment #1: screenshot (image/png) ──────────────────────────────────────────────────────────
    test-results/dashboard-Dashboard-Tests-should-display-projects-in-Projects-Hub-mobile-pixel-7-pro-retry2/test-failed-1.png
    ────────────────────────────────────────────────────────────────────────────────────────────────

    attachment #2: video (video/webm) ──────────────────────────────────────────────────────────────
    test-results/dashboard-Dashboard-Tests-should-display-projects-in-Projects-Hub-mobile-pixel-7-pro-retry2/video.webm
    ────────────────────────────────────────────────────────────────────────────────────────────────

    attachment #3: screenshot (image/png) ──────────────────────────────────────────────────────────
    test-results/dashboard-Dashboard-Tests-should-display-projects-in-Projects-Hub-mobile-pixel-7-pro-retry2/test-failed-2.png
    ────────────────────────────────────────────────────────────────────────────────────────────────
]]>
</failure>
<system-out>
<![CDATA[Dashboard title not found, continuing...

[[ATTACHMENT|dashboard-Dashboard-Tests-should-display-projects-in-Projects-Hub-mobile-pixel-7-pro/test-failed-1.png]]

[[ATTACHMENT|dashboard-Dashboard-Tests-should-display-projects-in-Projects-Hub-mobile-pixel-7-pro/video.webm]]

[[ATTACHMENT|dashboard-Dashboard-Tests-should-display-projects-in-Projects-Hub-mobile-pixel-7-pro/test-failed-2.png]]
Dashboard title not found, continuing...

[[ATTACHMENT|dashboard-Dashboard-Tests-should-display-projects-in-Projects-Hub-mobile-pixel-7-pro-retry1/test-failed-1.png]]

[[ATTACHMENT|dashboard-Dashboard-Tests-should-display-projects-in-Projects-Hub-mobile-pixel-7-pro-retry1/video.webm]]

[[ATTACHMENT|dashboard-Dashboard-Tests-should-display-projects-in-Projects-Hub-mobile-pixel-7-pro-retry1/test-failed-2.png]]

[[ATTACHMENT|dashboard-Dashboard-Tests-should-display-projects-in-Projects-Hub-mobile-pixel-7-pro-retry1/trace.zip]]
Dashboard title not found, continuing...

[[ATTACHMENT|dashboard-Dashboard-Tests-should-display-projects-in-Projects-Hub-mobile-pixel-7-pro-retry2/test-failed-1.png]]

[[ATTACHMENT|dashboard-Dashboard-Tests-should-display-projects-in-Projects-Hub-mobile-pixel-7-pro-retry2/video.webm]]

[[ATTACHMENT|dashboard-Dashboard-Tests-should-display-projects-in-Projects-Hub-mobile-pixel-7-pro-retry2/test-failed-2.png]]
]]>
</system-out>
<system-err>
<![CDATA[Internal error: fixture integrity at context
Internal error: fixture integrity at context
]]>
</system-err>
</testcase>
<testcase name="Dashboard Tests › should display team members with avatars" classname="dashboard.spec.ts" time="89.999">
<failure message="dashboard.spec.ts:61:7 should display team members with avatars" type="FAILURE">
<![CDATA[  [mobile-pixel-7-pro] › dashboard.spec.ts:61:7 › Dashboard Tests › should display team members with avatars 

    Test timeout of 30000ms exceeded while running "beforeEach" hook.

      2 |
      3 | test.describe('Dashboard Tests', () => {
    > 4 |   test.beforeEach(async ({ page }) => {
        |        ^
      5 |     // Set test mode header
      6 |     await page.setExtraHTTPHeaders({
      7 |       'x-test-mode': 'true'

        at /Users/thabonyembe/Documents/freeflow-app-9/tests/e2e/dashboard.spec.ts:4:8

    Error: page.click: Test ended.
    Call log:
      - waiting for locator('[data-testid="team-tab"]')


      60 |
      61 |   test('should display team members with avatars', async ({ page }) => {
    > 62 |     await page.click('[data-testid="team-tab"]');
         |                ^
      63 |     await expect(page.locator('[data-testid="team-hub"]')).toBeVisible();
      64 |     
      65 |     // Check team members

        at /Users/thabonyembe/Documents/freeflow-app-9/tests/e2e/dashboard.spec.ts:62:16

    attachment #1: screenshot (image/png) ──────────────────────────────────────────────────────────
    test-results/dashboard-Dashboard-Tests-should-display-team-members-with-avatars-mobile-pixel-7-pro/test-failed-1.png
    ────────────────────────────────────────────────────────────────────────────────────────────────

    attachment #2: video (video/webm) ──────────────────────────────────────────────────────────────
    test-results/dashboard-Dashboard-Tests-should-display-team-members-with-avatars-mobile-pixel-7-pro/video.webm
    ────────────────────────────────────────────────────────────────────────────────────────────────

    attachment #3: screenshot (image/png) ──────────────────────────────────────────────────────────
    test-results/dashboard-Dashboard-Tests-should-display-team-members-with-avatars-mobile-pixel-7-pro/test-failed-2.png
    ────────────────────────────────────────────────────────────────────────────────────────────────

    Retry #1 ───────────────────────────────────────────────────────────────────────────────────────

    Test timeout of 30000ms exceeded while running "beforeEach" hook.

      2 |
      3 | test.describe('Dashboard Tests', () => {
    > 4 |   test.beforeEach(async ({ page }) => {
        |        ^
      5 |     // Set test mode header
      6 |     await page.setExtraHTTPHeaders({
      7 |       'x-test-mode': 'true'

        at /Users/thabonyembe/Documents/freeflow-app-9/tests/e2e/dashboard.spec.ts:4:8

    Error: page.click: Test ended.
    Call log:
      - waiting for locator('[data-testid="team-tab"]')


      60 |
      61 |   test('should display team members with avatars', async ({ page }) => {
    > 62 |     await page.click('[data-testid="team-tab"]');
         |                ^
      63 |     await expect(page.locator('[data-testid="team-hub"]')).toBeVisible();
      64 |     
      65 |     // Check team members

        at /Users/thabonyembe/Documents/freeflow-app-9/tests/e2e/dashboard.spec.ts:62:16

    attachment #1: screenshot (image/png) ──────────────────────────────────────────────────────────
    test-results/dashboard-Dashboard-Tests-should-display-team-members-with-avatars-mobile-pixel-7-pro-retry1/test-failed-1.png
    ────────────────────────────────────────────────────────────────────────────────────────────────

    attachment #2: video (video/webm) ──────────────────────────────────────────────────────────────
    test-results/dashboard-Dashboard-Tests-should-display-team-members-with-avatars-mobile-pixel-7-pro-retry1/video.webm
    ────────────────────────────────────────────────────────────────────────────────────────────────

    attachment #3: trace (application/zip) ─────────────────────────────────────────────────────────
    test-results/dashboard-Dashboard-Tests-should-display-team-members-with-avatars-mobile-pixel-7-pro-retry1/trace.zip
    Usage:

        npx playwright show-trace test-results/dashboard-Dashboard-Tests-should-display-team-members-with-avatars-mobile-pixel-7-pro-retry1/trace.zip

    ────────────────────────────────────────────────────────────────────────────────────────────────

    Retry #2 ───────────────────────────────────────────────────────────────────────────────────────

    Test timeout of 30000ms exceeded while running "beforeEach" hook.

      2 |
      3 | test.describe('Dashboard Tests', () => {
    > 4 |   test.beforeEach(async ({ page }) => {
        |        ^
      5 |     // Set test mode header
      6 |     await page.setExtraHTTPHeaders({
      7 |       'x-test-mode': 'true'

        at /Users/thabonyembe/Documents/freeflow-app-9/tests/e2e/dashboard.spec.ts:4:8

    Error: page.click: Test ended.
    Call log:
      - waiting for locator('[data-testid="team-tab"]')


      60 |
      61 |   test('should display team members with avatars', async ({ page }) => {
    > 62 |     await page.click('[data-testid="team-tab"]');
         |                ^
      63 |     await expect(page.locator('[data-testid="team-hub"]')).toBeVisible();
      64 |     
      65 |     // Check team members

        at /Users/thabonyembe/Documents/freeflow-app-9/tests/e2e/dashboard.spec.ts:62:16

    attachment #1: screenshot (image/png) ──────────────────────────────────────────────────────────
    test-results/dashboard-Dashboard-Tests-should-display-team-members-with-avatars-mobile-pixel-7-pro-retry2/test-failed-1.png
    ────────────────────────────────────────────────────────────────────────────────────────────────

    attachment #2: video (video/webm) ──────────────────────────────────────────────────────────────
    test-results/dashboard-Dashboard-Tests-should-display-team-members-with-avatars-mobile-pixel-7-pro-retry2/video.webm
    ────────────────────────────────────────────────────────────────────────────────────────────────

    attachment #3: screenshot (image/png) ──────────────────────────────────────────────────────────
    test-results/dashboard-Dashboard-Tests-should-display-team-members-with-avatars-mobile-pixel-7-pro-retry2/test-failed-2.png
    ────────────────────────────────────────────────────────────────────────────────────────────────
]]>
</failure>
<system-out>
<![CDATA[Dashboard title not found, continuing...

[[ATTACHMENT|dashboard-Dashboard-Tests-should-display-team-members-with-avatars-mobile-pixel-7-pro/test-failed-1.png]]

[[ATTACHMENT|dashboard-Dashboard-Tests-should-display-team-members-with-avatars-mobile-pixel-7-pro/video.webm]]

[[ATTACHMENT|dashboard-Dashboard-Tests-should-display-team-members-with-avatars-mobile-pixel-7-pro/test-failed-2.png]]
Dashboard title not found, continuing...

[[ATTACHMENT|dashboard-Dashboard-Tests-should-display-team-members-with-avatars-mobile-pixel-7-pro-retry1/test-failed-1.png]]

[[ATTACHMENT|dashboard-Dashboard-Tests-should-display-team-members-with-avatars-mobile-pixel-7-pro-retry1/video.webm]]

[[ATTACHMENT|dashboard-Dashboard-Tests-should-display-team-members-with-avatars-mobile-pixel-7-pro-retry1/trace.zip]]
Dashboard title not found, continuing...

[[ATTACHMENT|dashboard-Dashboard-Tests-should-display-team-members-with-avatars-mobile-pixel-7-pro-retry2/test-failed-1.png]]

[[ATTACHMENT|dashboard-Dashboard-Tests-should-display-team-members-with-avatars-mobile-pixel-7-pro-retry2/video.webm]]

[[ATTACHMENT|dashboard-Dashboard-Tests-should-display-team-members-with-avatars-mobile-pixel-7-pro-retry2/test-failed-2.png]]
]]>
</system-out>
<system-err>
<![CDATA[Internal error: fixture integrity at context
]]>
</system-err>
</testcase>
<testcase name="Dashboard Tests › should handle new project button click" classname="dashboard.spec.ts" time="90">
<failure message="dashboard.spec.ts:73:7 should handle new project button click" type="FAILURE">
<![CDATA[  [mobile-pixel-7-pro] › dashboard.spec.ts:73:7 › Dashboard Tests › should handle new project button click 

    Test timeout of 30000ms exceeded while running "beforeEach" hook.

      2 |
      3 | test.describe('Dashboard Tests', () => {
    > 4 |   test.beforeEach(async ({ page }) => {
        |        ^
      5 |     // Set test mode header
      6 |     await page.setExtraHTTPHeaders({
      7 |       'x-test-mode': 'true'

        at /Users/thabonyembe/Documents/freeflow-app-9/tests/e2e/dashboard.spec.ts:4:8

    Error: expect(locator).toBeVisible()

    Locator: locator('[data-testid="new-project-button"]')
    Expected: visible
    Received: hidden
    Call log:
      - expect.toBeVisible with timeout 5000ms
      - waiting for locator('[data-testid="new-project-button"]')


      73 |   test('should handle new project button click', async ({ page }) => {
      74 |     const newProjectButton = page.locator('[data-testid="new-project-button"]');
    > 75 |     await expect(newProjectButton).toBeVisible();
         |                                    ^
      76 |     await expect(newProjectButton).toBeEnabled();
      77 |     
      78 |     // Click should be possible (actual navigation tested separately)

        at /Users/thabonyembe/Documents/freeflow-app-9/tests/e2e/dashboard.spec.ts:75:36

    attachment #1: screenshot (image/png) ──────────────────────────────────────────────────────────
    test-results/dashboard-Dashboard-Tests-should-handle-new-project-button-click-mobile-pixel-7-pro/test-failed-1.png
    ────────────────────────────────────────────────────────────────────────────────────────────────

    attachment #2: video (video/webm) ──────────────────────────────────────────────────────────────
    test-results/dashboard-Dashboard-Tests-should-handle-new-project-button-click-mobile-pixel-7-pro/video.webm
    ────────────────────────────────────────────────────────────────────────────────────────────────

    attachment #3: screenshot (image/png) ──────────────────────────────────────────────────────────
    test-results/dashboard-Dashboard-Tests-should-handle-new-project-button-click-mobile-pixel-7-pro/test-failed-2.png
    ────────────────────────────────────────────────────────────────────────────────────────────────

    Retry #1 ───────────────────────────────────────────────────────────────────────────────────────

    Test timeout of 30000ms exceeded while running "beforeEach" hook.

      2 |
      3 | test.describe('Dashboard Tests', () => {
    > 4 |   test.beforeEach(async ({ page }) => {
        |        ^
      5 |     // Set test mode header
      6 |     await page.setExtraHTTPHeaders({
      7 |       'x-test-mode': 'true'

        at /Users/thabonyembe/Documents/freeflow-app-9/tests/e2e/dashboard.spec.ts:4:8

    Error: expect(locator).toBeVisible()

    Locator: locator('[data-testid="new-project-button"]')
    Expected: visible
    Received: hidden
    Call log:
      - expect.toBeVisible with timeout 5000ms
      - waiting for locator('[data-testid="new-project-button"]')


      73 |   test('should handle new project button click', async ({ page }) => {
      74 |     const newProjectButton = page.locator('[data-testid="new-project-button"]');
    > 75 |     await expect(newProjectButton).toBeVisible();
         |                                    ^
      76 |     await expect(newProjectButton).toBeEnabled();
      77 |     
      78 |     // Click should be possible (actual navigation tested separately)

        at /Users/thabonyembe/Documents/freeflow-app-9/tests/e2e/dashboard.spec.ts:75:36

    attachment #1: screenshot (image/png) ──────────────────────────────────────────────────────────
    test-results/dashboard-Dashboard-Tests-should-handle-new-project-button-click-mobile-pixel-7-pro-retry1/test-failed-1.png
    ────────────────────────────────────────────────────────────────────────────────────────────────

    attachment #2: video (video/webm) ──────────────────────────────────────────────────────────────
    test-results/dashboard-Dashboard-Tests-should-handle-new-project-button-click-mobile-pixel-7-pro-retry1/video.webm
    ────────────────────────────────────────────────────────────────────────────────────────────────

    attachment #3: trace (application/zip) ─────────────────────────────────────────────────────────
    test-results/dashboard-Dashboard-Tests-should-handle-new-project-button-click-mobile-pixel-7-pro-retry1/trace.zip
    Usage:

        npx playwright show-trace test-results/dashboard-Dashboard-Tests-should-handle-new-project-button-click-mobile-pixel-7-pro-retry1/trace.zip

    ────────────────────────────────────────────────────────────────────────────────────────────────

    Retry #2 ───────────────────────────────────────────────────────────────────────────────────────

    Test timeout of 30000ms exceeded while running "beforeEach" hook.

      2 |
      3 | test.describe('Dashboard Tests', () => {
    > 4 |   test.beforeEach(async ({ page }) => {
        |        ^
      5 |     // Set test mode header
      6 |     await page.setExtraHTTPHeaders({
      7 |       'x-test-mode': 'true'

        at /Users/thabonyembe/Documents/freeflow-app-9/tests/e2e/dashboard.spec.ts:4:8

    Error: expect(locator).toBeVisible()

    Locator: locator('[data-testid="new-project-button"]')
    Expected: visible
    Received: hidden
    Call log:
      - expect.toBeVisible with timeout 5000ms
      - waiting for locator('[data-testid="new-project-button"]')


      73 |   test('should handle new project button click', async ({ page }) => {
      74 |     const newProjectButton = page.locator('[data-testid="new-project-button"]');
    > 75 |     await expect(newProjectButton).toBeVisible();
         |                                    ^
      76 |     await expect(newProjectButton).toBeEnabled();
      77 |     
      78 |     // Click should be possible (actual navigation tested separately)

        at /Users/thabonyembe/Documents/freeflow-app-9/tests/e2e/dashboard.spec.ts:75:36

    attachment #1: screenshot (image/png) ──────────────────────────────────────────────────────────
    test-results/dashboard-Dashboard-Tests-should-handle-new-project-button-click-mobile-pixel-7-pro-retry2/test-failed-1.png
    ────────────────────────────────────────────────────────────────────────────────────────────────

    attachment #2: video (video/webm) ──────────────────────────────────────────────────────────────
    test-results/dashboard-Dashboard-Tests-should-handle-new-project-button-click-mobile-pixel-7-pro-retry2/video.webm
    ────────────────────────────────────────────────────────────────────────────────────────────────

    attachment #3: screenshot (image/png) ──────────────────────────────────────────────────────────
    test-results/dashboard-Dashboard-Tests-should-handle-new-project-button-click-mobile-pixel-7-pro-retry2/test-failed-2.png
    ────────────────────────────────────────────────────────────────────────────────────────────────
]]>
</failure>
<system-out>
<![CDATA[Dashboard title not found, continuing...

[[ATTACHMENT|dashboard-Dashboard-Tests-should-handle-new-project-button-click-mobile-pixel-7-pro/test-failed-1.png]]

[[ATTACHMENT|dashboard-Dashboard-Tests-should-handle-new-project-button-click-mobile-pixel-7-pro/video.webm]]

[[ATTACHMENT|dashboard-Dashboard-Tests-should-handle-new-project-button-click-mobile-pixel-7-pro/test-failed-2.png]]
Dashboard title not found, continuing...

[[ATTACHMENT|dashboard-Dashboard-Tests-should-handle-new-project-button-click-mobile-pixel-7-pro-retry1/test-failed-1.png]]

[[ATTACHMENT|dashboard-Dashboard-Tests-should-handle-new-project-button-click-mobile-pixel-7-pro-retry1/video.webm]]

[[ATTACHMENT|dashboard-Dashboard-Tests-should-handle-new-project-button-click-mobile-pixel-7-pro-retry1/trace.zip]]
Dashboard title not found, continuing...

[[ATTACHMENT|dashboard-Dashboard-Tests-should-handle-new-project-button-click-mobile-pixel-7-pro-retry2/test-failed-1.png]]

[[ATTACHMENT|dashboard-Dashboard-Tests-should-handle-new-project-button-click-mobile-pixel-7-pro-retry2/video.webm]]

[[ATTACHMENT|dashboard-Dashboard-Tests-should-handle-new-project-button-click-mobile-pixel-7-pro-retry2/test-failed-2.png]]
]]>
</system-out>
<system-err>
<![CDATA[Internal error: fixture integrity at context
]]>
</system-err>
</testcase>
<testcase name="Dashboard Tests › should be responsive on mobile" classname="dashboard.spec.ts" time="90">
<failure message="dashboard.spec.ts:82:7 should be responsive on mobile" type="FAILURE">
<![CDATA[  [mobile-pixel-7-pro] › dashboard.spec.ts:82:7 › Dashboard Tests › should be responsive on mobile ─

    Test timeout of 30000ms exceeded while running "beforeEach" hook.

      2 |
      3 | test.describe('Dashboard Tests', () => {
    > 4 |   test.beforeEach(async ({ page }) => {
        |        ^
      5 |     // Set test mode header
      6 |     await page.setExtraHTTPHeaders({
      7 |       'x-test-mode': 'true'

        at /Users/thabonyembe/Documents/freeflow-app-9/tests/e2e/dashboard.spec.ts:4:8

    Error: expect(locator).toBeVisible()

    Locator: locator('[data-testid="dashboard-container"]')
    Expected: visible
    Received: hidden
    Call log:
      - expect.toBeVisible with timeout 5000ms
      - waiting for locator('[data-testid="dashboard-container"]')


      83 |     await page.setViewportSize({ width: 375, height: 667 });
      84 |     
    > 85 |     await expect(page.locator('[data-testid="dashboard-container"]')).toBeVisible();
         |                                                                       ^
      86 |     await expect(page.locator('[data-testid="dashboard-title"]')).toBeVisible();
      87 |     
      88 |     // Stats should stack on mobile

        at /Users/thabonyembe/Documents/freeflow-app-9/tests/e2e/dashboard.spec.ts:85:71

    attachment #1: screenshot (image/png) ──────────────────────────────────────────────────────────
    test-results/dashboard-Dashboard-Tests-should-be-responsive-on-mobile-mobile-pixel-7-pro/test-failed-1.png
    ────────────────────────────────────────────────────────────────────────────────────────────────

    attachment #2: video (video/webm) ──────────────────────────────────────────────────────────────
    test-results/dashboard-Dashboard-Tests-should-be-responsive-on-mobile-mobile-pixel-7-pro/video.webm
    ────────────────────────────────────────────────────────────────────────────────────────────────

    attachment #3: screenshot (image/png) ──────────────────────────────────────────────────────────
    test-results/dashboard-Dashboard-Tests-should-be-responsive-on-mobile-mobile-pixel-7-pro/test-failed-2.png
    ────────────────────────────────────────────────────────────────────────────────────────────────

    Retry #1 ───────────────────────────────────────────────────────────────────────────────────────

    Test timeout of 30000ms exceeded while running "beforeEach" hook.

      2 |
      3 | test.describe('Dashboard Tests', () => {
    > 4 |   test.beforeEach(async ({ page }) => {
        |        ^
      5 |     // Set test mode header
      6 |     await page.setExtraHTTPHeaders({
      7 |       'x-test-mode': 'true'

        at /Users/thabonyembe/Documents/freeflow-app-9/tests/e2e/dashboard.spec.ts:4:8

    Error: expect(locator).toBeVisible()

    Locator: locator('[data-testid="dashboard-container"]')
    Expected: visible
    Received: hidden
    Call log:
      - expect.toBeVisible with timeout 5000ms
      - waiting for locator('[data-testid="dashboard-container"]')


      83 |     await page.setViewportSize({ width: 375, height: 667 });
      84 |     
    > 85 |     await expect(page.locator('[data-testid="dashboard-container"]')).toBeVisible();
         |                                                                       ^
      86 |     await expect(page.locator('[data-testid="dashboard-title"]')).toBeVisible();
      87 |     
      88 |     // Stats should stack on mobile

        at /Users/thabonyembe/Documents/freeflow-app-9/tests/e2e/dashboard.spec.ts:85:71

    attachment #1: screenshot (image/png) ──────────────────────────────────────────────────────────
    test-results/dashboard-Dashboard-Tests-should-be-responsive-on-mobile-mobile-pixel-7-pro-retry1/test-failed-1.png
    ────────────────────────────────────────────────────────────────────────────────────────────────

    attachment #2: video (video/webm) ──────────────────────────────────────────────────────────────
    test-results/dashboard-Dashboard-Tests-should-be-responsive-on-mobile-mobile-pixel-7-pro-retry1/video.webm
    ────────────────────────────────────────────────────────────────────────────────────────────────

    attachment #3: screenshot (image/png) ──────────────────────────────────────────────────────────
    test-results/dashboard-Dashboard-Tests-should-be-responsive-on-mobile-mobile-pixel-7-pro-retry1/test-failed-2.png
    ────────────────────────────────────────────────────────────────────────────────────────────────

    attachment #4: trace (application/zip) ─────────────────────────────────────────────────────────
    test-results/dashboard-Dashboard-Tests-should-be-responsive-on-mobile-mobile-pixel-7-pro-retry1/trace.zip
    Usage:

        npx playwright show-trace test-results/dashboard-Dashboard-Tests-should-be-responsive-on-mobile-mobile-pixel-7-pro-retry1/trace.zip

    ────────────────────────────────────────────────────────────────────────────────────────────────

    Retry #2 ───────────────────────────────────────────────────────────────────────────────────────

    Test timeout of 30000ms exceeded while running "beforeEach" hook.

      2 |
      3 | test.describe('Dashboard Tests', () => {
    > 4 |   test.beforeEach(async ({ page }) => {
        |        ^
      5 |     // Set test mode header
      6 |     await page.setExtraHTTPHeaders({
      7 |       'x-test-mode': 'true'

        at /Users/thabonyembe/Documents/freeflow-app-9/tests/e2e/dashboard.spec.ts:4:8

    Error: expect(locator).toBeVisible()

    Locator: locator('[data-testid="dashboard-container"]')
    Expected: visible
    Received: hidden
    Call log:
      - expect.toBeVisible with timeout 5000ms
      - waiting for locator('[data-testid="dashboard-container"]')


      83 |     await page.setViewportSize({ width: 375, height: 667 });
      84 |     
    > 85 |     await expect(page.locator('[data-testid="dashboard-container"]')).toBeVisible();
         |                                                                       ^
      86 |     await expect(page.locator('[data-testid="dashboard-title"]')).toBeVisible();
      87 |     
      88 |     // Stats should stack on mobile

        at /Users/thabonyembe/Documents/freeflow-app-9/tests/e2e/dashboard.spec.ts:85:71

    attachment #1: screenshot (image/png) ──────────────────────────────────────────────────────────
    test-results/dashboard-Dashboard-Tests-should-be-responsive-on-mobile-mobile-pixel-7-pro-retry2/test-failed-1.png
    ────────────────────────────────────────────────────────────────────────────────────────────────

    attachment #2: video (video/webm) ──────────────────────────────────────────────────────────────
    test-results/dashboard-Dashboard-Tests-should-be-responsive-on-mobile-mobile-pixel-7-pro-retry2/video.webm
    ────────────────────────────────────────────────────────────────────────────────────────────────

    attachment #3: screenshot (image/png) ──────────────────────────────────────────────────────────
    test-results/dashboard-Dashboard-Tests-should-be-responsive-on-mobile-mobile-pixel-7-pro-retry2/test-failed-2.png
    ────────────────────────────────────────────────────────────────────────────────────────────────
]]>
</failure>
<system-out>
<![CDATA[Dashboard title not found, continuing...

[[ATTACHMENT|dashboard-Dashboard-Tests-should-be-responsive-on-mobile-mobile-pixel-7-pro/test-failed-1.png]]

[[ATTACHMENT|dashboard-Dashboard-Tests-should-be-responsive-on-mobile-mobile-pixel-7-pro/video.webm]]

[[ATTACHMENT|dashboard-Dashboard-Tests-should-be-responsive-on-mobile-mobile-pixel-7-pro/test-failed-2.png]]
Dashboard title not found, continuing...

[[ATTACHMENT|dashboard-Dashboard-Tests-should-be-responsive-on-mobile-mobile-pixel-7-pro-retry1/test-failed-1.png]]

[[ATTACHMENT|dashboard-Dashboard-Tests-should-be-responsive-on-mobile-mobile-pixel-7-pro-retry1/video.webm]]

[[ATTACHMENT|dashboard-Dashboard-Tests-should-be-responsive-on-mobile-mobile-pixel-7-pro-retry1/test-failed-2.png]]

[[ATTACHMENT|dashboard-Dashboard-Tests-should-be-responsive-on-mobile-mobile-pixel-7-pro-retry1/trace.zip]]
Dashboard title not found, continuing...

[[ATTACHMENT|dashboard-Dashboard-Tests-should-be-responsive-on-mobile-mobile-pixel-7-pro-retry2/test-failed-1.png]]

[[ATTACHMENT|dashboard-Dashboard-Tests-should-be-responsive-on-mobile-mobile-pixel-7-pro-retry2/video.webm]]

[[ATTACHMENT|dashboard-Dashboard-Tests-should-be-responsive-on-mobile-mobile-pixel-7-pro-retry2/test-failed-2.png]]
]]>
</system-out>
<system-err>
<![CDATA[Internal error: fixture integrity at context
]]>
</system-err>
</testcase>
<testcase name="Dashboard Tests › should load team member avatars without 404 errors" classname="dashboard.spec.ts" time="90.001">
<failure message="dashboard.spec.ts:93:7 should load team member avatars without 404 errors" type="FAILURE">
<![CDATA[  [mobile-pixel-7-pro] › dashboard.spec.ts:93:7 › Dashboard Tests › should load team member avatars without 404 errors 

    Test timeout of 30000ms exceeded while running "beforeEach" hook.

      2 |
      3 | test.describe('Dashboard Tests', () => {
    > 4 |   test.beforeEach(async ({ page }) => {
        |        ^
      5 |     // Set test mode header
      6 |     await page.setExtraHTTPHeaders({
      7 |       'x-test-mode': 'true'

        at /Users/thabonyembe/Documents/freeflow-app-9/tests/e2e/dashboard.spec.ts:4:8

    Error: page.click: Test ended.
    Call log:
      - waiting for locator('[data-testid="team-tab"]')


      100 |     });
      101 |     
    > 102 |     await page.click('[data-testid="team-tab"]');
          |                ^
      103 |     await page.waitForTimeout(2000); // Wait for images to load
      104 |     
      105 |     expect(failedRequests).toHaveLength(0);

        at /Users/thabonyembe/Documents/freeflow-app-9/tests/e2e/dashboard.spec.ts:102:16

    attachment #1: screenshot (image/png) ──────────────────────────────────────────────────────────
    test-results/dashboard-Dashboard-Tests-should-load-team-member-avatars-without-404-errors-mobile-pixel-7-pro/test-failed-1.png
    ────────────────────────────────────────────────────────────────────────────────────────────────

    attachment #2: video (video/webm) ──────────────────────────────────────────────────────────────
    test-results/dashboard-Dashboard-Tests-should-load-team-member-avatars-without-404-errors-mobile-pixel-7-pro/video.webm
    ────────────────────────────────────────────────────────────────────────────────────────────────

    attachment #3: screenshot (image/png) ──────────────────────────────────────────────────────────
    test-results/dashboard-Dashboard-Tests-should-load-team-member-avatars-without-404-errors-mobile-pixel-7-pro/test-failed-2.png
    ────────────────────────────────────────────────────────────────────────────────────────────────

    Retry #1 ───────────────────────────────────────────────────────────────────────────────────────

    Test timeout of 30000ms exceeded while running "beforeEach" hook.

      2 |
      3 | test.describe('Dashboard Tests', () => {
    > 4 |   test.beforeEach(async ({ page }) => {
        |        ^
      5 |     // Set test mode header
      6 |     await page.setExtraHTTPHeaders({
      7 |       'x-test-mode': 'true'

        at /Users/thabonyembe/Documents/freeflow-app-9/tests/e2e/dashboard.spec.ts:4:8

    Error: page.click: Test ended.
    Call log:
      - waiting for locator('[data-testid="team-tab"]')


      100 |     });
      101 |     
    > 102 |     await page.click('[data-testid="team-tab"]');
          |                ^
      103 |     await page.waitForTimeout(2000); // Wait for images to load
      104 |     
      105 |     expect(failedRequests).toHaveLength(0);

        at /Users/thabonyembe/Documents/freeflow-app-9/tests/e2e/dashboard.spec.ts:102:16

    attachment #1: screenshot (image/png) ──────────────────────────────────────────────────────────
    test-results/dashboard-Dashboard-Tests-should-load-team-member-avatars-without-404-errors-mobile-pixel-7-pro-retry1/test-failed-1.png
    ────────────────────────────────────────────────────────────────────────────────────────────────

    attachment #2: video (video/webm) ──────────────────────────────────────────────────────────────
    test-results/dashboard-Dashboard-Tests-should-load-team-member-avatars-without-404-errors-mobile-pixel-7-pro-retry1/video.webm
    ────────────────────────────────────────────────────────────────────────────────────────────────

    attachment #3: screenshot (image/png) ──────────────────────────────────────────────────────────
    test-results/dashboard-Dashboard-Tests-should-load-team-member-avatars-without-404-errors-mobile-pixel-7-pro-retry1/test-failed-2.png
    ────────────────────────────────────────────────────────────────────────────────────────────────

    attachment #4: trace (application/zip) ─────────────────────────────────────────────────────────
    test-results/dashboard-Dashboard-Tests-should-load-team-member-avatars-without-404-errors-mobile-pixel-7-pro-retry1/trace.zip
    Usage:

        npx playwright show-trace test-results/dashboard-Dashboard-Tests-should-load-team-member-avatars-without-404-errors-mobile-pixel-7-pro-retry1/trace.zip

    ────────────────────────────────────────────────────────────────────────────────────────────────

    Retry #2 ───────────────────────────────────────────────────────────────────────────────────────

    Test timeout of 30000ms exceeded while running "beforeEach" hook.

      2 |
      3 | test.describe('Dashboard Tests', () => {
    > 4 |   test.beforeEach(async ({ page }) => {
        |        ^
      5 |     // Set test mode header
      6 |     await page.setExtraHTTPHeaders({
      7 |       'x-test-mode': 'true'

        at /Users/thabonyembe/Documents/freeflow-app-9/tests/e2e/dashboard.spec.ts:4:8

    Error: page.click: Test ended.
    Call log:
      - waiting for locator('[data-testid="team-tab"]')


      100 |     });
      101 |     
    > 102 |     await page.click('[data-testid="team-tab"]');
          |                ^
      103 |     await page.waitForTimeout(2000); // Wait for images to load
      104 |     
      105 |     expect(failedRequests).toHaveLength(0);

        at /Users/thabonyembe/Documents/freeflow-app-9/tests/e2e/dashboard.spec.ts:102:16

    attachment #1: screenshot (image/png) ──────────────────────────────────────────────────────────
    test-results/dashboard-Dashboard-Tests-should-load-team-member-avatars-without-404-errors-mobile-pixel-7-pro-retry2/test-failed-1.png
    ────────────────────────────────────────────────────────────────────────────────────────────────

    attachment #2: video (video/webm) ──────────────────────────────────────────────────────────────
    test-results/dashboard-Dashboard-Tests-should-load-team-member-avatars-without-404-errors-mobile-pixel-7-pro-retry2/video.webm
    ────────────────────────────────────────────────────────────────────────────────────────────────

    attachment #3: screenshot (image/png) ──────────────────────────────────────────────────────────
    test-results/dashboard-Dashboard-Tests-should-load-team-member-avatars-without-404-errors-mobile-pixel-7-pro-retry2/test-failed-2.png
    ────────────────────────────────────────────────────────────────────────────────────────────────
]]>
</failure>
<system-out>
<![CDATA[Dashboard title not found, continuing...

[[ATTACHMENT|dashboard-Dashboard-Tests-should-load-team-member-avatars-without-404-errors-mobile-pixel-7-pro/test-failed-1.png]]

[[ATTACHMENT|dashboard-Dashboard-Tests-should-load-team-member-avatars-without-404-errors-mobile-pixel-7-pro/video.webm]]

[[ATTACHMENT|dashboard-Dashboard-Tests-should-load-team-member-avatars-without-404-errors-mobile-pixel-7-pro/test-failed-2.png]]
Dashboard title not found, continuing...

[[ATTACHMENT|dashboard-Dashboard-Tests-should-load-team-member-avatars-without-404-errors-mobile-pixel-7-pro-retry1/test-failed-1.png]]

[[ATTACHMENT|dashboard-Dashboard-Tests-should-load-team-member-avatars-without-404-errors-mobile-pixel-7-pro-retry1/video.webm]]

[[ATTACHMENT|dashboard-Dashboard-Tests-should-load-team-member-avatars-without-404-errors-mobile-pixel-7-pro-retry1/test-failed-2.png]]

[[ATTACHMENT|dashboard-Dashboard-Tests-should-load-team-member-avatars-without-404-errors-mobile-pixel-7-pro-retry1/trace.zip]]
Dashboard title not found, continuing...

[[ATTACHMENT|dashboard-Dashboard-Tests-should-load-team-member-avatars-without-404-errors-mobile-pixel-7-pro-retry2/test-failed-1.png]]

[[ATTACHMENT|dashboard-Dashboard-Tests-should-load-team-member-avatars-without-404-errors-mobile-pixel-7-pro-retry2/video.webm]]

[[ATTACHMENT|dashboard-Dashboard-Tests-should-load-team-member-avatars-without-404-errors-mobile-pixel-7-pro-retry2/test-failed-2.png]]
]]>
</system-out>
<system-err>
<![CDATA[Internal error: fixture integrity at context
]]>
</system-err>
</testcase>
<testcase name="Dashboard Tests › should have proper accessibility labels" classname="dashboard.spec.ts" time="90.002">
<failure message="dashboard.spec.ts:108:7 should have proper accessibility labels" type="FAILURE">
<![CDATA[  [mobile-pixel-7-pro] › dashboard.spec.ts:108:7 › Dashboard Tests › should have proper accessibility labels 

    Test timeout of 30000ms exceeded while running "beforeEach" hook.

      2 |
      3 | test.describe('Dashboard Tests', () => {
    > 4 |   test.beforeEach(async ({ page }) => {
        |        ^
      5 |     // Set test mode header
      6 |     await page.setExtraHTTPHeaders({
      7 |       'x-test-mode': 'true'

        at /Users/thabonyembe/Documents/freeflow-app-9/tests/e2e/dashboard.spec.ts:4:8

    Error: expect(locator).toBeVisible()

    Locator: locator('h1[data-testid="dashboard-title"]')
    Expected: visible
    Received: hidden
    Call log:
      - expect.toBeVisible with timeout 5000ms
      - waiting for locator('h1[data-testid="dashboard-title"]')


      108 |   test('should have proper accessibility labels', async ({ page }) => {
      109 |     // Check for proper ARIA labels and semantic HTML
    > 110 |     await expect(page.locator('h1[data-testid="dashboard-title"]')).toBeVisible();
          |                                                                     ^
      111 |     
      112 |     // Navigation should be accessible
      113 |     const tabs = page.locator('[role="tablist"]');

        at /Users/thabonyembe/Documents/freeflow-app-9/tests/e2e/dashboard.spec.ts:110:69

    attachment #1: screenshot (image/png) ──────────────────────────────────────────────────────────
    test-results/dashboard-Dashboard-Tests-should-have-proper-accessibility-labels-mobile-pixel-7-pro/test-failed-1.png
    ────────────────────────────────────────────────────────────────────────────────────────────────

    attachment #2: video (video/webm) ──────────────────────────────────────────────────────────────
    test-results/dashboard-Dashboard-Tests-should-have-proper-accessibility-labels-mobile-pixel-7-pro/video.webm
    ────────────────────────────────────────────────────────────────────────────────────────────────

    attachment #3: screenshot (image/png) ──────────────────────────────────────────────────────────
    test-results/dashboard-Dashboard-Tests-should-have-proper-accessibility-labels-mobile-pixel-7-pro/test-failed-2.png
    ────────────────────────────────────────────────────────────────────────────────────────────────

    Retry #1 ───────────────────────────────────────────────────────────────────────────────────────

    Test timeout of 30000ms exceeded while running "beforeEach" hook.

      2 |
      3 | test.describe('Dashboard Tests', () => {
    > 4 |   test.beforeEach(async ({ page }) => {
        |        ^
      5 |     // Set test mode header
      6 |     await page.setExtraHTTPHeaders({
      7 |       'x-test-mode': 'true'

        at /Users/thabonyembe/Documents/freeflow-app-9/tests/e2e/dashboard.spec.ts:4:8

    Error: expect(locator).toBeVisible()

    Locator: locator('h1[data-testid="dashboard-title"]')
    Expected: visible
    Received: hidden
    Call log:
      - expect.toBeVisible with timeout 5000ms
      - waiting for locator('h1[data-testid="dashboard-title"]')


      108 |   test('should have proper accessibility labels', async ({ page }) => {
      109 |     // Check for proper ARIA labels and semantic HTML
    > 110 |     await expect(page.locator('h1[data-testid="dashboard-title"]')).toBeVisible();
          |                                                                     ^
      111 |     
      112 |     // Navigation should be accessible
      113 |     const tabs = page.locator('[role="tablist"]');

        at /Users/thabonyembe/Documents/freeflow-app-9/tests/e2e/dashboard.spec.ts:110:69

    attachment #1: screenshot (image/png) ──────────────────────────────────────────────────────────
    test-results/dashboard-Dashboard-Tests-should-have-proper-accessibility-labels-mobile-pixel-7-pro-retry1/test-failed-1.png
    ────────────────────────────────────────────────────────────────────────────────────────────────

    attachment #2: video (video/webm) ──────────────────────────────────────────────────────────────
    test-results/dashboard-Dashboard-Tests-should-have-proper-accessibility-labels-mobile-pixel-7-pro-retry1/video.webm
    ────────────────────────────────────────────────────────────────────────────────────────────────

    attachment #3: screenshot (image/png) ──────────────────────────────────────────────────────────
    test-results/dashboard-Dashboard-Tests-should-have-proper-accessibility-labels-mobile-pixel-7-pro-retry1/test-failed-2.png
    ────────────────────────────────────────────────────────────────────────────────────────────────

    attachment #4: trace (application/zip) ─────────────────────────────────────────────────────────
    test-results/dashboard-Dashboard-Tests-should-have-proper-accessibility-labels-mobile-pixel-7-pro-retry1/trace.zip
    Usage:

        npx playwright show-trace test-results/dashboard-Dashboard-Tests-should-have-proper-accessibility-labels-mobile-pixel-7-pro-retry1/trace.zip

    ────────────────────────────────────────────────────────────────────────────────────────────────

    Retry #2 ───────────────────────────────────────────────────────────────────────────────────────

    Test timeout of 30000ms exceeded while running "beforeEach" hook.

      2 |
      3 | test.describe('Dashboard Tests', () => {
    > 4 |   test.beforeEach(async ({ page }) => {
        |        ^
      5 |     // Set test mode header
      6 |     await page.setExtraHTTPHeaders({
      7 |       'x-test-mode': 'true'

        at /Users/thabonyembe/Documents/freeflow-app-9/tests/e2e/dashboard.spec.ts:4:8

    Error: expect(locator).toBeVisible()

    Locator: locator('h1[data-testid="dashboard-title"]')
    Expected: visible
    Received: hidden
    Call log:
      - expect.toBeVisible with timeout 5000ms
      - waiting for locator('h1[data-testid="dashboard-title"]')


      108 |   test('should have proper accessibility labels', async ({ page }) => {
      109 |     // Check for proper ARIA labels and semantic HTML
    > 110 |     await expect(page.locator('h1[data-testid="dashboard-title"]')).toBeVisible();
          |                                                                     ^
      111 |     
      112 |     // Navigation should be accessible
      113 |     const tabs = page.locator('[role="tablist"]');

        at /Users/thabonyembe/Documents/freeflow-app-9/tests/e2e/dashboard.spec.ts:110:69

    attachment #1: screenshot (image/png) ──────────────────────────────────────────────────────────
    test-results/dashboard-Dashboard-Tests-should-have-proper-accessibility-labels-mobile-pixel-7-pro-retry2/test-failed-1.png
    ────────────────────────────────────────────────────────────────────────────────────────────────

    attachment #2: video (video/webm) ──────────────────────────────────────────────────────────────
    test-results/dashboard-Dashboard-Tests-should-have-proper-accessibility-labels-mobile-pixel-7-pro-retry2/video.webm
    ────────────────────────────────────────────────────────────────────────────────────────────────

    attachment #3: screenshot (image/png) ──────────────────────────────────────────────────────────
    test-results/dashboard-Dashboard-Tests-should-have-proper-accessibility-labels-mobile-pixel-7-pro-retry2/test-failed-2.png
    ────────────────────────────────────────────────────────────────────────────────────────────────
]]>
</failure>
<system-out>
<![CDATA[Dashboard title not found, continuing...

[[ATTACHMENT|dashboard-Dashboard-Tests-should-have-proper-accessibility-labels-mobile-pixel-7-pro/test-failed-1.png]]

[[ATTACHMENT|dashboard-Dashboard-Tests-should-have-proper-accessibility-labels-mobile-pixel-7-pro/video.webm]]

[[ATTACHMENT|dashboard-Dashboard-Tests-should-have-proper-accessibility-labels-mobile-pixel-7-pro/test-failed-2.png]]
Dashboard title not found, continuing...

[[ATTACHMENT|dashboard-Dashboard-Tests-should-have-proper-accessibility-labels-mobile-pixel-7-pro-retry1/test-failed-1.png]]

[[ATTACHMENT|dashboard-Dashboard-Tests-should-have-proper-accessibility-labels-mobile-pixel-7-pro-retry1/video.webm]]

[[ATTACHMENT|dashboard-Dashboard-Tests-should-have-proper-accessibility-labels-mobile-pixel-7-pro-retry1/test-failed-2.png]]

[[ATTACHMENT|dashboard-Dashboard-Tests-should-have-proper-accessibility-labels-mobile-pixel-7-pro-retry1/trace.zip]]
Dashboard title not found, continuing...

[[ATTACHMENT|dashboard-Dashboard-Tests-should-have-proper-accessibility-labels-mobile-pixel-7-pro-retry2/test-failed-1.png]]

[[ATTACHMENT|dashboard-Dashboard-Tests-should-have-proper-accessibility-labels-mobile-pixel-7-pro-retry2/video.webm]]

[[ATTACHMENT|dashboard-Dashboard-Tests-should-have-proper-accessibility-labels-mobile-pixel-7-pro-retry2/test-failed-2.png]]
]]>
</system-out>
<system-err>
<![CDATA[Internal error: fixture integrity at context
]]>
</system-err>
</testcase>
</testsuite>
<testsuite name="dashboard.spec.ts" timestamp="2025-06-16T14:04:51.086Z" hostname="mobile-iphone-13" tests="9" failures="9" skipped="0" time="810.01" errors="0">
<testcase name="Dashboard Tests › should load dashboard page successfully" classname="dashboard.spec.ts" time="90.001">
<failure message="dashboard.spec.ts:18:7 should load dashboard page successfully" type="FAILURE">
<![CDATA[  [mobile-iphone-13] › dashboard.spec.ts:18:7 › Dashboard Tests › should load dashboard page successfully 

    Test timeout of 30000ms exceeded while running "beforeEach" hook.

      2 |
      3 | test.describe('Dashboard Tests', () => {
    > 4 |   test.beforeEach(async ({ page }) => {
        |        ^
      5 |     // Set test mode header
      6 |     await page.setExtraHTTPHeaders({
      7 |       'x-test-mode': 'true'

        at /Users/thabonyembe/Documents/freeflow-app-9/tests/e2e/dashboard.spec.ts:4:8

    Error: browserContext.newPage: Test ended.


    attachment #1: screenshot (image/png) ──────────────────────────────────────────────────────────
    test-results/dashboard-Dashboard-Tests-should-load-dashboard-page-successfully-mobile-iphone-13/test-failed-1.png
    ────────────────────────────────────────────────────────────────────────────────────────────────

    attachment #2: video (video/webm) ──────────────────────────────────────────────────────────────
    test-results/dashboard-Dashboard-Tests-should-load-dashboard-page-successfully-mobile-iphone-13/video.webm
    ────────────────────────────────────────────────────────────────────────────────────────────────

    Retry #1 ───────────────────────────────────────────────────────────────────────────────────────

    Test timeout of 30000ms exceeded while running "beforeEach" hook.

      2 |
      3 | test.describe('Dashboard Tests', () => {
    > 4 |   test.beforeEach(async ({ page }) => {
        |        ^
      5 |     // Set test mode header
      6 |     await page.setExtraHTTPHeaders({
      7 |       'x-test-mode': 'true'

        at /Users/thabonyembe/Documents/freeflow-app-9/tests/e2e/dashboard.spec.ts:4:8

    Error: expect(locator).toBeVisible()

    Locator: locator('[data-testid="dashboard-container"]')
    Expected: visible
    Received: hidden
    Call log:
      - expect.toBeVisible with timeout 5000ms
      - waiting for locator('[data-testid="dashboard-container"]')


      17 |
      18 |   test('should load dashboard page successfully', async ({ page }) => {
    > 19 |     await expect(page.locator('[data-testid="dashboard-container"]')).toBeVisible();
         |                                                                       ^
      20 |     await expect(page.locator('[data-testid="dashboard-title"]')).toHaveText('Dashboard');
      21 |   });
      22 |

        at /Users/thabonyembe/Documents/freeflow-app-9/tests/e2e/dashboard.spec.ts:19:71

    attachment #1: screenshot (image/png) ──────────────────────────────────────────────────────────
    test-results/dashboard-Dashboard-Tests-should-load-dashboard-page-successfully-mobile-iphone-13-retry1/test-failed-1.png
    ────────────────────────────────────────────────────────────────────────────────────────────────

    attachment #2: video (video/webm) ──────────────────────────────────────────────────────────────
    test-results/dashboard-Dashboard-Tests-should-load-dashboard-page-successfully-mobile-iphone-13-retry1/video.webm
    ────────────────────────────────────────────────────────────────────────────────────────────────

    attachment #3: trace (application/zip) ─────────────────────────────────────────────────────────
    test-results/dashboard-Dashboard-Tests-should-load-dashboard-page-successfully-mobile-iphone-13-retry1/trace.zip
    Usage:

        npx playwright show-trace test-results/dashboard-Dashboard-Tests-should-load-dashboard-page-successfully-mobile-iphone-13-retry1/trace.zip

    ────────────────────────────────────────────────────────────────────────────────────────────────

    Retry #2 ───────────────────────────────────────────────────────────────────────────────────────

    Test timeout of 30000ms exceeded while running "beforeEach" hook.

      2 |
      3 | test.describe('Dashboard Tests', () => {
    > 4 |   test.beforeEach(async ({ page }) => {
        |        ^
      5 |     // Set test mode header
      6 |     await page.setExtraHTTPHeaders({
      7 |       'x-test-mode': 'true'

        at /Users/thabonyembe/Documents/freeflow-app-9/tests/e2e/dashboard.spec.ts:4:8

    Error: browserContext.newPage: Test ended.


    attachment #1: screenshot (image/png) ──────────────────────────────────────────────────────────
    test-results/dashboard-Dashboard-Tests-should-load-dashboard-page-successfully-mobile-iphone-13-retry2/test-failed-1.png
    ────────────────────────────────────────────────────────────────────────────────────────────────

    attachment #2: video (video/webm) ──────────────────────────────────────────────────────────────
    test-results/dashboard-Dashboard-Tests-should-load-dashboard-page-successfully-mobile-iphone-13-retry2/video.webm
    ────────────────────────────────────────────────────────────────────────────────────────────────
]]>
</failure>
<system-out>
<![CDATA[Dashboard title not found, continuing...

[[ATTACHMENT|dashboard-Dashboard-Tests-should-load-dashboard-page-successfully-mobile-iphone-13/test-failed-1.png]]

[[ATTACHMENT|dashboard-Dashboard-Tests-should-load-dashboard-page-successfully-mobile-iphone-13/video.webm]]
Dashboard title not found, continuing...

[[ATTACHMENT|dashboard-Dashboard-Tests-should-load-dashboard-page-successfully-mobile-iphone-13-retry1/test-failed-1.png]]

[[ATTACHMENT|dashboard-Dashboard-Tests-should-load-dashboard-page-successfully-mobile-iphone-13-retry1/video.webm]]

[[ATTACHMENT|dashboard-Dashboard-Tests-should-load-dashboard-page-successfully-mobile-iphone-13-retry1/trace.zip]]
Dashboard title not found, continuing...

[[ATTACHMENT|dashboard-Dashboard-Tests-should-load-dashboard-page-successfully-mobile-iphone-13-retry2/test-failed-1.png]]

[[ATTACHMENT|dashboard-Dashboard-Tests-should-load-dashboard-page-successfully-mobile-iphone-13-retry2/video.webm]]
]]>
</system-out>
</testcase>
<testcase name="Dashboard Tests › should display dashboard stats" classname="dashboard.spec.ts" time="90.001">
<failure message="dashboard.spec.ts:23:7 should display dashboard stats" type="FAILURE">
<![CDATA[  [mobile-iphone-13] › dashboard.spec.ts:23:7 › Dashboard Tests › should display dashboard stats ───

    Test timeout of 30000ms exceeded while running "beforeEach" hook.

      2 |
      3 | test.describe('Dashboard Tests', () => {
    > 4 |   test.beforeEach(async ({ page }) => {
        |        ^
      5 |     // Set test mode header
      6 |     await page.setExtraHTTPHeaders({
      7 |       'x-test-mode': 'true'

        at /Users/thabonyembe/Documents/freeflow-app-9/tests/e2e/dashboard.spec.ts:4:8

    Error: browserContext.newPage: Test ended.


    attachment #1: screenshot (image/png) ──────────────────────────────────────────────────────────
    test-results/dashboard-Dashboard-Tests-should-display-dashboard-stats-mobile-iphone-13/test-failed-1.png
    ────────────────────────────────────────────────────────────────────────────────────────────────

    attachment #2: video (video/webm) ──────────────────────────────────────────────────────────────
    test-results/dashboard-Dashboard-Tests-should-display-dashboard-stats-mobile-iphone-13/video.webm
    ────────────────────────────────────────────────────────────────────────────────────────────────

    Retry #1 ───────────────────────────────────────────────────────────────────────────────────────

    Test timeout of 30000ms exceeded while running "beforeEach" hook.

      2 |
      3 | test.describe('Dashboard Tests', () => {
    > 4 |   test.beforeEach(async ({ page }) => {
        |        ^
      5 |     // Set test mode header
      6 |     await page.setExtraHTTPHeaders({
      7 |       'x-test-mode': 'true'

        at /Users/thabonyembe/Documents/freeflow-app-9/tests/e2e/dashboard.spec.ts:4:8

    Error: expect(locator).toBeVisible()

    Locator: locator('[data-testid="stat-active-projects"]')
    Expected: visible
    Received: hidden
    Call log:
      - expect.toBeVisible with timeout 5000ms
      - waiting for locator('[data-testid="stat-active-projects"]')


      22 |
      23 |   test('should display dashboard stats', async ({ page }) => {
    > 24 |     await expect(page.locator('[data-testid="stat-active-projects"]')).toBeVisible();
         |                                                                        ^
      25 |     await expect(page.locator('[data-testid="stat-total-revenue"]')).toBeVisible();
      26 |     await expect(page.locator('[data-testid="stat-team-members"]')).toBeVisible();
      27 |     await expect(page.locator('[data-testid="stat-completed-tasks"]')).toBeVisible();

        at /Users/thabonyembe/Documents/freeflow-app-9/tests/e2e/dashboard.spec.ts:24:72

    attachment #1: screenshot (image/png) ──────────────────────────────────────────────────────────
    test-results/dashboard-Dashboard-Tests-should-display-dashboard-stats-mobile-iphone-13-retry1/test-failed-1.png
    ────────────────────────────────────────────────────────────────────────────────────────────────

    attachment #2: video (video/webm) ──────────────────────────────────────────────────────────────
    test-results/dashboard-Dashboard-Tests-should-display-dashboard-stats-mobile-iphone-13-retry1/video.webm
    ────────────────────────────────────────────────────────────────────────────────────────────────

    attachment #3: trace (application/zip) ─────────────────────────────────────────────────────────
    test-results/dashboard-Dashboard-Tests-should-display-dashboard-stats-mobile-iphone-13-retry1/trace.zip
    Usage:

        npx playwright show-trace test-results/dashboard-Dashboard-Tests-should-display-dashboard-stats-mobile-iphone-13-retry1/trace.zip

    ────────────────────────────────────────────────────────────────────────────────────────────────

    Retry #2 ───────────────────────────────────────────────────────────────────────────────────────

    Test timeout of 30000ms exceeded while running "beforeEach" hook.

      2 |
      3 | test.describe('Dashboard Tests', () => {
    > 4 |   test.beforeEach(async ({ page }) => {
        |        ^
      5 |     // Set test mode header
      6 |     await page.setExtraHTTPHeaders({
      7 |       'x-test-mode': 'true'

        at /Users/thabonyembe/Documents/freeflow-app-9/tests/e2e/dashboard.spec.ts:4:8

    Error: browserContext.newPage: Test ended.


    attachment #1: screenshot (image/png) ──────────────────────────────────────────────────────────
    test-results/dashboard-Dashboard-Tests-should-display-dashboard-stats-mobile-iphone-13-retry2/test-failed-1.png
    ────────────────────────────────────────────────────────────────────────────────────────────────

    attachment #2: video (video/webm) ──────────────────────────────────────────────────────────────
    test-results/dashboard-Dashboard-Tests-should-display-dashboard-stats-mobile-iphone-13-retry2/video.webm
    ────────────────────────────────────────────────────────────────────────────────────────────────
]]>
</failure>
<system-out>
<![CDATA[Dashboard title not found, continuing...

[[ATTACHMENT|dashboard-Dashboard-Tests-should-display-dashboard-stats-mobile-iphone-13/test-failed-1.png]]

[[ATTACHMENT|dashboard-Dashboard-Tests-should-display-dashboard-stats-mobile-iphone-13/video.webm]]
Dashboard title not found, continuing...

[[ATTACHMENT|dashboard-Dashboard-Tests-should-display-dashboard-stats-mobile-iphone-13-retry1/test-failed-1.png]]

[[ATTACHMENT|dashboard-Dashboard-Tests-should-display-dashboard-stats-mobile-iphone-13-retry1/video.webm]]

[[ATTACHMENT|dashboard-Dashboard-Tests-should-display-dashboard-stats-mobile-iphone-13-retry1/trace.zip]]
Dashboard title not found, continuing...

[[ATTACHMENT|dashboard-Dashboard-Tests-should-display-dashboard-stats-mobile-iphone-13-retry2/test-failed-1.png]]

[[ATTACHMENT|dashboard-Dashboard-Tests-should-display-dashboard-stats-mobile-iphone-13-retry2/video.webm]]
]]>
</system-out>
<system-err>
<![CDATA[Internal error: fixture integrity at context
]]>
</system-err>
</testcase>
<testcase name="Dashboard Tests › should have working navigation tabs" classname="dashboard.spec.ts" time="90">
<failure message="dashboard.spec.ts:30:7 should have working navigation tabs" type="FAILURE">
<![CDATA[  [mobile-iphone-13] › dashboard.spec.ts:30:7 › Dashboard Tests › should have working navigation tabs 

    Test timeout of 30000ms exceeded while running "beforeEach" hook.

      2 |
      3 | test.describe('Dashboard Tests', () => {
    > 4 |   test.beforeEach(async ({ page }) => {
        |        ^
      5 |     // Set test mode header
      6 |     await page.setExtraHTTPHeaders({
      7 |       'x-test-mode': 'true'

        at /Users/thabonyembe/Documents/freeflow-app-9/tests/e2e/dashboard.spec.ts:4:8

    Error: browserContext.newPage: Test ended.


    attachment #1: screenshot (image/png) ──────────────────────────────────────────────────────────
    test-results/dashboard-Dashboard-Tests-should-have-working-navigation-tabs-mobile-iphone-13/test-failed-1.png
    ────────────────────────────────────────────────────────────────────────────────────────────────

    attachment #2: video (video/webm) ──────────────────────────────────────────────────────────────
    test-results/dashboard-Dashboard-Tests-should-have-working-navigation-tabs-mobile-iphone-13/video.webm
    ────────────────────────────────────────────────────────────────────────────────────────────────

    Retry #1 ───────────────────────────────────────────────────────────────────────────────────────

    Test timeout of 30000ms exceeded while running "beforeEach" hook.

      2 |
      3 | test.describe('Dashboard Tests', () => {
    > 4 |   test.beforeEach(async ({ page }) => {
        |        ^
      5 |     // Set test mode header
      6 |     await page.setExtraHTTPHeaders({
      7 |       'x-test-mode': 'true'

        at /Users/thabonyembe/Documents/freeflow-app-9/tests/e2e/dashboard.spec.ts:4:8

    Error: browserContext.newPage: Test ended.


    attachment #1: screenshot (image/png) ──────────────────────────────────────────────────────────
    test-results/dashboard-Dashboard-Tests-should-have-working-navigation-tabs-mobile-iphone-13-retry1/test-failed-1.png
    ────────────────────────────────────────────────────────────────────────────────────────────────

    attachment #2: video (video/webm) ──────────────────────────────────────────────────────────────
    test-results/dashboard-Dashboard-Tests-should-have-working-navigation-tabs-mobile-iphone-13-retry1/video.webm
    ────────────────────────────────────────────────────────────────────────────────────────────────

    attachment #3: trace (application/zip) ─────────────────────────────────────────────────────────
    test-results/dashboard-Dashboard-Tests-should-have-working-navigation-tabs-mobile-iphone-13-retry1/trace.zip
    Usage:

        npx playwright show-trace test-results/dashboard-Dashboard-Tests-should-have-working-navigation-tabs-mobile-iphone-13-retry1/trace.zip

    ────────────────────────────────────────────────────────────────────────────────────────────────

    Retry #2 ───────────────────────────────────────────────────────────────────────────────────────

    Test timeout of 30000ms exceeded while running "beforeEach" hook.

      2 |
      3 | test.describe('Dashboard Tests', () => {
    > 4 |   test.beforeEach(async ({ page }) => {
        |        ^
      5 |     // Set test mode header
      6 |     await page.setExtraHTTPHeaders({
      7 |       'x-test-mode': 'true'

        at /Users/thabonyembe/Documents/freeflow-app-9/tests/e2e/dashboard.spec.ts:4:8

    Error: browserContext.newPage: Test ended.


    attachment #1: screenshot (image/png) ──────────────────────────────────────────────────────────
    test-results/dashboard-Dashboard-Tests-should-have-working-navigation-tabs-mobile-iphone-13-retry2/test-failed-1.png
    ────────────────────────────────────────────────────────────────────────────────────────────────

    attachment #2: video (video/webm) ──────────────────────────────────────────────────────────────
    test-results/dashboard-Dashboard-Tests-should-have-working-navigation-tabs-mobile-iphone-13-retry2/video.webm
    ────────────────────────────────────────────────────────────────────────────────────────────────
]]>
</failure>
<system-out>
<![CDATA[Dashboard title not found, continuing...

[[ATTACHMENT|dashboard-Dashboard-Tests-should-have-working-navigation-tabs-mobile-iphone-13/test-failed-1.png]]

[[ATTACHMENT|dashboard-Dashboard-Tests-should-have-working-navigation-tabs-mobile-iphone-13/video.webm]]
Dashboard title not found, continuing...

[[ATTACHMENT|dashboard-Dashboard-Tests-should-have-working-navigation-tabs-mobile-iphone-13-retry1/test-failed-1.png]]

[[ATTACHMENT|dashboard-Dashboard-Tests-should-have-working-navigation-tabs-mobile-iphone-13-retry1/video.webm]]

[[ATTACHMENT|dashboard-Dashboard-Tests-should-have-working-navigation-tabs-mobile-iphone-13-retry1/trace.zip]]
Dashboard title not found, continuing...

[[ATTACHMENT|dashboard-Dashboard-Tests-should-have-working-navigation-tabs-mobile-iphone-13-retry2/test-failed-1.png]]

[[ATTACHMENT|dashboard-Dashboard-Tests-should-have-working-navigation-tabs-mobile-iphone-13-retry2/video.webm]]
]]>
</system-out>
</testcase>
<testcase name="Dashboard Tests › should display projects in Projects Hub" classname="dashboard.spec.ts" time="90.002">
<failure message="dashboard.spec.ts:51:7 should display projects in Projects Hub" type="FAILURE">
<![CDATA[  [mobile-iphone-13] › dashboard.spec.ts:51:7 › Dashboard Tests › should display projects in Projects Hub 

    Test timeout of 30000ms exceeded while running "beforeEach" hook.

      2 |
      3 | test.describe('Dashboard Tests', () => {
    > 4 |   test.beforeEach(async ({ page }) => {
        |        ^
      5 |     // Set test mode header
      6 |     await page.setExtraHTTPHeaders({
      7 |       'x-test-mode': 'true'

        at /Users/thabonyembe/Documents/freeflow-app-9/tests/e2e/dashboard.spec.ts:4:8

    Error: browserContext.newPage: Test ended.


    attachment #1: screenshot (image/png) ──────────────────────────────────────────────────────────
    test-results/dashboard-Dashboard-Tests-should-display-projects-in-Projects-Hub-mobile-iphone-13/test-failed-1.png
    ────────────────────────────────────────────────────────────────────────────────────────────────

    attachment #2: video (video/webm) ──────────────────────────────────────────────────────────────
    test-results/dashboard-Dashboard-Tests-should-display-projects-in-Projects-Hub-mobile-iphone-13/video.webm
    ────────────────────────────────────────────────────────────────────────────────────────────────

    Retry #1 ───────────────────────────────────────────────────────────────────────────────────────

    Test timeout of 30000ms exceeded while running "beforeEach" hook.

      2 |
      3 | test.describe('Dashboard Tests', () => {
    > 4 |   test.beforeEach(async ({ page }) => {
        |        ^
      5 |     // Set test mode header
      6 |     await page.setExtraHTTPHeaders({
      7 |       'x-test-mode': 'true'

        at /Users/thabonyembe/Documents/freeflow-app-9/tests/e2e/dashboard.spec.ts:4:8

    Error: browserContext.newPage: Test ended.


    attachment #1: screenshot (image/png) ──────────────────────────────────────────────────────────
    test-results/dashboard-Dashboard-Tests-should-display-projects-in-Projects-Hub-mobile-iphone-13-retry1/test-failed-1.png
    ────────────────────────────────────────────────────────────────────────────────────────────────

    attachment #2: video (video/webm) ──────────────────────────────────────────────────────────────
    test-results/dashboard-Dashboard-Tests-should-display-projects-in-Projects-Hub-mobile-iphone-13-retry1/video.webm
    ────────────────────────────────────────────────────────────────────────────────────────────────

    attachment #3: trace (application/zip) ─────────────────────────────────────────────────────────
    test-results/dashboard-Dashboard-Tests-should-display-projects-in-Projects-Hub-mobile-iphone-13-retry1/trace.zip
    Usage:

        npx playwright show-trace test-results/dashboard-Dashboard-Tests-should-display-projects-in-Projects-Hub-mobile-iphone-13-retry1/trace.zip

    ────────────────────────────────────────────────────────────────────────────────────────────────

    Retry #2 ───────────────────────────────────────────────────────────────────────────────────────

    Test timeout of 30000ms exceeded while running "beforeEach" hook.

      2 |
      3 | test.describe('Dashboard Tests', () => {
    > 4 |   test.beforeEach(async ({ page }) => {
        |        ^
      5 |     // Set test mode header
      6 |     await page.setExtraHTTPHeaders({
      7 |       'x-test-mode': 'true'

        at /Users/thabonyembe/Documents/freeflow-app-9/tests/e2e/dashboard.spec.ts:4:8

    Error: browserContext.newPage: Test ended.


    attachment #1: screenshot (image/png) ──────────────────────────────────────────────────────────
    test-results/dashboard-Dashboard-Tests-should-display-projects-in-Projects-Hub-mobile-iphone-13-retry2/test-failed-1.png
    ────────────────────────────────────────────────────────────────────────────────────────────────

    attachment #2: video (video/webm) ──────────────────────────────────────────────────────────────
    test-results/dashboard-Dashboard-Tests-should-display-projects-in-Projects-Hub-mobile-iphone-13-retry2/video.webm
    ────────────────────────────────────────────────────────────────────────────────────────────────
]]>
</failure>
<system-out>
<![CDATA[Dashboard title not found, continuing...

[[ATTACHMENT|dashboard-Dashboard-Tests-should-display-projects-in-Projects-Hub-mobile-iphone-13/test-failed-1.png]]

[[ATTACHMENT|dashboard-Dashboard-Tests-should-display-projects-in-Projects-Hub-mobile-iphone-13/video.webm]]
Dashboard title not found, continuing...

[[ATTACHMENT|dashboard-Dashboard-Tests-should-display-projects-in-Projects-Hub-mobile-iphone-13-retry1/test-failed-1.png]]

[[ATTACHMENT|dashboard-Dashboard-Tests-should-display-projects-in-Projects-Hub-mobile-iphone-13-retry1/video.webm]]

[[ATTACHMENT|dashboard-Dashboard-Tests-should-display-projects-in-Projects-Hub-mobile-iphone-13-retry1/trace.zip]]
Dashboard title not found, continuing...

[[ATTACHMENT|dashboard-Dashboard-Tests-should-display-projects-in-Projects-Hub-mobile-iphone-13-retry2/test-failed-1.png]]

[[ATTACHMENT|dashboard-Dashboard-Tests-should-display-projects-in-Projects-Hub-mobile-iphone-13-retry2/video.webm]]
]]>
</system-out>
<system-err>
<![CDATA[Internal error: fixture integrity at context
Internal error: fixture integrity at context
]]>
</system-err>
</testcase>
<testcase name="Dashboard Tests › should display team members with avatars" classname="dashboard.spec.ts" time="90.001">
<failure message="dashboard.spec.ts:61:7 should display team members with avatars" type="FAILURE">
<![CDATA[  [mobile-iphone-13] › dashboard.spec.ts:61:7 › Dashboard Tests › should display team members with avatars 

    Test timeout of 30000ms exceeded while running "beforeEach" hook.

      2 |
      3 | test.describe('Dashboard Tests', () => {
    > 4 |   test.beforeEach(async ({ page }) => {
        |        ^
      5 |     // Set test mode header
      6 |     await page.setExtraHTTPHeaders({
      7 |       'x-test-mode': 'true'

        at /Users/thabonyembe/Documents/freeflow-app-9/tests/e2e/dashboard.spec.ts:4:8

    Error: browserContext.newPage: Test ended.


    attachment #1: screenshot (image/png) ──────────────────────────────────────────────────────────
    test-results/dashboard-Dashboard-Tests-should-display-team-members-with-avatars-mobile-iphone-13/test-failed-1.png
    ────────────────────────────────────────────────────────────────────────────────────────────────

    attachment #2: video (video/webm) ──────────────────────────────────────────────────────────────
    test-results/dashboard-Dashboard-Tests-should-display-team-members-with-avatars-mobile-iphone-13/video.webm
    ────────────────────────────────────────────────────────────────────────────────────────────────

    Retry #1 ───────────────────────────────────────────────────────────────────────────────────────

    Test timeout of 30000ms exceeded while running "beforeEach" hook.

      2 |
      3 | test.describe('Dashboard Tests', () => {
    > 4 |   test.beforeEach(async ({ page }) => {
        |        ^
      5 |     // Set test mode header
      6 |     await page.setExtraHTTPHeaders({
      7 |       'x-test-mode': 'true'

        at /Users/thabonyembe/Documents/freeflow-app-9/tests/e2e/dashboard.spec.ts:4:8

    Error: page.click: Test ended.
    Call log:
      - waiting for locator('[data-testid="team-tab"]')


      60 |
      61 |   test('should display team members with avatars', async ({ page }) => {
    > 62 |     await page.click('[data-testid="team-tab"]');
         |                ^
      63 |     await expect(page.locator('[data-testid="team-hub"]')).toBeVisible();
      64 |     
      65 |     // Check team members

        at /Users/thabonyembe/Documents/freeflow-app-9/tests/e2e/dashboard.spec.ts:62:16

    attachment #1: screenshot (image/png) ──────────────────────────────────────────────────────────
    test-results/dashboard-Dashboard-Tests-should-display-team-members-with-avatars-mobile-iphone-13-retry1/test-failed-1.png
    ────────────────────────────────────────────────────────────────────────────────────────────────

    attachment #2: video (video/webm) ──────────────────────────────────────────────────────────────
    test-results/dashboard-Dashboard-Tests-should-display-team-members-with-avatars-mobile-iphone-13-retry1/video.webm
    ────────────────────────────────────────────────────────────────────────────────────────────────

    attachment #3: trace (application/zip) ─────────────────────────────────────────────────────────
    test-results/dashboard-Dashboard-Tests-should-display-team-members-with-avatars-mobile-iphone-13-retry1/trace.zip
    Usage:

        npx playwright show-trace test-results/dashboard-Dashboard-Tests-should-display-team-members-with-avatars-mobile-iphone-13-retry1/trace.zip

    ────────────────────────────────────────────────────────────────────────────────────────────────

    Retry #2 ───────────────────────────────────────────────────────────────────────────────────────

    Test timeout of 30000ms exceeded while running "beforeEach" hook.

      2 |
      3 | test.describe('Dashboard Tests', () => {
    > 4 |   test.beforeEach(async ({ page }) => {
        |        ^
      5 |     // Set test mode header
      6 |     await page.setExtraHTTPHeaders({
      7 |       'x-test-mode': 'true'

        at /Users/thabonyembe/Documents/freeflow-app-9/tests/e2e/dashboard.spec.ts:4:8

    Error: browserContext.newPage: Test ended.


    attachment #1: screenshot (image/png) ──────────────────────────────────────────────────────────
    test-results/dashboard-Dashboard-Tests-should-display-team-members-with-avatars-mobile-iphone-13-retry2/test-failed-1.png
    ────────────────────────────────────────────────────────────────────────────────────────────────

    attachment #2: video (video/webm) ──────────────────────────────────────────────────────────────
    test-results/dashboard-Dashboard-Tests-should-display-team-members-with-avatars-mobile-iphone-13-retry2/video.webm
    ────────────────────────────────────────────────────────────────────────────────────────────────
]]>
</failure>
<system-out>
<![CDATA[Dashboard title not found, continuing...

[[ATTACHMENT|dashboard-Dashboard-Tests-should-display-team-members-with-avatars-mobile-iphone-13/test-failed-1.png]]

[[ATTACHMENT|dashboard-Dashboard-Tests-should-display-team-members-with-avatars-mobile-iphone-13/video.webm]]
Dashboard title not found, continuing...

[[ATTACHMENT|dashboard-Dashboard-Tests-should-display-team-members-with-avatars-mobile-iphone-13-retry1/test-failed-1.png]]

[[ATTACHMENT|dashboard-Dashboard-Tests-should-display-team-members-with-avatars-mobile-iphone-13-retry1/video.webm]]

[[ATTACHMENT|dashboard-Dashboard-Tests-should-display-team-members-with-avatars-mobile-iphone-13-retry1/trace.zip]]
Dashboard title not found, continuing...

[[ATTACHMENT|dashboard-Dashboard-Tests-should-display-team-members-with-avatars-mobile-iphone-13-retry2/test-failed-1.png]]

[[ATTACHMENT|dashboard-Dashboard-Tests-should-display-team-members-with-avatars-mobile-iphone-13-retry2/video.webm]]
]]>
</system-out>
<system-err>
<![CDATA[Internal error: fixture integrity at context
]]>
</system-err>
</testcase>
<testcase name="Dashboard Tests › should handle new project button click" classname="dashboard.spec.ts" time="90.002">
<failure message="dashboard.spec.ts:73:7 should handle new project button click" type="FAILURE">
<![CDATA[  [mobile-iphone-13] › dashboard.spec.ts:73:7 › Dashboard Tests › should handle new project button click 

    Test timeout of 30000ms exceeded while running "beforeEach" hook.

      2 |
      3 | test.describe('Dashboard Tests', () => {
    > 4 |   test.beforeEach(async ({ page }) => {
        |        ^
      5 |     // Set test mode header
      6 |     await page.setExtraHTTPHeaders({
      7 |       'x-test-mode': 'true'

        at /Users/thabonyembe/Documents/freeflow-app-9/tests/e2e/dashboard.spec.ts:4:8

    Error: browserContext.newPage: Test ended.


    attachment #1: screenshot (image/png) ──────────────────────────────────────────────────────────
    test-results/dashboard-Dashboard-Tests-should-handle-new-project-button-click-mobile-iphone-13/test-failed-1.png
    ────────────────────────────────────────────────────────────────────────────────────────────────

    attachment #2: video (video/webm) ──────────────────────────────────────────────────────────────
    test-results/dashboard-Dashboard-Tests-should-handle-new-project-button-click-mobile-iphone-13/video.webm
    ────────────────────────────────────────────────────────────────────────────────────────────────

    Retry #1 ───────────────────────────────────────────────────────────────────────────────────────

    Test timeout of 30000ms exceeded while running "beforeEach" hook.

      2 |
      3 | test.describe('Dashboard Tests', () => {
    > 4 |   test.beforeEach(async ({ page }) => {
        |        ^
      5 |     // Set test mode header
      6 |     await page.setExtraHTTPHeaders({
      7 |       'x-test-mode': 'true'

        at /Users/thabonyembe/Documents/freeflow-app-9/tests/e2e/dashboard.spec.ts:4:8

    Error: browserContext.newPage: Test ended.


    attachment #1: screenshot (image/png) ──────────────────────────────────────────────────────────
    test-results/dashboard-Dashboard-Tests-should-handle-new-project-button-click-mobile-iphone-13-retry1/test-failed-1.png
    ────────────────────────────────────────────────────────────────────────────────────────────────

    attachment #2: video (video/webm) ──────────────────────────────────────────────────────────────
    test-results/dashboard-Dashboard-Tests-should-handle-new-project-button-click-mobile-iphone-13-retry1/video.webm
    ────────────────────────────────────────────────────────────────────────────────────────────────

    attachment #3: trace (application/zip) ─────────────────────────────────────────────────────────
    test-results/dashboard-Dashboard-Tests-should-handle-new-project-button-click-mobile-iphone-13-retry1/trace.zip
    Usage:

        npx playwright show-trace test-results/dashboard-Dashboard-Tests-should-handle-new-project-button-click-mobile-iphone-13-retry1/trace.zip

    ────────────────────────────────────────────────────────────────────────────────────────────────

    Retry #2 ───────────────────────────────────────────────────────────────────────────────────────

    Test timeout of 30000ms exceeded while running "beforeEach" hook.

      2 |
      3 | test.describe('Dashboard Tests', () => {
    > 4 |   test.beforeEach(async ({ page }) => {
        |        ^
      5 |     // Set test mode header
      6 |     await page.setExtraHTTPHeaders({
      7 |       'x-test-mode': 'true'

        at /Users/thabonyembe/Documents/freeflow-app-9/tests/e2e/dashboard.spec.ts:4:8

    Error: browserContext.newPage: Test ended.


    attachment #1: screenshot (image/png) ──────────────────────────────────────────────────────────
    test-results/dashboard-Dashboard-Tests-should-handle-new-project-button-click-mobile-iphone-13-retry2/test-failed-1.png
    ────────────────────────────────────────────────────────────────────────────────────────────────

    attachment #2: video (video/webm) ──────────────────────────────────────────────────────────────
    test-results/dashboard-Dashboard-Tests-should-handle-new-project-button-click-mobile-iphone-13-retry2/video.webm
    ────────────────────────────────────────────────────────────────────────────────────────────────
]]>
</failure>
<system-out>
<![CDATA[Dashboard title not found, continuing...

[[ATTACHMENT|dashboard-Dashboard-Tests-should-handle-new-project-button-click-mobile-iphone-13/test-failed-1.png]]

[[ATTACHMENT|dashboard-Dashboard-Tests-should-handle-new-project-button-click-mobile-iphone-13/video.webm]]
Dashboard title not found, continuing...

[[ATTACHMENT|dashboard-Dashboard-Tests-should-handle-new-project-button-click-mobile-iphone-13-retry1/test-failed-1.png]]

[[ATTACHMENT|dashboard-Dashboard-Tests-should-handle-new-project-button-click-mobile-iphone-13-retry1/video.webm]]

[[ATTACHMENT|dashboard-Dashboard-Tests-should-handle-new-project-button-click-mobile-iphone-13-retry1/trace.zip]]
Dashboard title not found, continuing...

[[ATTACHMENT|dashboard-Dashboard-Tests-should-handle-new-project-button-click-mobile-iphone-13-retry2/test-failed-1.png]]

[[ATTACHMENT|dashboard-Dashboard-Tests-should-handle-new-project-button-click-mobile-iphone-13-retry2/video.webm]]
]]>
</system-out>
<system-err>
<![CDATA[Internal error: fixture integrity at context
Internal error: fixture integrity at context
]]>
</system-err>
</testcase>
<testcase name="Dashboard Tests › should be responsive on mobile" classname="dashboard.spec.ts" time="90.001">
<failure message="dashboard.spec.ts:82:7 should be responsive on mobile" type="FAILURE">
<![CDATA[  [mobile-iphone-13] › dashboard.spec.ts:82:7 › Dashboard Tests › should be responsive on mobile ───

    Test timeout of 30000ms exceeded while running "beforeEach" hook.

      2 |
      3 | test.describe('Dashboard Tests', () => {
    > 4 |   test.beforeEach(async ({ page }) => {
        |        ^
      5 |     // Set test mode header
      6 |     await page.setExtraHTTPHeaders({
      7 |       'x-test-mode': 'true'

        at /Users/thabonyembe/Documents/freeflow-app-9/tests/e2e/dashboard.spec.ts:4:8

    Error: browserContext.newPage: Test ended.


    attachment #1: screenshot (image/png) ──────────────────────────────────────────────────────────
    test-results/dashboard-Dashboard-Tests-should-be-responsive-on-mobile-mobile-iphone-13/test-failed-1.png
    ────────────────────────────────────────────────────────────────────────────────────────────────

    attachment #2: video (video/webm) ──────────────────────────────────────────────────────────────
    test-results/dashboard-Dashboard-Tests-should-be-responsive-on-mobile-mobile-iphone-13/video.webm
    ────────────────────────────────────────────────────────────────────────────────────────────────

    Retry #1 ───────────────────────────────────────────────────────────────────────────────────────

    Test timeout of 30000ms exceeded while running "beforeEach" hook.

      2 |
      3 | test.describe('Dashboard Tests', () => {
    > 4 |   test.beforeEach(async ({ page }) => {
        |        ^
      5 |     // Set test mode header
      6 |     await page.setExtraHTTPHeaders({
      7 |       'x-test-mode': 'true'

        at /Users/thabonyembe/Documents/freeflow-app-9/tests/e2e/dashboard.spec.ts:4:8

    Error: expect(locator).toBeVisible()

    Locator: locator('[data-testid="dashboard-container"]')
    Expected: visible
    Received: hidden
    Call log:
      - expect.toBeVisible with timeout 5000ms
      - waiting for locator('[data-testid="dashboard-container"]')


      83 |     await page.setViewportSize({ width: 375, height: 667 });
      84 |     
    > 85 |     await expect(page.locator('[data-testid="dashboard-container"]')).toBeVisible();
         |                                                                       ^
      86 |     await expect(page.locator('[data-testid="dashboard-title"]')).toBeVisible();
      87 |     
      88 |     // Stats should stack on mobile

        at /Users/thabonyembe/Documents/freeflow-app-9/tests/e2e/dashboard.spec.ts:85:71

    attachment #1: screenshot (image/png) ──────────────────────────────────────────────────────────
    test-results/dashboard-Dashboard-Tests-should-be-responsive-on-mobile-mobile-iphone-13-retry1/test-failed-1.png
    ────────────────────────────────────────────────────────────────────────────────────────────────

    attachment #2: video (video/webm) ──────────────────────────────────────────────────────────────
    test-results/dashboard-Dashboard-Tests-should-be-responsive-on-mobile-mobile-iphone-13-retry1/video.webm
    ────────────────────────────────────────────────────────────────────────────────────────────────

    attachment #3: trace (application/zip) ─────────────────────────────────────────────────────────
    test-results/dashboard-Dashboard-Tests-should-be-responsive-on-mobile-mobile-iphone-13-retry1/trace.zip
    Usage:

        npx playwright show-trace test-results/dashboard-Dashboard-Tests-should-be-responsive-on-mobile-mobile-iphone-13-retry1/trace.zip

    ────────────────────────────────────────────────────────────────────────────────────────────────

    Retry #2 ───────────────────────────────────────────────────────────────────────────────────────

    Test timeout of 30000ms exceeded while running "beforeEach" hook.

      2 |
      3 | test.describe('Dashboard Tests', () => {
    > 4 |   test.beforeEach(async ({ page }) => {
        |        ^
      5 |     // Set test mode header
      6 |     await page.setExtraHTTPHeaders({
      7 |       'x-test-mode': 'true'

        at /Users/thabonyembe/Documents/freeflow-app-9/tests/e2e/dashboard.spec.ts:4:8

    Error: browserContext.newPage: Test ended.


    attachment #1: screenshot (image/png) ──────────────────────────────────────────────────────────
    test-results/dashboard-Dashboard-Tests-should-be-responsive-on-mobile-mobile-iphone-13-retry2/test-failed-1.png
    ────────────────────────────────────────────────────────────────────────────────────────────────

    attachment #2: video (video/webm) ──────────────────────────────────────────────────────────────
    test-results/dashboard-Dashboard-Tests-should-be-responsive-on-mobile-mobile-iphone-13-retry2/video.webm
    ────────────────────────────────────────────────────────────────────────────────────────────────
]]>
</failure>
<system-out>
<![CDATA[Dashboard title not found, continuing...

[[ATTACHMENT|dashboard-Dashboard-Tests-should-be-responsive-on-mobile-mobile-iphone-13/test-failed-1.png]]

[[ATTACHMENT|dashboard-Dashboard-Tests-should-be-responsive-on-mobile-mobile-iphone-13/video.webm]]
Dashboard title not found, continuing...

[[ATTACHMENT|dashboard-Dashboard-Tests-should-be-responsive-on-mobile-mobile-iphone-13-retry1/test-failed-1.png]]

[[ATTACHMENT|dashboard-Dashboard-Tests-should-be-responsive-on-mobile-mobile-iphone-13-retry1/video.webm]]

[[ATTACHMENT|dashboard-Dashboard-Tests-should-be-responsive-on-mobile-mobile-iphone-13-retry1/trace.zip]]
Dashboard title not found, continuing...

[[ATTACHMENT|dashboard-Dashboard-Tests-should-be-responsive-on-mobile-mobile-iphone-13-retry2/test-failed-1.png]]

[[ATTACHMENT|dashboard-Dashboard-Tests-should-be-responsive-on-mobile-mobile-iphone-13-retry2/video.webm]]
]]>
</system-out>
<system-err>
<![CDATA[Internal error: fixture integrity at context
]]>
</system-err>
</testcase>
<testcase name="Dashboard Tests › should load team member avatars without 404 errors" classname="dashboard.spec.ts" time="90.001">
<failure message="dashboard.spec.ts:93:7 should load team member avatars without 404 errors" type="FAILURE">
<![CDATA[  [mobile-iphone-13] › dashboard.spec.ts:93:7 › Dashboard Tests › should load team member avatars without 404 errors 

    Test timeout of 30000ms exceeded while running "beforeEach" hook.

      2 |
      3 | test.describe('Dashboard Tests', () => {
    > 4 |   test.beforeEach(async ({ page }) => {
        |        ^
      5 |     // Set test mode header
      6 |     await page.setExtraHTTPHeaders({
      7 |       'x-test-mode': 'true'

        at /Users/thabonyembe/Documents/freeflow-app-9/tests/e2e/dashboard.spec.ts:4:8

    Error: browserContext.newPage: Test ended.


    attachment #1: screenshot (image/png) ──────────────────────────────────────────────────────────
    test-results/dashboard-Dashboard-Tests-should-load-team-member-avatars-without-404-errors-mobile-iphone-13/test-failed-1.png
    ────────────────────────────────────────────────────────────────────────────────────────────────

    attachment #2: video (video/webm) ──────────────────────────────────────────────────────────────
    test-results/dashboard-Dashboard-Tests-should-load-team-member-avatars-without-404-errors-mobile-iphone-13/video.webm
    ────────────────────────────────────────────────────────────────────────────────────────────────

    Retry #1 ───────────────────────────────────────────────────────────────────────────────────────

    Test timeout of 30000ms exceeded while running "beforeEach" hook.

      2 |
      3 | test.describe('Dashboard Tests', () => {
    > 4 |   test.beforeEach(async ({ page }) => {
        |        ^
      5 |     // Set test mode header
      6 |     await page.setExtraHTTPHeaders({
      7 |       'x-test-mode': 'true'

        at /Users/thabonyembe/Documents/freeflow-app-9/tests/e2e/dashboard.spec.ts:4:8

    Error: page.click: Test ended.
    Call log:
      - waiting for locator('[data-testid="team-tab"]')


      100 |     });
      101 |     
    > 102 |     await page.click('[data-testid="team-tab"]');
          |                ^
      103 |     await page.waitForTimeout(2000); // Wait for images to load
      104 |     
      105 |     expect(failedRequests).toHaveLength(0);

        at /Users/thabonyembe/Documents/freeflow-app-9/tests/e2e/dashboard.spec.ts:102:16

    attachment #1: screenshot (image/png) ──────────────────────────────────────────────────────────
    test-results/dashboard-Dashboard-Tests-should-load-team-member-avatars-without-404-errors-mobile-iphone-13-retry1/test-failed-1.png
    ────────────────────────────────────────────────────────────────────────────────────────────────

    attachment #2: video (video/webm) ──────────────────────────────────────────────────────────────
    test-results/dashboard-Dashboard-Tests-should-load-team-member-avatars-without-404-errors-mobile-iphone-13-retry1/video.webm
    ────────────────────────────────────────────────────────────────────────────────────────────────

    attachment #3: trace (application/zip) ─────────────────────────────────────────────────────────
    test-results/dashboard-Dashboard-Tests-should-load-team-member-avatars-without-404-errors-mobile-iphone-13-retry1/trace.zip
    Usage:

        npx playwright show-trace test-results/dashboard-Dashboard-Tests-should-load-team-member-avatars-without-404-errors-mobile-iphone-13-retry1/trace.zip

    ────────────────────────────────────────────────────────────────────────────────────────────────

    Retry #2 ───────────────────────────────────────────────────────────────────────────────────────

    Test timeout of 30000ms exceeded while running "beforeEach" hook.

      2 |
      3 | test.describe('Dashboard Tests', () => {
    > 4 |   test.beforeEach(async ({ page }) => {
        |        ^
      5 |     // Set test mode header
      6 |     await page.setExtraHTTPHeaders({
      7 |       'x-test-mode': 'true'

        at /Users/thabonyembe/Documents/freeflow-app-9/tests/e2e/dashboard.spec.ts:4:8

    Error: browserContext.newPage: Test ended.


    attachment #1: screenshot (image/png) ──────────────────────────────────────────────────────────
    test-results/dashboard-Dashboard-Tests-should-load-team-member-avatars-without-404-errors-mobile-iphone-13-retry2/test-failed-1.png
    ────────────────────────────────────────────────────────────────────────────────────────────────

    attachment #2: video (video/webm) ──────────────────────────────────────────────────────────────
    test-results/dashboard-Dashboard-Tests-should-load-team-member-avatars-without-404-errors-mobile-iphone-13-retry2/video.webm
    ────────────────────────────────────────────────────────────────────────────────────────────────
]]>
</failure>
<system-out>
<![CDATA[Dashboard title not found, continuing...

[[ATTACHMENT|dashboard-Dashboard-Tests-should-load-team-member-avatars-without-404-errors-mobile-iphone-13/test-failed-1.png]]

[[ATTACHMENT|dashboard-Dashboard-Tests-should-load-team-member-avatars-without-404-errors-mobile-iphone-13/video.webm]]
Dashboard title not found, continuing...

[[ATTACHMENT|dashboard-Dashboard-Tests-should-load-team-member-avatars-without-404-errors-mobile-iphone-13-retry1/test-failed-1.png]]

[[ATTACHMENT|dashboard-Dashboard-Tests-should-load-team-member-avatars-without-404-errors-mobile-iphone-13-retry1/video.webm]]

[[ATTACHMENT|dashboard-Dashboard-Tests-should-load-team-member-avatars-without-404-errors-mobile-iphone-13-retry1/trace.zip]]
Dashboard title not found, continuing...

[[ATTACHMENT|dashboard-Dashboard-Tests-should-load-team-member-avatars-without-404-errors-mobile-iphone-13-retry2/test-failed-1.png]]

[[ATTACHMENT|dashboard-Dashboard-Tests-should-load-team-member-avatars-without-404-errors-mobile-iphone-13-retry2/video.webm]]
]]>
</system-out>
<system-err>
<![CDATA[Internal error: fixture integrity at context
]]>
</system-err>
</testcase>
<testcase name="Dashboard Tests › should have proper accessibility labels" classname="dashboard.spec.ts" time="90.001">
<failure message="dashboard.spec.ts:108:7 should have proper accessibility labels" type="FAILURE">
<![CDATA[  [mobile-iphone-13] › dashboard.spec.ts:108:7 › Dashboard Tests › should have proper accessibility labels 

    Test timeout of 30000ms exceeded while running "beforeEach" hook.

      2 |
      3 | test.describe('Dashboard Tests', () => {
    > 4 |   test.beforeEach(async ({ page }) => {
        |        ^
      5 |     // Set test mode header
      6 |     await page.setExtraHTTPHeaders({
      7 |       'x-test-mode': 'true'

        at /Users/thabonyembe/Documents/freeflow-app-9/tests/e2e/dashboard.spec.ts:4:8

    Error: browserContext.newPage: Test ended.


    attachment #1: screenshot (image/png) ──────────────────────────────────────────────────────────
    test-results/dashboard-Dashboard-Tests-should-have-proper-accessibility-labels-mobile-iphone-13/test-failed-1.png
    ────────────────────────────────────────────────────────────────────────────────────────────────

    attachment #2: video (video/webm) ──────────────────────────────────────────────────────────────
    test-results/dashboard-Dashboard-Tests-should-have-proper-accessibility-labels-mobile-iphone-13/video.webm
    ────────────────────────────────────────────────────────────────────────────────────────────────

    Retry #1 ───────────────────────────────────────────────────────────────────────────────────────

    Test timeout of 30000ms exceeded while running "beforeEach" hook.

      2 |
      3 | test.describe('Dashboard Tests', () => {
    > 4 |   test.beforeEach(async ({ page }) => {
        |        ^
      5 |     // Set test mode header
      6 |     await page.setExtraHTTPHeaders({
      7 |       'x-test-mode': 'true'

        at /Users/thabonyembe/Documents/freeflow-app-9/tests/e2e/dashboard.spec.ts:4:8

    Error: expect(locator).toBeVisible()

    Locator: locator('h1[data-testid="dashboard-title"]')
    Expected: visible
    Received: hidden
    Call log:
      - expect.toBeVisible with timeout 5000ms
      - waiting for locator('h1[data-testid="dashboard-title"]')


      108 |   test('should have proper accessibility labels', async ({ page }) => {
      109 |     // Check for proper ARIA labels and semantic HTML
    > 110 |     await expect(page.locator('h1[data-testid="dashboard-title"]')).toBeVisible();
          |                                                                     ^
      111 |     
      112 |     // Navigation should be accessible
      113 |     const tabs = page.locator('[role="tablist"]');

        at /Users/thabonyembe/Documents/freeflow-app-9/tests/e2e/dashboard.spec.ts:110:69

    attachment #1: screenshot (image/png) ──────────────────────────────────────────────────────────
    test-results/dashboard-Dashboard-Tests-should-have-proper-accessibility-labels-mobile-iphone-13-retry1/test-failed-1.png
    ────────────────────────────────────────────────────────────────────────────────────────────────

    attachment #2: video (video/webm) ──────────────────────────────────────────────────────────────
    test-results/dashboard-Dashboard-Tests-should-have-proper-accessibility-labels-mobile-iphone-13-retry1/video.webm
    ────────────────────────────────────────────────────────────────────────────────────────────────

    attachment #3: trace (application/zip) ─────────────────────────────────────────────────────────
    test-results/dashboard-Dashboard-Tests-should-have-proper-accessibility-labels-mobile-iphone-13-retry1/trace.zip
    Usage:

        npx playwright show-trace test-results/dashboard-Dashboard-Tests-should-have-proper-accessibility-labels-mobile-iphone-13-retry1/trace.zip

    ────────────────────────────────────────────────────────────────────────────────────────────────

    Retry #2 ───────────────────────────────────────────────────────────────────────────────────────

    Test timeout of 30000ms exceeded while running "beforeEach" hook.

      2 |
      3 | test.describe('Dashboard Tests', () => {
    > 4 |   test.beforeEach(async ({ page }) => {
        |        ^
      5 |     // Set test mode header
      6 |     await page.setExtraHTTPHeaders({
      7 |       'x-test-mode': 'true'

        at /Users/thabonyembe/Documents/freeflow-app-9/tests/e2e/dashboard.spec.ts:4:8

    Error: browserContext.newPage: Test ended.


    attachment #1: screenshot (image/png) ──────────────────────────────────────────────────────────
    test-results/dashboard-Dashboard-Tests-should-have-proper-accessibility-labels-mobile-iphone-13-retry2/test-failed-1.png
    ────────────────────────────────────────────────────────────────────────────────────────────────

    attachment #2: video (video/webm) ──────────────────────────────────────────────────────────────
    test-results/dashboard-Dashboard-Tests-should-have-proper-accessibility-labels-mobile-iphone-13-retry2/video.webm
    ────────────────────────────────────────────────────────────────────────────────────────────────
]]>
</failure>
<system-out>
<![CDATA[Dashboard title not found, continuing...

[[ATTACHMENT|dashboard-Dashboard-Tests-should-have-proper-accessibility-labels-mobile-iphone-13/test-failed-1.png]]

[[ATTACHMENT|dashboard-Dashboard-Tests-should-have-proper-accessibility-labels-mobile-iphone-13/video.webm]]
Dashboard title not found, continuing...

[[ATTACHMENT|dashboard-Dashboard-Tests-should-have-proper-accessibility-labels-mobile-iphone-13-retry1/test-failed-1.png]]

[[ATTACHMENT|dashboard-Dashboard-Tests-should-have-proper-accessibility-labels-mobile-iphone-13-retry1/video.webm]]

[[ATTACHMENT|dashboard-Dashboard-Tests-should-have-proper-accessibility-labels-mobile-iphone-13-retry1/trace.zip]]
Dashboard title not found, continuing...

[[ATTACHMENT|dashboard-Dashboard-Tests-should-have-proper-accessibility-labels-mobile-iphone-13-retry2/test-failed-1.png]]

[[ATTACHMENT|dashboard-Dashboard-Tests-should-have-proper-accessibility-labels-mobile-iphone-13-retry2/video.webm]]
]]>
</system-out>
<system-err>
<![CDATA[Internal error: fixture integrity at context
]]>
</system-err>
</testcase>
</testsuite>
<testsuite name="dashboard.spec.ts" timestamp="2025-06-16T14:04:51.086Z" hostname="mobile-samsung-galaxy" tests="9" failures="9" skipped="0" time="97.664" errors="0">
<testcase name="Dashboard Tests › should load dashboard page successfully" classname="dashboard.spec.ts" time="90">
<failure message="dashboard.spec.ts:18:7 should load dashboard page successfully" type="FAILURE">
<![CDATA[  [mobile-samsung-galaxy] › dashboard.spec.ts:18:7 › Dashboard Tests › should load dashboard page successfully 

    Test timeout of 30000ms exceeded while running "beforeEach" hook.

      2 |
      3 | test.describe('Dashboard Tests', () => {
    > 4 |   test.beforeEach(async ({ page }) => {
        |        ^
      5 |     // Set test mode header
      6 |     await page.setExtraHTTPHeaders({
      7 |       'x-test-mode': 'true'

        at /Users/thabonyembe/Documents/freeflow-app-9/tests/e2e/dashboard.spec.ts:4:8

    Error: browserContext.newPage: Test ended.


    attachment #1: screenshot (image/png) ──────────────────────────────────────────────────────────
    test-results/dashboard-Dashboard-Tests-should-load-dashboard-page-successfully-mobile-samsung-galaxy/test-failed-1.png
    ────────────────────────────────────────────────────────────────────────────────────────────────

    attachment #2: video (video/webm) ──────────────────────────────────────────────────────────────
    test-results/dashboard-Dashboard-Tests-should-load-dashboard-page-successfully-mobile-samsung-galaxy/video.webm
    ────────────────────────────────────────────────────────────────────────────────────────────────

    Retry #1 ───────────────────────────────────────────────────────────────────────────────────────

    Test timeout of 30000ms exceeded while running "beforeEach" hook.

      2 |
      3 | test.describe('Dashboard Tests', () => {
    > 4 |   test.beforeEach(async ({ page }) => {
        |        ^
      5 |     // Set test mode header
      6 |     await page.setExtraHTTPHeaders({
      7 |       'x-test-mode': 'true'

        at /Users/thabonyembe/Documents/freeflow-app-9/tests/e2e/dashboard.spec.ts:4:8

    Error: expect(locator).toBeVisible()

    Locator: locator('[data-testid="dashboard-container"]')
    Expected: visible
    Received: hidden
    Call log:
      - expect.toBeVisible with timeout 5000ms
      - waiting for locator('[data-testid="dashboard-container"]')


      17 |
      18 |   test('should load dashboard page successfully', async ({ page }) => {
    > 19 |     await expect(page.locator('[data-testid="dashboard-container"]')).toBeVisible();
         |                                                                       ^
      20 |     await expect(page.locator('[data-testid="dashboard-title"]')).toHaveText('Dashboard');
      21 |   });
      22 |

        at /Users/thabonyembe/Documents/freeflow-app-9/tests/e2e/dashboard.spec.ts:19:71

    attachment #1: screenshot (image/png) ──────────────────────────────────────────────────────────
    test-results/dashboard-Dashboard-Tests-should-load-dashboard-page-successfully-mobile-samsung-galaxy-retry1/test-failed-1.png
    ────────────────────────────────────────────────────────────────────────────────────────────────

    attachment #2: video (video/webm) ──────────────────────────────────────────────────────────────
    test-results/dashboard-Dashboard-Tests-should-load-dashboard-page-successfully-mobile-samsung-galaxy-retry1/video.webm
    ────────────────────────────────────────────────────────────────────────────────────────────────

    attachment #3: screenshot (image/png) ──────────────────────────────────────────────────────────
    test-results/dashboard-Dashboard-Tests-should-load-dashboard-page-successfully-mobile-samsung-galaxy-retry1/test-failed-2.png
    ────────────────────────────────────────────────────────────────────────────────────────────────

    attachment #4: trace (application/zip) ─────────────────────────────────────────────────────────
    test-results/dashboard-Dashboard-Tests-should-load-dashboard-page-successfully-mobile-samsung-galaxy-retry1/trace.zip
    Usage:

        npx playwright show-trace test-results/dashboard-Dashboard-Tests-should-load-dashboard-page-successfully-mobile-samsung-galaxy-retry1/trace.zip

    ────────────────────────────────────────────────────────────────────────────────────────────────

    Retry #2 ───────────────────────────────────────────────────────────────────────────────────────

    Test timeout of 30000ms exceeded while running "beforeEach" hook.

      2 |
      3 | test.describe('Dashboard Tests', () => {
    > 4 |   test.beforeEach(async ({ page }) => {
        |        ^
      5 |     // Set test mode header
      6 |     await page.setExtraHTTPHeaders({
      7 |       'x-test-mode': 'true'

        at /Users/thabonyembe/Documents/freeflow-app-9/tests/e2e/dashboard.spec.ts:4:8

    Error: expect(locator).toBeVisible()

    Locator: locator('[data-testid="dashboard-container"]')
    Expected: visible
    Received: hidden
    Call log:
      - expect.toBeVisible with timeout 5000ms
      - waiting for locator('[data-testid="dashboard-container"]')


      17 |
      18 |   test('should load dashboard page successfully', async ({ page }) => {
    > 19 |     await expect(page.locator('[data-testid="dashboard-container"]')).toBeVisible();
         |                                                                       ^
      20 |     await expect(page.locator('[data-testid="dashboard-title"]')).toHaveText('Dashboard');
      21 |   });
      22 |

        at /Users/thabonyembe/Documents/freeflow-app-9/tests/e2e/dashboard.spec.ts:19:71

    attachment #1: screenshot (image/png) ──────────────────────────────────────────────────────────
    test-results/dashboard-Dashboard-Tests-should-load-dashboard-page-successfully-mobile-samsung-galaxy-retry2/test-failed-1.png
    ────────────────────────────────────────────────────────────────────────────────────────────────

    attachment #2: video (video/webm) ──────────────────────────────────────────────────────────────
    test-results/dashboard-Dashboard-Tests-should-load-dashboard-page-successfully-mobile-samsung-galaxy-retry2/video.webm
    ────────────────────────────────────────────────────────────────────────────────────────────────

    attachment #3: screenshot (image/png) ──────────────────────────────────────────────────────────
    test-results/dashboard-Dashboard-Tests-should-load-dashboard-page-successfully-mobile-samsung-galaxy-retry2/test-failed-2.png
    ────────────────────────────────────────────────────────────────────────────────────────────────
]]>
</failure>
<system-out>
<![CDATA[Dashboard title not found, continuing...

[[ATTACHMENT|dashboard-Dashboard-Tests-should-load-dashboard-page-successfully-mobile-samsung-galaxy/test-failed-1.png]]

[[ATTACHMENT|dashboard-Dashboard-Tests-should-load-dashboard-page-successfully-mobile-samsung-galaxy/video.webm]]
Dashboard title not found, continuing...

[[ATTACHMENT|dashboard-Dashboard-Tests-should-load-dashboard-page-successfully-mobile-samsung-galaxy-retry1/test-failed-1.png]]

[[ATTACHMENT|dashboard-Dashboard-Tests-should-load-dashboard-page-successfully-mobile-samsung-galaxy-retry1/video.webm]]

[[ATTACHMENT|dashboard-Dashboard-Tests-should-load-dashboard-page-successfully-mobile-samsung-galaxy-retry1/test-failed-2.png]]

[[ATTACHMENT|dashboard-Dashboard-Tests-should-load-dashboard-page-successfully-mobile-samsung-galaxy-retry1/trace.zip]]
Dashboard title not found, continuing...

[[ATTACHMENT|dashboard-Dashboard-Tests-should-load-dashboard-page-successfully-mobile-samsung-galaxy-retry2/test-failed-1.png]]

[[ATTACHMENT|dashboard-Dashboard-Tests-should-load-dashboard-page-successfully-mobile-samsung-galaxy-retry2/video.webm]]

[[ATTACHMENT|dashboard-Dashboard-Tests-should-load-dashboard-page-successfully-mobile-samsung-galaxy-retry2/test-failed-2.png]]
]]>
</system-out>
</testcase>
<testcase name="Dashboard Tests › should display dashboard stats" classname="dashboard.spec.ts" time="0.878">
<failure message="dashboard.spec.ts:23:7 should display dashboard stats" type="FAILURE">
<![CDATA[  [mobile-samsung-galaxy] › dashboard.spec.ts:23:7 › Dashboard Tests › should display dashboard stats 

    Error: page.goto: net::ERR_CONNECTION_REFUSED at http://localhost:3001/dashboard
    Call log:
      - navigating to "http://localhost:3001/dashboard", waiting until "load"


       8 |     });
       9 |     
    > 10 |     await page.goto('/dashboard');
         |                ^
      11 |     await page.waitForLoadState('domcontentloaded');
      12 |     // Wait for critical elements to be visible
      13 |     await page.waitForSelector('[data-testid="dashboard-title"]', { timeout: 30000 }).catch(() => {

        at /Users/thabonyembe/Documents/freeflow-app-9/tests/e2e/dashboard.spec.ts:10:16

    attachment #1: screenshot (image/png) ──────────────────────────────────────────────────────────
    test-results/dashboard-Dashboard-Tests-should-display-dashboard-stats-mobile-samsung-galaxy/test-failed-1.png
    ────────────────────────────────────────────────────────────────────────────────────────────────

    attachment #2: video (video/webm) ──────────────────────────────────────────────────────────────
    test-results/dashboard-Dashboard-Tests-should-display-dashboard-stats-mobile-samsung-galaxy/video.webm
    ────────────────────────────────────────────────────────────────────────────────────────────────

    Retry #1 ───────────────────────────────────────────────────────────────────────────────────────

    Error: page.goto: net::ERR_CONNECTION_REFUSED at http://localhost:3001/dashboard
    Call log:
      - navigating to "http://localhost:3001/dashboard", waiting until "load"


       8 |     });
       9 |     
    > 10 |     await page.goto('/dashboard');
         |                ^
      11 |     await page.waitForLoadState('domcontentloaded');
      12 |     // Wait for critical elements to be visible
      13 |     await page.waitForSelector('[data-testid="dashboard-title"]', { timeout: 30000 }).catch(() => {

        at /Users/thabonyembe/Documents/freeflow-app-9/tests/e2e/dashboard.spec.ts:10:16

    attachment #1: screenshot (image/png) ──────────────────────────────────────────────────────────
    test-results/dashboard-Dashboard-Tests-should-display-dashboard-stats-mobile-samsung-galaxy-retry1/test-failed-1.png
    ────────────────────────────────────────────────────────────────────────────────────────────────

    attachment #2: video (video/webm) ──────────────────────────────────────────────────────────────
    test-results/dashboard-Dashboard-Tests-should-display-dashboard-stats-mobile-samsung-galaxy-retry1/video.webm
    ────────────────────────────────────────────────────────────────────────────────────────────────

    attachment #3: trace (application/zip) ─────────────────────────────────────────────────────────
    test-results/dashboard-Dashboard-Tests-should-display-dashboard-stats-mobile-samsung-galaxy-retry1/trace.zip
    Usage:

        npx playwright show-trace test-results/dashboard-Dashboard-Tests-should-display-dashboard-stats-mobile-samsung-galaxy-retry1/trace.zip

    ────────────────────────────────────────────────────────────────────────────────────────────────

    Retry #2 ───────────────────────────────────────────────────────────────────────────────────────

    Error: page.goto: net::ERR_CONNECTION_REFUSED at http://localhost:3001/dashboard
    Call log:
      - navigating to "http://localhost:3001/dashboard", waiting until "load"


       8 |     });
       9 |     
    > 10 |     await page.goto('/dashboard');
         |                ^
      11 |     await page.waitForLoadState('domcontentloaded');
      12 |     // Wait for critical elements to be visible
      13 |     await page.waitForSelector('[data-testid="dashboard-title"]', { timeout: 30000 }).catch(() => {

        at /Users/thabonyembe/Documents/freeflow-app-9/tests/e2e/dashboard.spec.ts:10:16

    attachment #1: screenshot (image/png) ──────────────────────────────────────────────────────────
    test-results/dashboard-Dashboard-Tests-should-display-dashboard-stats-mobile-samsung-galaxy-retry2/test-failed-1.png
    ────────────────────────────────────────────────────────────────────────────────────────────────

    attachment #2: video (video/webm) ──────────────────────────────────────────────────────────────
    test-results/dashboard-Dashboard-Tests-should-display-dashboard-stats-mobile-samsung-galaxy-retry2/video.webm
    ────────────────────────────────────────────────────────────────────────────────────────────────
]]>
</failure>
<system-out>
<![CDATA[
[[ATTACHMENT|dashboard-Dashboard-Tests-should-display-dashboard-stats-mobile-samsung-galaxy/test-failed-1.png]]

[[ATTACHMENT|dashboard-Dashboard-Tests-should-display-dashboard-stats-mobile-samsung-galaxy/video.webm]]

[[ATTACHMENT|dashboard-Dashboard-Tests-should-display-dashboard-stats-mobile-samsung-galaxy-retry1/test-failed-1.png]]

[[ATTACHMENT|dashboard-Dashboard-Tests-should-display-dashboard-stats-mobile-samsung-galaxy-retry1/video.webm]]

[[ATTACHMENT|dashboard-Dashboard-Tests-should-display-dashboard-stats-mobile-samsung-galaxy-retry1/trace.zip]]

[[ATTACHMENT|dashboard-Dashboard-Tests-should-display-dashboard-stats-mobile-samsung-galaxy-retry2/test-failed-1.png]]

[[ATTACHMENT|dashboard-Dashboard-Tests-should-display-dashboard-stats-mobile-samsung-galaxy-retry2/video.webm]]
]]>
</system-out>
</testcase>
<testcase name="Dashboard Tests › should have working navigation tabs" classname="dashboard.spec.ts" time="0.876">
<failure message="dashboard.spec.ts:30:7 should have working navigation tabs" type="FAILURE">
<![CDATA[  [mobile-samsung-galaxy] › dashboard.spec.ts:30:7 › Dashboard Tests › should have working navigation tabs 

    Error: page.goto: net::ERR_CONNECTION_REFUSED at http://localhost:3001/dashboard
    Call log:
      - navigating to "http://localhost:3001/dashboard", waiting until "load"


       8 |     });
       9 |     
    > 10 |     await page.goto('/dashboard');
         |                ^
      11 |     await page.waitForLoadState('domcontentloaded');
      12 |     // Wait for critical elements to be visible
      13 |     await page.waitForSelector('[data-testid="dashboard-title"]', { timeout: 30000 }).catch(() => {

        at /Users/thabonyembe/Documents/freeflow-app-9/tests/e2e/dashboard.spec.ts:10:16

    attachment #1: screenshot (image/png) ──────────────────────────────────────────────────────────
    test-results/dashboard-Dashboard-Tests-should-have-working-navigation-tabs-mobile-samsung-galaxy/test-failed-1.png
    ────────────────────────────────────────────────────────────────────────────────────────────────

    attachment #2: video (video/webm) ──────────────────────────────────────────────────────────────
    test-results/dashboard-Dashboard-Tests-should-have-working-navigation-tabs-mobile-samsung-galaxy/video.webm
    ────────────────────────────────────────────────────────────────────────────────────────────────

    Retry #1 ───────────────────────────────────────────────────────────────────────────────────────

    Error: page.goto: net::ERR_CONNECTION_REFUSED at http://localhost:3001/dashboard
    Call log:
      - navigating to "http://localhost:3001/dashboard", waiting until "load"


       8 |     });
       9 |     
    > 10 |     await page.goto('/dashboard');
         |                ^
      11 |     await page.waitForLoadState('domcontentloaded');
      12 |     // Wait for critical elements to be visible
      13 |     await page.waitForSelector('[data-testid="dashboard-title"]', { timeout: 30000 }).catch(() => {

        at /Users/thabonyembe/Documents/freeflow-app-9/tests/e2e/dashboard.spec.ts:10:16

    attachment #1: screenshot (image/png) ──────────────────────────────────────────────────────────
    test-results/dashboard-Dashboard-Tests-should-have-working-navigation-tabs-mobile-samsung-galaxy-retry1/test-failed-1.png
    ────────────────────────────────────────────────────────────────────────────────────────────────

    attachment #2: video (video/webm) ──────────────────────────────────────────────────────────────
    test-results/dashboard-Dashboard-Tests-should-have-working-navigation-tabs-mobile-samsung-galaxy-retry1/video.webm
    ────────────────────────────────────────────────────────────────────────────────────────────────

    attachment #3: trace (application/zip) ─────────────────────────────────────────────────────────
    test-results/dashboard-Dashboard-Tests-should-have-working-navigation-tabs-mobile-samsung-galaxy-retry1/trace.zip
    Usage:

        npx playwright show-trace test-results/dashboard-Dashboard-Tests-should-have-working-navigation-tabs-mobile-samsung-galaxy-retry1/trace.zip

    ────────────────────────────────────────────────────────────────────────────────────────────────

    Retry #2 ───────────────────────────────────────────────────────────────────────────────────────

    Error: page.goto: net::ERR_CONNECTION_REFUSED at http://localhost:3001/dashboard
    Call log:
      - navigating to "http://localhost:3001/dashboard", waiting until "load"


       8 |     });
       9 |     
    > 10 |     await page.goto('/dashboard');
         |                ^
      11 |     await page.waitForLoadState('domcontentloaded');
      12 |     // Wait for critical elements to be visible
      13 |     await page.waitForSelector('[data-testid="dashboard-title"]', { timeout: 30000 }).catch(() => {

        at /Users/thabonyembe/Documents/freeflow-app-9/tests/e2e/dashboard.spec.ts:10:16

    attachment #1: screenshot (image/png) ──────────────────────────────────────────────────────────
    test-results/dashboard-Dashboard-Tests-should-have-working-navigation-tabs-mobile-samsung-galaxy-retry2/test-failed-1.png
    ────────────────────────────────────────────────────────────────────────────────────────────────

    attachment #2: video (video/webm) ──────────────────────────────────────────────────────────────
    test-results/dashboard-Dashboard-Tests-should-have-working-navigation-tabs-mobile-samsung-galaxy-retry2/video.webm
    ────────────────────────────────────────────────────────────────────────────────────────────────
]]>
</failure>
<system-out>
<![CDATA[
[[ATTACHMENT|dashboard-Dashboard-Tests-should-have-working-navigation-tabs-mobile-samsung-galaxy/test-failed-1.png]]

[[ATTACHMENT|dashboard-Dashboard-Tests-should-have-working-navigation-tabs-mobile-samsung-galaxy/video.webm]]

[[ATTACHMENT|dashboard-Dashboard-Tests-should-have-working-navigation-tabs-mobile-samsung-galaxy-retry1/test-failed-1.png]]

[[ATTACHMENT|dashboard-Dashboard-Tests-should-have-working-navigation-tabs-mobile-samsung-galaxy-retry1/video.webm]]

[[ATTACHMENT|dashboard-Dashboard-Tests-should-have-working-navigation-tabs-mobile-samsung-galaxy-retry1/trace.zip]]

[[ATTACHMENT|dashboard-Dashboard-Tests-should-have-working-navigation-tabs-mobile-samsung-galaxy-retry2/test-failed-1.png]]

[[ATTACHMENT|dashboard-Dashboard-Tests-should-have-working-navigation-tabs-mobile-samsung-galaxy-retry2/video.webm]]
]]>
</system-out>
</testcase>
<testcase name="Dashboard Tests › should display projects in Projects Hub" classname="dashboard.spec.ts" time="0.884">
<failure message="dashboard.spec.ts:51:7 should display projects in Projects Hub" type="FAILURE">
<![CDATA[  [mobile-samsung-galaxy] › dashboard.spec.ts:51:7 › Dashboard Tests › should display projects in Projects Hub 

    Error: page.goto: net::ERR_CONNECTION_REFUSED at http://localhost:3001/dashboard
    Call log:
      - navigating to "http://localhost:3001/dashboard", waiting until "load"


       8 |     });
       9 |     
    > 10 |     await page.goto('/dashboard');
         |                ^
      11 |     await page.waitForLoadState('domcontentloaded');
      12 |     // Wait for critical elements to be visible
      13 |     await page.waitForSelector('[data-testid="dashboard-title"]', { timeout: 30000 }).catch(() => {

        at /Users/thabonyembe/Documents/freeflow-app-9/tests/e2e/dashboard.spec.ts:10:16

    attachment #1: screenshot (image/png) ──────────────────────────────────────────────────────────
    test-results/dashboard-Dashboard-Tests-should-display-projects-in-Projects-Hub-mobile-samsung-galaxy/test-failed-1.png
    ────────────────────────────────────────────────────────────────────────────────────────────────

    Retry #1 ───────────────────────────────────────────────────────────────────────────────────────

    Error: page.goto: net::ERR_CONNECTION_REFUSED at http://localhost:3001/dashboard
    Call log:
      - navigating to "http://localhost:3001/dashboard", waiting until "load"


       8 |     });
       9 |     
    > 10 |     await page.goto('/dashboard');
         |                ^
      11 |     await page.waitForLoadState('domcontentloaded');
      12 |     // Wait for critical elements to be visible
      13 |     await page.waitForSelector('[data-testid="dashboard-title"]', { timeout: 30000 }).catch(() => {

        at /Users/thabonyembe/Documents/freeflow-app-9/tests/e2e/dashboard.spec.ts:10:16

    attachment #1: screenshot (image/png) ──────────────────────────────────────────────────────────
    test-results/dashboard-Dashboard-Tests-should-display-projects-in-Projects-Hub-mobile-samsung-galaxy-retry1/test-failed-1.png
    ────────────────────────────────────────────────────────────────────────────────────────────────

    attachment #2: video (video/webm) ──────────────────────────────────────────────────────────────
    test-results/dashboard-Dashboard-Tests-should-display-projects-in-Projects-Hub-mobile-samsung-galaxy-retry1/video.webm
    ────────────────────────────────────────────────────────────────────────────────────────────────

    attachment #3: trace (application/zip) ─────────────────────────────────────────────────────────
    test-results/dashboard-Dashboard-Tests-should-display-projects-in-Projects-Hub-mobile-samsung-galaxy-retry1/trace.zip
    Usage:

        npx playwright show-trace test-results/dashboard-Dashboard-Tests-should-display-projects-in-Projects-Hub-mobile-samsung-galaxy-retry1/trace.zip

    ────────────────────────────────────────────────────────────────────────────────────────────────

    Retry #2 ───────────────────────────────────────────────────────────────────────────────────────

    Error: page.goto: net::ERR_CONNECTION_REFUSED at http://localhost:3001/dashboard
    Call log:
      - navigating to "http://localhost:3001/dashboard", waiting until "load"


       8 |     });
       9 |     
    > 10 |     await page.goto('/dashboard');
         |                ^
      11 |     await page.waitForLoadState('domcontentloaded');
      12 |     // Wait for critical elements to be visible
      13 |     await page.waitForSelector('[data-testid="dashboard-title"]', { timeout: 30000 }).catch(() => {

        at /Users/thabonyembe/Documents/freeflow-app-9/tests/e2e/dashboard.spec.ts:10:16

    attachment #1: screenshot (image/png) ──────────────────────────────────────────────────────────
    test-results/dashboard-Dashboard-Tests-should-display-projects-in-Projects-Hub-mobile-samsung-galaxy-retry2/test-failed-1.png
    ────────────────────────────────────────────────────────────────────────────────────────────────

    attachment #2: video (video/webm) ──────────────────────────────────────────────────────────────
    test-results/dashboard-Dashboard-Tests-should-display-projects-in-Projects-Hub-mobile-samsung-galaxy-retry2/video.webm
    ────────────────────────────────────────────────────────────────────────────────────────────────
]]>
</failure>
<system-out>
<![CDATA[
[[ATTACHMENT|dashboard-Dashboard-Tests-should-display-projects-in-Projects-Hub-mobile-samsung-galaxy/test-failed-1.png]]

[[ATTACHMENT|dashboard-Dashboard-Tests-should-display-projects-in-Projects-Hub-mobile-samsung-galaxy-retry1/test-failed-1.png]]

[[ATTACHMENT|dashboard-Dashboard-Tests-should-display-projects-in-Projects-Hub-mobile-samsung-galaxy-retry1/video.webm]]

[[ATTACHMENT|dashboard-Dashboard-Tests-should-display-projects-in-Projects-Hub-mobile-samsung-galaxy-retry1/trace.zip]]

[[ATTACHMENT|dashboard-Dashboard-Tests-should-display-projects-in-Projects-Hub-mobile-samsung-galaxy-retry2/test-failed-1.png]]

[[ATTACHMENT|dashboard-Dashboard-Tests-should-display-projects-in-Projects-Hub-mobile-samsung-galaxy-retry2/video.webm]]
]]>
</system-out>
</testcase>
<testcase name="Dashboard Tests › should display team members with avatars" classname="dashboard.spec.ts" time="1.025">
<failure message="dashboard.spec.ts:61:7 should display team members with avatars" type="FAILURE">
<![CDATA[  [mobile-samsung-galaxy] › dashboard.spec.ts:61:7 › Dashboard Tests › should display team members with avatars 

    Error: page.goto: net::ERR_CONNECTION_REFUSED at http://localhost:3001/dashboard
    Call log:
      - navigating to "http://localhost:3001/dashboard", waiting until "load"


       8 |     });
       9 |     
    > 10 |     await page.goto('/dashboard');
         |                ^
      11 |     await page.waitForLoadState('domcontentloaded');
      12 |     // Wait for critical elements to be visible
      13 |     await page.waitForSelector('[data-testid="dashboard-title"]', { timeout: 30000 }).catch(() => {

        at /Users/thabonyembe/Documents/freeflow-app-9/tests/e2e/dashboard.spec.ts:10:16

    attachment #1: screenshot (image/png) ──────────────────────────────────────────────────────────
    test-results/dashboard-Dashboard-Tests-should-display-team-members-with-avatars-mobile-samsung-galaxy/test-failed-1.png
    ────────────────────────────────────────────────────────────────────────────────────────────────

    Retry #1 ───────────────────────────────────────────────────────────────────────────────────────

    Error: page.goto: net::ERR_CONNECTION_REFUSED at http://localhost:3001/dashboard
    Call log:
      - navigating to "http://localhost:3001/dashboard", waiting until "load"


       8 |     });
       9 |     
    > 10 |     await page.goto('/dashboard');
         |                ^
      11 |     await page.waitForLoadState('domcontentloaded');
      12 |     // Wait for critical elements to be visible
      13 |     await page.waitForSelector('[data-testid="dashboard-title"]', { timeout: 30000 }).catch(() => {

        at /Users/thabonyembe/Documents/freeflow-app-9/tests/e2e/dashboard.spec.ts:10:16

    attachment #1: screenshot (image/png) ──────────────────────────────────────────────────────────
    test-results/dashboard-Dashboard-Tests-should-display-team-members-with-avatars-mobile-samsung-galaxy-retry1/test-failed-1.png
    ────────────────────────────────────────────────────────────────────────────────────────────────

    attachment #2: video (video/webm) ──────────────────────────────────────────────────────────────
    test-results/dashboard-Dashboard-Tests-should-display-team-members-with-avatars-mobile-samsung-galaxy-retry1/video.webm
    ────────────────────────────────────────────────────────────────────────────────────────────────

    attachment #3: trace (application/zip) ─────────────────────────────────────────────────────────
    test-results/dashboard-Dashboard-Tests-should-display-team-members-with-avatars-mobile-samsung-galaxy-retry1/trace.zip
    Usage:

        npx playwright show-trace test-results/dashboard-Dashboard-Tests-should-display-team-members-with-avatars-mobile-samsung-galaxy-retry1/trace.zip

    ────────────────────────────────────────────────────────────────────────────────────────────────

    Retry #2 ───────────────────────────────────────────────────────────────────────────────────────

    Error: page.goto: net::ERR_CONNECTION_REFUSED at http://localhost:3001/dashboard
    Call log:
      - navigating to "http://localhost:3001/dashboard", waiting until "load"


       8 |     });
       9 |     
    > 10 |     await page.goto('/dashboard');
         |                ^
      11 |     await page.waitForLoadState('domcontentloaded');
      12 |     // Wait for critical elements to be visible
      13 |     await page.waitForSelector('[data-testid="dashboard-title"]', { timeout: 30000 }).catch(() => {

        at /Users/thabonyembe/Documents/freeflow-app-9/tests/e2e/dashboard.spec.ts:10:16

    attachment #1: screenshot (image/png) ──────────────────────────────────────────────────────────
    test-results/dashboard-Dashboard-Tests-should-display-team-members-with-avatars-mobile-samsung-galaxy-retry2/test-failed-1.png
    ────────────────────────────────────────────────────────────────────────────────────────────────

    attachment #2: video (video/webm) ──────────────────────────────────────────────────────────────
    test-results/dashboard-Dashboard-Tests-should-display-team-members-with-avatars-mobile-samsung-galaxy-retry2/video.webm
    ────────────────────────────────────────────────────────────────────────────────────────────────
]]>
</failure>
<system-out>
<![CDATA[
[[ATTACHMENT|dashboard-Dashboard-Tests-should-display-team-members-with-avatars-mobile-samsung-galaxy/test-failed-1.png]]

[[ATTACHMENT|dashboard-Dashboard-Tests-should-display-team-members-with-avatars-mobile-samsung-galaxy-retry1/test-failed-1.png]]

[[ATTACHMENT|dashboard-Dashboard-Tests-should-display-team-members-with-avatars-mobile-samsung-galaxy-retry1/video.webm]]

[[ATTACHMENT|dashboard-Dashboard-Tests-should-display-team-members-with-avatars-mobile-samsung-galaxy-retry1/trace.zip]]

[[ATTACHMENT|dashboard-Dashboard-Tests-should-display-team-members-with-avatars-mobile-samsung-galaxy-retry2/test-failed-1.png]]

[[ATTACHMENT|dashboard-Dashboard-Tests-should-display-team-members-with-avatars-mobile-samsung-galaxy-retry2/video.webm]]
]]>
</system-out>
</testcase>
<testcase name="Dashboard Tests › should handle new project button click" classname="dashboard.spec.ts" time="1.066">
<failure message="dashboard.spec.ts:73:7 should handle new project button click" type="FAILURE">
<![CDATA[  [mobile-samsung-galaxy] › dashboard.spec.ts:73:7 › Dashboard Tests › should handle new project button click 

    Error: page.goto: net::ERR_CONNECTION_REFUSED at http://localhost:3001/dashboard
    Call log:
      - navigating to "http://localhost:3001/dashboard", waiting until "load"


       8 |     });
       9 |     
    > 10 |     await page.goto('/dashboard');
         |                ^
      11 |     await page.waitForLoadState('domcontentloaded');
      12 |     // Wait for critical elements to be visible
      13 |     await page.waitForSelector('[data-testid="dashboard-title"]', { timeout: 30000 }).catch(() => {

        at /Users/thabonyembe/Documents/freeflow-app-9/tests/e2e/dashboard.spec.ts:10:16

    attachment #1: screenshot (image/png) ──────────────────────────────────────────────────────────
    test-results/dashboard-Dashboard-Tests-should-handle-new-project-button-click-mobile-samsung-galaxy/test-failed-1.png
    ────────────────────────────────────────────────────────────────────────────────────────────────

    attachment #2: video (video/webm) ──────────────────────────────────────────────────────────────
    test-results/dashboard-Dashboard-Tests-should-handle-new-project-button-click-mobile-samsung-galaxy/video.webm
    ────────────────────────────────────────────────────────────────────────────────────────────────

    Retry #1 ───────────────────────────────────────────────────────────────────────────────────────

    Error: page.goto: net::ERR_CONNECTION_REFUSED at http://localhost:3001/dashboard
    Call log:
      - navigating to "http://localhost:3001/dashboard", waiting until "load"


       8 |     });
       9 |     
    > 10 |     await page.goto('/dashboard');
         |                ^
      11 |     await page.waitForLoadState('domcontentloaded');
      12 |     // Wait for critical elements to be visible
      13 |     await page.waitForSelector('[data-testid="dashboard-title"]', { timeout: 30000 }).catch(() => {

        at /Users/thabonyembe/Documents/freeflow-app-9/tests/e2e/dashboard.spec.ts:10:16

    attachment #1: screenshot (image/png) ──────────────────────────────────────────────────────────
    test-results/dashboard-Dashboard-Tests-should-handle-new-project-button-click-mobile-samsung-galaxy-retry1/test-failed-1.png
    ────────────────────────────────────────────────────────────────────────────────────────────────

    attachment #2: video (video/webm) ──────────────────────────────────────────────────────────────
    test-results/dashboard-Dashboard-Tests-should-handle-new-project-button-click-mobile-samsung-galaxy-retry1/video.webm
    ────────────────────────────────────────────────────────────────────────────────────────────────

    attachment #3: trace (application/zip) ─────────────────────────────────────────────────────────
    test-results/dashboard-Dashboard-Tests-should-handle-new-project-button-click-mobile-samsung-galaxy-retry1/trace.zip
    Usage:

        npx playwright show-trace test-results/dashboard-Dashboard-Tests-should-handle-new-project-button-click-mobile-samsung-galaxy-retry1/trace.zip

    ────────────────────────────────────────────────────────────────────────────────────────────────

    Retry #2 ───────────────────────────────────────────────────────────────────────────────────────

    Error: page.goto: net::ERR_CONNECTION_REFUSED at http://localhost:3001/dashboard
    Call log:
      - navigating to "http://localhost:3001/dashboard", waiting until "load"


       8 |     });
       9 |     
    > 10 |     await page.goto('/dashboard');
         |                ^
      11 |     await page.waitForLoadState('domcontentloaded');
      12 |     // Wait for critical elements to be visible
      13 |     await page.waitForSelector('[data-testid="dashboard-title"]', { timeout: 30000 }).catch(() => {

        at /Users/thabonyembe/Documents/freeflow-app-9/tests/e2e/dashboard.spec.ts:10:16

    attachment #1: screenshot (image/png) ──────────────────────────────────────────────────────────
    test-results/dashboard-Dashboard-Tests-should-handle-new-project-button-click-mobile-samsung-galaxy-retry2/test-failed-1.png
    ────────────────────────────────────────────────────────────────────────────────────────────────

    attachment #2: video (video/webm) ──────────────────────────────────────────────────────────────
    test-results/dashboard-Dashboard-Tests-should-handle-new-project-button-click-mobile-samsung-galaxy-retry2/video.webm
    ────────────────────────────────────────────────────────────────────────────────────────────────
]]>
</failure>
<system-out>
<![CDATA[
[[ATTACHMENT|dashboard-Dashboard-Tests-should-handle-new-project-button-click-mobile-samsung-galaxy/test-failed-1.png]]

[[ATTACHMENT|dashboard-Dashboard-Tests-should-handle-new-project-button-click-mobile-samsung-galaxy/video.webm]]

[[ATTACHMENT|dashboard-Dashboard-Tests-should-handle-new-project-button-click-mobile-samsung-galaxy-retry1/test-failed-1.png]]

[[ATTACHMENT|dashboard-Dashboard-Tests-should-handle-new-project-button-click-mobile-samsung-galaxy-retry1/video.webm]]

[[ATTACHMENT|dashboard-Dashboard-Tests-should-handle-new-project-button-click-mobile-samsung-galaxy-retry1/trace.zip]]

[[ATTACHMENT|dashboard-Dashboard-Tests-should-handle-new-project-button-click-mobile-samsung-galaxy-retry2/test-failed-1.png]]

[[ATTACHMENT|dashboard-Dashboard-Tests-should-handle-new-project-button-click-mobile-samsung-galaxy-retry2/video.webm]]
]]>
</system-out>
</testcase>
<testcase name="Dashboard Tests › should be responsive on mobile" classname="dashboard.spec.ts" time="0.974">
<failure message="dashboard.spec.ts:82:7 should be responsive on mobile" type="FAILURE">
<![CDATA[  [mobile-samsung-galaxy] › dashboard.spec.ts:82:7 › Dashboard Tests › should be responsive on mobile 

    Error: page.goto: net::ERR_CONNECTION_REFUSED at http://localhost:3001/dashboard
    Call log:
      - navigating to "http://localhost:3001/dashboard", waiting until "load"


       8 |     });
       9 |     
    > 10 |     await page.goto('/dashboard');
         |                ^
      11 |     await page.waitForLoadState('domcontentloaded');
      12 |     // Wait for critical elements to be visible
      13 |     await page.waitForSelector('[data-testid="dashboard-title"]', { timeout: 30000 }).catch(() => {

        at /Users/thabonyembe/Documents/freeflow-app-9/tests/e2e/dashboard.spec.ts:10:16

    attachment #1: screenshot (image/png) ──────────────────────────────────────────────────────────
    test-results/dashboard-Dashboard-Tests-should-be-responsive-on-mobile-mobile-samsung-galaxy/test-failed-1.png
    ────────────────────────────────────────────────────────────────────────────────────────────────

    attachment #2: video (video/webm) ──────────────────────────────────────────────────────────────
    test-results/dashboard-Dashboard-Tests-should-be-responsive-on-mobile-mobile-samsung-galaxy/video.webm
    ────────────────────────────────────────────────────────────────────────────────────────────────

    Retry #1 ───────────────────────────────────────────────────────────────────────────────────────

    Error: page.goto: net::ERR_CONNECTION_REFUSED at http://localhost:3001/dashboard
    Call log:
      - navigating to "http://localhost:3001/dashboard", waiting until "load"


       8 |     });
       9 |     
    > 10 |     await page.goto('/dashboard');
         |                ^
      11 |     await page.waitForLoadState('domcontentloaded');
      12 |     // Wait for critical elements to be visible
      13 |     await page.waitForSelector('[data-testid="dashboard-title"]', { timeout: 30000 }).catch(() => {

        at /Users/thabonyembe/Documents/freeflow-app-9/tests/e2e/dashboard.spec.ts:10:16

    attachment #1: screenshot (image/png) ──────────────────────────────────────────────────────────
    test-results/dashboard-Dashboard-Tests-should-be-responsive-on-mobile-mobile-samsung-galaxy-retry1/test-failed-1.png
    ────────────────────────────────────────────────────────────────────────────────────────────────

    attachment #2: video (video/webm) ──────────────────────────────────────────────────────────────
    test-results/dashboard-Dashboard-Tests-should-be-responsive-on-mobile-mobile-samsung-galaxy-retry1/video.webm
    ────────────────────────────────────────────────────────────────────────────────────────────────

    attachment #3: trace (application/zip) ─────────────────────────────────────────────────────────
    test-results/dashboard-Dashboard-Tests-should-be-responsive-on-mobile-mobile-samsung-galaxy-retry1/trace.zip
    Usage:

        npx playwright show-trace test-results/dashboard-Dashboard-Tests-should-be-responsive-on-mobile-mobile-samsung-galaxy-retry1/trace.zip

    ────────────────────────────────────────────────────────────────────────────────────────────────

    Retry #2 ───────────────────────────────────────────────────────────────────────────────────────

    Error: page.goto: net::ERR_CONNECTION_REFUSED at http://localhost:3001/dashboard
    Call log:
      - navigating to "http://localhost:3001/dashboard", waiting until "load"


       8 |     });
       9 |     
    > 10 |     await page.goto('/dashboard');
         |                ^
      11 |     await page.waitForLoadState('domcontentloaded');
      12 |     // Wait for critical elements to be visible
      13 |     await page.waitForSelector('[data-testid="dashboard-title"]', { timeout: 30000 }).catch(() => {

        at /Users/thabonyembe/Documents/freeflow-app-9/tests/e2e/dashboard.spec.ts:10:16

    attachment #1: screenshot (image/png) ──────────────────────────────────────────────────────────
    test-results/dashboard-Dashboard-Tests-should-be-responsive-on-mobile-mobile-samsung-galaxy-retry2/test-failed-1.png
    ────────────────────────────────────────────────────────────────────────────────────────────────

    attachment #2: video (video/webm) ──────────────────────────────────────────────────────────────
    test-results/dashboard-Dashboard-Tests-should-be-responsive-on-mobile-mobile-samsung-galaxy-retry2/video.webm
    ────────────────────────────────────────────────────────────────────────────────────────────────
]]>
</failure>
<system-out>
<![CDATA[
[[ATTACHMENT|dashboard-Dashboard-Tests-should-be-responsive-on-mobile-mobile-samsung-galaxy/test-failed-1.png]]

[[ATTACHMENT|dashboard-Dashboard-Tests-should-be-responsive-on-mobile-mobile-samsung-galaxy/video.webm]]

[[ATTACHMENT|dashboard-Dashboard-Tests-should-be-responsive-on-mobile-mobile-samsung-galaxy-retry1/test-failed-1.png]]

[[ATTACHMENT|dashboard-Dashboard-Tests-should-be-responsive-on-mobile-mobile-samsung-galaxy-retry1/video.webm]]

[[ATTACHMENT|dashboard-Dashboard-Tests-should-be-responsive-on-mobile-mobile-samsung-galaxy-retry1/trace.zip]]

[[ATTACHMENT|dashboard-Dashboard-Tests-should-be-responsive-on-mobile-mobile-samsung-galaxy-retry2/test-failed-1.png]]

[[ATTACHMENT|dashboard-Dashboard-Tests-should-be-responsive-on-mobile-mobile-samsung-galaxy-retry2/video.webm]]
]]>
</system-out>
</testcase>
<testcase name="Dashboard Tests › should load team member avatars without 404 errors" classname="dashboard.spec.ts" time="1.008">
<failure message="dashboard.spec.ts:93:7 should load team member avatars without 404 errors" type="FAILURE">
<![CDATA[  [mobile-samsung-galaxy] › dashboard.spec.ts:93:7 › Dashboard Tests › should load team member avatars without 404 errors 

    Error: page.goto: net::ERR_CONNECTION_REFUSED at http://localhost:3001/dashboard
    Call log:
      - navigating to "http://localhost:3001/dashboard", waiting until "load"


       8 |     });
       9 |     
    > 10 |     await page.goto('/dashboard');
         |                ^
      11 |     await page.waitForLoadState('domcontentloaded');
      12 |     // Wait for critical elements to be visible
      13 |     await page.waitForSelector('[data-testid="dashboard-title"]', { timeout: 30000 }).catch(() => {

        at /Users/thabonyembe/Documents/freeflow-app-9/tests/e2e/dashboard.spec.ts:10:16

    attachment #1: screenshot (image/png) ──────────────────────────────────────────────────────────
    test-results/dashboard-Dashboard-Tests-should-load-team-member-avatars-without-404-errors-mobile-samsung-galaxy/test-failed-1.png
    ────────────────────────────────────────────────────────────────────────────────────────────────

    attachment #2: video (video/webm) ──────────────────────────────────────────────────────────────
    test-results/dashboard-Dashboard-Tests-should-load-team-member-avatars-without-404-errors-mobile-samsung-galaxy/video.webm
    ────────────────────────────────────────────────────────────────────────────────────────────────

    Retry #1 ───────────────────────────────────────────────────────────────────────────────────────

    Error: page.goto: net::ERR_CONNECTION_REFUSED at http://localhost:3001/dashboard
    Call log:
      - navigating to "http://localhost:3001/dashboard", waiting until "load"


       8 |     });
       9 |     
    > 10 |     await page.goto('/dashboard');
         |                ^
      11 |     await page.waitForLoadState('domcontentloaded');
      12 |     // Wait for critical elements to be visible
      13 |     await page.waitForSelector('[data-testid="dashboard-title"]', { timeout: 30000 }).catch(() => {

        at /Users/thabonyembe/Documents/freeflow-app-9/tests/e2e/dashboard.spec.ts:10:16

    attachment #1: screenshot (image/png) ──────────────────────────────────────────────────────────
    test-results/dashboard-Dashboard-Tests-should-load-team-member-avatars-without-404-errors-mobile-samsung-galaxy-retry1/test-failed-1.png
    ────────────────────────────────────────────────────────────────────────────────────────────────

    attachment #2: video (video/webm) ──────────────────────────────────────────────────────────────
    test-results/dashboard-Dashboard-Tests-should-load-team-member-avatars-without-404-errors-mobile-samsung-galaxy-retry1/video.webm
    ────────────────────────────────────────────────────────────────────────────────────────────────

    attachment #3: trace (application/zip) ─────────────────────────────────────────────────────────
    test-results/dashboard-Dashboard-Tests-should-load-team-member-avatars-without-404-errors-mobile-samsung-galaxy-retry1/trace.zip
    Usage:

        npx playwright show-trace test-results/dashboard-Dashboard-Tests-should-load-team-member-avatars-without-404-errors-mobile-samsung-galaxy-retry1/trace.zip

    ────────────────────────────────────────────────────────────────────────────────────────────────

    Retry #2 ───────────────────────────────────────────────────────────────────────────────────────

    Error: page.goto: net::ERR_CONNECTION_REFUSED at http://localhost:3001/dashboard
    Call log:
      - navigating to "http://localhost:3001/dashboard", waiting until "load"


       8 |     });
       9 |     
    > 10 |     await page.goto('/dashboard');
         |                ^
      11 |     await page.waitForLoadState('domcontentloaded');
      12 |     // Wait for critical elements to be visible
      13 |     await page.waitForSelector('[data-testid="dashboard-title"]', { timeout: 30000 }).catch(() => {

        at /Users/thabonyembe/Documents/freeflow-app-9/tests/e2e/dashboard.spec.ts:10:16

    attachment #1: screenshot (image/png) ──────────────────────────────────────────────────────────
    test-results/dashboard-Dashboard-Tests-should-load-team-member-avatars-without-404-errors-mobile-samsung-galaxy-retry2/test-failed-1.png
    ────────────────────────────────────────────────────────────────────────────────────────────────

    attachment #2: video (video/webm) ──────────────────────────────────────────────────────────────
    test-results/dashboard-Dashboard-Tests-should-load-team-member-avatars-without-404-errors-mobile-samsung-galaxy-retry2/video.webm
    ────────────────────────────────────────────────────────────────────────────────────────────────
]]>
</failure>
<system-out>
<![CDATA[
[[ATTACHMENT|dashboard-Dashboard-Tests-should-load-team-member-avatars-without-404-errors-mobile-samsung-galaxy/test-failed-1.png]]

[[ATTACHMENT|dashboard-Dashboard-Tests-should-load-team-member-avatars-without-404-errors-mobile-samsung-galaxy/video.webm]]

[[ATTACHMENT|dashboard-Dashboard-Tests-should-load-team-member-avatars-without-404-errors-mobile-samsung-galaxy-retry1/test-failed-1.png]]

[[ATTACHMENT|dashboard-Dashboard-Tests-should-load-team-member-avatars-without-404-errors-mobile-samsung-galaxy-retry1/video.webm]]

[[ATTACHMENT|dashboard-Dashboard-Tests-should-load-team-member-avatars-without-404-errors-mobile-samsung-galaxy-retry1/trace.zip]]

[[ATTACHMENT|dashboard-Dashboard-Tests-should-load-team-member-avatars-without-404-errors-mobile-samsung-galaxy-retry2/test-failed-1.png]]

[[ATTACHMENT|dashboard-Dashboard-Tests-should-load-team-member-avatars-without-404-errors-mobile-samsung-galaxy-retry2/video.webm]]
]]>
</system-out>
</testcase>
<testcase name="Dashboard Tests › should have proper accessibility labels" classname="dashboard.spec.ts" time="0.953">
<failure message="dashboard.spec.ts:108:7 should have proper accessibility labels" type="FAILURE">
<![CDATA[  [mobile-samsung-galaxy] › dashboard.spec.ts:108:7 › Dashboard Tests › should have proper accessibility labels 

    Error: page.goto: net::ERR_CONNECTION_REFUSED at http://localhost:3001/dashboard
    Call log:
      - navigating to "http://localhost:3001/dashboard", waiting until "load"


       8 |     });
       9 |     
    > 10 |     await page.goto('/dashboard');
         |                ^
      11 |     await page.waitForLoadState('domcontentloaded');
      12 |     // Wait for critical elements to be visible
      13 |     await page.waitForSelector('[data-testid="dashboard-title"]', { timeout: 30000 }).catch(() => {

        at /Users/thabonyembe/Documents/freeflow-app-9/tests/e2e/dashboard.spec.ts:10:16

    attachment #1: screenshot (image/png) ──────────────────────────────────────────────────────────
    test-results/dashboard-Dashboard-Tests-should-have-proper-accessibility-labels-mobile-samsung-galaxy/test-failed-1.png
    ────────────────────────────────────────────────────────────────────────────────────────────────

    attachment #2: video (video/webm) ──────────────────────────────────────────────────────────────
    test-results/dashboard-Dashboard-Tests-should-have-proper-accessibility-labels-mobile-samsung-galaxy/video.webm
    ────────────────────────────────────────────────────────────────────────────────────────────────

    Retry #1 ───────────────────────────────────────────────────────────────────────────────────────

    Error: page.goto: net::ERR_CONNECTION_REFUSED at http://localhost:3001/dashboard
    Call log:
      - navigating to "http://localhost:3001/dashboard", waiting until "load"


       8 |     });
       9 |     
    > 10 |     await page.goto('/dashboard');
         |                ^
      11 |     await page.waitForLoadState('domcontentloaded');
      12 |     // Wait for critical elements to be visible
      13 |     await page.waitForSelector('[data-testid="dashboard-title"]', { timeout: 30000 }).catch(() => {

        at /Users/thabonyembe/Documents/freeflow-app-9/tests/e2e/dashboard.spec.ts:10:16

    attachment #1: screenshot (image/png) ──────────────────────────────────────────────────────────
    test-results/dashboard-Dashboard-Tests-should-have-proper-accessibility-labels-mobile-samsung-galaxy-retry1/test-failed-1.png
    ────────────────────────────────────────────────────────────────────────────────────────────────

    attachment #2: video (video/webm) ──────────────────────────────────────────────────────────────
    test-results/dashboard-Dashboard-Tests-should-have-proper-accessibility-labels-mobile-samsung-galaxy-retry1/video.webm
    ────────────────────────────────────────────────────────────────────────────────────────────────

    attachment #3: trace (application/zip) ─────────────────────────────────────────────────────────
    test-results/dashboard-Dashboard-Tests-should-have-proper-accessibility-labels-mobile-samsung-galaxy-retry1/trace.zip
    Usage:

        npx playwright show-trace test-results/dashboard-Dashboard-Tests-should-have-proper-accessibility-labels-mobile-samsung-galaxy-retry1/trace.zip

    ────────────────────────────────────────────────────────────────────────────────────────────────

    Retry #2 ───────────────────────────────────────────────────────────────────────────────────────

    Error: page.goto: net::ERR_CONNECTION_REFUSED at http://localhost:3001/dashboard
    Call log:
      - navigating to "http://localhost:3001/dashboard", waiting until "load"


       8 |     });
       9 |     
    > 10 |     await page.goto('/dashboard');
         |                ^
      11 |     await page.waitForLoadState('domcontentloaded');
      12 |     // Wait for critical elements to be visible
      13 |     await page.waitForSelector('[data-testid="dashboard-title"]', { timeout: 30000 }).catch(() => {

        at /Users/thabonyembe/Documents/freeflow-app-9/tests/e2e/dashboard.spec.ts:10:16

    attachment #1: screenshot (image/png) ──────────────────────────────────────────────────────────
    test-results/dashboard-Dashboard-Tests-should-have-proper-accessibility-labels-mobile-samsung-galaxy-retry2/test-failed-1.png
    ────────────────────────────────────────────────────────────────────────────────────────────────

    attachment #2: video (video/webm) ──────────────────────────────────────────────────────────────
    test-results/dashboard-Dashboard-Tests-should-have-proper-accessibility-labels-mobile-samsung-galaxy-retry2/video.webm
    ────────────────────────────────────────────────────────────────────────────────────────────────
]]>
</failure>
<system-out>
<![CDATA[
[[ATTACHMENT|dashboard-Dashboard-Tests-should-have-proper-accessibility-labels-mobile-samsung-galaxy/test-failed-1.png]]

[[ATTACHMENT|dashboard-Dashboard-Tests-should-have-proper-accessibility-labels-mobile-samsung-galaxy/video.webm]]

[[ATTACHMENT|dashboard-Dashboard-Tests-should-have-proper-accessibility-labels-mobile-samsung-galaxy-retry1/test-failed-1.png]]

[[ATTACHMENT|dashboard-Dashboard-Tests-should-have-proper-accessibility-labels-mobile-samsung-galaxy-retry1/video.webm]]

[[ATTACHMENT|dashboard-Dashboard-Tests-should-have-proper-accessibility-labels-mobile-samsung-galaxy-retry1/trace.zip]]

[[ATTACHMENT|dashboard-Dashboard-Tests-should-have-proper-accessibility-labels-mobile-samsung-galaxy-retry2/test-failed-1.png]]

[[ATTACHMENT|dashboard-Dashboard-Tests-should-have-proper-accessibility-labels-mobile-samsung-galaxy-retry2/video.webm]]
]]>
</system-out>
</testcase>
</testsuite>
<testsuite name="dashboard.spec.ts" timestamp="2025-06-16T14:04:51.086Z" hostname="mobile-iphone-se" tests="9" failures="9" skipped="0" time="9.851" errors="0">
<testcase name="Dashboard Tests › should load dashboard page successfully" classname="dashboard.spec.ts" time="1.103">
<failure message="dashboard.spec.ts:18:7 should load dashboard page successfully" type="FAILURE">
<![CDATA[  [mobile-iphone-se] › dashboard.spec.ts:18:7 › Dashboard Tests › should load dashboard page successfully 

    Error: page.goto: Could not connect to the server.
    Call log:
      - navigating to "http://localhost:3001/dashboard", waiting until "load"


       8 |     });
       9 |     
    > 10 |     await page.goto('/dashboard');
         |                ^
      11 |     await page.waitForLoadState('domcontentloaded');
      12 |     // Wait for critical elements to be visible
      13 |     await page.waitForSelector('[data-testid="dashboard-title"]', { timeout: 30000 }).catch(() => {

        at /Users/thabonyembe/Documents/freeflow-app-9/tests/e2e/dashboard.spec.ts:10:16

    attachment #1: screenshot (image/png) ──────────────────────────────────────────────────────────
    test-results/dashboard-Dashboard-Tests-should-load-dashboard-page-successfully-mobile-iphone-se/test-failed-1.png
    ────────────────────────────────────────────────────────────────────────────────────────────────

    attachment #2: video (video/webm) ──────────────────────────────────────────────────────────────
    test-results/dashboard-Dashboard-Tests-should-load-dashboard-page-successfully-mobile-iphone-se/video.webm
    ────────────────────────────────────────────────────────────────────────────────────────────────

    Retry #1 ───────────────────────────────────────────────────────────────────────────────────────

    Error: page.goto: Could not connect to the server.
    Call log:
      - navigating to "http://localhost:3001/dashboard", waiting until "load"


       8 |     });
       9 |     
    > 10 |     await page.goto('/dashboard');
         |                ^
      11 |     await page.waitForLoadState('domcontentloaded');
      12 |     // Wait for critical elements to be visible
      13 |     await page.waitForSelector('[data-testid="dashboard-title"]', { timeout: 30000 }).catch(() => {

        at /Users/thabonyembe/Documents/freeflow-app-9/tests/e2e/dashboard.spec.ts:10:16

    attachment #1: screenshot (image/png) ──────────────────────────────────────────────────────────
    test-results/dashboard-Dashboard-Tests-should-load-dashboard-page-successfully-mobile-iphone-se-retry1/test-failed-1.png
    ────────────────────────────────────────────────────────────────────────────────────────────────

    attachment #2: video (video/webm) ──────────────────────────────────────────────────────────────
    test-results/dashboard-Dashboard-Tests-should-load-dashboard-page-successfully-mobile-iphone-se-retry1/video.webm
    ────────────────────────────────────────────────────────────────────────────────────────────────

    attachment #3: trace (application/zip) ─────────────────────────────────────────────────────────
    test-results/dashboard-Dashboard-Tests-should-load-dashboard-page-successfully-mobile-iphone-se-retry1/trace.zip
    Usage:

        npx playwright show-trace test-results/dashboard-Dashboard-Tests-should-load-dashboard-page-successfully-mobile-iphone-se-retry1/trace.zip

    ────────────────────────────────────────────────────────────────────────────────────────────────

    Retry #2 ───────────────────────────────────────────────────────────────────────────────────────

    Error: page.goto: Could not connect to the server.
    Call log:
      - navigating to "http://localhost:3001/dashboard", waiting until "load"


       8 |     });
       9 |     
    > 10 |     await page.goto('/dashboard');
         |                ^
      11 |     await page.waitForLoadState('domcontentloaded');
      12 |     // Wait for critical elements to be visible
      13 |     await page.waitForSelector('[data-testid="dashboard-title"]', { timeout: 30000 }).catch(() => {

        at /Users/thabonyembe/Documents/freeflow-app-9/tests/e2e/dashboard.spec.ts:10:16

    attachment #1: screenshot (image/png) ──────────────────────────────────────────────────────────
    test-results/dashboard-Dashboard-Tests-should-load-dashboard-page-successfully-mobile-iphone-se-retry2/test-failed-1.png
    ────────────────────────────────────────────────────────────────────────────────────────────────

    attachment #2: video (video/webm) ──────────────────────────────────────────────────────────────
    test-results/dashboard-Dashboard-Tests-should-load-dashboard-page-successfully-mobile-iphone-se-retry2/video.webm
    ────────────────────────────────────────────────────────────────────────────────────────────────
]]>
</failure>
<system-out>
<![CDATA[
[[ATTACHMENT|dashboard-Dashboard-Tests-should-load-dashboard-page-successfully-mobile-iphone-se/test-failed-1.png]]

[[ATTACHMENT|dashboard-Dashboard-Tests-should-load-dashboard-page-successfully-mobile-iphone-se/video.webm]]

[[ATTACHMENT|dashboard-Dashboard-Tests-should-load-dashboard-page-successfully-mobile-iphone-se-retry1/test-failed-1.png]]

[[ATTACHMENT|dashboard-Dashboard-Tests-should-load-dashboard-page-successfully-mobile-iphone-se-retry1/video.webm]]

[[ATTACHMENT|dashboard-Dashboard-Tests-should-load-dashboard-page-successfully-mobile-iphone-se-retry1/trace.zip]]

[[ATTACHMENT|dashboard-Dashboard-Tests-should-load-dashboard-page-successfully-mobile-iphone-se-retry2/test-failed-1.png]]

[[ATTACHMENT|dashboard-Dashboard-Tests-should-load-dashboard-page-successfully-mobile-iphone-se-retry2/video.webm]]
]]>
</system-out>
</testcase>
<testcase name="Dashboard Tests › should display dashboard stats" classname="dashboard.spec.ts" time="1.061">
<failure message="dashboard.spec.ts:23:7 should display dashboard stats" type="FAILURE">
<![CDATA[  [mobile-iphone-se] › dashboard.spec.ts:23:7 › Dashboard Tests › should display dashboard stats ───

    Error: page.goto: Could not connect to the server.
    Call log:
      - navigating to "http://localhost:3001/dashboard", waiting until "load"


       8 |     });
       9 |     
    > 10 |     await page.goto('/dashboard');
         |                ^
      11 |     await page.waitForLoadState('domcontentloaded');
      12 |     // Wait for critical elements to be visible
      13 |     await page.waitForSelector('[data-testid="dashboard-title"]', { timeout: 30000 }).catch(() => {

        at /Users/thabonyembe/Documents/freeflow-app-9/tests/e2e/dashboard.spec.ts:10:16

    attachment #1: screenshot (image/png) ──────────────────────────────────────────────────────────
    test-results/dashboard-Dashboard-Tests-should-display-dashboard-stats-mobile-iphone-se/test-failed-1.png
    ────────────────────────────────────────────────────────────────────────────────────────────────

    attachment #2: video (video/webm) ──────────────────────────────────────────────────────────────
    test-results/dashboard-Dashboard-Tests-should-display-dashboard-stats-mobile-iphone-se/video.webm
    ────────────────────────────────────────────────────────────────────────────────────────────────

    Retry #1 ───────────────────────────────────────────────────────────────────────────────────────

    Error: page.goto: Could not connect to the server.
    Call log:
      - navigating to "http://localhost:3001/dashboard", waiting until "load"


       8 |     });
       9 |     
    > 10 |     await page.goto('/dashboard');
         |                ^
      11 |     await page.waitForLoadState('domcontentloaded');
      12 |     // Wait for critical elements to be visible
      13 |     await page.waitForSelector('[data-testid="dashboard-title"]', { timeout: 30000 }).catch(() => {

        at /Users/thabonyembe/Documents/freeflow-app-9/tests/e2e/dashboard.spec.ts:10:16

    attachment #1: screenshot (image/png) ──────────────────────────────────────────────────────────
    test-results/dashboard-Dashboard-Tests-should-display-dashboard-stats-mobile-iphone-se-retry1/test-failed-1.png
    ────────────────────────────────────────────────────────────────────────────────────────────────

    attachment #2: video (video/webm) ──────────────────────────────────────────────────────────────
    test-results/dashboard-Dashboard-Tests-should-display-dashboard-stats-mobile-iphone-se-retry1/video.webm
    ────────────────────────────────────────────────────────────────────────────────────────────────

    attachment #3: trace (application/zip) ─────────────────────────────────────────────────────────
    test-results/dashboard-Dashboard-Tests-should-display-dashboard-stats-mobile-iphone-se-retry1/trace.zip
    Usage:

        npx playwright show-trace test-results/dashboard-Dashboard-Tests-should-display-dashboard-stats-mobile-iphone-se-retry1/trace.zip

    ────────────────────────────────────────────────────────────────────────────────────────────────

    Retry #2 ───────────────────────────────────────────────────────────────────────────────────────

    Error: page.goto: Could not connect to the server.
    Call log:
      - navigating to "http://localhost:3001/dashboard", waiting until "load"


       8 |     });
       9 |     
    > 10 |     await page.goto('/dashboard');
         |                ^
      11 |     await page.waitForLoadState('domcontentloaded');
      12 |     // Wait for critical elements to be visible
      13 |     await page.waitForSelector('[data-testid="dashboard-title"]', { timeout: 30000 }).catch(() => {

        at /Users/thabonyembe/Documents/freeflow-app-9/tests/e2e/dashboard.spec.ts:10:16

    attachment #1: screenshot (image/png) ──────────────────────────────────────────────────────────
    test-results/dashboard-Dashboard-Tests-should-display-dashboard-stats-mobile-iphone-se-retry2/test-failed-1.png
    ────────────────────────────────────────────────────────────────────────────────────────────────

    attachment #2: video (video/webm) ──────────────────────────────────────────────────────────────
    test-results/dashboard-Dashboard-Tests-should-display-dashboard-stats-mobile-iphone-se-retry2/video.webm
    ────────────────────────────────────────────────────────────────────────────────────────────────
]]>
</failure>
<system-out>
<![CDATA[
[[ATTACHMENT|dashboard-Dashboard-Tests-should-display-dashboard-stats-mobile-iphone-se/test-failed-1.png]]

[[ATTACHMENT|dashboard-Dashboard-Tests-should-display-dashboard-stats-mobile-iphone-se/video.webm]]

[[ATTACHMENT|dashboard-Dashboard-Tests-should-display-dashboard-stats-mobile-iphone-se-retry1/test-failed-1.png]]

[[ATTACHMENT|dashboard-Dashboard-Tests-should-display-dashboard-stats-mobile-iphone-se-retry1/video.webm]]

[[ATTACHMENT|dashboard-Dashboard-Tests-should-display-dashboard-stats-mobile-iphone-se-retry1/trace.zip]]

[[ATTACHMENT|dashboard-Dashboard-Tests-should-display-dashboard-stats-mobile-iphone-se-retry2/test-failed-1.png]]

[[ATTACHMENT|dashboard-Dashboard-Tests-should-display-dashboard-stats-mobile-iphone-se-retry2/video.webm]]
]]>
</system-out>
</testcase>
<testcase name="Dashboard Tests › should have working navigation tabs" classname="dashboard.spec.ts" time="1.05">
<failure message="dashboard.spec.ts:30:7 should have working navigation tabs" type="FAILURE">
<![CDATA[  [mobile-iphone-se] › dashboard.spec.ts:30:7 › Dashboard Tests › should have working navigation tabs 

    Error: page.goto: Could not connect to the server.
    Call log:
      - navigating to "http://localhost:3001/dashboard", waiting until "load"


       8 |     });
       9 |     
    > 10 |     await page.goto('/dashboard');
         |                ^
      11 |     await page.waitForLoadState('domcontentloaded');
      12 |     // Wait for critical elements to be visible
      13 |     await page.waitForSelector('[data-testid="dashboard-title"]', { timeout: 30000 }).catch(() => {

        at /Users/thabonyembe/Documents/freeflow-app-9/tests/e2e/dashboard.spec.ts:10:16

    attachment #1: screenshot (image/png) ──────────────────────────────────────────────────────────
    test-results/dashboard-Dashboard-Tests-should-have-working-navigation-tabs-mobile-iphone-se/test-failed-1.png
    ────────────────────────────────────────────────────────────────────────────────────────────────

    attachment #2: video (video/webm) ──────────────────────────────────────────────────────────────
    test-results/dashboard-Dashboard-Tests-should-have-working-navigation-tabs-mobile-iphone-se/video.webm
    ────────────────────────────────────────────────────────────────────────────────────────────────

    Retry #1 ───────────────────────────────────────────────────────────────────────────────────────

    Error: page.goto: Could not connect to the server.
    Call log:
      - navigating to "http://localhost:3001/dashboard", waiting until "load"


       8 |     });
       9 |     
    > 10 |     await page.goto('/dashboard');
         |                ^
      11 |     await page.waitForLoadState('domcontentloaded');
      12 |     // Wait for critical elements to be visible
      13 |     await page.waitForSelector('[data-testid="dashboard-title"]', { timeout: 30000 }).catch(() => {

        at /Users/thabonyembe/Documents/freeflow-app-9/tests/e2e/dashboard.spec.ts:10:16

    attachment #1: screenshot (image/png) ──────────────────────────────────────────────────────────
    test-results/dashboard-Dashboard-Tests-should-have-working-navigation-tabs-mobile-iphone-se-retry1/test-failed-1.png
    ────────────────────────────────────────────────────────────────────────────────────────────────

    attachment #2: video (video/webm) ──────────────────────────────────────────────────────────────
    test-results/dashboard-Dashboard-Tests-should-have-working-navigation-tabs-mobile-iphone-se-retry1/video.webm
    ────────────────────────────────────────────────────────────────────────────────────────────────

    attachment #3: trace (application/zip) ─────────────────────────────────────────────────────────
    test-results/dashboard-Dashboard-Tests-should-have-working-navigation-tabs-mobile-iphone-se-retry1/trace.zip
    Usage:

        npx playwright show-trace test-results/dashboard-Dashboard-Tests-should-have-working-navigation-tabs-mobile-iphone-se-retry1/trace.zip

    ────────────────────────────────────────────────────────────────────────────────────────────────

    Retry #2 ───────────────────────────────────────────────────────────────────────────────────────

    Error: page.goto: Could not connect to the server.
    Call log:
      - navigating to "http://localhost:3001/dashboard", waiting until "load"


       8 |     });
       9 |     
    > 10 |     await page.goto('/dashboard');
         |                ^
      11 |     await page.waitForLoadState('domcontentloaded');
      12 |     // Wait for critical elements to be visible
      13 |     await page.waitForSelector('[data-testid="dashboard-title"]', { timeout: 30000 }).catch(() => {

        at /Users/thabonyembe/Documents/freeflow-app-9/tests/e2e/dashboard.spec.ts:10:16

    attachment #1: screenshot (image/png) ──────────────────────────────────────────────────────────
    test-results/dashboard-Dashboard-Tests-should-have-working-navigation-tabs-mobile-iphone-se-retry2/test-failed-1.png
    ────────────────────────────────────────────────────────────────────────────────────────────────

    attachment #2: video (video/webm) ──────────────────────────────────────────────────────────────
    test-results/dashboard-Dashboard-Tests-should-have-working-navigation-tabs-mobile-iphone-se-retry2/video.webm
    ────────────────────────────────────────────────────────────────────────────────────────────────
]]>
</failure>
<system-out>
<![CDATA[
[[ATTACHMENT|dashboard-Dashboard-Tests-should-have-working-navigation-tabs-mobile-iphone-se/test-failed-1.png]]

[[ATTACHMENT|dashboard-Dashboard-Tests-should-have-working-navigation-tabs-mobile-iphone-se/video.webm]]

[[ATTACHMENT|dashboard-Dashboard-Tests-should-have-working-navigation-tabs-mobile-iphone-se-retry1/test-failed-1.png]]

[[ATTACHMENT|dashboard-Dashboard-Tests-should-have-working-navigation-tabs-mobile-iphone-se-retry1/video.webm]]

[[ATTACHMENT|dashboard-Dashboard-Tests-should-have-working-navigation-tabs-mobile-iphone-se-retry1/trace.zip]]

[[ATTACHMENT|dashboard-Dashboard-Tests-should-have-working-navigation-tabs-mobile-iphone-se-retry2/test-failed-1.png]]

[[ATTACHMENT|dashboard-Dashboard-Tests-should-have-working-navigation-tabs-mobile-iphone-se-retry2/video.webm]]
]]>
</system-out>
</testcase>
<testcase name="Dashboard Tests › should display projects in Projects Hub" classname="dashboard.spec.ts" time="1.074">
<failure message="dashboard.spec.ts:51:7 should display projects in Projects Hub" type="FAILURE">
<![CDATA[  [mobile-iphone-se] › dashboard.spec.ts:51:7 › Dashboard Tests › should display projects in Projects Hub 

    Error: page.goto: Could not connect to the server.
    Call log:
      - navigating to "http://localhost:3001/dashboard", waiting until "load"


       8 |     });
       9 |     
    > 10 |     await page.goto('/dashboard');
         |                ^
      11 |     await page.waitForLoadState('domcontentloaded');
      12 |     // Wait for critical elements to be visible
      13 |     await page.waitForSelector('[data-testid="dashboard-title"]', { timeout: 30000 }).catch(() => {

        at /Users/thabonyembe/Documents/freeflow-app-9/tests/e2e/dashboard.spec.ts:10:16

    attachment #1: screenshot (image/png) ──────────────────────────────────────────────────────────
    test-results/dashboard-Dashboard-Tests-should-display-projects-in-Projects-Hub-mobile-iphone-se/test-failed-1.png
    ────────────────────────────────────────────────────────────────────────────────────────────────

    attachment #2: video (video/webm) ──────────────────────────────────────────────────────────────
    test-results/dashboard-Dashboard-Tests-should-display-projects-in-Projects-Hub-mobile-iphone-se/video.webm
    ────────────────────────────────────────────────────────────────────────────────────────────────

    Retry #1 ───────────────────────────────────────────────────────────────────────────────────────

    Error: page.goto: Could not connect to the server.
    Call log:
      - navigating to "http://localhost:3001/dashboard", waiting until "load"


       8 |     });
       9 |     
    > 10 |     await page.goto('/dashboard');
         |                ^
      11 |     await page.waitForLoadState('domcontentloaded');
      12 |     // Wait for critical elements to be visible
      13 |     await page.waitForSelector('[data-testid="dashboard-title"]', { timeout: 30000 }).catch(() => {

        at /Users/thabonyembe/Documents/freeflow-app-9/tests/e2e/dashboard.spec.ts:10:16

    attachment #1: screenshot (image/png) ──────────────────────────────────────────────────────────
    test-results/dashboard-Dashboard-Tests-should-display-projects-in-Projects-Hub-mobile-iphone-se-retry1/test-failed-1.png
    ────────────────────────────────────────────────────────────────────────────────────────────────

    attachment #2: video (video/webm) ──────────────────────────────────────────────────────────────
    test-results/dashboard-Dashboard-Tests-should-display-projects-in-Projects-Hub-mobile-iphone-se-retry1/video.webm
    ────────────────────────────────────────────────────────────────────────────────────────────────

    attachment #3: trace (application/zip) ─────────────────────────────────────────────────────────
    test-results/dashboard-Dashboard-Tests-should-display-projects-in-Projects-Hub-mobile-iphone-se-retry1/trace.zip
    Usage:

        npx playwright show-trace test-results/dashboard-Dashboard-Tests-should-display-projects-in-Projects-Hub-mobile-iphone-se-retry1/trace.zip

    ────────────────────────────────────────────────────────────────────────────────────────────────

    Retry #2 ───────────────────────────────────────────────────────────────────────────────────────

    Error: page.goto: Could not connect to the server.
    Call log:
      - navigating to "http://localhost:3001/dashboard", waiting until "load"


       8 |     });
       9 |     
    > 10 |     await page.goto('/dashboard');
         |                ^
      11 |     await page.waitForLoadState('domcontentloaded');
      12 |     // Wait for critical elements to be visible
      13 |     await page.waitForSelector('[data-testid="dashboard-title"]', { timeout: 30000 }).catch(() => {

        at /Users/thabonyembe/Documents/freeflow-app-9/tests/e2e/dashboard.spec.ts:10:16

    attachment #1: screenshot (image/png) ──────────────────────────────────────────────────────────
    test-results/dashboard-Dashboard-Tests-should-display-projects-in-Projects-Hub-mobile-iphone-se-retry2/test-failed-1.png
    ────────────────────────────────────────────────────────────────────────────────────────────────

    attachment #2: video (video/webm) ──────────────────────────────────────────────────────────────
    test-results/dashboard-Dashboard-Tests-should-display-projects-in-Projects-Hub-mobile-iphone-se-retry2/video.webm
    ────────────────────────────────────────────────────────────────────────────────────────────────
]]>
</failure>
<system-out>
<![CDATA[
[[ATTACHMENT|dashboard-Dashboard-Tests-should-display-projects-in-Projects-Hub-mobile-iphone-se/test-failed-1.png]]

[[ATTACHMENT|dashboard-Dashboard-Tests-should-display-projects-in-Projects-Hub-mobile-iphone-se/video.webm]]

[[ATTACHMENT|dashboard-Dashboard-Tests-should-display-projects-in-Projects-Hub-mobile-iphone-se-retry1/test-failed-1.png]]

[[ATTACHMENT|dashboard-Dashboard-Tests-should-display-projects-in-Projects-Hub-mobile-iphone-se-retry1/video.webm]]

[[ATTACHMENT|dashboard-Dashboard-Tests-should-display-projects-in-Projects-Hub-mobile-iphone-se-retry1/trace.zip]]

[[ATTACHMENT|dashboard-Dashboard-Tests-should-display-projects-in-Projects-Hub-mobile-iphone-se-retry2/test-failed-1.png]]

[[ATTACHMENT|dashboard-Dashboard-Tests-should-display-projects-in-Projects-Hub-mobile-iphone-se-retry2/video.webm]]
]]>
</system-out>
</testcase>
<testcase name="Dashboard Tests › should display team members with avatars" classname="dashboard.spec.ts" time="1.191">
<failure message="dashboard.spec.ts:61:7 should display team members with avatars" type="FAILURE">
<![CDATA[  [mobile-iphone-se] › dashboard.spec.ts:61:7 › Dashboard Tests › should display team members with avatars 

    Error: page.goto: Could not connect to the server.
    Call log:
      - navigating to "http://localhost:3001/dashboard", waiting until "load"


       8 |     });
       9 |     
    > 10 |     await page.goto('/dashboard');
         |                ^
      11 |     await page.waitForLoadState('domcontentloaded');
      12 |     // Wait for critical elements to be visible
      13 |     await page.waitForSelector('[data-testid="dashboard-title"]', { timeout: 30000 }).catch(() => {

        at /Users/thabonyembe/Documents/freeflow-app-9/tests/e2e/dashboard.spec.ts:10:16

    attachment #1: screenshot (image/png) ──────────────────────────────────────────────────────────
    test-results/dashboard-Dashboard-Tests-should-display-team-members-with-avatars-mobile-iphone-se/test-failed-1.png
    ────────────────────────────────────────────────────────────────────────────────────────────────

    attachment #2: video (video/webm) ──────────────────────────────────────────────────────────────
    test-results/dashboard-Dashboard-Tests-should-display-team-members-with-avatars-mobile-iphone-se/video.webm
    ────────────────────────────────────────────────────────────────────────────────────────────────

    Retry #1 ───────────────────────────────────────────────────────────────────────────────────────

    Error: page.goto: Could not connect to the server.
    Call log:
      - navigating to "http://localhost:3001/dashboard", waiting until "load"


       8 |     });
       9 |     
    > 10 |     await page.goto('/dashboard');
         |                ^
      11 |     await page.waitForLoadState('domcontentloaded');
      12 |     // Wait for critical elements to be visible
      13 |     await page.waitForSelector('[data-testid="dashboard-title"]', { timeout: 30000 }).catch(() => {

        at /Users/thabonyembe/Documents/freeflow-app-9/tests/e2e/dashboard.spec.ts:10:16

    attachment #1: screenshot (image/png) ──────────────────────────────────────────────────────────
    test-results/dashboard-Dashboard-Tests-should-display-team-members-with-avatars-mobile-iphone-se-retry1/test-failed-1.png
    ────────────────────────────────────────────────────────────────────────────────────────────────

    attachment #2: video (video/webm) ──────────────────────────────────────────────────────────────
    test-results/dashboard-Dashboard-Tests-should-display-team-members-with-avatars-mobile-iphone-se-retry1/video.webm
    ────────────────────────────────────────────────────────────────────────────────────────────────

    attachment #3: trace (application/zip) ─────────────────────────────────────────────────────────
    test-results/dashboard-Dashboard-Tests-should-display-team-members-with-avatars-mobile-iphone-se-retry1/trace.zip
    Usage:

        npx playwright show-trace test-results/dashboard-Dashboard-Tests-should-display-team-members-with-avatars-mobile-iphone-se-retry1/trace.zip

    ────────────────────────────────────────────────────────────────────────────────────────────────

    Retry #2 ───────────────────────────────────────────────────────────────────────────────────────

    Error: page.goto: Could not connect to the server.
    Call log:
      - navigating to "http://localhost:3001/dashboard", waiting until "load"


       8 |     });
       9 |     
    > 10 |     await page.goto('/dashboard');
         |                ^
      11 |     await page.waitForLoadState('domcontentloaded');
      12 |     // Wait for critical elements to be visible
      13 |     await page.waitForSelector('[data-testid="dashboard-title"]', { timeout: 30000 }).catch(() => {

        at /Users/thabonyembe/Documents/freeflow-app-9/tests/e2e/dashboard.spec.ts:10:16

    attachment #1: screenshot (image/png) ──────────────────────────────────────────────────────────
    test-results/dashboard-Dashboard-Tests-should-display-team-members-with-avatars-mobile-iphone-se-retry2/test-failed-1.png
    ────────────────────────────────────────────────────────────────────────────────────────────────

    attachment #2: video (video/webm) ──────────────────────────────────────────────────────────────
    test-results/dashboard-Dashboard-Tests-should-display-team-members-with-avatars-mobile-iphone-se-retry2/video.webm
    ────────────────────────────────────────────────────────────────────────────────────────────────
]]>
</failure>
<system-out>
<![CDATA[
[[ATTACHMENT|dashboard-Dashboard-Tests-should-display-team-members-with-avatars-mobile-iphone-se/test-failed-1.png]]

[[ATTACHMENT|dashboard-Dashboard-Tests-should-display-team-members-with-avatars-mobile-iphone-se/video.webm]]

[[ATTACHMENT|dashboard-Dashboard-Tests-should-display-team-members-with-avatars-mobile-iphone-se-retry1/test-failed-1.png]]

[[ATTACHMENT|dashboard-Dashboard-Tests-should-display-team-members-with-avatars-mobile-iphone-se-retry1/video.webm]]

[[ATTACHMENT|dashboard-Dashboard-Tests-should-display-team-members-with-avatars-mobile-iphone-se-retry1/trace.zip]]

[[ATTACHMENT|dashboard-Dashboard-Tests-should-display-team-members-with-avatars-mobile-iphone-se-retry2/test-failed-1.png]]

[[ATTACHMENT|dashboard-Dashboard-Tests-should-display-team-members-with-avatars-mobile-iphone-se-retry2/video.webm]]
]]>
</system-out>
</testcase>
<testcase name="Dashboard Tests › should handle new project button click" classname="dashboard.spec.ts" time="1.198">
<failure message="dashboard.spec.ts:73:7 should handle new project button click" type="FAILURE">
<![CDATA[  [mobile-iphone-se] › dashboard.spec.ts:73:7 › Dashboard Tests › should handle new project button click 

    Error: page.goto: Could not connect to the server.
    Call log:
      - navigating to "http://localhost:3001/dashboard", waiting until "load"


       8 |     });
       9 |     
    > 10 |     await page.goto('/dashboard');
         |                ^
      11 |     await page.waitForLoadState('domcontentloaded');
      12 |     // Wait for critical elements to be visible
      13 |     await page.waitForSelector('[data-testid="dashboard-title"]', { timeout: 30000 }).catch(() => {

        at /Users/thabonyembe/Documents/freeflow-app-9/tests/e2e/dashboard.spec.ts:10:16

    attachment #1: screenshot (image/png) ──────────────────────────────────────────────────────────
    test-results/dashboard-Dashboard-Tests-should-handle-new-project-button-click-mobile-iphone-se/test-failed-1.png
    ────────────────────────────────────────────────────────────────────────────────────────────────

    attachment #2: video (video/webm) ──────────────────────────────────────────────────────────────
    test-results/dashboard-Dashboard-Tests-should-handle-new-project-button-click-mobile-iphone-se/video.webm
    ────────────────────────────────────────────────────────────────────────────────────────────────

    Retry #1 ───────────────────────────────────────────────────────────────────────────────────────

    Error: page.goto: Could not connect to the server.
    Call log:
      - navigating to "http://localhost:3001/dashboard", waiting until "load"


       8 |     });
       9 |     
    > 10 |     await page.goto('/dashboard');
         |                ^
      11 |     await page.waitForLoadState('domcontentloaded');
      12 |     // Wait for critical elements to be visible
      13 |     await page.waitForSelector('[data-testid="dashboard-title"]', { timeout: 30000 }).catch(() => {

        at /Users/thabonyembe/Documents/freeflow-app-9/tests/e2e/dashboard.spec.ts:10:16

    attachment #1: screenshot (image/png) ──────────────────────────────────────────────────────────
    test-results/dashboard-Dashboard-Tests-should-handle-new-project-button-click-mobile-iphone-se-retry1/test-failed-1.png
    ────────────────────────────────────────────────────────────────────────────────────────────────

    attachment #2: video (video/webm) ──────────────────────────────────────────────────────────────
    test-results/dashboard-Dashboard-Tests-should-handle-new-project-button-click-mobile-iphone-se-retry1/video.webm
    ────────────────────────────────────────────────────────────────────────────────────────────────

    attachment #3: trace (application/zip) ─────────────────────────────────────────────────────────
    test-results/dashboard-Dashboard-Tests-should-handle-new-project-button-click-mobile-iphone-se-retry1/trace.zip
    Usage:

        npx playwright show-trace test-results/dashboard-Dashboard-Tests-should-handle-new-project-button-click-mobile-iphone-se-retry1/trace.zip

    ────────────────────────────────────────────────────────────────────────────────────────────────

    Retry #2 ───────────────────────────────────────────────────────────────────────────────────────

    Error: page.goto: Could not connect to the server.
    Call log:
      - navigating to "http://localhost:3001/dashboard", waiting until "load"


       8 |     });
       9 |     
    > 10 |     await page.goto('/dashboard');
         |                ^
      11 |     await page.waitForLoadState('domcontentloaded');
      12 |     // Wait for critical elements to be visible
      13 |     await page.waitForSelector('[data-testid="dashboard-title"]', { timeout: 30000 }).catch(() => {

        at /Users/thabonyembe/Documents/freeflow-app-9/tests/e2e/dashboard.spec.ts:10:16

    attachment #1: screenshot (image/png) ──────────────────────────────────────────────────────────
    test-results/dashboard-Dashboard-Tests-should-handle-new-project-button-click-mobile-iphone-se-retry2/test-failed-1.png
    ────────────────────────────────────────────────────────────────────────────────────────────────

    attachment #2: video (video/webm) ──────────────────────────────────────────────────────────────
    test-results/dashboard-Dashboard-Tests-should-handle-new-project-button-click-mobile-iphone-se-retry2/video.webm
    ────────────────────────────────────────────────────────────────────────────────────────────────
]]>
</failure>
<system-out>
<![CDATA[
[[ATTACHMENT|dashboard-Dashboard-Tests-should-handle-new-project-button-click-mobile-iphone-se/test-failed-1.png]]

[[ATTACHMENT|dashboard-Dashboard-Tests-should-handle-new-project-button-click-mobile-iphone-se/video.webm]]

[[ATTACHMENT|dashboard-Dashboard-Tests-should-handle-new-project-button-click-mobile-iphone-se-retry1/test-failed-1.png]]

[[ATTACHMENT|dashboard-Dashboard-Tests-should-handle-new-project-button-click-mobile-iphone-se-retry1/video.webm]]

[[ATTACHMENT|dashboard-Dashboard-Tests-should-handle-new-project-button-click-mobile-iphone-se-retry1/trace.zip]]

[[ATTACHMENT|dashboard-Dashboard-Tests-should-handle-new-project-button-click-mobile-iphone-se-retry2/test-failed-1.png]]

[[ATTACHMENT|dashboard-Dashboard-Tests-should-handle-new-project-button-click-mobile-iphone-se-retry2/video.webm]]
]]>
</system-out>
</testcase>
<testcase name="Dashboard Tests › should be responsive on mobile" classname="dashboard.spec.ts" time="1.204">
<failure message="dashboard.spec.ts:82:7 should be responsive on mobile" type="FAILURE">
<![CDATA[  [mobile-iphone-se] › dashboard.spec.ts:82:7 › Dashboard Tests › should be responsive on mobile ───

    Error: page.goto: Could not connect to the server.
    Call log:
      - navigating to "http://localhost:3001/dashboard", waiting until "load"


       8 |     });
       9 |     
    > 10 |     await page.goto('/dashboard');
         |                ^
      11 |     await page.waitForLoadState('domcontentloaded');
      12 |     // Wait for critical elements to be visible
      13 |     await page.waitForSelector('[data-testid="dashboard-title"]', { timeout: 30000 }).catch(() => {

        at /Users/thabonyembe/Documents/freeflow-app-9/tests/e2e/dashboard.spec.ts:10:16

    attachment #1: screenshot (image/png) ──────────────────────────────────────────────────────────
    test-results/dashboard-Dashboard-Tests-should-be-responsive-on-mobile-mobile-iphone-se/test-failed-1.png
    ────────────────────────────────────────────────────────────────────────────────────────────────

    attachment #2: video (video/webm) ──────────────────────────────────────────────────────────────
    test-results/dashboard-Dashboard-Tests-should-be-responsive-on-mobile-mobile-iphone-se/video.webm
    ────────────────────────────────────────────────────────────────────────────────────────────────

    Retry #1 ───────────────────────────────────────────────────────────────────────────────────────

    Error: page.goto: Could not connect to the server.
    Call log:
      - navigating to "http://localhost:3001/dashboard", waiting until "load"


       8 |     });
       9 |     
    > 10 |     await page.goto('/dashboard');
         |                ^
      11 |     await page.waitForLoadState('domcontentloaded');
      12 |     // Wait for critical elements to be visible
      13 |     await page.waitForSelector('[data-testid="dashboard-title"]', { timeout: 30000 }).catch(() => {

        at /Users/thabonyembe/Documents/freeflow-app-9/tests/e2e/dashboard.spec.ts:10:16

    attachment #1: screenshot (image/png) ──────────────────────────────────────────────────────────
    test-results/dashboard-Dashboard-Tests-should-be-responsive-on-mobile-mobile-iphone-se-retry1/test-failed-1.png
    ────────────────────────────────────────────────────────────────────────────────────────────────

    attachment #2: video (video/webm) ──────────────────────────────────────────────────────────────
    test-results/dashboard-Dashboard-Tests-should-be-responsive-on-mobile-mobile-iphone-se-retry1/video.webm
    ────────────────────────────────────────────────────────────────────────────────────────────────

    attachment #3: trace (application/zip) ─────────────────────────────────────────────────────────
    test-results/dashboard-Dashboard-Tests-should-be-responsive-on-mobile-mobile-iphone-se-retry1/trace.zip
    Usage:

        npx playwright show-trace test-results/dashboard-Dashboard-Tests-should-be-responsive-on-mobile-mobile-iphone-se-retry1/trace.zip

    ────────────────────────────────────────────────────────────────────────────────────────────────

    Retry #2 ───────────────────────────────────────────────────────────────────────────────────────

    Error: page.goto: Could not connect to the server.
    Call log:
      - navigating to "http://localhost:3001/dashboard", waiting until "load"


       8 |     });
       9 |     
    > 10 |     await page.goto('/dashboard');
         |                ^
      11 |     await page.waitForLoadState('domcontentloaded');
      12 |     // Wait for critical elements to be visible
      13 |     await page.waitForSelector('[data-testid="dashboard-title"]', { timeout: 30000 }).catch(() => {

        at /Users/thabonyembe/Documents/freeflow-app-9/tests/e2e/dashboard.spec.ts:10:16

    attachment #1: screenshot (image/png) ──────────────────────────────────────────────────────────
    test-results/dashboard-Dashboard-Tests-should-be-responsive-on-mobile-mobile-iphone-se-retry2/test-failed-1.png
    ────────────────────────────────────────────────────────────────────────────────────────────────

    attachment #2: video (video/webm) ──────────────────────────────────────────────────────────────
    test-results/dashboard-Dashboard-Tests-should-be-responsive-on-mobile-mobile-iphone-se-retry2/video.webm
    ────────────────────────────────────────────────────────────────────────────────────────────────
]]>
</failure>
<system-out>
<![CDATA[
[[ATTACHMENT|dashboard-Dashboard-Tests-should-be-responsive-on-mobile-mobile-iphone-se/test-failed-1.png]]

[[ATTACHMENT|dashboard-Dashboard-Tests-should-be-responsive-on-mobile-mobile-iphone-se/video.webm]]

[[ATTACHMENT|dashboard-Dashboard-Tests-should-be-responsive-on-mobile-mobile-iphone-se-retry1/test-failed-1.png]]

[[ATTACHMENT|dashboard-Dashboard-Tests-should-be-responsive-on-mobile-mobile-iphone-se-retry1/video.webm]]

[[ATTACHMENT|dashboard-Dashboard-Tests-should-be-responsive-on-mobile-mobile-iphone-se-retry1/trace.zip]]

[[ATTACHMENT|dashboard-Dashboard-Tests-should-be-responsive-on-mobile-mobile-iphone-se-retry2/test-failed-1.png]]

[[ATTACHMENT|dashboard-Dashboard-Tests-should-be-responsive-on-mobile-mobile-iphone-se-retry2/video.webm]]
]]>
</system-out>
</testcase>
<testcase name="Dashboard Tests › should load team member avatars without 404 errors" classname="dashboard.spec.ts" time="1.009">
<failure message="dashboard.spec.ts:93:7 should load team member avatars without 404 errors" type="FAILURE">
<![CDATA[  [mobile-iphone-se] › dashboard.spec.ts:93:7 › Dashboard Tests › should load team member avatars without 404 errors 

    Error: page.goto: Could not connect to the server.
    Call log:
      - navigating to "http://localhost:3001/dashboard", waiting until "load"


       8 |     });
       9 |     
    > 10 |     await page.goto('/dashboard');
         |                ^
      11 |     await page.waitForLoadState('domcontentloaded');
      12 |     // Wait for critical elements to be visible
      13 |     await page.waitForSelector('[data-testid="dashboard-title"]', { timeout: 30000 }).catch(() => {

        at /Users/thabonyembe/Documents/freeflow-app-9/tests/e2e/dashboard.spec.ts:10:16

    attachment #1: screenshot (image/png) ──────────────────────────────────────────────────────────
    test-results/dashboard-Dashboard-Tests-should-load-team-member-avatars-without-404-errors-mobile-iphone-se/test-failed-1.png
    ────────────────────────────────────────────────────────────────────────────────────────────────

    attachment #2: video (video/webm) ──────────────────────────────────────────────────────────────
    test-results/dashboard-Dashboard-Tests-should-load-team-member-avatars-without-404-errors-mobile-iphone-se/video.webm
    ────────────────────────────────────────────────────────────────────────────────────────────────

    Retry #1 ───────────────────────────────────────────────────────────────────────────────────────

    Error: page.goto: Could not connect to the server.
    Call log:
      - navigating to "http://localhost:3001/dashboard", waiting until "load"


       8 |     });
       9 |     
    > 10 |     await page.goto('/dashboard');
         |                ^
      11 |     await page.waitForLoadState('domcontentloaded');
      12 |     // Wait for critical elements to be visible
      13 |     await page.waitForSelector('[data-testid="dashboard-title"]', { timeout: 30000 }).catch(() => {

        at /Users/thabonyembe/Documents/freeflow-app-9/tests/e2e/dashboard.spec.ts:10:16

    attachment #1: screenshot (image/png) ──────────────────────────────────────────────────────────
    test-results/dashboard-Dashboard-Tests-should-load-team-member-avatars-without-404-errors-mobile-iphone-se-retry1/test-failed-1.png
    ────────────────────────────────────────────────────────────────────────────────────────────────

    attachment #2: video (video/webm) ──────────────────────────────────────────────────────────────
    test-results/dashboard-Dashboard-Tests-should-load-team-member-avatars-without-404-errors-mobile-iphone-se-retry1/video.webm
    ────────────────────────────────────────────────────────────────────────────────────────────────

    attachment #3: trace (application/zip) ─────────────────────────────────────────────────────────
    test-results/dashboard-Dashboard-Tests-should-load-team-member-avatars-without-404-errors-mobile-iphone-se-retry1/trace.zip
    Usage:

        npx playwright show-trace test-results/dashboard-Dashboard-Tests-should-load-team-member-avatars-without-404-errors-mobile-iphone-se-retry1/trace.zip

    ────────────────────────────────────────────────────────────────────────────────────────────────

    Retry #2 ───────────────────────────────────────────────────────────────────────────────────────

    Error: page.goto: Could not connect to the server.
    Call log:
      - navigating to "http://localhost:3001/dashboard", waiting until "load"


       8 |     });
       9 |     
    > 10 |     await page.goto('/dashboard');
         |                ^
      11 |     await page.waitForLoadState('domcontentloaded');
      12 |     // Wait for critical elements to be visible
      13 |     await page.waitForSelector('[data-testid="dashboard-title"]', { timeout: 30000 }).catch(() => {

        at /Users/thabonyembe/Documents/freeflow-app-9/tests/e2e/dashboard.spec.ts:10:16

    attachment #1: screenshot (image/png) ──────────────────────────────────────────────────────────
    test-results/dashboard-Dashboard-Tests-should-load-team-member-avatars-without-404-errors-mobile-iphone-se-retry2/test-failed-1.png
    ────────────────────────────────────────────────────────────────────────────────────────────────

    attachment #2: video (video/webm) ──────────────────────────────────────────────────────────────
    test-results/dashboard-Dashboard-Tests-should-load-team-member-avatars-without-404-errors-mobile-iphone-se-retry2/video.webm
    ────────────────────────────────────────────────────────────────────────────────────────────────
]]>
</failure>
<system-out>
<![CDATA[
[[ATTACHMENT|dashboard-Dashboard-Tests-should-load-team-member-avatars-without-404-errors-mobile-iphone-se/test-failed-1.png]]

[[ATTACHMENT|dashboard-Dashboard-Tests-should-load-team-member-avatars-without-404-errors-mobile-iphone-se/video.webm]]

[[ATTACHMENT|dashboard-Dashboard-Tests-should-load-team-member-avatars-without-404-errors-mobile-iphone-se-retry1/test-failed-1.png]]

[[ATTACHMENT|dashboard-Dashboard-Tests-should-load-team-member-avatars-without-404-errors-mobile-iphone-se-retry1/video.webm]]

[[ATTACHMENT|dashboard-Dashboard-Tests-should-load-team-member-avatars-without-404-errors-mobile-iphone-se-retry1/trace.zip]]

[[ATTACHMENT|dashboard-Dashboard-Tests-should-load-team-member-avatars-without-404-errors-mobile-iphone-se-retry2/test-failed-1.png]]

[[ATTACHMENT|dashboard-Dashboard-Tests-should-load-team-member-avatars-without-404-errors-mobile-iphone-se-retry2/video.webm]]
]]>
</system-out>
</testcase>
<testcase name="Dashboard Tests › should have proper accessibility labels" classname="dashboard.spec.ts" time="0.961">
<failure message="dashboard.spec.ts:108:7 should have proper accessibility labels" type="FAILURE">
<![CDATA[  [mobile-iphone-se] › dashboard.spec.ts:108:7 › Dashboard Tests › should have proper accessibility labels 

    Error: page.goto: Could not connect to the server.
    Call log:
      - navigating to "http://localhost:3001/dashboard", waiting until "load"


       8 |     });
       9 |     
    > 10 |     await page.goto('/dashboard');
         |                ^
      11 |     await page.waitForLoadState('domcontentloaded');
      12 |     // Wait for critical elements to be visible
      13 |     await page.waitForSelector('[data-testid="dashboard-title"]', { timeout: 30000 }).catch(() => {

        at /Users/thabonyembe/Documents/freeflow-app-9/tests/e2e/dashboard.spec.ts:10:16

    attachment #1: screenshot (image/png) ──────────────────────────────────────────────────────────
    test-results/dashboard-Dashboard-Tests-should-have-proper-accessibility-labels-mobile-iphone-se/test-failed-1.png
    ────────────────────────────────────────────────────────────────────────────────────────────────

    attachment #2: video (video/webm) ──────────────────────────────────────────────────────────────
    test-results/dashboard-Dashboard-Tests-should-have-proper-accessibility-labels-mobile-iphone-se/video.webm
    ────────────────────────────────────────────────────────────────────────────────────────────────

    Retry #1 ───────────────────────────────────────────────────────────────────────────────────────

    Error: page.goto: Could not connect to the server.
    Call log:
      - navigating to "http://localhost:3001/dashboard", waiting until "load"


       8 |     });
       9 |     
    > 10 |     await page.goto('/dashboard');
         |                ^
      11 |     await page.waitForLoadState('domcontentloaded');
      12 |     // Wait for critical elements to be visible
      13 |     await page.waitForSelector('[data-testid="dashboard-title"]', { timeout: 30000 }).catch(() => {

        at /Users/thabonyembe/Documents/freeflow-app-9/tests/e2e/dashboard.spec.ts:10:16

    attachment #1: screenshot (image/png) ──────────────────────────────────────────────────────────
    test-results/dashboard-Dashboard-Tests-should-have-proper-accessibility-labels-mobile-iphone-se-retry1/test-failed-1.png
    ────────────────────────────────────────────────────────────────────────────────────────────────

    attachment #2: video (video/webm) ──────────────────────────────────────────────────────────────
    test-results/dashboard-Dashboard-Tests-should-have-proper-accessibility-labels-mobile-iphone-se-retry1/video.webm
    ────────────────────────────────────────────────────────────────────────────────────────────────

    attachment #3: trace (application/zip) ─────────────────────────────────────────────────────────
    test-results/dashboard-Dashboard-Tests-should-have-proper-accessibility-labels-mobile-iphone-se-retry1/trace.zip
    Usage:

        npx playwright show-trace test-results/dashboard-Dashboard-Tests-should-have-proper-accessibility-labels-mobile-iphone-se-retry1/trace.zip

    ────────────────────────────────────────────────────────────────────────────────────────────────

    Retry #2 ───────────────────────────────────────────────────────────────────────────────────────

    Error: page.goto: Could not connect to the server.
    Call log:
      - navigating to "http://localhost:3001/dashboard", waiting until "load"


       8 |     });
       9 |     
    > 10 |     await page.goto('/dashboard');
         |                ^
      11 |     await page.waitForLoadState('domcontentloaded');
      12 |     // Wait for critical elements to be visible
      13 |     await page.waitForSelector('[data-testid="dashboard-title"]', { timeout: 30000 }).catch(() => {

        at /Users/thabonyembe/Documents/freeflow-app-9/tests/e2e/dashboard.spec.ts:10:16

    attachment #1: screenshot (image/png) ──────────────────────────────────────────────────────────
    test-results/dashboard-Dashboard-Tests-should-have-proper-accessibility-labels-mobile-iphone-se-retry2/test-failed-1.png
    ────────────────────────────────────────────────────────────────────────────────────────────────

    attachment #2: video (video/webm) ──────────────────────────────────────────────────────────────
    test-results/dashboard-Dashboard-Tests-should-have-proper-accessibility-labels-mobile-iphone-se-retry2/video.webm
    ────────────────────────────────────────────────────────────────────────────────────────────────
]]>
</failure>
<system-out>
<![CDATA[
[[ATTACHMENT|dashboard-Dashboard-Tests-should-have-proper-accessibility-labels-mobile-iphone-se/test-failed-1.png]]

[[ATTACHMENT|dashboard-Dashboard-Tests-should-have-proper-accessibility-labels-mobile-iphone-se/video.webm]]

[[ATTACHMENT|dashboard-Dashboard-Tests-should-have-proper-accessibility-labels-mobile-iphone-se-retry1/test-failed-1.png]]

[[ATTACHMENT|dashboard-Dashboard-Tests-should-have-proper-accessibility-labels-mobile-iphone-se-retry1/video.webm]]

[[ATTACHMENT|dashboard-Dashboard-Tests-should-have-proper-accessibility-labels-mobile-iphone-se-retry1/trace.zip]]

[[ATTACHMENT|dashboard-Dashboard-Tests-should-have-proper-accessibility-labels-mobile-iphone-se-retry2/test-failed-1.png]]

[[ATTACHMENT|dashboard-Dashboard-Tests-should-have-proper-accessibility-labels-mobile-iphone-se-retry2/video.webm]]
]]>
</system-out>
</testcase>
</testsuite>
<testsuite name="dashboard.spec.ts" timestamp="2025-06-16T14:04:51.086Z" hostname="mobile-small-android" tests="9" failures="9" skipped="0" time="7.211" errors="0">
<testcase name="Dashboard Tests › should load dashboard page successfully" classname="dashboard.spec.ts" time="0.83">
<failure message="dashboard.spec.ts:18:7 should load dashboard page successfully" type="FAILURE">
<![CDATA[  [mobile-small-android] › dashboard.spec.ts:18:7 › Dashboard Tests › should load dashboard page successfully 

    Error: page.goto: net::ERR_CONNECTION_REFUSED at http://localhost:3001/dashboard
    Call log:
      - navigating to "http://localhost:3001/dashboard", waiting until "load"


       8 |     });
       9 |     
    > 10 |     await page.goto('/dashboard');
         |                ^
      11 |     await page.waitForLoadState('domcontentloaded');
      12 |     // Wait for critical elements to be visible
      13 |     await page.waitForSelector('[data-testid="dashboard-title"]', { timeout: 30000 }).catch(() => {

        at /Users/thabonyembe/Documents/freeflow-app-9/tests/e2e/dashboard.spec.ts:10:16

    attachment #1: screenshot (image/png) ──────────────────────────────────────────────────────────
    test-results/dashboard-Dashboard-Tests-should-load-dashboard-page-successfully-mobile-small-android/test-failed-1.png
    ────────────────────────────────────────────────────────────────────────────────────────────────

    attachment #2: video (video/webm) ──────────────────────────────────────────────────────────────
    test-results/dashboard-Dashboard-Tests-should-load-dashboard-page-successfully-mobile-small-android/video.webm
    ────────────────────────────────────────────────────────────────────────────────────────────────

    Retry #1 ───────────────────────────────────────────────────────────────────────────────────────

    Error: page.goto: net::ERR_CONNECTION_REFUSED at http://localhost:3001/dashboard
    Call log:
      - navigating to "http://localhost:3001/dashboard", waiting until "load"


       8 |     });
       9 |     
    > 10 |     await page.goto('/dashboard');
         |                ^
      11 |     await page.waitForLoadState('domcontentloaded');
      12 |     // Wait for critical elements to be visible
      13 |     await page.waitForSelector('[data-testid="dashboard-title"]', { timeout: 30000 }).catch(() => {

        at /Users/thabonyembe/Documents/freeflow-app-9/tests/e2e/dashboard.spec.ts:10:16

    attachment #1: screenshot (image/png) ──────────────────────────────────────────────────────────
    test-results/dashboard-Dashboard-Tests-should-load-dashboard-page-successfully-mobile-small-android-retry1/test-failed-1.png
    ────────────────────────────────────────────────────────────────────────────────────────────────

    attachment #2: video (video/webm) ──────────────────────────────────────────────────────────────
    test-results/dashboard-Dashboard-Tests-should-load-dashboard-page-successfully-mobile-small-android-retry1/video.webm
    ────────────────────────────────────────────────────────────────────────────────────────────────

    attachment #3: trace (application/zip) ─────────────────────────────────────────────────────────
    test-results/dashboard-Dashboard-Tests-should-load-dashboard-page-successfully-mobile-small-android-retry1/trace.zip
    Usage:

        npx playwright show-trace test-results/dashboard-Dashboard-Tests-should-load-dashboard-page-successfully-mobile-small-android-retry1/trace.zip

    ────────────────────────────────────────────────────────────────────────────────────────────────

    Retry #2 ───────────────────────────────────────────────────────────────────────────────────────

    Error: page.goto: net::ERR_CONNECTION_REFUSED at http://localhost:3001/dashboard
    Call log:
      - navigating to "http://localhost:3001/dashboard", waiting until "load"


       8 |     });
       9 |     
    > 10 |     await page.goto('/dashboard');
         |                ^
      11 |     await page.waitForLoadState('domcontentloaded');
      12 |     // Wait for critical elements to be visible
      13 |     await page.waitForSelector('[data-testid="dashboard-title"]', { timeout: 30000 }).catch(() => {

        at /Users/thabonyembe/Documents/freeflow-app-9/tests/e2e/dashboard.spec.ts:10:16

    attachment #1: screenshot (image/png) ──────────────────────────────────────────────────────────
    test-results/dashboard-Dashboard-Tests-should-load-dashboard-page-successfully-mobile-small-android-retry2/test-failed-1.png
    ────────────────────────────────────────────────────────────────────────────────────────────────

    attachment #2: video (video/webm) ──────────────────────────────────────────────────────────────
    test-results/dashboard-Dashboard-Tests-should-load-dashboard-page-successfully-mobile-small-android-retry2/video.webm
    ────────────────────────────────────────────────────────────────────────────────────────────────
]]>
</failure>
<system-out>
<![CDATA[
[[ATTACHMENT|dashboard-Dashboard-Tests-should-load-dashboard-page-successfully-mobile-small-android/test-failed-1.png]]

[[ATTACHMENT|dashboard-Dashboard-Tests-should-load-dashboard-page-successfully-mobile-small-android/video.webm]]

[[ATTACHMENT|dashboard-Dashboard-Tests-should-load-dashboard-page-successfully-mobile-small-android-retry1/test-failed-1.png]]

[[ATTACHMENT|dashboard-Dashboard-Tests-should-load-dashboard-page-successfully-mobile-small-android-retry1/video.webm]]

[[ATTACHMENT|dashboard-Dashboard-Tests-should-load-dashboard-page-successfully-mobile-small-android-retry1/trace.zip]]

[[ATTACHMENT|dashboard-Dashboard-Tests-should-load-dashboard-page-successfully-mobile-small-android-retry2/test-failed-1.png]]

[[ATTACHMENT|dashboard-Dashboard-Tests-should-load-dashboard-page-successfully-mobile-small-android-retry2/video.webm]]
]]>
</system-out>
</testcase>
<testcase name="Dashboard Tests › should display dashboard stats" classname="dashboard.spec.ts" time="0.83">
<failure message="dashboard.spec.ts:23:7 should display dashboard stats" type="FAILURE">
<![CDATA[  [mobile-small-android] › dashboard.spec.ts:23:7 › Dashboard Tests › should display dashboard stats 

    Error: page.goto: net::ERR_CONNECTION_REFUSED at http://localhost:3001/dashboard
    Call log:
      - navigating to "http://localhost:3001/dashboard", waiting until "load"


       8 |     });
       9 |     
    > 10 |     await page.goto('/dashboard');
         |                ^
      11 |     await page.waitForLoadState('domcontentloaded');
      12 |     // Wait for critical elements to be visible
      13 |     await page.waitForSelector('[data-testid="dashboard-title"]', { timeout: 30000 }).catch(() => {

        at /Users/thabonyembe/Documents/freeflow-app-9/tests/e2e/dashboard.spec.ts:10:16

    attachment #1: screenshot (image/png) ──────────────────────────────────────────────────────────
    test-results/dashboard-Dashboard-Tests-should-display-dashboard-stats-mobile-small-android/test-failed-1.png
    ────────────────────────────────────────────────────────────────────────────────────────────────

    attachment #2: video (video/webm) ──────────────────────────────────────────────────────────────
    test-results/dashboard-Dashboard-Tests-should-display-dashboard-stats-mobile-small-android/video.webm
    ────────────────────────────────────────────────────────────────────────────────────────────────

    Retry #1 ───────────────────────────────────────────────────────────────────────────────────────

    Error: page.goto: net::ERR_CONNECTION_REFUSED at http://localhost:3001/dashboard
    Call log:
      - navigating to "http://localhost:3001/dashboard", waiting until "load"


       8 |     });
       9 |     
    > 10 |     await page.goto('/dashboard');
         |                ^
      11 |     await page.waitForLoadState('domcontentloaded');
      12 |     // Wait for critical elements to be visible
      13 |     await page.waitForSelector('[data-testid="dashboard-title"]', { timeout: 30000 }).catch(() => {

        at /Users/thabonyembe/Documents/freeflow-app-9/tests/e2e/dashboard.spec.ts:10:16

    attachment #1: screenshot (image/png) ──────────────────────────────────────────────────────────
    test-results/dashboard-Dashboard-Tests-should-display-dashboard-stats-mobile-small-android-retry1/test-failed-1.png
    ────────────────────────────────────────────────────────────────────────────────────────────────

    attachment #2: video (video/webm) ──────────────────────────────────────────────────────────────
    test-results/dashboard-Dashboard-Tests-should-display-dashboard-stats-mobile-small-android-retry1/video.webm
    ────────────────────────────────────────────────────────────────────────────────────────────────

    attachment #3: trace (application/zip) ─────────────────────────────────────────────────────────
    test-results/dashboard-Dashboard-Tests-should-display-dashboard-stats-mobile-small-android-retry1/trace.zip
    Usage:

        npx playwright show-trace test-results/dashboard-Dashboard-Tests-should-display-dashboard-stats-mobile-small-android-retry1/trace.zip

    ────────────────────────────────────────────────────────────────────────────────────────────────

    Retry #2 ───────────────────────────────────────────────────────────────────────────────────────

    Error: page.goto: net::ERR_CONNECTION_REFUSED at http://localhost:3001/dashboard
    Call log:
      - navigating to "http://localhost:3001/dashboard", waiting until "load"


       8 |     });
       9 |     
    > 10 |     await page.goto('/dashboard');
         |                ^
      11 |     await page.waitForLoadState('domcontentloaded');
      12 |     // Wait for critical elements to be visible
      13 |     await page.waitForSelector('[data-testid="dashboard-title"]', { timeout: 30000 }).catch(() => {

        at /Users/thabonyembe/Documents/freeflow-app-9/tests/e2e/dashboard.spec.ts:10:16

    attachment #1: screenshot (image/png) ──────────────────────────────────────────────────────────
    test-results/dashboard-Dashboard-Tests-should-display-dashboard-stats-mobile-small-android-retry2/test-failed-1.png
    ────────────────────────────────────────────────────────────────────────────────────────────────

    attachment #2: video (video/webm) ──────────────────────────────────────────────────────────────
    test-results/dashboard-Dashboard-Tests-should-display-dashboard-stats-mobile-small-android-retry2/video.webm
    ────────────────────────────────────────────────────────────────────────────────────────────────
]]>
</failure>
<system-out>
<![CDATA[
[[ATTACHMENT|dashboard-Dashboard-Tests-should-display-dashboard-stats-mobile-small-android/test-failed-1.png]]

[[ATTACHMENT|dashboard-Dashboard-Tests-should-display-dashboard-stats-mobile-small-android/video.webm]]

[[ATTACHMENT|dashboard-Dashboard-Tests-should-display-dashboard-stats-mobile-small-android-retry1/test-failed-1.png]]

[[ATTACHMENT|dashboard-Dashboard-Tests-should-display-dashboard-stats-mobile-small-android-retry1/video.webm]]

[[ATTACHMENT|dashboard-Dashboard-Tests-should-display-dashboard-stats-mobile-small-android-retry1/trace.zip]]

[[ATTACHMENT|dashboard-Dashboard-Tests-should-display-dashboard-stats-mobile-small-android-retry2/test-failed-1.png]]

[[ATTACHMENT|dashboard-Dashboard-Tests-should-display-dashboard-stats-mobile-small-android-retry2/video.webm]]
]]>
</system-out>
</testcase>
<testcase name="Dashboard Tests › should have working navigation tabs" classname="dashboard.spec.ts" time="0.802">
<failure message="dashboard.spec.ts:30:7 should have working navigation tabs" type="FAILURE">
<![CDATA[  [mobile-small-android] › dashboard.spec.ts:30:7 › Dashboard Tests › should have working navigation tabs 

    Error: page.goto: net::ERR_CONNECTION_REFUSED at http://localhost:3001/dashboard
    Call log:
      - navigating to "http://localhost:3001/dashboard", waiting until "load"


       8 |     });
       9 |     
    > 10 |     await page.goto('/dashboard');
         |                ^
      11 |     await page.waitForLoadState('domcontentloaded');
      12 |     // Wait for critical elements to be visible
      13 |     await page.waitForSelector('[data-testid="dashboard-title"]', { timeout: 30000 }).catch(() => {

        at /Users/thabonyembe/Documents/freeflow-app-9/tests/e2e/dashboard.spec.ts:10:16

    attachment #1: screenshot (image/png) ──────────────────────────────────────────────────────────
    test-results/dashboard-Dashboard-Tests-should-have-working-navigation-tabs-mobile-small-android/test-failed-1.png
    ────────────────────────────────────────────────────────────────────────────────────────────────

    attachment #2: video (video/webm) ──────────────────────────────────────────────────────────────
    test-results/dashboard-Dashboard-Tests-should-have-working-navigation-tabs-mobile-small-android/video.webm
    ────────────────────────────────────────────────────────────────────────────────────────────────

    Retry #1 ───────────────────────────────────────────────────────────────────────────────────────

    Error: page.goto: net::ERR_CONNECTION_REFUSED at http://localhost:3001/dashboard
    Call log:
      - navigating to "http://localhost:3001/dashboard", waiting until "load"


       8 |     });
       9 |     
    > 10 |     await page.goto('/dashboard');
         |                ^
      11 |     await page.waitForLoadState('domcontentloaded');
      12 |     // Wait for critical elements to be visible
      13 |     await page.waitForSelector('[data-testid="dashboard-title"]', { timeout: 30000 }).catch(() => {

        at /Users/thabonyembe/Documents/freeflow-app-9/tests/e2e/dashboard.spec.ts:10:16

    attachment #1: screenshot (image/png) ──────────────────────────────────────────────────────────
    test-results/dashboard-Dashboard-Tests-should-have-working-navigation-tabs-mobile-small-android-retry1/test-failed-1.png
    ────────────────────────────────────────────────────────────────────────────────────────────────

    attachment #2: video (video/webm) ──────────────────────────────────────────────────────────────
    test-results/dashboard-Dashboard-Tests-should-have-working-navigation-tabs-mobile-small-android-retry1/video.webm
    ────────────────────────────────────────────────────────────────────────────────────────────────

    attachment #3: trace (application/zip) ─────────────────────────────────────────────────────────
    test-results/dashboard-Dashboard-Tests-should-have-working-navigation-tabs-mobile-small-android-retry1/trace.zip
    Usage:

        npx playwright show-trace test-results/dashboard-Dashboard-Tests-should-have-working-navigation-tabs-mobile-small-android-retry1/trace.zip

    ────────────────────────────────────────────────────────────────────────────────────────────────

    Retry #2 ───────────────────────────────────────────────────────────────────────────────────────

    Error: page.goto: net::ERR_CONNECTION_REFUSED at http://localhost:3001/dashboard
    Call log:
      - navigating to "http://localhost:3001/dashboard", waiting until "load"


       8 |     });
       9 |     
    > 10 |     await page.goto('/dashboard');
         |                ^
      11 |     await page.waitForLoadState('domcontentloaded');
      12 |     // Wait for critical elements to be visible
      13 |     await page.waitForSelector('[data-testid="dashboard-title"]', { timeout: 30000 }).catch(() => {

        at /Users/thabonyembe/Documents/freeflow-app-9/tests/e2e/dashboard.spec.ts:10:16

    attachment #1: screenshot (image/png) ──────────────────────────────────────────────────────────
    test-results/dashboard-Dashboard-Tests-should-have-working-navigation-tabs-mobile-small-android-retry2/test-failed-1.png
    ────────────────────────────────────────────────────────────────────────────────────────────────

    attachment #2: video (video/webm) ──────────────────────────────────────────────────────────────
    test-results/dashboard-Dashboard-Tests-should-have-working-navigation-tabs-mobile-small-android-retry2/video.webm
    ────────────────────────────────────────────────────────────────────────────────────────────────
]]>
</failure>
<system-out>
<![CDATA[
[[ATTACHMENT|dashboard-Dashboard-Tests-should-have-working-navigation-tabs-mobile-small-android/test-failed-1.png]]

[[ATTACHMENT|dashboard-Dashboard-Tests-should-have-working-navigation-tabs-mobile-small-android/video.webm]]

[[ATTACHMENT|dashboard-Dashboard-Tests-should-have-working-navigation-tabs-mobile-small-android-retry1/test-failed-1.png]]

[[ATTACHMENT|dashboard-Dashboard-Tests-should-have-working-navigation-tabs-mobile-small-android-retry1/video.webm]]

[[ATTACHMENT|dashboard-Dashboard-Tests-should-have-working-navigation-tabs-mobile-small-android-retry1/trace.zip]]

[[ATTACHMENT|dashboard-Dashboard-Tests-should-have-working-navigation-tabs-mobile-small-android-retry2/test-failed-1.png]]

[[ATTACHMENT|dashboard-Dashboard-Tests-should-have-working-navigation-tabs-mobile-small-android-retry2/video.webm]]
]]>
</system-out>
</testcase>
<testcase name="Dashboard Tests › should display projects in Projects Hub" classname="dashboard.spec.ts" time="0.796">
<failure message="dashboard.spec.ts:51:7 should display projects in Projects Hub" type="FAILURE">
<![CDATA[  [mobile-small-android] › dashboard.spec.ts:51:7 › Dashboard Tests › should display projects in Projects Hub 

    Error: page.goto: net::ERR_CONNECTION_REFUSED at http://localhost:3001/dashboard
    Call log:
      - navigating to "http://localhost:3001/dashboard", waiting until "load"


       8 |     });
       9 |     
    > 10 |     await page.goto('/dashboard');
         |                ^
      11 |     await page.waitForLoadState('domcontentloaded');
      12 |     // Wait for critical elements to be visible
      13 |     await page.waitForSelector('[data-testid="dashboard-title"]', { timeout: 30000 }).catch(() => {

        at /Users/thabonyembe/Documents/freeflow-app-9/tests/e2e/dashboard.spec.ts:10:16

    attachment #1: screenshot (image/png) ──────────────────────────────────────────────────────────
    test-results/dashboard-Dashboard-Tests-should-display-projects-in-Projects-Hub-mobile-small-android/test-failed-1.png
    ────────────────────────────────────────────────────────────────────────────────────────────────

    attachment #2: video (video/webm) ──────────────────────────────────────────────────────────────
    test-results/dashboard-Dashboard-Tests-should-display-projects-in-Projects-Hub-mobile-small-android/video.webm
    ────────────────────────────────────────────────────────────────────────────────────────────────

    Retry #1 ───────────────────────────────────────────────────────────────────────────────────────

    Error: page.goto: net::ERR_CONNECTION_REFUSED at http://localhost:3001/dashboard
    Call log:
      - navigating to "http://localhost:3001/dashboard", waiting until "load"


       8 |     });
       9 |     
    > 10 |     await page.goto('/dashboard');
         |                ^
      11 |     await page.waitForLoadState('domcontentloaded');
      12 |     // Wait for critical elements to be visible
      13 |     await page.waitForSelector('[data-testid="dashboard-title"]', { timeout: 30000 }).catch(() => {

        at /Users/thabonyembe/Documents/freeflow-app-9/tests/e2e/dashboard.spec.ts:10:16

    attachment #1: screenshot (image/png) ──────────────────────────────────────────────────────────
    test-results/dashboard-Dashboard-Tests-should-display-projects-in-Projects-Hub-mobile-small-android-retry1/test-failed-1.png
    ────────────────────────────────────────────────────────────────────────────────────────────────

    attachment #2: video (video/webm) ──────────────────────────────────────────────────────────────
    test-results/dashboard-Dashboard-Tests-should-display-projects-in-Projects-Hub-mobile-small-android-retry1/video.webm
    ────────────────────────────────────────────────────────────────────────────────────────────────

    attachment #3: trace (application/zip) ─────────────────────────────────────────────────────────
    test-results/dashboard-Dashboard-Tests-should-display-projects-in-Projects-Hub-mobile-small-android-retry1/trace.zip
    Usage:

        npx playwright show-trace test-results/dashboard-Dashboard-Tests-should-display-projects-in-Projects-Hub-mobile-small-android-retry1/trace.zip

    ────────────────────────────────────────────────────────────────────────────────────────────────

    Retry #2 ───────────────────────────────────────────────────────────────────────────────────────

    Error: page.goto: net::ERR_CONNECTION_REFUSED at http://localhost:3001/dashboard
    Call log:
      - navigating to "http://localhost:3001/dashboard", waiting until "load"


       8 |     });
       9 |     
    > 10 |     await page.goto('/dashboard');
         |                ^
      11 |     await page.waitForLoadState('domcontentloaded');
      12 |     // Wait for critical elements to be visible
      13 |     await page.waitForSelector('[data-testid="dashboard-title"]', { timeout: 30000 }).catch(() => {

        at /Users/thabonyembe/Documents/freeflow-app-9/tests/e2e/dashboard.spec.ts:10:16

    attachment #1: screenshot (image/png) ──────────────────────────────────────────────────────────
    test-results/dashboard-Dashboard-Tests-should-display-projects-in-Projects-Hub-mobile-small-android-retry2/test-failed-1.png
    ────────────────────────────────────────────────────────────────────────────────────────────────

    attachment #2: video (video/webm) ──────────────────────────────────────────────────────────────
    test-results/dashboard-Dashboard-Tests-should-display-projects-in-Projects-Hub-mobile-small-android-retry2/video.webm
    ────────────────────────────────────────────────────────────────────────────────────────────────
]]>
</failure>
<system-out>
<![CDATA[
[[ATTACHMENT|dashboard-Dashboard-Tests-should-display-projects-in-Projects-Hub-mobile-small-android/test-failed-1.png]]

[[ATTACHMENT|dashboard-Dashboard-Tests-should-display-projects-in-Projects-Hub-mobile-small-android/video.webm]]

[[ATTACHMENT|dashboard-Dashboard-Tests-should-display-projects-in-Projects-Hub-mobile-small-android-retry1/test-failed-1.png]]

[[ATTACHMENT|dashboard-Dashboard-Tests-should-display-projects-in-Projects-Hub-mobile-small-android-retry1/video.webm]]

[[ATTACHMENT|dashboard-Dashboard-Tests-should-display-projects-in-Projects-Hub-mobile-small-android-retry1/trace.zip]]

[[ATTACHMENT|dashboard-Dashboard-Tests-should-display-projects-in-Projects-Hub-mobile-small-android-retry2/test-failed-1.png]]

[[ATTACHMENT|dashboard-Dashboard-Tests-should-display-projects-in-Projects-Hub-mobile-small-android-retry2/video.webm]]
]]>
</system-out>
</testcase>
<testcase name="Dashboard Tests › should display team members with avatars" classname="dashboard.spec.ts" time="0.801">
<failure message="dashboard.spec.ts:61:7 should display team members with avatars" type="FAILURE">
<![CDATA[  [mobile-small-android] › dashboard.spec.ts:61:7 › Dashboard Tests › should display team members with avatars 

    Error: page.goto: net::ERR_CONNECTION_REFUSED at http://localhost:3001/dashboard
    Call log:
      - navigating to "http://localhost:3001/dashboard", waiting until "load"


       8 |     });
       9 |     
    > 10 |     await page.goto('/dashboard');
         |                ^
      11 |     await page.waitForLoadState('domcontentloaded');
      12 |     // Wait for critical elements to be visible
      13 |     await page.waitForSelector('[data-testid="dashboard-title"]', { timeout: 30000 }).catch(() => {

        at /Users/thabonyembe/Documents/freeflow-app-9/tests/e2e/dashboard.spec.ts:10:16

    attachment #1: screenshot (image/png) ──────────────────────────────────────────────────────────
    test-results/dashboard-Dashboard-Tests-should-display-team-members-with-avatars-mobile-small-android/test-failed-1.png
    ────────────────────────────────────────────────────────────────────────────────────────────────

    attachment #2: video (video/webm) ──────────────────────────────────────────────────────────────
    test-results/dashboard-Dashboard-Tests-should-display-team-members-with-avatars-mobile-small-android/video.webm
    ────────────────────────────────────────────────────────────────────────────────────────────────

    Retry #1 ───────────────────────────────────────────────────────────────────────────────────────

    Error: page.goto: net::ERR_CONNECTION_REFUSED at http://localhost:3001/dashboard
    Call log:
      - navigating to "http://localhost:3001/dashboard", waiting until "load"


       8 |     });
       9 |     
    > 10 |     await page.goto('/dashboard');
         |                ^
      11 |     await page.waitForLoadState('domcontentloaded');
      12 |     // Wait for critical elements to be visible
      13 |     await page.waitForSelector('[data-testid="dashboard-title"]', { timeout: 30000 }).catch(() => {

        at /Users/thabonyembe/Documents/freeflow-app-9/tests/e2e/dashboard.spec.ts:10:16

    attachment #1: screenshot (image/png) ──────────────────────────────────────────────────────────
    test-results/dashboard-Dashboard-Tests-should-display-team-members-with-avatars-mobile-small-android-retry1/test-failed-1.png
    ────────────────────────────────────────────────────────────────────────────────────────────────

    attachment #2: video (video/webm) ──────────────────────────────────────────────────────────────
    test-results/dashboard-Dashboard-Tests-should-display-team-members-with-avatars-mobile-small-android-retry1/video.webm
    ────────────────────────────────────────────────────────────────────────────────────────────────

    attachment #3: trace (application/zip) ─────────────────────────────────────────────────────────
    test-results/dashboard-Dashboard-Tests-should-display-team-members-with-avatars-mobile-small-android-retry1/trace.zip
    Usage:

        npx playwright show-trace test-results/dashboard-Dashboard-Tests-should-display-team-members-with-avatars-mobile-small-android-retry1/trace.zip

    ────────────────────────────────────────────────────────────────────────────────────────────────

    Retry #2 ───────────────────────────────────────────────────────────────────────────────────────

    Error: page.goto: net::ERR_CONNECTION_REFUSED at http://localhost:3001/dashboard
    Call log:
      - navigating to "http://localhost:3001/dashboard", waiting until "load"


       8 |     });
       9 |     
    > 10 |     await page.goto('/dashboard');
         |                ^
      11 |     await page.waitForLoadState('domcontentloaded');
      12 |     // Wait for critical elements to be visible
      13 |     await page.waitForSelector('[data-testid="dashboard-title"]', { timeout: 30000 }).catch(() => {

        at /Users/thabonyembe/Documents/freeflow-app-9/tests/e2e/dashboard.spec.ts:10:16

    attachment #1: screenshot (image/png) ──────────────────────────────────────────────────────────
    test-results/dashboard-Dashboard-Tests-should-display-team-members-with-avatars-mobile-small-android-retry2/test-failed-1.png
    ────────────────────────────────────────────────────────────────────────────────────────────────

    attachment #2: video (video/webm) ──────────────────────────────────────────────────────────────
    test-results/dashboard-Dashboard-Tests-should-display-team-members-with-avatars-mobile-small-android-retry2/video.webm
    ────────────────────────────────────────────────────────────────────────────────────────────────
]]>
</failure>
<system-out>
<![CDATA[
[[ATTACHMENT|dashboard-Dashboard-Tests-should-display-team-members-with-avatars-mobile-small-android/test-failed-1.png]]

[[ATTACHMENT|dashboard-Dashboard-Tests-should-display-team-members-with-avatars-mobile-small-android/video.webm]]

[[ATTACHMENT|dashboard-Dashboard-Tests-should-display-team-members-with-avatars-mobile-small-android-retry1/test-failed-1.png]]

[[ATTACHMENT|dashboard-Dashboard-Tests-should-display-team-members-with-avatars-mobile-small-android-retry1/video.webm]]

[[ATTACHMENT|dashboard-Dashboard-Tests-should-display-team-members-with-avatars-mobile-small-android-retry1/trace.zip]]

[[ATTACHMENT|dashboard-Dashboard-Tests-should-display-team-members-with-avatars-mobile-small-android-retry2/test-failed-1.png]]

[[ATTACHMENT|dashboard-Dashboard-Tests-should-display-team-members-with-avatars-mobile-small-android-retry2/video.webm]]
]]>
</system-out>
</testcase>
<testcase name="Dashboard Tests › should handle new project button click" classname="dashboard.spec.ts" time="0.786">
<failure message="dashboard.spec.ts:73:7 should handle new project button click" type="FAILURE">
<![CDATA[  [mobile-small-android] › dashboard.spec.ts:73:7 › Dashboard Tests › should handle new project button click 

    Error: page.goto: net::ERR_CONNECTION_REFUSED at http://localhost:3001/dashboard
    Call log:
      - navigating to "http://localhost:3001/dashboard", waiting until "load"


       8 |     });
       9 |     
    > 10 |     await page.goto('/dashboard');
         |                ^
      11 |     await page.waitForLoadState('domcontentloaded');
      12 |     // Wait for critical elements to be visible
      13 |     await page.waitForSelector('[data-testid="dashboard-title"]', { timeout: 30000 }).catch(() => {

        at /Users/thabonyembe/Documents/freeflow-app-9/tests/e2e/dashboard.spec.ts:10:16

    attachment #1: screenshot (image/png) ──────────────────────────────────────────────────────────
    test-results/dashboard-Dashboard-Tests-should-handle-new-project-button-click-mobile-small-android/test-failed-1.png
    ────────────────────────────────────────────────────────────────────────────────────────────────

    attachment #2: video (video/webm) ──────────────────────────────────────────────────────────────
    test-results/dashboard-Dashboard-Tests-should-handle-new-project-button-click-mobile-small-android/video.webm
    ────────────────────────────────────────────────────────────────────────────────────────────────

    Retry #1 ───────────────────────────────────────────────────────────────────────────────────────

    Error: page.goto: net::ERR_CONNECTION_REFUSED at http://localhost:3001/dashboard
    Call log:
      - navigating to "http://localhost:3001/dashboard", waiting until "load"


       8 |     });
       9 |     
    > 10 |     await page.goto('/dashboard');
         |                ^
      11 |     await page.waitForLoadState('domcontentloaded');
      12 |     // Wait for critical elements to be visible
      13 |     await page.waitForSelector('[data-testid="dashboard-title"]', { timeout: 30000 }).catch(() => {

        at /Users/thabonyembe/Documents/freeflow-app-9/tests/e2e/dashboard.spec.ts:10:16

    attachment #1: screenshot (image/png) ──────────────────────────────────────────────────────────
    test-results/dashboard-Dashboard-Tests-should-handle-new-project-button-click-mobile-small-android-retry1/test-failed-1.png
    ────────────────────────────────────────────────────────────────────────────────────────────────

    attachment #2: video (video/webm) ──────────────────────────────────────────────────────────────
    test-results/dashboard-Dashboard-Tests-should-handle-new-project-button-click-mobile-small-android-retry1/video.webm
    ────────────────────────────────────────────────────────────────────────────────────────────────

    attachment #3: trace (application/zip) ─────────────────────────────────────────────────────────
    test-results/dashboard-Dashboard-Tests-should-handle-new-project-button-click-mobile-small-android-retry1/trace.zip
    Usage:

        npx playwright show-trace test-results/dashboard-Dashboard-Tests-should-handle-new-project-button-click-mobile-small-android-retry1/trace.zip

    ────────────────────────────────────────────────────────────────────────────────────────────────

    Retry #2 ───────────────────────────────────────────────────────────────────────────────────────

    Error: page.goto: net::ERR_CONNECTION_REFUSED at http://localhost:3001/dashboard
    Call log:
      - navigating to "http://localhost:3001/dashboard", waiting until "load"


       8 |     });
       9 |     
    > 10 |     await page.goto('/dashboard');
         |                ^
      11 |     await page.waitForLoadState('domcontentloaded');
      12 |     // Wait for critical elements to be visible
      13 |     await page.waitForSelector('[data-testid="dashboard-title"]', { timeout: 30000 }).catch(() => {

        at /Users/thabonyembe/Documents/freeflow-app-9/tests/e2e/dashboard.spec.ts:10:16

    attachment #1: screenshot (image/png) ──────────────────────────────────────────────────────────
    test-results/dashboard-Dashboard-Tests-should-handle-new-project-button-click-mobile-small-android-retry2/test-failed-1.png
    ────────────────────────────────────────────────────────────────────────────────────────────────

    attachment #2: video (video/webm) ──────────────────────────────────────────────────────────────
    test-results/dashboard-Dashboard-Tests-should-handle-new-project-button-click-mobile-small-android-retry2/video.webm
    ────────────────────────────────────────────────────────────────────────────────────────────────
]]>
</failure>
<system-out>
<![CDATA[
[[ATTACHMENT|dashboard-Dashboard-Tests-should-handle-new-project-button-click-mobile-small-android/test-failed-1.png]]

[[ATTACHMENT|dashboard-Dashboard-Tests-should-handle-new-project-button-click-mobile-small-android/video.webm]]

[[ATTACHMENT|dashboard-Dashboard-Tests-should-handle-new-project-button-click-mobile-small-android-retry1/test-failed-1.png]]

[[ATTACHMENT|dashboard-Dashboard-Tests-should-handle-new-project-button-click-mobile-small-android-retry1/video.webm]]

[[ATTACHMENT|dashboard-Dashboard-Tests-should-handle-new-project-button-click-mobile-small-android-retry1/trace.zip]]

[[ATTACHMENT|dashboard-Dashboard-Tests-should-handle-new-project-button-click-mobile-small-android-retry2/test-failed-1.png]]

[[ATTACHMENT|dashboard-Dashboard-Tests-should-handle-new-project-button-click-mobile-small-android-retry2/video.webm]]
]]>
</system-out>
</testcase>
<testcase name="Dashboard Tests › should be responsive on mobile" classname="dashboard.spec.ts" time="0.787">
<failure message="dashboard.spec.ts:82:7 should be responsive on mobile" type="FAILURE">
<![CDATA[  [mobile-small-android] › dashboard.spec.ts:82:7 › Dashboard Tests › should be responsive on mobile 

    Error: page.goto: net::ERR_CONNECTION_REFUSED at http://localhost:3001/dashboard
    Call log:
      - navigating to "http://localhost:3001/dashboard", waiting until "load"


       8 |     });
       9 |     
    > 10 |     await page.goto('/dashboard');
         |                ^
      11 |     await page.waitForLoadState('domcontentloaded');
      12 |     // Wait for critical elements to be visible
      13 |     await page.waitForSelector('[data-testid="dashboard-title"]', { timeout: 30000 }).catch(() => {

        at /Users/thabonyembe/Documents/freeflow-app-9/tests/e2e/dashboard.spec.ts:10:16

    attachment #1: screenshot (image/png) ──────────────────────────────────────────────────────────
    test-results/dashboard-Dashboard-Tests-should-be-responsive-on-mobile-mobile-small-android/test-failed-1.png
    ────────────────────────────────────────────────────────────────────────────────────────────────

    attachment #2: video (video/webm) ──────────────────────────────────────────────────────────────
    test-results/dashboard-Dashboard-Tests-should-be-responsive-on-mobile-mobile-small-android/video.webm
    ────────────────────────────────────────────────────────────────────────────────────────────────

    Retry #1 ───────────────────────────────────────────────────────────────────────────────────────

    Error: page.goto: net::ERR_CONNECTION_REFUSED at http://localhost:3001/dashboard
    Call log:
      - navigating to "http://localhost:3001/dashboard", waiting until "load"


       8 |     });
       9 |     
    > 10 |     await page.goto('/dashboard');
         |                ^
      11 |     await page.waitForLoadState('domcontentloaded');
      12 |     // Wait for critical elements to be visible
      13 |     await page.waitForSelector('[data-testid="dashboard-title"]', { timeout: 30000 }).catch(() => {

        at /Users/thabonyembe/Documents/freeflow-app-9/tests/e2e/dashboard.spec.ts:10:16

    attachment #1: screenshot (image/png) ──────────────────────────────────────────────────────────
    test-results/dashboard-Dashboard-Tests-should-be-responsive-on-mobile-mobile-small-android-retry1/test-failed-1.png
    ────────────────────────────────────────────────────────────────────────────────────────────────

    attachment #2: video (video/webm) ──────────────────────────────────────────────────────────────
    test-results/dashboard-Dashboard-Tests-should-be-responsive-on-mobile-mobile-small-android-retry1/video.webm
    ────────────────────────────────────────────────────────────────────────────────────────────────

    attachment #3: trace (application/zip) ─────────────────────────────────────────────────────────
    test-results/dashboard-Dashboard-Tests-should-be-responsive-on-mobile-mobile-small-android-retry1/trace.zip
    Usage:

        npx playwright show-trace test-results/dashboard-Dashboard-Tests-should-be-responsive-on-mobile-mobile-small-android-retry1/trace.zip

    ────────────────────────────────────────────────────────────────────────────────────────────────

    Retry #2 ───────────────────────────────────────────────────────────────────────────────────────

    Error: page.goto: net::ERR_CONNECTION_REFUSED at http://localhost:3001/dashboard
    Call log:
      - navigating to "http://localhost:3001/dashboard", waiting until "load"


       8 |     });
       9 |     
    > 10 |     await page.goto('/dashboard');
         |                ^
      11 |     await page.waitForLoadState('domcontentloaded');
      12 |     // Wait for critical elements to be visible
      13 |     await page.waitForSelector('[data-testid="dashboard-title"]', { timeout: 30000 }).catch(() => {

        at /Users/thabonyembe/Documents/freeflow-app-9/tests/e2e/dashboard.spec.ts:10:16

    attachment #1: screenshot (image/png) ──────────────────────────────────────────────────────────
    test-results/dashboard-Dashboard-Tests-should-be-responsive-on-mobile-mobile-small-android-retry2/test-failed-1.png
    ────────────────────────────────────────────────────────────────────────────────────────────────

    attachment #2: video (video/webm) ──────────────────────────────────────────────────────────────
    test-results/dashboard-Dashboard-Tests-should-be-responsive-on-mobile-mobile-small-android-retry2/video.webm
    ────────────────────────────────────────────────────────────────────────────────────────────────
]]>
</failure>
<system-out>
<![CDATA[
[[ATTACHMENT|dashboard-Dashboard-Tests-should-be-responsive-on-mobile-mobile-small-android/test-failed-1.png]]

[[ATTACHMENT|dashboard-Dashboard-Tests-should-be-responsive-on-mobile-mobile-small-android/video.webm]]

[[ATTACHMENT|dashboard-Dashboard-Tests-should-be-responsive-on-mobile-mobile-small-android-retry1/test-failed-1.png]]

[[ATTACHMENT|dashboard-Dashboard-Tests-should-be-responsive-on-mobile-mobile-small-android-retry1/video.webm]]

[[ATTACHMENT|dashboard-Dashboard-Tests-should-be-responsive-on-mobile-mobile-small-android-retry1/trace.zip]]

[[ATTACHMENT|dashboard-Dashboard-Tests-should-be-responsive-on-mobile-mobile-small-android-retry2/test-failed-1.png]]

[[ATTACHMENT|dashboard-Dashboard-Tests-should-be-responsive-on-mobile-mobile-small-android-retry2/video.webm]]
]]>
</system-out>
</testcase>
<testcase name="Dashboard Tests › should load team member avatars without 404 errors" classname="dashboard.spec.ts" time="0.786">
<failure message="dashboard.spec.ts:93:7 should load team member avatars without 404 errors" type="FAILURE">
<![CDATA[  [mobile-small-android] › dashboard.spec.ts:93:7 › Dashboard Tests › should load team member avatars without 404 errors 

    Error: page.goto: net::ERR_CONNECTION_REFUSED at http://localhost:3001/dashboard
    Call log:
      - navigating to "http://localhost:3001/dashboard", waiting until "load"


       8 |     });
       9 |     
    > 10 |     await page.goto('/dashboard');
         |                ^
      11 |     await page.waitForLoadState('domcontentloaded');
      12 |     // Wait for critical elements to be visible
      13 |     await page.waitForSelector('[data-testid="dashboard-title"]', { timeout: 30000 }).catch(() => {

        at /Users/thabonyembe/Documents/freeflow-app-9/tests/e2e/dashboard.spec.ts:10:16

    attachment #1: screenshot (image/png) ──────────────────────────────────────────────────────────
    test-results/dashboard-Dashboard-Tests-should-load-team-member-avatars-without-404-errors-mobile-small-android/test-failed-1.png
    ────────────────────────────────────────────────────────────────────────────────────────────────

    attachment #2: video (video/webm) ──────────────────────────────────────────────────────────────
    test-results/dashboard-Dashboard-Tests-should-load-team-member-avatars-without-404-errors-mobile-small-android/video.webm
    ────────────────────────────────────────────────────────────────────────────────────────────────

    Retry #1 ───────────────────────────────────────────────────────────────────────────────────────

    Error: page.goto: net::ERR_CONNECTION_REFUSED at http://localhost:3001/dashboard
    Call log:
      - navigating to "http://localhost:3001/dashboard", waiting until "load"


       8 |     });
       9 |     
    > 10 |     await page.goto('/dashboard');
         |                ^
      11 |     await page.waitForLoadState('domcontentloaded');
      12 |     // Wait for critical elements to be visible
      13 |     await page.waitForSelector('[data-testid="dashboard-title"]', { timeout: 30000 }).catch(() => {

        at /Users/thabonyembe/Documents/freeflow-app-9/tests/e2e/dashboard.spec.ts:10:16

    attachment #1: screenshot (image/png) ──────────────────────────────────────────────────────────
    test-results/dashboard-Dashboard-Tests-should-load-team-member-avatars-without-404-errors-mobile-small-android-retry1/test-failed-1.png
    ────────────────────────────────────────────────────────────────────────────────────────────────

    attachment #2: video (video/webm) ──────────────────────────────────────────────────────────────
    test-results/dashboard-Dashboard-Tests-should-load-team-member-avatars-without-404-errors-mobile-small-android-retry1/video.webm
    ────────────────────────────────────────────────────────────────────────────────────────────────

    attachment #3: trace (application/zip) ─────────────────────────────────────────────────────────
    test-results/dashboard-Dashboard-Tests-should-load-team-member-avatars-without-404-errors-mobile-small-android-retry1/trace.zip
    Usage:

        npx playwright show-trace test-results/dashboard-Dashboard-Tests-should-load-team-member-avatars-without-404-errors-mobile-small-android-retry1/trace.zip

    ────────────────────────────────────────────────────────────────────────────────────────────────

    Retry #2 ───────────────────────────────────────────────────────────────────────────────────────

    Error: page.goto: net::ERR_CONNECTION_REFUSED at http://localhost:3001/dashboard
    Call log:
      - navigating to "http://localhost:3001/dashboard", waiting until "load"


       8 |     });
       9 |     
    > 10 |     await page.goto('/dashboard');
         |                ^
      11 |     await page.waitForLoadState('domcontentloaded');
      12 |     // Wait for critical elements to be visible
      13 |     await page.waitForSelector('[data-testid="dashboard-title"]', { timeout: 30000 }).catch(() => {

        at /Users/thabonyembe/Documents/freeflow-app-9/tests/e2e/dashboard.spec.ts:10:16

    attachment #1: screenshot (image/png) ──────────────────────────────────────────────────────────
    test-results/dashboard-Dashboard-Tests-should-load-team-member-avatars-without-404-errors-mobile-small-android-retry2/test-failed-1.png
    ────────────────────────────────────────────────────────────────────────────────────────────────

    attachment #2: video (video/webm) ──────────────────────────────────────────────────────────────
    test-results/dashboard-Dashboard-Tests-should-load-team-member-avatars-without-404-errors-mobile-small-android-retry2/video.webm
    ────────────────────────────────────────────────────────────────────────────────────────────────
]]>
</failure>
<system-out>
<![CDATA[
[[ATTACHMENT|dashboard-Dashboard-Tests-should-load-team-member-avatars-without-404-errors-mobile-small-android/test-failed-1.png]]

[[ATTACHMENT|dashboard-Dashboard-Tests-should-load-team-member-avatars-without-404-errors-mobile-small-android/video.webm]]

[[ATTACHMENT|dashboard-Dashboard-Tests-should-load-team-member-avatars-without-404-errors-mobile-small-android-retry1/test-failed-1.png]]

[[ATTACHMENT|dashboard-Dashboard-Tests-should-load-team-member-avatars-without-404-errors-mobile-small-android-retry1/video.webm]]

[[ATTACHMENT|dashboard-Dashboard-Tests-should-load-team-member-avatars-without-404-errors-mobile-small-android-retry1/trace.zip]]

[[ATTACHMENT|dashboard-Dashboard-Tests-should-load-team-member-avatars-without-404-errors-mobile-small-android-retry2/test-failed-1.png]]

[[ATTACHMENT|dashboard-Dashboard-Tests-should-load-team-member-avatars-without-404-errors-mobile-small-android-retry2/video.webm]]
]]>
</system-out>
</testcase>
<testcase name="Dashboard Tests › should have proper accessibility labels" classname="dashboard.spec.ts" time="0.793">
<failure message="dashboard.spec.ts:108:7 should have proper accessibility labels" type="FAILURE">
<![CDATA[  [mobile-small-android] › dashboard.spec.ts:108:7 › Dashboard Tests › should have proper accessibility labels 

    Error: page.goto: net::ERR_CONNECTION_REFUSED at http://localhost:3001/dashboard
    Call log:
      - navigating to "http://localhost:3001/dashboard", waiting until "load"


       8 |     });
       9 |     
    > 10 |     await page.goto('/dashboard');
         |                ^
      11 |     await page.waitForLoadState('domcontentloaded');
      12 |     // Wait for critical elements to be visible
      13 |     await page.waitForSelector('[data-testid="dashboard-title"]', { timeout: 30000 }).catch(() => {

        at /Users/thabonyembe/Documents/freeflow-app-9/tests/e2e/dashboard.spec.ts:10:16

    attachment #1: screenshot (image/png) ──────────────────────────────────────────────────────────
    test-results/dashboard-Dashboard-Tests-should-have-proper-accessibility-labels-mobile-small-android/test-failed-1.png
    ────────────────────────────────────────────────────────────────────────────────────────────────

    attachment #2: video (video/webm) ──────────────────────────────────────────────────────────────
    test-results/dashboard-Dashboard-Tests-should-have-proper-accessibility-labels-mobile-small-android/video.webm
    ────────────────────────────────────────────────────────────────────────────────────────────────

    Retry #1 ───────────────────────────────────────────────────────────────────────────────────────

    Error: page.goto: net::ERR_CONNECTION_REFUSED at http://localhost:3001/dashboard
    Call log:
      - navigating to "http://localhost:3001/dashboard", waiting until "load"


       8 |     });
       9 |     
    > 10 |     await page.goto('/dashboard');
         |                ^
      11 |     await page.waitForLoadState('domcontentloaded');
      12 |     // Wait for critical elements to be visible
      13 |     await page.waitForSelector('[data-testid="dashboard-title"]', { timeout: 30000 }).catch(() => {

        at /Users/thabonyembe/Documents/freeflow-app-9/tests/e2e/dashboard.spec.ts:10:16

    attachment #1: screenshot (image/png) ──────────────────────────────────────────────────────────
    test-results/dashboard-Dashboard-Tests-should-have-proper-accessibility-labels-mobile-small-android-retry1/test-failed-1.png
    ────────────────────────────────────────────────────────────────────────────────────────────────

    attachment #2: video (video/webm) ──────────────────────────────────────────────────────────────
    test-results/dashboard-Dashboard-Tests-should-have-proper-accessibility-labels-mobile-small-android-retry1/video.webm
    ────────────────────────────────────────────────────────────────────────────────────────────────

    attachment #3: trace (application/zip) ─────────────────────────────────────────────────────────
    test-results/dashboard-Dashboard-Tests-should-have-proper-accessibility-labels-mobile-small-android-retry1/trace.zip
    Usage:

        npx playwright show-trace test-results/dashboard-Dashboard-Tests-should-have-proper-accessibility-labels-mobile-small-android-retry1/trace.zip

    ────────────────────────────────────────────────────────────────────────────────────────────────

    Retry #2 ───────────────────────────────────────────────────────────────────────────────────────

    Error: page.goto: net::ERR_CONNECTION_REFUSED at http://localhost:3001/dashboard
    Call log:
      - navigating to "http://localhost:3001/dashboard", waiting until "load"


       8 |     });
       9 |     
    > 10 |     await page.goto('/dashboard');
         |                ^
      11 |     await page.waitForLoadState('domcontentloaded');
      12 |     // Wait for critical elements to be visible
      13 |     await page.waitForSelector('[data-testid="dashboard-title"]', { timeout: 30000 }).catch(() => {

        at /Users/thabonyembe/Documents/freeflow-app-9/tests/e2e/dashboard.spec.ts:10:16

    attachment #1: screenshot (image/png) ──────────────────────────────────────────────────────────
    test-results/dashboard-Dashboard-Tests-should-have-proper-accessibility-labels-mobile-small-android-retry2/test-failed-1.png
    ────────────────────────────────────────────────────────────────────────────────────────────────

    attachment #2: video (video/webm) ──────────────────────────────────────────────────────────────
    test-results/dashboard-Dashboard-Tests-should-have-proper-accessibility-labels-mobile-small-android-retry2/video.webm
    ────────────────────────────────────────────────────────────────────────────────────────────────
]]>
</failure>
<system-out>
<![CDATA[
[[ATTACHMENT|dashboard-Dashboard-Tests-should-have-proper-accessibility-labels-mobile-small-android/test-failed-1.png]]

[[ATTACHMENT|dashboard-Dashboard-Tests-should-have-proper-accessibility-labels-mobile-small-android/video.webm]]

[[ATTACHMENT|dashboard-Dashboard-Tests-should-have-proper-accessibility-labels-mobile-small-android-retry1/test-failed-1.png]]

[[ATTACHMENT|dashboard-Dashboard-Tests-should-have-proper-accessibility-labels-mobile-small-android-retry1/video.webm]]

[[ATTACHMENT|dashboard-Dashboard-Tests-should-have-proper-accessibility-labels-mobile-small-android-retry1/trace.zip]]

[[ATTACHMENT|dashboard-Dashboard-Tests-should-have-proper-accessibility-labels-mobile-small-android-retry2/test-failed-1.png]]

[[ATTACHMENT|dashboard-Dashboard-Tests-should-have-proper-accessibility-labels-mobile-small-android-retry2/video.webm]]
]]>
</system-out>
</testcase>
</testsuite>
<testsuite name="dashboard.spec.ts" timestamp="2025-06-16T14:04:51.086Z" hostname="ultrawide-desktop" tests="9" failures="9" skipped="0" time="8.445" errors="0">
<testcase name="Dashboard Tests › should load dashboard page successfully" classname="dashboard.spec.ts" time="1.023">
<failure message="dashboard.spec.ts:18:7 should load dashboard page successfully" type="FAILURE">
<![CDATA[  [ultrawide-desktop] › dashboard.spec.ts:18:7 › Dashboard Tests › should load dashboard page successfully 

    Error: page.goto: net::ERR_CONNECTION_REFUSED at http://localhost:3001/dashboard
    Call log:
      - navigating to "http://localhost:3001/dashboard", waiting until "load"


       8 |     });
       9 |     
    > 10 |     await page.goto('/dashboard');
         |                ^
      11 |     await page.waitForLoadState('domcontentloaded');
      12 |     // Wait for critical elements to be visible
      13 |     await page.waitForSelector('[data-testid="dashboard-title"]', { timeout: 30000 }).catch(() => {

        at /Users/thabonyembe/Documents/freeflow-app-9/tests/e2e/dashboard.spec.ts:10:16

    attachment #1: screenshot (image/png) ──────────────────────────────────────────────────────────
    test-results/dashboard-Dashboard-Tests-should-load-dashboard-page-successfully-ultrawide-desktop/test-failed-1.png
    ────────────────────────────────────────────────────────────────────────────────────────────────

    attachment #2: video (video/webm) ──────────────────────────────────────────────────────────────
    test-results/dashboard-Dashboard-Tests-should-load-dashboard-page-successfully-ultrawide-desktop/video.webm
    ────────────────────────────────────────────────────────────────────────────────────────────────

    Retry #1 ───────────────────────────────────────────────────────────────────────────────────────

    Error: page.goto: net::ERR_CONNECTION_REFUSED at http://localhost:3001/dashboard
    Call log:
      - navigating to "http://localhost:3001/dashboard", waiting until "load"


       8 |     });
       9 |     
    > 10 |     await page.goto('/dashboard');
         |                ^
      11 |     await page.waitForLoadState('domcontentloaded');
      12 |     // Wait for critical elements to be visible
      13 |     await page.waitForSelector('[data-testid="dashboard-title"]', { timeout: 30000 }).catch(() => {

        at /Users/thabonyembe/Documents/freeflow-app-9/tests/e2e/dashboard.spec.ts:10:16

    attachment #1: screenshot (image/png) ──────────────────────────────────────────────────────────
    test-results/dashboard-Dashboard-Tests-should-load-dashboard-page-successfully-ultrawide-desktop-retry1/test-failed-1.png
    ────────────────────────────────────────────────────────────────────────────────────────────────

    attachment #2: video (video/webm) ──────────────────────────────────────────────────────────────
    test-results/dashboard-Dashboard-Tests-should-load-dashboard-page-successfully-ultrawide-desktop-retry1/video.webm
    ────────────────────────────────────────────────────────────────────────────────────────────────

    attachment #3: trace (application/zip) ─────────────────────────────────────────────────────────
    test-results/dashboard-Dashboard-Tests-should-load-dashboard-page-successfully-ultrawide-desktop-retry1/trace.zip
    Usage:

        npx playwright show-trace test-results/dashboard-Dashboard-Tests-should-load-dashboard-page-successfully-ultrawide-desktop-retry1/trace.zip

    ────────────────────────────────────────────────────────────────────────────────────────────────

    Retry #2 ───────────────────────────────────────────────────────────────────────────────────────

    Error: page.goto: net::ERR_CONNECTION_REFUSED at http://localhost:3001/dashboard
    Call log:
      - navigating to "http://localhost:3001/dashboard", waiting until "load"


       8 |     });
       9 |     
    > 10 |     await page.goto('/dashboard');
         |                ^
      11 |     await page.waitForLoadState('domcontentloaded');
      12 |     // Wait for critical elements to be visible
      13 |     await page.waitForSelector('[data-testid="dashboard-title"]', { timeout: 30000 }).catch(() => {

        at /Users/thabonyembe/Documents/freeflow-app-9/tests/e2e/dashboard.spec.ts:10:16

    attachment #1: screenshot (image/png) ──────────────────────────────────────────────────────────
    test-results/dashboard-Dashboard-Tests-should-load-dashboard-page-successfully-ultrawide-desktop-retry2/test-failed-1.png
    ────────────────────────────────────────────────────────────────────────────────────────────────
]]>
</failure>
<system-out>
<![CDATA[
[[ATTACHMENT|dashboard-Dashboard-Tests-should-load-dashboard-page-successfully-ultrawide-desktop/test-failed-1.png]]

[[ATTACHMENT|dashboard-Dashboard-Tests-should-load-dashboard-page-successfully-ultrawide-desktop/video.webm]]

[[ATTACHMENT|dashboard-Dashboard-Tests-should-load-dashboard-page-successfully-ultrawide-desktop-retry1/test-failed-1.png]]

[[ATTACHMENT|dashboard-Dashboard-Tests-should-load-dashboard-page-successfully-ultrawide-desktop-retry1/video.webm]]

[[ATTACHMENT|dashboard-Dashboard-Tests-should-load-dashboard-page-successfully-ultrawide-desktop-retry1/trace.zip]]

[[ATTACHMENT|dashboard-Dashboard-Tests-should-load-dashboard-page-successfully-ultrawide-desktop-retry2/test-failed-1.png]]
]]>
</system-out>
</testcase>
<testcase name="Dashboard Tests › should display dashboard stats" classname="dashboard.spec.ts" time="0.963">
<failure message="dashboard.spec.ts:23:7 should display dashboard stats" type="FAILURE">
<![CDATA[  [ultrawide-desktop] › dashboard.spec.ts:23:7 › Dashboard Tests › should display dashboard stats ──

    Error: page.goto: net::ERR_CONNECTION_REFUSED at http://localhost:3001/dashboard
    Call log:
      - navigating to "http://localhost:3001/dashboard", waiting until "load"


       8 |     });
       9 |     
    > 10 |     await page.goto('/dashboard');
         |                ^
      11 |     await page.waitForLoadState('domcontentloaded');
      12 |     // Wait for critical elements to be visible
      13 |     await page.waitForSelector('[data-testid="dashboard-title"]', { timeout: 30000 }).catch(() => {

        at /Users/thabonyembe/Documents/freeflow-app-9/tests/e2e/dashboard.spec.ts:10:16

    attachment #1: screenshot (image/png) ──────────────────────────────────────────────────────────
    test-results/dashboard-Dashboard-Tests-should-display-dashboard-stats-ultrawide-desktop/test-failed-1.png
    ────────────────────────────────────────────────────────────────────────────────────────────────

    Retry #1 ───────────────────────────────────────────────────────────────────────────────────────

    Error: page.goto: net::ERR_CONNECTION_REFUSED at http://localhost:3001/dashboard
    Call log:
      - navigating to "http://localhost:3001/dashboard", waiting until "load"


       8 |     });
       9 |     
    > 10 |     await page.goto('/dashboard');
         |                ^
      11 |     await page.waitForLoadState('domcontentloaded');
      12 |     // Wait for critical elements to be visible
      13 |     await page.waitForSelector('[data-testid="dashboard-title"]', { timeout: 30000 }).catch(() => {

        at /Users/thabonyembe/Documents/freeflow-app-9/tests/e2e/dashboard.spec.ts:10:16

    attachment #1: screenshot (image/png) ──────────────────────────────────────────────────────────
    test-results/dashboard-Dashboard-Tests-should-display-dashboard-stats-ultrawide-desktop-retry1/test-failed-1.png
    ────────────────────────────────────────────────────────────────────────────────────────────────

    attachment #2: video (video/webm) ──────────────────────────────────────────────────────────────
    test-results/dashboard-Dashboard-Tests-should-display-dashboard-stats-ultrawide-desktop-retry1/video.webm
    ────────────────────────────────────────────────────────────────────────────────────────────────

    attachment #3: trace (application/zip) ─────────────────────────────────────────────────────────
    test-results/dashboard-Dashboard-Tests-should-display-dashboard-stats-ultrawide-desktop-retry1/trace.zip
    Usage:

        npx playwright show-trace test-results/dashboard-Dashboard-Tests-should-display-dashboard-stats-ultrawide-desktop-retry1/trace.zip

    ────────────────────────────────────────────────────────────────────────────────────────────────

    Retry #2 ───────────────────────────────────────────────────────────────────────────────────────

    Error: page.goto: net::ERR_CONNECTION_REFUSED at http://localhost:3001/dashboard
    Call log:
      - navigating to "http://localhost:3001/dashboard", waiting until "load"


       8 |     });
       9 |     
    > 10 |     await page.goto('/dashboard');
         |                ^
      11 |     await page.waitForLoadState('domcontentloaded');
      12 |     // Wait for critical elements to be visible
      13 |     await page.waitForSelector('[data-testid="dashboard-title"]', { timeout: 30000 }).catch(() => {

        at /Users/thabonyembe/Documents/freeflow-app-9/tests/e2e/dashboard.spec.ts:10:16

    attachment #1: screenshot (image/png) ──────────────────────────────────────────────────────────
    test-results/dashboard-Dashboard-Tests-should-display-dashboard-stats-ultrawide-desktop-retry2/test-failed-1.png
    ────────────────────────────────────────────────────────────────────────────────────────────────

    attachment #2: video (video/webm) ──────────────────────────────────────────────────────────────
    test-results/dashboard-Dashboard-Tests-should-display-dashboard-stats-ultrawide-desktop-retry2/video.webm
    ────────────────────────────────────────────────────────────────────────────────────────────────
]]>
</failure>
<system-out>
<![CDATA[
[[ATTACHMENT|dashboard-Dashboard-Tests-should-display-dashboard-stats-ultrawide-desktop/test-failed-1.png]]

[[ATTACHMENT|dashboard-Dashboard-Tests-should-display-dashboard-stats-ultrawide-desktop-retry1/test-failed-1.png]]

[[ATTACHMENT|dashboard-Dashboard-Tests-should-display-dashboard-stats-ultrawide-desktop-retry1/video.webm]]

[[ATTACHMENT|dashboard-Dashboard-Tests-should-display-dashboard-stats-ultrawide-desktop-retry1/trace.zip]]

[[ATTACHMENT|dashboard-Dashboard-Tests-should-display-dashboard-stats-ultrawide-desktop-retry2/test-failed-1.png]]

[[ATTACHMENT|dashboard-Dashboard-Tests-should-display-dashboard-stats-ultrawide-desktop-retry2/video.webm]]
]]>
</system-out>
</testcase>
<testcase name="Dashboard Tests › should have working navigation tabs" classname="dashboard.spec.ts" time="0.874">
<failure message="dashboard.spec.ts:30:7 should have working navigation tabs" type="FAILURE">
<![CDATA[  [ultrawide-desktop] › dashboard.spec.ts:30:7 › Dashboard Tests › should have working navigation tabs 

    Error: page.goto: net::ERR_CONNECTION_REFUSED at http://localhost:3001/dashboard
    Call log:
      - navigating to "http://localhost:3001/dashboard", waiting until "load"


       8 |     });
       9 |     
    > 10 |     await page.goto('/dashboard');
         |                ^
      11 |     await page.waitForLoadState('domcontentloaded');
      12 |     // Wait for critical elements to be visible
      13 |     await page.waitForSelector('[data-testid="dashboard-title"]', { timeout: 30000 }).catch(() => {

        at /Users/thabonyembe/Documents/freeflow-app-9/tests/e2e/dashboard.spec.ts:10:16

    attachment #1: screenshot (image/png) ──────────────────────────────────────────────────────────
    test-results/dashboard-Dashboard-Tests-should-have-working-navigation-tabs-ultrawide-desktop/test-failed-1.png
    ────────────────────────────────────────────────────────────────────────────────────────────────

    attachment #2: video (video/webm) ──────────────────────────────────────────────────────────────
    test-results/dashboard-Dashboard-Tests-should-have-working-navigation-tabs-ultrawide-desktop/video.webm
    ────────────────────────────────────────────────────────────────────────────────────────────────

    Retry #1 ───────────────────────────────────────────────────────────────────────────────────────

    Error: page.goto: net::ERR_CONNECTION_REFUSED at http://localhost:3001/dashboard
    Call log:
      - navigating to "http://localhost:3001/dashboard", waiting until "load"


       8 |     });
       9 |     
    > 10 |     await page.goto('/dashboard');
         |                ^
      11 |     await page.waitForLoadState('domcontentloaded');
      12 |     // Wait for critical elements to be visible
      13 |     await page.waitForSelector('[data-testid="dashboard-title"]', { timeout: 30000 }).catch(() => {

        at /Users/thabonyembe/Documents/freeflow-app-9/tests/e2e/dashboard.spec.ts:10:16

    attachment #1: screenshot (image/png) ──────────────────────────────────────────────────────────
    test-results/dashboard-Dashboard-Tests-should-have-working-navigation-tabs-ultrawide-desktop-retry1/test-failed-1.png
    ────────────────────────────────────────────────────────────────────────────────────────────────

    attachment #2: video (video/webm) ──────────────────────────────────────────────────────────────
    test-results/dashboard-Dashboard-Tests-should-have-working-navigation-tabs-ultrawide-desktop-retry1/video.webm
    ────────────────────────────────────────────────────────────────────────────────────────────────

    attachment #3: trace (application/zip) ─────────────────────────────────────────────────────────
    test-results/dashboard-Dashboard-Tests-should-have-working-navigation-tabs-ultrawide-desktop-retry1/trace.zip
    Usage:

        npx playwright show-trace test-results/dashboard-Dashboard-Tests-should-have-working-navigation-tabs-ultrawide-desktop-retry1/trace.zip

    ────────────────────────────────────────────────────────────────────────────────────────────────

    Retry #2 ───────────────────────────────────────────────────────────────────────────────────────

    Error: page.goto: net::ERR_CONNECTION_REFUSED at http://localhost:3001/dashboard
    Call log:
      - navigating to "http://localhost:3001/dashboard", waiting until "load"


       8 |     });
       9 |     
    > 10 |     await page.goto('/dashboard');
         |                ^
      11 |     await page.waitForLoadState('domcontentloaded');
      12 |     // Wait for critical elements to be visible
      13 |     await page.waitForSelector('[data-testid="dashboard-title"]', { timeout: 30000 }).catch(() => {

        at /Users/thabonyembe/Documents/freeflow-app-9/tests/e2e/dashboard.spec.ts:10:16

    attachment #1: screenshot (image/png) ──────────────────────────────────────────────────────────
    test-results/dashboard-Dashboard-Tests-should-have-working-navigation-tabs-ultrawide-desktop-retry2/test-failed-1.png
    ────────────────────────────────────────────────────────────────────────────────────────────────

    attachment #2: video (video/webm) ──────────────────────────────────────────────────────────────
    test-results/dashboard-Dashboard-Tests-should-have-working-navigation-tabs-ultrawide-desktop-retry2/video.webm
    ────────────────────────────────────────────────────────────────────────────────────────────────
]]>
</failure>
<system-out>
<![CDATA[
[[ATTACHMENT|dashboard-Dashboard-Tests-should-have-working-navigation-tabs-ultrawide-desktop/test-failed-1.png]]

[[ATTACHMENT|dashboard-Dashboard-Tests-should-have-working-navigation-tabs-ultrawide-desktop/video.webm]]

[[ATTACHMENT|dashboard-Dashboard-Tests-should-have-working-navigation-tabs-ultrawide-desktop-retry1/test-failed-1.png]]

[[ATTACHMENT|dashboard-Dashboard-Tests-should-have-working-navigation-tabs-ultrawide-desktop-retry1/video.webm]]

[[ATTACHMENT|dashboard-Dashboard-Tests-should-have-working-navigation-tabs-ultrawide-desktop-retry1/trace.zip]]

[[ATTACHMENT|dashboard-Dashboard-Tests-should-have-working-navigation-tabs-ultrawide-desktop-retry2/test-failed-1.png]]

[[ATTACHMENT|dashboard-Dashboard-Tests-should-have-working-navigation-tabs-ultrawide-desktop-retry2/video.webm]]
]]>
</system-out>
</testcase>
<testcase name="Dashboard Tests › should display projects in Projects Hub" classname="dashboard.spec.ts" time="0.931">
<failure message="dashboard.spec.ts:51:7 should display projects in Projects Hub" type="FAILURE">
<![CDATA[  [ultrawide-desktop] › dashboard.spec.ts:51:7 › Dashboard Tests › should display projects in Projects Hub 

    Error: page.goto: net::ERR_CONNECTION_REFUSED at http://localhost:3001/dashboard
    Call log:
      - navigating to "http://localhost:3001/dashboard", waiting until "load"


       8 |     });
       9 |     
    > 10 |     await page.goto('/dashboard');
         |                ^
      11 |     await page.waitForLoadState('domcontentloaded');
      12 |     // Wait for critical elements to be visible
      13 |     await page.waitForSelector('[data-testid="dashboard-title"]', { timeout: 30000 }).catch(() => {

        at /Users/thabonyembe/Documents/freeflow-app-9/tests/e2e/dashboard.spec.ts:10:16

    attachment #1: screenshot (image/png) ──────────────────────────────────────────────────────────
    test-results/dashboard-Dashboard-Tests-should-display-projects-in-Projects-Hub-ultrawide-desktop/test-failed-1.png
    ────────────────────────────────────────────────────────────────────────────────────────────────

    attachment #2: video (video/webm) ──────────────────────────────────────────────────────────────
    test-results/dashboard-Dashboard-Tests-should-display-projects-in-Projects-Hub-ultrawide-desktop/video.webm
    ────────────────────────────────────────────────────────────────────────────────────────────────

    Retry #1 ───────────────────────────────────────────────────────────────────────────────────────

    Error: page.goto: net::ERR_CONNECTION_REFUSED at http://localhost:3001/dashboard
    Call log:
      - navigating to "http://localhost:3001/dashboard", waiting until "load"


       8 |     });
       9 |     
    > 10 |     await page.goto('/dashboard');
         |                ^
      11 |     await page.waitForLoadState('domcontentloaded');
      12 |     // Wait for critical elements to be visible
      13 |     await page.waitForSelector('[data-testid="dashboard-title"]', { timeout: 30000 }).catch(() => {

        at /Users/thabonyembe/Documents/freeflow-app-9/tests/e2e/dashboard.spec.ts:10:16

    attachment #1: screenshot (image/png) ──────────────────────────────────────────────────────────
    test-results/dashboard-Dashboard-Tests-should-display-projects-in-Projects-Hub-ultrawide-desktop-retry1/test-failed-1.png
    ────────────────────────────────────────────────────────────────────────────────────────────────

    attachment #2: video (video/webm) ──────────────────────────────────────────────────────────────
    test-results/dashboard-Dashboard-Tests-should-display-projects-in-Projects-Hub-ultrawide-desktop-retry1/video.webm
    ────────────────────────────────────────────────────────────────────────────────────────────────

    attachment #3: trace (application/zip) ─────────────────────────────────────────────────────────
    test-results/dashboard-Dashboard-Tests-should-display-projects-in-Projects-Hub-ultrawide-desktop-retry1/trace.zip
    Usage:

        npx playwright show-trace test-results/dashboard-Dashboard-Tests-should-display-projects-in-Projects-Hub-ultrawide-desktop-retry1/trace.zip

    ────────────────────────────────────────────────────────────────────────────────────────────────

    Retry #2 ───────────────────────────────────────────────────────────────────────────────────────

    Error: page.goto: net::ERR_CONNECTION_REFUSED at http://localhost:3001/dashboard
    Call log:
      - navigating to "http://localhost:3001/dashboard", waiting until "load"


       8 |     });
       9 |     
    > 10 |     await page.goto('/dashboard');
         |                ^
      11 |     await page.waitForLoadState('domcontentloaded');
      12 |     // Wait for critical elements to be visible
      13 |     await page.waitForSelector('[data-testid="dashboard-title"]', { timeout: 30000 }).catch(() => {

        at /Users/thabonyembe/Documents/freeflow-app-9/tests/e2e/dashboard.spec.ts:10:16

    attachment #1: screenshot (image/png) ──────────────────────────────────────────────────────────
    test-results/dashboard-Dashboard-Tests-should-display-projects-in-Projects-Hub-ultrawide-desktop-retry2/test-failed-1.png
    ────────────────────────────────────────────────────────────────────────────────────────────────

    attachment #2: video (video/webm) ──────────────────────────────────────────────────────────────
    test-results/dashboard-Dashboard-Tests-should-display-projects-in-Projects-Hub-ultrawide-desktop-retry2/video.webm
    ────────────────────────────────────────────────────────────────────────────────────────────────
]]>
</failure>
<system-out>
<![CDATA[
[[ATTACHMENT|dashboard-Dashboard-Tests-should-display-projects-in-Projects-Hub-ultrawide-desktop/test-failed-1.png]]

[[ATTACHMENT|dashboard-Dashboard-Tests-should-display-projects-in-Projects-Hub-ultrawide-desktop/video.webm]]

[[ATTACHMENT|dashboard-Dashboard-Tests-should-display-projects-in-Projects-Hub-ultrawide-desktop-retry1/test-failed-1.png]]

[[ATTACHMENT|dashboard-Dashboard-Tests-should-display-projects-in-Projects-Hub-ultrawide-desktop-retry1/video.webm]]

[[ATTACHMENT|dashboard-Dashboard-Tests-should-display-projects-in-Projects-Hub-ultrawide-desktop-retry1/trace.zip]]

[[ATTACHMENT|dashboard-Dashboard-Tests-should-display-projects-in-Projects-Hub-ultrawide-desktop-retry2/test-failed-1.png]]

[[ATTACHMENT|dashboard-Dashboard-Tests-should-display-projects-in-Projects-Hub-ultrawide-desktop-retry2/video.webm]]
]]>
</system-out>
</testcase>
<testcase name="Dashboard Tests › should display team members with avatars" classname="dashboard.spec.ts" time="0.885">
<failure message="dashboard.spec.ts:61:7 should display team members with avatars" type="FAILURE">
<![CDATA[  [ultrawide-desktop] › dashboard.spec.ts:61:7 › Dashboard Tests › should display team members with avatars 

    Error: page.goto: net::ERR_CONNECTION_REFUSED at http://localhost:3001/dashboard
    Call log:
      - navigating to "http://localhost:3001/dashboard", waiting until "load"


       8 |     });
       9 |     
    > 10 |     await page.goto('/dashboard');
         |                ^
      11 |     await page.waitForLoadState('domcontentloaded');
      12 |     // Wait for critical elements to be visible
      13 |     await page.waitForSelector('[data-testid="dashboard-title"]', { timeout: 30000 }).catch(() => {

        at /Users/thabonyembe/Documents/freeflow-app-9/tests/e2e/dashboard.spec.ts:10:16

    attachment #1: screenshot (image/png) ──────────────────────────────────────────────────────────
    test-results/dashboard-Dashboard-Tests-should-display-team-members-with-avatars-ultrawide-desktop/test-failed-1.png
    ────────────────────────────────────────────────────────────────────────────────────────────────

    Retry #1 ───────────────────────────────────────────────────────────────────────────────────────

    Error: page.goto: net::ERR_CONNECTION_REFUSED at http://localhost:3001/dashboard
    Call log:
      - navigating to "http://localhost:3001/dashboard", waiting until "load"


       8 |     });
       9 |     
    > 10 |     await page.goto('/dashboard');
         |                ^
      11 |     await page.waitForLoadState('domcontentloaded');
      12 |     // Wait for critical elements to be visible
      13 |     await page.waitForSelector('[data-testid="dashboard-title"]', { timeout: 30000 }).catch(() => {

        at /Users/thabonyembe/Documents/freeflow-app-9/tests/e2e/dashboard.spec.ts:10:16

    attachment #1: screenshot (image/png) ──────────────────────────────────────────────────────────
    test-results/dashboard-Dashboard-Tests-should-display-team-members-with-avatars-ultrawide-desktop-retry1/test-failed-1.png
    ────────────────────────────────────────────────────────────────────────────────────────────────

    attachment #2: video (video/webm) ──────────────────────────────────────────────────────────────
    test-results/dashboard-Dashboard-Tests-should-display-team-members-with-avatars-ultrawide-desktop-retry1/video.webm
    ────────────────────────────────────────────────────────────────────────────────────────────────

    attachment #3: trace (application/zip) ─────────────────────────────────────────────────────────
    test-results/dashboard-Dashboard-Tests-should-display-team-members-with-avatars-ultrawide-desktop-retry1/trace.zip
    Usage:

        npx playwright show-trace test-results/dashboard-Dashboard-Tests-should-display-team-members-with-avatars-ultrawide-desktop-retry1/trace.zip

    ────────────────────────────────────────────────────────────────────────────────────────────────

    Retry #2 ───────────────────────────────────────────────────────────────────────────────────────

    Error: page.goto: net::ERR_CONNECTION_REFUSED at http://localhost:3001/dashboard
    Call log:
      - navigating to "http://localhost:3001/dashboard", waiting until "load"


       8 |     });
       9 |     
    > 10 |     await page.goto('/dashboard');
         |                ^
      11 |     await page.waitForLoadState('domcontentloaded');
      12 |     // Wait for critical elements to be visible
      13 |     await page.waitForSelector('[data-testid="dashboard-title"]', { timeout: 30000 }).catch(() => {

        at /Users/thabonyembe/Documents/freeflow-app-9/tests/e2e/dashboard.spec.ts:10:16

    attachment #1: screenshot (image/png) ──────────────────────────────────────────────────────────
    test-results/dashboard-Dashboard-Tests-should-display-team-members-with-avatars-ultrawide-desktop-retry2/test-failed-1.png
    ────────────────────────────────────────────────────────────────────────────────────────────────

    attachment #2: video (video/webm) ──────────────────────────────────────────────────────────────
    test-results/dashboard-Dashboard-Tests-should-display-team-members-with-avatars-ultrawide-desktop-retry2/video.webm
    ────────────────────────────────────────────────────────────────────────────────────────────────
]]>
</failure>
<system-out>
<![CDATA[
[[ATTACHMENT|dashboard-Dashboard-Tests-should-display-team-members-with-avatars-ultrawide-desktop/test-failed-1.png]]

[[ATTACHMENT|dashboard-Dashboard-Tests-should-display-team-members-with-avatars-ultrawide-desktop-retry1/test-failed-1.png]]

[[ATTACHMENT|dashboard-Dashboard-Tests-should-display-team-members-with-avatars-ultrawide-desktop-retry1/video.webm]]

[[ATTACHMENT|dashboard-Dashboard-Tests-should-display-team-members-with-avatars-ultrawide-desktop-retry1/trace.zip]]

[[ATTACHMENT|dashboard-Dashboard-Tests-should-display-team-members-with-avatars-ultrawide-desktop-retry2/test-failed-1.png]]

[[ATTACHMENT|dashboard-Dashboard-Tests-should-display-team-members-with-avatars-ultrawide-desktop-retry2/video.webm]]
]]>
</system-out>
</testcase>
<testcase name="Dashboard Tests › should handle new project button click" classname="dashboard.spec.ts" time="0.829">
<failure message="dashboard.spec.ts:73:7 should handle new project button click" type="FAILURE">
<![CDATA[  [ultrawide-desktop] › dashboard.spec.ts:73:7 › Dashboard Tests › should handle new project button click 

    Error: page.goto: net::ERR_CONNECTION_REFUSED at http://localhost:3001/dashboard
    Call log:
      - navigating to "http://localhost:3001/dashboard", waiting until "load"


       8 |     });
       9 |     
    > 10 |     await page.goto('/dashboard');
         |                ^
      11 |     await page.waitForLoadState('domcontentloaded');
      12 |     // Wait for critical elements to be visible
      13 |     await page.waitForSelector('[data-testid="dashboard-title"]', { timeout: 30000 }).catch(() => {

        at /Users/thabonyembe/Documents/freeflow-app-9/tests/e2e/dashboard.spec.ts:10:16

    attachment #1: screenshot (image/png) ──────────────────────────────────────────────────────────
    test-results/dashboard-Dashboard-Tests-should-handle-new-project-button-click-ultrawide-desktop/test-failed-1.png
    ────────────────────────────────────────────────────────────────────────────────────────────────

    attachment #2: video (video/webm) ──────────────────────────────────────────────────────────────
    test-results/dashboard-Dashboard-Tests-should-handle-new-project-button-click-ultrawide-desktop/video.webm
    ────────────────────────────────────────────────────────────────────────────────────────────────

    Retry #1 ───────────────────────────────────────────────────────────────────────────────────────

    Error: page.goto: net::ERR_CONNECTION_REFUSED at http://localhost:3001/dashboard
    Call log:
      - navigating to "http://localhost:3001/dashboard", waiting until "load"


       8 |     });
       9 |     
    > 10 |     await page.goto('/dashboard');
         |                ^
      11 |     await page.waitForLoadState('domcontentloaded');
      12 |     // Wait for critical elements to be visible
      13 |     await page.waitForSelector('[data-testid="dashboard-title"]', { timeout: 30000 }).catch(() => {

        at /Users/thabonyembe/Documents/freeflow-app-9/tests/e2e/dashboard.spec.ts:10:16

    attachment #1: screenshot (image/png) ──────────────────────────────────────────────────────────
    test-results/dashboard-Dashboard-Tests-should-handle-new-project-button-click-ultrawide-desktop-retry1/test-failed-1.png
    ────────────────────────────────────────────────────────────────────────────────────────────────

    attachment #2: video (video/webm) ──────────────────────────────────────────────────────────────
    test-results/dashboard-Dashboard-Tests-should-handle-new-project-button-click-ultrawide-desktop-retry1/video.webm
    ────────────────────────────────────────────────────────────────────────────────────────────────

    attachment #3: trace (application/zip) ─────────────────────────────────────────────────────────
    test-results/dashboard-Dashboard-Tests-should-handle-new-project-button-click-ultrawide-desktop-retry1/trace.zip
    Usage:

        npx playwright show-trace test-results/dashboard-Dashboard-Tests-should-handle-new-project-button-click-ultrawide-desktop-retry1/trace.zip

    ────────────────────────────────────────────────────────────────────────────────────────────────

    Retry #2 ───────────────────────────────────────────────────────────────────────────────────────

    Error: page.goto: net::ERR_CONNECTION_REFUSED at http://localhost:3001/dashboard
    Call log:
      - navigating to "http://localhost:3001/dashboard", waiting until "load"


       8 |     });
       9 |     
    > 10 |     await page.goto('/dashboard');
         |                ^
      11 |     await page.waitForLoadState('domcontentloaded');
      12 |     // Wait for critical elements to be visible
      13 |     await page.waitForSelector('[data-testid="dashboard-title"]', { timeout: 30000 }).catch(() => {

        at /Users/thabonyembe/Documents/freeflow-app-9/tests/e2e/dashboard.spec.ts:10:16

    attachment #1: screenshot (image/png) ──────────────────────────────────────────────────────────
    test-results/dashboard-Dashboard-Tests-should-handle-new-project-button-click-ultrawide-desktop-retry2/test-failed-1.png
    ────────────────────────────────────────────────────────────────────────────────────────────────
]]>
</failure>
<system-out>
<![CDATA[
[[ATTACHMENT|dashboard-Dashboard-Tests-should-handle-new-project-button-click-ultrawide-desktop/test-failed-1.png]]

[[ATTACHMENT|dashboard-Dashboard-Tests-should-handle-new-project-button-click-ultrawide-desktop/video.webm]]

[[ATTACHMENT|dashboard-Dashboard-Tests-should-handle-new-project-button-click-ultrawide-desktop-retry1/test-failed-1.png]]

[[ATTACHMENT|dashboard-Dashboard-Tests-should-handle-new-project-button-click-ultrawide-desktop-retry1/video.webm]]

[[ATTACHMENT|dashboard-Dashboard-Tests-should-handle-new-project-button-click-ultrawide-desktop-retry1/trace.zip]]

[[ATTACHMENT|dashboard-Dashboard-Tests-should-handle-new-project-button-click-ultrawide-desktop-retry2/test-failed-1.png]]
]]>
</system-out>
</testcase>
<testcase name="Dashboard Tests › should be responsive on mobile" classname="dashboard.spec.ts" time="0.938">
<failure message="dashboard.spec.ts:82:7 should be responsive on mobile" type="FAILURE">
<![CDATA[  [ultrawide-desktop] › dashboard.spec.ts:82:7 › Dashboard Tests › should be responsive on mobile ──

    Error: page.goto: net::ERR_CONNECTION_REFUSED at http://localhost:3001/dashboard
    Call log:
      - navigating to "http://localhost:3001/dashboard", waiting until "load"


       8 |     });
       9 |     
    > 10 |     await page.goto('/dashboard');
         |                ^
      11 |     await page.waitForLoadState('domcontentloaded');
      12 |     // Wait for critical elements to be visible
      13 |     await page.waitForSelector('[data-testid="dashboard-title"]', { timeout: 30000 }).catch(() => {

        at /Users/thabonyembe/Documents/freeflow-app-9/tests/e2e/dashboard.spec.ts:10:16

    attachment #1: screenshot (image/png) ──────────────────────────────────────────────────────────
    test-results/dashboard-Dashboard-Tests-should-be-responsive-on-mobile-ultrawide-desktop/test-failed-1.png
    ────────────────────────────────────────────────────────────────────────────────────────────────

    attachment #2: video (video/webm) ──────────────────────────────────────────────────────────────
    test-results/dashboard-Dashboard-Tests-should-be-responsive-on-mobile-ultrawide-desktop/video.webm
    ────────────────────────────────────────────────────────────────────────────────────────────────

    Retry #1 ───────────────────────────────────────────────────────────────────────────────────────

    Error: page.goto: net::ERR_CONNECTION_REFUSED at http://localhost:3001/dashboard
    Call log:
      - navigating to "http://localhost:3001/dashboard", waiting until "load"


       8 |     });
       9 |     
    > 10 |     await page.goto('/dashboard');
         |                ^
      11 |     await page.waitForLoadState('domcontentloaded');
      12 |     // Wait for critical elements to be visible
      13 |     await page.waitForSelector('[data-testid="dashboard-title"]', { timeout: 30000 }).catch(() => {

        at /Users/thabonyembe/Documents/freeflow-app-9/tests/e2e/dashboard.spec.ts:10:16

    attachment #1: screenshot (image/png) ──────────────────────────────────────────────────────────
    test-results/dashboard-Dashboard-Tests-should-be-responsive-on-mobile-ultrawide-desktop-retry1/test-failed-1.png
    ────────────────────────────────────────────────────────────────────────────────────────────────

    attachment #2: video (video/webm) ──────────────────────────────────────────────────────────────
    test-results/dashboard-Dashboard-Tests-should-be-responsive-on-mobile-ultrawide-desktop-retry1/video.webm
    ────────────────────────────────────────────────────────────────────────────────────────────────

    attachment #3: trace (application/zip) ─────────────────────────────────────────────────────────
    test-results/dashboard-Dashboard-Tests-should-be-responsive-on-mobile-ultrawide-desktop-retry1/trace.zip
    Usage:

        npx playwright show-trace test-results/dashboard-Dashboard-Tests-should-be-responsive-on-mobile-ultrawide-desktop-retry1/trace.zip

    ────────────────────────────────────────────────────────────────────────────────────────────────

    Retry #2 ───────────────────────────────────────────────────────────────────────────────────────

    Error: page.goto: net::ERR_CONNECTION_REFUSED at http://localhost:3001/dashboard
    Call log:
      - navigating to "http://localhost:3001/dashboard", waiting until "load"


       8 |     });
       9 |     
    > 10 |     await page.goto('/dashboard');
         |                ^
      11 |     await page.waitForLoadState('domcontentloaded');
      12 |     // Wait for critical elements to be visible
      13 |     await page.waitForSelector('[data-testid="dashboard-title"]', { timeout: 30000 }).catch(() => {

        at /Users/thabonyembe/Documents/freeflow-app-9/tests/e2e/dashboard.spec.ts:10:16

    attachment #1: screenshot (image/png) ──────────────────────────────────────────────────────────
    test-results/dashboard-Dashboard-Tests-should-be-responsive-on-mobile-ultrawide-desktop-retry2/test-failed-1.png
    ────────────────────────────────────────────────────────────────────────────────────────────────

    attachment #2: video (video/webm) ──────────────────────────────────────────────────────────────
    test-results/dashboard-Dashboard-Tests-should-be-responsive-on-mobile-ultrawide-desktop-retry2/video.webm
    ────────────────────────────────────────────────────────────────────────────────────────────────
]]>
</failure>
<system-out>
<![CDATA[
[[ATTACHMENT|dashboard-Dashboard-Tests-should-be-responsive-on-mobile-ultrawide-desktop/test-failed-1.png]]

[[ATTACHMENT|dashboard-Dashboard-Tests-should-be-responsive-on-mobile-ultrawide-desktop/video.webm]]

[[ATTACHMENT|dashboard-Dashboard-Tests-should-be-responsive-on-mobile-ultrawide-desktop-retry1/test-failed-1.png]]

[[ATTACHMENT|dashboard-Dashboard-Tests-should-be-responsive-on-mobile-ultrawide-desktop-retry1/video.webm]]

[[ATTACHMENT|dashboard-Dashboard-Tests-should-be-responsive-on-mobile-ultrawide-desktop-retry1/trace.zip]]

[[ATTACHMENT|dashboard-Dashboard-Tests-should-be-responsive-on-mobile-ultrawide-desktop-retry2/test-failed-1.png]]

[[ATTACHMENT|dashboard-Dashboard-Tests-should-be-responsive-on-mobile-ultrawide-desktop-retry2/video.webm]]
]]>
</system-out>
</testcase>
<testcase name="Dashboard Tests › should load team member avatars without 404 errors" classname="dashboard.spec.ts" time="1.045">
<failure message="dashboard.spec.ts:93:7 should load team member avatars without 404 errors" type="FAILURE">
<![CDATA[  [ultrawide-desktop] › dashboard.spec.ts:93:7 › Dashboard Tests › should load team member avatars without 404 errors 

    Error: page.goto: net::ERR_CONNECTION_REFUSED at http://localhost:3001/dashboard
    Call log:
      - navigating to "http://localhost:3001/dashboard", waiting until "load"


       8 |     });
       9 |     
    > 10 |     await page.goto('/dashboard');
         |                ^
      11 |     await page.waitForLoadState('domcontentloaded');
      12 |     // Wait for critical elements to be visible
      13 |     await page.waitForSelector('[data-testid="dashboard-title"]', { timeout: 30000 }).catch(() => {

        at /Users/thabonyembe/Documents/freeflow-app-9/tests/e2e/dashboard.spec.ts:10:16

    attachment #1: screenshot (image/png) ──────────────────────────────────────────────────────────
    test-results/dashboard-Dashboard-Tests-should-load-team-member-avatars-without-404-errors-ultrawide-desktop/test-failed-1.png
    ────────────────────────────────────────────────────────────────────────────────────────────────

    attachment #2: video (video/webm) ──────────────────────────────────────────────────────────────
    test-results/dashboard-Dashboard-Tests-should-load-team-member-avatars-without-404-errors-ultrawide-desktop/video.webm
    ────────────────────────────────────────────────────────────────────────────────────────────────

    Retry #1 ───────────────────────────────────────────────────────────────────────────────────────

    Error: page.goto: net::ERR_CONNECTION_REFUSED at http://localhost:3001/dashboard
    Call log:
      - navigating to "http://localhost:3001/dashboard", waiting until "load"


       8 |     });
       9 |     
    > 10 |     await page.goto('/dashboard');
         |                ^
      11 |     await page.waitForLoadState('domcontentloaded');
      12 |     // Wait for critical elements to be visible
      13 |     await page.waitForSelector('[data-testid="dashboard-title"]', { timeout: 30000 }).catch(() => {

        at /Users/thabonyembe/Documents/freeflow-app-9/tests/e2e/dashboard.spec.ts:10:16

    attachment #1: screenshot (image/png) ──────────────────────────────────────────────────────────
    test-results/dashboard-Dashboard-Tests-should-load-team-member-avatars-without-404-errors-ultrawide-desktop-retry1/test-failed-1.png
    ────────────────────────────────────────────────────────────────────────────────────────────────

    attachment #2: video (video/webm) ──────────────────────────────────────────────────────────────
    test-results/dashboard-Dashboard-Tests-should-load-team-member-avatars-without-404-errors-ultrawide-desktop-retry1/video.webm
    ────────────────────────────────────────────────────────────────────────────────────────────────

    attachment #3: trace (application/zip) ─────────────────────────────────────────────────────────
    test-results/dashboard-Dashboard-Tests-should-load-team-member-avatars-without-404-errors-ultrawide-desktop-retry1/trace.zip
    Usage:

        npx playwright show-trace test-results/dashboard-Dashboard-Tests-should-load-team-member-avatars-without-404-errors-ultrawide-desktop-retry1/trace.zip

    ────────────────────────────────────────────────────────────────────────────────────────────────

    Retry #2 ───────────────────────────────────────────────────────────────────────────────────────

    Error: page.goto: net::ERR_CONNECTION_REFUSED at http://localhost:3001/dashboard
    Call log:
      - navigating to "http://localhost:3001/dashboard", waiting until "load"


       8 |     });
       9 |     
    > 10 |     await page.goto('/dashboard');
         |                ^
      11 |     await page.waitForLoadState('domcontentloaded');
      12 |     // Wait for critical elements to be visible
      13 |     await page.waitForSelector('[data-testid="dashboard-title"]', { timeout: 30000 }).catch(() => {

        at /Users/thabonyembe/Documents/freeflow-app-9/tests/e2e/dashboard.spec.ts:10:16

    attachment #1: screenshot (image/png) ──────────────────────────────────────────────────────────
    test-results/dashboard-Dashboard-Tests-should-load-team-member-avatars-without-404-errors-ultrawide-desktop-retry2/test-failed-1.png
    ────────────────────────────────────────────────────────────────────────────────────────────────
]]>
</failure>
<system-out>
<![CDATA[
[[ATTACHMENT|dashboard-Dashboard-Tests-should-load-team-member-avatars-without-404-errors-ultrawide-desktop/test-failed-1.png]]

[[ATTACHMENT|dashboard-Dashboard-Tests-should-load-team-member-avatars-without-404-errors-ultrawide-desktop/video.webm]]

[[ATTACHMENT|dashboard-Dashboard-Tests-should-load-team-member-avatars-without-404-errors-ultrawide-desktop-retry1/test-failed-1.png]]

[[ATTACHMENT|dashboard-Dashboard-Tests-should-load-team-member-avatars-without-404-errors-ultrawide-desktop-retry1/video.webm]]

[[ATTACHMENT|dashboard-Dashboard-Tests-should-load-team-member-avatars-without-404-errors-ultrawide-desktop-retry1/trace.zip]]

[[ATTACHMENT|dashboard-Dashboard-Tests-should-load-team-member-avatars-without-404-errors-ultrawide-desktop-retry2/test-failed-1.png]]
]]>
</system-out>
</testcase>
<testcase name="Dashboard Tests › should have proper accessibility labels" classname="dashboard.spec.ts" time="0.957">
<failure message="dashboard.spec.ts:108:7 should have proper accessibility labels" type="FAILURE">
<![CDATA[  [ultrawide-desktop] › dashboard.spec.ts:108:7 › Dashboard Tests › should have proper accessibility labels 

    Error: page.goto: net::ERR_CONNECTION_REFUSED at http://localhost:3001/dashboard
    Call log:
      - navigating to "http://localhost:3001/dashboard", waiting until "load"


       8 |     });
       9 |     
    > 10 |     await page.goto('/dashboard');
         |                ^
      11 |     await page.waitForLoadState('domcontentloaded');
      12 |     // Wait for critical elements to be visible
      13 |     await page.waitForSelector('[data-testid="dashboard-title"]', { timeout: 30000 }).catch(() => {

        at /Users/thabonyembe/Documents/freeflow-app-9/tests/e2e/dashboard.spec.ts:10:16

    attachment #1: screenshot (image/png) ──────────────────────────────────────────────────────────
    test-results/dashboard-Dashboard-Tests-should-have-proper-accessibility-labels-ultrawide-desktop/test-failed-1.png
    ────────────────────────────────────────────────────────────────────────────────────────────────

    Retry #1 ───────────────────────────────────────────────────────────────────────────────────────

    Error: page.goto: net::ERR_CONNECTION_REFUSED at http://localhost:3001/dashboard
    Call log:
      - navigating to "http://localhost:3001/dashboard", waiting until "load"


       8 |     });
       9 |     
    > 10 |     await page.goto('/dashboard');
         |                ^
      11 |     await page.waitForLoadState('domcontentloaded');
      12 |     // Wait for critical elements to be visible
      13 |     await page.waitForSelector('[data-testid="dashboard-title"]', { timeout: 30000 }).catch(() => {

        at /Users/thabonyembe/Documents/freeflow-app-9/tests/e2e/dashboard.spec.ts:10:16

    attachment #1: screenshot (image/png) ──────────────────────────────────────────────────────────
    test-results/dashboard-Dashboard-Tests-should-have-proper-accessibility-labels-ultrawide-desktop-retry1/test-failed-1.png
    ────────────────────────────────────────────────────────────────────────────────────────────────

    attachment #2: video (video/webm) ──────────────────────────────────────────────────────────────
    test-results/dashboard-Dashboard-Tests-should-have-proper-accessibility-labels-ultrawide-desktop-retry1/video.webm
    ────────────────────────────────────────────────────────────────────────────────────────────────

    attachment #3: trace (application/zip) ─────────────────────────────────────────────────────────
    test-results/dashboard-Dashboard-Tests-should-have-proper-accessibility-labels-ultrawide-desktop-retry1/trace.zip
    Usage:

        npx playwright show-trace test-results/dashboard-Dashboard-Tests-should-have-proper-accessibility-labels-ultrawide-desktop-retry1/trace.zip

    ────────────────────────────────────────────────────────────────────────────────────────────────

    Retry #2 ───────────────────────────────────────────────────────────────────────────────────────

    Error: page.goto: net::ERR_CONNECTION_REFUSED at http://localhost:3001/dashboard
    Call log:
      - navigating to "http://localhost:3001/dashboard", waiting until "load"


       8 |     });
       9 |     
    > 10 |     await page.goto('/dashboard');
         |                ^
      11 |     await page.waitForLoadState('domcontentloaded');
      12 |     // Wait for critical elements to be visible
      13 |     await page.waitForSelector('[data-testid="dashboard-title"]', { timeout: 30000 }).catch(() => {

        at /Users/thabonyembe/Documents/freeflow-app-9/tests/e2e/dashboard.spec.ts:10:16

    attachment #1: screenshot (image/png) ──────────────────────────────────────────────────────────
    test-results/dashboard-Dashboard-Tests-should-have-proper-accessibility-labels-ultrawide-desktop-retry2/test-failed-1.png
    ────────────────────────────────────────────────────────────────────────────────────────────────
]]>
</failure>
<system-out>
<![CDATA[
[[ATTACHMENT|dashboard-Dashboard-Tests-should-have-proper-accessibility-labels-ultrawide-desktop/test-failed-1.png]]

[[ATTACHMENT|dashboard-Dashboard-Tests-should-have-proper-accessibility-labels-ultrawide-desktop-retry1/test-failed-1.png]]

[[ATTACHMENT|dashboard-Dashboard-Tests-should-have-proper-accessibility-labels-ultrawide-desktop-retry1/video.webm]]

[[ATTACHMENT|dashboard-Dashboard-Tests-should-have-proper-accessibility-labels-ultrawide-desktop-retry1/trace.zip]]

[[ATTACHMENT|dashboard-Dashboard-Tests-should-have-proper-accessibility-labels-ultrawide-desktop-retry2/test-failed-1.png]]
]]>
</system-out>
</testcase>
</testsuite>
<testsuite name="dashboard.spec.ts" timestamp="2025-06-16T14:04:51.086Z" hostname="tablet-portrait" tests="9" failures="9" skipped="0" time="8.275" errors="0">
<testcase name="Dashboard Tests › should load dashboard page successfully" classname="dashboard.spec.ts" time="0.908">
<failure message="dashboard.spec.ts:18:7 should load dashboard page successfully" type="FAILURE">
<![CDATA[  [tablet-portrait] › dashboard.spec.ts:18:7 › Dashboard Tests › should load dashboard page successfully 

    Error: page.goto: net::ERR_CONNECTION_REFUSED at http://localhost:3001/dashboard
    Call log:
      - navigating to "http://localhost:3001/dashboard", waiting until "load"


       8 |     });
       9 |     
    > 10 |     await page.goto('/dashboard');
         |                ^
      11 |     await page.waitForLoadState('domcontentloaded');
      12 |     // Wait for critical elements to be visible
      13 |     await page.waitForSelector('[data-testid="dashboard-title"]', { timeout: 30000 }).catch(() => {

        at /Users/thabonyembe/Documents/freeflow-app-9/tests/e2e/dashboard.spec.ts:10:16

    attachment #1: screenshot (image/png) ──────────────────────────────────────────────────────────
    test-results/dashboard-Dashboard-Tests-should-load-dashboard-page-successfully-tablet-portrait/test-failed-1.png
    ────────────────────────────────────────────────────────────────────────────────────────────────

    attachment #2: video (video/webm) ──────────────────────────────────────────────────────────────
    test-results/dashboard-Dashboard-Tests-should-load-dashboard-page-successfully-tablet-portrait/video.webm
    ────────────────────────────────────────────────────────────────────────────────────────────────

    Retry #1 ───────────────────────────────────────────────────────────────────────────────────────

    Error: page.goto: net::ERR_CONNECTION_REFUSED at http://localhost:3001/dashboard
    Call log:
      - navigating to "http://localhost:3001/dashboard", waiting until "load"


       8 |     });
       9 |     
    > 10 |     await page.goto('/dashboard');
         |                ^
      11 |     await page.waitForLoadState('domcontentloaded');
      12 |     // Wait for critical elements to be visible
      13 |     await page.waitForSelector('[data-testid="dashboard-title"]', { timeout: 30000 }).catch(() => {

        at /Users/thabonyembe/Documents/freeflow-app-9/tests/e2e/dashboard.spec.ts:10:16

    attachment #1: screenshot (image/png) ──────────────────────────────────────────────────────────
    test-results/dashboard-Dashboard-Tests-should-load-dashboard-page-successfully-tablet-portrait-retry1/test-failed-1.png
    ────────────────────────────────────────────────────────────────────────────────────────────────

    attachment #2: video (video/webm) ──────────────────────────────────────────────────────────────
    test-results/dashboard-Dashboard-Tests-should-load-dashboard-page-successfully-tablet-portrait-retry1/video.webm
    ────────────────────────────────────────────────────────────────────────────────────────────────

    attachment #3: trace (application/zip) ─────────────────────────────────────────────────────────
    test-results/dashboard-Dashboard-Tests-should-load-dashboard-page-successfully-tablet-portrait-retry1/trace.zip
    Usage:

        npx playwright show-trace test-results/dashboard-Dashboard-Tests-should-load-dashboard-page-successfully-tablet-portrait-retry1/trace.zip

    ────────────────────────────────────────────────────────────────────────────────────────────────

    Retry #2 ───────────────────────────────────────────────────────────────────────────────────────

    Error: page.goto: net::ERR_CONNECTION_REFUSED at http://localhost:3001/dashboard
    Call log:
      - navigating to "http://localhost:3001/dashboard", waiting until "load"


       8 |     });
       9 |     
    > 10 |     await page.goto('/dashboard');
         |                ^
      11 |     await page.waitForLoadState('domcontentloaded');
      12 |     // Wait for critical elements to be visible
      13 |     await page.waitForSelector('[data-testid="dashboard-title"]', { timeout: 30000 }).catch(() => {

        at /Users/thabonyembe/Documents/freeflow-app-9/tests/e2e/dashboard.spec.ts:10:16

    attachment #1: screenshot (image/png) ──────────────────────────────────────────────────────────
    test-results/dashboard-Dashboard-Tests-should-load-dashboard-page-successfully-tablet-portrait-retry2/test-failed-1.png
    ────────────────────────────────────────────────────────────────────────────────────────────────

    attachment #2: video (video/webm) ──────────────────────────────────────────────────────────────
    test-results/dashboard-Dashboard-Tests-should-load-dashboard-page-successfully-tablet-portrait-retry2/video.webm
    ────────────────────────────────────────────────────────────────────────────────────────────────
]]>
</failure>
<system-out>
<![CDATA[
[[ATTACHMENT|dashboard-Dashboard-Tests-should-load-dashboard-page-successfully-tablet-portrait/test-failed-1.png]]

[[ATTACHMENT|dashboard-Dashboard-Tests-should-load-dashboard-page-successfully-tablet-portrait/video.webm]]

[[ATTACHMENT|dashboard-Dashboard-Tests-should-load-dashboard-page-successfully-tablet-portrait-retry1/test-failed-1.png]]

[[ATTACHMENT|dashboard-Dashboard-Tests-should-load-dashboard-page-successfully-tablet-portrait-retry1/video.webm]]

[[ATTACHMENT|dashboard-Dashboard-Tests-should-load-dashboard-page-successfully-tablet-portrait-retry1/trace.zip]]

[[ATTACHMENT|dashboard-Dashboard-Tests-should-load-dashboard-page-successfully-tablet-portrait-retry2/test-failed-1.png]]

[[ATTACHMENT|dashboard-Dashboard-Tests-should-load-dashboard-page-successfully-tablet-portrait-retry2/video.webm]]
]]>
</system-out>
</testcase>
<testcase name="Dashboard Tests › should display dashboard stats" classname="dashboard.spec.ts" time="0.937">
<failure message="dashboard.spec.ts:23:7 should display dashboard stats" type="FAILURE">
<![CDATA[  [tablet-portrait] › dashboard.spec.ts:23:7 › Dashboard Tests › should display dashboard stats ────

    Error: page.goto: net::ERR_CONNECTION_REFUSED at http://localhost:3001/dashboard
    Call log:
      - navigating to "http://localhost:3001/dashboard", waiting until "load"


       8 |     });
       9 |     
    > 10 |     await page.goto('/dashboard');
         |                ^
      11 |     await page.waitForLoadState('domcontentloaded');
      12 |     // Wait for critical elements to be visible
      13 |     await page.waitForSelector('[data-testid="dashboard-title"]', { timeout: 30000 }).catch(() => {

        at /Users/thabonyembe/Documents/freeflow-app-9/tests/e2e/dashboard.spec.ts:10:16

    attachment #1: screenshot (image/png) ──────────────────────────────────────────────────────────
    test-results/dashboard-Dashboard-Tests-should-display-dashboard-stats-tablet-portrait/test-failed-1.png
    ────────────────────────────────────────────────────────────────────────────────────────────────

    Retry #1 ───────────────────────────────────────────────────────────────────────────────────────

    Error: page.goto: net::ERR_CONNECTION_REFUSED at http://localhost:3001/dashboard
    Call log:
      - navigating to "http://localhost:3001/dashboard", waiting until "load"


       8 |     });
       9 |     
    > 10 |     await page.goto('/dashboard');
         |                ^
      11 |     await page.waitForLoadState('domcontentloaded');
      12 |     // Wait for critical elements to be visible
      13 |     await page.waitForSelector('[data-testid="dashboard-title"]', { timeout: 30000 }).catch(() => {

        at /Users/thabonyembe/Documents/freeflow-app-9/tests/e2e/dashboard.spec.ts:10:16

    attachment #1: screenshot (image/png) ──────────────────────────────────────────────────────────
    test-results/dashboard-Dashboard-Tests-should-display-dashboard-stats-tablet-portrait-retry1/test-failed-1.png
    ────────────────────────────────────────────────────────────────────────────────────────────────

    attachment #2: video (video/webm) ──────────────────────────────────────────────────────────────
    test-results/dashboard-Dashboard-Tests-should-display-dashboard-stats-tablet-portrait-retry1/video.webm
    ────────────────────────────────────────────────────────────────────────────────────────────────

    attachment #3: trace (application/zip) ─────────────────────────────────────────────────────────
    test-results/dashboard-Dashboard-Tests-should-display-dashboard-stats-tablet-portrait-retry1/trace.zip
    Usage:

        npx playwright show-trace test-results/dashboard-Dashboard-Tests-should-display-dashboard-stats-tablet-portrait-retry1/trace.zip

    ────────────────────────────────────────────────────────────────────────────────────────────────

    Retry #2 ───────────────────────────────────────────────────────────────────────────────────────

    Error: page.goto: net::ERR_CONNECTION_REFUSED at http://localhost:3001/dashboard
    Call log:
      - navigating to "http://localhost:3001/dashboard", waiting until "load"


       8 |     });
       9 |     
    > 10 |     await page.goto('/dashboard');
         |                ^
      11 |     await page.waitForLoadState('domcontentloaded');
      12 |     // Wait for critical elements to be visible
      13 |     await page.waitForSelector('[data-testid="dashboard-title"]', { timeout: 30000 }).catch(() => {

        at /Users/thabonyembe/Documents/freeflow-app-9/tests/e2e/dashboard.spec.ts:10:16

    attachment #1: screenshot (image/png) ──────────────────────────────────────────────────────────
    test-results/dashboard-Dashboard-Tests-should-display-dashboard-stats-tablet-portrait-retry2/test-failed-1.png
    ────────────────────────────────────────────────────────────────────────────────────────────────

    attachment #2: video (video/webm) ──────────────────────────────────────────────────────────────
    test-results/dashboard-Dashboard-Tests-should-display-dashboard-stats-tablet-portrait-retry2/video.webm
    ────────────────────────────────────────────────────────────────────────────────────────────────
]]>
</failure>
<system-out>
<![CDATA[
[[ATTACHMENT|dashboard-Dashboard-Tests-should-display-dashboard-stats-tablet-portrait/test-failed-1.png]]

[[ATTACHMENT|dashboard-Dashboard-Tests-should-display-dashboard-stats-tablet-portrait-retry1/test-failed-1.png]]

[[ATTACHMENT|dashboard-Dashboard-Tests-should-display-dashboard-stats-tablet-portrait-retry1/video.webm]]

[[ATTACHMENT|dashboard-Dashboard-Tests-should-display-dashboard-stats-tablet-portrait-retry1/trace.zip]]

[[ATTACHMENT|dashboard-Dashboard-Tests-should-display-dashboard-stats-tablet-portrait-retry2/test-failed-1.png]]

[[ATTACHMENT|dashboard-Dashboard-Tests-should-display-dashboard-stats-tablet-portrait-retry2/video.webm]]
]]>
</system-out>
</testcase>
<testcase name="Dashboard Tests › should have working navigation tabs" classname="dashboard.spec.ts" time="0.845">
<failure message="dashboard.spec.ts:30:7 should have working navigation tabs" type="FAILURE">
<![CDATA[  [tablet-portrait] › dashboard.spec.ts:30:7 › Dashboard Tests › should have working navigation tabs 

    Error: page.goto: net::ERR_CONNECTION_REFUSED at http://localhost:3001/dashboard
    Call log:
      - navigating to "http://localhost:3001/dashboard", waiting until "load"


       8 |     });
       9 |     
    > 10 |     await page.goto('/dashboard');
         |                ^
      11 |     await page.waitForLoadState('domcontentloaded');
      12 |     // Wait for critical elements to be visible
      13 |     await page.waitForSelector('[data-testid="dashboard-title"]', { timeout: 30000 }).catch(() => {

        at /Users/thabonyembe/Documents/freeflow-app-9/tests/e2e/dashboard.spec.ts:10:16

    attachment #1: screenshot (image/png) ──────────────────────────────────────────────────────────
    test-results/dashboard-Dashboard-Tests-should-have-working-navigation-tabs-tablet-portrait/test-failed-1.png
    ────────────────────────────────────────────────────────────────────────────────────────────────

    attachment #2: video (video/webm) ──────────────────────────────────────────────────────────────
    test-results/dashboard-Dashboard-Tests-should-have-working-navigation-tabs-tablet-portrait/video.webm
    ────────────────────────────────────────────────────────────────────────────────────────────────

    Retry #1 ───────────────────────────────────────────────────────────────────────────────────────

    Error: page.goto: net::ERR_CONNECTION_REFUSED at http://localhost:3001/dashboard
    Call log:
      - navigating to "http://localhost:3001/dashboard", waiting until "load"


       8 |     });
       9 |     
    > 10 |     await page.goto('/dashboard');
         |                ^
      11 |     await page.waitForLoadState('domcontentloaded');
      12 |     // Wait for critical elements to be visible
      13 |     await page.waitForSelector('[data-testid="dashboard-title"]', { timeout: 30000 }).catch(() => {

        at /Users/thabonyembe/Documents/freeflow-app-9/tests/e2e/dashboard.spec.ts:10:16

    attachment #1: screenshot (image/png) ──────────────────────────────────────────────────────────
    test-results/dashboard-Dashboard-Tests-should-have-working-navigation-tabs-tablet-portrait-retry1/test-failed-1.png
    ────────────────────────────────────────────────────────────────────────────────────────────────

    attachment #2: video (video/webm) ──────────────────────────────────────────────────────────────
    test-results/dashboard-Dashboard-Tests-should-have-working-navigation-tabs-tablet-portrait-retry1/video.webm
    ────────────────────────────────────────────────────────────────────────────────────────────────

    attachment #3: trace (application/zip) ─────────────────────────────────────────────────────────
    test-results/dashboard-Dashboard-Tests-should-have-working-navigation-tabs-tablet-portrait-retry1/trace.zip
    Usage:

        npx playwright show-trace test-results/dashboard-Dashboard-Tests-should-have-working-navigation-tabs-tablet-portrait-retry1/trace.zip

    ────────────────────────────────────────────────────────────────────────────────────────────────

    Retry #2 ───────────────────────────────────────────────────────────────────────────────────────

    Error: page.goto: net::ERR_CONNECTION_REFUSED at http://localhost:3001/dashboard
    Call log:
      - navigating to "http://localhost:3001/dashboard", waiting until "load"


       8 |     });
       9 |     
    > 10 |     await page.goto('/dashboard');
         |                ^
      11 |     await page.waitForLoadState('domcontentloaded');
      12 |     // Wait for critical elements to be visible
      13 |     await page.waitForSelector('[data-testid="dashboard-title"]', { timeout: 30000 }).catch(() => {

        at /Users/thabonyembe/Documents/freeflow-app-9/tests/e2e/dashboard.spec.ts:10:16

    attachment #1: screenshot (image/png) ──────────────────────────────────────────────────────────
    test-results/dashboard-Dashboard-Tests-should-have-working-navigation-tabs-tablet-portrait-retry2/test-failed-1.png
    ────────────────────────────────────────────────────────────────────────────────────────────────

    attachment #2: video (video/webm) ──────────────────────────────────────────────────────────────
    test-results/dashboard-Dashboard-Tests-should-have-working-navigation-tabs-tablet-portrait-retry2/video.webm
    ────────────────────────────────────────────────────────────────────────────────────────────────
]]>
</failure>
<system-out>
<![CDATA[
[[ATTACHMENT|dashboard-Dashboard-Tests-should-have-working-navigation-tabs-tablet-portrait/test-failed-1.png]]

[[ATTACHMENT|dashboard-Dashboard-Tests-should-have-working-navigation-tabs-tablet-portrait/video.webm]]

[[ATTACHMENT|dashboard-Dashboard-Tests-should-have-working-navigation-tabs-tablet-portrait-retry1/test-failed-1.png]]

[[ATTACHMENT|dashboard-Dashboard-Tests-should-have-working-navigation-tabs-tablet-portrait-retry1/video.webm]]

[[ATTACHMENT|dashboard-Dashboard-Tests-should-have-working-navigation-tabs-tablet-portrait-retry1/trace.zip]]

[[ATTACHMENT|dashboard-Dashboard-Tests-should-have-working-navigation-tabs-tablet-portrait-retry2/test-failed-1.png]]

[[ATTACHMENT|dashboard-Dashboard-Tests-should-have-working-navigation-tabs-tablet-portrait-retry2/video.webm]]
]]>
</system-out>
</testcase>
<testcase name="Dashboard Tests › should display projects in Projects Hub" classname="dashboard.spec.ts" time="1.08">
<failure message="dashboard.spec.ts:51:7 should display projects in Projects Hub" type="FAILURE">
<![CDATA[  [tablet-portrait] › dashboard.spec.ts:51:7 › Dashboard Tests › should display projects in Projects Hub 

    Error: page.goto: net::ERR_CONNECTION_REFUSED at http://localhost:3001/dashboard
    Call log:
      - navigating to "http://localhost:3001/dashboard", waiting until "load"


       8 |     });
       9 |     
    > 10 |     await page.goto('/dashboard');
         |                ^
      11 |     await page.waitForLoadState('domcontentloaded');
      12 |     // Wait for critical elements to be visible
      13 |     await page.waitForSelector('[data-testid="dashboard-title"]', { timeout: 30000 }).catch(() => {

        at /Users/thabonyembe/Documents/freeflow-app-9/tests/e2e/dashboard.spec.ts:10:16

    attachment #1: screenshot (image/png) ──────────────────────────────────────────────────────────
    test-results/dashboard-Dashboard-Tests-should-display-projects-in-Projects-Hub-tablet-portrait/test-failed-1.png
    ────────────────────────────────────────────────────────────────────────────────────────────────

    attachment #2: video (video/webm) ──────────────────────────────────────────────────────────────
    test-results/dashboard-Dashboard-Tests-should-display-projects-in-Projects-Hub-tablet-portrait/video.webm
    ────────────────────────────────────────────────────────────────────────────────────────────────

    Retry #1 ───────────────────────────────────────────────────────────────────────────────────────

    Error: page.goto: net::ERR_CONNECTION_REFUSED at http://localhost:3001/dashboard
    Call log:
      - navigating to "http://localhost:3001/dashboard", waiting until "load"


       8 |     });
       9 |     
    > 10 |     await page.goto('/dashboard');
         |                ^
      11 |     await page.waitForLoadState('domcontentloaded');
      12 |     // Wait for critical elements to be visible
      13 |     await page.waitForSelector('[data-testid="dashboard-title"]', { timeout: 30000 }).catch(() => {

        at /Users/thabonyembe/Documents/freeflow-app-9/tests/e2e/dashboard.spec.ts:10:16

    attachment #1: screenshot (image/png) ──────────────────────────────────────────────────────────
    test-results/dashboard-Dashboard-Tests-should-display-projects-in-Projects-Hub-tablet-portrait-retry1/test-failed-1.png
    ────────────────────────────────────────────────────────────────────────────────────────────────

    attachment #2: video (video/webm) ──────────────────────────────────────────────────────────────
    test-results/dashboard-Dashboard-Tests-should-display-projects-in-Projects-Hub-tablet-portrait-retry1/video.webm
    ────────────────────────────────────────────────────────────────────────────────────────────────

    attachment #3: trace (application/zip) ─────────────────────────────────────────────────────────
    test-results/dashboard-Dashboard-Tests-should-display-projects-in-Projects-Hub-tablet-portrait-retry1/trace.zip
    Usage:

        npx playwright show-trace test-results/dashboard-Dashboard-Tests-should-display-projects-in-Projects-Hub-tablet-portrait-retry1/trace.zip

    ────────────────────────────────────────────────────────────────────────────────────────────────

    Retry #2 ───────────────────────────────────────────────────────────────────────────────────────

    Error: page.goto: net::ERR_CONNECTION_REFUSED at http://localhost:3001/dashboard
    Call log:
      - navigating to "http://localhost:3001/dashboard", waiting until "load"


       8 |     });
       9 |     
    > 10 |     await page.goto('/dashboard');
         |                ^
      11 |     await page.waitForLoadState('domcontentloaded');
      12 |     // Wait for critical elements to be visible
      13 |     await page.waitForSelector('[data-testid="dashboard-title"]', { timeout: 30000 }).catch(() => {

        at /Users/thabonyembe/Documents/freeflow-app-9/tests/e2e/dashboard.spec.ts:10:16

    attachment #1: screenshot (image/png) ──────────────────────────────────────────────────────────
    test-results/dashboard-Dashboard-Tests-should-display-projects-in-Projects-Hub-tablet-portrait-retry2/test-failed-1.png
    ────────────────────────────────────────────────────────────────────────────────────────────────

    attachment #2: video (video/webm) ──────────────────────────────────────────────────────────────
    test-results/dashboard-Dashboard-Tests-should-display-projects-in-Projects-Hub-tablet-portrait-retry2/video.webm
    ────────────────────────────────────────────────────────────────────────────────────────────────
]]>
</failure>
<system-out>
<![CDATA[
[[ATTACHMENT|dashboard-Dashboard-Tests-should-display-projects-in-Projects-Hub-tablet-portrait/test-failed-1.png]]

[[ATTACHMENT|dashboard-Dashboard-Tests-should-display-projects-in-Projects-Hub-tablet-portrait/video.webm]]

[[ATTACHMENT|dashboard-Dashboard-Tests-should-display-projects-in-Projects-Hub-tablet-portrait-retry1/test-failed-1.png]]

[[ATTACHMENT|dashboard-Dashboard-Tests-should-display-projects-in-Projects-Hub-tablet-portrait-retry1/video.webm]]

[[ATTACHMENT|dashboard-Dashboard-Tests-should-display-projects-in-Projects-Hub-tablet-portrait-retry1/trace.zip]]

[[ATTACHMENT|dashboard-Dashboard-Tests-should-display-projects-in-Projects-Hub-tablet-portrait-retry2/test-failed-1.png]]

[[ATTACHMENT|dashboard-Dashboard-Tests-should-display-projects-in-Projects-Hub-tablet-portrait-retry2/video.webm]]
]]>
</system-out>
</testcase>
<testcase name="Dashboard Tests › should display team members with avatars" classname="dashboard.spec.ts" time="0.975">
<failure message="dashboard.spec.ts:61:7 should display team members with avatars" type="FAILURE">
<![CDATA[  [tablet-portrait] › dashboard.spec.ts:61:7 › Dashboard Tests › should display team members with avatars 

    Error: page.goto: net::ERR_CONNECTION_REFUSED at http://localhost:3001/dashboard
    Call log:
      - navigating to "http://localhost:3001/dashboard", waiting until "load"


       8 |     });
       9 |     
    > 10 |     await page.goto('/dashboard');
         |                ^
      11 |     await page.waitForLoadState('domcontentloaded');
      12 |     // Wait for critical elements to be visible
      13 |     await page.waitForSelector('[data-testid="dashboard-title"]', { timeout: 30000 }).catch(() => {

        at /Users/thabonyembe/Documents/freeflow-app-9/tests/e2e/dashboard.spec.ts:10:16

    attachment #1: screenshot (image/png) ──────────────────────────────────────────────────────────
    test-results/dashboard-Dashboard-Tests-should-display-team-members-with-avatars-tablet-portrait/test-failed-1.png
    ────────────────────────────────────────────────────────────────────────────────────────────────

    attachment #2: video (video/webm) ──────────────────────────────────────────────────────────────
    test-results/dashboard-Dashboard-Tests-should-display-team-members-with-avatars-tablet-portrait/video.webm
    ────────────────────────────────────────────────────────────────────────────────────────────────

    Retry #1 ───────────────────────────────────────────────────────────────────────────────────────

    Error: page.goto: net::ERR_CONNECTION_REFUSED at http://localhost:3001/dashboard
    Call log:
      - navigating to "http://localhost:3001/dashboard", waiting until "load"


       8 |     });
       9 |     
    > 10 |     await page.goto('/dashboard');
         |                ^
      11 |     await page.waitForLoadState('domcontentloaded');
      12 |     // Wait for critical elements to be visible
      13 |     await page.waitForSelector('[data-testid="dashboard-title"]', { timeout: 30000 }).catch(() => {

        at /Users/thabonyembe/Documents/freeflow-app-9/tests/e2e/dashboard.spec.ts:10:16

    attachment #1: screenshot (image/png) ──────────────────────────────────────────────────────────
    test-results/dashboard-Dashboard-Tests-should-display-team-members-with-avatars-tablet-portrait-retry1/test-failed-1.png
    ────────────────────────────────────────────────────────────────────────────────────────────────

    attachment #2: video (video/webm) ──────────────────────────────────────────────────────────────
    test-results/dashboard-Dashboard-Tests-should-display-team-members-with-avatars-tablet-portrait-retry1/video.webm
    ────────────────────────────────────────────────────────────────────────────────────────────────

    attachment #3: trace (application/zip) ─────────────────────────────────────────────────────────
    test-results/dashboard-Dashboard-Tests-should-display-team-members-with-avatars-tablet-portrait-retry1/trace.zip
    Usage:

        npx playwright show-trace test-results/dashboard-Dashboard-Tests-should-display-team-members-with-avatars-tablet-portrait-retry1/trace.zip

    ────────────────────────────────────────────────────────────────────────────────────────────────

    Retry #2 ───────────────────────────────────────────────────────────────────────────────────────

    Error: page.goto: net::ERR_CONNECTION_REFUSED at http://localhost:3001/dashboard
    Call log:
      - navigating to "http://localhost:3001/dashboard", waiting until "load"


       8 |     });
       9 |     
    > 10 |     await page.goto('/dashboard');
         |                ^
      11 |     await page.waitForLoadState('domcontentloaded');
      12 |     // Wait for critical elements to be visible
      13 |     await page.waitForSelector('[data-testid="dashboard-title"]', { timeout: 30000 }).catch(() => {

        at /Users/thabonyembe/Documents/freeflow-app-9/tests/e2e/dashboard.spec.ts:10:16

    attachment #1: screenshot (image/png) ──────────────────────────────────────────────────────────
    test-results/dashboard-Dashboard-Tests-should-display-team-members-with-avatars-tablet-portrait-retry2/test-failed-1.png
    ────────────────────────────────────────────────────────────────────────────────────────────────

    attachment #2: video (video/webm) ──────────────────────────────────────────────────────────────
    test-results/dashboard-Dashboard-Tests-should-display-team-members-with-avatars-tablet-portrait-retry2/video.webm
    ────────────────────────────────────────────────────────────────────────────────────────────────
]]>
</failure>
<system-out>
<![CDATA[
[[ATTACHMENT|dashboard-Dashboard-Tests-should-display-team-members-with-avatars-tablet-portrait/test-failed-1.png]]

[[ATTACHMENT|dashboard-Dashboard-Tests-should-display-team-members-with-avatars-tablet-portrait/video.webm]]

[[ATTACHMENT|dashboard-Dashboard-Tests-should-display-team-members-with-avatars-tablet-portrait-retry1/test-failed-1.png]]

[[ATTACHMENT|dashboard-Dashboard-Tests-should-display-team-members-with-avatars-tablet-portrait-retry1/video.webm]]

[[ATTACHMENT|dashboard-Dashboard-Tests-should-display-team-members-with-avatars-tablet-portrait-retry1/trace.zip]]

[[ATTACHMENT|dashboard-Dashboard-Tests-should-display-team-members-with-avatars-tablet-portrait-retry2/test-failed-1.png]]

[[ATTACHMENT|dashboard-Dashboard-Tests-should-display-team-members-with-avatars-tablet-portrait-retry2/video.webm]]
]]>
</system-out>
</testcase>
<testcase name="Dashboard Tests › should handle new project button click" classname="dashboard.spec.ts" time="1.009">
<failure message="dashboard.spec.ts:73:7 should handle new project button click" type="FAILURE">
<![CDATA[  [tablet-portrait] › dashboard.spec.ts:73:7 › Dashboard Tests › should handle new project button click 

    Error: page.goto: net::ERR_CONNECTION_REFUSED at http://localhost:3001/dashboard
    Call log:
      - navigating to "http://localhost:3001/dashboard", waiting until "load"


       8 |     });
       9 |     
    > 10 |     await page.goto('/dashboard');
         |                ^
      11 |     await page.waitForLoadState('domcontentloaded');
      12 |     // Wait for critical elements to be visible
      13 |     await page.waitForSelector('[data-testid="dashboard-title"]', { timeout: 30000 }).catch(() => {

        at /Users/thabonyembe/Documents/freeflow-app-9/tests/e2e/dashboard.spec.ts:10:16

    attachment #1: screenshot (image/png) ──────────────────────────────────────────────────────────
    test-results/dashboard-Dashboard-Tests-should-handle-new-project-button-click-tablet-portrait/test-failed-1.png
    ────────────────────────────────────────────────────────────────────────────────────────────────

    attachment #2: video (video/webm) ──────────────────────────────────────────────────────────────
    test-results/dashboard-Dashboard-Tests-should-handle-new-project-button-click-tablet-portrait/video.webm
    ────────────────────────────────────────────────────────────────────────────────────────────────

    Retry #1 ───────────────────────────────────────────────────────────────────────────────────────

    Error: page.goto: net::ERR_CONNECTION_REFUSED at http://localhost:3001/dashboard
    Call log:
      - navigating to "http://localhost:3001/dashboard", waiting until "load"


       8 |     });
       9 |     
    > 10 |     await page.goto('/dashboard');
         |                ^
      11 |     await page.waitForLoadState('domcontentloaded');
      12 |     // Wait for critical elements to be visible
      13 |     await page.waitForSelector('[data-testid="dashboard-title"]', { timeout: 30000 }).catch(() => {

        at /Users/thabonyembe/Documents/freeflow-app-9/tests/e2e/dashboard.spec.ts:10:16

    attachment #1: screenshot (image/png) ──────────────────────────────────────────────────────────
    test-results/dashboard-Dashboard-Tests-should-handle-new-project-button-click-tablet-portrait-retry1/test-failed-1.png
    ────────────────────────────────────────────────────────────────────────────────────────────────

    attachment #2: video (video/webm) ──────────────────────────────────────────────────────────────
    test-results/dashboard-Dashboard-Tests-should-handle-new-project-button-click-tablet-portrait-retry1/video.webm
    ────────────────────────────────────────────────────────────────────────────────────────────────

    attachment #3: trace (application/zip) ─────────────────────────────────────────────────────────
    test-results/dashboard-Dashboard-Tests-should-handle-new-project-button-click-tablet-portrait-retry1/trace.zip
    Usage:

        npx playwright show-trace test-results/dashboard-Dashboard-Tests-should-handle-new-project-button-click-tablet-portrait-retry1/trace.zip

    ────────────────────────────────────────────────────────────────────────────────────────────────

    Retry #2 ───────────────────────────────────────────────────────────────────────────────────────

    Error: page.goto: net::ERR_CONNECTION_REFUSED at http://localhost:3001/dashboard
    Call log:
      - navigating to "http://localhost:3001/dashboard", waiting until "load"


       8 |     });
       9 |     
    > 10 |     await page.goto('/dashboard');
         |                ^
      11 |     await page.waitForLoadState('domcontentloaded');
      12 |     // Wait for critical elements to be visible
      13 |     await page.waitForSelector('[data-testid="dashboard-title"]', { timeout: 30000 }).catch(() => {

        at /Users/thabonyembe/Documents/freeflow-app-9/tests/e2e/dashboard.spec.ts:10:16

    attachment #1: screenshot (image/png) ──────────────────────────────────────────────────────────
    test-results/dashboard-Dashboard-Tests-should-handle-new-project-button-click-tablet-portrait-retry2/test-failed-1.png
    ────────────────────────────────────────────────────────────────────────────────────────────────

    attachment #2: video (video/webm) ──────────────────────────────────────────────────────────────
    test-results/dashboard-Dashboard-Tests-should-handle-new-project-button-click-tablet-portrait-retry2/video.webm
    ────────────────────────────────────────────────────────────────────────────────────────────────
]]>
</failure>
<system-out>
<![CDATA[
[[ATTACHMENT|dashboard-Dashboard-Tests-should-handle-new-project-button-click-tablet-portrait/test-failed-1.png]]

[[ATTACHMENT|dashboard-Dashboard-Tests-should-handle-new-project-button-click-tablet-portrait/video.webm]]

[[ATTACHMENT|dashboard-Dashboard-Tests-should-handle-new-project-button-click-tablet-portrait-retry1/test-failed-1.png]]

[[ATTACHMENT|dashboard-Dashboard-Tests-should-handle-new-project-button-click-tablet-portrait-retry1/video.webm]]

[[ATTACHMENT|dashboard-Dashboard-Tests-should-handle-new-project-button-click-tablet-portrait-retry1/trace.zip]]

[[ATTACHMENT|dashboard-Dashboard-Tests-should-handle-new-project-button-click-tablet-portrait-retry2/test-failed-1.png]]

[[ATTACHMENT|dashboard-Dashboard-Tests-should-handle-new-project-button-click-tablet-portrait-retry2/video.webm]]
]]>
</system-out>
</testcase>
<testcase name="Dashboard Tests › should be responsive on mobile" classname="dashboard.spec.ts" time="0.87">
<failure message="dashboard.spec.ts:82:7 should be responsive on mobile" type="FAILURE">
<![CDATA[  [tablet-portrait] › dashboard.spec.ts:82:7 › Dashboard Tests › should be responsive on mobile ────

    Error: page.goto: net::ERR_CONNECTION_REFUSED at http://localhost:3001/dashboard
    Call log:
      - navigating to "http://localhost:3001/dashboard", waiting until "load"


       8 |     });
       9 |     
    > 10 |     await page.goto('/dashboard');
         |                ^
      11 |     await page.waitForLoadState('domcontentloaded');
      12 |     // Wait for critical elements to be visible
      13 |     await page.waitForSelector('[data-testid="dashboard-title"]', { timeout: 30000 }).catch(() => {

        at /Users/thabonyembe/Documents/freeflow-app-9/tests/e2e/dashboard.spec.ts:10:16

    attachment #1: screenshot (image/png) ──────────────────────────────────────────────────────────
    test-results/dashboard-Dashboard-Tests-should-be-responsive-on-mobile-tablet-portrait/test-failed-1.png
    ────────────────────────────────────────────────────────────────────────────────────────────────

    attachment #2: video (video/webm) ──────────────────────────────────────────────────────────────
    test-results/dashboard-Dashboard-Tests-should-be-responsive-on-mobile-tablet-portrait/video.webm
    ────────────────────────────────────────────────────────────────────────────────────────────────

    Retry #1 ───────────────────────────────────────────────────────────────────────────────────────

    Error: page.goto: net::ERR_CONNECTION_REFUSED at http://localhost:3001/dashboard
    Call log:
      - navigating to "http://localhost:3001/dashboard", waiting until "load"


       8 |     });
       9 |     
    > 10 |     await page.goto('/dashboard');
         |                ^
      11 |     await page.waitForLoadState('domcontentloaded');
      12 |     // Wait for critical elements to be visible
      13 |     await page.waitForSelector('[data-testid="dashboard-title"]', { timeout: 30000 }).catch(() => {

        at /Users/thabonyembe/Documents/freeflow-app-9/tests/e2e/dashboard.spec.ts:10:16

    attachment #1: screenshot (image/png) ──────────────────────────────────────────────────────────
    test-results/dashboard-Dashboard-Tests-should-be-responsive-on-mobile-tablet-portrait-retry1/test-failed-1.png
    ────────────────────────────────────────────────────────────────────────────────────────────────

    attachment #2: video (video/webm) ──────────────────────────────────────────────────────────────
    test-results/dashboard-Dashboard-Tests-should-be-responsive-on-mobile-tablet-portrait-retry1/video.webm
    ────────────────────────────────────────────────────────────────────────────────────────────────

    attachment #3: trace (application/zip) ─────────────────────────────────────────────────────────
    test-results/dashboard-Dashboard-Tests-should-be-responsive-on-mobile-tablet-portrait-retry1/trace.zip
    Usage:

        npx playwright show-trace test-results/dashboard-Dashboard-Tests-should-be-responsive-on-mobile-tablet-portrait-retry1/trace.zip

    ────────────────────────────────────────────────────────────────────────────────────────────────

    Retry #2 ───────────────────────────────────────────────────────────────────────────────────────

    Error: page.goto: net::ERR_CONNECTION_REFUSED at http://localhost:3001/dashboard
    Call log:
      - navigating to "http://localhost:3001/dashboard", waiting until "load"


       8 |     });
       9 |     
    > 10 |     await page.goto('/dashboard');
         |                ^
      11 |     await page.waitForLoadState('domcontentloaded');
      12 |     // Wait for critical elements to be visible
      13 |     await page.waitForSelector('[data-testid="dashboard-title"]', { timeout: 30000 }).catch(() => {

        at /Users/thabonyembe/Documents/freeflow-app-9/tests/e2e/dashboard.spec.ts:10:16

    attachment #1: screenshot (image/png) ──────────────────────────────────────────────────────────
    test-results/dashboard-Dashboard-Tests-should-be-responsive-on-mobile-tablet-portrait-retry2/test-failed-1.png
    ────────────────────────────────────────────────────────────────────────────────────────────────
]]>
</failure>
<system-out>
<![CDATA[
[[ATTACHMENT|dashboard-Dashboard-Tests-should-be-responsive-on-mobile-tablet-portrait/test-failed-1.png]]

[[ATTACHMENT|dashboard-Dashboard-Tests-should-be-responsive-on-mobile-tablet-portrait/video.webm]]

[[ATTACHMENT|dashboard-Dashboard-Tests-should-be-responsive-on-mobile-tablet-portrait-retry1/test-failed-1.png]]

[[ATTACHMENT|dashboard-Dashboard-Tests-should-be-responsive-on-mobile-tablet-portrait-retry1/video.webm]]

[[ATTACHMENT|dashboard-Dashboard-Tests-should-be-responsive-on-mobile-tablet-portrait-retry1/trace.zip]]

[[ATTACHMENT|dashboard-Dashboard-Tests-should-be-responsive-on-mobile-tablet-portrait-retry2/test-failed-1.png]]
]]>
</system-out>
</testcase>
<testcase name="Dashboard Tests › should load team member avatars without 404 errors" classname="dashboard.spec.ts" time="0.826">
<failure message="dashboard.spec.ts:93:7 should load team member avatars without 404 errors" type="FAILURE">
<![CDATA[  [tablet-portrait] › dashboard.spec.ts:93:7 › Dashboard Tests › should load team member avatars without 404 errors 

    Error: page.goto: net::ERR_CONNECTION_REFUSED at http://localhost:3001/dashboard
    Call log:
      - navigating to "http://localhost:3001/dashboard", waiting until "load"


       8 |     });
       9 |     
    > 10 |     await page.goto('/dashboard');
         |                ^
      11 |     await page.waitForLoadState('domcontentloaded');
      12 |     // Wait for critical elements to be visible
      13 |     await page.waitForSelector('[data-testid="dashboard-title"]', { timeout: 30000 }).catch(() => {

        at /Users/thabonyembe/Documents/freeflow-app-9/tests/e2e/dashboard.spec.ts:10:16

    attachment #1: screenshot (image/png) ──────────────────────────────────────────────────────────
    test-results/dashboard-Dashboard-Tests-should-load-team-member-avatars-without-404-errors-tablet-portrait/test-failed-1.png
    ────────────────────────────────────────────────────────────────────────────────────────────────

    attachment #2: video (video/webm) ──────────────────────────────────────────────────────────────
    test-results/dashboard-Dashboard-Tests-should-load-team-member-avatars-without-404-errors-tablet-portrait/video.webm
    ────────────────────────────────────────────────────────────────────────────────────────────────

    Retry #1 ───────────────────────────────────────────────────────────────────────────────────────

    Error: page.goto: net::ERR_CONNECTION_REFUSED at http://localhost:3001/dashboard
    Call log:
      - navigating to "http://localhost:3001/dashboard", waiting until "load"


       8 |     });
       9 |     
    > 10 |     await page.goto('/dashboard');
         |                ^
      11 |     await page.waitForLoadState('domcontentloaded');
      12 |     // Wait for critical elements to be visible
      13 |     await page.waitForSelector('[data-testid="dashboard-title"]', { timeout: 30000 }).catch(() => {

        at /Users/thabonyembe/Documents/freeflow-app-9/tests/e2e/dashboard.spec.ts:10:16

    attachment #1: screenshot (image/png) ──────────────────────────────────────────────────────────
    test-results/dashboard-Dashboard-Tests-should-load-team-member-avatars-without-404-errors-tablet-portrait-retry1/test-failed-1.png
    ────────────────────────────────────────────────────────────────────────────────────────────────

    attachment #2: video (video/webm) ──────────────────────────────────────────────────────────────
    test-results/dashboard-Dashboard-Tests-should-load-team-member-avatars-without-404-errors-tablet-portrait-retry1/video.webm
    ────────────────────────────────────────────────────────────────────────────────────────────────

    attachment #3: trace (application/zip) ─────────────────────────────────────────────────────────
    test-results/dashboard-Dashboard-Tests-should-load-team-member-avatars-without-404-errors-tablet-portrait-retry1/trace.zip
    Usage:

        npx playwright show-trace test-results/dashboard-Dashboard-Tests-should-load-team-member-avatars-without-404-errors-tablet-portrait-retry1/trace.zip

    ────────────────────────────────────────────────────────────────────────────────────────────────

    Retry #2 ───────────────────────────────────────────────────────────────────────────────────────

    Error: page.goto: net::ERR_CONNECTION_REFUSED at http://localhost:3001/dashboard
    Call log:
      - navigating to "http://localhost:3001/dashboard", waiting until "load"


       8 |     });
       9 |     
    > 10 |     await page.goto('/dashboard');
         |                ^
      11 |     await page.waitForLoadState('domcontentloaded');
      12 |     // Wait for critical elements to be visible
      13 |     await page.waitForSelector('[data-testid="dashboard-title"]', { timeout: 30000 }).catch(() => {

        at /Users/thabonyembe/Documents/freeflow-app-9/tests/e2e/dashboard.spec.ts:10:16

    attachment #1: screenshot (image/png) ──────────────────────────────────────────────────────────
    test-results/dashboard-Dashboard-Tests-should-load-team-member-avatars-without-404-errors-tablet-portrait-retry2/test-failed-1.png
    ────────────────────────────────────────────────────────────────────────────────────────────────
]]>
</failure>
<system-out>
<![CDATA[
[[ATTACHMENT|dashboard-Dashboard-Tests-should-load-team-member-avatars-without-404-errors-tablet-portrait/test-failed-1.png]]

[[ATTACHMENT|dashboard-Dashboard-Tests-should-load-team-member-avatars-without-404-errors-tablet-portrait/video.webm]]

[[ATTACHMENT|dashboard-Dashboard-Tests-should-load-team-member-avatars-without-404-errors-tablet-portrait-retry1/test-failed-1.png]]

[[ATTACHMENT|dashboard-Dashboard-Tests-should-load-team-member-avatars-without-404-errors-tablet-portrait-retry1/video.webm]]

[[ATTACHMENT|dashboard-Dashboard-Tests-should-load-team-member-avatars-without-404-errors-tablet-portrait-retry1/trace.zip]]

[[ATTACHMENT|dashboard-Dashboard-Tests-should-load-team-member-avatars-without-404-errors-tablet-portrait-retry2/test-failed-1.png]]
]]>
</system-out>
</testcase>
<testcase name="Dashboard Tests › should have proper accessibility labels" classname="dashboard.spec.ts" time="0.825">
<failure message="dashboard.spec.ts:108:7 should have proper accessibility labels" type="FAILURE">
<![CDATA[  [tablet-portrait] › dashboard.spec.ts:108:7 › Dashboard Tests › should have proper accessibility labels 

    Error: page.goto: net::ERR_CONNECTION_REFUSED at http://localhost:3001/dashboard
    Call log:
      - navigating to "http://localhost:3001/dashboard", waiting until "load"


       8 |     });
       9 |     
    > 10 |     await page.goto('/dashboard');
         |                ^
      11 |     await page.waitForLoadState('domcontentloaded');
      12 |     // Wait for critical elements to be visible
      13 |     await page.waitForSelector('[data-testid="dashboard-title"]', { timeout: 30000 }).catch(() => {

        at /Users/thabonyembe/Documents/freeflow-app-9/tests/e2e/dashboard.spec.ts:10:16

    attachment #1: screenshot (image/png) ──────────────────────────────────────────────────────────
    test-results/dashboard-Dashboard-Tests-should-have-proper-accessibility-labels-tablet-portrait/test-failed-1.png
    ────────────────────────────────────────────────────────────────────────────────────────────────

    attachment #2: video (video/webm) ──────────────────────────────────────────────────────────────
    test-results/dashboard-Dashboard-Tests-should-have-proper-accessibility-labels-tablet-portrait/video.webm
    ────────────────────────────────────────────────────────────────────────────────────────────────

    Retry #1 ───────────────────────────────────────────────────────────────────────────────────────

    Error: page.goto: net::ERR_CONNECTION_REFUSED at http://localhost:3001/dashboard
    Call log:
      - navigating to "http://localhost:3001/dashboard", waiting until "load"


       8 |     });
       9 |     
    > 10 |     await page.goto('/dashboard');
         |                ^
      11 |     await page.waitForLoadState('domcontentloaded');
      12 |     // Wait for critical elements to be visible
      13 |     await page.waitForSelector('[data-testid="dashboard-title"]', { timeout: 30000 }).catch(() => {

        at /Users/thabonyembe/Documents/freeflow-app-9/tests/e2e/dashboard.spec.ts:10:16

    attachment #1: screenshot (image/png) ──────────────────────────────────────────────────────────
    test-results/dashboard-Dashboard-Tests-should-have-proper-accessibility-labels-tablet-portrait-retry1/test-failed-1.png
    ────────────────────────────────────────────────────────────────────────────────────────────────

    attachment #2: video (video/webm) ──────────────────────────────────────────────────────────────
    test-results/dashboard-Dashboard-Tests-should-have-proper-accessibility-labels-tablet-portrait-retry1/video.webm
    ────────────────────────────────────────────────────────────────────────────────────────────────

    attachment #3: trace (application/zip) ─────────────────────────────────────────────────────────
    test-results/dashboard-Dashboard-Tests-should-have-proper-accessibility-labels-tablet-portrait-retry1/trace.zip
    Usage:

        npx playwright show-trace test-results/dashboard-Dashboard-Tests-should-have-proper-accessibility-labels-tablet-portrait-retry1/trace.zip

    ────────────────────────────────────────────────────────────────────────────────────────────────

    Retry #2 ───────────────────────────────────────────────────────────────────────────────────────

    Error: page.goto: net::ERR_CONNECTION_REFUSED at http://localhost:3001/dashboard
    Call log:
      - navigating to "http://localhost:3001/dashboard", waiting until "load"


       8 |     });
       9 |     
    > 10 |     await page.goto('/dashboard');
         |                ^
      11 |     await page.waitForLoadState('domcontentloaded');
      12 |     // Wait for critical elements to be visible
      13 |     await page.waitForSelector('[data-testid="dashboard-title"]', { timeout: 30000 }).catch(() => {

        at /Users/thabonyembe/Documents/freeflow-app-9/tests/e2e/dashboard.spec.ts:10:16

    attachment #1: screenshot (image/png) ──────────────────────────────────────────────────────────
    test-results/dashboard-Dashboard-Tests-should-have-proper-accessibility-labels-tablet-portrait-retry2/test-failed-1.png
    ────────────────────────────────────────────────────────────────────────────────────────────────
]]>
</failure>
<system-out>
<![CDATA[
[[ATTACHMENT|dashboard-Dashboard-Tests-should-have-proper-accessibility-labels-tablet-portrait/test-failed-1.png]]

[[ATTACHMENT|dashboard-Dashboard-Tests-should-have-proper-accessibility-labels-tablet-portrait/video.webm]]

[[ATTACHMENT|dashboard-Dashboard-Tests-should-have-proper-accessibility-labels-tablet-portrait-retry1/test-failed-1.png]]

[[ATTACHMENT|dashboard-Dashboard-Tests-should-have-proper-accessibility-labels-tablet-portrait-retry1/video.webm]]

[[ATTACHMENT|dashboard-Dashboard-Tests-should-have-proper-accessibility-labels-tablet-portrait-retry1/trace.zip]]

[[ATTACHMENT|dashboard-Dashboard-Tests-should-have-proper-accessibility-labels-tablet-portrait-retry2/test-failed-1.png]]
]]>
</system-out>
</testcase>
</testsuite>
</testsuites>