<testsuites id="" name="" tests="0" failures="0" skipped="0" errors="0" time="0.009345000000000254">
</testsuites>