<testsuites id="" name="" tests="160" failures="130" skipped="2" errors="0" time="240.68275900000003">
<testsuite name="responsive-ui-ux.spec.ts" timestamp="2025-06-11T23:37:50.432Z" hostname="desktop-chrome-1920" tests="10" failures="10" skipped="0" time="31.823" errors="0">
<testcase name="Responsive UI/UX Testing Suite › Landing Page Responsive Design › should display properly on all viewport sizes" classname="responsive-ui-ux.spec.ts" time="3.07">
<failure message="responsive-ui-ux.spec.ts:46:9 should display properly on all viewport sizes" type="FAILURE">
<![CDATA[  [desktop-chrome-1920] › responsive-ui-ux.spec.ts:46:9 › Responsive UI/UX Testing Suite › Landing Page Responsive Design › should display properly on all viewport sizes 

    Error: browserContext.newPage: Target page, context or browser has been closed
    Browser logs:

    <launching> /Users/thabonyembe/Library/Caches/ms-playwright/chromium-1097/chrome-mac/Chromium.app/Contents/MacOS/Chromium --disable-field-trial-config --disable-background-networking --enable-features=NetworkService,NetworkServiceInProcess --disable-background-timer-throttling --disable-backgrounding-occluded-windows --disable-back-forward-cache --disable-breakpad --disable-client-side-phishing-detection --disable-component-extensions-with-background-pages --disable-component-update --no-default-browser-check --disable-default-apps --disable-dev-shm-usage --disable-extensions --disable-features=ImprovedCookieControls,LazyFrameLoading,GlobalMediaControls,DestroyProfileOnBrowserClose,MediaRouter,DialMediaRouteProvider,AcceptCHFrame,AutoExpandDetailsElement,CertificateTransparencyComponentUpdater,AvoidUnnecessaryBeforeUnloadCheckSync,Translate,HttpsUpgrades,PaintHolding --allow-pre-commit-input --disable-hang-monitor --disable-ipc-flooding-protection --disable-popup-blocking --disable-prompt-on-repost --disable-renderer-backgrounding --force-color-profile=srgb --metrics-recording-only --no-first-run --enable-automation --password-store=basic --use-mock-keychain --no-service-autorun --export-tagged-pdf --disable-search-engine-choice-screen --enable-use-zoom-for-dsf=false --no-sandbox --user-data-dir=/var/folders/g0/h_vmczvs61jf4r7kzhq0ypg40000gn/T/playwright_chromiumdev_profile-725M5b --remote-debugging-pipe --no-startup-window
    <launched> pid=36577
    [pid=36577][err] [36577:259:0612/013750.958455:ERROR:policy_logger.cc(156)] :components/enterprise/browser/controller/chrome_browser_cloud_management_controller.cc(161) Cloud management controller initialization aborted as CBCM is not enabled. Please use the `--enable-chrome-browser-cloud-management` command line flag to enable it if you are not using the official Google Chrome build.
    [pid=36577][err] [0612/013751.797294:WARNING:crash_report_exception_handler.cc(235)] UniversalExceptionRaise: (os/kern) failure (5)
    [pid=36577] <process did exit: exitCode=null, signal=SIGTRAP>
    [pid=36577] starting temporary directories cleanup


    Retry #1 ───────────────────────────────────────────────────────────────────────────────────────

    TargetClosedError: Target page, context or browser has been closed


    Retry #2 ───────────────────────────────────────────────────────────────────────────────────────

    Error: browserContext.newPage: Target page, context or browser has been closed
    Browser logs:

    <launching> /Users/thabonyembe/Library/Caches/ms-playwright/chromium-1097/chrome-mac/Chromium.app/Contents/MacOS/Chromium --disable-field-trial-config --disable-background-networking --enable-features=NetworkService,NetworkServiceInProcess --disable-background-timer-throttling --disable-backgrounding-occluded-windows --disable-back-forward-cache --disable-breakpad --disable-client-side-phishing-detection --disable-component-extensions-with-background-pages --disable-component-update --no-default-browser-check --disable-default-apps --disable-dev-shm-usage --disable-extensions --disable-features=ImprovedCookieControls,LazyFrameLoading,GlobalMediaControls,DestroyProfileOnBrowserClose,MediaRouter,DialMediaRouteProvider,AcceptCHFrame,AutoExpandDetailsElement,CertificateTransparencyComponentUpdater,AvoidUnnecessaryBeforeUnloadCheckSync,Translate,HttpsUpgrades,PaintHolding --allow-pre-commit-input --disable-hang-monitor --disable-ipc-flooding-protection --disable-popup-blocking --disable-prompt-on-repost --disable-renderer-backgrounding --force-color-profile=srgb --metrics-recording-only --no-first-run --enable-automation --password-store=basic --use-mock-keychain --no-service-autorun --export-tagged-pdf --disable-search-engine-choice-screen --enable-use-zoom-for-dsf=false --no-sandbox --user-data-dir=/var/folders/g0/h_vmczvs61jf4r7kzhq0ypg40000gn/T/playwright_chromiumdev_profile-FrtGjI --remote-debugging-pipe --no-startup-window
    <launched> pid=36682
    [pid=36682][err] [36682:259:0612/013754.746356:ERROR:policy_logger.cc(156)] :components/enterprise/browser/controller/chrome_browser_cloud_management_controller.cc(161) Cloud management controller initialization aborted as CBCM is not enabled. Please use the `--enable-chrome-browser-cloud-management` command line flag to enable it if you are not using the official Google Chrome build.
    [pid=36682][err] [0612/013755.699052:WARNING:crash_report_exception_handler.cc(235)] UniversalExceptionRaise: (os/kern) failure (5)
    [pid=36682] <process did exit: exitCode=null, signal=SIGTRAP>
    [pid=36682] starting temporary directories cleanup

]]>
</failure>
</testcase>
<testcase name="Responsive UI/UX Testing Suite › Landing Page Responsive Design › should handle navigation interactions properly" classname="responsive-ui-ux.spec.ts" time="3.586">
<failure message="responsive-ui-ux.spec.ts:92:9 should handle navigation interactions properly" type="FAILURE">
<![CDATA[  [desktop-chrome-1920] › responsive-ui-ux.spec.ts:92:9 › Responsive UI/UX Testing Suite › Landing Page Responsive Design › should handle navigation interactions properly 

    Error: browserContext.newPage: Target page, context or browser has been closed
    Browser logs:

    <launching> /Users/thabonyembe/Library/Caches/ms-playwright/chromium-1097/chrome-mac/Chromium.app/Contents/MacOS/Chromium --disable-field-trial-config --disable-background-networking --enable-features=NetworkService,NetworkServiceInProcess --disable-background-timer-throttling --disable-backgrounding-occluded-windows --disable-back-forward-cache --disable-breakpad --disable-client-side-phishing-detection --disable-component-extensions-with-background-pages --disable-component-update --no-default-browser-check --disable-default-apps --disable-dev-shm-usage --disable-extensions --disable-features=ImprovedCookieControls,LazyFrameLoading,GlobalMediaControls,DestroyProfileOnBrowserClose,MediaRouter,DialMediaRouteProvider,AcceptCHFrame,AutoExpandDetailsElement,CertificateTransparencyComponentUpdater,AvoidUnnecessaryBeforeUnloadCheckSync,Translate,HttpsUpgrades,PaintHolding --allow-pre-commit-input --disable-hang-monitor --disable-ipc-flooding-protection --disable-popup-blocking --disable-prompt-on-repost --disable-renderer-backgrounding --force-color-profile=srgb --metrics-recording-only --no-first-run --enable-automation --password-store=basic --use-mock-keychain --no-service-autorun --export-tagged-pdf --disable-search-engine-choice-screen --enable-use-zoom-for-dsf=false --no-sandbox --user-data-dir=/var/folders/g0/h_vmczvs61jf4r7kzhq0ypg40000gn/T/playwright_chromiumdev_profile-Ufw4Gs --remote-debugging-pipe --no-startup-window
    <launched> pid=36578
    [pid=36578][err] [36578:259:0612/013750.958433:ERROR:policy_logger.cc(156)] :components/enterprise/browser/controller/chrome_browser_cloud_management_controller.cc(161) Cloud management controller initialization aborted as CBCM is not enabled. Please use the `--enable-chrome-browser-cloud-management` command line flag to enable it if you are not using the official Google Chrome build.
    [pid=36578][err] [0612/013751.807795:WARNING:crash_report_exception_handler.cc(235)] UniversalExceptionRaise: (os/kern) failure (5)
    [pid=36578] <process did exit: exitCode=null, signal=SIGTRAP>
    [pid=36578] starting temporary directories cleanup


    Retry #1 ───────────────────────────────────────────────────────────────────────────────────────

    TargetClosedError: Target page, context or browser has been closed


    Retry #2 ───────────────────────────────────────────────────────────────────────────────────────

    TargetClosedError: Target page, context or browser has been closed

]]>
</failure>
</testcase>
<testcase name="Responsive UI/UX Testing Suite › Dashboard Responsive Layout › should display dashboard layout correctly" classname="responsive-ui-ux.spec.ts" time="3.056">
<failure message="responsive-ui-ux.spec.ts:133:9 should display dashboard layout correctly" type="FAILURE">
<![CDATA[  [desktop-chrome-1920] › responsive-ui-ux.spec.ts:133:9 › Responsive UI/UX Testing Suite › Dashboard Responsive Layout › should display dashboard layout correctly 

    Error: browserContext.newPage: Target page, context or browser has been closed
    Browser logs:

    <launching> /Users/thabonyembe/Library/Caches/ms-playwright/chromium-1097/chrome-mac/Chromium.app/Contents/MacOS/Chromium --disable-field-trial-config --disable-background-networking --enable-features=NetworkService,NetworkServiceInProcess --disable-background-timer-throttling --disable-backgrounding-occluded-windows --disable-back-forward-cache --disable-breakpad --disable-client-side-phishing-detection --disable-component-extensions-with-background-pages --disable-component-update --no-default-browser-check --disable-default-apps --disable-dev-shm-usage --disable-extensions --disable-features=ImprovedCookieControls,LazyFrameLoading,GlobalMediaControls,DestroyProfileOnBrowserClose,MediaRouter,DialMediaRouteProvider,AcceptCHFrame,AutoExpandDetailsElement,CertificateTransparencyComponentUpdater,AvoidUnnecessaryBeforeUnloadCheckSync,Translate,HttpsUpgrades,PaintHolding --allow-pre-commit-input --disable-hang-monitor --disable-ipc-flooding-protection --disable-popup-blocking --disable-prompt-on-repost --disable-renderer-backgrounding --force-color-profile=srgb --metrics-recording-only --no-first-run --enable-automation --password-store=basic --use-mock-keychain --no-service-autorun --export-tagged-pdf --disable-search-engine-choice-screen --enable-use-zoom-for-dsf=false --no-sandbox --user-data-dir=/var/folders/g0/h_vmczvs61jf4r7kzhq0ypg40000gn/T/playwright_chromiumdev_profile-T36ewF --remote-debugging-pipe --no-startup-window
    <launched> pid=36580
    [pid=36580][err] [36580:259:0612/013750.956360:ERROR:policy_logger.cc(156)] :components/enterprise/browser/controller/chrome_browser_cloud_management_controller.cc(161) Cloud management controller initialization aborted as CBCM is not enabled. Please use the `--enable-chrome-browser-cloud-management` command line flag to enable it if you are not using the official Google Chrome build.
    [pid=36580][err] [0612/013751.825052:WARNING:crash_report_exception_handler.cc(235)] UniversalExceptionRaise: (os/kern) failure (5)
    [pid=36580] <process did exit: exitCode=null, signal=SIGTRAP>
    [pid=36580] starting temporary directories cleanup


    Retry #1 ───────────────────────────────────────────────────────────────────────────────────────

    TargetClosedError: Target page, context or browser has been closed


    Retry #2 ───────────────────────────────────────────────────────────────────────────────────────

    Error: browserContext.newPage: Target page, context or browser has been closed
    Browser logs:

    <launching> /Users/thabonyembe/Library/Caches/ms-playwright/chromium-1097/chrome-mac/Chromium.app/Contents/MacOS/Chromium --disable-field-trial-config --disable-background-networking --enable-features=NetworkService,NetworkServiceInProcess --disable-background-timer-throttling --disable-backgrounding-occluded-windows --disable-back-forward-cache --disable-breakpad --disable-client-side-phishing-detection --disable-component-extensions-with-background-pages --disable-component-update --no-default-browser-check --disable-default-apps --disable-dev-shm-usage --disable-extensions --disable-features=ImprovedCookieControls,LazyFrameLoading,GlobalMediaControls,DestroyProfileOnBrowserClose,MediaRouter,DialMediaRouteProvider,AcceptCHFrame,AutoExpandDetailsElement,CertificateTransparencyComponentUpdater,AvoidUnnecessaryBeforeUnloadCheckSync,Translate,HttpsUpgrades,PaintHolding --allow-pre-commit-input --disable-hang-monitor --disable-ipc-flooding-protection --disable-popup-blocking --disable-prompt-on-repost --disable-renderer-backgrounding --force-color-profile=srgb --metrics-recording-only --no-first-run --enable-automation --password-store=basic --use-mock-keychain --no-service-autorun --export-tagged-pdf --disable-search-engine-choice-screen --enable-use-zoom-for-dsf=false --no-sandbox --user-data-dir=/var/folders/g0/h_vmczvs61jf4r7kzhq0ypg40000gn/T/playwright_chromiumdev_profile-nnZyJ4 --remote-debugging-pipe --no-startup-window
    <launched> pid=36681
    [pid=36681][err] [36681:259:0612/013754.755396:ERROR:policy_logger.cc(156)] :components/enterprise/browser/controller/chrome_browser_cloud_management_controller.cc(161) Cloud management controller initialization aborted as CBCM is not enabled. Please use the `--enable-chrome-browser-cloud-management` command line flag to enable it if you are not using the official Google Chrome build.
    [pid=36681][err] [0612/013755.672532:WARNING:crash_report_exception_handler.cc(235)] UniversalExceptionRaise: (os/kern) failure (5)

]]>
</failure>
</testcase>
<testcase name="Responsive UI/UX Testing Suite › Dashboard Responsive Layout › should handle dashboard navigation properly" classname="responsive-ui-ux.spec.ts" time="3.697">
<failure message="responsive-ui-ux.spec.ts:192:9 should handle dashboard navigation properly" type="FAILURE">
<![CDATA[  [desktop-chrome-1920] › responsive-ui-ux.spec.ts:192:9 › Responsive UI/UX Testing Suite › Dashboard Responsive Layout › should handle dashboard navigation properly 

    TargetClosedError: Target page, context or browser has been closed


    Retry #1 ───────────────────────────────────────────────────────────────────────────────────────

    TargetClosedError: Target page, context or browser has been closed


    Retry #2 ───────────────────────────────────────────────────────────────────────────────────────

    TargetClosedError: Target page, context or browser has been closed

]]>
</failure>
</testcase>
<testcase name="Responsive UI/UX Testing Suite › Component Responsive Behavior › should render forms responsively" classname="responsive-ui-ux.spec.ts" time="2.895">
<failure message="responsive-ui-ux.spec.ts:230:9 should render forms responsively" type="FAILURE">
<![CDATA[  [desktop-chrome-1920] › responsive-ui-ux.spec.ts:230:9 › Responsive UI/UX Testing Suite › Component Responsive Behavior › should render forms responsively 

    TargetClosedError: Target page, context or browser has been closed


    Retry #1 ───────────────────────────────────────────────────────────────────────────────────────

    Error: browserContext.newPage: Target page, context or browser has been closed
    Browser logs:

    <launching> /Users/thabonyembe/Library/Caches/ms-playwright/chromium-1097/chrome-mac/Chromium.app/Contents/MacOS/Chromium --disable-field-trial-config --disable-background-networking --enable-features=NetworkService,NetworkServiceInProcess --disable-background-timer-throttling --disable-backgrounding-occluded-windows --disable-back-forward-cache --disable-breakpad --disable-client-side-phishing-detection --disable-component-extensions-with-background-pages --disable-component-update --no-default-browser-check --disable-default-apps --disable-dev-shm-usage --disable-extensions --disable-features=ImprovedCookieControls,LazyFrameLoading,GlobalMediaControls,DestroyProfileOnBrowserClose,MediaRouter,DialMediaRouteProvider,AcceptCHFrame,AutoExpandDetailsElement,CertificateTransparencyComponentUpdater,AvoidUnnecessaryBeforeUnloadCheckSync,Translate,HttpsUpgrades,PaintHolding --allow-pre-commit-input --disable-hang-monitor --disable-ipc-flooding-protection --disable-popup-blocking --disable-prompt-on-repost --disable-renderer-backgrounding --force-color-profile=srgb --metrics-recording-only --no-first-run --enable-automation --password-store=basic --use-mock-keychain --no-service-autorun --export-tagged-pdf --disable-search-engine-choice-screen --enable-use-zoom-for-dsf=false --no-sandbox --user-data-dir=/var/folders/g0/h_vmczvs61jf4r7kzhq0ypg40000gn/T/playwright_chromiumdev_profile-qnONTv --remote-debugging-pipe --no-startup-window
    <launched> pid=36784
    [pid=36784][err] [36784:259:0612/013757.954409:ERROR:policy_logger.cc(156)] :components/enterprise/browser/controller/chrome_browser_cloud_management_controller.cc(161) Cloud management controller initialization aborted as CBCM is not enabled. Please use the `--enable-chrome-browser-cloud-management` command line flag to enable it if you are not using the official Google Chrome build.
    [pid=36784][err] [0612/013758.697825:WARNING:crash_report_exception_handler.cc(235)] UniversalExceptionRaise: (os/kern) failure (5)


    Retry #2 ───────────────────────────────────────────────────────────────────────────────────────

    TargetClosedError: Target page, context or browser has been closed

]]>
</failure>
</testcase>
<testcase name="Responsive UI/UX Testing Suite › Component Responsive Behavior › should handle modal dialogs responsively" classname="responsive-ui-ux.spec.ts" time="3.568">
<failure message="responsive-ui-ux.spec.ts:274:9 should handle modal dialogs responsively" type="FAILURE">
<![CDATA[  [desktop-chrome-1920] › responsive-ui-ux.spec.ts:274:9 › Responsive UI/UX Testing Suite › Component Responsive Behavior › should handle modal dialogs responsively 

    TargetClosedError: Target page, context or browser has been closed


    Retry #1 ───────────────────────────────────────────────────────────────────────────────────────

    TargetClosedError: Target page, context or browser has been closed


    Retry #2 ───────────────────────────────────────────────────────────────────────────────────────

    TargetClosedError: Target page, context or browser has been closed

]]>
</failure>
</testcase>
<testcase name="Responsive UI/UX Testing Suite › Touch and Interaction Testing › should handle touch interactions on mobile devices" classname="responsive-ui-ux.spec.ts" time="3.129">
<failure message="responsive-ui-ux.spec.ts:314:9 should handle touch interactions on mobile devices" type="FAILURE">
<![CDATA[  [desktop-chrome-1920] › responsive-ui-ux.spec.ts:314:9 › Responsive UI/UX Testing Suite › Touch and Interaction Testing › should handle touch interactions on mobile devices 

    Error: browserContext.newPage: Target page, context or browser has been closed
    Browser logs:

    <launching> /Users/thabonyembe/Library/Caches/ms-playwright/chromium-1097/chrome-mac/Chromium.app/Contents/MacOS/Chromium --disable-field-trial-config --disable-background-networking --enable-features=NetworkService,NetworkServiceInProcess --disable-background-timer-throttling --disable-backgrounding-occluded-windows --disable-back-forward-cache --disable-breakpad --disable-client-side-phishing-detection --disable-component-extensions-with-background-pages --disable-component-update --no-default-browser-check --disable-default-apps --disable-dev-shm-usage --disable-extensions --disable-features=ImprovedCookieControls,LazyFrameLoading,GlobalMediaControls,DestroyProfileOnBrowserClose,MediaRouter,DialMediaRouteProvider,AcceptCHFrame,AutoExpandDetailsElement,CertificateTransparencyComponentUpdater,AvoidUnnecessaryBeforeUnloadCheckSync,Translate,HttpsUpgrades,PaintHolding --allow-pre-commit-input --disable-hang-monitor --disable-ipc-flooding-protection --disable-popup-blocking --disable-prompt-on-repost --disable-renderer-backgrounding --force-color-profile=srgb --metrics-recording-only --no-first-run --enable-automation --password-store=basic --use-mock-keychain --no-service-autorun --export-tagged-pdf --disable-search-engine-choice-screen --enable-use-zoom-for-dsf=false --no-sandbox --user-data-dir=/var/folders/g0/h_vmczvs61jf4r7kzhq0ypg40000gn/T/playwright_chromiumdev_profile-U366q3 --remote-debugging-pipe --no-startup-window
    <launched> pid=36764
    [pid=36764][err] [36764:259:0612/013756.982630:ERROR:policy_logger.cc(156)] :components/enterprise/browser/controller/chrome_browser_cloud_management_controller.cc(161) Cloud management controller initialization aborted as CBCM is not enabled. Please use the `--enable-chrome-browser-cloud-management` command line flag to enable it if you are not using the official Google Chrome build.
    [pid=36764][err] [0612/013757.665393:WARNING:crash_report_exception_handler.cc(235)] UniversalExceptionRaise: (os/kern) failure (5)
    [pid=36764] <process did exit: exitCode=null, signal=SIGTRAP>
    [pid=36764] starting temporary directories cleanup


    Retry #1 ───────────────────────────────────────────────────────────────────────────────────────

    TargetClosedError: Target page, context or browser has been closed


    Retry #2 ───────────────────────────────────────────────────────────────────────────────────────

    TargetClosedError: Target page, context or browser has been closed

]]>
</failure>
</testcase>
<testcase name="Responsive UI/UX Testing Suite › Performance and Accessibility › should meet accessibility standards" classname="responsive-ui-ux.spec.ts" time="3.196">
<failure message="responsive-ui-ux.spec.ts:363:9 should meet accessibility standards" type="FAILURE">
<![CDATA[  [desktop-chrome-1920] › responsive-ui-ux.spec.ts:363:9 › Responsive UI/UX Testing Suite › Performance and Accessibility › should meet accessibility standards 

    TargetClosedError: Target page, context or browser has been closed


    Retry #1 ───────────────────────────────────────────────────────────────────────────────────────

    TargetClosedError: Target page, context or browser has been closed


    Retry #2 ───────────────────────────────────────────────────────────────────────────────────────

    TargetClosedError: Target page, context or browser has been closed

]]>
</failure>
</testcase>
<testcase name="Responsive UI/UX Testing Suite › Performance and Accessibility › should have reasonable load times" classname="responsive-ui-ux.spec.ts" time="2.726">
<failure message="responsive-ui-ux.spec.ts:398:9 should have reasonable load times" type="FAILURE">
<![CDATA[  [desktop-chrome-1920] › responsive-ui-ux.spec.ts:398:9 › Responsive UI/UX Testing Suite › Performance and Accessibility › should have reasonable load times 

    TargetClosedError: Target page, context or browser has been closed


    Retry #1 ───────────────────────────────────────────────────────────────────────────────────────

    TargetClosedError: Target page, context or browser has been closed


    Retry #2 ───────────────────────────────────────────────────────────────────────────────────────

    TargetClosedError: Target page, context or browser has been closed

]]>
</failure>
</testcase>
<testcase name="Responsive UI/UX Testing Suite › Cross-viewport Consistency › should maintain consistent branding and styling" classname="responsive-ui-ux.spec.ts" time="2.9">
<failure message="responsive-ui-ux.spec.ts:434:9 should maintain consistent branding and styling" type="FAILURE">
<![CDATA[  [desktop-chrome-1920] › responsive-ui-ux.spec.ts:434:9 › Responsive UI/UX Testing Suite › Cross-viewport Consistency › should maintain consistent branding and styling 

    TargetClosedError: Target page, context or browser has been closed


    Retry #1 ───────────────────────────────────────────────────────────────────────────────────────

    TargetClosedError: Target page, context or browser has been closed


    Retry #2 ───────────────────────────────────────────────────────────────────────────────────────

    TargetClosedError: Target page, context or browser has been closed

]]>
</failure>
</testcase>
</testsuite>
<testsuite name="responsive-ui-ux.spec.ts" timestamp="2025-06-11T23:37:50.432Z" hostname="desktop-chrome-1366" tests="10" failures="10" skipped="0" time="28.536" errors="0">
<testcase name="Responsive UI/UX Testing Suite › Landing Page Responsive Design › should display properly on all viewport sizes" classname="responsive-ui-ux.spec.ts" time="2.767">
<failure message="responsive-ui-ux.spec.ts:46:9 should display properly on all viewport sizes" type="FAILURE">
<![CDATA[  [desktop-chrome-1366] › responsive-ui-ux.spec.ts:46:9 › Responsive UI/UX Testing Suite › Landing Page Responsive Design › should display properly on all viewport sizes 

    TargetClosedError: Target page, context or browser has been closed


    Retry #1 ───────────────────────────────────────────────────────────────────────────────────────

    TargetClosedError: Target page, context or browser has been closed


    Retry #2 ───────────────────────────────────────────────────────────────────────────────────────

    TargetClosedError: Target page, context or browser has been closed

]]>
</failure>
</testcase>
<testcase name="Responsive UI/UX Testing Suite › Landing Page Responsive Design › should handle navigation interactions properly" classname="responsive-ui-ux.spec.ts" time="2.932">
<failure message="responsive-ui-ux.spec.ts:92:9 should handle navigation interactions properly" type="FAILURE">
<![CDATA[  [desktop-chrome-1366] › responsive-ui-ux.spec.ts:92:9 › Responsive UI/UX Testing Suite › Landing Page Responsive Design › should handle navigation interactions properly 

    TargetClosedError: Target page, context or browser has been closed


    Retry #1 ───────────────────────────────────────────────────────────────────────────────────────

    TargetClosedError: Target page, context or browser has been closed


    Retry #2 ───────────────────────────────────────────────────────────────────────────────────────

    TargetClosedError: Target page, context or browser has been closed

]]>
</failure>
</testcase>
<testcase name="Responsive UI/UX Testing Suite › Dashboard Responsive Layout › should display dashboard layout correctly" classname="responsive-ui-ux.spec.ts" time="2.258">
<failure message="responsive-ui-ux.spec.ts:133:9 should display dashboard layout correctly" type="FAILURE">
<![CDATA[  [desktop-chrome-1366] › responsive-ui-ux.spec.ts:133:9 › Responsive UI/UX Testing Suite › Dashboard Responsive Layout › should display dashboard layout correctly 

    Error: browserContext.newPage: Target page, context or browser has been closed
    Browser logs:

    <launching> /Users/thabonyembe/Library/Caches/ms-playwright/chromium-1097/chrome-mac/Chromium.app/Contents/MacOS/Chromium --disable-field-trial-config --disable-background-networking --enable-features=NetworkService,NetworkServiceInProcess --disable-background-timer-throttling --disable-backgrounding-occluded-windows --disable-back-forward-cache --disable-breakpad --disable-client-side-phishing-detection --disable-component-extensions-with-background-pages --disable-component-update --no-default-browser-check --disable-default-apps --disable-dev-shm-usage --disable-extensions --disable-features=ImprovedCookieControls,LazyFrameLoading,GlobalMediaControls,DestroyProfileOnBrowserClose,MediaRouter,DialMediaRouteProvider,AcceptCHFrame,AutoExpandDetailsElement,CertificateTransparencyComponentUpdater,AvoidUnnecessaryBeforeUnloadCheckSync,Translate,HttpsUpgrades,PaintHolding --allow-pre-commit-input --disable-hang-monitor --disable-ipc-flooding-protection --disable-popup-blocking --disable-prompt-on-repost --disable-renderer-backgrounding --force-color-profile=srgb --metrics-recording-only --no-first-run --enable-automation --password-store=basic --use-mock-keychain --no-service-autorun --export-tagged-pdf --disable-search-engine-choice-screen --enable-use-zoom-for-dsf=false --no-sandbox --user-data-dir=/var/folders/g0/h_vmczvs61jf4r7kzhq0ypg40000gn/T/playwright_chromiumdev_profile-cCKXpg --remote-debugging-pipe --no-startup-window
    <launched> pid=37057
    [pid=37057][err] [37057:259:0612/013805.896020:ERROR:policy_logger.cc(156)] :components/enterprise/browser/controller/chrome_browser_cloud_management_controller.cc(161) Cloud management controller initialization aborted as CBCM is not enabled. Please use the `--enable-chrome-browser-cloud-management` command line flag to enable it if you are not using the official Google Chrome build.
    [pid=37057][err] [0612/013806.367397:WARNING:crash_report_exception_handler.cc(235)] UniversalExceptionRaise: (os/kern) failure (5)
    [pid=37057] <process did exit: exitCode=null, signal=SIGTRAP>
    [pid=37057] starting temporary directories cleanup


    Retry #1 ───────────────────────────────────────────────────────────────────────────────────────

    TargetClosedError: Target page, context or browser has been closed


    Retry #2 ───────────────────────────────────────────────────────────────────────────────────────

    TargetClosedError: Target page, context or browser has been closed

]]>
</failure>
</testcase>
<testcase name="Responsive UI/UX Testing Suite › Dashboard Responsive Layout › should handle dashboard navigation properly" classname="responsive-ui-ux.spec.ts" time="3.162">
<failure message="responsive-ui-ux.spec.ts:192:9 should handle dashboard navigation properly" type="FAILURE">
<![CDATA[  [desktop-chrome-1366] › responsive-ui-ux.spec.ts:192:9 › Responsive UI/UX Testing Suite › Dashboard Responsive Layout › should handle dashboard navigation properly 

    TargetClosedError: Target page, context or browser has been closed


    Retry #1 ───────────────────────────────────────────────────────────────────────────────────────

    TargetClosedError: Target page, context or browser has been closed


    Retry #2 ───────────────────────────────────────────────────────────────────────────────────────

    TargetClosedError: Target page, context or browser has been closed

]]>
</failure>
</testcase>
<testcase name="Responsive UI/UX Testing Suite › Component Responsive Behavior › should render forms responsively" classname="responsive-ui-ux.spec.ts" time="2.547">
<failure message="responsive-ui-ux.spec.ts:230:9 should render forms responsively" type="FAILURE">
<![CDATA[  [desktop-chrome-1366] › responsive-ui-ux.spec.ts:230:9 › Responsive UI/UX Testing Suite › Component Responsive Behavior › should render forms responsively 

    TargetClosedError: Target page, context or browser has been closed


    Retry #1 ───────────────────────────────────────────────────────────────────────────────────────

    Error: browserContext.newPage: Target page, context or browser has been closed
    Browser logs:

    <launching> /Users/thabonyembe/Library/Caches/ms-playwright/chromium-1097/chrome-mac/Chromium.app/Contents/MacOS/Chromium --disable-field-trial-config --disable-background-networking --enable-features=NetworkService,NetworkServiceInProcess --disable-background-timer-throttling --disable-backgrounding-occluded-windows --disable-back-forward-cache --disable-breakpad --disable-client-side-phishing-detection --disable-component-extensions-with-background-pages --disable-component-update --no-default-browser-check --disable-default-apps --disable-dev-shm-usage --disable-extensions --disable-features=ImprovedCookieControls,LazyFrameLoading,GlobalMediaControls,DestroyProfileOnBrowserClose,MediaRouter,DialMediaRouteProvider,AcceptCHFrame,AutoExpandDetailsElement,CertificateTransparencyComponentUpdater,AvoidUnnecessaryBeforeUnloadCheckSync,Translate,HttpsUpgrades,PaintHolding --allow-pre-commit-input --disable-hang-monitor --disable-ipc-flooding-protection --disable-popup-blocking --disable-prompt-on-repost --disable-renderer-backgrounding --force-color-profile=srgb --metrics-recording-only --no-first-run --enable-automation --password-store=basic --use-mock-keychain --no-service-autorun --export-tagged-pdf --disable-search-engine-choice-screen --enable-use-zoom-for-dsf=false --no-sandbox --user-data-dir=/var/folders/g0/h_vmczvs61jf4r7kzhq0ypg40000gn/T/playwright_chromiumdev_profile-sDEnsB --remote-debugging-pipe --no-startup-window
    <launched> pid=37137
    [pid=37137][err] [37137:259:0612/013808.179091:ERROR:policy_logger.cc(156)] :components/enterprise/browser/controller/chrome_browser_cloud_management_controller.cc(161) Cloud management controller initialization aborted as CBCM is not enabled. Please use the `--enable-chrome-browser-cloud-management` command line flag to enable it if you are not using the official Google Chrome build.
    [pid=37137][err] [0612/013808.771279:WARNING:crash_report_exception_handler.cc(235)] UniversalExceptionRaise: (os/kern) failure (5)
    [pid=37137] <process did exit: exitCode=null, signal=SIGTRAP>
    [pid=37137] starting temporary directories cleanup


    Retry #2 ───────────────────────────────────────────────────────────────────────────────────────

    TargetClosedError: Target page, context or browser has been closed

]]>
</failure>
</testcase>
<testcase name="Responsive UI/UX Testing Suite › Component Responsive Behavior › should handle modal dialogs responsively" classname="responsive-ui-ux.spec.ts" time="3.006">
<failure message="responsive-ui-ux.spec.ts:274:9 should handle modal dialogs responsively" type="FAILURE">
<![CDATA[  [desktop-chrome-1366] › responsive-ui-ux.spec.ts:274:9 › Responsive UI/UX Testing Suite › Component Responsive Behavior › should handle modal dialogs responsively 

    TargetClosedError: Target page, context or browser has been closed


    Retry #1 ───────────────────────────────────────────────────────────────────────────────────────

    TargetClosedError: Target page, context or browser has been closed


    Retry #2 ───────────────────────────────────────────────────────────────────────────────────────

    TargetClosedError: Target page, context or browser has been closed

]]>
</failure>
</testcase>
<testcase name="Responsive UI/UX Testing Suite › Touch and Interaction Testing › should handle touch interactions on mobile devices" classname="responsive-ui-ux.spec.ts" time="3.014">
<failure message="responsive-ui-ux.spec.ts:314:9 should handle touch interactions on mobile devices" type="FAILURE">
<![CDATA[  [desktop-chrome-1366] › responsive-ui-ux.spec.ts:314:9 › Responsive UI/UX Testing Suite › Touch and Interaction Testing › should handle touch interactions on mobile devices 

    TargetClosedError: Target page, context or browser has been closed


    Retry #1 ───────────────────────────────────────────────────────────────────────────────────────

    TargetClosedError: Target page, context or browser has been closed


    Retry #2 ───────────────────────────────────────────────────────────────────────────────────────

    TargetClosedError: Target page, context or browser has been closed

]]>
</failure>
</testcase>
<testcase name="Responsive UI/UX Testing Suite › Performance and Accessibility › should meet accessibility standards" classname="responsive-ui-ux.spec.ts" time="2.819">
<failure message="responsive-ui-ux.spec.ts:363:9 should meet accessibility standards" type="FAILURE">
<![CDATA[  [desktop-chrome-1366] › responsive-ui-ux.spec.ts:363:9 › Responsive UI/UX Testing Suite › Performance and Accessibility › should meet accessibility standards 

    TargetClosedError: Target page, context or browser has been closed


    Retry #1 ───────────────────────────────────────────────────────────────────────────────────────

    TargetClosedError: Target page, context or browser has been closed


    Retry #2 ───────────────────────────────────────────────────────────────────────────────────────

    TargetClosedError: Target page, context or browser has been closed

]]>
</failure>
</testcase>
<testcase name="Responsive UI/UX Testing Suite › Performance and Accessibility › should have reasonable load times" classname="responsive-ui-ux.spec.ts" time="2.864">
<failure message="responsive-ui-ux.spec.ts:398:9 should have reasonable load times" type="FAILURE">
<![CDATA[  [desktop-chrome-1366] › responsive-ui-ux.spec.ts:398:9 › Responsive UI/UX Testing Suite › Performance and Accessibility › should have reasonable load times 

    TargetClosedError: Target page, context or browser has been closed


    Retry #1 ───────────────────────────────────────────────────────────────────────────────────────

    TargetClosedError: Target page, context or browser has been closed


    Retry #2 ───────────────────────────────────────────────────────────────────────────────────────

    TargetClosedError: Target page, context or browser has been closed

]]>
</failure>
</testcase>
<testcase name="Responsive UI/UX Testing Suite › Cross-viewport Consistency › should maintain consistent branding and styling" classname="responsive-ui-ux.spec.ts" time="3.167">
<failure message="responsive-ui-ux.spec.ts:434:9 should maintain consistent branding and styling" type="FAILURE">
<![CDATA[  [desktop-chrome-1366] › responsive-ui-ux.spec.ts:434:9 › Responsive UI/UX Testing Suite › Cross-viewport Consistency › should maintain consistent branding and styling 

    TargetClosedError: Target page, context or browser has been closed


    Retry #1 ───────────────────────────────────────────────────────────────────────────────────────

    TargetClosedError: Target page, context or browser has been closed


    Retry #2 ───────────────────────────────────────────────────────────────────────────────────────

    TargetClosedError: Target page, context or browser has been closed

]]>
</failure>
</testcase>
</testsuite>
<testsuite name="responsive-ui-ux.spec.ts" timestamp="2025-06-11T23:37:50.432Z" hostname="desktop-firefox" tests="10" failures="2" skipped="1" time="151.875" errors="0">
<testcase name="Responsive UI/UX Testing Suite › Landing Page Responsive Design › should display properly on all viewport sizes" classname="responsive-ui-ux.spec.ts" time="5.43">
<system-out>
<![CDATA[✓ Landing page tested successfully on desktop (1280x720)
]]>
</system-out>
</testcase>
<testcase name="Responsive UI/UX Testing Suite › Landing Page Responsive Design › should handle navigation interactions properly" classname="responsive-ui-ux.spec.ts" time="5.609">
<system-out>
<![CDATA[✓ Navigation tested successfully on desktop
]]>
</system-out>
</testcase>
<testcase name="Responsive UI/UX Testing Suite › Dashboard Responsive Layout › should display dashboard layout correctly" classname="responsive-ui-ux.spec.ts" time="29.965">
<failure message="responsive-ui-ux.spec.ts:133:9 should display dashboard layout correctly" type="FAILURE">
<![CDATA[  [desktop-firefox] › responsive-ui-ux.spec.ts:133:9 › Responsive UI/UX Testing Suite › Dashboard Responsive Layout › should display dashboard layout correctly 

    Error: Timed out 5000ms waiting for expect(locator).toBeVisible()

    Locator: locator('[data-testid="dashboard-sidebar"], [class*="sidebar"], aside').first()
    Expected: visible
    Received: hidden
    Call log:
      - expect.toBeVisible with timeout 5000ms
      - waiting for locator('[data-testid="dashboard-sidebar"], [class*="sidebar"], aside').first()


      143 |         // Desktop should show sidebar navigation
      144 |         const sidebar = page.locator('[data-testid="dashboard-sidebar"], [class*="sidebar"], aside').first();
    > 145 |         await expect(sidebar).toBeVisible();
          |                               ^
      146 |         
      147 |         // Check sidebar width
      148 |         const sidebarBox = await sidebar.boundingBox();

        at /Users/thabonyembe/Documents/freeflow-app-9/tests/e2e/responsive-ui-ux.spec.ts:145:31

    attachment #1: screenshot (image/png) ──────────────────────────────────────────────────────────
    test-results/responsive-ui-ux-Responsive-UI-UX-Testing-Suit-d764c-ayout-should-display-dashboard-layout-correctly-desktop-firefox/test-failed-1.png
    ────────────────────────────────────────────────────────────────────────────────────────────────

    attachment #2: video (video/webm) ──────────────────────────────────────────────────────────────
    test-results/responsive-ui-ux-Responsive-UI-UX-Testing-Suit-d764c-ayout-should-display-dashboard-layout-correctly-desktop-firefox/video.webm
    ────────────────────────────────────────────────────────────────────────────────────────────────

    Retry #1 ───────────────────────────────────────────────────────────────────────────────────────

    Error: Timed out 5000ms waiting for expect(locator).toBeVisible()

    Locator: locator('[data-testid="dashboard-sidebar"], [class*="sidebar"], aside').first()
    Expected: visible
    Received: hidden
    Call log:
      - expect.toBeVisible with timeout 5000ms
      - waiting for locator('[data-testid="dashboard-sidebar"], [class*="sidebar"], aside').first()


      143 |         // Desktop should show sidebar navigation
      144 |         const sidebar = page.locator('[data-testid="dashboard-sidebar"], [class*="sidebar"], aside').first();
    > 145 |         await expect(sidebar).toBeVisible();
          |                               ^
      146 |         
      147 |         // Check sidebar width
      148 |         const sidebarBox = await sidebar.boundingBox();

        at /Users/thabonyembe/Documents/freeflow-app-9/tests/e2e/responsive-ui-ux.spec.ts:145:31

    attachment #1: screenshot (image/png) ──────────────────────────────────────────────────────────
    test-results/responsive-ui-ux-Responsive-UI-UX-Testing-Suit-d764c-ayout-should-display-dashboard-layout-correctly-desktop-firefox-retry1/test-failed-1.png
    ────────────────────────────────────────────────────────────────────────────────────────────────

    attachment #2: video (video/webm) ──────────────────────────────────────────────────────────────
    test-results/responsive-ui-ux-Responsive-UI-UX-Testing-Suit-d764c-ayout-should-display-dashboard-layout-correctly-desktop-firefox-retry1/video.webm
    ────────────────────────────────────────────────────────────────────────────────────────────────

    attachment #3: trace (application/zip) ─────────────────────────────────────────────────────────
    test-results/responsive-ui-ux-Responsive-UI-UX-Testing-Suit-d764c-ayout-should-display-dashboard-layout-correctly-desktop-firefox-retry1/trace.zip
    Usage:

        npx playwright show-trace test-results/responsive-ui-ux-Responsive-UI-UX-Testing-Suit-d764c-ayout-should-display-dashboard-layout-correctly-desktop-firefox-retry1/trace.zip

    ────────────────────────────────────────────────────────────────────────────────────────────────

    Retry #2 ───────────────────────────────────────────────────────────────────────────────────────

    Error: Timed out 5000ms waiting for expect(locator).toBeVisible()

    Locator: locator('[data-testid="dashboard-sidebar"], [class*="sidebar"], aside').first()
    Expected: visible
    Received: hidden
    Call log:
      - expect.toBeVisible with timeout 5000ms
      - waiting for locator('[data-testid="dashboard-sidebar"], [class*="sidebar"], aside').first()


      143 |         // Desktop should show sidebar navigation
      144 |         const sidebar = page.locator('[data-testid="dashboard-sidebar"], [class*="sidebar"], aside').first();
    > 145 |         await expect(sidebar).toBeVisible();
          |                               ^
      146 |         
      147 |         // Check sidebar width
      148 |         const sidebarBox = await sidebar.boundingBox();

        at /Users/thabonyembe/Documents/freeflow-app-9/tests/e2e/responsive-ui-ux.spec.ts:145:31

    attachment #1: screenshot (image/png) ──────────────────────────────────────────────────────────
    test-results/responsive-ui-ux-Responsive-UI-UX-Testing-Suit-d764c-ayout-should-display-dashboard-layout-correctly-desktop-firefox-retry2/test-failed-1.png
    ────────────────────────────────────────────────────────────────────────────────────────────────

    attachment #2: video (video/webm) ──────────────────────────────────────────────────────────────
    test-results/responsive-ui-ux-Responsive-UI-UX-Testing-Suit-d764c-ayout-should-display-dashboard-layout-correctly-desktop-firefox-retry2/video.webm
    ────────────────────────────────────────────────────────────────────────────────────────────────
]]>
</failure>
<system-out>
<![CDATA[
[[ATTACHMENT|responsive-ui-ux-Responsive-UI-UX-Testing-Suit-d764c-ayout-should-display-dashboard-layout-correctly-desktop-firefox/test-failed-1.png]]

[[ATTACHMENT|responsive-ui-ux-Responsive-UI-UX-Testing-Suit-d764c-ayout-should-display-dashboard-layout-correctly-desktop-firefox/video.webm]]

[[ATTACHMENT|responsive-ui-ux-Responsive-UI-UX-Testing-Suit-d764c-ayout-should-display-dashboard-layout-correctly-desktop-firefox-retry1/test-failed-1.png]]

[[ATTACHMENT|responsive-ui-ux-Responsive-UI-UX-Testing-Suit-d764c-ayout-should-display-dashboard-layout-correctly-desktop-firefox-retry1/video.webm]]

[[ATTACHMENT|responsive-ui-ux-Responsive-UI-UX-Testing-Suit-d764c-ayout-should-display-dashboard-layout-correctly-desktop-firefox-retry1/trace.zip]]

[[ATTACHMENT|responsive-ui-ux-Responsive-UI-UX-Testing-Suit-d764c-ayout-should-display-dashboard-layout-correctly-desktop-firefox-retry2/test-failed-1.png]]

[[ATTACHMENT|responsive-ui-ux-Responsive-UI-UX-Testing-Suit-d764c-ayout-should-display-dashboard-layout-correctly-desktop-firefox-retry2/video.webm]]
]]>
</system-out>
</testcase>
<testcase name="Responsive UI/UX Testing Suite › Dashboard Responsive Layout › should handle dashboard navigation properly" classname="responsive-ui-ux.spec.ts" time="90">
<failure message="responsive-ui-ux.spec.ts:192:9 should handle dashboard navigation properly" type="FAILURE">
<![CDATA[  [desktop-firefox] › responsive-ui-ux.spec.ts:192:9 › Responsive UI/UX Testing Suite › Dashboard Responsive Layout › should handle dashboard navigation properly 

    Test timeout of 30000ms exceeded.

    Error: locator.click: Test timeout of 30000ms exceeded.
    Call log:
      - waiting for locator('[data-testid="nav-projects-hub"], a:has-text("Projects Hub"), button:has-text("Projects Hub")').first()
      -   locator resolved to <a data-testid="nav-projects-hub" href="/dashboard/…>…</a>
      - attempting click action
      -   waiting for element to be visible, enabled and stable
      -   element is visible, enabled and stable
      -   scrolling into view if needed
      -   done scrolling
      -   <span>Projects Hub</span> from <main tabindex="-1" id="main-content" class="dashboard…>…</main> subtree intercepts pointer events
      - retrying click action, attempt #1
      -   waiting for element to be visible, enabled and stable
      -   element is visible, enabled and stable
      -   scrolling into view if needed
      -   done scrolling
      -   <span>Projects Hub</span> from <main tabindex="-1" id="main-content" class="dashboard…>…</main> subtree intercepts pointer events
      - retrying click action, attempt #2
      -   waiting 20ms
      -   waiting for element to be visible, enabled and stable
      -   element is visible, enabled and stable
      -   scrolling into view if needed
      -   done scrolling
      -   <span>Projects Hub</span> from <main tabindex="-1" id="main-content" class="dashboard…>…</main> subtree intercepts pointer events
      - retrying click action, attempt #3
      -   waiting 100ms
      -   waiting for element to be visible, enabled and stable
      -   element is visible, enabled and stable
      -   scrolling into view if needed
      -   done scrolling
      -   <span>Projects Hub</span> from <main tabindex="-1" id="main-content" class="dashboard…>…</main> subtree intercepts pointer events
      - retrying click action, attempt #4
      -   waiting 100ms
      -   waiting for element to be visible, enabled and stable
      -   element is visible, enabled and stable
      -   scrolling into view if needed
      -   done scrolling
      -   <span>Projects Hub</span> from <main tabindex="-1" id="main-content" class="dashboard…>…</main> subtree intercepts pointer events
      - retrying click action, attempt #5
      -   waiting 500ms
      -   waiting for element to be visible, enabled and stable
      -   element is visible, enabled and stable
      -   scrolling into view if needed
      -   done scrolling
      -   <span>Projects Hub</span> from <main tabindex="-1" id="main-content" class="dashboard…>…</main> subtree intercepts pointer events
      - retrying click action, attempt #6
      -   waiting 500ms
      -   waiting for element to be visible, enabled and stable
      -   element is visible, enabled and stable
      -   scrolling into view if needed
      -   done scrolling
      -   <span>Projects Hub</span> from <main tabindex="-1" id="main-content" class="dashboard…>…</main> subtree intercepts pointer events
      - retrying click action, attempt #7
      -   waiting 500ms
      -   waiting for element to be visible, enabled and stable
      -   element is visible, enabled and stable
      -   scrolling into view if needed
      -   done scrolling
      -   <span>Projects Hub</span> from <main tabindex="-1" id="main-content" class="dashboard…>…</main> subtree intercepts pointer events
      - retrying click action, attempt #8
      -   waiting 500ms
      -   waiting for element to be visible, enabled and stable
      -   element is visible, enabled and stable
      -   scrolling into view if needed
      -   done scrolling
      -   <span>Projects Hub</span> from <main tabindex="-1" id="main-content" class="dashboard…>…</main> subtree intercepts pointer events
      - retrying click action, attempt #9
      -   waiting 500ms
      -   waiting for element to be visible, enabled and stable
      -   element is visible, enabled and stable
      -   scrolling into view if needed
      -   done scrolling
      -   <span>Projects Hub</span> from <main tabindex="-1" id="main-content" class="dashboard…>…</main> subtree intercepts pointer events
      - retrying click action, attempt #10
      -   waiting 500ms
      -   waiting for element to be visible, enabled and stable
      -   element is visible, enabled and stable
      -   scrolling into view if needed
      -   done scrolling
      -   <span>Projects Hub</span> from <main tabindex="-1" id="main-content" class="dashboard…>…</main> subtree intercepts pointer events
      - retrying click action, attempt #11
      -   waiting 500ms
      -   waiting for element to be visible, enabled and stable
      -   element is visible, enabled and stable
      -   scrolling into view if needed
      -   done scrolling
      -   <span>Projects Hub</span> from <main tabindex="-1" id="main-content" class="dashboard…>…</main> subtree intercepts pointer events
      - retrying click action, attempt #12
      -   waiting 500ms
      -   waiting for element to be visible, enabled and stable
      -   element is visible, enabled and stable
      -   scrolling into view if needed
      -   done scrolling
      -   <span>Projects Hub</span> from <main tabindex="-1" id="main-content" class="dashboard…>…</main> subtree intercepts pointer events
      - retrying click action, attempt #13
      -   waiting 500ms
      -   waiting for element to be visible, enabled and stable
      -   element is visible, enabled and stable
      -   scrolling into view if needed
      -   done scrolling
      -   <span>Projects Hub</span> from <main tabindex="-1" id="main-content" class="dashboard…>…</main> subtree intercepts pointer events
      - retrying click action, attempt #14
      -   waiting 500ms
      -   waiting for element to be visible, enabled and stable
      -   element is visible, enabled and stable
      -   scrolling into view if needed
      -   done scrolling
      -   <span>Projects Hub</span> from <main tabindex="-1" id="main-content" class="dashboard…>…</main> subtree intercepts pointer events
      - retrying click action, attempt #15
      -   waiting 500ms
      -   waiting for element to be visible, enabled and stable
      -   element is visible, enabled and stable
      -   scrolling into view if needed
      -   done scrolling
      -   <span>Projects Hub</span> from <main tabindex="-1" id="main-content" class="dashboard…>…</main> subtree intercepts pointer events
      - retrying click action, attempt #16
      -   waiting 500ms
      -   waiting for element to be visible, enabled and stable
      -   element is visible, enabled and stable
      -   scrolling into view if needed
      -   done scrolling
      -   <span>Projects Hub</span> from <main tabindex="-1" id="main-content" class="dashboard…>…</main> subtree intercepts pointer events
      - retrying click action, attempt #17
      -   waiting 500ms
      -   waiting for element to be visible, enabled and stable
      -   element is visible, enabled and stable
      -   scrolling into view if needed
      -   done scrolling
      -   <span>Projects Hub</span> from <main tabindex="-1" id="main-content" class="dashboard…>…</main> subtree intercepts pointer events
      - retrying click action, attempt #18
      -   waiting 500ms
      -   waiting for element to be visible, enabled and stable
      -   element is visible, enabled and stable
      -   scrolling into view if needed
      -   done scrolling
      -   <span>Projects Hub</span> from <main tabindex="-1" id="main-content" class="dashboard…>…</main> subtree intercepts pointer events
      - retrying click action, attempt #19
      -   waiting 500ms
      -   waiting for element to be visible, enabled and stable
      -   element is visible, enabled and stable
      -   scrolling into view if needed
      -   done scrolling
      -   <span>Projects Hub</span> from <main tabindex="-1" id="main-content" class="dashboard…>…</main> subtree intercepts pointer events
      - retrying click action, attempt #20
      -   waiting 500ms
      -   waiting for element to be visible, enabled and stable
      -   element is visible, enabled and stable
      -   scrolling into view if needed
      -   done scrolling
      -   <span>Projects Hub</span> from <main tabindex="-1" id="main-content" class="dashboard…>…</main> subtree intercepts pointer events
      - retrying click action, attempt #21
      -   waiting 500ms
      -   waiting for element to be visible, enabled and stable
      -   element is visible, enabled and stable
      -   scrolling into view if needed
      -   done scrolling
      -   <span>Projects Hub</span> from <main tabindex="-1" id="main-content" class="dashboard…>…</main> subtree intercepts pointer events
      - retrying click action, attempt #22
      -   waiting 500ms
      -   waiting for element to be visible, enabled and stable
      -   element is visible, enabled and stable
      -   scrolling into view if needed
      -   done scrolling
      -   <span>Projects Hub</span> from <main tabindex="-1" id="main-content" class="dashboard…>…</main> subtree intercepts pointer events
      - retrying click action, attempt #23
      -   waiting 500ms
      -   waiting for element to be visible, enabled and stable
      -   element is visible, enabled and stable
      -   scrolling into view if needed
      -   done scrolling
      -   <span>Projects Hub</span> from <main tabindex="-1" id="main-content" class="dashboard…>…</main> subtree intercepts pointer events
      - retrying click action, attempt #24
      -   waiting 500ms
      -   waiting for element to be visible, enabled and stable
      -   element is visible, enabled and stable
      -   scrolling into view if needed
      -   done scrolling
      -   <span>Projects Hub</span> from <main tabindex="-1" id="main-content" class="dashboard…>…</main> subtree intercepts pointer events
      - retrying click action, attempt #25
      -   waiting 500ms
      -   waiting for element to be visible, enabled and stable
      -   element is visible, enabled and stable
      -   scrolling into view if needed
      -   done scrolling
      -   <span>Projects Hub</span> from <main tabindex="-1" id="main-content" class="dashboard…>…</main> subtree intercepts pointer events
      - retrying click action, attempt #26
      -   waiting 500ms
      -   waiting for element to be visible, enabled and stable
      -   element is visible, enabled and stable
      -   scrolling into view if needed
      -   done scrolling
      -   <span>Projects Hub</span> from <main tabindex="-1" id="main-content" class="dashboard…>…</main> subtree intercepts pointer events
      - retrying click action, attempt #27
      -   waiting 500ms
      -   waiting for element to be visible, enabled and stable
      -   element is visible, enabled and stable
      -   scrolling into view if needed
      -   done scrolling
      -   <span>Projects Hub</span> from <main tabindex="-1" id="main-content" class="dashboard…>…</main> subtree intercepts pointer events
      - retrying click action, attempt #28
      -   waiting 500ms
      -   waiting for element to be visible, enabled and stable
      -   element is visible, enabled and stable
      -   scrolling into view if needed
      -   done scrolling
      -   <span>Projects Hub</span> from <main tabindex="-1" id="main-content" class="dashboard…>…</main> subtree intercepts pointer events
      - retrying click action, attempt #29
      -   waiting 500ms
      -   waiting for element to be visible, enabled and stable
      -   element is visible, enabled and stable
      -   scrolling into view if needed
      -   done scrolling
      -   <span>Projects Hub</span> from <main tabindex="-1" id="main-content" class="dashboard…>…</main> subtree intercepts pointer events
      - retrying click action, attempt #30
      -   waiting 500ms
      -   waiting for element to be visible, enabled and stable
      -   element is visible, enabled and stable
      -   scrolling into view if needed
      -   done scrolling
      -   <span>Projects Hub</span> from <main tabindex="-1" id="main-content" class="dashboard…>…</main> subtree intercepts pointer events
      - retrying click action, attempt #31
      -   waiting 500ms
      -   waiting for element to be visible, enabled and stable
      -   element is visible, enabled and stable
      -   scrolling into view if needed
      -   done scrolling
      -   <span>Projects Hub</span> from <main tabindex="-1" id="main-content" class="dashboard…>…</main> subtree intercepts pointer events
      - retrying click action, attempt #32
      -   waiting 500ms
      -   waiting for element to be visible, enabled and stable
      -   element is visible, enabled and stable
      -   scrolling into view if needed
      -   done scrolling
      -   <span>Projects Hub</span> from <main tabindex="-1" id="main-content" class="dashboard…>…</main> subtree intercepts pointer events
      - retrying click action, attempt #33
      -   waiting 500ms
      -   waiting for element to be visible, enabled and stable
      -   element is visible, enabled and stable
      -   scrolling into view if needed
      -   done scrolling
      -   <span>Projects Hub</span> from <main tabindex="-1" id="main-content" class="dashboard…>…</main> subtree intercepts pointer events
      - retrying click action, attempt #34
      -   waiting 500ms
      -   waiting for element to be visible, enabled and stable
      -   element is visible, enabled and stable
      -   scrolling into view if needed
      -   done scrolling
      -   <span>Projects Hub</span> from <main tabindex="-1" id="main-content" class="dashboard…>…</main> subtree intercepts pointer events
      - retrying click action, attempt #35
      -   waiting 500ms
      -   waiting for element to be visible, enabled and stable
      -   element is visible, enabled and stable
      -   scrolling into view if needed
      -   done scrolling
      -   <span>Projects Hub</span> from <main tabindex="-1" id="main-content" class="dashboard…>…</main> subtree intercepts pointer events
      - retrying click action, attempt #36
      -   waiting 500ms
      -   waiting for element to be visible, enabled and stable
      -   element is visible, enabled and stable
      -   scrolling into view if needed
      -   done scrolling
      -   <span>Projects Hub</span> from <main tabindex="-1" id="main-content" class="dashboard…>…</main> subtree intercepts pointer events
      - retrying click action, attempt #37
      -   waiting 500ms
      -   waiting for element to be visible, enabled and stable
      -   element is visible, enabled and stable
      -   scrolling into view if needed
      -   done scrolling
      -   <span>Projects Hub</span> from <main tabindex="-1" id="main-content" class="dashboard…>…</main> subtree intercepts pointer events
      - retrying click action, attempt #38
      -   waiting 500ms
      -   waiting for element to be visible, enabled and stable
      -   element is visible, enabled and stable
      -   scrolling into view if needed
      -   done scrolling
      -   <span>Projects Hub</span> from <main tabindex="-1" id="main-content" class="dashboard…>…</main> subtree intercepts pointer events
      - retrying click action, attempt #39
      -   waiting 500ms
      -   waiting for element to be visible, enabled and stable
      -   element is visible, enabled and stable
      -   scrolling into view if needed
      -   done scrolling
      -   <span>Projects Hub</span> from <main tabindex="-1" id="main-content" class="dashboard…>…</main> subtree intercepts pointer events
      - retrying click action, attempt #40
      -   waiting 500ms
      -   waiting for element to be visible, enabled and stable
      -   element is visible, enabled and stable
      -   scrolling into view if needed
      -   done scrolling
      -   <span>Projects Hub</span> from <main tabindex="-1" id="main-content" class="dashboard…>…</main> subtree intercepts pointer events
      - retrying click action, attempt #41
      -   waiting 500ms
      -   waiting for element to be visible, enabled and stable
      -   element is visible, enabled and stable
      -   scrolling into view if needed
      -   done scrolling
      -   <span>Projects Hub</span> from <main tabindex="-1" id="main-content" class="dashboard…>…</main> subtree intercepts pointer events
      - retrying click action, attempt #42
      -   waiting 500ms
      -   waiting for element to be visible, enabled and stable
      -   element is visible, enabled and stable
      -   scrolling into view if needed
      -   done scrolling
      -   <span>Projects Hub</span> from <main tabindex="-1" id="main-content" class="dashboard…>…</main> subtree intercepts pointer events
      - retrying click action, attempt #43
      -   waiting 500ms
      -   waiting for element to be visible, enabled and stable
      -   element is visible, enabled and stable
      -   scrolling into view if needed
      -   done scrolling
      -   <span>Projects Hub</span> from <main tabindex="-1" id="main-content" class="dashboard…>…</main> subtree intercepts pointer events
      - retrying click action, attempt #44
      -   waiting 500ms
      -   waiting for element to be visible, enabled and stable
      -   element is visible, enabled and stable
      -   scrolling into view if needed
      -   done scrolling
      -   <span>Projects Hub</span> from <main tabindex="-1" id="main-content" class="dashboard…>…</main> subtree intercepts pointer events
      - retrying click action, attempt #45
      -   waiting 500ms
      -   waiting for element to be visible, enabled and stable
      -   element is visible, enabled and stable
      -   scrolling into view if needed
      -   done scrolling
      -   <span>Projects Hub</span> from <main tabindex="-1" id="main-content" class="dashboard…>…</main> subtree intercepts pointer events
      - retrying click action, attempt #46
      -   waiting 500ms
      -   waiting for element to be visible, enabled and stable
      -   element is visible, enabled and stable
      -   scrolling into view if needed
      -   done scrolling
      -   <span>Projects Hub</span> from <main tabindex="-1" id="main-content" class="dashboard…>…</main> subtree intercepts pointer events
      - retrying click action, attempt #47
      -   waiting 500ms
      -   waiting for element to be visible, enabled and stable
      -   element is visible, enabled and stable
      -   scrolling into view if needed
      -   done scrolling
      -   <span>Projects Hub</span> from <main tabindex="-1" id="main-content" class="dashboard…>…</main> subtree intercepts pointer events
      - retrying click action, attempt #48
      -   waiting 500ms
      -   waiting for element to be visible, enabled and stable
      -   element is visible, enabled and stable
      -   scrolling into view if needed
      -   done scrolling
      -   <span>Projects Hub</span> from <main tabindex="-1" id="main-content" class="dashboard…>…</main> subtree intercepts pointer events
      - retrying click action, attempt #49
      -   waiting 500ms
      -   waiting for element to be visible, enabled and stable


      205 |         
      206 |         if (await navLink.isVisible()) {
    > 207 |           await navLink.click();
          |                         ^
      208 |           await waitForPageReady(page);
      209 |           
      210 |           // Verify navigation worked

        at /Users/thabonyembe/Documents/freeflow-app-9/tests/e2e/responsive-ui-ux.spec.ts:207:25

    attachment #1: screenshot (image/png) ──────────────────────────────────────────────────────────
    test-results/responsive-ui-ux-Responsive-UI-UX-Testing-Suit-b7d3a-out-should-handle-dashboard-navigation-properly-desktop-firefox/test-failed-1.png
    ────────────────────────────────────────────────────────────────────────────────────────────────

    attachment #2: video (video/webm) ──────────────────────────────────────────────────────────────
    test-results/responsive-ui-ux-Responsive-UI-UX-Testing-Suit-b7d3a-out-should-handle-dashboard-navigation-properly-desktop-firefox/video.webm
    ────────────────────────────────────────────────────────────────────────────────────────────────

    Retry #1 ───────────────────────────────────────────────────────────────────────────────────────

    Test timeout of 30000ms exceeded.

    Error: locator.click: Test timeout of 30000ms exceeded.
    Call log:
      - waiting for locator('[data-testid="nav-projects-hub"], a:has-text("Projects Hub"), button:has-text("Projects Hub")').first()
      -   locator resolved to <a data-testid="nav-projects-hub" href="/dashboard/…>…</a>
      - attempting click action
      -   waiting for element to be visible, enabled and stable
      -   element is visible, enabled and stable
      -   scrolling into view if needed
      -   done scrolling
      -   <span>Projects Hub</span> from <main tabindex="-1" id="main-content" class="dashboard…>…</main> subtree intercepts pointer events
      - retrying click action, attempt #1
      -   waiting for element to be visible, enabled and stable
      -   element is visible, enabled and stable
      -   scrolling into view if needed
      -   done scrolling
      -   <span>Projects Hub</span> from <main tabindex="-1" id="main-content" class="dashboard…>…</main> subtree intercepts pointer events
      - retrying click action, attempt #2
      -   waiting 20ms
      -   waiting for element to be visible, enabled and stable
      -   element is visible, enabled and stable
      -   scrolling into view if needed
      -   done scrolling
      -   <span>Projects Hub</span> from <main tabindex="-1" id="main-content" class="dashboard…>…</main> subtree intercepts pointer events
      - retrying click action, attempt #3
      -   waiting 100ms
      -   waiting for element to be visible, enabled and stable
      -   element is visible, enabled and stable
      -   scrolling into view if needed
      -   done scrolling
      -   <span>Projects Hub</span> from <main tabindex="-1" id="main-content" class="dashboard…>…</main> subtree intercepts pointer events
      - retrying click action, attempt #4
      -   waiting 100ms
      -   waiting for element to be visible, enabled and stable
      -   element is visible, enabled and stable
      -   scrolling into view if needed
      -   done scrolling
      -   <span>Projects Hub</span> from <main tabindex="-1" id="main-content" class="dashboard…>…</main> subtree intercepts pointer events
      - retrying click action, attempt #5
      -   waiting 500ms
      -   waiting for element to be visible, enabled and stable
      -   element is visible, enabled and stable
      -   scrolling into view if needed
      -   done scrolling
      -   <span>Projects Hub</span> from <main tabindex="-1" id="main-content" class="dashboard…>…</main> subtree intercepts pointer events
      - retrying click action, attempt #6
      -   waiting 500ms
      -   waiting for element to be visible, enabled and stable
      -   element is visible, enabled and stable
      -   scrolling into view if needed
      -   done scrolling
      -   <span>Projects Hub</span> from <main tabindex="-1" id="main-content" class="dashboard…>…</main> subtree intercepts pointer events
      - retrying click action, attempt #7
      -   waiting 500ms
      -   waiting for element to be visible, enabled and stable
      -   element is visible, enabled and stable
      -   scrolling into view if needed
      -   done scrolling
      -   <span>Projects Hub</span> from <main tabindex="-1" id="main-content" class="dashboard…>…</main> subtree intercepts pointer events
      - retrying click action, attempt #8
      -   waiting 500ms
      -   waiting for element to be visible, enabled and stable
      -   element is visible, enabled and stable
      -   scrolling into view if needed
      -   done scrolling
      -   <span>Projects Hub</span> from <main tabindex="-1" id="main-content" class="dashboard…>…</main> subtree intercepts pointer events
      - retrying click action, attempt #9
      -   waiting 500ms
      -   waiting for element to be visible, enabled and stable
      -   element is visible, enabled and stable
      -   scrolling into view if needed
      -   done scrolling
      -   <span>Projects Hub</span> from <main tabindex="-1" id="main-content" class="dashboard…>…</main> subtree intercepts pointer events
      - retrying click action, attempt #10
      -   waiting 500ms
      -   waiting for element to be visible, enabled and stable
      -   element is visible, enabled and stable
      -   scrolling into view if needed
      -   done scrolling
      -   <span>Projects Hub</span> from <main tabindex="-1" id="main-content" class="dashboard…>…</main> subtree intercepts pointer events
      - retrying click action, attempt #11
      -   waiting 500ms
      -   waiting for element to be visible, enabled and stable
      -   element is visible, enabled and stable
      -   scrolling into view if needed
      -   done scrolling
      -   <span>Projects Hub</span> from <main tabindex="-1" id="main-content" class="dashboard…>…</main> subtree intercepts pointer events
      - retrying click action, attempt #12
      -   waiting 500ms
      -   waiting for element to be visible, enabled and stable
      -   element is visible, enabled and stable
      -   scrolling into view if needed
      -   done scrolling
      -   <span>Projects Hub</span> from <main tabindex="-1" id="main-content" class="dashboard…>…</main> subtree intercepts pointer events
      - retrying click action, attempt #13
      -   waiting 500ms
      -   waiting for element to be visible, enabled and stable
      -   element is visible, enabled and stable
      -   scrolling into view if needed
      -   done scrolling
      -   <span>Projects Hub</span> from <main tabindex="-1" id="main-content" class="dashboard…>…</main> subtree intercepts pointer events
      - retrying click action, attempt #14
      -   waiting 500ms
      -   waiting for element to be visible, enabled and stable
      -   element is visible, enabled and stable
      -   scrolling into view if needed
      -   done scrolling
      -   <span>Projects Hub</span> from <main tabindex="-1" id="main-content" class="dashboard…>…</main> subtree intercepts pointer events
      - retrying click action, attempt #15
      -   waiting 500ms
      -   waiting for element to be visible, enabled and stable
      -   element is visible, enabled and stable
      -   scrolling into view if needed
      -   done scrolling
      -   <span>Projects Hub</span> from <main tabindex="-1" id="main-content" class="dashboard…>…</main> subtree intercepts pointer events
      - retrying click action, attempt #16
      -   waiting 500ms
      -   waiting for element to be visible, enabled and stable
      -   element is visible, enabled and stable
      -   scrolling into view if needed
      -   done scrolling
      -   <span>Projects Hub</span> from <main tabindex="-1" id="main-content" class="dashboard…>…</main> subtree intercepts pointer events
      - retrying click action, attempt #17
      -   waiting 500ms
      -   waiting for element to be visible, enabled and stable
      -   element is visible, enabled and stable
      -   scrolling into view if needed
      -   done scrolling
      -   <span>Projects Hub</span> from <main tabindex="-1" id="main-content" class="dashboard…>…</main> subtree intercepts pointer events
      - retrying click action, attempt #18
      -   waiting 500ms
      -   waiting for element to be visible, enabled and stable
      -   element is visible, enabled and stable
      -   scrolling into view if needed
      -   done scrolling
      -   <span>Projects Hub</span> from <main tabindex="-1" id="main-content" class="dashboard…>…</main> subtree intercepts pointer events
      - retrying click action, attempt #19
      -   waiting 500ms
      -   waiting for element to be visible, enabled and stable
      -   element is visible, enabled and stable
      -   scrolling into view if needed
      -   done scrolling
      -   <span>Projects Hub</span> from <main tabindex="-1" id="main-content" class="dashboard…>…</main> subtree intercepts pointer events
      - retrying click action, attempt #20
      -   waiting 500ms
      -   waiting for element to be visible, enabled and stable
      -   element is visible, enabled and stable
      -   scrolling into view if needed
      -   done scrolling
      -   <span>Projects Hub</span> from <main tabindex="-1" id="main-content" class="dashboard…>…</main> subtree intercepts pointer events
      - retrying click action, attempt #21
      -   waiting 500ms
      -   waiting for element to be visible, enabled and stable
      -   element is visible, enabled and stable
      -   scrolling into view if needed
      -   done scrolling
      -   <span>Projects Hub</span> from <main tabindex="-1" id="main-content" class="dashboard…>…</main> subtree intercepts pointer events
      - retrying click action, attempt #22
      -   waiting 500ms
      -   waiting for element to be visible, enabled and stable
      -   element is visible, enabled and stable
      -   scrolling into view if needed
      -   done scrolling
      -   <span>Projects Hub</span> from <main tabindex="-1" id="main-content" class="dashboard…>…</main> subtree intercepts pointer events
      - retrying click action, attempt #23
      -   waiting 500ms
      -   waiting for element to be visible, enabled and stable
      -   element is visible, enabled and stable
      -   scrolling into view if needed
      -   done scrolling
      -   <span>Projects Hub</span> from <main tabindex="-1" id="main-content" class="dashboard…>…</main> subtree intercepts pointer events
      - retrying click action, attempt #24
      -   waiting 500ms
      -   waiting for element to be visible, enabled and stable
      -   element is visible, enabled and stable
      -   scrolling into view if needed
      -   done scrolling
      -   <span>Projects Hub</span> from <main tabindex="-1" id="main-content" class="dashboard…>…</main> subtree intercepts pointer events
      - retrying click action, attempt #25
      -   waiting 500ms
      -   waiting for element to be visible, enabled and stable
      -   element is visible, enabled and stable
      -   scrolling into view if needed
      -   done scrolling
      -   <span>Projects Hub</span> from <main tabindex="-1" id="main-content" class="dashboard…>…</main> subtree intercepts pointer events
      - retrying click action, attempt #26
      -   waiting 500ms
      -   waiting for element to be visible, enabled and stable
      -   element is visible, enabled and stable
      -   scrolling into view if needed
      -   done scrolling
      -   <span>Projects Hub</span> from <main tabindex="-1" id="main-content" class="dashboard…>…</main> subtree intercepts pointer events
      - retrying click action, attempt #27
      -   waiting 500ms
      -   waiting for element to be visible, enabled and stable
      -   element is visible, enabled and stable
      -   scrolling into view if needed
      -   done scrolling
      -   <span>Projects Hub</span> from <main tabindex="-1" id="main-content" class="dashboard…>…</main> subtree intercepts pointer events
      - retrying click action, attempt #28
      -   waiting 500ms
      -   waiting for element to be visible, enabled and stable
      -   element is visible, enabled and stable
      -   scrolling into view if needed
      -   done scrolling
      -   <span>Projects Hub</span> from <main tabindex="-1" id="main-content" class="dashboard…>…</main> subtree intercepts pointer events
      - retrying click action, attempt #29
      -   waiting 500ms
      -   waiting for element to be visible, enabled and stable
      -   element is visible, enabled and stable
      -   scrolling into view if needed
      -   done scrolling
      -   <span>Projects Hub</span> from <main tabindex="-1" id="main-content" class="dashboard…>…</main> subtree intercepts pointer events
      - retrying click action, attempt #30
      -   waiting 500ms
      -   waiting for element to be visible, enabled and stable
      -   element is visible, enabled and stable
      -   scrolling into view if needed
      -   done scrolling
      -   <span>Projects Hub</span> from <main tabindex="-1" id="main-content" class="dashboard…>…</main> subtree intercepts pointer events
      - retrying click action, attempt #31
      -   waiting 500ms
      -   waiting for element to be visible, enabled and stable
      -   element is visible, enabled and stable
      -   scrolling into view if needed
      -   done scrolling
      -   <span>Projects Hub</span> from <main tabindex="-1" id="main-content" class="dashboard…>…</main> subtree intercepts pointer events
      - retrying click action, attempt #32
      -   waiting 500ms
      -   waiting for element to be visible, enabled and stable
      -   element is visible, enabled and stable
      -   scrolling into view if needed
      -   done scrolling
      -   <span>Projects Hub</span> from <main tabindex="-1" id="main-content" class="dashboard…>…</main> subtree intercepts pointer events
      - retrying click action, attempt #33
      -   waiting 500ms
      -   waiting for element to be visible, enabled and stable
      -   element is visible, enabled and stable
      -   scrolling into view if needed
      -   done scrolling
      -   <span>Projects Hub</span> from <main tabindex="-1" id="main-content" class="dashboard…>…</main> subtree intercepts pointer events
      - retrying click action, attempt #34
      -   waiting 500ms
      -   waiting for element to be visible, enabled and stable
      -   element is visible, enabled and stable
      -   scrolling into view if needed
      -   done scrolling
      -   <span>Projects Hub</span> from <main tabindex="-1" id="main-content" class="dashboard…>…</main> subtree intercepts pointer events
      - retrying click action, attempt #35
      -   waiting 500ms
      -   waiting for element to be visible, enabled and stable
      -   element is visible, enabled and stable
      -   scrolling into view if needed
      -   done scrolling
      -   <span>Projects Hub</span> from <main tabindex="-1" id="main-content" class="dashboard…>…</main> subtree intercepts pointer events
      - retrying click action, attempt #36
      -   waiting 500ms
      -   waiting for element to be visible, enabled and stable
      -   element is visible, enabled and stable
      -   scrolling into view if needed
      -   done scrolling
      -   <span>Projects Hub</span> from <main tabindex="-1" id="main-content" class="dashboard…>…</main> subtree intercepts pointer events
      - retrying click action, attempt #37
      -   waiting 500ms
      -   waiting for element to be visible, enabled and stable
      -   element is visible, enabled and stable
      -   scrolling into view if needed
      -   done scrolling
      -   <span>Projects Hub</span> from <main tabindex="-1" id="main-content" class="dashboard…>…</main> subtree intercepts pointer events
      - retrying click action, attempt #38
      -   waiting 500ms
      -   waiting for element to be visible, enabled and stable
      -   element is visible, enabled and stable
      -   scrolling into view if needed
      -   done scrolling
      -   <span>Projects Hub</span> from <main tabindex="-1" id="main-content" class="dashboard…>…</main> subtree intercepts pointer events
      - retrying click action, attempt #39
      -   waiting 500ms
      -   waiting for element to be visible, enabled and stable
      -   element is visible, enabled and stable
      -   scrolling into view if needed
      -   done scrolling
      -   <span>Projects Hub</span> from <main tabindex="-1" id="main-content" class="dashboard…>…</main> subtree intercepts pointer events
      - retrying click action, attempt #40
      -   waiting 500ms
      -   waiting for element to be visible, enabled and stable
      -   element is visible, enabled and stable
      -   scrolling into view if needed
      -   done scrolling
      -   <span>Projects Hub</span> from <main tabindex="-1" id="main-content" class="dashboard…>…</main> subtree intercepts pointer events
      - retrying click action, attempt #41
      -   waiting 500ms
      -   waiting for element to be visible, enabled and stable
      -   element is visible, enabled and stable
      -   scrolling into view if needed
      -   done scrolling
      -   <span>Projects Hub</span> from <main tabindex="-1" id="main-content" class="dashboard…>…</main> subtree intercepts pointer events
      - retrying click action, attempt #42
      -   waiting 500ms
      -   waiting for element to be visible, enabled and stable
      -   element is visible, enabled and stable
      -   scrolling into view if needed
      -   done scrolling
      -   <span>Projects Hub</span> from <main tabindex="-1" id="main-content" class="dashboard…>…</main> subtree intercepts pointer events
      - retrying click action, attempt #43
      -   waiting 500ms
      -   waiting for element to be visible, enabled and stable
      -   element is visible, enabled and stable
      -   scrolling into view if needed
      -   done scrolling
      -   <span>Projects Hub</span> from <main tabindex="-1" id="main-content" class="dashboard…>…</main> subtree intercepts pointer events
      - retrying click action, attempt #44
      -   waiting 500ms
      -   waiting for element to be visible, enabled and stable
      -   element is visible, enabled and stable
      -   scrolling into view if needed
      -   done scrolling
      -   <span>Projects Hub</span> from <main tabindex="-1" id="main-content" class="dashboard…>…</main> subtree intercepts pointer events
      - retrying click action, attempt #45
      -   waiting 500ms
      -   waiting for element to be visible, enabled and stable
      -   element is visible, enabled and stable
      -   scrolling into view if needed
      -   done scrolling
      -   <span>Projects Hub</span> from <main tabindex="-1" id="main-content" class="dashboard…>…</main> subtree intercepts pointer events
      - retrying click action, attempt #46
      -   waiting 500ms
      -   waiting for element to be visible, enabled and stable
      -   element is visible, enabled and stable
      -   scrolling into view if needed
      -   done scrolling
      -   <span>Projects Hub</span> from <main tabindex="-1" id="main-content" class="dashboard…>…</main> subtree intercepts pointer events
      - retrying click action, attempt #47
      -   waiting 500ms
      -   waiting for element to be visible, enabled and stable
      -   element is visible, enabled and stable
      -   scrolling into view if needed
      -   done scrolling
      -   <span>Projects Hub</span> from <main tabindex="-1" id="main-content" class="dashboard…>…</main> subtree intercepts pointer events
      - retrying click action, attempt #48
      -   waiting 500ms
      -   waiting for element to be visible, enabled and stable
      -   element is visible, enabled and stable
      -   scrolling into view if needed
      -   done scrolling
      -   <span>Projects Hub</span> from <main tabindex="-1" id="main-content" class="dashboard…>…</main> subtree intercepts pointer events
      - retrying click action, attempt #49
      -   waiting 500ms
      -   waiting for element to be visible, enabled and stable
      -   element is visible, enabled and stable
      -   scrolling into view if needed
      -   done scrolling
      -   <span>Projects Hub</span> from <main tabindex="-1" id="main-content" class="dashboard…>…</main> subtree intercepts pointer events
      - retrying click action, attempt #50
      -   waiting 500ms
      -   waiting for element to be visible, enabled and stable
      -   element is visible, enabled and stable
      -   scrolling into view if needed
      -   done scrolling
      -   <span>Projects Hub</span> from <main tabindex="-1" id="main-content" class="dashboard…>…</main> subtree intercepts pointer events
      - retrying click action, attempt #51
      -   waiting 500ms
      -   waiting for element to be visible, enabled and stable
      -   element is visible, enabled and stable
      -   scrolling into view if needed
      -   done scrolling
      -   <span>Projects Hub</span> from <main tabindex="-1" id="main-content" class="dashboard…>…</main> subtree intercepts pointer events
      - retrying click action, attempt #52
      -   waiting 500ms
      -   waiting for element to be visible, enabled and stable
      -   element is visible, enabled and stable
      -   scrolling into view if needed
      -   done scrolling
      -   <span>Projects Hub</span> from <main tabindex="-1" id="main-content" class="dashboard…>…</main> subtree intercepts pointer events
      - retrying click action, attempt #53
      -   waiting 500ms
      -   waiting for element to be visible, enabled and stable
      -   element is visible, enabled and stable
      -   scrolling into view if needed
      -   done scrolling
      -   <span>Projects Hub</span> from <main tabindex="-1" id="main-content" class="dashboard…>…</main> subtree intercepts pointer events
      - retrying click action, attempt #54
      -   waiting 500ms
      -   waiting for element to be visible, enabled and stable
      -   element is visible, enabled and stable
      -   scrolling into view if needed
      -   done scrolling
      -   <span>Projects Hub</span> from <main tabindex="-1" id="main-content" class="dashboard…>…</main> subtree intercepts pointer events
      - retrying click action, attempt #55
      -   waiting 500ms


      205 |         
      206 |         if (await navLink.isVisible()) {
    > 207 |           await navLink.click();
          |                         ^
      208 |           await waitForPageReady(page);
      209 |           
      210 |           // Verify navigation worked

        at /Users/thabonyembe/Documents/freeflow-app-9/tests/e2e/responsive-ui-ux.spec.ts:207:25

    attachment #1: screenshot (image/png) ──────────────────────────────────────────────────────────
    test-results/responsive-ui-ux-Responsive-UI-UX-Testing-Suit-b7d3a-out-should-handle-dashboard-navigation-properly-desktop-firefox-retry1/test-failed-1.png
    ────────────────────────────────────────────────────────────────────────────────────────────────

    attachment #2: video (video/webm) ──────────────────────────────────────────────────────────────
    test-results/responsive-ui-ux-Responsive-UI-UX-Testing-Suit-b7d3a-out-should-handle-dashboard-navigation-properly-desktop-firefox-retry1/video.webm
    ────────────────────────────────────────────────────────────────────────────────────────────────

    attachment #3: trace (application/zip) ─────────────────────────────────────────────────────────
    test-results/responsive-ui-ux-Responsive-UI-UX-Testing-Suit-b7d3a-out-should-handle-dashboard-navigation-properly-desktop-firefox-retry1/trace.zip
    Usage:

        npx playwright show-trace test-results/responsive-ui-ux-Responsive-UI-UX-Testing-Suit-b7d3a-out-should-handle-dashboard-navigation-properly-desktop-firefox-retry1/trace.zip

    ────────────────────────────────────────────────────────────────────────────────────────────────

    Retry #2 ───────────────────────────────────────────────────────────────────────────────────────

    Test timeout of 30000ms exceeded.

    Error: locator.click: Test timeout of 30000ms exceeded.
    Call log:
      - waiting for locator('[data-testid="nav-projects-hub"], a:has-text("Projects Hub"), button:has-text("Projects Hub")').first()
      -   locator resolved to <a data-testid="nav-projects-hub" href="/dashboard/…>…</a>
      - attempting click action
      -   waiting for element to be visible, enabled and stable
      -   element is visible, enabled and stable
      -   scrolling into view if needed
      -   done scrolling
      -   <span>Projects Hub</span> from <main tabindex="-1" id="main-content" class="dashboard…>…</main> subtree intercepts pointer events
      - retrying click action, attempt #1
      -   waiting for element to be visible, enabled and stable
      -   element is visible, enabled and stable
      -   scrolling into view if needed
      -   done scrolling
      -   <span>Projects Hub</span> from <main tabindex="-1" id="main-content" class="dashboard…>…</main> subtree intercepts pointer events
      - retrying click action, attempt #2
      -   waiting 20ms
      -   waiting for element to be visible, enabled and stable
      -   element is visible, enabled and stable
      -   scrolling into view if needed
      -   done scrolling
      -   <span>Projects Hub</span> from <main tabindex="-1" id="main-content" class="dashboard…>…</main> subtree intercepts pointer events
      - retrying click action, attempt #3
      -   waiting 100ms
      -   waiting for element to be visible, enabled and stable
      -   element is visible, enabled and stable
      -   scrolling into view if needed
      -   done scrolling
      -   <span>Projects Hub</span> from <main tabindex="-1" id="main-content" class="dashboard…>…</main> subtree intercepts pointer events
      - retrying click action, attempt #4
      -   waiting 100ms
      -   waiting for element to be visible, enabled and stable
      -   element is visible, enabled and stable
      -   scrolling into view if needed
      -   done scrolling
      -   <span>Projects Hub</span> from <main tabindex="-1" id="main-content" class="dashboard…>…</main> subtree intercepts pointer events
      - retrying click action, attempt #5
      -   waiting 500ms
      -   waiting for element to be visible, enabled and stable
      -   element is visible, enabled and stable
      -   scrolling into view if needed
      -   done scrolling
      -   <span>Projects Hub</span> from <main tabindex="-1" id="main-content" class="dashboard…>…</main> subtree intercepts pointer events
      - retrying click action, attempt #6
      -   waiting 500ms
      -   waiting for element to be visible, enabled and stable
      -   element is visible, enabled and stable
      -   scrolling into view if needed
      -   done scrolling
      -   <span>Projects Hub</span> from <main tabindex="-1" id="main-content" class="dashboard…>…</main> subtree intercepts pointer events
      - retrying click action, attempt #7
      -   waiting 500ms
      -   waiting for element to be visible, enabled and stable
      -   element is visible, enabled and stable
      -   scrolling into view if needed
      -   done scrolling
      -   <span>Projects Hub</span> from <main tabindex="-1" id="main-content" class="dashboard…>…</main> subtree intercepts pointer events
      - retrying click action, attempt #8
      -   waiting 500ms
      -   waiting for element to be visible, enabled and stable
      -   element is visible, enabled and stable
      -   scrolling into view if needed
      -   done scrolling
      -   <span>Projects Hub</span> from <main tabindex="-1" id="main-content" class="dashboard…>…</main> subtree intercepts pointer events
      - retrying click action, attempt #9
      -   waiting 500ms
      -   waiting for element to be visible, enabled and stable
      -   element is visible, enabled and stable
      -   scrolling into view if needed
      -   done scrolling
      -   <span>Projects Hub</span> from <main tabindex="-1" id="main-content" class="dashboard…>…</main> subtree intercepts pointer events
      - retrying click action, attempt #10
      -   waiting 500ms
      -   waiting for element to be visible, enabled and stable
      -   element is visible, enabled and stable
      -   scrolling into view if needed
      -   done scrolling
      -   <span>Projects Hub</span> from <main tabindex="-1" id="main-content" class="dashboard…>…</main> subtree intercepts pointer events
      - retrying click action, attempt #11
      -   waiting 500ms
      -   waiting for element to be visible, enabled and stable
      -   element is visible, enabled and stable
      -   scrolling into view if needed
      -   done scrolling
      -   <span>Projects Hub</span> from <main tabindex="-1" id="main-content" class="dashboard…>…</main> subtree intercepts pointer events
      - retrying click action, attempt #12
      -   waiting 500ms
      -   waiting for element to be visible, enabled and stable
      -   element is visible, enabled and stable
      -   scrolling into view if needed
      -   done scrolling
      -   <span>Projects Hub</span> from <main tabindex="-1" id="main-content" class="dashboard…>…</main> subtree intercepts pointer events
      - retrying click action, attempt #13
      -   waiting 500ms
      -   waiting for element to be visible, enabled and stable
      -   element is visible, enabled and stable
      -   scrolling into view if needed
      -   done scrolling
      -   <span>Projects Hub</span> from <main tabindex="-1" id="main-content" class="dashboard…>…</main> subtree intercepts pointer events
      - retrying click action, attempt #14
      -   waiting 500ms
      -   waiting for element to be visible, enabled and stable
      -   element is visible, enabled and stable
      -   scrolling into view if needed
      -   done scrolling
      -   <span>Projects Hub</span> from <main tabindex="-1" id="main-content" class="dashboard…>…</main> subtree intercepts pointer events
      - retrying click action, attempt #15
      -   waiting 500ms
      -   waiting for element to be visible, enabled and stable
      -   element is visible, enabled and stable
      -   scrolling into view if needed
      -   done scrolling
      -   <span>Projects Hub</span> from <main tabindex="-1" id="main-content" class="dashboard…>…</main> subtree intercepts pointer events
      - retrying click action, attempt #16
      -   waiting 500ms
      -   waiting for element to be visible, enabled and stable
      -   element is visible, enabled and stable
      -   scrolling into view if needed
      -   done scrolling
      -   <span>Projects Hub</span> from <main tabindex="-1" id="main-content" class="dashboard…>…</main> subtree intercepts pointer events
      - retrying click action, attempt #17
      -   waiting 500ms
      -   waiting for element to be visible, enabled and stable
      -   element is visible, enabled and stable
      -   scrolling into view if needed
      -   done scrolling
      -   <span>Projects Hub</span> from <main tabindex="-1" id="main-content" class="dashboard…>…</main> subtree intercepts pointer events
      - retrying click action, attempt #18
      -   waiting 500ms
      -   waiting for element to be visible, enabled and stable
      -   element is visible, enabled and stable
      -   scrolling into view if needed
      -   done scrolling
      -   <span>Projects Hub</span> from <main tabindex="-1" id="main-content" class="dashboard…>…</main> subtree intercepts pointer events
      - retrying click action, attempt #19
      -   waiting 500ms
      -   waiting for element to be visible, enabled and stable
      -   element is visible, enabled and stable
      -   scrolling into view if needed
      -   done scrolling
      -   <span>Projects Hub</span> from <main tabindex="-1" id="main-content" class="dashboard…>…</main> subtree intercepts pointer events
      - retrying click action, attempt #20
      -   waiting 500ms
      -   waiting for element to be visible, enabled and stable
      -   element is visible, enabled and stable
      -   scrolling into view if needed
      -   done scrolling
      -   <span>Projects Hub</span> from <main tabindex="-1" id="main-content" class="dashboard…>…</main> subtree intercepts pointer events
      - retrying click action, attempt #21
      -   waiting 500ms
      -   waiting for element to be visible, enabled and stable
      -   element is visible, enabled and stable
      -   scrolling into view if needed
      -   done scrolling
      -   <span>Projects Hub</span> from <main tabindex="-1" id="main-content" class="dashboard…>…</main> subtree intercepts pointer events
      - retrying click action, attempt #22
      -   waiting 500ms
      -   waiting for element to be visible, enabled and stable
      -   element is visible, enabled and stable
      -   scrolling into view if needed
      -   done scrolling
      -   <span>Projects Hub</span> from <main tabindex="-1" id="main-content" class="dashboard…>…</main> subtree intercepts pointer events
      - retrying click action, attempt #23
      -   waiting 500ms
      -   waiting for element to be visible, enabled and stable
      -   element is visible, enabled and stable
      -   scrolling into view if needed
      -   done scrolling
      -   <span>Projects Hub</span> from <main tabindex="-1" id="main-content" class="dashboard…>…</main> subtree intercepts pointer events
      - retrying click action, attempt #24
      -   waiting 500ms
      -   waiting for element to be visible, enabled and stable
      -   element is visible, enabled and stable
      -   scrolling into view if needed
      -   done scrolling
      -   <span>Projects Hub</span> from <main tabindex="-1" id="main-content" class="dashboard…>…</main> subtree intercepts pointer events
      - retrying click action, attempt #25
      -   waiting 500ms
      -   waiting for element to be visible, enabled and stable
      -   element is visible, enabled and stable
      -   scrolling into view if needed
      -   done scrolling
      -   <span>Projects Hub</span> from <main tabindex="-1" id="main-content" class="dashboard…>…</main> subtree intercepts pointer events
      - retrying click action, attempt #26
      -   waiting 500ms
      -   waiting for element to be visible, enabled and stable
      -   element is visible, enabled and stable
      -   scrolling into view if needed
      -   done scrolling
      -   <span>Projects Hub</span> from <main tabindex="-1" id="main-content" class="dashboard…>…</main> subtree intercepts pointer events
      - retrying click action, attempt #27
      -   waiting 500ms
      -   waiting for element to be visible, enabled and stable
      -   element is visible, enabled and stable
      -   scrolling into view if needed
      -   done scrolling
      -   <span>Projects Hub</span> from <main tabindex="-1" id="main-content" class="dashboard…>…</main> subtree intercepts pointer events
      - retrying click action, attempt #28
      -   waiting 500ms
      -   waiting for element to be visible, enabled and stable
      -   element is visible, enabled and stable
      -   scrolling into view if needed
      -   done scrolling
      -   <span>Projects Hub</span> from <main tabindex="-1" id="main-content" class="dashboard…>…</main> subtree intercepts pointer events
      - retrying click action, attempt #29
      -   waiting 500ms
      -   waiting for element to be visible, enabled and stable
      -   element is visible, enabled and stable
      -   scrolling into view if needed
      -   done scrolling
      -   <span>Projects Hub</span> from <main tabindex="-1" id="main-content" class="dashboard…>…</main> subtree intercepts pointer events
      - retrying click action, attempt #30
      -   waiting 500ms
      -   waiting for element to be visible, enabled and stable
      -   element is visible, enabled and stable
      -   scrolling into view if needed
      -   done scrolling
      -   <span>Projects Hub</span> from <main tabindex="-1" id="main-content" class="dashboard…>…</main> subtree intercepts pointer events
      - retrying click action, attempt #31
      -   waiting 500ms
      -   waiting for element to be visible, enabled and stable
      -   element is visible, enabled and stable
      -   scrolling into view if needed
      -   done scrolling
      -   <span>Projects Hub</span> from <main tabindex="-1" id="main-content" class="dashboard…>…</main> subtree intercepts pointer events
      - retrying click action, attempt #32
      -   waiting 500ms
      -   waiting for element to be visible, enabled and stable
      -   element is visible, enabled and stable
      -   scrolling into view if needed
      -   done scrolling
      -   <span>Projects Hub</span> from <main tabindex="-1" id="main-content" class="dashboard…>…</main> subtree intercepts pointer events
      - retrying click action, attempt #33
      -   waiting 500ms
      -   waiting for element to be visible, enabled and stable
      -   element is visible, enabled and stable
      -   scrolling into view if needed
      -   done scrolling
      -   <span>Projects Hub</span> from <main tabindex="-1" id="main-content" class="dashboard…>…</main> subtree intercepts pointer events
      - retrying click action, attempt #34
      -   waiting 500ms
      -   waiting for element to be visible, enabled and stable
      -   element is visible, enabled and stable
      -   scrolling into view if needed
      -   done scrolling
      -   <span>Projects Hub</span> from <main tabindex="-1" id="main-content" class="dashboard…>…</main> subtree intercepts pointer events
      - retrying click action, attempt #35
      -   waiting 500ms
      -   waiting for element to be visible, enabled and stable
      -   element is visible, enabled and stable
      -   scrolling into view if needed
      -   done scrolling
      -   <span>Projects Hub</span> from <main tabindex="-1" id="main-content" class="dashboard…>…</main> subtree intercepts pointer events
      - retrying click action, attempt #36
      -   waiting 500ms
      -   waiting for element to be visible, enabled and stable
      -   element is visible, enabled and stable
      -   scrolling into view if needed
      -   done scrolling
      -   <span>Projects Hub</span> from <main tabindex="-1" id="main-content" class="dashboard…>…</main> subtree intercepts pointer events
      - retrying click action, attempt #37
      -   waiting 500ms
      -   waiting for element to be visible, enabled and stable
      -   element is visible, enabled and stable
      -   scrolling into view if needed
      -   done scrolling
      -   <span>Projects Hub</span> from <main tabindex="-1" id="main-content" class="dashboard…>…</main> subtree intercepts pointer events
      - retrying click action, attempt #38
      -   waiting 500ms
      -   waiting for element to be visible, enabled and stable
      -   element is visible, enabled and stable
      -   scrolling into view if needed
      -   done scrolling
      -   <span>Projects Hub</span> from <main tabindex="-1" id="main-content" class="dashboard…>…</main> subtree intercepts pointer events
      - retrying click action, attempt #39
      -   waiting 500ms
      -   waiting for element to be visible, enabled and stable
      -   element is visible, enabled and stable
      -   scrolling into view if needed
      -   done scrolling
      -   <span>Projects Hub</span> from <main tabindex="-1" id="main-content" class="dashboard…>…</main> subtree intercepts pointer events
      - retrying click action, attempt #40
      -   waiting 500ms
      -   waiting for element to be visible, enabled and stable
      -   element is visible, enabled and stable
      -   scrolling into view if needed
      -   done scrolling
      -   <span>Projects Hub</span> from <main tabindex="-1" id="main-content" class="dashboard…>…</main> subtree intercepts pointer events
      - retrying click action, attempt #41
      -   waiting 500ms
      -   waiting for element to be visible, enabled and stable
      -   element is visible, enabled and stable
      -   scrolling into view if needed
      -   done scrolling
      -   <span>Projects Hub</span> from <main tabindex="-1" id="main-content" class="dashboard…>…</main> subtree intercepts pointer events
      - retrying click action, attempt #42
      -   waiting 500ms
      -   waiting for element to be visible, enabled and stable
      -   element is visible, enabled and stable
      -   scrolling into view if needed
      -   done scrolling
      -   <span>Projects Hub</span> from <main tabindex="-1" id="main-content" class="dashboard…>…</main> subtree intercepts pointer events
      - retrying click action, attempt #43
      -   waiting 500ms
      -   waiting for element to be visible, enabled and stable
      -   element is visible, enabled and stable
      -   scrolling into view if needed
      -   done scrolling
      -   <span>Projects Hub</span> from <main tabindex="-1" id="main-content" class="dashboard…>…</main> subtree intercepts pointer events
      - retrying click action, attempt #44
      -   waiting 500ms
      -   waiting for element to be visible, enabled and stable
      -   element is visible, enabled and stable
      -   scrolling into view if needed
      -   done scrolling
      -   <span>Projects Hub</span> from <main tabindex="-1" id="main-content" class="dashboard…>…</main> subtree intercepts pointer events
      - retrying click action, attempt #45
      -   waiting 500ms
      -   waiting for element to be visible, enabled and stable
      -   element is visible, enabled and stable
      -   scrolling into view if needed
      -   done scrolling
      -   <span>Projects Hub</span> from <main tabindex="-1" id="main-content" class="dashboard…>…</main> subtree intercepts pointer events
      - retrying click action, attempt #46
      -   waiting 500ms
      -   waiting for element to be visible, enabled and stable
      -   element is visible, enabled and stable
      -   scrolling into view if needed
      -   done scrolling
      -   <span>Projects Hub</span> from <main tabindex="-1" id="main-content" class="dashboard…>…</main> subtree intercepts pointer events
      - retrying click action, attempt #47
      -   waiting 500ms
      -   waiting for element to be visible, enabled and stable
      -   element is visible, enabled and stable
      -   scrolling into view if needed
      -   done scrolling
      -   <span>Projects Hub</span> from <main tabindex="-1" id="main-content" class="dashboard…>…</main> subtree intercepts pointer events
      - retrying click action, attempt #48
      -   waiting 500ms
      -   waiting for element to be visible, enabled and stable
      -   element is visible, enabled and stable
      -   scrolling into view if needed
      -   done scrolling
      -   <span>Projects Hub</span> from <main tabindex="-1" id="main-content" class="dashboard…>…</main> subtree intercepts pointer events
      - retrying click action, attempt #49
      -   waiting 500ms
      -   waiting for element to be visible, enabled and stable
      -   element is visible, enabled and stable
      -   scrolling into view if needed
      -   done scrolling
      -   <span>Projects Hub</span> from <main tabindex="-1" id="main-content" class="dashboard…>…</main> subtree intercepts pointer events
      - retrying click action, attempt #50
      -   waiting 500ms
      -   waiting for element to be visible, enabled and stable
      -   element is visible, enabled and stable
      -   scrolling into view if needed
      -   done scrolling
      -   <span>Projects Hub</span> from <main tabindex="-1" id="main-content" class="dashboard…>…</main> subtree intercepts pointer events
      - retrying click action, attempt #51
      -   waiting 500ms
      -   waiting for element to be visible, enabled and stable
      -   element is visible, enabled and stable
      -   scrolling into view if needed
      -   done scrolling
      -   <span>Projects Hub</span> from <main tabindex="-1" id="main-content" class="dashboard…>…</main> subtree intercepts pointer events
      - retrying click action, attempt #52
      -   waiting 500ms
      -   waiting for element to be visible, enabled and stable
      -   element is visible, enabled and stable
      -   scrolling into view if needed
      -   done scrolling
      -   <span>Projects Hub</span> from <main tabindex="-1" id="main-content" class="dashboard…>…</main> subtree intercepts pointer events
      - retrying click action, attempt #53
      -   waiting 500ms


      205 |         
      206 |         if (await navLink.isVisible()) {
    > 207 |           await navLink.click();
          |                         ^
      208 |           await waitForPageReady(page);
      209 |           
      210 |           // Verify navigation worked

        at /Users/thabonyembe/Documents/freeflow-app-9/tests/e2e/responsive-ui-ux.spec.ts:207:25

    attachment #1: screenshot (image/png) ──────────────────────────────────────────────────────────
    test-results/responsive-ui-ux-Responsive-UI-UX-Testing-Suit-b7d3a-out-should-handle-dashboard-navigation-properly-desktop-firefox-retry2/test-failed-1.png
    ────────────────────────────────────────────────────────────────────────────────────────────────

    attachment #2: video (video/webm) ──────────────────────────────────────────────────────────────
    test-results/responsive-ui-ux-Responsive-UI-UX-Testing-Suit-b7d3a-out-should-handle-dashboard-navigation-properly-desktop-firefox-retry2/video.webm
    ────────────────────────────────────────────────────────────────────────────────────────────────
]]>
</failure>
<system-out>
<![CDATA[
[[ATTACHMENT|responsive-ui-ux-Responsive-UI-UX-Testing-Suit-b7d3a-out-should-handle-dashboard-navigation-properly-desktop-firefox/test-failed-1.png]]

[[ATTACHMENT|responsive-ui-ux-Responsive-UI-UX-Testing-Suit-b7d3a-out-should-handle-dashboard-navigation-properly-desktop-firefox/video.webm]]

[[ATTACHMENT|responsive-ui-ux-Responsive-UI-UX-Testing-Suit-b7d3a-out-should-handle-dashboard-navigation-properly-desktop-firefox-retry1/test-failed-1.png]]

[[ATTACHMENT|responsive-ui-ux-Responsive-UI-UX-Testing-Suit-b7d3a-out-should-handle-dashboard-navigation-properly-desktop-firefox-retry1/video.webm]]

[[ATTACHMENT|responsive-ui-ux-Responsive-UI-UX-Testing-Suit-b7d3a-out-should-handle-dashboard-navigation-properly-desktop-firefox-retry1/trace.zip]]

[[ATTACHMENT|responsive-ui-ux-Responsive-UI-UX-Testing-Suit-b7d3a-out-should-handle-dashboard-navigation-properly-desktop-firefox-retry2/test-failed-1.png]]

[[ATTACHMENT|responsive-ui-ux-Responsive-UI-UX-Testing-Suit-b7d3a-out-should-handle-dashboard-navigation-properly-desktop-firefox-retry2/video.webm]]
]]>
</system-out>
</testcase>
<testcase name="Responsive UI/UX Testing Suite › Component Responsive Behavior › should render forms responsively" classname="responsive-ui-ux.spec.ts" time="4.413">
<system-out>
<![CDATA[✓ Form responsiveness tested on desktop
]]>
</system-out>
</testcase>
<testcase name="Responsive UI/UX Testing Suite › Component Responsive Behavior › should handle modal dialogs responsively" classname="responsive-ui-ux.spec.ts" time="4.934">
<system-out>
<![CDATA[✓ Modal responsiveness tested on desktop
]]>
</system-out>
</testcase>
<testcase name="Responsive UI/UX Testing Suite › Touch and Interaction Testing › should handle touch interactions on mobile devices" classname="responsive-ui-ux.spec.ts" time="0.197">
<properties>
<property name="skip" value="">
</property>
</properties>
<skipped>
</skipped>
</testcase>
<testcase name="Responsive UI/UX Testing Suite › Performance and Accessibility › should meet accessibility standards" classname="responsive-ui-ux.spec.ts" time="2.672">
<system-out>
<![CDATA[✓ Accessibility tested on desktop
]]>
</system-out>
</testcase>
<testcase name="Responsive UI/UX Testing Suite › Performance and Accessibility › should have reasonable load times" classname="responsive-ui-ux.spec.ts" time="5.859">
<system-out>
<![CDATA[✓ Performance tested on desktop - Load time: 2556ms, CLS: 0
]]>
</system-out>
</testcase>
<testcase name="Responsive UI/UX Testing Suite › Cross-viewport Consistency › should maintain consistent branding and styling" classname="responsive-ui-ux.spec.ts" time="2.796">
<system-out>
<![CDATA[✓ Branding consistency verified on desktop
]]>
</system-out>
</testcase>
</testsuite>
<testsuite name="responsive-ui-ux.spec.ts" timestamp="2025-06-11T23:37:50.432Z" hostname="desktop-webkit" tests="10" failures="3" skipped="1" time="68.612" errors="0">
<testcase name="Responsive UI/UX Testing Suite › Landing Page Responsive Design › should display properly on all viewport sizes" classname="responsive-ui-ux.spec.ts" time="2.402">
<system-out>
<![CDATA[✓ Landing page tested successfully on desktop (1280x720)
]]>
</system-out>
</testcase>
<testcase name="Responsive UI/UX Testing Suite › Landing Page Responsive Design › should handle navigation interactions properly" classname="responsive-ui-ux.spec.ts" time="2.046">
<system-out>
<![CDATA[✓ Navigation tested successfully on desktop
]]>
</system-out>
</testcase>
<testcase name="Responsive UI/UX Testing Suite › Dashboard Responsive Layout › should display dashboard layout correctly" classname="responsive-ui-ux.spec.ts" time="21.553">
<failure message="responsive-ui-ux.spec.ts:133:9 should display dashboard layout correctly" type="FAILURE">
<![CDATA[  [desktop-webkit] › responsive-ui-ux.spec.ts:133:9 › Responsive UI/UX Testing Suite › Dashboard Responsive Layout › should display dashboard layout correctly 

    Error: Timed out 5000ms waiting for expect(locator).toBeVisible()

    Locator: locator('[data-testid="dashboard-sidebar"], [class*="sidebar"], aside').first()
    Expected: visible
    Received: hidden
    Call log:
      - expect.toBeVisible with timeout 5000ms
      - waiting for locator('[data-testid="dashboard-sidebar"], [class*="sidebar"], aside').first()


      143 |         // Desktop should show sidebar navigation
      144 |         const sidebar = page.locator('[data-testid="dashboard-sidebar"], [class*="sidebar"], aside').first();
    > 145 |         await expect(sidebar).toBeVisible();
          |                               ^
      146 |         
      147 |         // Check sidebar width
      148 |         const sidebarBox = await sidebar.boundingBox();

        at /Users/thabonyembe/Documents/freeflow-app-9/tests/e2e/responsive-ui-ux.spec.ts:145:31

    attachment #1: screenshot (image/png) ──────────────────────────────────────────────────────────
    test-results/responsive-ui-ux-Responsive-UI-UX-Testing-Suit-d764c-ayout-should-display-dashboard-layout-correctly-desktop-webkit/test-failed-1.png
    ────────────────────────────────────────────────────────────────────────────────────────────────

    attachment #2: video (video/webm) ──────────────────────────────────────────────────────────────
    test-results/responsive-ui-ux-Responsive-UI-UX-Testing-Suit-d764c-ayout-should-display-dashboard-layout-correctly-desktop-webkit/video.webm
    ────────────────────────────────────────────────────────────────────────────────────────────────

    Retry #1 ───────────────────────────────────────────────────────────────────────────────────────

    Error: Timed out 5000ms waiting for expect(locator).toBeVisible()

    Locator: locator('[data-testid="dashboard-sidebar"], [class*="sidebar"], aside').first()
    Expected: visible
    Received: hidden
    Call log:
      - expect.toBeVisible with timeout 5000ms
      - waiting for locator('[data-testid="dashboard-sidebar"], [class*="sidebar"], aside').first()


      143 |         // Desktop should show sidebar navigation
      144 |         const sidebar = page.locator('[data-testid="dashboard-sidebar"], [class*="sidebar"], aside').first();
    > 145 |         await expect(sidebar).toBeVisible();
          |                               ^
      146 |         
      147 |         // Check sidebar width
      148 |         const sidebarBox = await sidebar.boundingBox();

        at /Users/thabonyembe/Documents/freeflow-app-9/tests/e2e/responsive-ui-ux.spec.ts:145:31

    attachment #1: screenshot (image/png) ──────────────────────────────────────────────────────────
    test-results/responsive-ui-ux-Responsive-UI-UX-Testing-Suit-d764c-ayout-should-display-dashboard-layout-correctly-desktop-webkit-retry1/test-failed-1.png
    ────────────────────────────────────────────────────────────────────────────────────────────────

    attachment #2: video (video/webm) ──────────────────────────────────────────────────────────────
    test-results/responsive-ui-ux-Responsive-UI-UX-Testing-Suit-d764c-ayout-should-display-dashboard-layout-correctly-desktop-webkit-retry1/video.webm
    ────────────────────────────────────────────────────────────────────────────────────────────────

    attachment #3: trace (application/zip) ─────────────────────────────────────────────────────────
    test-results/responsive-ui-ux-Responsive-UI-UX-Testing-Suit-d764c-ayout-should-display-dashboard-layout-correctly-desktop-webkit-retry1/trace.zip
    Usage:

        npx playwright show-trace test-results/responsive-ui-ux-Responsive-UI-UX-Testing-Suit-d764c-ayout-should-display-dashboard-layout-correctly-desktop-webkit-retry1/trace.zip

    ────────────────────────────────────────────────────────────────────────────────────────────────

    Retry #2 ───────────────────────────────────────────────────────────────────────────────────────

    Error: Timed out 5000ms waiting for expect(locator).toBeVisible()

    Locator: locator('[data-testid="dashboard-sidebar"], [class*="sidebar"], aside').first()
    Expected: visible
    Received: hidden
    Call log:
      - expect.toBeVisible with timeout 5000ms
      - waiting for locator('[data-testid="dashboard-sidebar"], [class*="sidebar"], aside').first()


      143 |         // Desktop should show sidebar navigation
      144 |         const sidebar = page.locator('[data-testid="dashboard-sidebar"], [class*="sidebar"], aside').first();
    > 145 |         await expect(sidebar).toBeVisible();
          |                               ^
      146 |         
      147 |         // Check sidebar width
      148 |         const sidebarBox = await sidebar.boundingBox();

        at /Users/thabonyembe/Documents/freeflow-app-9/tests/e2e/responsive-ui-ux.spec.ts:145:31

    attachment #1: screenshot (image/png) ──────────────────────────────────────────────────────────
    test-results/responsive-ui-ux-Responsive-UI-UX-Testing-Suit-d764c-ayout-should-display-dashboard-layout-correctly-desktop-webkit-retry2/test-failed-1.png
    ────────────────────────────────────────────────────────────────────────────────────────────────

    attachment #2: video (video/webm) ──────────────────────────────────────────────────────────────
    test-results/responsive-ui-ux-Responsive-UI-UX-Testing-Suit-d764c-ayout-should-display-dashboard-layout-correctly-desktop-webkit-retry2/video.webm
    ────────────────────────────────────────────────────────────────────────────────────────────────
]]>
</failure>
<system-out>
<![CDATA[
[[ATTACHMENT|responsive-ui-ux-Responsive-UI-UX-Testing-Suit-d764c-ayout-should-display-dashboard-layout-correctly-desktop-webkit/test-failed-1.png]]

[[ATTACHMENT|responsive-ui-ux-Responsive-UI-UX-Testing-Suit-d764c-ayout-should-display-dashboard-layout-correctly-desktop-webkit/video.webm]]

[[ATTACHMENT|responsive-ui-ux-Responsive-UI-UX-Testing-Suit-d764c-ayout-should-display-dashboard-layout-correctly-desktop-webkit-retry1/test-failed-1.png]]

[[ATTACHMENT|responsive-ui-ux-Responsive-UI-UX-Testing-Suit-d764c-ayout-should-display-dashboard-layout-correctly-desktop-webkit-retry1/video.webm]]

[[ATTACHMENT|responsive-ui-ux-Responsive-UI-UX-Testing-Suit-d764c-ayout-should-display-dashboard-layout-correctly-desktop-webkit-retry1/trace.zip]]

[[ATTACHMENT|responsive-ui-ux-Responsive-UI-UX-Testing-Suit-d764c-ayout-should-display-dashboard-layout-correctly-desktop-webkit-retry2/test-failed-1.png]]

[[ATTACHMENT|responsive-ui-ux-Responsive-UI-UX-Testing-Suit-d764c-ayout-should-display-dashboard-layout-correctly-desktop-webkit-retry2/video.webm]]
]]>
</system-out>
</testcase>
<testcase name="Responsive UI/UX Testing Suite › Dashboard Responsive Layout › should handle dashboard navigation properly" classname="responsive-ui-ux.spec.ts" time="9.231">
<failure message="responsive-ui-ux.spec.ts:192:9 should handle dashboard navigation properly" type="FAILURE">
<![CDATA[  [desktop-webkit] › responsive-ui-ux.spec.ts:192:9 › Responsive UI/UX Testing Suite › Dashboard Responsive Layout › should handle dashboard navigation properly 

    Error: expect(received).toMatch(expected)

    Expected pattern: /projects-hub/
    Received string:  "http://localhost:3001/dashboard"

      210 |           // Verify navigation worked
      211 |           const currentUrl = page.url();
    > 212 |           expect(currentUrl).toMatch(new RegExp(navItem.toLowerCase().replace(' ', '-')));
          |                              ^
      213 |           
      214 |           // Take screenshot of each section
      215 |           await page.screenshot({ 

        at /Users/thabonyembe/Documents/freeflow-app-9/tests/e2e/responsive-ui-ux.spec.ts:212:30

    attachment #1: screenshot (image/png) ──────────────────────────────────────────────────────────
    test-results/responsive-ui-ux-Responsive-UI-UX-Testing-Suit-b7d3a-out-should-handle-dashboard-navigation-properly-desktop-webkit/test-failed-1.png
    ────────────────────────────────────────────────────────────────────────────────────────────────

    attachment #2: video (video/webm) ──────────────────────────────────────────────────────────────
    test-results/responsive-ui-ux-Responsive-UI-UX-Testing-Suit-b7d3a-out-should-handle-dashboard-navigation-properly-desktop-webkit/video.webm
    ────────────────────────────────────────────────────────────────────────────────────────────────

    Retry #1 ───────────────────────────────────────────────────────────────────────────────────────

    Error: expect(received).toMatch(expected)

    Expected pattern: /projects-hub/
    Received string:  "http://localhost:3001/dashboard"

      210 |           // Verify navigation worked
      211 |           const currentUrl = page.url();
    > 212 |           expect(currentUrl).toMatch(new RegExp(navItem.toLowerCase().replace(' ', '-')));
          |                              ^
      213 |           
      214 |           // Take screenshot of each section
      215 |           await page.screenshot({ 

        at /Users/thabonyembe/Documents/freeflow-app-9/tests/e2e/responsive-ui-ux.spec.ts:212:30

    attachment #1: screenshot (image/png) ──────────────────────────────────────────────────────────
    test-results/responsive-ui-ux-Responsive-UI-UX-Testing-Suit-b7d3a-out-should-handle-dashboard-navigation-properly-desktop-webkit-retry1/test-failed-1.png
    ────────────────────────────────────────────────────────────────────────────────────────────────

    attachment #2: video (video/webm) ──────────────────────────────────────────────────────────────
    test-results/responsive-ui-ux-Responsive-UI-UX-Testing-Suit-b7d3a-out-should-handle-dashboard-navigation-properly-desktop-webkit-retry1/video.webm
    ────────────────────────────────────────────────────────────────────────────────────────────────

    attachment #3: trace (application/zip) ─────────────────────────────────────────────────────────
    test-results/responsive-ui-ux-Responsive-UI-UX-Testing-Suit-b7d3a-out-should-handle-dashboard-navigation-properly-desktop-webkit-retry1/trace.zip
    Usage:

        npx playwright show-trace test-results/responsive-ui-ux-Responsive-UI-UX-Testing-Suit-b7d3a-out-should-handle-dashboard-navigation-properly-desktop-webkit-retry1/trace.zip

    ────────────────────────────────────────────────────────────────────────────────────────────────

    Retry #2 ───────────────────────────────────────────────────────────────────────────────────────

    Error: expect(received).toMatch(expected)

    Expected pattern: /projects-hub/
    Received string:  "http://localhost:3001/dashboard"

      210 |           // Verify navigation worked
      211 |           const currentUrl = page.url();
    > 212 |           expect(currentUrl).toMatch(new RegExp(navItem.toLowerCase().replace(' ', '-')));
          |                              ^
      213 |           
      214 |           // Take screenshot of each section
      215 |           await page.screenshot({ 

        at /Users/thabonyembe/Documents/freeflow-app-9/tests/e2e/responsive-ui-ux.spec.ts:212:30

    attachment #1: screenshot (image/png) ──────────────────────────────────────────────────────────
    test-results/responsive-ui-ux-Responsive-UI-UX-Testing-Suit-b7d3a-out-should-handle-dashboard-navigation-properly-desktop-webkit-retry2/test-failed-1.png
    ────────────────────────────────────────────────────────────────────────────────────────────────

    attachment #2: video (video/webm) ──────────────────────────────────────────────────────────────
    test-results/responsive-ui-ux-Responsive-UI-UX-Testing-Suit-b7d3a-out-should-handle-dashboard-navigation-properly-desktop-webkit-retry2/video.webm
    ────────────────────────────────────────────────────────────────────────────────────────────────
]]>
</failure>
<system-out>
<![CDATA[
[[ATTACHMENT|responsive-ui-ux-Responsive-UI-UX-Testing-Suit-b7d3a-out-should-handle-dashboard-navigation-properly-desktop-webkit/test-failed-1.png]]

[[ATTACHMENT|responsive-ui-ux-Responsive-UI-UX-Testing-Suit-b7d3a-out-should-handle-dashboard-navigation-properly-desktop-webkit/video.webm]]

[[ATTACHMENT|responsive-ui-ux-Responsive-UI-UX-Testing-Suit-b7d3a-out-should-handle-dashboard-navigation-properly-desktop-webkit-retry1/test-failed-1.png]]

[[ATTACHMENT|responsive-ui-ux-Responsive-UI-UX-Testing-Suit-b7d3a-out-should-handle-dashboard-navigation-properly-desktop-webkit-retry1/video.webm]]

[[ATTACHMENT|responsive-ui-ux-Responsive-UI-UX-Testing-Suit-b7d3a-out-should-handle-dashboard-navigation-properly-desktop-webkit-retry1/trace.zip]]

[[ATTACHMENT|responsive-ui-ux-Responsive-UI-UX-Testing-Suit-b7d3a-out-should-handle-dashboard-navigation-properly-desktop-webkit-retry2/test-failed-1.png]]

[[ATTACHMENT|responsive-ui-ux-Responsive-UI-UX-Testing-Suit-b7d3a-out-should-handle-dashboard-navigation-properly-desktop-webkit-retry2/video.webm]]
]]>
</system-out>
</testcase>
<testcase name="Responsive UI/UX Testing Suite › Component Responsive Behavior › should render forms responsively" classname="responsive-ui-ux.spec.ts" time="21.527">
<failure message="responsive-ui-ux.spec.ts:230:9 should render forms responsively" type="FAILURE">
<![CDATA[  [desktop-webkit] › responsive-ui-ux.spec.ts:230:9 › Responsive UI/UX Testing Suite › Component Responsive Behavior › should render forms responsively 

    Error: Timed out 5000ms waiting for expect(locator).toBeVisible()

    Locator: locator('form').first()
    Expected: visible
    Received: hidden
    Call log:
      - expect.toBeVisible with timeout 5000ms
      - waiting for locator('form').first()


      241 |       // Test form layout
      242 |       const loginForm = page.locator('form').first();
    > 243 |       await expect(loginForm).toBeVisible();
          |                               ^
      244 |       
      245 |       const formBox = await loginForm.boundingBox();
      246 |       if (formBox) {

        at /Users/thabonyembe/Documents/freeflow-app-9/tests/e2e/responsive-ui-ux.spec.ts:243:31

    attachment #1: screenshot (image/png) ──────────────────────────────────────────────────────────
    test-results/responsive-ui-ux-Responsive-UI-UX-Testing-Suit-7cf3f-nsive-Behavior-should-render-forms-responsively-desktop-webkit/test-failed-1.png
    ────────────────────────────────────────────────────────────────────────────────────────────────

    attachment #2: video (video/webm) ──────────────────────────────────────────────────────────────
    test-results/responsive-ui-ux-Responsive-UI-UX-Testing-Suit-7cf3f-nsive-Behavior-should-render-forms-responsively-desktop-webkit/video.webm
    ────────────────────────────────────────────────────────────────────────────────────────────────

    Retry #1 ───────────────────────────────────────────────────────────────────────────────────────

    Error: Timed out 5000ms waiting for expect(locator).toBeVisible()

    Locator: locator('form').first()
    Expected: visible
    Received: hidden
    Call log:
      - expect.toBeVisible with timeout 5000ms
      - waiting for locator('form').first()


      241 |       // Test form layout
      242 |       const loginForm = page.locator('form').first();
    > 243 |       await expect(loginForm).toBeVisible();
          |                               ^
      244 |       
      245 |       const formBox = await loginForm.boundingBox();
      246 |       if (formBox) {

        at /Users/thabonyembe/Documents/freeflow-app-9/tests/e2e/responsive-ui-ux.spec.ts:243:31

    attachment #1: screenshot (image/png) ──────────────────────────────────────────────────────────
    test-results/responsive-ui-ux-Responsive-UI-UX-Testing-Suit-7cf3f-nsive-Behavior-should-render-forms-responsively-desktop-webkit-retry1/test-failed-1.png
    ────────────────────────────────────────────────────────────────────────────────────────────────

    attachment #2: video (video/webm) ──────────────────────────────────────────────────────────────
    test-results/responsive-ui-ux-Responsive-UI-UX-Testing-Suit-7cf3f-nsive-Behavior-should-render-forms-responsively-desktop-webkit-retry1/video.webm
    ────────────────────────────────────────────────────────────────────────────────────────────────

    attachment #3: trace (application/zip) ─────────────────────────────────────────────────────────
    test-results/responsive-ui-ux-Responsive-UI-UX-Testing-Suit-7cf3f-nsive-Behavior-should-render-forms-responsively-desktop-webkit-retry1/trace.zip
    Usage:

        npx playwright show-trace test-results/responsive-ui-ux-Responsive-UI-UX-Testing-Suit-7cf3f-nsive-Behavior-should-render-forms-responsively-desktop-webkit-retry1/trace.zip

    ────────────────────────────────────────────────────────────────────────────────────────────────

    Retry #2 ───────────────────────────────────────────────────────────────────────────────────────

    Error: Timed out 5000ms waiting for expect(locator).toBeVisible()

    Locator: locator('form').first()
    Expected: visible
    Received: hidden
    Call log:
      - expect.toBeVisible with timeout 5000ms
      - waiting for locator('form').first()


      241 |       // Test form layout
      242 |       const loginForm = page.locator('form').first();
    > 243 |       await expect(loginForm).toBeVisible();
          |                               ^
      244 |       
      245 |       const formBox = await loginForm.boundingBox();
      246 |       if (formBox) {

        at /Users/thabonyembe/Documents/freeflow-app-9/tests/e2e/responsive-ui-ux.spec.ts:243:31

    attachment #1: screenshot (image/png) ──────────────────────────────────────────────────────────
    test-results/responsive-ui-ux-Responsive-UI-UX-Testing-Suit-7cf3f-nsive-Behavior-should-render-forms-responsively-desktop-webkit-retry2/test-failed-1.png
    ────────────────────────────────────────────────────────────────────────────────────────────────

    attachment #2: video (video/webm) ──────────────────────────────────────────────────────────────
    test-results/responsive-ui-ux-Responsive-UI-UX-Testing-Suit-7cf3f-nsive-Behavior-should-render-forms-responsively-desktop-webkit-retry2/video.webm
    ────────────────────────────────────────────────────────────────────────────────────────────────
]]>
</failure>
<system-out>
<![CDATA[
[[ATTACHMENT|responsive-ui-ux-Responsive-UI-UX-Testing-Suit-7cf3f-nsive-Behavior-should-render-forms-responsively-desktop-webkit/test-failed-1.png]]

[[ATTACHMENT|responsive-ui-ux-Responsive-UI-UX-Testing-Suit-7cf3f-nsive-Behavior-should-render-forms-responsively-desktop-webkit/video.webm]]

[[ATTACHMENT|responsive-ui-ux-Responsive-UI-UX-Testing-Suit-7cf3f-nsive-Behavior-should-render-forms-responsively-desktop-webkit-retry1/test-failed-1.png]]

[[ATTACHMENT|responsive-ui-ux-Responsive-UI-UX-Testing-Suit-7cf3f-nsive-Behavior-should-render-forms-responsively-desktop-webkit-retry1/video.webm]]

[[ATTACHMENT|responsive-ui-ux-Responsive-UI-UX-Testing-Suit-7cf3f-nsive-Behavior-should-render-forms-responsively-desktop-webkit-retry1/trace.zip]]

[[ATTACHMENT|responsive-ui-ux-Responsive-UI-UX-Testing-Suit-7cf3f-nsive-Behavior-should-render-forms-responsively-desktop-webkit-retry2/test-failed-1.png]]

[[ATTACHMENT|responsive-ui-ux-Responsive-UI-UX-Testing-Suit-7cf3f-nsive-Behavior-should-render-forms-responsively-desktop-webkit-retry2/video.webm]]
]]>
</system-out>
</testcase>
<testcase name="Responsive UI/UX Testing Suite › Component Responsive Behavior › should handle modal dialogs responsively" classname="responsive-ui-ux.spec.ts" time="2.787">
<system-out>
<![CDATA[✓ Modal responsiveness tested on desktop
]]>
</system-out>
</testcase>
<testcase name="Responsive UI/UX Testing Suite › Touch and Interaction Testing › should handle touch interactions on mobile devices" classname="responsive-ui-ux.spec.ts" time="0.188">
<properties>
<property name="skip" value="">
</property>
</properties>
<skipped>
</skipped>
</testcase>
<testcase name="Responsive UI/UX Testing Suite › Performance and Accessibility › should meet accessibility standards" classname="responsive-ui-ux.spec.ts" time="1.944">
<system-out>
<![CDATA[✓ Accessibility tested on desktop
]]>
</system-out>
</testcase>
<testcase name="Responsive UI/UX Testing Suite › Performance and Accessibility › should have reasonable load times" classname="responsive-ui-ux.spec.ts" time="4.924">
<system-out>
<![CDATA[✓ Performance tested on desktop - Load time: 1731ms, CLS: 0
]]>
</system-out>
</testcase>
<testcase name="Responsive UI/UX Testing Suite › Cross-viewport Consistency › should maintain consistent branding and styling" classname="responsive-ui-ux.spec.ts" time="2.01">
<system-out>
<![CDATA[✓ Branding consistency verified on desktop
]]>
</system-out>
</testcase>
</testsuite>
<testsuite name="responsive-ui-ux.spec.ts" timestamp="2025-06-11T23:37:50.432Z" hostname="tablet-ipad-pro" tests="10" failures="10" skipped="0" time="21.987" errors="0">
<testcase name="Responsive UI/UX Testing Suite › Landing Page Responsive Design › should display properly on all viewport sizes" classname="responsive-ui-ux.spec.ts" time="2.099">
<failure message="responsive-ui-ux.spec.ts:46:9 should display properly on all viewport sizes" type="FAILURE">
<![CDATA[  [tablet-ipad-pro] › responsive-ui-ux.spec.ts:46:9 › Responsive UI/UX Testing Suite › Landing Page Responsive Design › should display properly on all viewport sizes 

    TargetClosedError: Target page, context or browser has been closed


    Retry #1 ───────────────────────────────────────────────────────────────────────────────────────

    TargetClosedError: Target page, context or browser has been closed


    Retry #2 ───────────────────────────────────────────────────────────────────────────────────────

    TargetClosedError: Target page, context or browser has been closed

]]>
</failure>
</testcase>
<testcase name="Responsive UI/UX Testing Suite › Landing Page Responsive Design › should handle navigation interactions properly" classname="responsive-ui-ux.spec.ts" time="1.809">
<failure message="responsive-ui-ux.spec.ts:92:9 should handle navigation interactions properly" type="FAILURE">
<![CDATA[  [tablet-ipad-pro] › responsive-ui-ux.spec.ts:92:9 › Responsive UI/UX Testing Suite › Landing Page Responsive Design › should handle navigation interactions properly 

    TargetClosedError: Target page, context or browser has been closed


    Retry #1 ───────────────────────────────────────────────────────────────────────────────────────

    TargetClosedError: Target page, context or browser has been closed


    Retry #2 ───────────────────────────────────────────────────────────────────────────────────────

    TargetClosedError: Target page, context or browser has been closed

]]>
</failure>
</testcase>
<testcase name="Responsive UI/UX Testing Suite › Dashboard Responsive Layout › should display dashboard layout correctly" classname="responsive-ui-ux.spec.ts" time="1.84">
<failure message="responsive-ui-ux.spec.ts:133:9 should display dashboard layout correctly" type="FAILURE">
<![CDATA[  [tablet-ipad-pro] › responsive-ui-ux.spec.ts:133:9 › Responsive UI/UX Testing Suite › Dashboard Responsive Layout › should display dashboard layout correctly 

    TargetClosedError: Target page, context or browser has been closed


    Retry #1 ───────────────────────────────────────────────────────────────────────────────────────

    TargetClosedError: Target page, context or browser has been closed


    Retry #2 ───────────────────────────────────────────────────────────────────────────────────────

    TargetClosedError: Target page, context or browser has been closed

]]>
</failure>
</testcase>
<testcase name="Responsive UI/UX Testing Suite › Dashboard Responsive Layout › should handle dashboard navigation properly" classname="responsive-ui-ux.spec.ts" time="1.811">
<failure message="responsive-ui-ux.spec.ts:192:9 should handle dashboard navigation properly" type="FAILURE">
<![CDATA[  [tablet-ipad-pro] › responsive-ui-ux.spec.ts:192:9 › Responsive UI/UX Testing Suite › Dashboard Responsive Layout › should handle dashboard navigation properly 

    TargetClosedError: Target page, context or browser has been closed


    Retry #1 ───────────────────────────────────────────────────────────────────────────────────────

    TargetClosedError: Target page, context or browser has been closed


    Retry #2 ───────────────────────────────────────────────────────────────────────────────────────

    TargetClosedError: Target page, context or browser has been closed

]]>
</failure>
</testcase>
<testcase name="Responsive UI/UX Testing Suite › Component Responsive Behavior › should render forms responsively" classname="responsive-ui-ux.spec.ts" time="2.633">
<failure message="responsive-ui-ux.spec.ts:230:9 should render forms responsively" type="FAILURE">
<![CDATA[  [tablet-ipad-pro] › responsive-ui-ux.spec.ts:230:9 › Responsive UI/UX Testing Suite › Component Responsive Behavior › should render forms responsively 

    TargetClosedError: Target page, context or browser has been closed


    Retry #1 ───────────────────────────────────────────────────────────────────────────────────────

    TargetClosedError: Target page, context or browser has been closed


    Retry #2 ───────────────────────────────────────────────────────────────────────────────────────

    TargetClosedError: Target page, context or browser has been closed

]]>
</failure>
</testcase>
<testcase name="Responsive UI/UX Testing Suite › Component Responsive Behavior › should handle modal dialogs responsively" classname="responsive-ui-ux.spec.ts" time="2.212">
<failure message="responsive-ui-ux.spec.ts:274:9 should handle modal dialogs responsively" type="FAILURE">
<![CDATA[  [tablet-ipad-pro] › responsive-ui-ux.spec.ts:274:9 › Responsive UI/UX Testing Suite › Component Responsive Behavior › should handle modal dialogs responsively 

    TargetClosedError: Target page, context or browser has been closed


    Retry #1 ───────────────────────────────────────────────────────────────────────────────────────

    TargetClosedError: Target page, context or browser has been closed


    Retry #2 ───────────────────────────────────────────────────────────────────────────────────────

    TargetClosedError: Target page, context or browser has been closed

]]>
</failure>
</testcase>
<testcase name="Responsive UI/UX Testing Suite › Touch and Interaction Testing › should handle touch interactions on mobile devices" classname="responsive-ui-ux.spec.ts" time="2.639">
<failure message="responsive-ui-ux.spec.ts:314:9 should handle touch interactions on mobile devices" type="FAILURE">
<![CDATA[  [tablet-ipad-pro] › responsive-ui-ux.spec.ts:314:9 › Responsive UI/UX Testing Suite › Touch and Interaction Testing › should handle touch interactions on mobile devices 

    TargetClosedError: Target page, context or browser has been closed


    Retry #1 ───────────────────────────────────────────────────────────────────────────────────────

    TargetClosedError: Target page, context or browser has been closed


    Retry #2 ───────────────────────────────────────────────────────────────────────────────────────

    TargetClosedError: Target page, context or browser has been closed

]]>
</failure>
</testcase>
<testcase name="Responsive UI/UX Testing Suite › Performance and Accessibility › should meet accessibility standards" classname="responsive-ui-ux.spec.ts" time="2.279">
<failure message="responsive-ui-ux.spec.ts:363:9 should meet accessibility standards" type="FAILURE">
<![CDATA[  [tablet-ipad-pro] › responsive-ui-ux.spec.ts:363:9 › Responsive UI/UX Testing Suite › Performance and Accessibility › should meet accessibility standards 

    TargetClosedError: Target page, context or browser has been closed


    Retry #1 ───────────────────────────────────────────────────────────────────────────────────────

    TargetClosedError: Target page, context or browser has been closed


    Retry #2 ───────────────────────────────────────────────────────────────────────────────────────

    TargetClosedError: Target page, context or browser has been closed

]]>
</failure>
</testcase>
<testcase name="Responsive UI/UX Testing Suite › Performance and Accessibility › should have reasonable load times" classname="responsive-ui-ux.spec.ts" time="1.967">
<failure message="responsive-ui-ux.spec.ts:398:9 should have reasonable load times" type="FAILURE">
<![CDATA[  [tablet-ipad-pro] › responsive-ui-ux.spec.ts:398:9 › Responsive UI/UX Testing Suite › Performance and Accessibility › should have reasonable load times 

    TargetClosedError: Target page, context or browser has been closed


    Retry #1 ───────────────────────────────────────────────────────────────────────────────────────

    Error: browserContext.newPage: Target page, context or browser has been closed
    Browser logs:

    <launching> /Users/thabonyembe/Library/Caches/ms-playwright/chromium-1097/chrome-mac/Chromium.app/Contents/MacOS/Chromium --disable-field-trial-config --disable-background-networking --enable-features=NetworkService,NetworkServiceInProcess --disable-background-timer-throttling --disable-backgrounding-occluded-windows --disable-back-forward-cache --disable-breakpad --disable-client-side-phishing-detection --disable-component-extensions-with-background-pages --disable-component-update --no-default-browser-check --disable-default-apps --disable-dev-shm-usage --disable-extensions --disable-features=ImprovedCookieControls,LazyFrameLoading,GlobalMediaControls,DestroyProfileOnBrowserClose,MediaRouter,DialMediaRouteProvider,AcceptCHFrame,AutoExpandDetailsElement,CertificateTransparencyComponentUpdater,AvoidUnnecessaryBeforeUnloadCheckSync,Translate,HttpsUpgrades,PaintHolding --allow-pre-commit-input --disable-hang-monitor --disable-ipc-flooding-protection --disable-popup-blocking --disable-prompt-on-repost --disable-renderer-backgrounding --force-color-profile=srgb --metrics-recording-only --no-first-run --enable-automation --password-store=basic --use-mock-keychain --no-service-autorun --export-tagged-pdf --disable-search-engine-choice-screen --enable-use-zoom-for-dsf=false --no-sandbox --user-data-dir=/var/folders/g0/h_vmczvs61jf4r7kzhq0ypg40000gn/T/playwright_chromiumdev_profile-hghRQ5 --remote-debugging-pipe --no-startup-window
    <launched> pid=37923
    [pid=37923][err] [37923:259:0612/013911.196529:ERROR:policy_logger.cc(156)] :components/enterprise/browser/controller/chrome_browser_cloud_management_controller.cc(161) Cloud management controller initialization aborted as CBCM is not enabled. Please use the `--enable-chrome-browser-cloud-management` command line flag to enable it if you are not using the official Google Chrome build.
    [pid=37923][err] [0612/013911.605458:WARNING:crash_report_exception_handler.cc(235)] UniversalExceptionRaise: (os/kern) failure (5)


    Retry #2 ───────────────────────────────────────────────────────────────────────────────────────

    TargetClosedError: Target page, context or browser has been closed

]]>
</failure>
</testcase>
<testcase name="Responsive UI/UX Testing Suite › Cross-viewport Consistency › should maintain consistent branding and styling" classname="responsive-ui-ux.spec.ts" time="2.698">
<failure message="responsive-ui-ux.spec.ts:434:9 should maintain consistent branding and styling" type="FAILURE">
<![CDATA[  [tablet-ipad-pro] › responsive-ui-ux.spec.ts:434:9 › Responsive UI/UX Testing Suite › Cross-viewport Consistency › should maintain consistent branding and styling 

    TargetClosedError: Target page, context or browser has been closed


    Retry #1 ───────────────────────────────────────────────────────────────────────────────────────

    TargetClosedError: Target page, context or browser has been closed


    Retry #2 ───────────────────────────────────────────────────────────────────────────────────────

    TargetClosedError: Target page, context or browser has been closed

]]>
</failure>
</testcase>
</testsuite>
<testsuite name="responsive-ui-ux.spec.ts" timestamp="2025-06-11T23:37:50.432Z" hostname="tablet-surface-pro" tests="10" failures="10" skipped="0" time="23.372" errors="0">
<testcase name="Responsive UI/UX Testing Suite › Landing Page Responsive Design › should display properly on all viewport sizes" classname="responsive-ui-ux.spec.ts" time="2.657">
<failure message="responsive-ui-ux.spec.ts:46:9 should display properly on all viewport sizes" type="FAILURE">
<![CDATA[  [tablet-surface-pro] › responsive-ui-ux.spec.ts:46:9 › Responsive UI/UX Testing Suite › Landing Page Responsive Design › should display properly on all viewport sizes 

    Error: browserContext.newPage: Target page, context or browser has been closed
    Browser logs:

    <launching> /Users/thabonyembe/Library/Caches/ms-playwright/chromium-1097/chrome-mac/Chromium.app/Contents/MacOS/Chromium --disable-field-trial-config --disable-background-networking --enable-features=NetworkService,NetworkServiceInProcess --disable-background-timer-throttling --disable-backgrounding-occluded-windows --disable-back-forward-cache --disable-breakpad --disable-client-side-phishing-detection --disable-component-extensions-with-background-pages --disable-component-update --no-default-browser-check --disable-default-apps --disable-dev-shm-usage --disable-extensions --disable-features=ImprovedCookieControls,LazyFrameLoading,GlobalMediaControls,DestroyProfileOnBrowserClose,MediaRouter,DialMediaRouteProvider,AcceptCHFrame,AutoExpandDetailsElement,CertificateTransparencyComponentUpdater,AvoidUnnecessaryBeforeUnloadCheckSync,Translate,HttpsUpgrades,PaintHolding --allow-pre-commit-input --disable-hang-monitor --disable-ipc-flooding-protection --disable-popup-blocking --disable-prompt-on-repost --disable-renderer-backgrounding --force-color-profile=srgb --metrics-recording-only --no-first-run --enable-automation --password-store=basic --use-mock-keychain --no-service-autorun --export-tagged-pdf --disable-search-engine-choice-screen --enable-use-zoom-for-dsf=false --no-sandbox --user-data-dir=/var/folders/g0/h_vmczvs61jf4r7kzhq0ypg40000gn/T/playwright_chromiumdev_profile-O7Nf0y --remote-debugging-pipe --no-startup-window
    <launched> pid=38000
    [pid=38000][err] [38000:259:0612/013913.539948:ERROR:policy_logger.cc(156)] :components/enterprise/browser/controller/chrome_browser_cloud_management_controller.cc(161) Cloud management controller initialization aborted as CBCM is not enabled. Please use the `--enable-chrome-browser-cloud-management` command line flag to enable it if you are not using the official Google Chrome build.
    [pid=38000][err] [0612/013913.998720:WARNING:crash_report_exception_handler.cc(235)] UniversalExceptionRaise: (os/kern) failure (5)
    [pid=38000] <process did exit: exitCode=null, signal=SIGTRAP>
    [pid=38000] starting temporary directories cleanup


    Retry #1 ───────────────────────────────────────────────────────────────────────────────────────

    TargetClosedError: Target page, context or browser has been closed


    Retry #2 ───────────────────────────────────────────────────────────────────────────────────────

    TargetClosedError: Target page, context or browser has been closed

]]>
</failure>
</testcase>
<testcase name="Responsive UI/UX Testing Suite › Landing Page Responsive Design › should handle navigation interactions properly" classname="responsive-ui-ux.spec.ts" time="3.043">
<failure message="responsive-ui-ux.spec.ts:92:9 should handle navigation interactions properly" type="FAILURE">
<![CDATA[  [tablet-surface-pro] › responsive-ui-ux.spec.ts:92:9 › Responsive UI/UX Testing Suite › Landing Page Responsive Design › should handle navigation interactions properly 

    TargetClosedError: Target page, context or browser has been closed


    Retry #1 ───────────────────────────────────────────────────────────────────────────────────────

    TargetClosedError: Target page, context or browser has been closed


    Retry #2 ───────────────────────────────────────────────────────────────────────────────────────

    TargetClosedError: Target page, context or browser has been closed

]]>
</failure>
</testcase>
<testcase name="Responsive UI/UX Testing Suite › Dashboard Responsive Layout › should display dashboard layout correctly" classname="responsive-ui-ux.spec.ts" time="2.249">
<failure message="responsive-ui-ux.spec.ts:133:9 should display dashboard layout correctly" type="FAILURE">
<![CDATA[  [tablet-surface-pro] › responsive-ui-ux.spec.ts:133:9 › Responsive UI/UX Testing Suite › Dashboard Responsive Layout › should display dashboard layout correctly 

    Error: browserContext.newPage: Target page, context or browser has been closed
    Browser logs:

    <launching> /Users/thabonyembe/Library/Caches/ms-playwright/chromium-1097/chrome-mac/Chromium.app/Contents/MacOS/Chromium --disable-field-trial-config --disable-background-networking --enable-features=NetworkService,NetworkServiceInProcess --disable-background-timer-throttling --disable-backgrounding-occluded-windows --disable-back-forward-cache --disable-breakpad --disable-client-side-phishing-detection --disable-component-extensions-with-background-pages --disable-component-update --no-default-browser-check --disable-default-apps --disable-dev-shm-usage --disable-extensions --disable-features=ImprovedCookieControls,LazyFrameLoading,GlobalMediaControls,DestroyProfileOnBrowserClose,MediaRouter,DialMediaRouteProvider,AcceptCHFrame,AutoExpandDetailsElement,CertificateTransparencyComponentUpdater,AvoidUnnecessaryBeforeUnloadCheckSync,Translate,HttpsUpgrades,PaintHolding --allow-pre-commit-input --disable-hang-monitor --disable-ipc-flooding-protection --disable-popup-blocking --disable-prompt-on-repost --disable-renderer-backgrounding --force-color-profile=srgb --metrics-recording-only --no-first-run --enable-automation --password-store=basic --use-mock-keychain --no-service-autorun --export-tagged-pdf --disable-search-engine-choice-screen --enable-use-zoom-for-dsf=false --no-sandbox --user-data-dir=/var/folders/g0/h_vmczvs61jf4r7kzhq0ypg40000gn/T/playwright_chromiumdev_profile-V9AJSs --remote-debugging-pipe --no-startup-window
    <launched> pid=38075
    [pid=38075][err] [38075:259:0612/013916.335461:ERROR:policy_logger.cc(156)] :components/enterprise/browser/controller/chrome_browser_cloud_management_controller.cc(161) Cloud management controller initialization aborted as CBCM is not enabled. Please use the `--enable-chrome-browser-cloud-management` command line flag to enable it if you are not using the official Google Chrome build.
    [pid=38075][err] [0612/013916.849021:WARNING:crash_report_exception_handler.cc(235)] UniversalExceptionRaise: (os/kern) failure (5)
    [pid=38075] <process did exit: exitCode=null, signal=SIGTRAP>
    [pid=38075] starting temporary directories cleanup


    Retry #1 ───────────────────────────────────────────────────────────────────────────────────────

    TargetClosedError: Target page, context or browser has been closed


    Retry #2 ───────────────────────────────────────────────────────────────────────────────────────

    TargetClosedError: Target page, context or browser has been closed

]]>
</failure>
</testcase>
<testcase name="Responsive UI/UX Testing Suite › Dashboard Responsive Layout › should handle dashboard navigation properly" classname="responsive-ui-ux.spec.ts" time="2.764">
<failure message="responsive-ui-ux.spec.ts:192:9 should handle dashboard navigation properly" type="FAILURE">
<![CDATA[  [tablet-surface-pro] › responsive-ui-ux.spec.ts:192:9 › Responsive UI/UX Testing Suite › Dashboard Responsive Layout › should handle dashboard navigation properly 

    TargetClosedError: Target page, context or browser has been closed


    Retry #1 ───────────────────────────────────────────────────────────────────────────────────────

    TargetClosedError: Target page, context or browser has been closed


    Retry #2 ───────────────────────────────────────────────────────────────────────────────────────

    TargetClosedError: Target page, context or browser has been closed

]]>
</failure>
</testcase>
<testcase name="Responsive UI/UX Testing Suite › Component Responsive Behavior › should render forms responsively" classname="responsive-ui-ux.spec.ts" time="2.684">
<failure message="responsive-ui-ux.spec.ts:230:9 should render forms responsively" type="FAILURE">
<![CDATA[  [tablet-surface-pro] › responsive-ui-ux.spec.ts:230:9 › Responsive UI/UX Testing Suite › Component Responsive Behavior › should render forms responsively 

    TargetClosedError: Target page, context or browser has been closed


    Retry #1 ───────────────────────────────────────────────────────────────────────────────────────

    TargetClosedError: Target page, context or browser has been closed


    Retry #2 ───────────────────────────────────────────────────────────────────────────────────────

    TargetClosedError: Target page, context or browser has been closed

]]>
</failure>
</testcase>
<testcase name="Responsive UI/UX Testing Suite › Component Responsive Behavior › should handle modal dialogs responsively" classname="responsive-ui-ux.spec.ts" time="2.259">
<failure message="responsive-ui-ux.spec.ts:274:9 should handle modal dialogs responsively" type="FAILURE">
<![CDATA[  [tablet-surface-pro] › responsive-ui-ux.spec.ts:274:9 › Responsive UI/UX Testing Suite › Component Responsive Behavior › should handle modal dialogs responsively 

    TargetClosedError: Target page, context or browser has been closed


    Retry #1 ───────────────────────────────────────────────────────────────────────────────────────

    TargetClosedError: Target page, context or browser has been closed


    Retry #2 ───────────────────────────────────────────────────────────────────────────────────────

    TargetClosedError: Target page, context or browser has been closed

]]>
</failure>
</testcase>
<testcase name="Responsive UI/UX Testing Suite › Touch and Interaction Testing › should handle touch interactions on mobile devices" classname="responsive-ui-ux.spec.ts" time="2.868">
<failure message="responsive-ui-ux.spec.ts:314:9 should handle touch interactions on mobile devices" type="FAILURE">
<![CDATA[  [tablet-surface-pro] › responsive-ui-ux.spec.ts:314:9 › Responsive UI/UX Testing Suite › Touch and Interaction Testing › should handle touch interactions on mobile devices 

    TargetClosedError: Target page, context or browser has been closed


    Retry #1 ───────────────────────────────────────────────────────────────────────────────────────

    TargetClosedError: Target page, context or browser has been closed


    Retry #2 ───────────────────────────────────────────────────────────────────────────────────────

    TargetClosedError: Target page, context or browser has been closed

]]>
</failure>
</testcase>
<testcase name="Responsive UI/UX Testing Suite › Performance and Accessibility › should meet accessibility standards" classname="responsive-ui-ux.spec.ts" time="1.652">
<failure message="responsive-ui-ux.spec.ts:363:9 should meet accessibility standards" type="FAILURE">
<![CDATA[  [tablet-surface-pro] › responsive-ui-ux.spec.ts:363:9 › Responsive UI/UX Testing Suite › Performance and Accessibility › should meet accessibility standards 

    TargetClosedError: Target page, context or browser has been closed


    Retry #1 ───────────────────────────────────────────────────────────────────────────────────────

    TargetClosedError: Target page, context or browser has been closed


    Retry #2 ───────────────────────────────────────────────────────────────────────────────────────

    Error: browserContext.newPage: Target page, context or browser has been closed
    Browser logs:

    <launching> /Users/thabonyembe/Library/Caches/ms-playwright/chromium-1097/chrome-mac/Chromium.app/Contents/MacOS/Chromium --disable-field-trial-config --disable-background-networking --enable-features=NetworkService,NetworkServiceInProcess --disable-background-timer-throttling --disable-backgrounding-occluded-windows --disable-back-forward-cache --disable-breakpad --disable-client-side-phishing-detection --disable-component-extensions-with-background-pages --disable-component-update --no-default-browser-check --disable-default-apps --disable-dev-shm-usage --disable-extensions --disable-features=ImprovedCookieControls,LazyFrameLoading,GlobalMediaControls,DestroyProfileOnBrowserClose,MediaRouter,DialMediaRouteProvider,AcceptCHFrame,AutoExpandDetailsElement,CertificateTransparencyComponentUpdater,AvoidUnnecessaryBeforeUnloadCheckSync,Translate,HttpsUpgrades,PaintHolding --allow-pre-commit-input --disable-hang-monitor --disable-ipc-flooding-protection --disable-popup-blocking --disable-prompt-on-repost --disable-renderer-backgrounding --force-color-profile=srgb --metrics-recording-only --no-first-run --enable-automation --password-store=basic --use-mock-keychain --no-service-autorun --export-tagged-pdf --disable-search-engine-choice-screen --enable-use-zoom-for-dsf=false --no-sandbox --user-data-dir=/var/folders/g0/h_vmczvs61jf4r7kzhq0ypg40000gn/T/playwright_chromiumdev_profile-d4jgFH --remote-debugging-pipe --no-startup-window
    <launched> pid=38365
    [pid=38365][err] [38365:259:0612/013926.072183:ERROR:policy_logger.cc(156)] :components/enterprise/browser/controller/chrome_browser_cloud_management_controller.cc(161) Cloud management controller initialization aborted as CBCM is not enabled. Please use the `--enable-chrome-browser-cloud-management` command line flag to enable it if you are not using the official Google Chrome build.
    [pid=38365][err] [0612/013926.462933:WARNING:crash_report_exception_handler.cc(235)] UniversalExceptionRaise: (os/kern) failure (5)
    [pid=38365] <process did exit: exitCode=null, signal=SIGTRAP>
    [pid=38365] starting temporary directories cleanup

]]>
</failure>
</testcase>
<testcase name="Responsive UI/UX Testing Suite › Performance and Accessibility › should have reasonable load times" classname="responsive-ui-ux.spec.ts" time="1.257">
<failure message="responsive-ui-ux.spec.ts:398:9 should have reasonable load times" type="FAILURE">
<![CDATA[  [tablet-surface-pro] › responsive-ui-ux.spec.ts:398:9 › Responsive UI/UX Testing Suite › Performance and Accessibility › should have reasonable load times 

    TargetClosedError: Target page, context or browser has been closed


    Retry #1 ───────────────────────────────────────────────────────────────────────────────────────

    Error: browserContext.newPage: Target page, context or browser has been closed
    Browser logs:

    <launching> /Users/thabonyembe/Library/Caches/ms-playwright/chromium-1097/chrome-mac/Chromium.app/Contents/MacOS/Chromium --disable-field-trial-config --disable-background-networking --enable-features=NetworkService,NetworkServiceInProcess --disable-background-timer-throttling --disable-backgrounding-occluded-windows --disable-back-forward-cache --disable-breakpad --disable-client-side-phishing-detection --disable-component-extensions-with-background-pages --disable-component-update --no-default-browser-check --disable-default-apps --disable-dev-shm-usage --disable-extensions --disable-features=ImprovedCookieControls,LazyFrameLoading,GlobalMediaControls,DestroyProfileOnBrowserClose,MediaRouter,DialMediaRouteProvider,AcceptCHFrame,AutoExpandDetailsElement,CertificateTransparencyComponentUpdater,AvoidUnnecessaryBeforeUnloadCheckSync,Translate,HttpsUpgrades,PaintHolding --allow-pre-commit-input --disable-hang-monitor --disable-ipc-flooding-protection --disable-popup-blocking --disable-prompt-on-repost --disable-renderer-backgrounding --force-color-profile=srgb --metrics-recording-only --no-first-run --enable-automation --password-store=basic --use-mock-keychain --no-service-autorun --export-tagged-pdf --disable-search-engine-choice-screen --enable-use-zoom-for-dsf=false --no-sandbox --user-data-dir=/var/folders/g0/h_vmczvs61jf4r7kzhq0ypg40000gn/T/playwright_chromiumdev_profile-yTY5XT --remote-debugging-pipe --no-startup-window
    <launched> pid=38354
    [pid=38354][err] [38354:259:0612/013925.984063:ERROR:policy_logger.cc(156)] :components/enterprise/browser/controller/chrome_browser_cloud_management_controller.cc(161) Cloud management controller initialization aborted as CBCM is not enabled. Please use the `--enable-chrome-browser-cloud-management` command line flag to enable it if you are not using the official Google Chrome build.
    [pid=38354][err] Received signal 11 SEGV_ACCERR 000100000008
    [pid=38354][err]  [0x00011ae3a4c4]
    [pid=38354][err]  [0x00011ae2ecc4]
    [pid=38354][err]  [0x00011ae3a414]
    [pid=38354][err]  [0x0001912c0624]
    [pid=38354][err]  [0x0001a2d7a064]
    [pid=38354][err]  [0x0001a2c1cfa8]
    [pid=38354][err]  [0x0001a2da37b4]
    [pid=38354][err]  [0x0001a2da468c]
    [pid=38354][err]  [0x000192f47670]
    [pid=38354][err]  [0x000192f484a8]
    [pid=38354][err]  [0x000193004828]
    [pid=38354][err]  [0x000192b58ecc]
    [pid=38354][err]  [0x00019133f2d4]
    [pid=38354][err]  [0x000191839310]
    [pid=38354][err]  [0x000191838d08]
    [pid=38354][err]  [0x0001918365c0]
    [pid=38354][err]  [0x0001980d5e88]
    [pid=38354][err]  [0x0001980d46e8]
    [pid=38354][err]  [0x00019604c49c]
    [pid=38354][err]  [0x00019604d118]
    [pid=38354][err]  [0x00019604c178]
    [pid=38354][err]  [0x00019604f644]
    [pid=38354][err]  [0x000195264f00]
    [pid=38354][err]  [0x000195262d90]
    [pid=38354][err]  [0x0001952628c4]
    [pid=38354][err]  [0x00011ae43568]
    [pid=38354][err]  [0x00011ada480c]
    [pid=38354][err]  [0x00011ae002b4]
    [pid=38354][err]  [0x000119e6c9c8]
    [pid=38354][err]  [0x00011a280eb4]
    [pid=38354][err]  [0x00011a281c1c]
    [pid=38354][err]  [0x00011a28024c]
    [pid=38354][err]  [0x00011a280640]
    [pid=38354][err]  [0x000116d00df0]
    [pid=38354][err]  [0x00010440caac]
    [pid=38354][err]  [0x000190ee6b98]
    [pid=38354][err] [end of stack trace]
    [pid=38354][err] [0612/013926.452274:WARNING:crash_report_exception_handler.cc(235)] UniversalExceptionRaise: (os/kern) failure (5)


    Retry #2 ───────────────────────────────────────────────────────────────────────────────────────

    Error: browserContext.newPage: Target page, context or browser has been closed
    Browser logs:

    <launching> /Users/thabonyembe/Library/Caches/ms-playwright/chromium-1097/chrome-mac/Chromium.app/Contents/MacOS/Chromium --disable-field-trial-config --disable-background-networking --enable-features=NetworkService,NetworkServiceInProcess --disable-background-timer-throttling --disable-backgrounding-occluded-windows --disable-back-forward-cache --disable-breakpad --disable-client-side-phishing-detection --disable-component-extensions-with-background-pages --disable-component-update --no-default-browser-check --disable-default-apps --disable-dev-shm-usage --disable-extensions --disable-features=ImprovedCookieControls,LazyFrameLoading,GlobalMediaControls,DestroyProfileOnBrowserClose,MediaRouter,DialMediaRouteProvider,AcceptCHFrame,AutoExpandDetailsElement,CertificateTransparencyComponentUpdater,AvoidUnnecessaryBeforeUnloadCheckSync,Translate,HttpsUpgrades,PaintHolding --allow-pre-commit-input --disable-hang-monitor --disable-ipc-flooding-protection --disable-popup-blocking --disable-prompt-on-repost --disable-renderer-backgrounding --force-color-profile=srgb --metrics-recording-only --no-first-run --enable-automation --password-store=basic --use-mock-keychain --no-service-autorun --export-tagged-pdf --disable-search-engine-choice-screen --enable-use-zoom-for-dsf=false --no-sandbox --user-data-dir=/var/folders/g0/h_vmczvs61jf4r7kzhq0ypg40000gn/T/playwright_chromiumdev_profile-isM6u1 --remote-debugging-pipe --no-startup-window
    <launched> pid=38386
    [pid=38386][err] [38386:259:0612/013926.976384:ERROR:policy_logger.cc(156)] :components/enterprise/browser/controller/chrome_browser_cloud_management_controller.cc(161) Cloud management controller initialization aborted as CBCM is not enabled. Please use the `--enable-chrome-browser-cloud-management` command line flag to enable it if you are not using the official Google Chrome build.
    [pid=38386][err] [0612/013927.362592:WARNING:crash_report_exception_handler.cc(235)] UniversalExceptionRaise: (os/kern) failure (5)
    [pid=38386] <process did exit: exitCode=null, signal=SIGTRAP>
    [pid=38386] starting temporary directories cleanup

]]>
</failure>
</testcase>
<testcase name="Responsive UI/UX Testing Suite › Cross-viewport Consistency › should maintain consistent branding and styling" classname="responsive-ui-ux.spec.ts" time="1.939">
<failure message="responsive-ui-ux.spec.ts:434:9 should maintain consistent branding and styling" type="FAILURE">
<![CDATA[  [tablet-surface-pro] › responsive-ui-ux.spec.ts:434:9 › Responsive UI/UX Testing Suite › Cross-viewport Consistency › should maintain consistent branding and styling 

    Error: browserContext.newPage: Target page, context or browser has been closed
    Browser logs:

    <launching> /Users/thabonyembe/Library/Caches/ms-playwright/chromium-1097/chrome-mac/Chromium.app/Contents/MacOS/Chromium --disable-field-trial-config --disable-background-networking --enable-features=NetworkService,NetworkServiceInProcess --disable-background-timer-throttling --disable-backgrounding-occluded-windows --disable-back-forward-cache --disable-breakpad --disable-client-side-phishing-detection --disable-component-extensions-with-background-pages --disable-component-update --no-default-browser-check --disable-default-apps --disable-dev-shm-usage --disable-extensions --disable-features=ImprovedCookieControls,LazyFrameLoading,GlobalMediaControls,DestroyProfileOnBrowserClose,MediaRouter,DialMediaRouteProvider,AcceptCHFrame,AutoExpandDetailsElement,CertificateTransparencyComponentUpdater,AvoidUnnecessaryBeforeUnloadCheckSync,Translate,HttpsUpgrades,PaintHolding --allow-pre-commit-input --disable-hang-monitor --disable-ipc-flooding-protection --disable-popup-blocking --disable-prompt-on-repost --disable-renderer-backgrounding --force-color-profile=srgb --metrics-recording-only --no-first-run --enable-automation --password-store=basic --use-mock-keychain --no-service-autorun --export-tagged-pdf --disable-search-engine-choice-screen --enable-use-zoom-for-dsf=false --no-sandbox --user-data-dir=/var/folders/g0/h_vmczvs61jf4r7kzhq0ypg40000gn/T/playwright_chromiumdev_profile-n4g0Yc --remote-debugging-pipe --no-startup-window
    <launched> pid=38385
    [pid=38385][err] [38385:259:0612/013926.978725:ERROR:policy_logger.cc(156)] :components/enterprise/browser/controller/chrome_browser_cloud_management_controller.cc(161) Cloud management controller initialization aborted as CBCM is not enabled. Please use the `--enable-chrome-browser-cloud-management` command line flag to enable it if you are not using the official Google Chrome build.
    [pid=38385][err] [0612/013927.364758:WARNING:crash_report_exception_handler.cc(235)] UniversalExceptionRaise: (os/kern) failure (5)
    [pid=38385] <process did exit: exitCode=null, signal=SIGTRAP>
    [pid=38385] starting temporary directories cleanup


    Retry #1 ───────────────────────────────────────────────────────────────────────────────────────

    TargetClosedError: Target page, context or browser has been closed


    Retry #2 ───────────────────────────────────────────────────────────────────────────────────────

    TargetClosedError: Target page, context or browser has been closed

]]>
</failure>
</testcase>
</testsuite>
<testsuite name="responsive-ui-ux.spec.ts" timestamp="2025-06-11T23:37:50.432Z" hostname="tablet-ipad" tests="10" failures="10" skipped="0" time="21.51" errors="0">
<testcase name="Responsive UI/UX Testing Suite › Landing Page Responsive Design › should display properly on all viewport sizes" classname="responsive-ui-ux.spec.ts" time="2.371">
<failure message="responsive-ui-ux.spec.ts:46:9 should display properly on all viewport sizes" type="FAILURE">
<![CDATA[  [tablet-ipad] › responsive-ui-ux.spec.ts:46:9 › Responsive UI/UX Testing Suite › Landing Page Responsive Design › should display properly on all viewport sizes 

    TargetClosedError: Target page, context or browser has been closed


    Retry #1 ───────────────────────────────────────────────────────────────────────────────────────

    TargetClosedError: Target page, context or browser has been closed


    Retry #2 ───────────────────────────────────────────────────────────────────────────────────────

    TargetClosedError: Target page, context or browser has been closed

]]>
</failure>
</testcase>
<testcase name="Responsive UI/UX Testing Suite › Landing Page Responsive Design › should handle navigation interactions properly" classname="responsive-ui-ux.spec.ts" time="1.938">
<failure message="responsive-ui-ux.spec.ts:92:9 should handle navigation interactions properly" type="FAILURE">
<![CDATA[  [tablet-ipad] › responsive-ui-ux.spec.ts:92:9 › Responsive UI/UX Testing Suite › Landing Page Responsive Design › should handle navigation interactions properly 

    Error: browserContext.newPage: Target page, context or browser has been closed
    Browser logs:

    <launching> /Users/thabonyembe/Library/Caches/ms-playwright/chromium-1097/chrome-mac/Chromium.app/Contents/MacOS/Chromium --disable-field-trial-config --disable-background-networking --enable-features=NetworkService,NetworkServiceInProcess --disable-background-timer-throttling --disable-backgrounding-occluded-windows --disable-back-forward-cache --disable-breakpad --disable-client-side-phishing-detection --disable-component-extensions-with-background-pages --disable-component-update --no-default-browser-check --disable-default-apps --disable-dev-shm-usage --disable-extensions --disable-features=ImprovedCookieControls,LazyFrameLoading,GlobalMediaControls,DestroyProfileOnBrowserClose,MediaRouter,DialMediaRouteProvider,AcceptCHFrame,AutoExpandDetailsElement,CertificateTransparencyComponentUpdater,AvoidUnnecessaryBeforeUnloadCheckSync,Translate,HttpsUpgrades,PaintHolding --allow-pre-commit-input --disable-hang-monitor --disable-ipc-flooding-protection --disable-popup-blocking --disable-prompt-on-repost --disable-renderer-backgrounding --force-color-profile=srgb --metrics-recording-only --no-first-run --enable-automation --password-store=basic --use-mock-keychain --no-service-autorun --export-tagged-pdf --disable-search-engine-choice-screen --enable-use-zoom-for-dsf=false --no-sandbox --user-data-dir=/var/folders/g0/h_vmczvs61jf4r7kzhq0ypg40000gn/T/playwright_chromiumdev_profile-XXKVyz --remote-debugging-pipe --no-startup-window
    <launched> pid=38420
    [pid=38420][err] [38420:259:0612/013927.813161:ERROR:policy_logger.cc(156)] :components/enterprise/browser/controller/chrome_browser_cloud_management_controller.cc(161) Cloud management controller initialization aborted as CBCM is not enabled. Please use the `--enable-chrome-browser-cloud-management` command line flag to enable it if you are not using the official Google Chrome build.
    [pid=38420][err] [0612/013928.230713:WARNING:crash_report_exception_handler.cc(235)] UniversalExceptionRaise: (os/kern) failure (5)


    Retry #1 ───────────────────────────────────────────────────────────────────────────────────────

    TargetClosedError: Target page, context or browser has been closed


    Retry #2 ───────────────────────────────────────────────────────────────────────────────────────

    TargetClosedError: Target page, context or browser has been closed

]]>
</failure>
</testcase>
<testcase name="Responsive UI/UX Testing Suite › Dashboard Responsive Layout › should display dashboard layout correctly" classname="responsive-ui-ux.spec.ts" time="2.307">
<failure message="responsive-ui-ux.spec.ts:133:9 should display dashboard layout correctly" type="FAILURE">
<![CDATA[  [tablet-ipad] › responsive-ui-ux.spec.ts:133:9 › Responsive UI/UX Testing Suite › Dashboard Responsive Layout › should display dashboard layout correctly 

    TargetClosedError: Target page, context or browser has been closed


    Retry #1 ───────────────────────────────────────────────────────────────────────────────────────

    TargetClosedError: Target page, context or browser has been closed


    Retry #2 ───────────────────────────────────────────────────────────────────────────────────────

    TargetClosedError: Target page, context or browser has been closed

]]>
</failure>
</testcase>
<testcase name="Responsive UI/UX Testing Suite › Dashboard Responsive Layout › should handle dashboard navigation properly" classname="responsive-ui-ux.spec.ts" time="2.564">
<failure message="responsive-ui-ux.spec.ts:192:9 should handle dashboard navigation properly" type="FAILURE">
<![CDATA[  [tablet-ipad] › responsive-ui-ux.spec.ts:192:9 › Responsive UI/UX Testing Suite › Dashboard Responsive Layout › should handle dashboard navigation properly 

    TargetClosedError: Target page, context or browser has been closed


    Retry #1 ───────────────────────────────────────────────────────────────────────────────────────

    TargetClosedError: Target page, context or browser has been closed


    Retry #2 ───────────────────────────────────────────────────────────────────────────────────────

    TargetClosedError: Target page, context or browser has been closed

]]>
</failure>
</testcase>
<testcase name="Responsive UI/UX Testing Suite › Component Responsive Behavior › should render forms responsively" classname="responsive-ui-ux.spec.ts" time="2.213">
<failure message="responsive-ui-ux.spec.ts:230:9 should render forms responsively" type="FAILURE">
<![CDATA[  [tablet-ipad] › responsive-ui-ux.spec.ts:230:9 › Responsive UI/UX Testing Suite › Component Responsive Behavior › should render forms responsively 

    TargetClosedError: Target page, context or browser has been closed


    Retry #1 ───────────────────────────────────────────────────────────────────────────────────────

    TargetClosedError: Target page, context or browser has been closed


    Retry #2 ───────────────────────────────────────────────────────────────────────────────────────

    TargetClosedError: Target page, context or browser has been closed

]]>
</failure>
</testcase>
<testcase name="Responsive UI/UX Testing Suite › Component Responsive Behavior › should handle modal dialogs responsively" classname="responsive-ui-ux.spec.ts" time="2.322">
<failure message="responsive-ui-ux.spec.ts:274:9 should handle modal dialogs responsively" type="FAILURE">
<![CDATA[  [tablet-ipad] › responsive-ui-ux.spec.ts:274:9 › Responsive UI/UX Testing Suite › Component Responsive Behavior › should handle modal dialogs responsively 

    TargetClosedError: Target page, context or browser has been closed


    Retry #1 ───────────────────────────────────────────────────────────────────────────────────────

    TargetClosedError: Target page, context or browser has been closed


    Retry #2 ───────────────────────────────────────────────────────────────────────────────────────

    TargetClosedError: Target page, context or browser has been closed

]]>
</failure>
</testcase>
<testcase name="Responsive UI/UX Testing Suite › Touch and Interaction Testing › should handle touch interactions on mobile devices" classname="responsive-ui-ux.spec.ts" time="2.24">
<failure message="responsive-ui-ux.spec.ts:314:9 should handle touch interactions on mobile devices" type="FAILURE">
<![CDATA[  [tablet-ipad] › responsive-ui-ux.spec.ts:314:9 › Responsive UI/UX Testing Suite › Touch and Interaction Testing › should handle touch interactions on mobile devices 

    TargetClosedError: Target page, context or browser has been closed


    Retry #1 ───────────────────────────────────────────────────────────────────────────────────────

    TargetClosedError: Target page, context or browser has been closed


    Retry #2 ───────────────────────────────────────────────────────────────────────────────────────

    TargetClosedError: Target page, context or browser has been closed

]]>
</failure>
</testcase>
<testcase name="Responsive UI/UX Testing Suite › Performance and Accessibility › should meet accessibility standards" classname="responsive-ui-ux.spec.ts" time="1.491">
<failure message="responsive-ui-ux.spec.ts:363:9 should meet accessibility standards" type="FAILURE">
<![CDATA[  [tablet-ipad] › responsive-ui-ux.spec.ts:363:9 › Responsive UI/UX Testing Suite › Performance and Accessibility › should meet accessibility standards 

    Error: browserContext.newPage: Target page, context or browser has been closed
    Browser logs:

    <launching> /Users/thabonyembe/Library/Caches/ms-playwright/chromium-1097/chrome-mac/Chromium.app/Contents/MacOS/Chromium --disable-field-trial-config --disable-background-networking --enable-features=NetworkService,NetworkServiceInProcess --disable-background-timer-throttling --disable-backgrounding-occluded-windows --disable-back-forward-cache --disable-breakpad --disable-client-side-phishing-detection --disable-component-extensions-with-background-pages --disable-component-update --no-default-browser-check --disable-default-apps --disable-dev-shm-usage --disable-extensions --disable-features=ImprovedCookieControls,LazyFrameLoading,GlobalMediaControls,DestroyProfileOnBrowserClose,MediaRouter,DialMediaRouteProvider,AcceptCHFrame,AutoExpandDetailsElement,CertificateTransparencyComponentUpdater,AvoidUnnecessaryBeforeUnloadCheckSync,Translate,HttpsUpgrades,PaintHolding --allow-pre-commit-input --disable-hang-monitor --disable-ipc-flooding-protection --disable-popup-blocking --disable-prompt-on-repost --disable-renderer-backgrounding --force-color-profile=srgb --metrics-recording-only --no-first-run --enable-automation --password-store=basic --use-mock-keychain --no-service-autorun --export-tagged-pdf --disable-search-engine-choice-screen --enable-use-zoom-for-dsf=false --no-sandbox --user-data-dir=/var/folders/g0/h_vmczvs61jf4r7kzhq0ypg40000gn/T/playwright_chromiumdev_profile-CeCp0N --remote-debugging-pipe --no-startup-window
    <launched> pid=38656
    [pid=38656][err] [38656:259:0612/013935.348019:ERROR:policy_logger.cc(156)] :components/enterprise/browser/controller/chrome_browser_cloud_management_controller.cc(161) Cloud management controller initialization aborted as CBCM is not enabled. Please use the `--enable-chrome-browser-cloud-management` command line flag to enable it if you are not using the official Google Chrome build.
    [pid=38656][err] Received signal 11 SEGV_ACCERR 000100000008
    [pid=38656][err]  [0x00011b7ce4c4]
    [pid=38656][err]  [0x00011b7c2cc4]
    [pid=38656][err]  [0x00011b7ce414]
    [pid=38656][err]  [0x0001912c0624]
    [pid=38656][err]  [0x0001a2d7a064]
    [pid=38656][err]  [0x0001a2c1cfa8]
    [pid=38656][err]  [0x0001a2da37b4]
    [pid=38656][err]  [0x0001a2da468c]
    [pid=38656][err]  [0x000192f47670]
    [pid=38656][err]  [0x000192f484a8]
    [pid=38656][err]  [0x000193004828]
    [pid=38656][err]  [0x000192b58ecc]
    [pid=38656][err]  [0x00019133f2d4]
    [pid=38656][err]  [0x000191839310]
    [pid=38656][err]  [0x000191838d08]
    [pid=38656][err]  [0x0001918365c0]
    [pid=38656][err]  [0x0001980d5e88]
    [pid=38656][err]  [0x0001980d46e8]
    [pid=38656][err]  [0x00019604c49c]
    [pid=38656][err]  [0x00019604d118]
    [pid=38656][err]  [0x00019604c178]
    [pid=38656][err]  [0x00019604f644]
    [pid=38656][err]  [0x000195264f00]
    [pid=38656][err]  [0x000195262d90]
    [pid=38656][err]  [0x0001952628c4]
    [pid=38656][err]  [0x00011b7d7568]
    [pid=38656][err]  [0x00011b73880c]
    [pid=38656][err]  [0x00011b7942b4]
    [pid=38656][err]  [0x00011a8009c8]
    [pid=38656][err]  [0x00011ac14eb4]
    [pid=38656][err]  [0x00011ac15c1c]
    [pid=38656][err]  [0x00011ac1424c]
    [pid=38656][err]  [0x00011ac14640]
    [pid=38656][err]  [0x000117694df0]
    [pid=38656][err]  [0x000104fc8aac]
    [pid=38656][err]  [0x000190ee6b98]
    [pid=38656][err] [end of stack trace]
    [pid=38656][err] [0612/013935.788357:WARNING:crash_report_exception_handler.cc(235)] UniversalExceptionRaise: (os/kern) failure (5)


    Retry #1 ───────────────────────────────────────────────────────────────────────────────────────

    Error: browserContext.newPage: Target page, context or browser has been closed
    Browser logs:

    <launching> /Users/thabonyembe/Library/Caches/ms-playwright/chromium-1097/chrome-mac/Chromium.app/Contents/MacOS/Chromium --disable-field-trial-config --disable-background-networking --enable-features=NetworkService,NetworkServiceInProcess --disable-background-timer-throttling --disable-backgrounding-occluded-windows --disable-back-forward-cache --disable-breakpad --disable-client-side-phishing-detection --disable-component-extensions-with-background-pages --disable-component-update --no-default-browser-check --disable-default-apps --disable-dev-shm-usage --disable-extensions --disable-features=ImprovedCookieControls,LazyFrameLoading,GlobalMediaControls,DestroyProfileOnBrowserClose,MediaRouter,DialMediaRouteProvider,AcceptCHFrame,AutoExpandDetailsElement,CertificateTransparencyComponentUpdater,AvoidUnnecessaryBeforeUnloadCheckSync,Translate,HttpsUpgrades,PaintHolding --allow-pre-commit-input --disable-hang-monitor --disable-ipc-flooding-protection --disable-popup-blocking --disable-prompt-on-repost --disable-renderer-backgrounding --force-color-profile=srgb --metrics-recording-only --no-first-run --enable-automation --password-store=basic --use-mock-keychain --no-service-autorun --export-tagged-pdf --disable-search-engine-choice-screen --enable-use-zoom-for-dsf=false --no-sandbox --user-data-dir=/var/folders/g0/h_vmczvs61jf4r7kzhq0ypg40000gn/T/playwright_chromiumdev_profile-QBeCZf --remote-debugging-pipe --no-startup-window
    <launched> pid=38684
    [pid=38684][err] [38684:259:0612/013936.259008:ERROR:policy_logger.cc(156)] :components/enterprise/browser/controller/chrome_browser_cloud_management_controller.cc(161) Cloud management controller initialization aborted as CBCM is not enabled. Please use the `--enable-chrome-browser-cloud-management` command line flag to enable it if you are not using the official Google Chrome build.
    [pid=38684][err] Received signal 11 SEGV_ACCERR 000100000008
    [pid=38684][err]  [0x0001188fe4c4]
    [pid=38684][err]  [0x0001188f2cc4]
    [pid=38684][err]  [0x0001188fe414]
    [pid=38684][err]  [0x0001912c0624]
    [pid=38684][err]  [0x0001a2d7a064]
    [pid=38684][err]  [0x0001a2c1cfa8]
    [pid=38684][err]  [0x0001a2da37b4]
    [pid=38684][err]  [0x0001a2da468c]
    [pid=38684][err]  [0x000192f47670]
    [pid=38684][err]  [0x000192f484a8]
    [pid=38684][err]  [0x000193004828]
    [pid=38684][err]  [0x000192b58ecc]
    [pid=38684][err]  [0x00019133f2d4]
    [pid=38684][err]  [0x000191839310]
    [pid=38684][err]  [0x000191838d08]
    [pid=38684][err]  [0x0001918365c0]
    [pid=38684][err]  [0x0001980d5e88]
    [pid=38684][err]  [0x0001980d46e8]
    [pid=38684][err]  [0x00019604c49c]
    [pid=38684][err]  [0x00019604d118]
    [pid=38684][err]  [0x00019604c178]
    [pid=38684][err]  [0x00019604f644]
    [pid=38684][err]  [0x000195264f00]
    [pid=38684][err]  [0x000195262d90]
    [pid=38684][err]  [0x0001952628c4]
    [pid=38684][err]  [0x000118907568]
    [pid=38684][err]  [0x00011886880c]
    [pid=38684][err]  [0x0001188c42b4]
    [pid=38684][err]  [0x0001179309c8]
    [pid=38684][err]  [0x000117d44eb4]
    [pid=38684][err]  [0x000117d45c1c]
    [pid=38684][err]  [0x000117d4424c]
    [pid=38684][err]  [0x000117d44640]
    [pid=38684][err]  [0x0001147c4df0]
    [pid=38684][err]  [0x000102034aac]
    [pid=38684][err]  [0x000190ee6b98]
    [pid=38684][err] [end of stack trace]
    [pid=38684][err] [0612/013936.649062:WARNING:crash_report_exception_handler.cc(235)] UniversalExceptionRaise: (os/kern) failure (5)


    Retry #2 ───────────────────────────────────────────────────────────────────────────────────────

    TargetClosedError: Target page, context or browser has been closed

]]>
</failure>
</testcase>
<testcase name="Responsive UI/UX Testing Suite › Performance and Accessibility › should have reasonable load times" classname="responsive-ui-ux.spec.ts" time="1.933">
<failure message="responsive-ui-ux.spec.ts:398:9 should have reasonable load times" type="FAILURE">
<![CDATA[  [tablet-ipad] › responsive-ui-ux.spec.ts:398:9 › Responsive UI/UX Testing Suite › Performance and Accessibility › should have reasonable load times 

    TargetClosedError: Target page, context or browser has been closed


    Retry #1 ───────────────────────────────────────────────────────────────────────────────────────

    Error: browserContext.newPage: Target page, context or browser has been closed
    Browser logs:

    <launching> /Users/thabonyembe/Library/Caches/ms-playwright/chromium-1097/chrome-mac/Chromium.app/Contents/MacOS/Chromium --disable-field-trial-config --disable-background-networking --enable-features=NetworkService,NetworkServiceInProcess --disable-background-timer-throttling --disable-backgrounding-occluded-windows --disable-back-forward-cache --disable-breakpad --disable-client-side-phishing-detection --disable-component-extensions-with-background-pages --disable-component-update --no-default-browser-check --disable-default-apps --disable-dev-shm-usage --disable-extensions --disable-features=ImprovedCookieControls,LazyFrameLoading,GlobalMediaControls,DestroyProfileOnBrowserClose,MediaRouter,DialMediaRouteProvider,AcceptCHFrame,AutoExpandDetailsElement,CertificateTransparencyComponentUpdater,AvoidUnnecessaryBeforeUnloadCheckSync,Translate,HttpsUpgrades,PaintHolding --allow-pre-commit-input --disable-hang-monitor --disable-ipc-flooding-protection --disable-popup-blocking --disable-prompt-on-repost --disable-renderer-backgrounding --force-color-profile=srgb --metrics-recording-only --no-first-run --enable-automation --password-store=basic --use-mock-keychain --no-service-autorun --export-tagged-pdf --disable-search-engine-choice-screen --enable-use-zoom-for-dsf=false --no-sandbox --user-data-dir=/var/folders/g0/h_vmczvs61jf4r7kzhq0ypg40000gn/T/playwright_chromiumdev_profile-Xklgpl --remote-debugging-pipe --no-startup-window
    <launched> pid=38785
    [pid=38785][err] [38785:259:0612/013939.378753:ERROR:policy_logger.cc(156)] :components/enterprise/browser/controller/chrome_browser_cloud_management_controller.cc(161) Cloud management controller initialization aborted as CBCM is not enabled. Please use the `--enable-chrome-browser-cloud-management` command line flag to enable it if you are not using the official Google Chrome build.
    [pid=38785][err] [0612/013939.824515:WARNING:crash_report_exception_handler.cc(235)] UniversalExceptionRaise: (os/kern) failure (5)


    Retry #2 ───────────────────────────────────────────────────────────────────────────────────────

    TargetClosedError: Target page, context or browser has been closed

]]>
</failure>
</testcase>
<testcase name="Responsive UI/UX Testing Suite › Cross-viewport Consistency › should maintain consistent branding and styling" classname="responsive-ui-ux.spec.ts" time="2.131">
<failure message="responsive-ui-ux.spec.ts:434:9 should maintain consistent branding and styling" type="FAILURE">
<![CDATA[  [tablet-ipad] › responsive-ui-ux.spec.ts:434:9 › Responsive UI/UX Testing Suite › Cross-viewport Consistency › should maintain consistent branding and styling 

    TargetClosedError: Target page, context or browser has been closed


    Retry #1 ───────────────────────────────────────────────────────────────────────────────────────

    TargetClosedError: Target page, context or browser has been closed


    Retry #2 ───────────────────────────────────────────────────────────────────────────────────────

    TargetClosedError: Target page, context or browser has been closed

]]>
</failure>
</testcase>
</testsuite>
<testsuite name="responsive-ui-ux.spec.ts" timestamp="2025-06-11T23:37:50.432Z" hostname="tablet-android" tests="10" failures="10" skipped="0" time="22.264" errors="0">
<testcase name="Responsive UI/UX Testing Suite › Landing Page Responsive Design › should display properly on all viewport sizes" classname="responsive-ui-ux.spec.ts" time="2.436">
<failure message="responsive-ui-ux.spec.ts:46:9 should display properly on all viewport sizes" type="FAILURE">
<![CDATA[  [tablet-android] › responsive-ui-ux.spec.ts:46:9 › Responsive UI/UX Testing Suite › Landing Page Responsive Design › should display properly on all viewport sizes 

    TargetClosedError: Target page, context or browser has been closed


    Retry #1 ───────────────────────────────────────────────────────────────────────────────────────

    TargetClosedError: Target page, context or browser has been closed


    Retry #2 ───────────────────────────────────────────────────────────────────────────────────────

    TargetClosedError: Target page, context or browser has been closed

]]>
</failure>
</testcase>
<testcase name="Responsive UI/UX Testing Suite › Landing Page Responsive Design › should handle navigation interactions properly" classname="responsive-ui-ux.spec.ts" time="2.112">
<failure message="responsive-ui-ux.spec.ts:92:9 should handle navigation interactions properly" type="FAILURE">
<![CDATA[  [tablet-android] › responsive-ui-ux.spec.ts:92:9 › Responsive UI/UX Testing Suite › Landing Page Responsive Design › should handle navigation interactions properly 

    TargetClosedError: Target page, context or browser has been closed


    Retry #1 ───────────────────────────────────────────────────────────────────────────────────────

    TargetClosedError: Target page, context or browser has been closed


    Retry #2 ───────────────────────────────────────────────────────────────────────────────────────

    TargetClosedError: Target page, context or browser has been closed

]]>
</failure>
</testcase>
<testcase name="Responsive UI/UX Testing Suite › Dashboard Responsive Layout › should display dashboard layout correctly" classname="responsive-ui-ux.spec.ts" time="2.28">
<failure message="responsive-ui-ux.spec.ts:133:9 should display dashboard layout correctly" type="FAILURE">
<![CDATA[  [tablet-android] › responsive-ui-ux.spec.ts:133:9 › Responsive UI/UX Testing Suite › Dashboard Responsive Layout › should display dashboard layout correctly 

    TargetClosedError: Target page, context or browser has been closed


    Retry #1 ───────────────────────────────────────────────────────────────────────────────────────

    TargetClosedError: Target page, context or browser has been closed


    Retry #2 ───────────────────────────────────────────────────────────────────────────────────────

    TargetClosedError: Target page, context or browser has been closed

]]>
</failure>
</testcase>
<testcase name="Responsive UI/UX Testing Suite › Dashboard Responsive Layout › should handle dashboard navigation properly" classname="responsive-ui-ux.spec.ts" time="2.397">
<failure message="responsive-ui-ux.spec.ts:192:9 should handle dashboard navigation properly" type="FAILURE">
<![CDATA[  [tablet-android] › responsive-ui-ux.spec.ts:192:9 › Responsive UI/UX Testing Suite › Dashboard Responsive Layout › should handle dashboard navigation properly 

    TargetClosedError: Target page, context or browser has been closed


    Retry #1 ───────────────────────────────────────────────────────────────────────────────────────

    TargetClosedError: Target page, context or browser has been closed


    Retry #2 ───────────────────────────────────────────────────────────────────────────────────────

    TargetClosedError: Target page, context or browser has been closed

]]>
</failure>
</testcase>
<testcase name="Responsive UI/UX Testing Suite › Component Responsive Behavior › should render forms responsively" classname="responsive-ui-ux.spec.ts" time="2.199">
<failure message="responsive-ui-ux.spec.ts:230:9 should render forms responsively" type="FAILURE">
<![CDATA[  [tablet-android] › responsive-ui-ux.spec.ts:230:9 › Responsive UI/UX Testing Suite › Component Responsive Behavior › should render forms responsively 

    TargetClosedError: Target page, context or browser has been closed


    Retry #1 ───────────────────────────────────────────────────────────────────────────────────────

    TargetClosedError: Target page, context or browser has been closed


    Retry #2 ───────────────────────────────────────────────────────────────────────────────────────

    TargetClosedError: Target page, context or browser has been closed

]]>
</failure>
</testcase>
<testcase name="Responsive UI/UX Testing Suite › Component Responsive Behavior › should handle modal dialogs responsively" classname="responsive-ui-ux.spec.ts" time="2.641">
<failure message="responsive-ui-ux.spec.ts:274:9 should handle modal dialogs responsively" type="FAILURE">
<![CDATA[  [tablet-android] › responsive-ui-ux.spec.ts:274:9 › Responsive UI/UX Testing Suite › Component Responsive Behavior › should handle modal dialogs responsively 

    TargetClosedError: Target page, context or browser has been closed


    Retry #1 ───────────────────────────────────────────────────────────────────────────────────────

    TargetClosedError: Target page, context or browser has been closed


    Retry #2 ───────────────────────────────────────────────────────────────────────────────────────

    TargetClosedError: Target page, context or browser has been closed

]]>
</failure>
</testcase>
<testcase name="Responsive UI/UX Testing Suite › Touch and Interaction Testing › should handle touch interactions on mobile devices" classname="responsive-ui-ux.spec.ts" time="2.036">
<failure message="responsive-ui-ux.spec.ts:314:9 should handle touch interactions on mobile devices" type="FAILURE">
<![CDATA[  [tablet-android] › responsive-ui-ux.spec.ts:314:9 › Responsive UI/UX Testing Suite › Touch and Interaction Testing › should handle touch interactions on mobile devices 

    TargetClosedError: Target page, context or browser has been closed


    Retry #1 ───────────────────────────────────────────────────────────────────────────────────────

    TargetClosedError: Target page, context or browser has been closed


    Retry #2 ───────────────────────────────────────────────────────────────────────────────────────

    TargetClosedError: Target page, context or browser has been closed

]]>
</failure>
</testcase>
<testcase name="Responsive UI/UX Testing Suite › Performance and Accessibility › should meet accessibility standards" classname="responsive-ui-ux.spec.ts" time="1.745">
<failure message="responsive-ui-ux.spec.ts:363:9 should meet accessibility standards" type="FAILURE">
<![CDATA[  [tablet-android] › responsive-ui-ux.spec.ts:363:9 › Responsive UI/UX Testing Suite › Performance and Accessibility › should meet accessibility standards 

    TargetClosedError: Target page, context or browser has been closed


    Retry #1 ───────────────────────────────────────────────────────────────────────────────────────

    TargetClosedError: Target page, context or browser has been closed


    Retry #2 ───────────────────────────────────────────────────────────────────────────────────────

    TargetClosedError: Target page, context or browser has been closed

]]>
</failure>
</testcase>
<testcase name="Responsive UI/UX Testing Suite › Performance and Accessibility › should have reasonable load times" classname="responsive-ui-ux.spec.ts" time="2.408">
<failure message="responsive-ui-ux.spec.ts:398:9 should have reasonable load times" type="FAILURE">
<![CDATA[  [tablet-android] › responsive-ui-ux.spec.ts:398:9 › Responsive UI/UX Testing Suite › Performance and Accessibility › should have reasonable load times 

    TargetClosedError: Target page, context or browser has been closed


    Retry #1 ───────────────────────────────────────────────────────────────────────────────────────

    TargetClosedError: Target page, context or browser has been closed


    Retry #2 ───────────────────────────────────────────────────────────────────────────────────────

    TargetClosedError: Target page, context or browser has been closed

]]>
</failure>
</testcase>
<testcase name="Responsive UI/UX Testing Suite › Cross-viewport Consistency › should maintain consistent branding and styling" classname="responsive-ui-ux.spec.ts" time="2.01">
<failure message="responsive-ui-ux.spec.ts:434:9 should maintain consistent branding and styling" type="FAILURE">
<![CDATA[  [tablet-android] › responsive-ui-ux.spec.ts:434:9 › Responsive UI/UX Testing Suite › Cross-viewport Consistency › should maintain consistent branding and styling 

    TargetClosedError: Target page, context or browser has been closed


    Retry #1 ───────────────────────────────────────────────────────────────────────────────────────

    TargetClosedError: Target page, context or browser has been closed


    Retry #2 ───────────────────────────────────────────────────────────────────────────────────────

    TargetClosedError: Target page, context or browser has been closed

]]>
</failure>
</testcase>
</testsuite>
<testsuite name="responsive-ui-ux.spec.ts" timestamp="2025-06-11T23:37:50.432Z" hostname="mobile-iphone-14-pro-max" tests="10" failures="5" skipped="0" time="82.528" errors="0">
<testcase name="Responsive UI/UX Testing Suite › Landing Page Responsive Design › should display properly on all viewport sizes" classname="responsive-ui-ux.spec.ts" time="6.991">
<failure message="responsive-ui-ux.spec.ts:46:9 should display properly on all viewport sizes" type="FAILURE">
<![CDATA[  [mobile-iphone-14-pro-max] › responsive-ui-ux.spec.ts:46:9 › Responsive UI/UX Testing Suite › Landing Page Responsive Design › should display properly on all viewport sizes 

    Error: expect(received).toBeGreaterThanOrEqual(expected)

    Expected: >= 44
    Received:    31

      82 |           const boundingBox = await button.boundingBox();
      83 |           if (boundingBox) {
    > 84 |             expect(boundingBox.height).toBeGreaterThanOrEqual(44); // Minimum touch target
         |                                        ^
      85 |           }
      86 |         }
      87 |       }

        at /Users/thabonyembe/Documents/freeflow-app-9/tests/e2e/responsive-ui-ux.spec.ts:84:40

    attachment #1: screenshot (image/png) ──────────────────────────────────────────────────────────
    test-results/responsive-ui-ux-Responsive-UI-UX-Testing-Suit-9bbab-n-should-display-properly-on-all-viewport-sizes-mobile-iphone-14-pro-max/test-failed-1.png
    ────────────────────────────────────────────────────────────────────────────────────────────────

    attachment #2: video (video/webm) ──────────────────────────────────────────────────────────────
    test-results/responsive-ui-ux-Responsive-UI-UX-Testing-Suit-9bbab-n-should-display-properly-on-all-viewport-sizes-mobile-iphone-14-pro-max/video.webm
    ────────────────────────────────────────────────────────────────────────────────────────────────

    Retry #1 ───────────────────────────────────────────────────────────────────────────────────────

    Error: expect(received).toBeGreaterThanOrEqual(expected)

    Expected: >= 44
    Received:    31

      82 |           const boundingBox = await button.boundingBox();
      83 |           if (boundingBox) {
    > 84 |             expect(boundingBox.height).toBeGreaterThanOrEqual(44); // Minimum touch target
         |                                        ^
      85 |           }
      86 |         }
      87 |       }

        at /Users/thabonyembe/Documents/freeflow-app-9/tests/e2e/responsive-ui-ux.spec.ts:84:40

    attachment #1: screenshot (image/png) ──────────────────────────────────────────────────────────
    test-results/responsive-ui-ux-Responsive-UI-UX-Testing-Suit-9bbab-n-should-display-properly-on-all-viewport-sizes-mobile-iphone-14-pro-max-retry1/test-failed-1.png
    ────────────────────────────────────────────────────────────────────────────────────────────────

    attachment #2: video (video/webm) ──────────────────────────────────────────────────────────────
    test-results/responsive-ui-ux-Responsive-UI-UX-Testing-Suit-9bbab-n-should-display-properly-on-all-viewport-sizes-mobile-iphone-14-pro-max-retry1/video.webm
    ────────────────────────────────────────────────────────────────────────────────────────────────

    attachment #3: trace (application/zip) ─────────────────────────────────────────────────────────
    test-results/responsive-ui-ux-Responsive-UI-UX-Testing-Suit-9bbab-n-should-display-properly-on-all-viewport-sizes-mobile-iphone-14-pro-max-retry1/trace.zip
    Usage:

        npx playwright show-trace test-results/responsive-ui-ux-Responsive-UI-UX-Testing-Suit-9bbab-n-should-display-properly-on-all-viewport-sizes-mobile-iphone-14-pro-max-retry1/trace.zip

    ────────────────────────────────────────────────────────────────────────────────────────────────

    Retry #2 ───────────────────────────────────────────────────────────────────────────────────────

    Error: expect(received).toBeGreaterThanOrEqual(expected)

    Expected: >= 44
    Received:    31

      82 |           const boundingBox = await button.boundingBox();
      83 |           if (boundingBox) {
    > 84 |             expect(boundingBox.height).toBeGreaterThanOrEqual(44); // Minimum touch target
         |                                        ^
      85 |           }
      86 |         }
      87 |       }

        at /Users/thabonyembe/Documents/freeflow-app-9/tests/e2e/responsive-ui-ux.spec.ts:84:40

    attachment #1: screenshot (image/png) ──────────────────────────────────────────────────────────
    test-results/responsive-ui-ux-Responsive-UI-UX-Testing-Suit-9bbab-n-should-display-properly-on-all-viewport-sizes-mobile-iphone-14-pro-max-retry2/test-failed-1.png
    ────────────────────────────────────────────────────────────────────────────────────────────────

    attachment #2: video (video/webm) ──────────────────────────────────────────────────────────────
    test-results/responsive-ui-ux-Responsive-UI-UX-Testing-Suit-9bbab-n-should-display-properly-on-all-viewport-sizes-mobile-iphone-14-pro-max-retry2/video.webm
    ────────────────────────────────────────────────────────────────────────────────────────────────
]]>
</failure>
<system-out>
<![CDATA[
[[ATTACHMENT|responsive-ui-ux-Responsive-UI-UX-Testing-Suit-9bbab-n-should-display-properly-on-all-viewport-sizes-mobile-iphone-14-pro-max/test-failed-1.png]]

[[ATTACHMENT|responsive-ui-ux-Responsive-UI-UX-Testing-Suit-9bbab-n-should-display-properly-on-all-viewport-sizes-mobile-iphone-14-pro-max/video.webm]]

[[ATTACHMENT|responsive-ui-ux-Responsive-UI-UX-Testing-Suit-9bbab-n-should-display-properly-on-all-viewport-sizes-mobile-iphone-14-pro-max-retry1/test-failed-1.png]]

[[ATTACHMENT|responsive-ui-ux-Responsive-UI-UX-Testing-Suit-9bbab-n-should-display-properly-on-all-viewport-sizes-mobile-iphone-14-pro-max-retry1/video.webm]]

[[ATTACHMENT|responsive-ui-ux-Responsive-UI-UX-Testing-Suit-9bbab-n-should-display-properly-on-all-viewport-sizes-mobile-iphone-14-pro-max-retry1/trace.zip]]

[[ATTACHMENT|responsive-ui-ux-Responsive-UI-UX-Testing-Suit-9bbab-n-should-display-properly-on-all-viewport-sizes-mobile-iphone-14-pro-max-retry2/test-failed-1.png]]

[[ATTACHMENT|responsive-ui-ux-Responsive-UI-UX-Testing-Suit-9bbab-n-should-display-properly-on-all-viewport-sizes-mobile-iphone-14-pro-max-retry2/video.webm]]
]]>
</system-out>
</testcase>
<testcase name="Responsive UI/UX Testing Suite › Landing Page Responsive Design › should handle navigation interactions properly" classname="responsive-ui-ux.spec.ts" time="22.803">
<failure message="responsive-ui-ux.spec.ts:92:9 should handle navigation interactions properly" type="FAILURE">
<![CDATA[  [mobile-iphone-14-pro-max] › responsive-ui-ux.spec.ts:92:9 › Responsive UI/UX Testing Suite › Landing Page Responsive Design › should handle navigation interactions properly 

    Error: Timed out 5000ms waiting for expect(locator).toBeVisible()

    Locator: locator('[data-testid="mobile-menu-content"]').first()
    Expected: visible
    Received: hidden
    Call log:
      - expect.toBeVisible with timeout 5000ms
      - waiting for locator('[data-testid="mobile-menu-content"]').first()


      104 |           
      105 |           const menuPanel = page.locator('[data-testid="mobile-menu-content"]').first();
    > 106 |           await expect(menuPanel).toBeVisible();
          |                                   ^
      107 |           
      108 |           // Close menu after testing
      109 |           await mobileMenuButton.click({ force: true });

        at /Users/thabonyembe/Documents/freeflow-app-9/tests/e2e/responsive-ui-ux.spec.ts:106:35

    attachment #1: screenshot (image/png) ──────────────────────────────────────────────────────────
    test-results/responsive-ui-ux-Responsive-UI-UX-Testing-Suit-bfb2f--should-handle-navigation-interactions-properly-mobile-iphone-14-pro-max/test-failed-1.png
    ────────────────────────────────────────────────────────────────────────────────────────────────

    attachment #2: video (video/webm) ──────────────────────────────────────────────────────────────
    test-results/responsive-ui-ux-Responsive-UI-UX-Testing-Suit-bfb2f--should-handle-navigation-interactions-properly-mobile-iphone-14-pro-max/video.webm
    ────────────────────────────────────────────────────────────────────────────────────────────────

    Retry #1 ───────────────────────────────────────────────────────────────────────────────────────

    Error: Timed out 5000ms waiting for expect(locator).toBeVisible()

    Locator: locator('[data-testid="mobile-menu-content"]').first()
    Expected: visible
    Received: hidden
    Call log:
      - expect.toBeVisible with timeout 5000ms
      - waiting for locator('[data-testid="mobile-menu-content"]').first()


      104 |           
      105 |           const menuPanel = page.locator('[data-testid="mobile-menu-content"]').first();
    > 106 |           await expect(menuPanel).toBeVisible();
          |                                   ^
      107 |           
      108 |           // Close menu after testing
      109 |           await mobileMenuButton.click({ force: true });

        at /Users/thabonyembe/Documents/freeflow-app-9/tests/e2e/responsive-ui-ux.spec.ts:106:35

    attachment #1: screenshot (image/png) ──────────────────────────────────────────────────────────
    test-results/responsive-ui-ux-Responsive-UI-UX-Testing-Suit-bfb2f--should-handle-navigation-interactions-properly-mobile-iphone-14-pro-max-retry1/test-failed-1.png
    ────────────────────────────────────────────────────────────────────────────────────────────────

    attachment #2: video (video/webm) ──────────────────────────────────────────────────────────────
    test-results/responsive-ui-ux-Responsive-UI-UX-Testing-Suit-bfb2f--should-handle-navigation-interactions-properly-mobile-iphone-14-pro-max-retry1/video.webm
    ────────────────────────────────────────────────────────────────────────────────────────────────

    attachment #3: trace (application/zip) ─────────────────────────────────────────────────────────
    test-results/responsive-ui-ux-Responsive-UI-UX-Testing-Suit-bfb2f--should-handle-navigation-interactions-properly-mobile-iphone-14-pro-max-retry1/trace.zip
    Usage:

        npx playwright show-trace test-results/responsive-ui-ux-Responsive-UI-UX-Testing-Suit-bfb2f--should-handle-navigation-interactions-properly-mobile-iphone-14-pro-max-retry1/trace.zip

    ────────────────────────────────────────────────────────────────────────────────────────────────

    Retry #2 ───────────────────────────────────────────────────────────────────────────────────────

    Error: Timed out 5000ms waiting for expect(locator).toBeVisible()

    Locator: locator('[data-testid="mobile-menu-content"]').first()
    Expected: visible
    Received: hidden
    Call log:
      - expect.toBeVisible with timeout 5000ms
      - waiting for locator('[data-testid="mobile-menu-content"]').first()


      104 |           
      105 |           const menuPanel = page.locator('[data-testid="mobile-menu-content"]').first();
    > 106 |           await expect(menuPanel).toBeVisible();
          |                                   ^
      107 |           
      108 |           // Close menu after testing
      109 |           await mobileMenuButton.click({ force: true });

        at /Users/thabonyembe/Documents/freeflow-app-9/tests/e2e/responsive-ui-ux.spec.ts:106:35

    attachment #1: screenshot (image/png) ──────────────────────────────────────────────────────────
    test-results/responsive-ui-ux-Responsive-UI-UX-Testing-Suit-bfb2f--should-handle-navigation-interactions-properly-mobile-iphone-14-pro-max-retry2/test-failed-1.png
    ────────────────────────────────────────────────────────────────────────────────────────────────

    attachment #2: video (video/webm) ──────────────────────────────────────────────────────────────
    test-results/responsive-ui-ux-Responsive-UI-UX-Testing-Suit-bfb2f--should-handle-navigation-interactions-properly-mobile-iphone-14-pro-max-retry2/video.webm
    ────────────────────────────────────────────────────────────────────────────────────────────────
]]>
</failure>
<system-out>
<![CDATA[
[[ATTACHMENT|responsive-ui-ux-Responsive-UI-UX-Testing-Suit-bfb2f--should-handle-navigation-interactions-properly-mobile-iphone-14-pro-max/test-failed-1.png]]

[[ATTACHMENT|responsive-ui-ux-Responsive-UI-UX-Testing-Suit-bfb2f--should-handle-navigation-interactions-properly-mobile-iphone-14-pro-max/video.webm]]

[[ATTACHMENT|responsive-ui-ux-Responsive-UI-UX-Testing-Suit-bfb2f--should-handle-navigation-interactions-properly-mobile-iphone-14-pro-max-retry1/test-failed-1.png]]

[[ATTACHMENT|responsive-ui-ux-Responsive-UI-UX-Testing-Suit-bfb2f--should-handle-navigation-interactions-properly-mobile-iphone-14-pro-max-retry1/video.webm]]

[[ATTACHMENT|responsive-ui-ux-Responsive-UI-UX-Testing-Suit-bfb2f--should-handle-navigation-interactions-properly-mobile-iphone-14-pro-max-retry1/trace.zip]]

[[ATTACHMENT|responsive-ui-ux-Responsive-UI-UX-Testing-Suit-bfb2f--should-handle-navigation-interactions-properly-mobile-iphone-14-pro-max-retry2/test-failed-1.png]]

[[ATTACHMENT|responsive-ui-ux-Responsive-UI-UX-Testing-Suit-bfb2f--should-handle-navigation-interactions-properly-mobile-iphone-14-pro-max-retry2/video.webm]]
]]>
</system-out>
</testcase>
<testcase name="Responsive UI/UX Testing Suite › Dashboard Responsive Layout › should display dashboard layout correctly" classname="responsive-ui-ux.spec.ts" time="2.136">
<system-out>
<![CDATA[✓ Dashboard layout tested on mobile (430x740)
]]>
</system-out>
</testcase>
<testcase name="Responsive UI/UX Testing Suite › Dashboard Responsive Layout › should handle dashboard navigation properly" classname="responsive-ui-ux.spec.ts" time="9.363">
<failure message="responsive-ui-ux.spec.ts:192:9 should handle dashboard navigation properly" type="FAILURE">
<![CDATA[  [mobile-iphone-14-pro-max] › responsive-ui-ux.spec.ts:192:9 › Responsive UI/UX Testing Suite › Dashboard Responsive Layout › should handle dashboard navigation properly 

    Error: expect(received).toMatch(expected)

    Expected pattern: /projects-hub/
    Received string:  "http://localhost:3001/dashboard"

      210 |           // Verify navigation worked
      211 |           const currentUrl = page.url();
    > 212 |           expect(currentUrl).toMatch(new RegExp(navItem.toLowerCase().replace(' ', '-')));
          |                              ^
      213 |           
      214 |           // Take screenshot of each section
      215 |           await page.screenshot({ 

        at /Users/thabonyembe/Documents/freeflow-app-9/tests/e2e/responsive-ui-ux.spec.ts:212:30

    attachment #1: screenshot (image/png) ──────────────────────────────────────────────────────────
    test-results/responsive-ui-ux-Responsive-UI-UX-Testing-Suit-b7d3a-out-should-handle-dashboard-navigation-properly-mobile-iphone-14-pro-max/test-failed-1.png
    ────────────────────────────────────────────────────────────────────────────────────────────────

    attachment #2: video (video/webm) ──────────────────────────────────────────────────────────────
    test-results/responsive-ui-ux-Responsive-UI-UX-Testing-Suit-b7d3a-out-should-handle-dashboard-navigation-properly-mobile-iphone-14-pro-max/video.webm
    ────────────────────────────────────────────────────────────────────────────────────────────────

    Retry #1 ───────────────────────────────────────────────────────────────────────────────────────

    Error: expect(received).toMatch(expected)

    Expected pattern: /projects-hub/
    Received string:  "http://localhost:3001/dashboard"

      210 |           // Verify navigation worked
      211 |           const currentUrl = page.url();
    > 212 |           expect(currentUrl).toMatch(new RegExp(navItem.toLowerCase().replace(' ', '-')));
          |                              ^
      213 |           
      214 |           // Take screenshot of each section
      215 |           await page.screenshot({ 

        at /Users/thabonyembe/Documents/freeflow-app-9/tests/e2e/responsive-ui-ux.spec.ts:212:30

    attachment #1: screenshot (image/png) ──────────────────────────────────────────────────────────
    test-results/responsive-ui-ux-Responsive-UI-UX-Testing-Suit-b7d3a-out-should-handle-dashboard-navigation-properly-mobile-iphone-14-pro-max-retry1/test-failed-1.png
    ────────────────────────────────────────────────────────────────────────────────────────────────

    attachment #2: video (video/webm) ──────────────────────────────────────────────────────────────
    test-results/responsive-ui-ux-Responsive-UI-UX-Testing-Suit-b7d3a-out-should-handle-dashboard-navigation-properly-mobile-iphone-14-pro-max-retry1/video.webm
    ────────────────────────────────────────────────────────────────────────────────────────────────

    attachment #3: trace (application/zip) ─────────────────────────────────────────────────────────
    test-results/responsive-ui-ux-Responsive-UI-UX-Testing-Suit-b7d3a-out-should-handle-dashboard-navigation-properly-mobile-iphone-14-pro-max-retry1/trace.zip
    Usage:

        npx playwright show-trace test-results/responsive-ui-ux-Responsive-UI-UX-Testing-Suit-b7d3a-out-should-handle-dashboard-navigation-properly-mobile-iphone-14-pro-max-retry1/trace.zip

    ────────────────────────────────────────────────────────────────────────────────────────────────

    Retry #2 ───────────────────────────────────────────────────────────────────────────────────────

    Error: expect(received).toMatch(expected)

    Expected pattern: /projects-hub/
    Received string:  "http://localhost:3001/dashboard"

      210 |           // Verify navigation worked
      211 |           const currentUrl = page.url();
    > 212 |           expect(currentUrl).toMatch(new RegExp(navItem.toLowerCase().replace(' ', '-')));
          |                              ^
      213 |           
      214 |           // Take screenshot of each section
      215 |           await page.screenshot({ 

        at /Users/thabonyembe/Documents/freeflow-app-9/tests/e2e/responsive-ui-ux.spec.ts:212:30

    attachment #1: screenshot (image/png) ──────────────────────────────────────────────────────────
    test-results/responsive-ui-ux-Responsive-UI-UX-Testing-Suit-b7d3a-out-should-handle-dashboard-navigation-properly-mobile-iphone-14-pro-max-retry2/test-failed-1.png
    ────────────────────────────────────────────────────────────────────────────────────────────────

    attachment #2: video (video/webm) ──────────────────────────────────────────────────────────────
    test-results/responsive-ui-ux-Responsive-UI-UX-Testing-Suit-b7d3a-out-should-handle-dashboard-navigation-properly-mobile-iphone-14-pro-max-retry2/video.webm
    ────────────────────────────────────────────────────────────────────────────────────────────────
]]>
</failure>
<system-out>
<![CDATA[
[[ATTACHMENT|responsive-ui-ux-Responsive-UI-UX-Testing-Suit-b7d3a-out-should-handle-dashboard-navigation-properly-mobile-iphone-14-pro-max/test-failed-1.png]]

[[ATTACHMENT|responsive-ui-ux-Responsive-UI-UX-Testing-Suit-b7d3a-out-should-handle-dashboard-navigation-properly-mobile-iphone-14-pro-max/video.webm]]

[[ATTACHMENT|responsive-ui-ux-Responsive-UI-UX-Testing-Suit-b7d3a-out-should-handle-dashboard-navigation-properly-mobile-iphone-14-pro-max-retry1/test-failed-1.png]]

[[ATTACHMENT|responsive-ui-ux-Responsive-UI-UX-Testing-Suit-b7d3a-out-should-handle-dashboard-navigation-properly-mobile-iphone-14-pro-max-retry1/video.webm]]

[[ATTACHMENT|responsive-ui-ux-Responsive-UI-UX-Testing-Suit-b7d3a-out-should-handle-dashboard-navigation-properly-mobile-iphone-14-pro-max-retry1/trace.zip]]

[[ATTACHMENT|responsive-ui-ux-Responsive-UI-UX-Testing-Suit-b7d3a-out-should-handle-dashboard-navigation-properly-mobile-iphone-14-pro-max-retry2/test-failed-1.png]]

[[ATTACHMENT|responsive-ui-ux-Responsive-UI-UX-Testing-Suit-b7d3a-out-should-handle-dashboard-navigation-properly-mobile-iphone-14-pro-max-retry2/video.webm]]
]]>
</system-out>
</testcase>
<testcase name="Responsive UI/UX Testing Suite › Component Responsive Behavior › should render forms responsively" classname="responsive-ui-ux.spec.ts" time="21.01">
<failure message="responsive-ui-ux.spec.ts:230:9 should render forms responsively" type="FAILURE">
<![CDATA[  [mobile-iphone-14-pro-max] › responsive-ui-ux.spec.ts:230:9 › Responsive UI/UX Testing Suite › Component Responsive Behavior › should render forms responsively 

    Error: Timed out 5000ms waiting for expect(locator).toBeVisible()

    Locator: locator('form').first()
    Expected: visible
    Received: hidden
    Call log:
      - expect.toBeVisible with timeout 5000ms
      - waiting for locator('form').first()


      241 |       // Test form layout
      242 |       const loginForm = page.locator('form').first();
    > 243 |       await expect(loginForm).toBeVisible();
          |                               ^
      244 |       
      245 |       const formBox = await loginForm.boundingBox();
      246 |       if (formBox) {

        at /Users/thabonyembe/Documents/freeflow-app-9/tests/e2e/responsive-ui-ux.spec.ts:243:31

    attachment #1: screenshot (image/png) ──────────────────────────────────────────────────────────
    test-results/responsive-ui-ux-Responsive-UI-UX-Testing-Suit-7cf3f-nsive-Behavior-should-render-forms-responsively-mobile-iphone-14-pro-max/test-failed-1.png
    ────────────────────────────────────────────────────────────────────────────────────────────────

    attachment #2: video (video/webm) ──────────────────────────────────────────────────────────────
    test-results/responsive-ui-ux-Responsive-UI-UX-Testing-Suit-7cf3f-nsive-Behavior-should-render-forms-responsively-mobile-iphone-14-pro-max/video.webm
    ────────────────────────────────────────────────────────────────────────────────────────────────

    Retry #1 ───────────────────────────────────────────────────────────────────────────────────────

    Error: Timed out 5000ms waiting for expect(locator).toBeVisible()

    Locator: locator('form').first()
    Expected: visible
    Received: hidden
    Call log:
      - expect.toBeVisible with timeout 5000ms
      - waiting for locator('form').first()


      241 |       // Test form layout
      242 |       const loginForm = page.locator('form').first();
    > 243 |       await expect(loginForm).toBeVisible();
          |                               ^
      244 |       
      245 |       const formBox = await loginForm.boundingBox();
      246 |       if (formBox) {

        at /Users/thabonyembe/Documents/freeflow-app-9/tests/e2e/responsive-ui-ux.spec.ts:243:31

    attachment #1: screenshot (image/png) ──────────────────────────────────────────────────────────
    test-results/responsive-ui-ux-Responsive-UI-UX-Testing-Suit-7cf3f-nsive-Behavior-should-render-forms-responsively-mobile-iphone-14-pro-max-retry1/test-failed-1.png
    ────────────────────────────────────────────────────────────────────────────────────────────────

    attachment #2: video (video/webm) ──────────────────────────────────────────────────────────────
    test-results/responsive-ui-ux-Responsive-UI-UX-Testing-Suit-7cf3f-nsive-Behavior-should-render-forms-responsively-mobile-iphone-14-pro-max-retry1/video.webm
    ────────────────────────────────────────────────────────────────────────────────────────────────

    attachment #3: trace (application/zip) ─────────────────────────────────────────────────────────
    test-results/responsive-ui-ux-Responsive-UI-UX-Testing-Suit-7cf3f-nsive-Behavior-should-render-forms-responsively-mobile-iphone-14-pro-max-retry1/trace.zip
    Usage:

        npx playwright show-trace test-results/responsive-ui-ux-Responsive-UI-UX-Testing-Suit-7cf3f-nsive-Behavior-should-render-forms-responsively-mobile-iphone-14-pro-max-retry1/trace.zip

    ────────────────────────────────────────────────────────────────────────────────────────────────

    Retry #2 ───────────────────────────────────────────────────────────────────────────────────────

    Error: Timed out 5000ms waiting for expect(locator).toBeVisible()

    Locator: locator('form').first()
    Expected: visible
    Received: hidden
    Call log:
      - expect.toBeVisible with timeout 5000ms
      - waiting for locator('form').first()


      241 |       // Test form layout
      242 |       const loginForm = page.locator('form').first();
    > 243 |       await expect(loginForm).toBeVisible();
          |                               ^
      244 |       
      245 |       const formBox = await loginForm.boundingBox();
      246 |       if (formBox) {

        at /Users/thabonyembe/Documents/freeflow-app-9/tests/e2e/responsive-ui-ux.spec.ts:243:31

    attachment #1: screenshot (image/png) ──────────────────────────────────────────────────────────
    test-results/responsive-ui-ux-Responsive-UI-UX-Testing-Suit-7cf3f-nsive-Behavior-should-render-forms-responsively-mobile-iphone-14-pro-max-retry2/test-failed-1.png
    ────────────────────────────────────────────────────────────────────────────────────────────────

    attachment #2: video (video/webm) ──────────────────────────────────────────────────────────────
    test-results/responsive-ui-ux-Responsive-UI-UX-Testing-Suit-7cf3f-nsive-Behavior-should-render-forms-responsively-mobile-iphone-14-pro-max-retry2/video.webm
    ────────────────────────────────────────────────────────────────────────────────────────────────
]]>
</failure>
<system-out>
<![CDATA[
[[ATTACHMENT|responsive-ui-ux-Responsive-UI-UX-Testing-Suit-7cf3f-nsive-Behavior-should-render-forms-responsively-mobile-iphone-14-pro-max/test-failed-1.png]]

[[ATTACHMENT|responsive-ui-ux-Responsive-UI-UX-Testing-Suit-7cf3f-nsive-Behavior-should-render-forms-responsively-mobile-iphone-14-pro-max/video.webm]]

[[ATTACHMENT|responsive-ui-ux-Responsive-UI-UX-Testing-Suit-7cf3f-nsive-Behavior-should-render-forms-responsively-mobile-iphone-14-pro-max-retry1/test-failed-1.png]]

[[ATTACHMENT|responsive-ui-ux-Responsive-UI-UX-Testing-Suit-7cf3f-nsive-Behavior-should-render-forms-responsively-mobile-iphone-14-pro-max-retry1/video.webm]]

[[ATTACHMENT|responsive-ui-ux-Responsive-UI-UX-Testing-Suit-7cf3f-nsive-Behavior-should-render-forms-responsively-mobile-iphone-14-pro-max-retry1/trace.zip]]

[[ATTACHMENT|responsive-ui-ux-Responsive-UI-UX-Testing-Suit-7cf3f-nsive-Behavior-should-render-forms-responsively-mobile-iphone-14-pro-max-retry2/test-failed-1.png]]

[[ATTACHMENT|responsive-ui-ux-Responsive-UI-UX-Testing-Suit-7cf3f-nsive-Behavior-should-render-forms-responsively-mobile-iphone-14-pro-max-retry2/video.webm]]
]]>
</system-out>
</testcase>
<testcase name="Responsive UI/UX Testing Suite › Component Responsive Behavior › should handle modal dialogs responsively" classname="responsive-ui-ux.spec.ts" time="2.684">
<system-out>
<![CDATA[✓ Modal responsiveness tested on mobile
]]>
</system-out>
</testcase>
<testcase name="Responsive UI/UX Testing Suite › Touch and Interaction Testing › should handle touch interactions on mobile devices" classname="responsive-ui-ux.spec.ts" time="8.39">
<failure message="responsive-ui-ux.spec.ts:314:9 should handle touch interactions on mobile devices" type="FAILURE">
<![CDATA[  [mobile-iphone-14-pro-max] › responsive-ui-ux.spec.ts:314:9 › Responsive UI/UX Testing Suite › Touch and Interaction Testing › should handle touch interactions on mobile devices 

    Error: expect(received).toBeGreaterThanOrEqual(expected)

    Expected: >= 44
    Received:    18

      333 |           const targetBox = await target.boundingBox();
      334 |           if (targetBox) {
    > 335 |             expect(targetBox.height).toBeGreaterThanOrEqual(44); // iOS Human Interface Guidelines
          |                                      ^
      336 |             expect(targetBox.width).toBeGreaterThanOrEqual(44);
      337 |           }
      338 |         }

        at /Users/thabonyembe/Documents/freeflow-app-9/tests/e2e/responsive-ui-ux.spec.ts:335:38

    attachment #1: screenshot (image/png) ──────────────────────────────────────────────────────────
    test-results/responsive-ui-ux-Responsive-UI-UX-Testing-Suit-f02d1-uld-handle-touch-interactions-on-mobile-devices-mobile-iphone-14-pro-max/test-failed-1.png
    ────────────────────────────────────────────────────────────────────────────────────────────────

    attachment #2: video (video/webm) ──────────────────────────────────────────────────────────────
    test-results/responsive-ui-ux-Responsive-UI-UX-Testing-Suit-f02d1-uld-handle-touch-interactions-on-mobile-devices-mobile-iphone-14-pro-max/video.webm
    ────────────────────────────────────────────────────────────────────────────────────────────────

    Retry #1 ───────────────────────────────────────────────────────────────────────────────────────

    Error: expect(received).toBeGreaterThanOrEqual(expected)

    Expected: >= 44
    Received:    18

      333 |           const targetBox = await target.boundingBox();
      334 |           if (targetBox) {
    > 335 |             expect(targetBox.height).toBeGreaterThanOrEqual(44); // iOS Human Interface Guidelines
          |                                      ^
      336 |             expect(targetBox.width).toBeGreaterThanOrEqual(44);
      337 |           }
      338 |         }

        at /Users/thabonyembe/Documents/freeflow-app-9/tests/e2e/responsive-ui-ux.spec.ts:335:38

    attachment #1: screenshot (image/png) ──────────────────────────────────────────────────────────
    test-results/responsive-ui-ux-Responsive-UI-UX-Testing-Suit-f02d1-uld-handle-touch-interactions-on-mobile-devices-mobile-iphone-14-pro-max-retry1/test-failed-1.png
    ────────────────────────────────────────────────────────────────────────────────────────────────

    attachment #2: video (video/webm) ──────────────────────────────────────────────────────────────
    test-results/responsive-ui-ux-Responsive-UI-UX-Testing-Suit-f02d1-uld-handle-touch-interactions-on-mobile-devices-mobile-iphone-14-pro-max-retry1/video.webm
    ────────────────────────────────────────────────────────────────────────────────────────────────

    attachment #3: trace (application/zip) ─────────────────────────────────────────────────────────
    test-results/responsive-ui-ux-Responsive-UI-UX-Testing-Suit-f02d1-uld-handle-touch-interactions-on-mobile-devices-mobile-iphone-14-pro-max-retry1/trace.zip
    Usage:

        npx playwright show-trace test-results/responsive-ui-ux-Responsive-UI-UX-Testing-Suit-f02d1-uld-handle-touch-interactions-on-mobile-devices-mobile-iphone-14-pro-max-retry1/trace.zip

    ────────────────────────────────────────────────────────────────────────────────────────────────

    Retry #2 ───────────────────────────────────────────────────────────────────────────────────────

    Error: expect(received).toBeGreaterThanOrEqual(expected)

    Expected: >= 44
    Received:    18

      333 |           const targetBox = await target.boundingBox();
      334 |           if (targetBox) {
    > 335 |             expect(targetBox.height).toBeGreaterThanOrEqual(44); // iOS Human Interface Guidelines
          |                                      ^
      336 |             expect(targetBox.width).toBeGreaterThanOrEqual(44);
      337 |           }
      338 |         }

        at /Users/thabonyembe/Documents/freeflow-app-9/tests/e2e/responsive-ui-ux.spec.ts:335:38

    attachment #1: screenshot (image/png) ──────────────────────────────────────────────────────────
    test-results/responsive-ui-ux-Responsive-UI-UX-Testing-Suit-f02d1-uld-handle-touch-interactions-on-mobile-devices-mobile-iphone-14-pro-max-retry2/test-failed-1.png
    ────────────────────────────────────────────────────────────────────────────────────────────────

    attachment #2: video (video/webm) ──────────────────────────────────────────────────────────────
    test-results/responsive-ui-ux-Responsive-UI-UX-Testing-Suit-f02d1-uld-handle-touch-interactions-on-mobile-devices-mobile-iphone-14-pro-max-retry2/video.webm
    ────────────────────────────────────────────────────────────────────────────────────────────────
]]>
</failure>
<system-out>
<![CDATA[
[[ATTACHMENT|responsive-ui-ux-Responsive-UI-UX-Testing-Suit-f02d1-uld-handle-touch-interactions-on-mobile-devices-mobile-iphone-14-pro-max/test-failed-1.png]]

[[ATTACHMENT|responsive-ui-ux-Responsive-UI-UX-Testing-Suit-f02d1-uld-handle-touch-interactions-on-mobile-devices-mobile-iphone-14-pro-max/video.webm]]

[[ATTACHMENT|responsive-ui-ux-Responsive-UI-UX-Testing-Suit-f02d1-uld-handle-touch-interactions-on-mobile-devices-mobile-iphone-14-pro-max-retry1/test-failed-1.png]]

[[ATTACHMENT|responsive-ui-ux-Responsive-UI-UX-Testing-Suit-f02d1-uld-handle-touch-interactions-on-mobile-devices-mobile-iphone-14-pro-max-retry1/video.webm]]

[[ATTACHMENT|responsive-ui-ux-Responsive-UI-UX-Testing-Suit-f02d1-uld-handle-touch-interactions-on-mobile-devices-mobile-iphone-14-pro-max-retry1/trace.zip]]

[[ATTACHMENT|responsive-ui-ux-Responsive-UI-UX-Testing-Suit-f02d1-uld-handle-touch-interactions-on-mobile-devices-mobile-iphone-14-pro-max-retry2/test-failed-1.png]]

[[ATTACHMENT|responsive-ui-ux-Responsive-UI-UX-Testing-Suit-f02d1-uld-handle-touch-interactions-on-mobile-devices-mobile-iphone-14-pro-max-retry2/video.webm]]
]]>
</system-out>
</testcase>
<testcase name="Responsive UI/UX Testing Suite › Performance and Accessibility › should meet accessibility standards" classname="responsive-ui-ux.spec.ts" time="2.365">
<system-out>
<![CDATA[✓ Accessibility tested on mobile
]]>
</system-out>
</testcase>
<testcase name="Responsive UI/UX Testing Suite › Performance and Accessibility › should have reasonable load times" classname="responsive-ui-ux.spec.ts" time="4.917">
<system-out>
<![CDATA[✓ Performance tested on mobile - Load time: 1716ms, CLS: 0
]]>
</system-out>
</testcase>
<testcase name="Responsive UI/UX Testing Suite › Cross-viewport Consistency › should maintain consistent branding and styling" classname="responsive-ui-ux.spec.ts" time="1.869">
<system-out>
<![CDATA[✓ Branding consistency verified on mobile
]]>
</system-out>
</testcase>
</testsuite>
<testsuite name="responsive-ui-ux.spec.ts" timestamp="2025-06-11T23:37:50.432Z" hostname="mobile-pixel-7-pro" tests="10" failures="10" skipped="0" time="24.132" errors="0">
<testcase name="Responsive UI/UX Testing Suite › Landing Page Responsive Design › should display properly on all viewport sizes" classname="responsive-ui-ux.spec.ts" time="1.634">
<failure message="responsive-ui-ux.spec.ts:46:9 should display properly on all viewport sizes" type="FAILURE">
<![CDATA[  [mobile-pixel-7-pro] › responsive-ui-ux.spec.ts:46:9 › Responsive UI/UX Testing Suite › Landing Page Responsive Design › should display properly on all viewport sizes 

    TargetClosedError: Target page, context or browser has been closed


    Retry #1 ───────────────────────────────────────────────────────────────────────────────────────

    TargetClosedError: Target page, context or browser has been closed


    Retry #2 ───────────────────────────────────────────────────────────────────────────────────────

    TargetClosedError: Target page, context or browser has been closed

]]>
</failure>
</testcase>
<testcase name="Responsive UI/UX Testing Suite › Landing Page Responsive Design › should handle navigation interactions properly" classname="responsive-ui-ux.spec.ts" time="1.891">
<failure message="responsive-ui-ux.spec.ts:92:9 should handle navigation interactions properly" type="FAILURE">
<![CDATA[  [mobile-pixel-7-pro] › responsive-ui-ux.spec.ts:92:9 › Responsive UI/UX Testing Suite › Landing Page Responsive Design › should handle navigation interactions properly 

    TargetClosedError: Target page, context or browser has been closed


    Retry #1 ───────────────────────────────────────────────────────────────────────────────────────

    TargetClosedError: Target page, context or browser has been closed


    Retry #2 ───────────────────────────────────────────────────────────────────────────────────────

    TargetClosedError: Target page, context or browser has been closed

]]>
</failure>
</testcase>
<testcase name="Responsive UI/UX Testing Suite › Dashboard Responsive Layout › should display dashboard layout correctly" classname="responsive-ui-ux.spec.ts" time="2.048">
<failure message="responsive-ui-ux.spec.ts:133:9 should display dashboard layout correctly" type="FAILURE">
<![CDATA[  [mobile-pixel-7-pro] › responsive-ui-ux.spec.ts:133:9 › Responsive UI/UX Testing Suite › Dashboard Responsive Layout › should display dashboard layout correctly 

    Error: browserContext.newPage: Target page, context or browser has been closed
    Browser logs:

    <launching> /Users/thabonyembe/Library/Caches/ms-playwright/chromium-1097/chrome-mac/Chromium.app/Contents/MacOS/Chromium --disable-field-trial-config --disable-background-networking --enable-features=NetworkService,NetworkServiceInProcess --disable-background-timer-throttling --disable-backgrounding-occluded-windows --disable-back-forward-cache --disable-breakpad --disable-client-side-phishing-detection --disable-component-extensions-with-background-pages --disable-component-update --no-default-browser-check --disable-default-apps --disable-dev-shm-usage --disable-extensions --disable-features=ImprovedCookieControls,LazyFrameLoading,GlobalMediaControls,DestroyProfileOnBrowserClose,MediaRouter,DialMediaRouteProvider,AcceptCHFrame,AutoExpandDetailsElement,CertificateTransparencyComponentUpdater,AvoidUnnecessaryBeforeUnloadCheckSync,Translate,HttpsUpgrades,PaintHolding --allow-pre-commit-input --disable-hang-monitor --disable-ipc-flooding-protection --disable-popup-blocking --disable-prompt-on-repost --disable-renderer-backgrounding --force-color-profile=srgb --metrics-recording-only --no-first-run --enable-automation --password-store=basic --use-mock-keychain --no-service-autorun --export-tagged-pdf --disable-search-engine-choice-screen --enable-use-zoom-for-dsf=false --no-sandbox --user-data-dir=/var/folders/g0/h_vmczvs61jf4r7kzhq0ypg40000gn/T/playwright_chromiumdev_profile-7XYU77 --remote-debugging-pipe --no-startup-window
    <launched> pid=39514
    [pid=39514][err] [39514:259:0612/014015.737993:ERROR:policy_logger.cc(156)] :components/enterprise/browser/controller/chrome_browser_cloud_management_controller.cc(161) Cloud management controller initialization aborted as CBCM is not enabled. Please use the `--enable-chrome-browser-cloud-management` command line flag to enable it if you are not using the official Google Chrome build.
    [pid=39514][err] [0612/014016.121018:WARNING:crash_report_exception_handler.cc(235)] UniversalExceptionRaise: (os/kern) failure (5)


    Retry #1 ───────────────────────────────────────────────────────────────────────────────────────

    TargetClosedError: Target page, context or browser has been closed


    Retry #2 ───────────────────────────────────────────────────────────────────────────────────────

    TargetClosedError: Target page, context or browser has been closed

]]>
</failure>
</testcase>
<testcase name="Responsive UI/UX Testing Suite › Dashboard Responsive Layout › should handle dashboard navigation properly" classname="responsive-ui-ux.spec.ts" time="2.225">
<failure message="responsive-ui-ux.spec.ts:192:9 should handle dashboard navigation properly" type="FAILURE">
<![CDATA[  [mobile-pixel-7-pro] › responsive-ui-ux.spec.ts:192:9 › Responsive UI/UX Testing Suite › Dashboard Responsive Layout › should handle dashboard navigation properly 

    TargetClosedError: Target page, context or browser has been closed


    Retry #1 ───────────────────────────────────────────────────────────────────────────────────────

    TargetClosedError: Target page, context or browser has been closed


    Retry #2 ───────────────────────────────────────────────────────────────────────────────────────

    TargetClosedError: Target page, context or browser has been closed

]]>
</failure>
</testcase>
<testcase name="Responsive UI/UX Testing Suite › Component Responsive Behavior › should render forms responsively" classname="responsive-ui-ux.spec.ts" time="2.631">
<failure message="responsive-ui-ux.spec.ts:230:9 should render forms responsively" type="FAILURE">
<![CDATA[  [mobile-pixel-7-pro] › responsive-ui-ux.spec.ts:230:9 › Responsive UI/UX Testing Suite › Component Responsive Behavior › should render forms responsively 

    Error: browserContext.newPage: Target page, context or browser has been closed
    Browser logs:

    <launching> /Users/thabonyembe/Library/Caches/ms-playwright/chromium-1097/chrome-mac/Chromium.app/Contents/MacOS/Chromium --disable-field-trial-config --disable-background-networking --enable-features=NetworkService,NetworkServiceInProcess --disable-background-timer-throttling --disable-backgrounding-occluded-windows --disable-back-forward-cache --disable-breakpad --disable-client-side-phishing-detection --disable-component-extensions-with-background-pages --disable-component-update --no-default-browser-check --disable-default-apps --disable-dev-shm-usage --disable-extensions --disable-features=ImprovedCookieControls,LazyFrameLoading,GlobalMediaControls,DestroyProfileOnBrowserClose,MediaRouter,DialMediaRouteProvider,AcceptCHFrame,AutoExpandDetailsElement,CertificateTransparencyComponentUpdater,AvoidUnnecessaryBeforeUnloadCheckSync,Translate,HttpsUpgrades,PaintHolding --allow-pre-commit-input --disable-hang-monitor --disable-ipc-flooding-protection --disable-popup-blocking --disable-prompt-on-repost --disable-renderer-backgrounding --force-color-profile=srgb --metrics-recording-only --no-first-run --enable-automation --password-store=basic --use-mock-keychain --no-service-autorun --export-tagged-pdf --disable-search-engine-choice-screen --enable-use-zoom-for-dsf=false --no-sandbox --user-data-dir=/var/folders/g0/h_vmczvs61jf4r7kzhq0ypg40000gn/T/playwright_chromiumdev_profile-Md2GB1 --remote-debugging-pipe --no-startup-window
    <launched> pid=39572
    [pid=39572][err] [39572:259:0612/014017.164342:ERROR:policy_logger.cc(156)] :components/enterprise/browser/controller/chrome_browser_cloud_management_controller.cc(161) Cloud management controller initialization aborted as CBCM is not enabled. Please use the `--enable-chrome-browser-cloud-management` command line flag to enable it if you are not using the official Google Chrome build.
    [pid=39572][err] Received signal 11 SEGV_ACCERR 000100000008
    [pid=39572][err]  [0x0001190fa4c4]
    [pid=39572][err]  [0x0001190eecc4]
    [pid=39572][err]  [0x0001190fa414]
    [pid=39572][err]  [0x0001912c0624]
    [pid=39572][err]  [0x0001a2d7a064]
    [pid=39572][err]  [0x0001a2c1cfa8]
    [pid=39572][err]  [0x0001a2da37b4]
    [pid=39572][err]  [0x0001a2da468c]
    [pid=39572][err]  [0x000192f47670]
    [pid=39572][err]  [0x000192f484a8]
    [pid=39572][err]  [0x000193004828]
    [pid=39572][err]  [0x000192b58ecc]
    [pid=39572][err]  [0x00019133f2d4]
    [pid=39572][err]  [0x000191839310]
    [pid=39572][err]  [0x000191838d08]
    [pid=39572][err]  [0x0001918365c0]
    [pid=39572][err]  [0x0001980d5e88]
    [pid=39572][err]  [0x0001980d46e8]
    [pid=39572][err]  [0x00019604c49c]
    [pid=39572][err]  [0x00019604d118]
    [pid=39572][err]  [0x00019604c178]
    [pid=39572][err]  [0x00019604f644]
    [pid=39572][err]  [0x000195264f00]
    [pid=39572][err]  [0x000195262d90]
    [pid=39572][err]  [0x0001952628c4]
    [pid=39572][err]  [0x000119103568]
    [pid=39572][err]  [0x00011906480c]
    [pid=39572][err]  [0x0001190c02b4]
    [pid=39572][err]  [0x00011812c9c8]
    [pid=39572][err]  [0x000118540eb4]
    [pid=39572][err]  [0x000118541c1c]
    [pid=39572][err]  [0x00011854024c]
    [pid=39572][err]  [0x000118540640]
    [pid=39572][err]  [0x000114fc0df0]
    [pid=39572][err]  [0x000102928aac]
    [pid=39572][err]  [0x000190ee6b98]
    [pid=39572][err] [end of stack trace]
    [pid=39572][err] [0612/014018.001163:WARNING:crash_report_exception_handler.cc(235)] UniversalExceptionRaise: (os/kern) failure (5)
    [pid=39572][err] [39581:12547:0612/014018.005346:ERROR:ssl_client_socket_impl.cc(974)] handshake failed; returned -1, SSL error code 1, net_error -3
    [pid=39572] <process did exit: exitCode=null, signal=SIGTRAP>
    [pid=39572] starting temporary directories cleanup


    Retry #1 ───────────────────────────────────────────────────────────────────────────────────────

    TargetClosedError: Target page, context or browser has been closed


    Retry #2 ───────────────────────────────────────────────────────────────────────────────────────

    TargetClosedError: Target page, context or browser has been closed

]]>
</failure>
</testcase>
<testcase name="Responsive UI/UX Testing Suite › Component Responsive Behavior › should handle modal dialogs responsively" classname="responsive-ui-ux.spec.ts" time="2.459">
<failure message="responsive-ui-ux.spec.ts:274:9 should handle modal dialogs responsively" type="FAILURE">
<![CDATA[  [mobile-pixel-7-pro] › responsive-ui-ux.spec.ts:274:9 › Responsive UI/UX Testing Suite › Component Responsive Behavior › should handle modal dialogs responsively 

    TargetClosedError: Target page, context or browser has been closed


    Retry #1 ───────────────────────────────────────────────────────────────────────────────────────

    TargetClosedError: Target page, context or browser has been closed


    Retry #2 ───────────────────────────────────────────────────────────────────────────────────────

    TargetClosedError: Target page, context or browser has been closed

]]>
</failure>
</testcase>
<testcase name="Responsive UI/UX Testing Suite › Touch and Interaction Testing › should handle touch interactions on mobile devices" classname="responsive-ui-ux.spec.ts" time="3.035">
<failure message="responsive-ui-ux.spec.ts:314:9 should handle touch interactions on mobile devices" type="FAILURE">
<![CDATA[  [mobile-pixel-7-pro] › responsive-ui-ux.spec.ts:314:9 › Responsive UI/UX Testing Suite › Touch and Interaction Testing › should handle touch interactions on mobile devices 

    TargetClosedError: Target page, context or browser has been closed


    Retry #1 ───────────────────────────────────────────────────────────────────────────────────────

    TargetClosedError: Target page, context or browser has been closed


    Retry #2 ───────────────────────────────────────────────────────────────────────────────────────

    TargetClosedError: Target page, context or browser has been closed

]]>
</failure>
</testcase>
<testcase name="Responsive UI/UX Testing Suite › Performance and Accessibility › should meet accessibility standards" classname="responsive-ui-ux.spec.ts" time="3.218">
<failure message="responsive-ui-ux.spec.ts:363:9 should meet accessibility standards" type="FAILURE">
<![CDATA[  [mobile-pixel-7-pro] › responsive-ui-ux.spec.ts:363:9 › Responsive UI/UX Testing Suite › Performance and Accessibility › should meet accessibility standards 

    TargetClosedError: Target page, context or browser has been closed


    Retry #1 ───────────────────────────────────────────────────────────────────────────────────────

    TargetClosedError: Target page, context or browser has been closed


    Retry #2 ───────────────────────────────────────────────────────────────────────────────────────

    TargetClosedError: Target page, context or browser has been closed

]]>
</failure>
</testcase>
<testcase name="Responsive UI/UX Testing Suite › Performance and Accessibility › should have reasonable load times" classname="responsive-ui-ux.spec.ts" time="2.338">
<failure message="responsive-ui-ux.spec.ts:398:9 should have reasonable load times" type="FAILURE">
<![CDATA[  [mobile-pixel-7-pro] › responsive-ui-ux.spec.ts:398:9 › Responsive UI/UX Testing Suite › Performance and Accessibility › should have reasonable load times 

    Error: browserContext.newPage: Target page, context or browser has been closed
    Browser logs:

    <launching> /Users/thabonyembe/Library/Caches/ms-playwright/chromium-1097/chrome-mac/Chromium.app/Contents/MacOS/Chromium --disable-field-trial-config --disable-background-networking --enable-features=NetworkService,NetworkServiceInProcess --disable-background-timer-throttling --disable-backgrounding-occluded-windows --disable-back-forward-cache --disable-breakpad --disable-client-side-phishing-detection --disable-component-extensions-with-background-pages --disable-component-update --no-default-browser-check --disable-default-apps --disable-dev-shm-usage --disable-extensions --disable-features=ImprovedCookieControls,LazyFrameLoading,GlobalMediaControls,DestroyProfileOnBrowserClose,MediaRouter,DialMediaRouteProvider,AcceptCHFrame,AutoExpandDetailsElement,CertificateTransparencyComponentUpdater,AvoidUnnecessaryBeforeUnloadCheckSync,Translate,HttpsUpgrades,PaintHolding --allow-pre-commit-input --disable-hang-monitor --disable-ipc-flooding-protection --disable-popup-blocking --disable-prompt-on-repost --disable-renderer-backgrounding --force-color-profile=srgb --metrics-recording-only --no-first-run --enable-automation --password-store=basic --use-mock-keychain --no-service-autorun --export-tagged-pdf --disable-search-engine-choice-screen --enable-use-zoom-for-dsf=false --no-sandbox --user-data-dir=/var/folders/g0/h_vmczvs61jf4r7kzhq0ypg40000gn/T/playwright_chromiumdev_profile-Tb0UR0 --remote-debugging-pipe --no-startup-window
    <launched> pid=39732
    [pid=39732][err] [39732:259:0612/014021.513493:ERROR:policy_logger.cc(156)] :components/enterprise/browser/controller/chrome_browser_cloud_management_controller.cc(161) Cloud management controller initialization aborted as CBCM is not enabled. Please use the `--enable-chrome-browser-cloud-management` command line flag to enable it if you are not using the official Google Chrome build.
    [pid=39732][err] [0612/014022.148271:WARNING:crash_report_exception_handler.cc(235)] UniversalExceptionRaise: (os/kern) failure (5)


    Retry #1 ───────────────────────────────────────────────────────────────────────────────────────

    Error: browserContext.newPage: Target page, context or browser has been closed
    Browser logs:

    <launching> /Users/thabonyembe/Library/Caches/ms-playwright/chromium-1097/chrome-mac/Chromium.app/Contents/MacOS/Chromium --disable-field-trial-config --disable-background-networking --enable-features=NetworkService,NetworkServiceInProcess --disable-background-timer-throttling --disable-backgrounding-occluded-windows --disable-back-forward-cache --disable-breakpad --disable-client-side-phishing-detection --disable-component-extensions-with-background-pages --disable-component-update --no-default-browser-check --disable-default-apps --disable-dev-shm-usage --disable-extensions --disable-features=ImprovedCookieControls,LazyFrameLoading,GlobalMediaControls,DestroyProfileOnBrowserClose,MediaRouter,DialMediaRouteProvider,AcceptCHFrame,AutoExpandDetailsElement,CertificateTransparencyComponentUpdater,AvoidUnnecessaryBeforeUnloadCheckSync,Translate,HttpsUpgrades,PaintHolding --allow-pre-commit-input --disable-hang-monitor --disable-ipc-flooding-protection --disable-popup-blocking --disable-prompt-on-repost --disable-renderer-backgrounding --force-color-profile=srgb --metrics-recording-only --no-first-run --enable-automation --password-store=basic --use-mock-keychain --no-service-autorun --export-tagged-pdf --disable-search-engine-choice-screen --enable-use-zoom-for-dsf=false --no-sandbox --user-data-dir=/var/folders/g0/h_vmczvs61jf4r7kzhq0ypg40000gn/T/playwright_chromiumdev_profile-muAGM7 --remote-debugging-pipe --no-startup-window
    <launched> pid=39773
    [pid=39773][err] [39773:259:0612/014022.935466:ERROR:policy_logger.cc(156)] :components/enterprise/browser/controller/chrome_browser_cloud_management_controller.cc(161) Cloud management controller initialization aborted as CBCM is not enabled. Please use the `--enable-chrome-browser-cloud-management` command line flag to enable it if you are not using the official Google Chrome build.
    [pid=39773][err] Received signal 11 SEGV_ACCERR 000100000008
    [pid=39773][err]  [0x00012513e4c4]
    [pid=39773][err]  [0x000125132cc4]
    [pid=39773][err]  [0x00012513e414]
    [pid=39773][err]  [0x0001912c0624]
    [pid=39773][err]  [0x0001a2d7a064]
    [pid=39773][err]  [0x0001a2c1cfa8]
    [pid=39773][err]  [0x0001a2da37b4]
    [pid=39773][err]  [0x0001a2da468c]
    [pid=39773][err]  [0x000192f47670]
    [pid=39773][err]  [0x000192f484a8]
    [pid=39773][err]  [0x000193004828]
    [pid=39773][err]  [0x000192b58ecc]
    [pid=39773][err]  [0x00019133f2d4]
    [pid=39773][err]  [0x000191839310]
    [pid=39773][err]  [0x000191838d08]
    [pid=39773][err]  [0x0001918365c0]
    [pid=39773][err]  [0x0001980d5e88]
    [pid=39773][err]  [0x0001980d46e8]
    [pid=39773][err]  [0x00019604c49c]
    [pid=39773][err]  [0x00019604d118]
    [pid=39773][err]  [0x00019604c178]
    [pid=39773][err]  [0x00019604f644]
    [pid=39773][err]  [0x000195264f00]
    [pid=39773][err]  [0x000195262d90]
    [pid=39773][err]  [0x0001952628c4]
    [pid=39773][err]  [0x000125147568]
    [pid=39773][err]  [0x0001250a880c]
    [pid=39773][err]  [0x0001251042b4]
    [pid=39773][err]  [0x0001241709c8]
    [pid=39773][err]  [0x000124584eb4]
    [pid=39773][err]  [0x000124585c1c]
    [pid=39773][err]  [0x00012458424c]
    [pid=39773][err]  [0x000124584640]
    [pid=39773][err]  [0x000121004df0]
    [pid=39773][err]  [0x000100a40aac]
    [pid=39773][err]  [0x000190ee6b98]
    [pid=39773][err] [end of stack trace]
    [pid=39773][err] [0612/014023.505754:WARNING:crash_report_exception_handler.cc(235)] UniversalExceptionRaise: (os/kern) failure (5)


    Retry #2 ───────────────────────────────────────────────────────────────────────────────────────

    TargetClosedError: Target page, context or browser has been closed

]]>
</failure>
</testcase>
<testcase name="Responsive UI/UX Testing Suite › Cross-viewport Consistency › should maintain consistent branding and styling" classname="responsive-ui-ux.spec.ts" time="2.653">
<failure message="responsive-ui-ux.spec.ts:434:9 should maintain consistent branding and styling" type="FAILURE">
<![CDATA[  [mobile-pixel-7-pro] › responsive-ui-ux.spec.ts:434:9 › Responsive UI/UX Testing Suite › Cross-viewport Consistency › should maintain consistent branding and styling 

    TargetClosedError: Target page, context or browser has been closed


    Retry #1 ───────────────────────────────────────────────────────────────────────────────────────

    Error: browserContext.newPage: Target page, context or browser has been closed
    Browser logs:

    <launching> /Users/thabonyembe/Library/Caches/ms-playwright/chromium-1097/chrome-mac/Chromium.app/Contents/MacOS/Chromium --disable-field-trial-config --disable-background-networking --enable-features=NetworkService,NetworkServiceInProcess --disable-background-timer-throttling --disable-backgrounding-occluded-windows --disable-back-forward-cache --disable-breakpad --disable-client-side-phishing-detection --disable-component-extensions-with-background-pages --disable-component-update --no-default-browser-check --disable-default-apps --disable-dev-shm-usage --disable-extensions --disable-features=ImprovedCookieControls,LazyFrameLoading,GlobalMediaControls,DestroyProfileOnBrowserClose,MediaRouter,DialMediaRouteProvider,AcceptCHFrame,AutoExpandDetailsElement,CertificateTransparencyComponentUpdater,AvoidUnnecessaryBeforeUnloadCheckSync,Translate,HttpsUpgrades,PaintHolding --allow-pre-commit-input --disable-hang-monitor --disable-ipc-flooding-protection --disable-popup-blocking --disable-prompt-on-repost --disable-renderer-backgrounding --force-color-profile=srgb --metrics-recording-only --no-first-run --enable-automation --password-store=basic --use-mock-keychain --no-service-autorun --export-tagged-pdf --disable-search-engine-choice-screen --enable-use-zoom-for-dsf=false --no-sandbox --user-data-dir=/var/folders/g0/h_vmczvs61jf4r7kzhq0ypg40000gn/T/playwright_chromiumdev_profile-sI4DA9 --remote-debugging-pipe --no-startup-window
    <launched> pid=39801
    [pid=39801][err] [39801:259:0612/014024.041041:ERROR:policy_logger.cc(156)] :components/enterprise/browser/controller/chrome_browser_cloud_management_controller.cc(161) Cloud management controller initialization aborted as CBCM is not enabled. Please use the `--enable-chrome-browser-cloud-management` command line flag to enable it if you are not using the official Google Chrome build.
    [pid=39801][err] Received signal 11 SEGV_ACCERR 000100000008
    [pid=39801][err]  [0x00012593e4c4]
    [pid=39801][err]  [0x000125932cc4]
    [pid=39801][err]  [0x00012593e414]
    [pid=39801][err]  [0x0001912c0624]
    [pid=39801][err]  [0x0001a2d7a064]
    [pid=39801][err]  [0x0001a2c1cfa8]
    [pid=39801][err]  [0x0001a2da37b4]
    [pid=39801][err]  [0x0001a2da468c]
    [pid=39801][err]  [0x000192f47670]
    [pid=39801][err]  [0x000192f484a8]
    [pid=39801][err]  [0x000193004828]
    [pid=39801][err]  [0x000192b58ecc]
    [pid=39801][err]  [0x00019133f2d4]
    [pid=39801][err]  [0x000191839310]
    [pid=39801][err]  [0x000191838d08]
    [pid=39801][err]  [0x0001918365c0]
    [pid=39801][err]  [0x0001980d5e88]
    [pid=39801][err]  [0x0001980d46e8]
    [pid=39801][err]  [0x00019604c49c]
    [pid=39801][err]  [0x00019604d118]
    [pid=39801][err]  [0x00019604c178]
    [pid=39801][err]  [0x00019604f644]
    [pid=39801][err]  [0x000195264f00]
    [pid=39801][err]  [0x000195262d90]
    [pid=39801][err]  [0x0001952628c4]
    [pid=39801][err]  [0x000125947568]
    [pid=39801][err]  [0x0001258a880c]
    [pid=39801][err]  [0x0001259042b4]
    [pid=39801][err]  [0x0001249709c8]
    [pid=39801][err]  [0x000124d84eb4]
    [pid=39801][err]  [0x000124d85c1c]
    [pid=39801][err]  [0x000124d8424c]
    [pid=39801][err]  [0x000124d84640]
    [pid=39801][err]  [0x000121804df0]
    [pid=39801][err]  [0x000102e60aac]
    [pid=39801][err]  [0x000190ee6b98]
    [pid=39801][err] [end of stack trace]
    [pid=39801][err] [0612/014024.772900:WARNING:crash_report_exception_handler.cc(235)] UniversalExceptionRaise: (os/kern) failure (5)


    Retry #2 ───────────────────────────────────────────────────────────────────────────────────────

    TargetClosedError: Target page, context or browser has been closed

]]>
</failure>
</testcase>
</testsuite>
<testsuite name="responsive-ui-ux.spec.ts" timestamp="2025-06-11T23:37:50.432Z" hostname="mobile-iphone-13" tests="10" failures="5" skipped="0" time="81.523" errors="0">
<testcase name="Responsive UI/UX Testing Suite › Landing Page Responsive Design › should display properly on all viewport sizes" classname="responsive-ui-ux.spec.ts" time="7.28">
<failure message="responsive-ui-ux.spec.ts:46:9 should display properly on all viewport sizes" type="FAILURE">
<![CDATA[  [mobile-iphone-13] › responsive-ui-ux.spec.ts:46:9 › Responsive UI/UX Testing Suite › Landing Page Responsive Design › should display properly on all viewport sizes 

    Error: expect(received).toBeGreaterThanOrEqual(expected)

    Expected: >= 44
    Received:    31

      82 |           const boundingBox = await button.boundingBox();
      83 |           if (boundingBox) {
    > 84 |             expect(boundingBox.height).toBeGreaterThanOrEqual(44); // Minimum touch target
         |                                        ^
      85 |           }
      86 |         }
      87 |       }

        at /Users/thabonyembe/Documents/freeflow-app-9/tests/e2e/responsive-ui-ux.spec.ts:84:40

    attachment #1: screenshot (image/png) ──────────────────────────────────────────────────────────
    test-results/responsive-ui-ux-Responsive-UI-UX-Testing-Suit-9bbab-n-should-display-properly-on-all-viewport-sizes-mobile-iphone-13/test-failed-1.png
    ────────────────────────────────────────────────────────────────────────────────────────────────

    attachment #2: video (video/webm) ──────────────────────────────────────────────────────────────
    test-results/responsive-ui-ux-Responsive-UI-UX-Testing-Suit-9bbab-n-should-display-properly-on-all-viewport-sizes-mobile-iphone-13/video.webm
    ────────────────────────────────────────────────────────────────────────────────────────────────

    Retry #1 ───────────────────────────────────────────────────────────────────────────────────────

    Error: expect(received).toBeGreaterThanOrEqual(expected)

    Expected: >= 44
    Received:    31

      82 |           const boundingBox = await button.boundingBox();
      83 |           if (boundingBox) {
    > 84 |             expect(boundingBox.height).toBeGreaterThanOrEqual(44); // Minimum touch target
         |                                        ^
      85 |           }
      86 |         }
      87 |       }

        at /Users/thabonyembe/Documents/freeflow-app-9/tests/e2e/responsive-ui-ux.spec.ts:84:40

    attachment #1: screenshot (image/png) ──────────────────────────────────────────────────────────
    test-results/responsive-ui-ux-Responsive-UI-UX-Testing-Suit-9bbab-n-should-display-properly-on-all-viewport-sizes-mobile-iphone-13-retry1/test-failed-1.png
    ────────────────────────────────────────────────────────────────────────────────────────────────

    attachment #2: video (video/webm) ──────────────────────────────────────────────────────────────
    test-results/responsive-ui-ux-Responsive-UI-UX-Testing-Suit-9bbab-n-should-display-properly-on-all-viewport-sizes-mobile-iphone-13-retry1/video.webm
    ────────────────────────────────────────────────────────────────────────────────────────────────

    attachment #3: trace (application/zip) ─────────────────────────────────────────────────────────
    test-results/responsive-ui-ux-Responsive-UI-UX-Testing-Suit-9bbab-n-should-display-properly-on-all-viewport-sizes-mobile-iphone-13-retry1/trace.zip
    Usage:

        npx playwright show-trace test-results/responsive-ui-ux-Responsive-UI-UX-Testing-Suit-9bbab-n-should-display-properly-on-all-viewport-sizes-mobile-iphone-13-retry1/trace.zip

    ────────────────────────────────────────────────────────────────────────────────────────────────

    Retry #2 ───────────────────────────────────────────────────────────────────────────────────────

    Error: expect(received).toBeGreaterThanOrEqual(expected)

    Expected: >= 44
    Received:    31

      82 |           const boundingBox = await button.boundingBox();
      83 |           if (boundingBox) {
    > 84 |             expect(boundingBox.height).toBeGreaterThanOrEqual(44); // Minimum touch target
         |                                        ^
      85 |           }
      86 |         }
      87 |       }

        at /Users/thabonyembe/Documents/freeflow-app-9/tests/e2e/responsive-ui-ux.spec.ts:84:40

    attachment #1: screenshot (image/png) ──────────────────────────────────────────────────────────
    test-results/responsive-ui-ux-Responsive-UI-UX-Testing-Suit-9bbab-n-should-display-properly-on-all-viewport-sizes-mobile-iphone-13-retry2/test-failed-1.png
    ────────────────────────────────────────────────────────────────────────────────────────────────

    attachment #2: video (video/webm) ──────────────────────────────────────────────────────────────
    test-results/responsive-ui-ux-Responsive-UI-UX-Testing-Suit-9bbab-n-should-display-properly-on-all-viewport-sizes-mobile-iphone-13-retry2/video.webm
    ────────────────────────────────────────────────────────────────────────────────────────────────
]]>
</failure>
<system-out>
<![CDATA[
[[ATTACHMENT|responsive-ui-ux-Responsive-UI-UX-Testing-Suit-9bbab-n-should-display-properly-on-all-viewport-sizes-mobile-iphone-13/test-failed-1.png]]

[[ATTACHMENT|responsive-ui-ux-Responsive-UI-UX-Testing-Suit-9bbab-n-should-display-properly-on-all-viewport-sizes-mobile-iphone-13/video.webm]]

[[ATTACHMENT|responsive-ui-ux-Responsive-UI-UX-Testing-Suit-9bbab-n-should-display-properly-on-all-viewport-sizes-mobile-iphone-13-retry1/test-failed-1.png]]

[[ATTACHMENT|responsive-ui-ux-Responsive-UI-UX-Testing-Suit-9bbab-n-should-display-properly-on-all-viewport-sizes-mobile-iphone-13-retry1/video.webm]]

[[ATTACHMENT|responsive-ui-ux-Responsive-UI-UX-Testing-Suit-9bbab-n-should-display-properly-on-all-viewport-sizes-mobile-iphone-13-retry1/trace.zip]]

[[ATTACHMENT|responsive-ui-ux-Responsive-UI-UX-Testing-Suit-9bbab-n-should-display-properly-on-all-viewport-sizes-mobile-iphone-13-retry2/test-failed-1.png]]

[[ATTACHMENT|responsive-ui-ux-Responsive-UI-UX-Testing-Suit-9bbab-n-should-display-properly-on-all-viewport-sizes-mobile-iphone-13-retry2/video.webm]]
]]>
</system-out>
</testcase>
<testcase name="Responsive UI/UX Testing Suite › Landing Page Responsive Design › should handle navigation interactions properly" classname="responsive-ui-ux.spec.ts" time="22.855">
<failure message="responsive-ui-ux.spec.ts:92:9 should handle navigation interactions properly" type="FAILURE">
<![CDATA[  [mobile-iphone-13] › responsive-ui-ux.spec.ts:92:9 › Responsive UI/UX Testing Suite › Landing Page Responsive Design › should handle navigation interactions properly 

    Error: Timed out 5000ms waiting for expect(locator).toBeVisible()

    Locator: locator('[data-testid="mobile-menu-content"]').first()
    Expected: visible
    Received: hidden
    Call log:
      - expect.toBeVisible with timeout 5000ms
      - waiting for locator('[data-testid="mobile-menu-content"]').first()


      104 |           
      105 |           const menuPanel = page.locator('[data-testid="mobile-menu-content"]').first();
    > 106 |           await expect(menuPanel).toBeVisible();
          |                                   ^
      107 |           
      108 |           // Close menu after testing
      109 |           await mobileMenuButton.click({ force: true });

        at /Users/thabonyembe/Documents/freeflow-app-9/tests/e2e/responsive-ui-ux.spec.ts:106:35

    attachment #1: screenshot (image/png) ──────────────────────────────────────────────────────────
    test-results/responsive-ui-ux-Responsive-UI-UX-Testing-Suit-bfb2f--should-handle-navigation-interactions-properly-mobile-iphone-13/test-failed-1.png
    ────────────────────────────────────────────────────────────────────────────────────────────────

    attachment #2: video (video/webm) ──────────────────────────────────────────────────────────────
    test-results/responsive-ui-ux-Responsive-UI-UX-Testing-Suit-bfb2f--should-handle-navigation-interactions-properly-mobile-iphone-13/video.webm
    ────────────────────────────────────────────────────────────────────────────────────────────────

    Retry #1 ───────────────────────────────────────────────────────────────────────────────────────

    Error: Timed out 5000ms waiting for expect(locator).toBeVisible()

    Locator: locator('[data-testid="mobile-menu-content"]').first()
    Expected: visible
    Received: hidden
    Call log:
      - expect.toBeVisible with timeout 5000ms
      - waiting for locator('[data-testid="mobile-menu-content"]').first()


      104 |           
      105 |           const menuPanel = page.locator('[data-testid="mobile-menu-content"]').first();
    > 106 |           await expect(menuPanel).toBeVisible();
          |                                   ^
      107 |           
      108 |           // Close menu after testing
      109 |           await mobileMenuButton.click({ force: true });

        at /Users/thabonyembe/Documents/freeflow-app-9/tests/e2e/responsive-ui-ux.spec.ts:106:35

    attachment #1: screenshot (image/png) ──────────────────────────────────────────────────────────
    test-results/responsive-ui-ux-Responsive-UI-UX-Testing-Suit-bfb2f--should-handle-navigation-interactions-properly-mobile-iphone-13-retry1/test-failed-1.png
    ────────────────────────────────────────────────────────────────────────────────────────────────

    attachment #2: video (video/webm) ──────────────────────────────────────────────────────────────
    test-results/responsive-ui-ux-Responsive-UI-UX-Testing-Suit-bfb2f--should-handle-navigation-interactions-properly-mobile-iphone-13-retry1/video.webm
    ────────────────────────────────────────────────────────────────────────────────────────────────

    attachment #3: trace (application/zip) ─────────────────────────────────────────────────────────
    test-results/responsive-ui-ux-Responsive-UI-UX-Testing-Suit-bfb2f--should-handle-navigation-interactions-properly-mobile-iphone-13-retry1/trace.zip
    Usage:

        npx playwright show-trace test-results/responsive-ui-ux-Responsive-UI-UX-Testing-Suit-bfb2f--should-handle-navigation-interactions-properly-mobile-iphone-13-retry1/trace.zip

    ────────────────────────────────────────────────────────────────────────────────────────────────

    Retry #2 ───────────────────────────────────────────────────────────────────────────────────────

    Error: Timed out 5000ms waiting for expect(locator).toBeVisible()

    Locator: locator('[data-testid="mobile-menu-content"]').first()
    Expected: visible
    Received: hidden
    Call log:
      - expect.toBeVisible with timeout 5000ms
      - waiting for locator('[data-testid="mobile-menu-content"]').first()


      104 |           
      105 |           const menuPanel = page.locator('[data-testid="mobile-menu-content"]').first();
    > 106 |           await expect(menuPanel).toBeVisible();
          |                                   ^
      107 |           
      108 |           // Close menu after testing
      109 |           await mobileMenuButton.click({ force: true });

        at /Users/thabonyembe/Documents/freeflow-app-9/tests/e2e/responsive-ui-ux.spec.ts:106:35

    attachment #1: screenshot (image/png) ──────────────────────────────────────────────────────────
    test-results/responsive-ui-ux-Responsive-UI-UX-Testing-Suit-bfb2f--should-handle-navigation-interactions-properly-mobile-iphone-13-retry2/test-failed-1.png
    ────────────────────────────────────────────────────────────────────────────────────────────────

    attachment #2: video (video/webm) ──────────────────────────────────────────────────────────────
    test-results/responsive-ui-ux-Responsive-UI-UX-Testing-Suit-bfb2f--should-handle-navigation-interactions-properly-mobile-iphone-13-retry2/video.webm
    ────────────────────────────────────────────────────────────────────────────────────────────────
]]>
</failure>
<system-out>
<![CDATA[
[[ATTACHMENT|responsive-ui-ux-Responsive-UI-UX-Testing-Suit-bfb2f--should-handle-navigation-interactions-properly-mobile-iphone-13/test-failed-1.png]]

[[ATTACHMENT|responsive-ui-ux-Responsive-UI-UX-Testing-Suit-bfb2f--should-handle-navigation-interactions-properly-mobile-iphone-13/video.webm]]

[[ATTACHMENT|responsive-ui-ux-Responsive-UI-UX-Testing-Suit-bfb2f--should-handle-navigation-interactions-properly-mobile-iphone-13-retry1/test-failed-1.png]]

[[ATTACHMENT|responsive-ui-ux-Responsive-UI-UX-Testing-Suit-bfb2f--should-handle-navigation-interactions-properly-mobile-iphone-13-retry1/video.webm]]

[[ATTACHMENT|responsive-ui-ux-Responsive-UI-UX-Testing-Suit-bfb2f--should-handle-navigation-interactions-properly-mobile-iphone-13-retry1/trace.zip]]

[[ATTACHMENT|responsive-ui-ux-Responsive-UI-UX-Testing-Suit-bfb2f--should-handle-navigation-interactions-properly-mobile-iphone-13-retry2/test-failed-1.png]]

[[ATTACHMENT|responsive-ui-ux-Responsive-UI-UX-Testing-Suit-bfb2f--should-handle-navigation-interactions-properly-mobile-iphone-13-retry2/video.webm]]
]]>
</system-out>
</testcase>
<testcase name="Responsive UI/UX Testing Suite › Dashboard Responsive Layout › should display dashboard layout correctly" classname="responsive-ui-ux.spec.ts" time="2.216">
<system-out>
<![CDATA[✓ Dashboard layout tested on mobile (390x664)
]]>
</system-out>
</testcase>
<testcase name="Responsive UI/UX Testing Suite › Dashboard Responsive Layout › should handle dashboard navigation properly" classname="responsive-ui-ux.spec.ts" time="9.563">
<failure message="responsive-ui-ux.spec.ts:192:9 should handle dashboard navigation properly" type="FAILURE">
<![CDATA[  [mobile-iphone-13] › responsive-ui-ux.spec.ts:192:9 › Responsive UI/UX Testing Suite › Dashboard Responsive Layout › should handle dashboard navigation properly 

    Error: expect(received).toMatch(expected)

    Expected pattern: /projects-hub/
    Received string:  "http://localhost:3001/dashboard"

      210 |           // Verify navigation worked
      211 |           const currentUrl = page.url();
    > 212 |           expect(currentUrl).toMatch(new RegExp(navItem.toLowerCase().replace(' ', '-')));
          |                              ^
      213 |           
      214 |           // Take screenshot of each section
      215 |           await page.screenshot({ 

        at /Users/thabonyembe/Documents/freeflow-app-9/tests/e2e/responsive-ui-ux.spec.ts:212:30

    attachment #1: screenshot (image/png) ──────────────────────────────────────────────────────────
    test-results/responsive-ui-ux-Responsive-UI-UX-Testing-Suit-b7d3a-out-should-handle-dashboard-navigation-properly-mobile-iphone-13/test-failed-1.png
    ────────────────────────────────────────────────────────────────────────────────────────────────

    attachment #2: video (video/webm) ──────────────────────────────────────────────────────────────
    test-results/responsive-ui-ux-Responsive-UI-UX-Testing-Suit-b7d3a-out-should-handle-dashboard-navigation-properly-mobile-iphone-13/video.webm
    ────────────────────────────────────────────────────────────────────────────────────────────────

    Retry #1 ───────────────────────────────────────────────────────────────────────────────────────

    Error: expect(received).toMatch(expected)

    Expected pattern: /projects-hub/
    Received string:  "http://localhost:3001/dashboard"

      210 |           // Verify navigation worked
      211 |           const currentUrl = page.url();
    > 212 |           expect(currentUrl).toMatch(new RegExp(navItem.toLowerCase().replace(' ', '-')));
          |                              ^
      213 |           
      214 |           // Take screenshot of each section
      215 |           await page.screenshot({ 

        at /Users/thabonyembe/Documents/freeflow-app-9/tests/e2e/responsive-ui-ux.spec.ts:212:30

    attachment #1: screenshot (image/png) ──────────────────────────────────────────────────────────
    test-results/responsive-ui-ux-Responsive-UI-UX-Testing-Suit-b7d3a-out-should-handle-dashboard-navigation-properly-mobile-iphone-13-retry1/test-failed-1.png
    ────────────────────────────────────────────────────────────────────────────────────────────────

    attachment #2: video (video/webm) ──────────────────────────────────────────────────────────────
    test-results/responsive-ui-ux-Responsive-UI-UX-Testing-Suit-b7d3a-out-should-handle-dashboard-navigation-properly-mobile-iphone-13-retry1/video.webm
    ────────────────────────────────────────────────────────────────────────────────────────────────

    attachment #3: trace (application/zip) ─────────────────────────────────────────────────────────
    test-results/responsive-ui-ux-Responsive-UI-UX-Testing-Suit-b7d3a-out-should-handle-dashboard-navigation-properly-mobile-iphone-13-retry1/trace.zip
    Usage:

        npx playwright show-trace test-results/responsive-ui-ux-Responsive-UI-UX-Testing-Suit-b7d3a-out-should-handle-dashboard-navigation-properly-mobile-iphone-13-retry1/trace.zip

    ────────────────────────────────────────────────────────────────────────────────────────────────

    Retry #2 ───────────────────────────────────────────────────────────────────────────────────────

    Error: expect(received).toMatch(expected)

    Expected pattern: /projects-hub/
    Received string:  "http://localhost:3001/dashboard"

      210 |           // Verify navigation worked
      211 |           const currentUrl = page.url();
    > 212 |           expect(currentUrl).toMatch(new RegExp(navItem.toLowerCase().replace(' ', '-')));
          |                              ^
      213 |           
      214 |           // Take screenshot of each section
      215 |           await page.screenshot({ 

        at /Users/thabonyembe/Documents/freeflow-app-9/tests/e2e/responsive-ui-ux.spec.ts:212:30

    attachment #1: screenshot (image/png) ──────────────────────────────────────────────────────────
    test-results/responsive-ui-ux-Responsive-UI-UX-Testing-Suit-b7d3a-out-should-handle-dashboard-navigation-properly-mobile-iphone-13-retry2/test-failed-1.png
    ────────────────────────────────────────────────────────────────────────────────────────────────

    attachment #2: video (video/webm) ──────────────────────────────────────────────────────────────
    test-results/responsive-ui-ux-Responsive-UI-UX-Testing-Suit-b7d3a-out-should-handle-dashboard-navigation-properly-mobile-iphone-13-retry2/video.webm
    ────────────────────────────────────────────────────────────────────────────────────────────────
]]>
</failure>
<system-out>
<![CDATA[
[[ATTACHMENT|responsive-ui-ux-Responsive-UI-UX-Testing-Suit-b7d3a-out-should-handle-dashboard-navigation-properly-mobile-iphone-13/test-failed-1.png]]

[[ATTACHMENT|responsive-ui-ux-Responsive-UI-UX-Testing-Suit-b7d3a-out-should-handle-dashboard-navigation-properly-mobile-iphone-13/video.webm]]

[[ATTACHMENT|responsive-ui-ux-Responsive-UI-UX-Testing-Suit-b7d3a-out-should-handle-dashboard-navigation-properly-mobile-iphone-13-retry1/test-failed-1.png]]

[[ATTACHMENT|responsive-ui-ux-Responsive-UI-UX-Testing-Suit-b7d3a-out-should-handle-dashboard-navigation-properly-mobile-iphone-13-retry1/video.webm]]

[[ATTACHMENT|responsive-ui-ux-Responsive-UI-UX-Testing-Suit-b7d3a-out-should-handle-dashboard-navigation-properly-mobile-iphone-13-retry1/trace.zip]]

[[ATTACHMENT|responsive-ui-ux-Responsive-UI-UX-Testing-Suit-b7d3a-out-should-handle-dashboard-navigation-properly-mobile-iphone-13-retry2/test-failed-1.png]]

[[ATTACHMENT|responsive-ui-ux-Responsive-UI-UX-Testing-Suit-b7d3a-out-should-handle-dashboard-navigation-properly-mobile-iphone-13-retry2/video.webm]]
]]>
</system-out>
</testcase>
<testcase name="Responsive UI/UX Testing Suite › Component Responsive Behavior › should render forms responsively" classname="responsive-ui-ux.spec.ts" time="20.863">
<failure message="responsive-ui-ux.spec.ts:230:9 should render forms responsively" type="FAILURE">
<![CDATA[  [mobile-iphone-13] › responsive-ui-ux.spec.ts:230:9 › Responsive UI/UX Testing Suite › Component Responsive Behavior › should render forms responsively 

    Error: Timed out 5000ms waiting for expect(locator).toBeVisible()

    Locator: locator('form').first()
    Expected: visible
    Received: hidden
    Call log:
      - expect.toBeVisible with timeout 5000ms
      - waiting for locator('form').first()


      241 |       // Test form layout
      242 |       const loginForm = page.locator('form').first();
    > 243 |       await expect(loginForm).toBeVisible();
          |                               ^
      244 |       
      245 |       const formBox = await loginForm.boundingBox();
      246 |       if (formBox) {

        at /Users/thabonyembe/Documents/freeflow-app-9/tests/e2e/responsive-ui-ux.spec.ts:243:31

    attachment #1: screenshot (image/png) ──────────────────────────────────────────────────────────
    test-results/responsive-ui-ux-Responsive-UI-UX-Testing-Suit-7cf3f-nsive-Behavior-should-render-forms-responsively-mobile-iphone-13/test-failed-1.png
    ────────────────────────────────────────────────────────────────────────────────────────────────

    attachment #2: video (video/webm) ──────────────────────────────────────────────────────────────
    test-results/responsive-ui-ux-Responsive-UI-UX-Testing-Suit-7cf3f-nsive-Behavior-should-render-forms-responsively-mobile-iphone-13/video.webm
    ────────────────────────────────────────────────────────────────────────────────────────────────

    Retry #1 ───────────────────────────────────────────────────────────────────────────────────────

    Error: Timed out 5000ms waiting for expect(locator).toBeVisible()

    Locator: locator('form').first()
    Expected: visible
    Received: hidden
    Call log:
      - expect.toBeVisible with timeout 5000ms
      - waiting for locator('form').first()


      241 |       // Test form layout
      242 |       const loginForm = page.locator('form').first();
    > 243 |       await expect(loginForm).toBeVisible();
          |                               ^
      244 |       
      245 |       const formBox = await loginForm.boundingBox();
      246 |       if (formBox) {

        at /Users/thabonyembe/Documents/freeflow-app-9/tests/e2e/responsive-ui-ux.spec.ts:243:31

    attachment #1: screenshot (image/png) ──────────────────────────────────────────────────────────
    test-results/responsive-ui-ux-Responsive-UI-UX-Testing-Suit-7cf3f-nsive-Behavior-should-render-forms-responsively-mobile-iphone-13-retry1/test-failed-1.png
    ────────────────────────────────────────────────────────────────────────────────────────────────

    attachment #2: video (video/webm) ──────────────────────────────────────────────────────────────
    test-results/responsive-ui-ux-Responsive-UI-UX-Testing-Suit-7cf3f-nsive-Behavior-should-render-forms-responsively-mobile-iphone-13-retry1/video.webm
    ────────────────────────────────────────────────────────────────────────────────────────────────

    attachment #3: trace (application/zip) ─────────────────────────────────────────────────────────
    test-results/responsive-ui-ux-Responsive-UI-UX-Testing-Suit-7cf3f-nsive-Behavior-should-render-forms-responsively-mobile-iphone-13-retry1/trace.zip
    Usage:

        npx playwright show-trace test-results/responsive-ui-ux-Responsive-UI-UX-Testing-Suit-7cf3f-nsive-Behavior-should-render-forms-responsively-mobile-iphone-13-retry1/trace.zip

    ────────────────────────────────────────────────────────────────────────────────────────────────

    Retry #2 ───────────────────────────────────────────────────────────────────────────────────────

    Error: Timed out 5000ms waiting for expect(locator).toBeVisible()

    Locator: locator('form').first()
    Expected: visible
    Received: hidden
    Call log:
      - expect.toBeVisible with timeout 5000ms
      - waiting for locator('form').first()


      241 |       // Test form layout
      242 |       const loginForm = page.locator('form').first();
    > 243 |       await expect(loginForm).toBeVisible();
          |                               ^
      244 |       
      245 |       const formBox = await loginForm.boundingBox();
      246 |       if (formBox) {

        at /Users/thabonyembe/Documents/freeflow-app-9/tests/e2e/responsive-ui-ux.spec.ts:243:31

    attachment #1: screenshot (image/png) ──────────────────────────────────────────────────────────
    test-results/responsive-ui-ux-Responsive-UI-UX-Testing-Suit-7cf3f-nsive-Behavior-should-render-forms-responsively-mobile-iphone-13-retry2/test-failed-1.png
    ────────────────────────────────────────────────────────────────────────────────────────────────

    attachment #2: video (video/webm) ──────────────────────────────────────────────────────────────
    test-results/responsive-ui-ux-Responsive-UI-UX-Testing-Suit-7cf3f-nsive-Behavior-should-render-forms-responsively-mobile-iphone-13-retry2/video.webm
    ────────────────────────────────────────────────────────────────────────────────────────────────
]]>
</failure>
<system-out>
<![CDATA[
[[ATTACHMENT|responsive-ui-ux-Responsive-UI-UX-Testing-Suit-7cf3f-nsive-Behavior-should-render-forms-responsively-mobile-iphone-13/test-failed-1.png]]

[[ATTACHMENT|responsive-ui-ux-Responsive-UI-UX-Testing-Suit-7cf3f-nsive-Behavior-should-render-forms-responsively-mobile-iphone-13/video.webm]]

[[ATTACHMENT|responsive-ui-ux-Responsive-UI-UX-Testing-Suit-7cf3f-nsive-Behavior-should-render-forms-responsively-mobile-iphone-13-retry1/test-failed-1.png]]

[[ATTACHMENT|responsive-ui-ux-Responsive-UI-UX-Testing-Suit-7cf3f-nsive-Behavior-should-render-forms-responsively-mobile-iphone-13-retry1/video.webm]]

[[ATTACHMENT|responsive-ui-ux-Responsive-UI-UX-Testing-Suit-7cf3f-nsive-Behavior-should-render-forms-responsively-mobile-iphone-13-retry1/trace.zip]]

[[ATTACHMENT|responsive-ui-ux-Responsive-UI-UX-Testing-Suit-7cf3f-nsive-Behavior-should-render-forms-responsively-mobile-iphone-13-retry2/test-failed-1.png]]

[[ATTACHMENT|responsive-ui-ux-Responsive-UI-UX-Testing-Suit-7cf3f-nsive-Behavior-should-render-forms-responsively-mobile-iphone-13-retry2/video.webm]]
]]>
</system-out>
</testcase>
<testcase name="Responsive UI/UX Testing Suite › Component Responsive Behavior › should handle modal dialogs responsively" classname="responsive-ui-ux.spec.ts" time="2.57">
<system-out>
<![CDATA[✓ Modal responsiveness tested on mobile
]]>
</system-out>
</testcase>
<testcase name="Responsive UI/UX Testing Suite › Touch and Interaction Testing › should handle touch interactions on mobile devices" classname="responsive-ui-ux.spec.ts" time="7.227">
<failure message="responsive-ui-ux.spec.ts:314:9 should handle touch interactions on mobile devices" type="FAILURE">
<![CDATA[  [mobile-iphone-13] › responsive-ui-ux.spec.ts:314:9 › Responsive UI/UX Testing Suite › Touch and Interaction Testing › should handle touch interactions on mobile devices 

    Error: expect(received).toBeGreaterThanOrEqual(expected)

    Expected: >= 44
    Received:    18

      333 |           const targetBox = await target.boundingBox();
      334 |           if (targetBox) {
    > 335 |             expect(targetBox.height).toBeGreaterThanOrEqual(44); // iOS Human Interface Guidelines
          |                                      ^
      336 |             expect(targetBox.width).toBeGreaterThanOrEqual(44);
      337 |           }
      338 |         }

        at /Users/thabonyembe/Documents/freeflow-app-9/tests/e2e/responsive-ui-ux.spec.ts:335:38

    attachment #1: screenshot (image/png) ──────────────────────────────────────────────────────────
    test-results/responsive-ui-ux-Responsive-UI-UX-Testing-Suit-f02d1-uld-handle-touch-interactions-on-mobile-devices-mobile-iphone-13/test-failed-1.png
    ────────────────────────────────────────────────────────────────────────────────────────────────

    attachment #2: video (video/webm) ──────────────────────────────────────────────────────────────
    test-results/responsive-ui-ux-Responsive-UI-UX-Testing-Suit-f02d1-uld-handle-touch-interactions-on-mobile-devices-mobile-iphone-13/video.webm
    ────────────────────────────────────────────────────────────────────────────────────────────────

    Retry #1 ───────────────────────────────────────────────────────────────────────────────────────

    Error: expect(received).toBeGreaterThanOrEqual(expected)

    Expected: >= 44
    Received:    18

      333 |           const targetBox = await target.boundingBox();
      334 |           if (targetBox) {
    > 335 |             expect(targetBox.height).toBeGreaterThanOrEqual(44); // iOS Human Interface Guidelines
          |                                      ^
      336 |             expect(targetBox.width).toBeGreaterThanOrEqual(44);
      337 |           }
      338 |         }

        at /Users/thabonyembe/Documents/freeflow-app-9/tests/e2e/responsive-ui-ux.spec.ts:335:38

    attachment #1: screenshot (image/png) ──────────────────────────────────────────────────────────
    test-results/responsive-ui-ux-Responsive-UI-UX-Testing-Suit-f02d1-uld-handle-touch-interactions-on-mobile-devices-mobile-iphone-13-retry1/test-failed-1.png
    ────────────────────────────────────────────────────────────────────────────────────────────────

    attachment #2: video (video/webm) ──────────────────────────────────────────────────────────────
    test-results/responsive-ui-ux-Responsive-UI-UX-Testing-Suit-f02d1-uld-handle-touch-interactions-on-mobile-devices-mobile-iphone-13-retry1/video.webm
    ────────────────────────────────────────────────────────────────────────────────────────────────

    attachment #3: trace (application/zip) ─────────────────────────────────────────────────────────
    test-results/responsive-ui-ux-Responsive-UI-UX-Testing-Suit-f02d1-uld-handle-touch-interactions-on-mobile-devices-mobile-iphone-13-retry1/trace.zip
    Usage:

        npx playwright show-trace test-results/responsive-ui-ux-Responsive-UI-UX-Testing-Suit-f02d1-uld-handle-touch-interactions-on-mobile-devices-mobile-iphone-13-retry1/trace.zip

    ────────────────────────────────────────────────────────────────────────────────────────────────

    Retry #2 ───────────────────────────────────────────────────────────────────────────────────────

    Error: expect(received).toBeGreaterThanOrEqual(expected)

    Expected: >= 44
    Received:    18

      333 |           const targetBox = await target.boundingBox();
      334 |           if (targetBox) {
    > 335 |             expect(targetBox.height).toBeGreaterThanOrEqual(44); // iOS Human Interface Guidelines
          |                                      ^
      336 |             expect(targetBox.width).toBeGreaterThanOrEqual(44);
      337 |           }
      338 |         }

        at /Users/thabonyembe/Documents/freeflow-app-9/tests/e2e/responsive-ui-ux.spec.ts:335:38

    attachment #1: screenshot (image/png) ──────────────────────────────────────────────────────────
    test-results/responsive-ui-ux-Responsive-UI-UX-Testing-Suit-f02d1-uld-handle-touch-interactions-on-mobile-devices-mobile-iphone-13-retry2/test-failed-1.png
    ────────────────────────────────────────────────────────────────────────────────────────────────

    attachment #2: video (video/webm) ──────────────────────────────────────────────────────────────
    test-results/responsive-ui-ux-Responsive-UI-UX-Testing-Suit-f02d1-uld-handle-touch-interactions-on-mobile-devices-mobile-iphone-13-retry2/video.webm
    ────────────────────────────────────────────────────────────────────────────────────────────────
]]>
</failure>
<system-out>
<![CDATA[
[[ATTACHMENT|responsive-ui-ux-Responsive-UI-UX-Testing-Suit-f02d1-uld-handle-touch-interactions-on-mobile-devices-mobile-iphone-13/test-failed-1.png]]

[[ATTACHMENT|responsive-ui-ux-Responsive-UI-UX-Testing-Suit-f02d1-uld-handle-touch-interactions-on-mobile-devices-mobile-iphone-13/video.webm]]

[[ATTACHMENT|responsive-ui-ux-Responsive-UI-UX-Testing-Suit-f02d1-uld-handle-touch-interactions-on-mobile-devices-mobile-iphone-13-retry1/test-failed-1.png]]

[[ATTACHMENT|responsive-ui-ux-Responsive-UI-UX-Testing-Suit-f02d1-uld-handle-touch-interactions-on-mobile-devices-mobile-iphone-13-retry1/video.webm]]

[[ATTACHMENT|responsive-ui-ux-Responsive-UI-UX-Testing-Suit-f02d1-uld-handle-touch-interactions-on-mobile-devices-mobile-iphone-13-retry1/trace.zip]]

[[ATTACHMENT|responsive-ui-ux-Responsive-UI-UX-Testing-Suit-f02d1-uld-handle-touch-interactions-on-mobile-devices-mobile-iphone-13-retry2/test-failed-1.png]]

[[ATTACHMENT|responsive-ui-ux-Responsive-UI-UX-Testing-Suit-f02d1-uld-handle-touch-interactions-on-mobile-devices-mobile-iphone-13-retry2/video.webm]]
]]>
</system-out>
</testcase>
<testcase name="Responsive UI/UX Testing Suite › Performance and Accessibility › should meet accessibility standards" classname="responsive-ui-ux.spec.ts" time="2.027">
<system-out>
<![CDATA[✓ Accessibility tested on mobile
]]>
</system-out>
</testcase>
<testcase name="Responsive UI/UX Testing Suite › Performance and Accessibility › should have reasonable load times" classname="responsive-ui-ux.spec.ts" time="4.911">
<system-out>
<![CDATA[✓ Performance tested on mobile - Load time: 1718ms, CLS: 0
]]>
</system-out>
</testcase>
<testcase name="Responsive UI/UX Testing Suite › Cross-viewport Consistency › should maintain consistent branding and styling" classname="responsive-ui-ux.spec.ts" time="2.011">
<system-out>
<![CDATA[✓ Branding consistency verified on mobile
]]>
</system-out>
</testcase>
</testsuite>
<testsuite name="responsive-ui-ux.spec.ts" timestamp="2025-06-11T23:37:50.432Z" hostname="mobile-samsung-galaxy" tests="10" failures="10" skipped="0" time="21.531" errors="0">
<testcase name="Responsive UI/UX Testing Suite › Landing Page Responsive Design › should display properly on all viewport sizes" classname="responsive-ui-ux.spec.ts" time="1.591">
<failure message="responsive-ui-ux.spec.ts:46:9 should display properly on all viewport sizes" type="FAILURE">
<![CDATA[  [mobile-samsung-galaxy] › responsive-ui-ux.spec.ts:46:9 › Responsive UI/UX Testing Suite › Landing Page Responsive Design › should display properly on all viewport sizes 

    TargetClosedError: Target page, context or browser has been closed


    Retry #1 ───────────────────────────────────────────────────────────────────────────────────────

    TargetClosedError: Target page, context or browser has been closed


    Retry #2 ───────────────────────────────────────────────────────────────────────────────────────

    TargetClosedError: Target page, context or browser has been closed

]]>
</failure>
</testcase>
<testcase name="Responsive UI/UX Testing Suite › Landing Page Responsive Design › should handle navigation interactions properly" classname="responsive-ui-ux.spec.ts" time="1.819">
<failure message="responsive-ui-ux.spec.ts:92:9 should handle navigation interactions properly" type="FAILURE">
<![CDATA[  [mobile-samsung-galaxy] › responsive-ui-ux.spec.ts:92:9 › Responsive UI/UX Testing Suite › Landing Page Responsive Design › should handle navigation interactions properly 

    TargetClosedError: Target page, context or browser has been closed


    Retry #1 ───────────────────────────────────────────────────────────────────────────────────────

    TargetClosedError: Target page, context or browser has been closed


    Retry #2 ───────────────────────────────────────────────────────────────────────────────────────

    TargetClosedError: Target page, context or browser has been closed

]]>
</failure>
</testcase>
<testcase name="Responsive UI/UX Testing Suite › Dashboard Responsive Layout › should display dashboard layout correctly" classname="responsive-ui-ux.spec.ts" time="1.844">
<failure message="responsive-ui-ux.spec.ts:133:9 should display dashboard layout correctly" type="FAILURE">
<![CDATA[  [mobile-samsung-galaxy] › responsive-ui-ux.spec.ts:133:9 › Responsive UI/UX Testing Suite › Dashboard Responsive Layout › should display dashboard layout correctly 

    TargetClosedError: Target page, context or browser has been closed


    Retry #1 ───────────────────────────────────────────────────────────────────────────────────────

    TargetClosedError: Target page, context or browser has been closed


    Retry #2 ───────────────────────────────────────────────────────────────────────────────────────

    TargetClosedError: Target page, context or browser has been closed

]]>
</failure>
</testcase>
<testcase name="Responsive UI/UX Testing Suite › Dashboard Responsive Layout › should handle dashboard navigation properly" classname="responsive-ui-ux.spec.ts" time="1.795">
<failure message="responsive-ui-ux.spec.ts:192:9 should handle dashboard navigation properly" type="FAILURE">
<![CDATA[  [mobile-samsung-galaxy] › responsive-ui-ux.spec.ts:192:9 › Responsive UI/UX Testing Suite › Dashboard Responsive Layout › should handle dashboard navigation properly 

    TargetClosedError: Target page, context or browser has been closed


    Retry #1 ───────────────────────────────────────────────────────────────────────────────────────

    TargetClosedError: Target page, context or browser has been closed


    Retry #2 ───────────────────────────────────────────────────────────────────────────────────────

    TargetClosedError: Target page, context or browser has been closed

]]>
</failure>
</testcase>
<testcase name="Responsive UI/UX Testing Suite › Component Responsive Behavior › should render forms responsively" classname="responsive-ui-ux.spec.ts" time="2.933">
<failure message="responsive-ui-ux.spec.ts:230:9 should render forms responsively" type="FAILURE">
<![CDATA[  [mobile-samsung-galaxy] › responsive-ui-ux.spec.ts:230:9 › Responsive UI/UX Testing Suite › Component Responsive Behavior › should render forms responsively 

    TargetClosedError: Target page, context or browser has been closed


    Retry #1 ───────────────────────────────────────────────────────────────────────────────────────

    TargetClosedError: Target page, context or browser has been closed


    Retry #2 ───────────────────────────────────────────────────────────────────────────────────────

    TargetClosedError: Target page, context or browser has been closed

]]>
</failure>
</testcase>
<testcase name="Responsive UI/UX Testing Suite › Component Responsive Behavior › should handle modal dialogs responsively" classname="responsive-ui-ux.spec.ts" time="2.38">
<failure message="responsive-ui-ux.spec.ts:274:9 should handle modal dialogs responsively" type="FAILURE">
<![CDATA[  [mobile-samsung-galaxy] › responsive-ui-ux.spec.ts:274:9 › Responsive UI/UX Testing Suite › Component Responsive Behavior › should handle modal dialogs responsively 

    TargetClosedError: Target page, context or browser has been closed


    Retry #1 ───────────────────────────────────────────────────────────────────────────────────────

    TargetClosedError: Target page, context or browser has been closed


    Retry #2 ───────────────────────────────────────────────────────────────────────────────────────

    TargetClosedError: Target page, context or browser has been closed

]]>
</failure>
</testcase>
<testcase name="Responsive UI/UX Testing Suite › Touch and Interaction Testing › should handle touch interactions on mobile devices" classname="responsive-ui-ux.spec.ts" time="2">
<failure message="responsive-ui-ux.spec.ts:314:9 should handle touch interactions on mobile devices" type="FAILURE">
<![CDATA[  [mobile-samsung-galaxy] › responsive-ui-ux.spec.ts:314:9 › Responsive UI/UX Testing Suite › Touch and Interaction Testing › should handle touch interactions on mobile devices 

    TargetClosedError: Target page, context or browser has been closed


    Retry #1 ───────────────────────────────────────────────────────────────────────────────────────

    TargetClosedError: Target page, context or browser has been closed


    Retry #2 ───────────────────────────────────────────────────────────────────────────────────────

    TargetClosedError: Target page, context or browser has been closed

]]>
</failure>
</testcase>
<testcase name="Responsive UI/UX Testing Suite › Performance and Accessibility › should meet accessibility standards" classname="responsive-ui-ux.spec.ts" time="2.304">
<failure message="responsive-ui-ux.spec.ts:363:9 should meet accessibility standards" type="FAILURE">
<![CDATA[  [mobile-samsung-galaxy] › responsive-ui-ux.spec.ts:363:9 › Responsive UI/UX Testing Suite › Performance and Accessibility › should meet accessibility standards 

    TargetClosedError: Target page, context or browser has been closed


    Retry #1 ───────────────────────────────────────────────────────────────────────────────────────

    TargetClosedError: Target page, context or browser has been closed


    Retry #2 ───────────────────────────────────────────────────────────────────────────────────────

    TargetClosedError: Target page, context or browser has been closed

]]>
</failure>
</testcase>
<testcase name="Responsive UI/UX Testing Suite › Performance and Accessibility › should have reasonable load times" classname="responsive-ui-ux.spec.ts" time="2.622">
<failure message="responsive-ui-ux.spec.ts:398:9 should have reasonable load times" type="FAILURE">
<![CDATA[  [mobile-samsung-galaxy] › responsive-ui-ux.spec.ts:398:9 › Responsive UI/UX Testing Suite › Performance and Accessibility › should have reasonable load times 

    TargetClosedError: Target page, context or browser has been closed


    Retry #1 ───────────────────────────────────────────────────────────────────────────────────────

    TargetClosedError: Target page, context or browser has been closed


    Retry #2 ───────────────────────────────────────────────────────────────────────────────────────

    TargetClosedError: Target page, context or browser has been closed

]]>
</failure>
</testcase>
<testcase name="Responsive UI/UX Testing Suite › Cross-viewport Consistency › should maintain consistent branding and styling" classname="responsive-ui-ux.spec.ts" time="2.243">
<failure message="responsive-ui-ux.spec.ts:434:9 should maintain consistent branding and styling" type="FAILURE">
<![CDATA[  [mobile-samsung-galaxy] › responsive-ui-ux.spec.ts:434:9 › Responsive UI/UX Testing Suite › Cross-viewport Consistency › should maintain consistent branding and styling 

    Error: browserContext.newPage: Target page, context or browser has been closed
    Browser logs:

    <launching> /Users/thabonyembe/Library/Caches/ms-playwright/chromium-1097/chrome-mac/Chromium.app/Contents/MacOS/Chromium --disable-field-trial-config --disable-background-networking --enable-features=NetworkService,NetworkServiceInProcess --disable-background-timer-throttling --disable-backgrounding-occluded-windows --disable-back-forward-cache --disable-breakpad --disable-client-side-phishing-detection --disable-component-extensions-with-background-pages --disable-component-update --no-default-browser-check --disable-default-apps --disable-dev-shm-usage --disable-extensions --disable-features=ImprovedCookieControls,LazyFrameLoading,GlobalMediaControls,DestroyProfileOnBrowserClose,MediaRouter,DialMediaRouteProvider,AcceptCHFrame,AutoExpandDetailsElement,CertificateTransparencyComponentUpdater,AvoidUnnecessaryBeforeUnloadCheckSync,Translate,HttpsUpgrades,PaintHolding --allow-pre-commit-input --disable-hang-monitor --disable-ipc-flooding-protection --disable-popup-blocking --disable-prompt-on-repost --disable-renderer-backgrounding --force-color-profile=srgb --metrics-recording-only --no-first-run --enable-automation --password-store=basic --use-mock-keychain --no-service-autorun --export-tagged-pdf --disable-search-engine-choice-screen --enable-use-zoom-for-dsf=false --no-sandbox --user-data-dir=/var/folders/g0/h_vmczvs61jf4r7kzhq0ypg40000gn/T/playwright_chromiumdev_profile-Wv5SZG --remote-debugging-pipe --no-startup-window
    <launched> pid=40364
    [pid=40364][err] [40364:259:0612/014055.258092:ERROR:policy_logger.cc(156)] :components/enterprise/browser/controller/chrome_browser_cloud_management_controller.cc(161) Cloud management controller initialization aborted as CBCM is not enabled. Please use the `--enable-chrome-browser-cloud-management` command line flag to enable it if you are not using the official Google Chrome build.
    [pid=40364][err] [0612/014055.910581:WARNING:crash_report_exception_handler.cc(235)] UniversalExceptionRaise: (os/kern) failure (5)


    Retry #1 ───────────────────────────────────────────────────────────────────────────────────────

    TargetClosedError: Target page, context or browser has been closed


    Retry #2 ───────────────────────────────────────────────────────────────────────────────────────

    TargetClosedError: Target page, context or browser has been closed

]]>
</failure>
</testcase>
</testsuite>
<testsuite name="responsive-ui-ux.spec.ts" timestamp="2025-06-11T23:37:50.432Z" hostname="mobile-iphone-se" tests="10" failures="5" skipped="0" time="80.398" errors="0">
<testcase name="Responsive UI/UX Testing Suite › Landing Page Responsive Design › should display properly on all viewport sizes" classname="responsive-ui-ux.spec.ts" time="6.779">
<failure message="responsive-ui-ux.spec.ts:46:9 should display properly on all viewport sizes" type="FAILURE">
<![CDATA[  [mobile-iphone-se] › responsive-ui-ux.spec.ts:46:9 › Responsive UI/UX Testing Suite › Landing Page Responsive Design › should display properly on all viewport sizes 

    Error: expect(received).toBeGreaterThanOrEqual(expected)

    Expected: >= 44
    Received:    31

      82 |           const boundingBox = await button.boundingBox();
      83 |           if (boundingBox) {
    > 84 |             expect(boundingBox.height).toBeGreaterThanOrEqual(44); // Minimum touch target
         |                                        ^
      85 |           }
      86 |         }
      87 |       }

        at /Users/thabonyembe/Documents/freeflow-app-9/tests/e2e/responsive-ui-ux.spec.ts:84:40

    attachment #1: screenshot (image/png) ──────────────────────────────────────────────────────────
    test-results/responsive-ui-ux-Responsive-UI-UX-Testing-Suit-9bbab-n-should-display-properly-on-all-viewport-sizes-mobile-iphone-se/test-failed-1.png
    ────────────────────────────────────────────────────────────────────────────────────────────────

    attachment #2: video (video/webm) ──────────────────────────────────────────────────────────────
    test-results/responsive-ui-ux-Responsive-UI-UX-Testing-Suit-9bbab-n-should-display-properly-on-all-viewport-sizes-mobile-iphone-se/video.webm
    ────────────────────────────────────────────────────────────────────────────────────────────────

    Retry #1 ───────────────────────────────────────────────────────────────────────────────────────

    Error: expect(received).toBeGreaterThanOrEqual(expected)

    Expected: >= 44
    Received:    31

      82 |           const boundingBox = await button.boundingBox();
      83 |           if (boundingBox) {
    > 84 |             expect(boundingBox.height).toBeGreaterThanOrEqual(44); // Minimum touch target
         |                                        ^
      85 |           }
      86 |         }
      87 |       }

        at /Users/thabonyembe/Documents/freeflow-app-9/tests/e2e/responsive-ui-ux.spec.ts:84:40

    attachment #1: screenshot (image/png) ──────────────────────────────────────────────────────────
    test-results/responsive-ui-ux-Responsive-UI-UX-Testing-Suit-9bbab-n-should-display-properly-on-all-viewport-sizes-mobile-iphone-se-retry1/test-failed-1.png
    ────────────────────────────────────────────────────────────────────────────────────────────────

    attachment #2: video (video/webm) ──────────────────────────────────────────────────────────────
    test-results/responsive-ui-ux-Responsive-UI-UX-Testing-Suit-9bbab-n-should-display-properly-on-all-viewport-sizes-mobile-iphone-se-retry1/video.webm
    ────────────────────────────────────────────────────────────────────────────────────────────────

    attachment #3: trace (application/zip) ─────────────────────────────────────────────────────────
    test-results/responsive-ui-ux-Responsive-UI-UX-Testing-Suit-9bbab-n-should-display-properly-on-all-viewport-sizes-mobile-iphone-se-retry1/trace.zip
    Usage:

        npx playwright show-trace test-results/responsive-ui-ux-Responsive-UI-UX-Testing-Suit-9bbab-n-should-display-properly-on-all-viewport-sizes-mobile-iphone-se-retry1/trace.zip

    ────────────────────────────────────────────────────────────────────────────────────────────────

    Retry #2 ───────────────────────────────────────────────────────────────────────────────────────

    Error: expect(received).toBeGreaterThanOrEqual(expected)

    Expected: >= 44
    Received:    31

      82 |           const boundingBox = await button.boundingBox();
      83 |           if (boundingBox) {
    > 84 |             expect(boundingBox.height).toBeGreaterThanOrEqual(44); // Minimum touch target
         |                                        ^
      85 |           }
      86 |         }
      87 |       }

        at /Users/thabonyembe/Documents/freeflow-app-9/tests/e2e/responsive-ui-ux.spec.ts:84:40

    attachment #1: screenshot (image/png) ──────────────────────────────────────────────────────────
    test-results/responsive-ui-ux-Responsive-UI-UX-Testing-Suit-9bbab-n-should-display-properly-on-all-viewport-sizes-mobile-iphone-se-retry2/test-failed-1.png
    ────────────────────────────────────────────────────────────────────────────────────────────────

    attachment #2: video (video/webm) ──────────────────────────────────────────────────────────────
    test-results/responsive-ui-ux-Responsive-UI-UX-Testing-Suit-9bbab-n-should-display-properly-on-all-viewport-sizes-mobile-iphone-se-retry2/video.webm
    ────────────────────────────────────────────────────────────────────────────────────────────────
]]>
</failure>
<system-out>
<![CDATA[
[[ATTACHMENT|responsive-ui-ux-Responsive-UI-UX-Testing-Suit-9bbab-n-should-display-properly-on-all-viewport-sizes-mobile-iphone-se/test-failed-1.png]]

[[ATTACHMENT|responsive-ui-ux-Responsive-UI-UX-Testing-Suit-9bbab-n-should-display-properly-on-all-viewport-sizes-mobile-iphone-se/video.webm]]

[[ATTACHMENT|responsive-ui-ux-Responsive-UI-UX-Testing-Suit-9bbab-n-should-display-properly-on-all-viewport-sizes-mobile-iphone-se-retry1/test-failed-1.png]]

[[ATTACHMENT|responsive-ui-ux-Responsive-UI-UX-Testing-Suit-9bbab-n-should-display-properly-on-all-viewport-sizes-mobile-iphone-se-retry1/video.webm]]

[[ATTACHMENT|responsive-ui-ux-Responsive-UI-UX-Testing-Suit-9bbab-n-should-display-properly-on-all-viewport-sizes-mobile-iphone-se-retry1/trace.zip]]

[[ATTACHMENT|responsive-ui-ux-Responsive-UI-UX-Testing-Suit-9bbab-n-should-display-properly-on-all-viewport-sizes-mobile-iphone-se-retry2/test-failed-1.png]]

[[ATTACHMENT|responsive-ui-ux-Responsive-UI-UX-Testing-Suit-9bbab-n-should-display-properly-on-all-viewport-sizes-mobile-iphone-se-retry2/video.webm]]
]]>
</system-out>
</testcase>
<testcase name="Responsive UI/UX Testing Suite › Landing Page Responsive Design › should handle navigation interactions properly" classname="responsive-ui-ux.spec.ts" time="22.817">
<failure message="responsive-ui-ux.spec.ts:92:9 should handle navigation interactions properly" type="FAILURE">
<![CDATA[  [mobile-iphone-se] › responsive-ui-ux.spec.ts:92:9 › Responsive UI/UX Testing Suite › Landing Page Responsive Design › should handle navigation interactions properly 

    Error: Timed out 5000ms waiting for expect(locator).toBeVisible()

    Locator: locator('[data-testid="mobile-menu-content"]').first()
    Expected: visible
    Received: hidden
    Call log:
      - expect.toBeVisible with timeout 5000ms
      - waiting for locator('[data-testid="mobile-menu-content"]').first()


      104 |           
      105 |           const menuPanel = page.locator('[data-testid="mobile-menu-content"]').first();
    > 106 |           await expect(menuPanel).toBeVisible();
          |                                   ^
      107 |           
      108 |           // Close menu after testing
      109 |           await mobileMenuButton.click({ force: true });

        at /Users/thabonyembe/Documents/freeflow-app-9/tests/e2e/responsive-ui-ux.spec.ts:106:35

    attachment #1: screenshot (image/png) ──────────────────────────────────────────────────────────
    test-results/responsive-ui-ux-Responsive-UI-UX-Testing-Suit-bfb2f--should-handle-navigation-interactions-properly-mobile-iphone-se/test-failed-1.png
    ────────────────────────────────────────────────────────────────────────────────────────────────

    attachment #2: video (video/webm) ──────────────────────────────────────────────────────────────
    test-results/responsive-ui-ux-Responsive-UI-UX-Testing-Suit-bfb2f--should-handle-navigation-interactions-properly-mobile-iphone-se/video.webm
    ────────────────────────────────────────────────────────────────────────────────────────────────

    Retry #1 ───────────────────────────────────────────────────────────────────────────────────────

    Error: Timed out 5000ms waiting for expect(locator).toBeVisible()

    Locator: locator('[data-testid="mobile-menu-content"]').first()
    Expected: visible
    Received: hidden
    Call log:
      - expect.toBeVisible with timeout 5000ms
      - waiting for locator('[data-testid="mobile-menu-content"]').first()


      104 |           
      105 |           const menuPanel = page.locator('[data-testid="mobile-menu-content"]').first();
    > 106 |           await expect(menuPanel).toBeVisible();
          |                                   ^
      107 |           
      108 |           // Close menu after testing
      109 |           await mobileMenuButton.click({ force: true });

        at /Users/thabonyembe/Documents/freeflow-app-9/tests/e2e/responsive-ui-ux.spec.ts:106:35

    attachment #1: screenshot (image/png) ──────────────────────────────────────────────────────────
    test-results/responsive-ui-ux-Responsive-UI-UX-Testing-Suit-bfb2f--should-handle-navigation-interactions-properly-mobile-iphone-se-retry1/test-failed-1.png
    ────────────────────────────────────────────────────────────────────────────────────────────────

    attachment #2: video (video/webm) ──────────────────────────────────────────────────────────────
    test-results/responsive-ui-ux-Responsive-UI-UX-Testing-Suit-bfb2f--should-handle-navigation-interactions-properly-mobile-iphone-se-retry1/video.webm
    ────────────────────────────────────────────────────────────────────────────────────────────────

    attachment #3: trace (application/zip) ─────────────────────────────────────────────────────────
    test-results/responsive-ui-ux-Responsive-UI-UX-Testing-Suit-bfb2f--should-handle-navigation-interactions-properly-mobile-iphone-se-retry1/trace.zip
    Usage:

        npx playwright show-trace test-results/responsive-ui-ux-Responsive-UI-UX-Testing-Suit-bfb2f--should-handle-navigation-interactions-properly-mobile-iphone-se-retry1/trace.zip

    ────────────────────────────────────────────────────────────────────────────────────────────────

    Retry #2 ───────────────────────────────────────────────────────────────────────────────────────

    Error: Timed out 5000ms waiting for expect(locator).toBeVisible()

    Locator: locator('[data-testid="mobile-menu-content"]').first()
    Expected: visible
    Received: hidden
    Call log:
      - expect.toBeVisible with timeout 5000ms
      - waiting for locator('[data-testid="mobile-menu-content"]').first()


      104 |           
      105 |           const menuPanel = page.locator('[data-testid="mobile-menu-content"]').first();
    > 106 |           await expect(menuPanel).toBeVisible();
          |                                   ^
      107 |           
      108 |           // Close menu after testing
      109 |           await mobileMenuButton.click({ force: true });

        at /Users/thabonyembe/Documents/freeflow-app-9/tests/e2e/responsive-ui-ux.spec.ts:106:35

    attachment #1: screenshot (image/png) ──────────────────────────────────────────────────────────
    test-results/responsive-ui-ux-Responsive-UI-UX-Testing-Suit-bfb2f--should-handle-navigation-interactions-properly-mobile-iphone-se-retry2/test-failed-1.png
    ────────────────────────────────────────────────────────────────────────────────────────────────

    attachment #2: video (video/webm) ──────────────────────────────────────────────────────────────
    test-results/responsive-ui-ux-Responsive-UI-UX-Testing-Suit-bfb2f--should-handle-navigation-interactions-properly-mobile-iphone-se-retry2/video.webm
    ────────────────────────────────────────────────────────────────────────────────────────────────
]]>
</failure>
<system-out>
<![CDATA[
[[ATTACHMENT|responsive-ui-ux-Responsive-UI-UX-Testing-Suit-bfb2f--should-handle-navigation-interactions-properly-mobile-iphone-se/test-failed-1.png]]

[[ATTACHMENT|responsive-ui-ux-Responsive-UI-UX-Testing-Suit-bfb2f--should-handle-navigation-interactions-properly-mobile-iphone-se/video.webm]]

[[ATTACHMENT|responsive-ui-ux-Responsive-UI-UX-Testing-Suit-bfb2f--should-handle-navigation-interactions-properly-mobile-iphone-se-retry1/test-failed-1.png]]

[[ATTACHMENT|responsive-ui-ux-Responsive-UI-UX-Testing-Suit-bfb2f--should-handle-navigation-interactions-properly-mobile-iphone-se-retry1/video.webm]]

[[ATTACHMENT|responsive-ui-ux-Responsive-UI-UX-Testing-Suit-bfb2f--should-handle-navigation-interactions-properly-mobile-iphone-se-retry1/trace.zip]]

[[ATTACHMENT|responsive-ui-ux-Responsive-UI-UX-Testing-Suit-bfb2f--should-handle-navigation-interactions-properly-mobile-iphone-se-retry2/test-failed-1.png]]

[[ATTACHMENT|responsive-ui-ux-Responsive-UI-UX-Testing-Suit-bfb2f--should-handle-navigation-interactions-properly-mobile-iphone-se-retry2/video.webm]]
]]>
</system-out>
</testcase>
<testcase name="Responsive UI/UX Testing Suite › Dashboard Responsive Layout › should display dashboard layout correctly" classname="responsive-ui-ux.spec.ts" time="2.078">
<system-out>
<![CDATA[✓ Dashboard layout tested on mobile (320x568)
]]>
</system-out>
</testcase>
<testcase name="Responsive UI/UX Testing Suite › Dashboard Responsive Layout › should handle dashboard navigation properly" classname="responsive-ui-ux.spec.ts" time="9.397">
<failure message="responsive-ui-ux.spec.ts:192:9 should handle dashboard navigation properly" type="FAILURE">
<![CDATA[  [mobile-iphone-se] › responsive-ui-ux.spec.ts:192:9 › Responsive UI/UX Testing Suite › Dashboard Responsive Layout › should handle dashboard navigation properly 

    Error: expect(received).toMatch(expected)

    Expected pattern: /projects-hub/
    Received string:  "http://localhost:3001/dashboard"

      210 |           // Verify navigation worked
      211 |           const currentUrl = page.url();
    > 212 |           expect(currentUrl).toMatch(new RegExp(navItem.toLowerCase().replace(' ', '-')));
          |                              ^
      213 |           
      214 |           // Take screenshot of each section
      215 |           await page.screenshot({ 

        at /Users/thabonyembe/Documents/freeflow-app-9/tests/e2e/responsive-ui-ux.spec.ts:212:30

    attachment #1: screenshot (image/png) ──────────────────────────────────────────────────────────
    test-results/responsive-ui-ux-Responsive-UI-UX-Testing-Suit-b7d3a-out-should-handle-dashboard-navigation-properly-mobile-iphone-se/test-failed-1.png
    ────────────────────────────────────────────────────────────────────────────────────────────────

    attachment #2: video (video/webm) ──────────────────────────────────────────────────────────────
    test-results/responsive-ui-ux-Responsive-UI-UX-Testing-Suit-b7d3a-out-should-handle-dashboard-navigation-properly-mobile-iphone-se/video.webm
    ────────────────────────────────────────────────────────────────────────────────────────────────

    Retry #1 ───────────────────────────────────────────────────────────────────────────────────────

    Error: expect(received).toMatch(expected)

    Expected pattern: /projects-hub/
    Received string:  "http://localhost:3001/dashboard"

      210 |           // Verify navigation worked
      211 |           const currentUrl = page.url();
    > 212 |           expect(currentUrl).toMatch(new RegExp(navItem.toLowerCase().replace(' ', '-')));
          |                              ^
      213 |           
      214 |           // Take screenshot of each section
      215 |           await page.screenshot({ 

        at /Users/thabonyembe/Documents/freeflow-app-9/tests/e2e/responsive-ui-ux.spec.ts:212:30

    attachment #1: screenshot (image/png) ──────────────────────────────────────────────────────────
    test-results/responsive-ui-ux-Responsive-UI-UX-Testing-Suit-b7d3a-out-should-handle-dashboard-navigation-properly-mobile-iphone-se-retry1/test-failed-1.png
    ────────────────────────────────────────────────────────────────────────────────────────────────

    attachment #2: video (video/webm) ──────────────────────────────────────────────────────────────
    test-results/responsive-ui-ux-Responsive-UI-UX-Testing-Suit-b7d3a-out-should-handle-dashboard-navigation-properly-mobile-iphone-se-retry1/video.webm
    ────────────────────────────────────────────────────────────────────────────────────────────────

    attachment #3: trace (application/zip) ─────────────────────────────────────────────────────────
    test-results/responsive-ui-ux-Responsive-UI-UX-Testing-Suit-b7d3a-out-should-handle-dashboard-navigation-properly-mobile-iphone-se-retry1/trace.zip
    Usage:

        npx playwright show-trace test-results/responsive-ui-ux-Responsive-UI-UX-Testing-Suit-b7d3a-out-should-handle-dashboard-navigation-properly-mobile-iphone-se-retry1/trace.zip

    ────────────────────────────────────────────────────────────────────────────────────────────────

    Retry #2 ───────────────────────────────────────────────────────────────────────────────────────

    Error: expect(received).toMatch(expected)

    Expected pattern: /projects-hub/
    Received string:  "http://localhost:3001/dashboard"

      210 |           // Verify navigation worked
      211 |           const currentUrl = page.url();
    > 212 |           expect(currentUrl).toMatch(new RegExp(navItem.toLowerCase().replace(' ', '-')));
          |                              ^
      213 |           
      214 |           // Take screenshot of each section
      215 |           await page.screenshot({ 

        at /Users/thabonyembe/Documents/freeflow-app-9/tests/e2e/responsive-ui-ux.spec.ts:212:30

    attachment #1: screenshot (image/png) ──────────────────────────────────────────────────────────
    test-results/responsive-ui-ux-Responsive-UI-UX-Testing-Suit-b7d3a-out-should-handle-dashboard-navigation-properly-mobile-iphone-se-retry2/test-failed-1.png
    ────────────────────────────────────────────────────────────────────────────────────────────────

    attachment #2: video (video/webm) ──────────────────────────────────────────────────────────────
    test-results/responsive-ui-ux-Responsive-UI-UX-Testing-Suit-b7d3a-out-should-handle-dashboard-navigation-properly-mobile-iphone-se-retry2/video.webm
    ────────────────────────────────────────────────────────────────────────────────────────────────
]]>
</failure>
<system-out>
<![CDATA[
[[ATTACHMENT|responsive-ui-ux-Responsive-UI-UX-Testing-Suit-b7d3a-out-should-handle-dashboard-navigation-properly-mobile-iphone-se/test-failed-1.png]]

[[ATTACHMENT|responsive-ui-ux-Responsive-UI-UX-Testing-Suit-b7d3a-out-should-handle-dashboard-navigation-properly-mobile-iphone-se/video.webm]]

[[ATTACHMENT|responsive-ui-ux-Responsive-UI-UX-Testing-Suit-b7d3a-out-should-handle-dashboard-navigation-properly-mobile-iphone-se-retry1/test-failed-1.png]]

[[ATTACHMENT|responsive-ui-ux-Responsive-UI-UX-Testing-Suit-b7d3a-out-should-handle-dashboard-navigation-properly-mobile-iphone-se-retry1/video.webm]]

[[ATTACHMENT|responsive-ui-ux-Responsive-UI-UX-Testing-Suit-b7d3a-out-should-handle-dashboard-navigation-properly-mobile-iphone-se-retry1/trace.zip]]

[[ATTACHMENT|responsive-ui-ux-Responsive-UI-UX-Testing-Suit-b7d3a-out-should-handle-dashboard-navigation-properly-mobile-iphone-se-retry2/test-failed-1.png]]

[[ATTACHMENT|responsive-ui-ux-Responsive-UI-UX-Testing-Suit-b7d3a-out-should-handle-dashboard-navigation-properly-mobile-iphone-se-retry2/video.webm]]
]]>
</system-out>
</testcase>
<testcase name="Responsive UI/UX Testing Suite › Component Responsive Behavior › should render forms responsively" classname="responsive-ui-ux.spec.ts" time="20.899">
<failure message="responsive-ui-ux.spec.ts:230:9 should render forms responsively" type="FAILURE">
<![CDATA[  [mobile-iphone-se] › responsive-ui-ux.spec.ts:230:9 › Responsive UI/UX Testing Suite › Component Responsive Behavior › should render forms responsively 

    Error: Timed out 5000ms waiting for expect(locator).toBeVisible()

    Locator: locator('form').first()
    Expected: visible
    Received: hidden
    Call log:
      - expect.toBeVisible with timeout 5000ms
      - waiting for locator('form').first()


      241 |       // Test form layout
      242 |       const loginForm = page.locator('form').first();
    > 243 |       await expect(loginForm).toBeVisible();
          |                               ^
      244 |       
      245 |       const formBox = await loginForm.boundingBox();
      246 |       if (formBox) {

        at /Users/thabonyembe/Documents/freeflow-app-9/tests/e2e/responsive-ui-ux.spec.ts:243:31

    attachment #1: screenshot (image/png) ──────────────────────────────────────────────────────────
    test-results/responsive-ui-ux-Responsive-UI-UX-Testing-Suit-7cf3f-nsive-Behavior-should-render-forms-responsively-mobile-iphone-se/test-failed-1.png
    ────────────────────────────────────────────────────────────────────────────────────────────────

    attachment #2: video (video/webm) ──────────────────────────────────────────────────────────────
    test-results/responsive-ui-ux-Responsive-UI-UX-Testing-Suit-7cf3f-nsive-Behavior-should-render-forms-responsively-mobile-iphone-se/video.webm
    ────────────────────────────────────────────────────────────────────────────────────────────────

    Retry #1 ───────────────────────────────────────────────────────────────────────────────────────

    Error: Timed out 5000ms waiting for expect(locator).toBeVisible()

    Locator: locator('form').first()
    Expected: visible
    Received: hidden
    Call log:
      - expect.toBeVisible with timeout 5000ms
      - waiting for locator('form').first()


      241 |       // Test form layout
      242 |       const loginForm = page.locator('form').first();
    > 243 |       await expect(loginForm).toBeVisible();
          |                               ^
      244 |       
      245 |       const formBox = await loginForm.boundingBox();
      246 |       if (formBox) {

        at /Users/thabonyembe/Documents/freeflow-app-9/tests/e2e/responsive-ui-ux.spec.ts:243:31

    attachment #1: screenshot (image/png) ──────────────────────────────────────────────────────────
    test-results/responsive-ui-ux-Responsive-UI-UX-Testing-Suit-7cf3f-nsive-Behavior-should-render-forms-responsively-mobile-iphone-se-retry1/test-failed-1.png
    ────────────────────────────────────────────────────────────────────────────────────────────────

    attachment #2: video (video/webm) ──────────────────────────────────────────────────────────────
    test-results/responsive-ui-ux-Responsive-UI-UX-Testing-Suit-7cf3f-nsive-Behavior-should-render-forms-responsively-mobile-iphone-se-retry1/video.webm
    ────────────────────────────────────────────────────────────────────────────────────────────────

    attachment #3: trace (application/zip) ─────────────────────────────────────────────────────────
    test-results/responsive-ui-ux-Responsive-UI-UX-Testing-Suit-7cf3f-nsive-Behavior-should-render-forms-responsively-mobile-iphone-se-retry1/trace.zip
    Usage:

        npx playwright show-trace test-results/responsive-ui-ux-Responsive-UI-UX-Testing-Suit-7cf3f-nsive-Behavior-should-render-forms-responsively-mobile-iphone-se-retry1/trace.zip

    ────────────────────────────────────────────────────────────────────────────────────────────────

    Retry #2 ───────────────────────────────────────────────────────────────────────────────────────

    Error: Timed out 5000ms waiting for expect(locator).toBeVisible()

    Locator: locator('form').first()
    Expected: visible
    Received: hidden
    Call log:
      - expect.toBeVisible with timeout 5000ms
      - waiting for locator('form').first()


      241 |       // Test form layout
      242 |       const loginForm = page.locator('form').first();
    > 243 |       await expect(loginForm).toBeVisible();
          |                               ^
      244 |       
      245 |       const formBox = await loginForm.boundingBox();
      246 |       if (formBox) {

        at /Users/thabonyembe/Documents/freeflow-app-9/tests/e2e/responsive-ui-ux.spec.ts:243:31

    attachment #1: screenshot (image/png) ──────────────────────────────────────────────────────────
    test-results/responsive-ui-ux-Responsive-UI-UX-Testing-Suit-7cf3f-nsive-Behavior-should-render-forms-responsively-mobile-iphone-se-retry2/test-failed-1.png
    ────────────────────────────────────────────────────────────────────────────────────────────────

    attachment #2: video (video/webm) ──────────────────────────────────────────────────────────────
    test-results/responsive-ui-ux-Responsive-UI-UX-Testing-Suit-7cf3f-nsive-Behavior-should-render-forms-responsively-mobile-iphone-se-retry2/video.webm
    ────────────────────────────────────────────────────────────────────────────────────────────────
]]>
</failure>
<system-out>
<![CDATA[
[[ATTACHMENT|responsive-ui-ux-Responsive-UI-UX-Testing-Suit-7cf3f-nsive-Behavior-should-render-forms-responsively-mobile-iphone-se/test-failed-1.png]]

[[ATTACHMENT|responsive-ui-ux-Responsive-UI-UX-Testing-Suit-7cf3f-nsive-Behavior-should-render-forms-responsively-mobile-iphone-se/video.webm]]

[[ATTACHMENT|responsive-ui-ux-Responsive-UI-UX-Testing-Suit-7cf3f-nsive-Behavior-should-render-forms-responsively-mobile-iphone-se-retry1/test-failed-1.png]]

[[ATTACHMENT|responsive-ui-ux-Responsive-UI-UX-Testing-Suit-7cf3f-nsive-Behavior-should-render-forms-responsively-mobile-iphone-se-retry1/video.webm]]

[[ATTACHMENT|responsive-ui-ux-Responsive-UI-UX-Testing-Suit-7cf3f-nsive-Behavior-should-render-forms-responsively-mobile-iphone-se-retry1/trace.zip]]

[[ATTACHMENT|responsive-ui-ux-Responsive-UI-UX-Testing-Suit-7cf3f-nsive-Behavior-should-render-forms-responsively-mobile-iphone-se-retry2/test-failed-1.png]]

[[ATTACHMENT|responsive-ui-ux-Responsive-UI-UX-Testing-Suit-7cf3f-nsive-Behavior-should-render-forms-responsively-mobile-iphone-se-retry2/video.webm]]
]]>
</system-out>
</testcase>
<testcase name="Responsive UI/UX Testing Suite › Component Responsive Behavior › should handle modal dialogs responsively" classname="responsive-ui-ux.spec.ts" time="2.53">
<system-out>
<![CDATA[✓ Modal responsiveness tested on mobile
]]>
</system-out>
</testcase>
<testcase name="Responsive UI/UX Testing Suite › Touch and Interaction Testing › should handle touch interactions on mobile devices" classname="responsive-ui-ux.spec.ts" time="6.925">
<failure message="responsive-ui-ux.spec.ts:314:9 should handle touch interactions on mobile devices" type="FAILURE">
<![CDATA[  [mobile-iphone-se] › responsive-ui-ux.spec.ts:314:9 › Responsive UI/UX Testing Suite › Touch and Interaction Testing › should handle touch interactions on mobile devices 

    Error: expect(received).toBeGreaterThanOrEqual(expected)

    Expected: >= 44
    Received:    18

      333 |           const targetBox = await target.boundingBox();
      334 |           if (targetBox) {
    > 335 |             expect(targetBox.height).toBeGreaterThanOrEqual(44); // iOS Human Interface Guidelines
          |                                      ^
      336 |             expect(targetBox.width).toBeGreaterThanOrEqual(44);
      337 |           }
      338 |         }

        at /Users/thabonyembe/Documents/freeflow-app-9/tests/e2e/responsive-ui-ux.spec.ts:335:38

    attachment #1: screenshot (image/png) ──────────────────────────────────────────────────────────
    test-results/responsive-ui-ux-Responsive-UI-UX-Testing-Suit-f02d1-uld-handle-touch-interactions-on-mobile-devices-mobile-iphone-se/test-failed-1.png
    ────────────────────────────────────────────────────────────────────────────────────────────────

    attachment #2: video (video/webm) ──────────────────────────────────────────────────────────────
    test-results/responsive-ui-ux-Responsive-UI-UX-Testing-Suit-f02d1-uld-handle-touch-interactions-on-mobile-devices-mobile-iphone-se/video.webm
    ────────────────────────────────────────────────────────────────────────────────────────────────

    Retry #1 ───────────────────────────────────────────────────────────────────────────────────────

    Error: expect(received).toBeGreaterThanOrEqual(expected)

    Expected: >= 44
    Received:    18

      333 |           const targetBox = await target.boundingBox();
      334 |           if (targetBox) {
    > 335 |             expect(targetBox.height).toBeGreaterThanOrEqual(44); // iOS Human Interface Guidelines
          |                                      ^
      336 |             expect(targetBox.width).toBeGreaterThanOrEqual(44);
      337 |           }
      338 |         }

        at /Users/thabonyembe/Documents/freeflow-app-9/tests/e2e/responsive-ui-ux.spec.ts:335:38

    attachment #1: screenshot (image/png) ──────────────────────────────────────────────────────────
    test-results/responsive-ui-ux-Responsive-UI-UX-Testing-Suit-f02d1-uld-handle-touch-interactions-on-mobile-devices-mobile-iphone-se-retry1/test-failed-1.png
    ────────────────────────────────────────────────────────────────────────────────────────────────

    attachment #2: video (video/webm) ──────────────────────────────────────────────────────────────
    test-results/responsive-ui-ux-Responsive-UI-UX-Testing-Suit-f02d1-uld-handle-touch-interactions-on-mobile-devices-mobile-iphone-se-retry1/video.webm
    ────────────────────────────────────────────────────────────────────────────────────────────────

    attachment #3: trace (application/zip) ─────────────────────────────────────────────────────────
    test-results/responsive-ui-ux-Responsive-UI-UX-Testing-Suit-f02d1-uld-handle-touch-interactions-on-mobile-devices-mobile-iphone-se-retry1/trace.zip
    Usage:

        npx playwright show-trace test-results/responsive-ui-ux-Responsive-UI-UX-Testing-Suit-f02d1-uld-handle-touch-interactions-on-mobile-devices-mobile-iphone-se-retry1/trace.zip

    ────────────────────────────────────────────────────────────────────────────────────────────────

    Retry #2 ───────────────────────────────────────────────────────────────────────────────────────

    Error: expect(received).toBeGreaterThanOrEqual(expected)

    Expected: >= 44
    Received:    18

      333 |           const targetBox = await target.boundingBox();
      334 |           if (targetBox) {
    > 335 |             expect(targetBox.height).toBeGreaterThanOrEqual(44); // iOS Human Interface Guidelines
          |                                      ^
      336 |             expect(targetBox.width).toBeGreaterThanOrEqual(44);
      337 |           }
      338 |         }

        at /Users/thabonyembe/Documents/freeflow-app-9/tests/e2e/responsive-ui-ux.spec.ts:335:38

    attachment #1: screenshot (image/png) ──────────────────────────────────────────────────────────
    test-results/responsive-ui-ux-Responsive-UI-UX-Testing-Suit-f02d1-uld-handle-touch-interactions-on-mobile-devices-mobile-iphone-se-retry2/test-failed-1.png
    ────────────────────────────────────────────────────────────────────────────────────────────────

    attachment #2: video (video/webm) ──────────────────────────────────────────────────────────────
    test-results/responsive-ui-ux-Responsive-UI-UX-Testing-Suit-f02d1-uld-handle-touch-interactions-on-mobile-devices-mobile-iphone-se-retry2/video.webm
    ────────────────────────────────────────────────────────────────────────────────────────────────
]]>
</failure>
<system-out>
<![CDATA[
[[ATTACHMENT|responsive-ui-ux-Responsive-UI-UX-Testing-Suit-f02d1-uld-handle-touch-interactions-on-mobile-devices-mobile-iphone-se/test-failed-1.png]]

[[ATTACHMENT|responsive-ui-ux-Responsive-UI-UX-Testing-Suit-f02d1-uld-handle-touch-interactions-on-mobile-devices-mobile-iphone-se/video.webm]]

[[ATTACHMENT|responsive-ui-ux-Responsive-UI-UX-Testing-Suit-f02d1-uld-handle-touch-interactions-on-mobile-devices-mobile-iphone-se-retry1/test-failed-1.png]]

[[ATTACHMENT|responsive-ui-ux-Responsive-UI-UX-Testing-Suit-f02d1-uld-handle-touch-interactions-on-mobile-devices-mobile-iphone-se-retry1/video.webm]]

[[ATTACHMENT|responsive-ui-ux-Responsive-UI-UX-Testing-Suit-f02d1-uld-handle-touch-interactions-on-mobile-devices-mobile-iphone-se-retry1/trace.zip]]

[[ATTACHMENT|responsive-ui-ux-Responsive-UI-UX-Testing-Suit-f02d1-uld-handle-touch-interactions-on-mobile-devices-mobile-iphone-se-retry2/test-failed-1.png]]

[[ATTACHMENT|responsive-ui-ux-Responsive-UI-UX-Testing-Suit-f02d1-uld-handle-touch-interactions-on-mobile-devices-mobile-iphone-se-retry2/video.webm]]
]]>
</system-out>
</testcase>
<testcase name="Responsive UI/UX Testing Suite › Performance and Accessibility › should meet accessibility standards" classname="responsive-ui-ux.spec.ts" time="2.003">
<system-out>
<![CDATA[✓ Accessibility tested on mobile
]]>
</system-out>
</testcase>
<testcase name="Responsive UI/UX Testing Suite › Performance and Accessibility › should have reasonable load times" classname="responsive-ui-ux.spec.ts" time="5.026">
<system-out>
<![CDATA[✓ Performance tested on mobile - Load time: 1851ms, CLS: 0
]]>
</system-out>
</testcase>
<testcase name="Responsive UI/UX Testing Suite › Cross-viewport Consistency › should maintain consistent branding and styling" classname="responsive-ui-ux.spec.ts" time="1.944">
<system-out>
<![CDATA[✓ Branding consistency verified on mobile
]]>
</system-out>
</testcase>
</testsuite>
<testsuite name="responsive-ui-ux.spec.ts" timestamp="2025-06-11T23:37:50.432Z" hostname="mobile-small-android" tests="10" failures="10" skipped="0" time="22.598" errors="0">
<testcase name="Responsive UI/UX Testing Suite › Landing Page Responsive Design › should display properly on all viewport sizes" classname="responsive-ui-ux.spec.ts" time="1.984">
<failure message="responsive-ui-ux.spec.ts:46:9 should display properly on all viewport sizes" type="FAILURE">
<![CDATA[  [mobile-small-android] › responsive-ui-ux.spec.ts:46:9 › Responsive UI/UX Testing Suite › Landing Page Responsive Design › should display properly on all viewport sizes 

    TargetClosedError: Target page, context or browser has been closed


    Retry #1 ───────────────────────────────────────────────────────────────────────────────────────

    TargetClosedError: Target page, context or browser has been closed


    Retry #2 ───────────────────────────────────────────────────────────────────────────────────────

    TargetClosedError: Target page, context or browser has been closed

]]>
</failure>
</testcase>
<testcase name="Responsive UI/UX Testing Suite › Landing Page Responsive Design › should handle navigation interactions properly" classname="responsive-ui-ux.spec.ts" time="2.004">
<failure message="responsive-ui-ux.spec.ts:92:9 should handle navigation interactions properly" type="FAILURE">
<![CDATA[  [mobile-small-android] › responsive-ui-ux.spec.ts:92:9 › Responsive UI/UX Testing Suite › Landing Page Responsive Design › should handle navigation interactions properly 

    TargetClosedError: Target page, context or browser has been closed


    Retry #1 ───────────────────────────────────────────────────────────────────────────────────────

    TargetClosedError: Target page, context or browser has been closed


    Retry #2 ───────────────────────────────────────────────────────────────────────────────────────

    TargetClosedError: Target page, context or browser has been closed

]]>
</failure>
</testcase>
<testcase name="Responsive UI/UX Testing Suite › Dashboard Responsive Layout › should display dashboard layout correctly" classname="responsive-ui-ux.spec.ts" time="2.322">
<failure message="responsive-ui-ux.spec.ts:133:9 should display dashboard layout correctly" type="FAILURE">
<![CDATA[  [mobile-small-android] › responsive-ui-ux.spec.ts:133:9 › Responsive UI/UX Testing Suite › Dashboard Responsive Layout › should display dashboard layout correctly 

    TargetClosedError: Target page, context or browser has been closed


    Retry #1 ───────────────────────────────────────────────────────────────────────────────────────

    TargetClosedError: Target page, context or browser has been closed


    Retry #2 ───────────────────────────────────────────────────────────────────────────────────────

    TargetClosedError: Target page, context or browser has been closed

]]>
</failure>
</testcase>
<testcase name="Responsive UI/UX Testing Suite › Dashboard Responsive Layout › should handle dashboard navigation properly" classname="responsive-ui-ux.spec.ts" time="2.138">
<failure message="responsive-ui-ux.spec.ts:192:9 should handle dashboard navigation properly" type="FAILURE">
<![CDATA[  [mobile-small-android] › responsive-ui-ux.spec.ts:192:9 › Responsive UI/UX Testing Suite › Dashboard Responsive Layout › should handle dashboard navigation properly 

    TargetClosedError: Target page, context or browser has been closed


    Retry #1 ───────────────────────────────────────────────────────────────────────────────────────

    TargetClosedError: Target page, context or browser has been closed


    Retry #2 ───────────────────────────────────────────────────────────────────────────────────────

    Error: browserContext.newPage: Target page, context or browser has been closed
    Browser logs:

    <launching> /Users/thabonyembe/Library/Caches/ms-playwright/chromium-1097/chrome-mac/Chromium.app/Contents/MacOS/Chromium --disable-field-trial-config --disable-background-networking --enable-features=NetworkService,NetworkServiceInProcess --disable-background-timer-throttling --disable-backgrounding-occluded-windows --disable-back-forward-cache --disable-breakpad --disable-client-side-phishing-detection --disable-component-extensions-with-background-pages --disable-component-update --no-default-browser-check --disable-default-apps --disable-dev-shm-usage --disable-extensions --disable-features=ImprovedCookieControls,LazyFrameLoading,GlobalMediaControls,DestroyProfileOnBrowserClose,MediaRouter,DialMediaRouteProvider,AcceptCHFrame,AutoExpandDetailsElement,CertificateTransparencyComponentUpdater,AvoidUnnecessaryBeforeUnloadCheckSync,Translate,HttpsUpgrades,PaintHolding --allow-pre-commit-input --disable-hang-monitor --disable-ipc-flooding-protection --disable-popup-blocking --disable-prompt-on-repost --disable-renderer-backgrounding --force-color-profile=srgb --metrics-recording-only --no-first-run --enable-automation --password-store=basic --use-mock-keychain --no-service-autorun --export-tagged-pdf --disable-search-engine-choice-screen --enable-use-zoom-for-dsf=false --no-sandbox --user-data-dir=/var/folders/g0/h_vmczvs61jf4r7kzhq0ypg40000gn/T/playwright_chromiumdev_profile-xnPPUU --remote-debugging-pipe --no-startup-window
    <launched> pid=40894
    [pid=40894][err] [40894:259:0612/014123.410918:ERROR:policy_logger.cc(156)] :components/enterprise/browser/controller/chrome_browser_cloud_management_controller.cc(161) Cloud management controller initialization aborted as CBCM is not enabled. Please use the `--enable-chrome-browser-cloud-management` command line flag to enable it if you are not using the official Google Chrome build.
    [pid=40894][err] [0612/014123.812687:WARNING:crash_report_exception_handler.cc(235)] UniversalExceptionRaise: (os/kern) failure (5)
    [pid=40894] <process did exit: exitCode=null, signal=SIGTRAP>
    [pid=40894] starting temporary directories cleanup

]]>
</failure>
</testcase>
<testcase name="Responsive UI/UX Testing Suite › Component Responsive Behavior › should render forms responsively" classname="responsive-ui-ux.spec.ts" time="1.995">
<failure message="responsive-ui-ux.spec.ts:230:9 should render forms responsively" type="FAILURE">
<![CDATA[  [mobile-small-android] › responsive-ui-ux.spec.ts:230:9 › Responsive UI/UX Testing Suite › Component Responsive Behavior › should render forms responsively 

    TargetClosedError: Target page, context or browser has been closed


    Retry #1 ───────────────────────────────────────────────────────────────────────────────────────

    TargetClosedError: Target page, context or browser has been closed


    Retry #2 ───────────────────────────────────────────────────────────────────────────────────────

    TargetClosedError: Target page, context or browser has been closed

]]>
</failure>
</testcase>
<testcase name="Responsive UI/UX Testing Suite › Component Responsive Behavior › should handle modal dialogs responsively" classname="responsive-ui-ux.spec.ts" time="2.355">
<failure message="responsive-ui-ux.spec.ts:274:9 should handle modal dialogs responsively" type="FAILURE">
<![CDATA[  [mobile-small-android] › responsive-ui-ux.spec.ts:274:9 › Responsive UI/UX Testing Suite › Component Responsive Behavior › should handle modal dialogs responsively 

    TargetClosedError: Target page, context or browser has been closed


    Retry #1 ───────────────────────────────────────────────────────────────────────────────────────

    TargetClosedError: Target page, context or browser has been closed


    Retry #2 ───────────────────────────────────────────────────────────────────────────────────────

    TargetClosedError: Target page, context or browser has been closed

]]>
</failure>
</testcase>
<testcase name="Responsive UI/UX Testing Suite › Touch and Interaction Testing › should handle touch interactions on mobile devices" classname="responsive-ui-ux.spec.ts" time="2.603">
<failure message="responsive-ui-ux.spec.ts:314:9 should handle touch interactions on mobile devices" type="FAILURE">
<![CDATA[  [mobile-small-android] › responsive-ui-ux.spec.ts:314:9 › Responsive UI/UX Testing Suite › Touch and Interaction Testing › should handle touch interactions on mobile devices 

    TargetClosedError: Target page, context or browser has been closed


    Retry #1 ───────────────────────────────────────────────────────────────────────────────────────

    TargetClosedError: Target page, context or browser has been closed


    Retry #2 ───────────────────────────────────────────────────────────────────────────────────────

    Error: browserContext.newPage: Target page, context or browser has been closed
    Browser logs:

    <launching> /Users/thabonyembe/Library/Caches/ms-playwright/chromium-1097/chrome-mac/Chromium.app/Contents/MacOS/Chromium --disable-field-trial-config --disable-background-networking --enable-features=NetworkService,NetworkServiceInProcess --disable-background-timer-throttling --disable-backgrounding-occluded-windows --disable-back-forward-cache --disable-breakpad --disable-client-side-phishing-detection --disable-component-extensions-with-background-pages --disable-component-update --no-default-browser-check --disable-default-apps --disable-dev-shm-usage --disable-extensions --disable-features=ImprovedCookieControls,LazyFrameLoading,GlobalMediaControls,DestroyProfileOnBrowserClose,MediaRouter,DialMediaRouteProvider,AcceptCHFrame,AutoExpandDetailsElement,CertificateTransparencyComponentUpdater,AvoidUnnecessaryBeforeUnloadCheckSync,Translate,HttpsUpgrades,PaintHolding --allow-pre-commit-input --disable-hang-monitor --disable-ipc-flooding-protection --disable-popup-blocking --disable-prompt-on-repost --disable-renderer-backgrounding --force-color-profile=srgb --metrics-recording-only --no-first-run --enable-automation --password-store=basic --use-mock-keychain --no-service-autorun --export-tagged-pdf --disable-search-engine-choice-screen --enable-use-zoom-for-dsf=false --no-sandbox --user-data-dir=/var/folders/g0/h_vmczvs61jf4r7kzhq0ypg40000gn/T/playwright_chromiumdev_profile-A2RpW1 --remote-debugging-pipe --no-startup-window
    <launched> pid=41025
    [pid=41025][err] [41025:259:0612/014127.050477:ERROR:policy_logger.cc(156)] :components/enterprise/browser/controller/chrome_browser_cloud_management_controller.cc(161) Cloud management controller initialization aborted as CBCM is not enabled. Please use the `--enable-chrome-browser-cloud-management` command line flag to enable it if you are not using the official Google Chrome build.
    [pid=41025][err] [0612/014127.676535:WARNING:crash_report_exception_handler.cc(235)] UniversalExceptionRaise: (os/kern) failure (5)

]]>
</failure>
</testcase>
<testcase name="Responsive UI/UX Testing Suite › Performance and Accessibility › should meet accessibility standards" classname="responsive-ui-ux.spec.ts" time="2.474">
<failure message="responsive-ui-ux.spec.ts:363:9 should meet accessibility standards" type="FAILURE">
<![CDATA[  [mobile-small-android] › responsive-ui-ux.spec.ts:363:9 › Responsive UI/UX Testing Suite › Performance and Accessibility › should meet accessibility standards 

    TargetClosedError: Target page, context or browser has been closed


    Retry #1 ───────────────────────────────────────────────────────────────────────────────────────

    TargetClosedError: Target page, context or browser has been closed


    Retry #2 ───────────────────────────────────────────────────────────────────────────────────────

    TargetClosedError: Target page, context or browser has been closed

]]>
</failure>
</testcase>
<testcase name="Responsive UI/UX Testing Suite › Performance and Accessibility › should have reasonable load times" classname="responsive-ui-ux.spec.ts" time="2.357">
<failure message="responsive-ui-ux.spec.ts:398:9 should have reasonable load times" type="FAILURE">
<![CDATA[  [mobile-small-android] › responsive-ui-ux.spec.ts:398:9 › Responsive UI/UX Testing Suite › Performance and Accessibility › should have reasonable load times 

    TargetClosedError: Target page, context or browser has been closed


    Retry #1 ───────────────────────────────────────────────────────────────────────────────────────

    TargetClosedError: Target page, context or browser has been closed


    Retry #2 ───────────────────────────────────────────────────────────────────────────────────────

    TargetClosedError: Target page, context or browser has been closed

]]>
</failure>
</testcase>
<testcase name="Responsive UI/UX Testing Suite › Cross-viewport Consistency › should maintain consistent branding and styling" classname="responsive-ui-ux.spec.ts" time="2.366">
<failure message="responsive-ui-ux.spec.ts:434:9 should maintain consistent branding and styling" type="FAILURE">
<![CDATA[  [mobile-small-android] › responsive-ui-ux.spec.ts:434:9 › Responsive UI/UX Testing Suite › Cross-viewport Consistency › should maintain consistent branding and styling 

    TargetClosedError: Target page, context or browser has been closed


    Retry #1 ───────────────────────────────────────────────────────────────────────────────────────

    TargetClosedError: Target page, context or browser has been closed


    Retry #2 ───────────────────────────────────────────────────────────────────────────────────────

    TargetClosedError: Target page, context or browser has been closed

]]>
</failure>
</testcase>
</testsuite>
<testsuite name="responsive-ui-ux.spec.ts" timestamp="2025-06-11T23:37:50.432Z" hostname="ultrawide-desktop" tests="10" failures="10" skipped="0" time="24.289" errors="0">
<testcase name="Responsive UI/UX Testing Suite › Landing Page Responsive Design › should display properly on all viewport sizes" classname="responsive-ui-ux.spec.ts" time="2.902">
<failure message="responsive-ui-ux.spec.ts:46:9 should display properly on all viewport sizes" type="FAILURE">
<![CDATA[  [ultrawide-desktop] › responsive-ui-ux.spec.ts:46:9 › Responsive UI/UX Testing Suite › Landing Page Responsive Design › should display properly on all viewport sizes 

    TargetClosedError: Target page, context or browser has been closed


    Retry #1 ───────────────────────────────────────────────────────────────────────────────────────

    TargetClosedError: Target page, context or browser has been closed


    Retry #2 ───────────────────────────────────────────────────────────────────────────────────────

    TargetClosedError: Target page, context or browser has been closed

]]>
</failure>
</testcase>
<testcase name="Responsive UI/UX Testing Suite › Landing Page Responsive Design › should handle navigation interactions properly" classname="responsive-ui-ux.spec.ts" time="2.626">
<failure message="responsive-ui-ux.spec.ts:92:9 should handle navigation interactions properly" type="FAILURE">
<![CDATA[  [ultrawide-desktop] › responsive-ui-ux.spec.ts:92:9 › Responsive UI/UX Testing Suite › Landing Page Responsive Design › should handle navigation interactions properly 

    TargetClosedError: Target page, context or browser has been closed


    Retry #1 ───────────────────────────────────────────────────────────────────────────────────────

    TargetClosedError: Target page, context or browser has been closed


    Retry #2 ───────────────────────────────────────────────────────────────────────────────────────

    TargetClosedError: Target page, context or browser has been closed

]]>
</failure>
</testcase>
<testcase name="Responsive UI/UX Testing Suite › Dashboard Responsive Layout › should display dashboard layout correctly" classname="responsive-ui-ux.spec.ts" time="2.799">
<failure message="responsive-ui-ux.spec.ts:133:9 should display dashboard layout correctly" type="FAILURE">
<![CDATA[  [ultrawide-desktop] › responsive-ui-ux.spec.ts:133:9 › Responsive UI/UX Testing Suite › Dashboard Responsive Layout › should display dashboard layout correctly 

    TargetClosedError: Target page, context or browser has been closed


    Retry #1 ───────────────────────────────────────────────────────────────────────────────────────

    TargetClosedError: Target page, context or browser has been closed


    Retry #2 ───────────────────────────────────────────────────────────────────────────────────────

    TargetClosedError: Target page, context or browser has been closed

]]>
</failure>
</testcase>
<testcase name="Responsive UI/UX Testing Suite › Dashboard Responsive Layout › should handle dashboard navigation properly" classname="responsive-ui-ux.spec.ts" time="2.884">
<failure message="responsive-ui-ux.spec.ts:192:9 should handle dashboard navigation properly" type="FAILURE">
<![CDATA[  [ultrawide-desktop] › responsive-ui-ux.spec.ts:192:9 › Responsive UI/UX Testing Suite › Dashboard Responsive Layout › should handle dashboard navigation properly 

    TargetClosedError: Target page, context or browser has been closed


    Retry #1 ───────────────────────────────────────────────────────────────────────────────────────

    TargetClosedError: Target page, context or browser has been closed


    Retry #2 ───────────────────────────────────────────────────────────────────────────────────────

    TargetClosedError: Target page, context or browser has been closed

]]>
</failure>
</testcase>
<testcase name="Responsive UI/UX Testing Suite › Component Responsive Behavior › should render forms responsively" classname="responsive-ui-ux.spec.ts" time="2.703">
<failure message="responsive-ui-ux.spec.ts:230:9 should render forms responsively" type="FAILURE">
<![CDATA[  [ultrawide-desktop] › responsive-ui-ux.spec.ts:230:9 › Responsive UI/UX Testing Suite › Component Responsive Behavior › should render forms responsively 

    TargetClosedError: Target page, context or browser has been closed


    Retry #1 ───────────────────────────────────────────────────────────────────────────────────────

    TargetClosedError: Target page, context or browser has been closed


    Retry #2 ───────────────────────────────────────────────────────────────────────────────────────

    TargetClosedError: Target page, context or browser has been closed

]]>
</failure>
</testcase>
<testcase name="Responsive UI/UX Testing Suite › Component Responsive Behavior › should handle modal dialogs responsively" classname="responsive-ui-ux.spec.ts" time="2.264">
<failure message="responsive-ui-ux.spec.ts:274:9 should handle modal dialogs responsively" type="FAILURE">
<![CDATA[  [ultrawide-desktop] › responsive-ui-ux.spec.ts:274:9 › Responsive UI/UX Testing Suite › Component Responsive Behavior › should handle modal dialogs responsively 

    TargetClosedError: Target page, context or browser has been closed


    Retry #1 ───────────────────────────────────────────────────────────────────────────────────────

    TargetClosedError: Target page, context or browser has been closed


    Retry #2 ───────────────────────────────────────────────────────────────────────────────────────

    Error: browserContext.newPage: Target page, context or browser has been closed
    Browser logs:

    <launching> /Users/thabonyembe/Library/Caches/ms-playwright/chromium-1097/chrome-mac/Chromium.app/Contents/MacOS/Chromium --disable-field-trial-config --disable-background-networking --enable-features=NetworkService,NetworkServiceInProcess --disable-background-timer-throttling --disable-backgrounding-occluded-windows --disable-back-forward-cache --disable-breakpad --disable-client-side-phishing-detection --disable-component-extensions-with-background-pages --disable-component-update --no-default-browser-check --disable-default-apps --disable-dev-shm-usage --disable-extensions --disable-features=ImprovedCookieControls,LazyFrameLoading,GlobalMediaControls,DestroyProfileOnBrowserClose,MediaRouter,DialMediaRouteProvider,AcceptCHFrame,AutoExpandDetailsElement,CertificateTransparencyComponentUpdater,AvoidUnnecessaryBeforeUnloadCheckSync,Translate,HttpsUpgrades,PaintHolding --allow-pre-commit-input --disable-hang-monitor --disable-ipc-flooding-protection --disable-popup-blocking --disable-prompt-on-repost --disable-renderer-backgrounding --force-color-profile=srgb --metrics-recording-only --no-first-run --enable-automation --password-store=basic --use-mock-keychain --no-service-autorun --export-tagged-pdf --disable-search-engine-choice-screen --enable-use-zoom-for-dsf=false --no-sandbox --user-data-dir=/var/folders/g0/h_vmczvs61jf4r7kzhq0ypg40000gn/T/playwright_chromiumdev_profile-CMHtE3 --remote-debugging-pipe --no-startup-window
    <launched> pid=41345
    [pid=41345][err] [41345:259:0612/014135.708909:ERROR:policy_logger.cc(156)] :components/enterprise/browser/controller/chrome_browser_cloud_management_controller.cc(161) Cloud management controller initialization aborted as CBCM is not enabled. Please use the `--enable-chrome-browser-cloud-management` command line flag to enable it if you are not using the official Google Chrome build.
    [pid=41345][err] [0612/014136.177628:WARNING:crash_report_exception_handler.cc(235)] UniversalExceptionRaise: (os/kern) failure (5)
    [pid=41345] <process did exit: exitCode=null, signal=SIGTRAP>
    [pid=41345] starting temporary directories cleanup

]]>
</failure>
</testcase>
<testcase name="Responsive UI/UX Testing Suite › Touch and Interaction Testing › should handle touch interactions on mobile devices" classname="responsive-ui-ux.spec.ts" time="1.505">
<failure message="responsive-ui-ux.spec.ts:314:9 should handle touch interactions on mobile devices" type="FAILURE">
<![CDATA[  [ultrawide-desktop] › responsive-ui-ux.spec.ts:314:9 › Responsive UI/UX Testing Suite › Touch and Interaction Testing › should handle touch interactions on mobile devices 

    Error: browserContext.newPage: Target page, context or browser has been closed
    Browser logs:

    <launching> /Users/thabonyembe/Library/Caches/ms-playwright/chromium-1097/chrome-mac/Chromium.app/Contents/MacOS/Chromium --disable-field-trial-config --disable-background-networking --enable-features=NetworkService,NetworkServiceInProcess --disable-background-timer-throttling --disable-backgrounding-occluded-windows --disable-back-forward-cache --disable-breakpad --disable-client-side-phishing-detection --disable-component-extensions-with-background-pages --disable-component-update --no-default-browser-check --disable-default-apps --disable-dev-shm-usage --disable-extensions --disable-features=ImprovedCookieControls,LazyFrameLoading,GlobalMediaControls,DestroyProfileOnBrowserClose,MediaRouter,DialMediaRouteProvider,AcceptCHFrame,AutoExpandDetailsElement,CertificateTransparencyComponentUpdater,AvoidUnnecessaryBeforeUnloadCheckSync,Translate,HttpsUpgrades,PaintHolding --allow-pre-commit-input --disable-hang-monitor --disable-ipc-flooding-protection --disable-popup-blocking --disable-prompt-on-repost --disable-renderer-backgrounding --force-color-profile=srgb --metrics-recording-only --no-first-run --enable-automation --password-store=basic --use-mock-keychain --no-service-autorun --export-tagged-pdf --disable-search-engine-choice-screen --enable-use-zoom-for-dsf=false --no-sandbox --user-data-dir=/var/folders/g0/h_vmczvs61jf4r7kzhq0ypg40000gn/T/playwright_chromiumdev_profile-oex5hO --remote-debugging-pipe --no-startup-window
    <launched> pid=41265
    [pid=41265][err] [41265:259:0612/014133.456058:ERROR:policy_logger.cc(156)] :components/enterprise/browser/controller/chrome_browser_cloud_management_controller.cc(161) Cloud management controller initialization aborted as CBCM is not enabled. Please use the `--enable-chrome-browser-cloud-management` command line flag to enable it if you are not using the official Google Chrome build.
    [pid=41265][err] [0612/014133.876080:WARNING:crash_report_exception_handler.cc(235)] UniversalExceptionRaise: (os/kern) failure (5)
    [pid=41265] <process did exit: exitCode=null, signal=SIGTRAP>
    [pid=41265] starting temporary directories cleanup


    Retry #1 ───────────────────────────────────────────────────────────────────────────────────────

    TargetClosedError: Target page, context or browser has been closed


    Retry #2 ───────────────────────────────────────────────────────────────────────────────────────

    Error: browserContext.newPage: Target page, context or browser has been closed
    Browser logs:

    <launching> /Users/thabonyembe/Library/Caches/ms-playwright/chromium-1097/chrome-mac/Chromium.app/Contents/MacOS/Chromium --disable-field-trial-config --disable-background-networking --enable-features=NetworkService,NetworkServiceInProcess --disable-background-timer-throttling --disable-backgrounding-occluded-windows --disable-back-forward-cache --disable-breakpad --disable-client-side-phishing-detection --disable-component-extensions-with-background-pages --disable-component-update --no-default-browser-check --disable-default-apps --disable-dev-shm-usage --disable-extensions --disable-features=ImprovedCookieControls,LazyFrameLoading,GlobalMediaControls,DestroyProfileOnBrowserClose,MediaRouter,DialMediaRouteProvider,AcceptCHFrame,AutoExpandDetailsElement,CertificateTransparencyComponentUpdater,AvoidUnnecessaryBeforeUnloadCheckSync,Translate,HttpsUpgrades,PaintHolding --allow-pre-commit-input --disable-hang-monitor --disable-ipc-flooding-protection --disable-popup-blocking --disable-prompt-on-repost --disable-renderer-backgrounding --force-color-profile=srgb --metrics-recording-only --no-first-run --enable-automation --password-store=basic --use-mock-keychain --no-service-autorun --export-tagged-pdf --disable-search-engine-choice-screen --enable-use-zoom-for-dsf=false --no-sandbox --user-data-dir=/var/folders/g0/h_vmczvs61jf4r7kzhq0ypg40000gn/T/playwright_chromiumdev_profile-3zONQt --remote-debugging-pipe --no-startup-window
    <launched> pid=41354
    [pid=41354][err] [41354:259:0612/014135.709379:ERROR:policy_logger.cc(156)] :components/enterprise/browser/controller/chrome_browser_cloud_management_controller.cc(161) Cloud management controller initialization aborted as CBCM is not enabled. Please use the `--enable-chrome-browser-cloud-management` command line flag to enable it if you are not using the official Google Chrome build.
    [pid=41354][err] [0612/014136.150224:WARNING:crash_report_exception_handler.cc(235)] UniversalExceptionRaise: (os/kern) failure (5)
    [pid=41354] <process did exit: exitCode=null, signal=SIGTRAP>
    [pid=41354] starting temporary directories cleanup

]]>
</failure>
</testcase>
<testcase name="Responsive UI/UX Testing Suite › Performance and Accessibility › should meet accessibility standards" classname="responsive-ui-ux.spec.ts" time="2.25">
<failure message="responsive-ui-ux.spec.ts:363:9 should meet accessibility standards" type="FAILURE">
<![CDATA[  [ultrawide-desktop] › responsive-ui-ux.spec.ts:363:9 › Responsive UI/UX Testing Suite › Performance and Accessibility › should meet accessibility standards 

    TargetClosedError: Target page, context or browser has been closed


    Retry #1 ───────────────────────────────────────────────────────────────────────────────────────

    TargetClosedError: Target page, context or browser has been closed


    Retry #2 ───────────────────────────────────────────────────────────────────────────────────────

    Error: browserContext.newPage: Target page, context or browser has been closed
    Browser logs:

    <launching> /Users/thabonyembe/Library/Caches/ms-playwright/chromium-1097/chrome-mac/Chromium.app/Contents/MacOS/Chromium --disable-field-trial-config --disable-background-networking --enable-features=NetworkService,NetworkServiceInProcess --disable-background-timer-throttling --disable-backgrounding-occluded-windows --disable-back-forward-cache --disable-breakpad --disable-client-side-phishing-detection --disable-component-extensions-with-background-pages --disable-component-update --no-default-browser-check --disable-default-apps --disable-dev-shm-usage --disable-extensions --disable-features=ImprovedCookieControls,LazyFrameLoading,GlobalMediaControls,DestroyProfileOnBrowserClose,MediaRouter,DialMediaRouteProvider,AcceptCHFrame,AutoExpandDetailsElement,CertificateTransparencyComponentUpdater,AvoidUnnecessaryBeforeUnloadCheckSync,Translate,HttpsUpgrades,PaintHolding --allow-pre-commit-input --disable-hang-monitor --disable-ipc-flooding-protection --disable-popup-blocking --disable-prompt-on-repost --disable-renderer-backgrounding --force-color-profile=srgb --metrics-recording-only --no-first-run --enable-automation --password-store=basic --use-mock-keychain --no-service-autorun --export-tagged-pdf --disable-search-engine-choice-screen --enable-use-zoom-for-dsf=false --no-sandbox --user-data-dir=/var/folders/g0/h_vmczvs61jf4r7kzhq0ypg40000gn/T/playwright_chromiumdev_profile-aZPGF0 --remote-debugging-pipe --no-startup-window
    <launched> pid=41496
    [pid=41496][err] [41496:259:0612/014139.641978:ERROR:policy_logger.cc(156)] :components/enterprise/browser/controller/chrome_browser_cloud_management_controller.cc(161) Cloud management controller initialization aborted as CBCM is not enabled. Please use the `--enable-chrome-browser-cloud-management` command line flag to enable it if you are not using the official Google Chrome build.
    [pid=41496][err] [0612/014140.010087:WARNING:crash_report_exception_handler.cc(235)] UniversalExceptionRaise: (os/kern) failure (5)

]]>
</failure>
</testcase>
<testcase name="Responsive UI/UX Testing Suite › Performance and Accessibility › should have reasonable load times" classname="responsive-ui-ux.spec.ts" time="2.019">
<failure message="responsive-ui-ux.spec.ts:398:9 should have reasonable load times" type="FAILURE">
<![CDATA[  [ultrawide-desktop] › responsive-ui-ux.spec.ts:398:9 › Responsive UI/UX Testing Suite › Performance and Accessibility › should have reasonable load times 

    Error: browserContext.newPage: Target page, context or browser has been closed
    Browser logs:

    <launching> /Users/thabonyembe/Library/Caches/ms-playwright/chromium-1097/chrome-mac/Chromium.app/Contents/MacOS/Chromium --disable-field-trial-config --disable-background-networking --enable-features=NetworkService,NetworkServiceInProcess --disable-background-timer-throttling --disable-backgrounding-occluded-windows --disable-back-forward-cache --disable-breakpad --disable-client-side-phishing-detection --disable-component-extensions-with-background-pages --disable-component-update --no-default-browser-check --disable-default-apps --disable-dev-shm-usage --disable-extensions --disable-features=ImprovedCookieControls,LazyFrameLoading,GlobalMediaControls,DestroyProfileOnBrowserClose,MediaRouter,DialMediaRouteProvider,AcceptCHFrame,AutoExpandDetailsElement,CertificateTransparencyComponentUpdater,AvoidUnnecessaryBeforeUnloadCheckSync,Translate,HttpsUpgrades,PaintHolding --allow-pre-commit-input --disable-hang-monitor --disable-ipc-flooding-protection --disable-popup-blocking --disable-prompt-on-repost --disable-renderer-backgrounding --force-color-profile=srgb --metrics-recording-only --no-first-run --enable-automation --password-store=basic --use-mock-keychain --no-service-autorun --export-tagged-pdf --disable-search-engine-choice-screen --enable-use-zoom-for-dsf=false --no-sandbox --user-data-dir=/var/folders/g0/h_vmczvs61jf4r7kzhq0ypg40000gn/T/playwright_chromiumdev_profile-fcv55Y --remote-debugging-pipe --no-startup-window
    <launched> pid=41391
    [pid=41391][err] [41391:259:0612/014136.765359:ERROR:policy_logger.cc(156)] :components/enterprise/browser/controller/chrome_browser_cloud_management_controller.cc(161) Cloud management controller initialization aborted as CBCM is not enabled. Please use the `--enable-chrome-browser-cloud-management` command line flag to enable it if you are not using the official Google Chrome build.
    [pid=41391][err] [0612/014137.201457:WARNING:crash_report_exception_handler.cc(235)] UniversalExceptionRaise: (os/kern) failure (5)
    [pid=41391] <process did exit: exitCode=null, signal=SIGTRAP>
    [pid=41391] starting temporary directories cleanup


    Retry #1 ───────────────────────────────────────────────────────────────────────────────────────

    TargetClosedError: Target page, context or browser has been closed


    Retry #2 ───────────────────────────────────────────────────────────────────────────────────────

    TargetClosedError: Target page, context or browser has been closed

]]>
</failure>
</testcase>
<testcase name="Responsive UI/UX Testing Suite › Cross-viewport Consistency › should maintain consistent branding and styling" classname="responsive-ui-ux.spec.ts" time="2.337">
<failure message="responsive-ui-ux.spec.ts:434:9 should maintain consistent branding and styling" type="FAILURE">
<![CDATA[  [ultrawide-desktop] › responsive-ui-ux.spec.ts:434:9 › Responsive UI/UX Testing Suite › Cross-viewport Consistency › should maintain consistent branding and styling 

    TargetClosedError: Target page, context or browser has been closed


    Retry #1 ───────────────────────────────────────────────────────────────────────────────────────

    TargetClosedError: Target page, context or browser has been closed


    Retry #2 ───────────────────────────────────────────────────────────────────────────────────────

    TargetClosedError: Target page, context or browser has been closed

]]>
</failure>
</testcase>
</testsuite>
<testsuite name="responsive-ui-ux.spec.ts" timestamp="2025-06-11T23:37:50.432Z" hostname="tablet-portrait" tests="10" failures="10" skipped="0" time="23.615" errors="0">
<testcase name="Responsive UI/UX Testing Suite › Landing Page Responsive Design › should display properly on all viewport sizes" classname="responsive-ui-ux.spec.ts" time="3.096">
<failure message="responsive-ui-ux.spec.ts:46:9 should display properly on all viewport sizes" type="FAILURE">
<![CDATA[  [tablet-portrait] › responsive-ui-ux.spec.ts:46:9 › Responsive UI/UX Testing Suite › Landing Page Responsive Design › should display properly on all viewport sizes 

    TargetClosedError: Target page, context or browser has been closed


    Retry #1 ───────────────────────────────────────────────────────────────────────────────────────

    TargetClosedError: Target page, context or browser has been closed


    Retry #2 ───────────────────────────────────────────────────────────────────────────────────────

    TargetClosedError: Target page, context or browser has been closed

]]>
</failure>
</testcase>
<testcase name="Responsive UI/UX Testing Suite › Landing Page Responsive Design › should handle navigation interactions properly" classname="responsive-ui-ux.spec.ts" time="1.949">
<failure message="responsive-ui-ux.spec.ts:92:9 should handle navigation interactions properly" type="FAILURE">
<![CDATA[  [tablet-portrait] › responsive-ui-ux.spec.ts:92:9 › Responsive UI/UX Testing Suite › Landing Page Responsive Design › should handle navigation interactions properly 

    TargetClosedError: Target page, context or browser has been closed


    Retry #1 ───────────────────────────────────────────────────────────────────────────────────────

    Error: browserContext.newPage: Target page, context or browser has been closed
    Browser logs:

    <launching> /Users/thabonyembe/Library/Caches/ms-playwright/chromium-1097/chrome-mac/Chromium.app/Contents/MacOS/Chromium --disable-field-trial-config --disable-background-networking --enable-features=NetworkService,NetworkServiceInProcess --disable-background-timer-throttling --disable-backgrounding-occluded-windows --disable-back-forward-cache --disable-breakpad --disable-client-side-phishing-detection --disable-component-extensions-with-background-pages --disable-component-update --no-default-browser-check --disable-default-apps --disable-dev-shm-usage --disable-extensions --disable-features=ImprovedCookieControls,LazyFrameLoading,GlobalMediaControls,DestroyProfileOnBrowserClose,MediaRouter,DialMediaRouteProvider,AcceptCHFrame,AutoExpandDetailsElement,CertificateTransparencyComponentUpdater,AvoidUnnecessaryBeforeUnloadCheckSync,Translate,HttpsUpgrades,PaintHolding --allow-pre-commit-input --disable-hang-monitor --disable-ipc-flooding-protection --disable-popup-blocking --disable-prompt-on-repost --disable-renderer-backgrounding --force-color-profile=srgb --metrics-recording-only --no-first-run --enable-automation --password-store=basic --use-mock-keychain --no-service-autorun --export-tagged-pdf --disable-search-engine-choice-screen --enable-use-zoom-for-dsf=false --no-sandbox --user-data-dir=/var/folders/g0/h_vmczvs61jf4r7kzhq0ypg40000gn/T/playwright_chromiumdev_profile-vQA5pL --remote-debugging-pipe --no-startup-window
    <launched> pid=41574
    [pid=41574][err] [41574:259:0612/014141.647414:ERROR:policy_logger.cc(156)] :components/enterprise/browser/controller/chrome_browser_cloud_management_controller.cc(161) Cloud management controller initialization aborted as CBCM is not enabled. Please use the `--enable-chrome-browser-cloud-management` command line flag to enable it if you are not using the official Google Chrome build.
    [pid=41574][err] Received signal 11 SEGV_ACCERR 000100000008
    [pid=41574][err]  [0x00012813e4c4]
    [pid=41574][err]  [0x000128132cc4]
    [pid=41574][err]  [0x00012813e414]
    [pid=41574][err]  [0x0001912c0624]
    [pid=41574][err]  [0x0001a2d7a064]
    [pid=41574][err]  [0x0001a2c1cfa8]
    [pid=41574][err]  [0x0001a2da37b4]
    [pid=41574][err]  [0x0001a2da468c]
    [pid=41574][err]  [0x000192f47670]
    [pid=41574][err]  [0x000192f484a8]
    [pid=41574][err]  [0x000193004828]
    [pid=41574][err]  [0x000192b58ecc]
    [pid=41574][err]  [0x00019133f2d4]
    [pid=41574][err]  [0x000191839310]
    [pid=41574][err]  [0x000191838d08]
    [pid=41574][err]  [0x0001918365c0]
    [pid=41574][err]  [0x0001980d5e88]
    [pid=41574][err]  [0x0001980d46e8]
    [pid=41574][err]  [0x00019604c49c]
    [pid=41574][err]  [0x00019604d118]
    [pid=41574][err]  [0x00019604c178]
    [pid=41574][err]  [0x00019604f644]
    [pid=41574][err]  [0x000195264f00]
    [pid=41574][err]  [0x000195262d90]
    [pid=41574][err]  [0x0001952628c4]
    [pid=41574][err]  [0x000128147568]
    [pid=41574][err]  [0x0001280a880c]
    [pid=41574][err]  [0x0001281042b4]
    [pid=41574][err]  [0x0001271709c8]
    [pid=41574][err]  [0x000127584eb4]
    [pid=41574][err]  [0x000127585c1c]
    [pid=41574][err]  [0x00012758424c]
    [pid=41574][err]  [0x000127584640]
    [pid=41574][err]  [0x000124004df0]
    [pid=41574][err]  [0x000102c0caac]
    [pid=41574][err]  [0x000190ee6b98]
    [pid=41574][err] [end of stack trace]
    [pid=41574][err] [0612/014142.250812:WARNING:crash_report_exception_handler.cc(235)] UniversalExceptionRaise: (os/kern) failure (5)


    Retry #2 ───────────────────────────────────────────────────────────────────────────────────────

    TargetClosedError: Target page, context or browser has been closed

]]>
</failure>
</testcase>
<testcase name="Responsive UI/UX Testing Suite › Dashboard Responsive Layout › should display dashboard layout correctly" classname="responsive-ui-ux.spec.ts" time="2.572">
<failure message="responsive-ui-ux.spec.ts:133:9 should display dashboard layout correctly" type="FAILURE">
<![CDATA[  [tablet-portrait] › responsive-ui-ux.spec.ts:133:9 › Responsive UI/UX Testing Suite › Dashboard Responsive Layout › should display dashboard layout correctly 

    TargetClosedError: Target page, context or browser has been closed


    Retry #1 ───────────────────────────────────────────────────────────────────────────────────────

    TargetClosedError: Target page, context or browser has been closed


    Retry #2 ───────────────────────────────────────────────────────────────────────────────────────

    TargetClosedError: Target page, context or browser has been closed

]]>
</failure>
</testcase>
<testcase name="Responsive UI/UX Testing Suite › Dashboard Responsive Layout › should handle dashboard navigation properly" classname="responsive-ui-ux.spec.ts" time="2.364">
<failure message="responsive-ui-ux.spec.ts:192:9 should handle dashboard navigation properly" type="FAILURE">
<![CDATA[  [tablet-portrait] › responsive-ui-ux.spec.ts:192:9 › Responsive UI/UX Testing Suite › Dashboard Responsive Layout › should handle dashboard navigation properly 

    TargetClosedError: Target page, context or browser has been closed


    Retry #1 ───────────────────────────────────────────────────────────────────────────────────────

    TargetClosedError: Target page, context or browser has been closed


    Retry #2 ───────────────────────────────────────────────────────────────────────────────────────

    Error: browserContext.newPage: Target page, context or browser has been closed
    Browser logs:

    <launching> /Users/thabonyembe/Library/Caches/ms-playwright/chromium-1097/chrome-mac/Chromium.app/Contents/MacOS/Chromium --disable-field-trial-config --disable-background-networking --enable-features=NetworkService,NetworkServiceInProcess --disable-background-timer-throttling --disable-backgrounding-occluded-windows --disable-back-forward-cache --disable-breakpad --disable-client-side-phishing-detection --disable-component-extensions-with-background-pages --disable-component-update --no-default-browser-check --disable-default-apps --disable-dev-shm-usage --disable-extensions --disable-features=ImprovedCookieControls,LazyFrameLoading,GlobalMediaControls,DestroyProfileOnBrowserClose,MediaRouter,DialMediaRouteProvider,AcceptCHFrame,AutoExpandDetailsElement,CertificateTransparencyComponentUpdater,AvoidUnnecessaryBeforeUnloadCheckSync,Translate,HttpsUpgrades,PaintHolding --allow-pre-commit-input --disable-hang-monitor --disable-ipc-flooding-protection --disable-popup-blocking --disable-prompt-on-repost --disable-renderer-backgrounding --force-color-profile=srgb --metrics-recording-only --no-first-run --enable-automation --password-store=basic --use-mock-keychain --no-service-autorun --export-tagged-pdf --disable-search-engine-choice-screen --enable-use-zoom-for-dsf=false --no-sandbox --user-data-dir=/var/folders/g0/h_vmczvs61jf4r7kzhq0ypg40000gn/T/playwright_chromiumdev_profile-FvZr0M --remote-debugging-pipe --no-startup-window
    <launched> pid=41668
    [pid=41668][err] [41668:259:0612/014144.159974:ERROR:policy_logger.cc(156)] :components/enterprise/browser/controller/chrome_browser_cloud_management_controller.cc(161) Cloud management controller initialization aborted as CBCM is not enabled. Please use the `--enable-chrome-browser-cloud-management` command line flag to enable it if you are not using the official Google Chrome build.
    [pid=41668][err] [0612/014144.591581:WARNING:crash_report_exception_handler.cc(235)] UniversalExceptionRaise: (os/kern) failure (5)
    [pid=41668] <process did exit: exitCode=null, signal=SIGTRAP>
    [pid=41668] starting temporary directories cleanup

]]>
</failure>
</testcase>
<testcase name="Responsive UI/UX Testing Suite › Component Responsive Behavior › should render forms responsively" classname="responsive-ui-ux.spec.ts" time="2.638">
<failure message="responsive-ui-ux.spec.ts:230:9 should render forms responsively" type="FAILURE">
<![CDATA[  [tablet-portrait] › responsive-ui-ux.spec.ts:230:9 › Responsive UI/UX Testing Suite › Component Responsive Behavior › should render forms responsively 

    TargetClosedError: Target page, context or browser has been closed


    Retry #1 ───────────────────────────────────────────────────────────────────────────────────────

    TargetClosedError: Target page, context or browser has been closed


    Retry #2 ───────────────────────────────────────────────────────────────────────────────────────

    TargetClosedError: Target page, context or browser has been closed

]]>
</failure>
</testcase>
<testcase name="Responsive UI/UX Testing Suite › Component Responsive Behavior › should handle modal dialogs responsively" classname="responsive-ui-ux.spec.ts" time="2.313">
<failure message="responsive-ui-ux.spec.ts:274:9 should handle modal dialogs responsively" type="FAILURE">
<![CDATA[  [tablet-portrait] › responsive-ui-ux.spec.ts:274:9 › Responsive UI/UX Testing Suite › Component Responsive Behavior › should handle modal dialogs responsively 

    TargetClosedError: Target page, context or browser has been closed


    Retry #1 ───────────────────────────────────────────────────────────────────────────────────────

    TargetClosedError: Target page, context or browser has been closed


    Retry #2 ───────────────────────────────────────────────────────────────────────────────────────

    Error: browserContext.newPage: Target page, context or browser has been closed
    Browser logs:

    <launching> /Users/thabonyembe/Library/Caches/ms-playwright/chromium-1097/chrome-mac/Chromium.app/Contents/MacOS/Chromium --disable-field-trial-config --disable-background-networking --enable-features=NetworkService,NetworkServiceInProcess --disable-background-timer-throttling --disable-backgrounding-occluded-windows --disable-back-forward-cache --disable-breakpad --disable-client-side-phishing-detection --disable-component-extensions-with-background-pages --disable-component-update --no-default-browser-check --disable-default-apps --disable-dev-shm-usage --disable-extensions --disable-features=ImprovedCookieControls,LazyFrameLoading,GlobalMediaControls,DestroyProfileOnBrowserClose,MediaRouter,DialMediaRouteProvider,AcceptCHFrame,AutoExpandDetailsElement,CertificateTransparencyComponentUpdater,AvoidUnnecessaryBeforeUnloadCheckSync,Translate,HttpsUpgrades,PaintHolding --allow-pre-commit-input --disable-hang-monitor --disable-ipc-flooding-protection --disable-popup-blocking --disable-prompt-on-repost --disable-renderer-backgrounding --force-color-profile=srgb --metrics-recording-only --no-first-run --enable-automation --password-store=basic --use-mock-keychain --no-service-autorun --export-tagged-pdf --disable-search-engine-choice-screen --enable-use-zoom-for-dsf=false --no-sandbox --user-data-dir=/var/folders/g0/h_vmczvs61jf4r7kzhq0ypg40000gn/T/playwright_chromiumdev_profile-yBeODv --remote-debugging-pipe --no-startup-window
    <launched> pid=41779
    [pid=41779][err] [41779:259:0612/014147.096196:ERROR:policy_logger.cc(156)] :components/enterprise/browser/controller/chrome_browser_cloud_management_controller.cc(161) Cloud management controller initialization aborted as CBCM is not enabled. Please use the `--enable-chrome-browser-cloud-management` command line flag to enable it if you are not using the official Google Chrome build.
    [pid=41779][err] [0612/014147.661540:WARNING:crash_report_exception_handler.cc(235)] UniversalExceptionRaise: (os/kern) failure (5)
    [pid=41779] <process did exit: exitCode=null, signal=SIGTRAP>
    [pid=41779] starting temporary directories cleanup

]]>
</failure>
</testcase>
<testcase name="Responsive UI/UX Testing Suite › Touch and Interaction Testing › should handle touch interactions on mobile devices" classname="responsive-ui-ux.spec.ts" time="2.394">
<failure message="responsive-ui-ux.spec.ts:314:9 should handle touch interactions on mobile devices" type="FAILURE">
<![CDATA[  [tablet-portrait] › responsive-ui-ux.spec.ts:314:9 › Responsive UI/UX Testing Suite › Touch and Interaction Testing › should handle touch interactions on mobile devices 

    Error: browserContext.newPage: Target page, context or browser has been closed
    Browser logs:

    <launching> /Users/thabonyembe/Library/Caches/ms-playwright/chromium-1097/chrome-mac/Chromium.app/Contents/MacOS/Chromium --disable-field-trial-config --disable-background-networking --enable-features=NetworkService,NetworkServiceInProcess --disable-background-timer-throttling --disable-backgrounding-occluded-windows --disable-back-forward-cache --disable-breakpad --disable-client-side-phishing-detection --disable-component-extensions-with-background-pages --disable-component-update --no-default-browser-check --disable-default-apps --disable-dev-shm-usage --disable-extensions --disable-features=ImprovedCookieControls,LazyFrameLoading,GlobalMediaControls,DestroyProfileOnBrowserClose,MediaRouter,DialMediaRouteProvider,AcceptCHFrame,AutoExpandDetailsElement,CertificateTransparencyComponentUpdater,AvoidUnnecessaryBeforeUnloadCheckSync,Translate,HttpsUpgrades,PaintHolding --allow-pre-commit-input --disable-hang-monitor --disable-ipc-flooding-protection --disable-popup-blocking --disable-prompt-on-repost --disable-renderer-backgrounding --force-color-profile=srgb --metrics-recording-only --no-first-run --enable-automation --password-store=basic --use-mock-keychain --no-service-autorun --export-tagged-pdf --disable-search-engine-choice-screen --enable-use-zoom-for-dsf=false --no-sandbox --user-data-dir=/var/folders/g0/h_vmczvs61jf4r7kzhq0ypg40000gn/T/playwright_chromiumdev_profile-j9Mwga --remote-debugging-pipe --no-startup-window
    <launched> pid=41688
    [pid=41688][err] [41688:259:0612/014144.857887:ERROR:policy_logger.cc(156)] :components/enterprise/browser/controller/chrome_browser_cloud_management_controller.cc(161) Cloud management controller initialization aborted as CBCM is not enabled. Please use the `--enable-chrome-browser-cloud-management` command line flag to enable it if you are not using the official Google Chrome build.
    [pid=41688][err] [0612/014145.360498:WARNING:crash_report_exception_handler.cc(235)] UniversalExceptionRaise: (os/kern) failure (5)
    [pid=41688] <process did exit: exitCode=null, signal=SIGTRAP>
    [pid=41688] starting temporary directories cleanup


    Retry #1 ───────────────────────────────────────────────────────────────────────────────────────

    TargetClosedError: Target page, context or browser has been closed


    Retry #2 ───────────────────────────────────────────────────────────────────────────────────────

    TargetClosedError: Target page, context or browser has been closed

]]>
</failure>
</testcase>
<testcase name="Responsive UI/UX Testing Suite › Performance and Accessibility › should meet accessibility standards" classname="responsive-ui-ux.spec.ts" time="2.248">
<failure message="responsive-ui-ux.spec.ts:363:9 should meet accessibility standards" type="FAILURE">
<![CDATA[  [tablet-portrait] › responsive-ui-ux.spec.ts:363:9 › Responsive UI/UX Testing Suite › Performance and Accessibility › should meet accessibility standards 

    TargetClosedError: Target page, context or browser has been closed


    Retry #1 ───────────────────────────────────────────────────────────────────────────────────────

    TargetClosedError: Target page, context or browser has been closed


    Retry #2 ───────────────────────────────────────────────────────────────────────────────────────

    Error: browserContext.newPage: Target page, context or browser has been closed
    Browser logs:

    <launching> /Users/thabonyembe/Library/Caches/ms-playwright/chromium-1097/chrome-mac/Chromium.app/Contents/MacOS/Chromium --disable-field-trial-config --disable-background-networking --enable-features=NetworkService,NetworkServiceInProcess --disable-background-timer-throttling --disable-backgrounding-occluded-windows --disable-back-forward-cache --disable-breakpad --disable-client-side-phishing-detection --disable-component-extensions-with-background-pages --disable-component-update --no-default-browser-check --disable-default-apps --disable-dev-shm-usage --disable-extensions --disable-features=ImprovedCookieControls,LazyFrameLoading,GlobalMediaControls,DestroyProfileOnBrowserClose,MediaRouter,DialMediaRouteProvider,AcceptCHFrame,AutoExpandDetailsElement,CertificateTransparencyComponentUpdater,AvoidUnnecessaryBeforeUnloadCheckSync,Translate,HttpsUpgrades,PaintHolding --allow-pre-commit-input --disable-hang-monitor --disable-ipc-flooding-protection --disable-popup-blocking --disable-prompt-on-repost --disable-renderer-backgrounding --force-color-profile=srgb --metrics-recording-only --no-first-run --enable-automation --password-store=basic --use-mock-keychain --no-service-autorun --export-tagged-pdf --disable-search-engine-choice-screen --enable-use-zoom-for-dsf=false --no-sandbox --user-data-dir=/var/folders/g0/h_vmczvs61jf4r7kzhq0ypg40000gn/T/playwright_chromiumdev_profile-ohtdx8 --remote-debugging-pipe --no-startup-window
    <launched> pid=41814
    [pid=41814][err] [41814:259:0612/014148.245179:ERROR:policy_logger.cc(156)] :components/enterprise/browser/controller/chrome_browser_cloud_management_controller.cc(161) Cloud management controller initialization aborted as CBCM is not enabled. Please use the `--enable-chrome-browser-cloud-management` command line flag to enable it if you are not using the official Google Chrome build.
    [pid=41814][err] [0612/014148.614553:WARNING:crash_report_exception_handler.cc(235)] UniversalExceptionRaise: (os/kern) failure (5)
    [pid=41814] <process did exit: exitCode=null, signal=SIGTRAP>
    [pid=41814] starting temporary directories cleanup

]]>
</failure>
</testcase>
<testcase name="Responsive UI/UX Testing Suite › Performance and Accessibility › should have reasonable load times" classname="responsive-ui-ux.spec.ts" time="2.419">
<failure message="responsive-ui-ux.spec.ts:398:9 should have reasonable load times" type="FAILURE">
<![CDATA[  [tablet-portrait] › responsive-ui-ux.spec.ts:398:9 › Responsive UI/UX Testing Suite › Performance and Accessibility › should have reasonable load times 

    TargetClosedError: Target page, context or browser has been closed


    Retry #1 ───────────────────────────────────────────────────────────────────────────────────────

    TargetClosedError: Target page, context or browser has been closed


    Retry #2 ───────────────────────────────────────────────────────────────────────────────────────

    TargetClosedError: Target page, context or browser has been closed

]]>
</failure>
</testcase>
<testcase name="Responsive UI/UX Testing Suite › Cross-viewport Consistency › should maintain consistent branding and styling" classname="responsive-ui-ux.spec.ts" time="1.622">
<failure message="responsive-ui-ux.spec.ts:434:9 should maintain consistent branding and styling" type="FAILURE">
<![CDATA[  [tablet-portrait] › responsive-ui-ux.spec.ts:434:9 › Responsive UI/UX Testing Suite › Cross-viewport Consistency › should maintain consistent branding and styling 

    TargetClosedError: Target page, context or browser has been closed


    Retry #1 ───────────────────────────────────────────────────────────────────────────────────────

    TargetClosedError: Target page, context or browser has been closed


    Retry #2 ───────────────────────────────────────────────────────────────────────────────────────

    TargetClosedError: Target page, context or browser has been closed

]]>
</failure>
</testcase>
</testsuite>
</testsuites>